1.8502 	WARNING 	Import Error: No module named 'psychtoolbox'. Using event module for keyboard component.
5.1163 	WARNING 	User requested fullscreen with size [2560 1440], but screen is actually [1920, 1080]. Using actual size
5.7814 	EXP 	Created window1 = Window(allowGUI=False, allowStencil=False, args=UNKNOWN, autoLog=True, bitsMode=UNKNOWN, blendMode='avg', color=array([0., 0., 0.]), colorSpace='rgb', fullscr=<method-wrapper '__getattribute__' of attributeSetter object at 0x1324f780f0>, gamma=None, kwargs=UNKNOWN, lms=UNKNOWN, monitor=<psychopy.monitors.calibTools.Monitor object at 0x1326c38978>, multiSample=False, name='window1', numSamples=2, pos=[0.0, 0.0], screen=0, size=array([1920, 1080]), stereo=False, units='norm', useFBO=True, useRetina=False, viewOri=0.0, viewPos=None, viewScale=None, waitBlanking=True, winType='pyglet')
5.7814 	EXP 	window1: recordFrameIntervals = False
5.9465 	EXP 	window1: recordFrameIntervals = True
6.1303 	EXP 	window1: recordFrameIntervals = False
6.2536 	EXP 	Created text = TextStim(__class__=<class 'psychopy.visual.text.TextStim'>, alignHoriz='center', alignVert='center', antialias=True, autoLog=True, bold=False, color='white', colorSpace='named', contrast=1.0, depth=0.0, flipHoriz=False, flipVert=False, font='Arial', fontFiles=[], height=0.1, italic=False, languageStyle='LTR', name='text', opacity=1.0, ori=0, pos=array([0., 0.]), rgb=array([255., 255., 255.]), text='waiting for experimenter...', units='norm', win=Window(...), wrapWidth=1)
6.2626 	EXP 	Created waiting = TextStim(__class__=<class 'psychopy.visual.text.TextStim'>, alignHoriz='center', alignVert='center', antialias=True, autoLog=True, bold=False, color='white', colorSpace='named', contrast=1.0, depth=0.0, flipHoriz=False, flipVert=False, font='Arial', fontFiles=[], height=0.1, italic=False, languageStyle='LTR', name='waiting', opacity=1.0, ori=0, pos=array([0., 0.]), rgb=array([255., 255., 255.]), text='waiting for scanner...', units='norm', win=Window(...), wrapWidth=1)
6.2830 	EXP 	Created image_3 = ImageStim(__class__=<class 'psychopy.visual.image.ImageStim'>, autoLog=True, color=array([1., 1., 1.]), colorSpace='rgb', contrast=1.0, depth=0.0, flipHoriz=False, flipVert=False, image='north.png', interpolate=True, mask=None, maskParams=None, name='image_3', opacity=1.0, ori=0.0, pos=array([0., 0.]), size=array([0.5, 0.5]), texRes=128, units='norm', win=Window(...))
6.2932 	EXP 	Created l2q = ImageStim(__class__=<class 'psychopy.visual.image.ImageStim'>, autoLog=True, color=array([1., 1., 1.]), colorSpace='rgb', contrast=1.0, depth=-4.0, flipHoriz=False, flipVert=False, image='LAYER2Q.png', interpolate=True, mask=None, maskParams=None, name='l2q', opacity=1.0, ori=0.0, pos=array([0., 0.]), size=array([0.5, 0.5]), texRes=128, units='norm', win=Window(...))
6.3034 	EXP 	Created l3q = ImageStim(__class__=<class 'psychopy.visual.image.ImageStim'>, autoLog=True, color=array([1., 1., 1.]), colorSpace='rgb', contrast=1.0, depth=-6.0, flipHoriz=False, flipVert=False, image='LAYER3Q.png', interpolate=True, mask=None, maskParams=None, name='l3q', opacity=1.0, ori=0.0, pos=array([0., 0.]), size=array([0.5, 0.5]), texRes=128, units='norm', win=Window(...))
6.3092 	EXP 	Created nameQ1 = ImageStim(__class__=<class 'psychopy.visual.image.ImageStim'>, autoLog=True, color=array([1., 1., 1.]), colorSpace='rgb', contrast=1.0, depth=-1.0, flipHoriz=False, flipVert=False, image='sin', interpolate=True, mask=None, maskParams=None, name='nameQ1', opacity=1.0, ori=0.0, pos=array([-0.5, -0.2]), size=array([0.5, 0.5]), texRes=128, units='norm', win=Window(...))
6.3116 	EXP 	Created nameQ2 = ImageStim(__class__=<class 'psychopy.visual.image.ImageStim'>, autoLog=True, color=array([1., 1., 1.]), colorSpace='rgb', contrast=1.0, depth=-2.0, flipHoriz=False, flipVert=False, image='sin', interpolate=True, mask=None, maskParams=None, name='nameQ2', opacity=1.0, ori=0.0, pos=array([ 0.5, -0.2]), size=array([0.5, 0.5]), texRes=128, units='norm', win=Window(...))
6.3140 	EXP 	Created eggPainting1 = ImageStim(__class__=<class 'psychopy.visual.image.ImageStim'>, autoLog=True, color=array([1., 1., 1.]), colorSpace='rgb', contrast=1.0, depth=0.0, flipHoriz=False, flipVert=False, image='sin', interpolate=True, mask=None, maskParams=None, name='eggPainting1', opacity=1.0, ori=0.0, pos=array([-0.5, -0.2]), size=array([0.7, 1. ]), texRes=128, units='norm', win=Window(...))
6.3165 	EXP 	Created eggPainting2 = ImageStim(__class__=<class 'psychopy.visual.image.ImageStim'>, autoLog=True, color=array([1., 1., 1.]), colorSpace='rgb', contrast=1.0, depth=-2.0, flipHoriz=False, flipVert=False, image='sin', interpolate=True, mask=None, maskParams=None, name='eggPainting2', opacity=1.0, ori=0.0, pos=array([ 0.5, -0.2]), size=array([0.7, 1. ]), texRes=128, units='norm', win=Window(...))
6.3192 	EXP 	Created character1 = ImageStim(__class__=<class 'psychopy.visual.image.ImageStim'>, autoLog=True, color=array([1., 1., 1.]), colorSpace='rgb', contrast=1.0, depth=0.0, flipHoriz=False, flipVert=False, image='sin', interpolate=True, mask=None, maskParams=None, name='character1', opacity=1.0, ori=0.0, pos=array([-0.5, -0.2]), size=array([0.5, 1. ]), texRes=128, units='norm', win=Window(...))
6.3218 	EXP 	Created character2 = ImageStim(__class__=<class 'psychopy.visual.image.ImageStim'>, autoLog=True, color=array([1., 1., 1.]), colorSpace='rgb', contrast=1.0, depth=-1.0, flipHoriz=False, flipVert=False, image='sin', interpolate=True, mask=None, maskParams=None, name='character2', opacity=1.0, ori=0.0, pos=array([ 0.5, -0.2]), size=array([0.5, 1. ]), texRes=128, units='norm', win=Window(...))
6.3242 	EXP 	Created themeQ1 = ImageStim(__class__=<class 'psychopy.visual.image.ImageStim'>, autoLog=True, color=array([1., 1., 1.]), colorSpace='rgb', contrast=1.0, depth=-1.0, flipHoriz=False, flipVert=False, image='sin', interpolate=True, mask=None, maskParams=None, name='themeQ1', opacity=1.0, ori=0.0, pos=array([-0.5, -0.2]), size=array([0.5, 0.5]), texRes=128, units='norm', win=Window(...))
6.3266 	EXP 	Created themeQ2 = ImageStim(__class__=<class 'psychopy.visual.image.ImageStim'>, autoLog=True, color=array([1., 1., 1.]), colorSpace='rgb', contrast=1.0, depth=-2.0, flipHoriz=False, flipVert=False, image='sin', interpolate=True, mask=None, maskParams=None, name='themeQ2', opacity=1.0, ori=0.0, pos=array([ 0.5, -0.2]), size=array([0.5, 0.5]), texRes=128, units='norm', win=Window(...))
6.3290 	EXP 	Created gift1 = ImageStim(__class__=<class 'psychopy.visual.image.ImageStim'>, autoLog=True, color=array([1., 1., 1.]), colorSpace='rgb', contrast=1.0, depth=0.0, flipHoriz=False, flipVert=False, image='sin', interpolate=True, mask=None, maskParams=None, name='gift1', opacity=1.0, ori=0.0, pos=array([-0.5, -0.2]), size=array([0.5, 0.5]), texRes=128, units='norm', win=Window(...))
6.3314 	EXP 	Created gift2 = ImageStim(__class__=<class 'psychopy.visual.image.ImageStim'>, autoLog=True, color=array([1., 1., 1.]), colorSpace='rgb', contrast=1.0, depth=-1.0, flipHoriz=False, flipVert=False, image='sin', interpolate=True, mask=None, maskParams=None, name='gift2', opacity=1.0, ori=0.0, pos=array([ 0.5, -0.2]), size=array([0.5, 0.5]), texRes=128, units='norm', win=Window(...))
6.3352 	EXP 	Created northorsouth1 = ImageStim(__class__=<class 'psychopy.visual.image.ImageStim'>, autoLog=True, color=array([1., 1., 1.]), colorSpace='rgb', contrast=1.0, depth=0.0, flipHoriz=False, flipVert=False, image='northorsouth1.png', interpolate=True, mask=None, maskParams=None, name='northorsouth1', opacity=1.0, ori=0.0, pos=array([-0.5, -0.2]), size=array([0.5, 0.5]), texRes=128, units='norm', win=Window(...))
6.3389 	EXP 	Created northorsouth2 = ImageStim(__class__=<class 'psychopy.visual.image.ImageStim'>, autoLog=True, color=array([1., 1., 1.]), colorSpace='rgb', contrast=1.0, depth=-2.0, flipHoriz=False, flipVert=False, image='northorsouth2.png', interpolate=True, mask=None, maskParams=None, name='northorsouth2', opacity=1.0, ori=0.0, pos=array([ 0.5, -0.2]), size=array([0.5, 0.5]), texRes=128, units='norm', win=Window(...))
6.3634 	EXP 	text: autoDraw = True
6.7346 	DATA 	Keypress: g
6.7462 	EXP 	text: autoDraw = False
6.7462 	EXP 	waiting: autoDraw = True
23.7365 	DATA 	Keypress: equal
23.7477 	EXP 	Imported chooseBlock2.csv as conditions, 6 conditions, 1 params
23.7481 	EXP 	Created sequence: random, trialTypes=6, nReps=1, seed=None
23.7485 	EXP 	New trial (rep=0, index=0): OrderedDict([('condsFile', 'videoBlock_schemaN_pathA_5.csv')])
23.7578 	EXP 	Imported videoBlock_schemaN_pathA_5.csv as conditions, 1 conditions, 17 params
23.7581 	EXP 	Created sequence: random, trialTypes=1, nReps=1, seed=None
23.7588 	EXP 	New trial (rep=0, index=0): OrderedDict([('northOrSouth', 'north.png'), ('stimFile1a', 'stims/wedding-15.1a.mp4'), ('stimFile1b', 'stims/wedding-15.1b.mp4'), ('stimFile2', 'stims/wedding-15.2a.mp4'), ('stimFile3', 'stims/wedding-15.3a.mp4'), ('stimFile4', 'stims/wedding-15.4a.mp4'), ('stimFile5', 'stims/wedding-15.5.mp4'), ('QeggPainting1', 'stimsday1details/egg15.png'), ('Qcharacter1', 'stimsday1details/couple15.png'), ('Qgift1', 'stimsday1details/gift15.png'), ('QeggPainting2', 'stimsday1details/newegg5.png'), ('Qcharacter2', 'stimsday1details/newperson5.png'), ('Qgift2', 'stimsday1details/new5.png'), ('Qname1', 'stimsday1details/n15.png'), ('Qtheme1', 'stimsday1details/t15.png'), ('Qname2', 'stimsday1details/cn15.png'), ('Qtheme2', 'stimsday1details/ct15.png')])
23.7705 	EXP 	waiting: autoDraw = False
23.7705 	EXP 	image_3: autoDraw = True
25.2361 	DATA 	Keypress: equal
25.7562 	EXP 	Created sequence: random, trialTypes=1, nReps=1, seed=None
25.7565 	EXP 	New trial (rep=0, index=0): None
26.2898 	EXP 	Created vid1a = MovieStim3(__class__=<class 'psychopy.visual.movie3.MovieStim3'>, autoLog=True, color=UNKNOWN, colorSpace=UNKNOWN, depth=-1.0, filename='stims/wedding-15.1a.mp4', flipHoriz=False, flipVert=False, fps=UNKNOWN, interpolate=True, loop=False, name='vid1a', noAudio=False, opacity=1.0, ori=0, pos=array([0., 0.]), size=array([1280.,  720.]), units='pix', vframe_callback=UNKNOWN, volume=UNKNOWN, win=Window(...))
26.6734 	EXP 	Created vid1b = MovieStim3(__class__=<class 'psychopy.visual.movie3.MovieStim3'>, autoLog=True, color=UNKNOWN, colorSpace=UNKNOWN, depth=-2.0, filename='stims/wedding-15.1b.mp4', flipHoriz=False, flipVert=False, fps=UNKNOWN, interpolate=True, loop=False, name='vid1b', noAudio=False, opacity=1.0, ori=0, pos=array([0., 0.]), size=array([1280.,  720.]), units='pix', vframe_callback=UNKNOWN, volume=UNKNOWN, win=Window(...))
27.1524 	EXP 	Created vid2 = MovieStim3(__class__=<class 'psychopy.visual.movie3.MovieStim3'>, autoLog=True, color=UNKNOWN, colorSpace=UNKNOWN, depth=-3.0, filename='stims/wedding-15.2a.mp4', flipHoriz=False, flipVert=False, fps=UNKNOWN, interpolate=True, loop=False, name='vid2', noAudio=False, opacity=1.0, ori=0, pos=array([0., 0.]), size=array([1280.,  720.]), units='pix', vframe_callback=UNKNOWN, volume=UNKNOWN, win=Window(...))
27.6154 	EXP 	Created vid3 = MovieStim3(__class__=<class 'psychopy.visual.movie3.MovieStim3'>, autoLog=True, color=UNKNOWN, colorSpace=UNKNOWN, depth=-4.0, filename='stims/wedding-15.3a.mp4', flipHoriz=False, flipVert=False, fps=UNKNOWN, interpolate=True, loop=False, name='vid3', noAudio=False, opacity=1.0, ori=0, pos=array([0., 0.]), size=array([1280.,  720.]), units='pix', vframe_callback=UNKNOWN, volume=UNKNOWN, win=Window(...))
28.1677 	EXP 	Created vid4 = MovieStim3(__class__=<class 'psychopy.visual.movie3.MovieStim3'>, autoLog=True, color=UNKNOWN, colorSpace=UNKNOWN, depth=-5.0, filename='stims/wedding-15.4a.mp4', flipHoriz=False, flipVert=False, fps=UNKNOWN, interpolate=True, loop=False, name='vid4', noAudio=False, opacity=1.0, ori=0, pos=array([0., 0.]), size=array([1280.,  720.]), units='pix', vframe_callback=UNKNOWN, volume=UNKNOWN, win=Window(...))
28.5810 	EXP 	Created vid5 = MovieStim3(__class__=<class 'psychopy.visual.movie3.MovieStim3'>, autoLog=True, color=UNKNOWN, colorSpace=UNKNOWN, depth=-6.0, filename='stims/wedding-15.5.mp4', flipHoriz=False, flipVert=False, fps=UNKNOWN, interpolate=True, loop=False, name='vid5', noAudio=False, opacity=1.0, ori=0, pos=array([0., 0.]), size=array([1280.,  720.]), units='pix', vframe_callback=UNKNOWN, volume=UNKNOWN, win=Window(...))
28.6236 	EXP 	Created sequence: random, trialTypes=1, nReps=1, seed=None
28.6239 	EXP 	New trial (rep=0, index=0): None
29.0431 	EXP 	Created vid1a_q = MovieStim3(__class__=<class 'psychopy.visual.movie3.MovieStim3'>, autoLog=True, color=UNKNOWN, colorSpace=UNKNOWN, depth=-1.0, filename='stims/wedding-15.1a.mp4', flipHoriz=False, flipVert=False, fps=UNKNOWN, interpolate=True, loop=False, name='vid1a_q', noAudio=False, opacity=1.0, ori=0, pos=array([0., 0.]), size=array([1280.,  720.]), units='pix', vframe_callback=UNKNOWN, volume=UNKNOWN, win=Window(...))
29.4172 	EXP 	Created vid1b_q = MovieStim3(__class__=<class 'psychopy.visual.movie3.MovieStim3'>, autoLog=True, color=UNKNOWN, colorSpace=UNKNOWN, depth=-2.0, filename='stims/wedding-15.1b.mp4', flipHoriz=False, flipVert=False, fps=UNKNOWN, interpolate=True, loop=False, name='vid1b_q', noAudio=False, opacity=1.0, ori=0, pos=array([0., 0.]), size=array([1280.,  720.]), units='pix', vframe_callback=UNKNOWN, volume=UNKNOWN, win=Window(...))
29.8809 	EXP 	Created vid2_q = MovieStim3(__class__=<class 'psychopy.visual.movie3.MovieStim3'>, autoLog=True, color=UNKNOWN, colorSpace=UNKNOWN, depth=-3.0, filename='stims/wedding-15.2a.mp4', flipHoriz=False, flipVert=False, fps=UNKNOWN, interpolate=True, loop=False, name='vid2_q', noAudio=False, opacity=1.0, ori=0, pos=array([0., 0.]), size=array([1280.,  720.]), units='pix', vframe_callback=UNKNOWN, volume=UNKNOWN, win=Window(...))
30.3407 	EXP 	Created vid3_q = MovieStim3(__class__=<class 'psychopy.visual.movie3.MovieStim3'>, autoLog=True, color=UNKNOWN, colorSpace=UNKNOWN, depth=-5.0, filename='stims/wedding-15.3a.mp4', flipHoriz=False, flipVert=False, fps=UNKNOWN, interpolate=True, loop=False, name='vid3_q', noAudio=False, opacity=1.0, ori=0, pos=array([0., 0.]), size=array([1280.,  720.]), units='pix', vframe_callback=UNKNOWN, volume=UNKNOWN, win=Window(...))
30.8733 	EXP 	Created vid4_q = MovieStim3(__class__=<class 'psychopy.visual.movie3.MovieStim3'>, autoLog=True, color=UNKNOWN, colorSpace=UNKNOWN, depth=-7.0, filename='stims/wedding-15.4a.mp4', flipHoriz=False, flipVert=False, fps=UNKNOWN, interpolate=True, loop=False, name='vid4_q', noAudio=False, opacity=1.0, ori=0, pos=array([0., 0.]), size=array([1280.,  720.]), units='pix', vframe_callback=UNKNOWN, volume=UNKNOWN, win=Window(...))
31.2748 	EXP 	Created vid5_q = MovieStim3(__class__=<class 'psychopy.visual.movie3.MovieStim3'>, autoLog=True, color=UNKNOWN, colorSpace=UNKNOWN, depth=-8.0, filename='stims/wedding-15.5.mp4', flipHoriz=False, flipVert=False, fps=UNKNOWN, interpolate=True, loop=False, name='vid5_q', noAudio=False, opacity=1.0, ori=0, pos=array([0., 0.]), size=array([1280.,  720.]), units='pix', vframe_callback=UNKNOWN, volume=UNKNOWN, win=Window(...))
31.2753 	EXP 	window1: recordFrameIntervals = False
31.2790 	DATA 	Keypress: equal
31.2812 	DATA 	Keypress: equal
31.2833 	DATA 	Keypress: equal
31.2859 	DATA 	Keypress: equal
31.2970 	EXP 	image_3: autoDraw = False
31.2970 	EXP 	vid1a: movie = 'stims/wedding-15.1a.mp4'
31.2970 	EXP 	vid1a: autoLog = True
31.2970 	EXP 	vid1b: movie = 'stims/wedding-15.1b.mp4'
31.2970 	EXP 	vid1b: autoLog = True
31.2970 	EXP 	vid2: movie = 'stims/wedding-15.2a.mp4'
31.2970 	EXP 	vid2: autoLog = True
31.2970 	EXP 	vid3: movie = 'stims/wedding-15.3a.mp4'
31.2970 	EXP 	vid3: autoLog = True
31.2970 	EXP 	vid4: movie = 'stims/wedding-15.4a.mp4'
31.2970 	EXP 	vid4: autoLog = True
31.2970 	EXP 	vid5: movie = 'stims/wedding-15.5.mp4'
31.2970 	EXP 	vid5: autoLog = True
31.2970 	EXP 	vid1a: autoDraw = False
31.2970 	EXP 	vid1b: autoDraw = False
31.2970 	EXP 	vid2: autoDraw = False
31.2970 	EXP 	vid3: autoDraw = False
31.2970 	EXP 	vid4: autoDraw = False
31.2970 	EXP 	vid5: autoDraw = False
31.2970 	EXP 	vid1a_q: movie = 'stims/wedding-15.1a.mp4'
31.2970 	EXP 	vid1a_q: autoLog = True
31.2970 	EXP 	vid1b_q: movie = 'stims/wedding-15.1b.mp4'
31.2970 	EXP 	vid1b_q: autoLog = True
31.2970 	EXP 	vid2_q: movie = 'stims/wedding-15.2a.mp4'
31.2970 	EXP 	vid2_q: autoLog = True
31.2970 	EXP 	vid3_q: movie = 'stims/wedding-15.3a.mp4'
31.2970 	EXP 	vid3_q: autoLog = True
31.2970 	EXP 	vid4_q: movie = 'stims/wedding-15.4a.mp4'
31.2970 	EXP 	vid4_q: autoLog = True
31.2970 	EXP 	vid5_q: movie = 'stims/wedding-15.5.mp4'
31.2970 	EXP 	vid5_q: autoLog = True
33.9598 	EXP 	window1: recordFrameIntervals = False
36.0636 	DATA 	Keypress: equal
36.0663 	DATA 	Keypress: equal
36.0683 	DATA 	Keypress: equal
36.2794 	EXP 	vid1a_q: movie = 'stims/wedding-15.1a.mp4'
36.2794 	EXP 	vid1b_q: movie = 'stims/wedding-15.1b.mp4'
36.2794 	EXP 	vid2_q: movie = 'stims/wedding-15.2a.mp4'
36.2794 	EXP 	vid3_q: movie = 'stims/wedding-15.3a.mp4'
36.2794 	EXP 	vid4_q: movie = 'stims/wedding-15.4a.mp4'
36.2794 	EXP 	vid5_q: movie = 'stims/wedding-15.5.mp4'
36.2968 	EXP 	vid1a_q: autoDraw = True
37.2317 	DATA 	Keypress: equal
38.7319 	DATA 	Keypress: equal
40.2361 	DATA 	Keypress: equal
41.7319 	DATA 	Keypress: equal
43.2320 	DATA 	Keypress: equal
44.7367 	DATA 	Keypress: equal
46.2314 	DATA 	Keypress: equal
47.7322 	DATA 	Keypress: equal
49.2313 	DATA 	Keypress: equal
50.7316 	DATA 	Keypress: equal
52.2321 	DATA 	Keypress: equal
52.6331 	EXP 	vid1a_q: autoDraw = False
52.6461 	EXP 	vid1b_q: autoDraw = True
53.7313 	DATA 	Keypress: equal
55.2323 	DATA 	Keypress: equal
56.7317 	DATA 	Keypress: equal
58.2309 	DATA 	Keypress: equal
59.7311 	DATA 	Keypress: equal
61.2309 	DATA 	Keypress: equal
61.6341 	EXP 	vid1b_q: autoDraw = False
61.6469 	EXP 	vid2_q: autoDraw = True
62.7592 	DATA 	Keypress: equal
64.2316 	DATA 	Keypress: equal
65.7366 	DATA 	Keypress: equal
67.2329 	DATA 	Keypress: equal
68.7361 	DATA 	Keypress: equal
70.2266 	DATA 	Keypress: equal
71.7403 	DATA 	Keypress: equal
73.2356 	DATA 	Keypress: equal
74.7312 	DATA 	Keypress: equal
76.2311 	DATA 	Keypress: equal
77.7359 	DATA 	Keypress: equal
78.5628 	EXP 	Set vid2_q finished
78.6459 	EXP 	l2q: autoDraw = True
79.2344 	DATA 	Keypress: equal
79.7140 	DATA 	Keypress: 1
80.7342 	DATA 	Keypress: equal
82.2306 	DATA 	Keypress: equal
82.6299 	EXP 	l2q: autoDraw = False
82.6453 	EXP 	vid3_q: autoDraw = True
83.7311 	DATA 	Keypress: equal
85.2313 	DATA 	Keypress: equal
86.7315 	DATA 	Keypress: equal
88.2262 	DATA 	Keypress: equal
89.7319 	DATA 	Keypress: equal
91.2300 	DATA 	Keypress: equal
92.7312 	DATA 	Keypress: equal
94.2317 	DATA 	Keypress: equal
95.7312 	DATA 	Keypress: equal
97.2314 	DATA 	Keypress: equal
98.7313 	DATA 	Keypress: equal
100.2319 	DATA 	Keypress: equal
101.7315 	DATA 	Keypress: equal
103.2313 	DATA 	Keypress: equal
104.7311 	DATA 	Keypress: equal
105.6285 	EXP 	vid3_q: autoDraw = False
105.6495 	EXP 	l3q: autoDraw = True
106.2311 	DATA 	Keypress: equal
107.3638 	DATA 	Keypress: 1
107.7306 	DATA 	Keypress: equal
109.2357 	DATA 	Keypress: equal
109.6327 	EXP 	l3q: autoDraw = False
109.6501 	EXP 	vid4_q: autoDraw = True
110.7260 	DATA 	Keypress: equal
112.2273 	DATA 	Keypress: equal
113.7271 	DATA 	Keypress: equal
115.2302 	DATA 	Keypress: equal
116.7301 	DATA 	Keypress: equal
118.2313 	DATA 	Keypress: equal
119.7305 	DATA 	Keypress: equal
121.2314 	DATA 	Keypress: equal
122.7356 	DATA 	Keypress: equal
124.2311 	DATA 	Keypress: equal
125.7355 	DATA 	Keypress: equal
127.2353 	DATA 	Keypress: equal
128.7303 	DATA 	Keypress: equal
130.2579 	DATA 	Keypress: equal
131.7263 	DATA 	Keypress: equal
133.2270 	DATA 	Keypress: equal
133.6332 	EXP 	vid4_q: autoDraw = False
133.6458 	EXP 	vid5_q: autoDraw = True
134.7271 	DATA 	Keypress: equal
136.2313 	DATA 	Keypress: equal
137.7345 	DATA 	Keypress: equal
139.2298 	DATA 	Keypress: equal
140.7302 	DATA 	Keypress: equal
142.2301 	DATA 	Keypress: equal
143.7306 	DATA 	Keypress: equal
145.2312 	DATA 	Keypress: equal
146.7422 	EXP 	window1: recordFrameIntervals = False
146.7442 	DATA 	Keypress: equal
146.7617 	EXP 	vid5_q: autoDraw = False
146.7617 	EXP 	vid1a_q: autoDraw = False
146.7617 	EXP 	vid1b_q: autoDraw = False
146.7617 	EXP 	vid2_q: autoDraw = False
146.7617 	EXP 	l2q: autoDraw = False
146.7617 	EXP 	vid3_q: autoDraw = False
146.7617 	EXP 	l3q: autoDraw = False
146.7617 	EXP 	vid4_q: autoDraw = False
146.7617 	EXP 	vid5_q: autoDraw = False
146.9824 	EXP 	window1: recordFrameIntervals = False
148.5276 	DATA 	Keypress: equal
148.7458 	EXP 	eggPainting1: image = 'stimsday1details/egg15.png'
148.7458 	EXP 	eggPainting2: image = 'stimsday1details/newegg5.png'
148.7458 	EXP 	character1: image = 'stimsday1details/couple15.png'
148.7458 	EXP 	character2: image = 'stimsday1details/newperson5.png'
148.7458 	EXP 	gift1: image = 'stimsday1details/gift15.png'
148.7458 	EXP 	gift2: image = 'stimsday1details/new5.png'
148.7458 	EXP 	themeQ1: image = 'stimsday1details/t15.png'
148.7458 	EXP 	themeQ2: image = 'stimsday1details/ct15.png'
148.7458 	EXP 	nameQ1: image = 'stimsday1details/n15.png'
148.7458 	EXP 	nameQ2: image = 'stimsday1details/cn15.png'
148.7458 	EXP 	nameQ1: autoDraw = True
148.7458 	EXP 	nameQ2: autoDraw = True
149.7298 	DATA 	Keypress: equal
149.7802 	DATA 	Keypress: 1
150.7451 	EXP 	nameQ1: autoDraw = False
150.7451 	EXP 	nameQ2: autoDraw = False
150.7451 	EXP 	nameQ1: autoDraw = False
150.7451 	EXP 	nameQ2: autoDraw = False
150.7451 	EXP 	eggPainting1: autoDraw = True
150.7451 	EXP 	eggPainting2: autoDraw = True
151.2298 	DATA 	Keypress: equal
151.5674 	DATA 	Keypress: 1
152.7350 	DATA 	Keypress: equal
152.7450 	EXP 	eggPainting1: autoDraw = False
152.7450 	EXP 	eggPainting2: autoDraw = False
152.7450 	EXP 	eggPainting1: autoDraw = False
152.7450 	EXP 	eggPainting2: autoDraw = False
152.7450 	EXP 	character1: autoDraw = True
152.7450 	EXP 	character2: autoDraw = True
153.5301 	DATA 	Keypress: 1
154.2342 	DATA 	Keypress: equal
154.7534 	EXP 	character1: autoDraw = False
154.7534 	EXP 	character2: autoDraw = False
154.7534 	EXP 	character1: autoDraw = False
154.7534 	EXP 	character2: autoDraw = False
154.7534 	EXP 	themeQ1: autoDraw = True
154.7534 	EXP 	themeQ2: autoDraw = True
155.7342 	DATA 	Keypress: equal
155.9835 	DATA 	Keypress: 1
156.7535 	EXP 	themeQ1: autoDraw = False
156.7535 	EXP 	themeQ2: autoDraw = False
156.7535 	EXP 	themeQ1: autoDraw = False
156.7535 	EXP 	themeQ2: autoDraw = False
156.7535 	EXP 	gift1: autoDraw = True
156.7535 	EXP 	gift2: autoDraw = True
157.2342 	DATA 	Keypress: equal
157.6050 	DATA 	Keypress: 1
158.7348 	DATA 	Keypress: equal
158.7495 	EXP 	gift1: autoDraw = False
158.7495 	EXP 	gift2: autoDraw = False
158.7495 	EXP 	gift1: autoDraw = False
158.7495 	EXP 	gift2: autoDraw = False
158.7495 	EXP 	northorsouth1: autoDraw = True
158.7495 	EXP 	northorsouth2: autoDraw = True
159.7458 	DATA 	Keypress: 1
160.2302 	DATA 	Keypress: equal
160.9070 	EXP 	New trial (rep=0, index=1): OrderedDict([('condsFile', 'videoBlock_schemaN_pathA_6.csv')])
160.9198 	EXP 	Imported videoBlock_schemaN_pathA_6.csv as conditions, 1 conditions, 17 params
160.9202 	EXP 	Created sequence: random, trialTypes=1, nReps=1, seed=None
160.9209 	EXP 	New trial (rep=0, index=0): OrderedDict([('northOrSouth', 'north.png'), ('stimFile1a', 'stims/wedding-40.1a.mp4'), ('stimFile1b', 'stims/wedding-40.1b.mp4'), ('stimFile2', 'stims/wedding-40.2a.mp4'), ('stimFile3', 'stims/wedding-40.3a.mp4'), ('stimFile4', 'stims/wedding-40.4a.mp4'), ('stimFile5', 'stims/wedding-40.5.mp4'), ('QeggPainting1', 'stimsday1details/newegg6.png'), ('Qcharacter1', 'stimsday1details/newperson6.png'), ('Qgift1', 'stimsday1details/new6.png'), ('QeggPainting2', 'stimsday1details/egg40.png'), ('Qcharacter2', 'stimsday1details/couple40.png'), ('Qgift2', 'stimsday1details/gift40.png'), ('Qname1', 'stimsday1details/n40.png'), ('Qtheme1', 'stimsday1details/t40.png'), ('Qname2', 'stimsday1details/cn40.png'), ('Qtheme2', 'stimsday1details/ct40.png')])
160.9285 	EXP 	northorsouth1: autoDraw = False
160.9285 	EXP 	northorsouth2: autoDraw = False
160.9285 	EXP 	northorsouth1: autoDraw = False
160.9285 	EXP 	northorsouth2: autoDraw = False
160.9285 	EXP 	image_3: autoDraw = True
161.7303 	DATA 	Keypress: equal
162.9176 	EXP 	Created sequence: random, trialTypes=1, nReps=1, seed=None
162.9179 	EXP 	New trial (rep=0, index=0): None
163.3402 	EXP 	Created vid1a = MovieStim3(__class__=<class 'psychopy.visual.movie3.MovieStim3'>, autoLog=True, color=UNKNOWN, colorSpace=UNKNOWN, depth=-1.0, filename='stims/wedding-40.1a.mp4', flipHoriz=False, flipVert=False, fps=UNKNOWN, interpolate=True, loop=False, name='vid1a', noAudio=False, opacity=1.0, ori=0, pos=array([0., 0.]), size=array([1280.,  720.]), units='pix', vframe_callback=UNKNOWN, volume=UNKNOWN, win=Window(...))
163.6753 	EXP 	Created vid1b = MovieStim3(__class__=<class 'psychopy.visual.movie3.MovieStim3'>, autoLog=True, color=UNKNOWN, colorSpace=UNKNOWN, depth=-2.0, filename='stims/wedding-40.1b.mp4', flipHoriz=False, flipVert=False, fps=UNKNOWN, interpolate=True, loop=False, name='vid1b', noAudio=False, opacity=1.0, ori=0, pos=array([0., 0.]), size=array([1280.,  720.]), units='pix', vframe_callback=UNKNOWN, volume=UNKNOWN, win=Window(...))
164.1363 	EXP 	Created vid2 = MovieStim3(__class__=<class 'psychopy.visual.movie3.MovieStim3'>, autoLog=True, color=UNKNOWN, colorSpace=UNKNOWN, depth=-3.0, filename='stims/wedding-40.2a.mp4', flipHoriz=False, flipVert=False, fps=UNKNOWN, interpolate=True, loop=False, name='vid2', noAudio=False, opacity=1.0, ori=0, pos=array([0., 0.]), size=array([1280.,  720.]), units='pix', vframe_callback=UNKNOWN, volume=UNKNOWN, win=Window(...))
164.5998 	EXP 	Created vid3 = MovieStim3(__class__=<class 'psychopy.visual.movie3.MovieStim3'>, autoLog=True, color=UNKNOWN, colorSpace=UNKNOWN, depth=-4.0, filename='stims/wedding-40.3a.mp4', flipHoriz=False, flipVert=False, fps=UNKNOWN, interpolate=True, loop=False, name='vid3', noAudio=False, opacity=1.0, ori=0, pos=array([0., 0.]), size=array([1280.,  720.]), units='pix', vframe_callback=UNKNOWN, volume=UNKNOWN, win=Window(...))
165.0809 	EXP 	Created vid4 = MovieStim3(__class__=<class 'psychopy.visual.movie3.MovieStim3'>, autoLog=True, color=UNKNOWN, colorSpace=UNKNOWN, depth=-5.0, filename='stims/wedding-40.4a.mp4', flipHoriz=False, flipVert=False, fps=UNKNOWN, interpolate=True, loop=False, name='vid4', noAudio=False, opacity=1.0, ori=0, pos=array([0., 0.]), size=array([1280.,  720.]), units='pix', vframe_callback=UNKNOWN, volume=UNKNOWN, win=Window(...))
165.4864 	EXP 	Created vid5 = MovieStim3(__class__=<class 'psychopy.visual.movie3.MovieStim3'>, autoLog=True, color=UNKNOWN, colorSpace=UNKNOWN, depth=-6.0, filename='stims/wedding-40.5.mp4', flipHoriz=False, flipVert=False, fps=UNKNOWN, interpolate=True, loop=False, name='vid5', noAudio=False, opacity=1.0, ori=0, pos=array([0., 0.]), size=array([1280.,  720.]), units='pix', vframe_callback=UNKNOWN, volume=UNKNOWN, win=Window(...))
165.6061 	EXP 	window1: recordFrameIntervals = False
165.6100 	DATA 	Keypress: equal
165.6126 	DATA 	Keypress: equal
165.6281 	EXP 	image_3: autoDraw = False
165.6281 	EXP 	image_3: autoDraw = False
165.6281 	EXP 	vid1a: movie = 'stims/wedding-40.1a.mp4'
165.6281 	EXP 	vid1a: autoLog = True
165.6281 	EXP 	vid1b: movie = 'stims/wedding-40.1b.mp4'
165.6281 	EXP 	vid1b: autoLog = True
165.6281 	EXP 	vid2: movie = 'stims/wedding-40.2a.mp4'
165.6281 	EXP 	vid2: autoLog = True
165.6281 	EXP 	vid3: movie = 'stims/wedding-40.3a.mp4'
165.6281 	EXP 	vid3: autoLog = True
165.6281 	EXP 	vid4: movie = 'stims/wedding-40.4a.mp4'
165.6281 	EXP 	vid4: autoLog = True
165.6281 	EXP 	vid5: movie = 'stims/wedding-40.5.mp4'
165.6281 	EXP 	vid5: autoLog = True
168.1694 	EXP 	window1: recordFrameIntervals = False
170.3931 	DATA 	Keypress: equal
170.3956 	DATA 	Keypress: equal
170.3981 	DATA 	Keypress: equal
170.5952 	EXP 	vid1a: movie = 'stims/wedding-40.1a.mp4'
170.5952 	EXP 	vid1b: movie = 'stims/wedding-40.1b.mp4'
170.5952 	EXP 	vid2: movie = 'stims/wedding-40.2a.mp4'
170.5952 	EXP 	vid3: movie = 'stims/wedding-40.3a.mp4'
170.5952 	EXP 	vid4: movie = 'stims/wedding-40.4a.mp4'
170.5952 	EXP 	vid5: movie = 'stims/wedding-40.5.mp4'
170.6115 	EXP 	vid1a: autoDraw = True
170.7224 	DATA 	Keypress: equal
172.2296 	DATA 	Keypress: equal
173.7255 	DATA 	Keypress: equal
175.2305 	DATA 	Keypress: equal
176.7308 	DATA 	Keypress: equal
178.2310 	DATA 	Keypress: equal
179.7293 	DATA 	Keypress: equal
181.2307 	DATA 	Keypress: equal
182.7345 	DATA 	Keypress: equal
184.2295 	DATA 	Keypress: equal
185.7301 	DATA 	Keypress: equal
186.9278 	EXP 	vid1a: autoDraw = False
186.9446 	EXP 	vid1b: autoDraw = True
187.2243 	DATA 	Keypress: equal
188.7299 	DATA 	Keypress: equal
190.2294 	DATA 	Keypress: equal
191.7310 	DATA 	Keypress: equal
193.2214 	DATA 	Keypress: equal
194.7116 	EXP 	Set vid1b finished
194.7343 	DATA 	Keypress: equal
194.9440 	EXP 	vid2: autoDraw = True
196.2298 	DATA 	Keypress: equal
197.7297 	DATA 	Keypress: equal
199.2310 	DATA 	Keypress: equal
200.7294 	DATA 	Keypress: equal
202.2312 	DATA 	Keypress: equal
203.7298 	DATA 	Keypress: equal
205.2338 	DATA 	Keypress: equal
206.7386 	DATA 	Keypress: equal
208.2337 	DATA 	Keypress: equal
209.7291 	DATA 	Keypress: equal
211.2296 	DATA 	Keypress: equal
211.6277 	EXP 	Set vid2 finished
211.9450 	EXP 	vid3: autoDraw = True
212.7298 	DATA 	Keypress: equal
214.2247 	DATA 	Keypress: equal
215.7303 	DATA 	Keypress: equal
217.2298 	DATA 	Keypress: equal
218.7258 	DATA 	Keypress: equal
220.2248 	DATA 	Keypress: equal
221.7207 	DATA 	Keypress: equal
223.2304 	DATA 	Keypress: equal
224.7297 	DATA 	Keypress: equal
226.2293 	DATA 	Keypress: equal
227.7339 	DATA 	Keypress: equal
229.2574 	DATA 	Keypress: equal
230.7295 	DATA 	Keypress: equal
232.2333 	DATA 	Keypress: equal
233.7296 	DATA 	Keypress: equal
234.9267 	EXP 	vid3: autoDraw = False
234.9436 	EXP 	vid4: autoDraw = True
235.2204 	DATA 	Keypress: equal
236.7260 	DATA 	Keypress: equal
238.2257 	DATA 	Keypress: equal
239.7294 	DATA 	Keypress: equal
241.2205 	DATA 	Keypress: equal
242.7244 	DATA 	Keypress: equal
244.2295 	DATA 	Keypress: equal
245.7291 	DATA 	Keypress: equal
247.2288 	DATA 	Keypress: equal
248.7292 	DATA 	Keypress: equal
250.2283 	DATA 	Keypress: equal
251.7342 	DATA 	Keypress: equal
253.2284 	DATA 	Keypress: equal
254.7337 	DATA 	Keypress: equal
256.2285 	DATA 	Keypress: equal
257.7288 	DATA 	Keypress: equal
258.7941 	EXP 	Set vid4 finished
258.9442 	EXP 	vid5: autoDraw = True
259.2209 	DATA 	Keypress: equal
260.7288 	DATA 	Keypress: equal
262.2229 	DATA 	Keypress: equal
263.7215 	DATA 	Keypress: equal
265.2249 	DATA 	Keypress: equal
266.7189 	DATA 	Keypress: equal
268.2206 	DATA 	Keypress: equal
269.7341 	DATA 	Keypress: equal
271.2281 	DATA 	Keypress: equal
272.0331 	EXP 	Created sequence: random, trialTypes=1, nReps=1, seed=None
272.0334 	EXP 	New trial (rep=0, index=0): None
272.4488 	EXP 	Created vid1a_q = MovieStim3(__class__=<class 'psychopy.visual.movie3.MovieStim3'>, autoLog=True, color=UNKNOWN, colorSpace=UNKNOWN, depth=-1.0, filename='stims/wedding-40.1a.mp4', flipHoriz=False, flipVert=False, fps=UNKNOWN, interpolate=True, loop=False, name='vid1a_q', noAudio=False, opacity=1.0, ori=0, pos=array([0., 0.]), size=array([1280.,  720.]), units='pix', vframe_callback=UNKNOWN, volume=UNKNOWN, win=Window(...))
272.7748 	EXP 	Created vid1b_q = MovieStim3(__class__=<class 'psychopy.visual.movie3.MovieStim3'>, autoLog=True, color=UNKNOWN, colorSpace=UNKNOWN, depth=-2.0, filename='stims/wedding-40.1b.mp4', flipHoriz=False, flipVert=False, fps=UNKNOWN, interpolate=True, loop=False, name='vid1b_q', noAudio=False, opacity=1.0, ori=0, pos=array([0., 0.]), size=array([1280.,  720.]), units='pix', vframe_callback=UNKNOWN, volume=UNKNOWN, win=Window(...))
273.2190 	EXP 	Created vid2_q = MovieStim3(__class__=<class 'psychopy.visual.movie3.MovieStim3'>, autoLog=True, color=UNKNOWN, colorSpace=UNKNOWN, depth=-3.0, filename='stims/wedding-40.2a.mp4', flipHoriz=False, flipVert=False, fps=UNKNOWN, interpolate=True, loop=False, name='vid2_q', noAudio=False, opacity=1.0, ori=0, pos=array([0., 0.]), size=array([1280.,  720.]), units='pix', vframe_callback=UNKNOWN, volume=UNKNOWN, win=Window(...))
273.6790 	EXP 	Created vid3_q = MovieStim3(__class__=<class 'psychopy.visual.movie3.MovieStim3'>, autoLog=True, color=UNKNOWN, colorSpace=UNKNOWN, depth=-5.0, filename='stims/wedding-40.3a.mp4', flipHoriz=False, flipVert=False, fps=UNKNOWN, interpolate=True, loop=False, name='vid3_q', noAudio=False, opacity=1.0, ori=0, pos=array([0., 0.]), size=array([1280.,  720.]), units='pix', vframe_callback=UNKNOWN, volume=UNKNOWN, win=Window(...))
274.1483 	EXP 	Created vid4_q = MovieStim3(__class__=<class 'psychopy.visual.movie3.MovieStim3'>, autoLog=True, color=UNKNOWN, colorSpace=UNKNOWN, depth=-7.0, filename='stims/wedding-40.4a.mp4', flipHoriz=False, flipVert=False, fps=UNKNOWN, interpolate=True, loop=False, name='vid4_q', noAudio=False, opacity=1.0, ori=0, pos=array([0., 0.]), size=array([1280.,  720.]), units='pix', vframe_callback=UNKNOWN, volume=UNKNOWN, win=Window(...))
274.5433 	EXP 	Created vid5_q = MovieStim3(__class__=<class 'psychopy.visual.movie3.MovieStim3'>, autoLog=True, color=UNKNOWN, colorSpace=UNKNOWN, depth=-8.0, filename='stims/wedding-40.5.mp4', flipHoriz=False, flipVert=False, fps=UNKNOWN, interpolate=True, loop=False, name='vid5_q', noAudio=False, opacity=1.0, ori=0, pos=array([0., 0.]), size=array([1280.,  720.]), units='pix', vframe_callback=UNKNOWN, volume=UNKNOWN, win=Window(...))
274.7323 	EXP 	window1: recordFrameIntervals = False
274.7355 	DATA 	Keypress: equal
274.7377 	DATA 	Keypress: equal
274.7439 	EXP 	vid5: autoDraw = False
274.7439 	EXP 	vid1a: autoDraw = False
274.7439 	EXP 	vid1b: autoDraw = False
274.7439 	EXP 	vid2: autoDraw = False
274.7439 	EXP 	vid3: autoDraw = False
274.7439 	EXP 	vid4: autoDraw = False
274.7439 	EXP 	vid5: autoDraw = False
274.7439 	EXP 	vid1a_q: movie = 'stims/wedding-40.1a.mp4'
274.7439 	EXP 	vid1a_q: autoLog = True
274.7439 	EXP 	vid1b_q: movie = 'stims/wedding-40.1b.mp4'
274.7439 	EXP 	vid1b_q: autoLog = True
274.7439 	EXP 	vid2_q: movie = 'stims/wedding-40.2a.mp4'
274.7439 	EXP 	vid2_q: autoLog = True
274.7439 	EXP 	vid3_q: movie = 'stims/wedding-40.3a.mp4'
274.7439 	EXP 	vid3_q: autoLog = True
274.7439 	EXP 	vid4_q: movie = 'stims/wedding-40.4a.mp4'
274.7439 	EXP 	vid4_q: autoLog = True
274.7439 	EXP 	vid5_q: movie = 'stims/wedding-40.5.mp4'
274.7439 	EXP 	vid5_q: autoLog = True
274.7439 	EXP 	vid1a_q: autoDraw = False
274.7439 	EXP 	vid1b_q: autoDraw = False
274.7439 	EXP 	vid2_q: autoDraw = False
274.7439 	EXP 	l2q: autoDraw = False
274.7439 	EXP 	vid3_q: autoDraw = False
274.7439 	EXP 	l3q: autoDraw = False
274.7439 	EXP 	vid4_q: autoDraw = False
274.7439 	EXP 	vid5_q: autoDraw = False
274.9371 	EXP 	window1: recordFrameIntervals = False
276.5181 	DATA 	Keypress: equal
276.7331 	EXP 	eggPainting1: image = 'stimsday1details/newegg6.png'
276.7331 	EXP 	eggPainting2: image = 'stimsday1details/egg40.png'
276.7331 	EXP 	character1: image = 'stimsday1details/newperson6.png'
276.7331 	EXP 	character2: image = 'stimsday1details/couple40.png'
276.7331 	EXP 	gift1: image = 'stimsday1details/new6.png'
276.7331 	EXP 	gift2: image = 'stimsday1details/gift40.png'
276.7331 	EXP 	themeQ1: image = 'stimsday1details/t40.png'
276.7331 	EXP 	themeQ2: image = 'stimsday1details/ct40.png'
276.7331 	EXP 	nameQ1: image = 'stimsday1details/n40.png'
276.7331 	EXP 	nameQ2: image = 'stimsday1details/cn40.png'
276.7331 	EXP 	nameQ1: autoDraw = True
276.7331 	EXP 	nameQ2: autoDraw = True
277.2283 	DATA 	Keypress: equal
277.6953 	DATA 	Keypress: 1
278.7265 	EXP 	nameQ1: autoDraw = False
278.7265 	EXP 	nameQ2: autoDraw = False
278.7265 	EXP 	nameQ1: autoDraw = False
278.7265 	EXP 	nameQ2: autoDraw = False
278.7265 	EXP 	eggPainting1: autoDraw = True
278.7265 	EXP 	eggPainting2: autoDraw = True
278.7282 	DATA 	Keypress: equal
279.8323 	DATA 	Keypress: 2
280.2325 	DATA 	Keypress: equal
280.7261 	EXP 	eggPainting1: autoDraw = False
280.7261 	EXP 	eggPainting2: autoDraw = False
280.7261 	EXP 	eggPainting1: autoDraw = False
280.7261 	EXP 	eggPainting2: autoDraw = False
280.7261 	EXP 	character1: autoDraw = True
280.7261 	EXP 	character2: autoDraw = True
281.6496 	DATA 	Keypress: 2
281.7278 	DATA 	Keypress: equal
282.7272 	EXP 	character1: autoDraw = False
282.7272 	EXP 	character2: autoDraw = False
282.7272 	EXP 	character1: autoDraw = False
282.7272 	EXP 	character2: autoDraw = False
282.7272 	EXP 	themeQ1: autoDraw = True
282.7272 	EXP 	themeQ2: autoDraw = True
283.2282 	DATA 	Keypress: equal
283.7161 	DATA 	Keypress: 1
284.7260 	EXP 	themeQ1: autoDraw = False
284.7260 	EXP 	themeQ2: autoDraw = False
284.7260 	EXP 	themeQ1: autoDraw = False
284.7260 	EXP 	themeQ2: autoDraw = False
284.7260 	EXP 	gift1: autoDraw = True
284.7260 	EXP 	gift2: autoDraw = True
284.7279 	DATA 	Keypress: equal
285.5992 	DATA 	Keypress: 2
286.2280 	DATA 	Keypress: equal
286.7271 	EXP 	gift1: autoDraw = False
286.7271 	EXP 	gift2: autoDraw = False
286.7271 	EXP 	gift1: autoDraw = False
286.7271 	EXP 	gift2: autoDraw = False
286.7271 	EXP 	northorsouth1: autoDraw = True
286.7271 	EXP 	northorsouth2: autoDraw = True
287.5493 	DATA 	Keypress: 1
287.7287 	DATA 	Keypress: equal
288.9217 	EXP 	New trial (rep=0, index=2): OrderedDict([('condsFile', 'videoBlock_schemaN_pathB_5.csv')])
288.9347 	EXP 	Imported videoBlock_schemaN_pathB_5.csv as conditions, 1 conditions, 17 params
288.9352 	EXP 	Created sequence: random, trialTypes=1, nReps=1, seed=None
288.9360 	EXP 	New trial (rep=0, index=0): OrderedDict([('northOrSouth', 'north.png'), ('stimFile1a', 'stims/wedding-18.1a.mp4'), ('stimFile1b', 'stims/wedding-18.1b.mp4'), ('stimFile2', 'stims/wedding-18.2b.mp4'), ('stimFile3', 'stims/wedding-18.3b.mp4'), ('stimFile4', 'stims/wedding-18.4b.mp4'), ('stimFile5', 'stims/wedding-18.5.mp4'), ('QeggPainting1', 'stimsday1details/newpainting5.png'), ('Qcharacter1', 'stimsday1details/couple18.png'), ('Qgift1', 'stimsday1details/new17.png'), ('QeggPainting2', 'stimsday1details/painting18.png'), ('Qcharacter2', 'stimsday1details/newperson17.png'), ('Qgift2', 'stimsday1details/gift18.png'), ('Qname1', 'stimsday1details/cn18.png'), ('Qtheme1', 'stimsday1details/t18.png'), ('Qname2', 'stimsday1details/n18.png'), ('Qtheme2', 'stimsday1details/ct18.png')])
288.9436 	EXP 	northorsouth1: autoDraw = False
288.9436 	EXP 	northorsouth2: autoDraw = False
288.9436 	EXP 	northorsouth1: autoDraw = False
288.9436 	EXP 	northorsouth2: autoDraw = False
288.9436 	EXP 	image_3: autoDraw = True
289.2330 	DATA 	Keypress: equal
290.7325 	DATA 	Keypress: equal
290.9320 	EXP 	Created sequence: random, trialTypes=1, nReps=1, seed=None
290.9323 	EXP 	New trial (rep=0, index=0): None
291.3632 	EXP 	Created vid1a = MovieStim3(__class__=<class 'psychopy.visual.movie3.MovieStim3'>, autoLog=True, color=UNKNOWN, colorSpace=UNKNOWN, depth=-1.0, filename='stims/wedding-18.1a.mp4', flipHoriz=False, flipVert=False, fps=UNKNOWN, interpolate=True, loop=False, name='vid1a', noAudio=False, opacity=1.0, ori=0, pos=array([0., 0.]), size=array([1280.,  720.]), units='pix', vframe_callback=UNKNOWN, volume=UNKNOWN, win=Window(...))
291.7486 	EXP 	Created vid1b = MovieStim3(__class__=<class 'psychopy.visual.movie3.MovieStim3'>, autoLog=True, color=UNKNOWN, colorSpace=UNKNOWN, depth=-2.0, filename='stims/wedding-18.1b.mp4', flipHoriz=False, flipVert=False, fps=UNKNOWN, interpolate=True, loop=False, name='vid1b', noAudio=False, opacity=1.0, ori=0, pos=array([0., 0.]), size=array([1280.,  720.]), units='pix', vframe_callback=UNKNOWN, volume=UNKNOWN, win=Window(...))
292.2116 	EXP 	Created vid2 = MovieStim3(__class__=<class 'psychopy.visual.movie3.MovieStim3'>, autoLog=True, color=UNKNOWN, colorSpace=UNKNOWN, depth=-3.0, filename='stims/wedding-18.2b.mp4', flipHoriz=False, flipVert=False, fps=UNKNOWN, interpolate=True, loop=False, name='vid2', noAudio=False, opacity=1.0, ori=0, pos=array([0., 0.]), size=array([1280.,  720.]), units='pix', vframe_callback=UNKNOWN, volume=UNKNOWN, win=Window(...))
292.7494 	EXP 	Created vid3 = MovieStim3(__class__=<class 'psychopy.visual.movie3.MovieStim3'>, autoLog=True, color=UNKNOWN, colorSpace=UNKNOWN, depth=-4.0, filename='stims/wedding-18.3b.mp4', flipHoriz=False, flipVert=False, fps=UNKNOWN, interpolate=True, loop=False, name='vid3', noAudio=False, opacity=1.0, ori=0, pos=array([0., 0.]), size=array([1280.,  720.]), units='pix', vframe_callback=UNKNOWN, volume=UNKNOWN, win=Window(...))
293.2839 	EXP 	Created vid4 = MovieStim3(__class__=<class 'psychopy.visual.movie3.MovieStim3'>, autoLog=True, color=UNKNOWN, colorSpace=UNKNOWN, depth=-5.0, filename='stims/wedding-18.4b.mp4', flipHoriz=False, flipVert=False, fps=UNKNOWN, interpolate=True, loop=False, name='vid4', noAudio=False, opacity=1.0, ori=0, pos=array([0., 0.]), size=array([1280.,  720.]), units='pix', vframe_callback=UNKNOWN, volume=UNKNOWN, win=Window(...))
293.6930 	EXP 	Created vid5 = MovieStim3(__class__=<class 'psychopy.visual.movie3.MovieStim3'>, autoLog=True, color=UNKNOWN, colorSpace=UNKNOWN, depth=-6.0, filename='stims/wedding-18.5.mp4', flipHoriz=False, flipVert=False, fps=UNKNOWN, interpolate=True, loop=False, name='vid5', noAudio=False, opacity=1.0, ori=0, pos=array([0., 0.]), size=array([1280.,  720.]), units='pix', vframe_callback=UNKNOWN, volume=UNKNOWN, win=Window(...))
293.7636 	EXP 	window1: recordFrameIntervals = False
293.7670 	DATA 	Keypress: equal
293.7703 	DATA 	Keypress: equal
293.7766 	EXP 	image_3: autoDraw = False
293.7766 	EXP 	image_3: autoDraw = False
293.7766 	EXP 	vid1a: movie = 'stims/wedding-18.1a.mp4'
293.7766 	EXP 	vid1a: autoLog = True
293.7766 	EXP 	vid1b: movie = 'stims/wedding-18.1b.mp4'
293.7766 	EXP 	vid1b: autoLog = True
293.7766 	EXP 	vid2: movie = 'stims/wedding-18.2b.mp4'
293.7766 	EXP 	vid2: autoLog = True
293.7766 	EXP 	vid3: movie = 'stims/wedding-18.3b.mp4'
293.7766 	EXP 	vid3: autoLog = True
293.7766 	EXP 	vid4: movie = 'stims/wedding-18.4b.mp4'
293.7766 	EXP 	vid4: autoLog = True
293.7766 	EXP 	vid5: movie = 'stims/wedding-18.5.mp4'
293.7766 	EXP 	vid5: autoLog = True
296.4673 	EXP 	window1: recordFrameIntervals = False
298.5516 	DATA 	Keypress: equal
298.5541 	DATA 	Keypress: equal
298.5568 	DATA 	Keypress: equal
298.7594 	EXP 	vid1a: movie = 'stims/wedding-18.1a.mp4'
298.7594 	EXP 	vid1b: movie = 'stims/wedding-18.1b.mp4'
298.7594 	EXP 	vid2: movie = 'stims/wedding-18.2b.mp4'
298.7594 	EXP 	vid3: movie = 'stims/wedding-18.3b.mp4'
298.7594 	EXP 	vid4: movie = 'stims/wedding-18.4b.mp4'
298.7594 	EXP 	vid5: movie = 'stims/wedding-18.5.mp4'
298.7760 	EXP 	vid1a: autoDraw = True
299.7277 	DATA 	Keypress: equal
301.2196 	DATA 	Keypress: equal
302.7174 	DATA 	Keypress: equal
304.2191 	DATA 	Keypress: equal
305.7208 	DATA 	Keypress: equal
307.2199 	DATA 	Keypress: equal
308.7286 	DATA 	Keypress: equal
310.2331 	DATA 	Keypress: equal
311.7327 	DATA 	Keypress: equal
313.2329 	DATA 	Keypress: equal
314.7278 	DATA 	Keypress: equal
314.9434 	EXP 	vid1a: autoDraw = False
314.9601 	EXP 	vid1b: autoDraw = True
316.2285 	DATA 	Keypress: equal
317.7279 	DATA 	Keypress: equal
319.2284 	DATA 	Keypress: equal
320.7326 	DATA 	Keypress: equal
322.2333 	DATA 	Keypress: equal
322.9473 	EXP 	vid1b: autoDraw = False
322.9603 	EXP 	vid2: autoDraw = True
323.7281 	DATA 	Keypress: equal
325.2281 	DATA 	Keypress: equal
326.7280 	DATA 	Keypress: equal
328.2171 	DATA 	Keypress: equal
329.7189 	DATA 	Keypress: equal
331.2208 	DATA 	Keypress: equal
332.7191 	DATA 	Keypress: equal
334.2209 	DATA 	Keypress: equal
335.7189 	DATA 	Keypress: equal
337.2183 	DATA 	Keypress: equal
338.7232 	DATA 	Keypress: equal
339.5762 	EXP 	Set vid2 finished
339.9594 	EXP 	vid3: autoDraw = True
340.2277 	DATA 	Keypress: equal
341.7276 	DATA 	Keypress: equal
343.2333 	DATA 	Keypress: equal
344.7219 	DATA 	Keypress: equal
346.2179 	DATA 	Keypress: equal
347.7179 	DATA 	Keypress: equal
349.2161 	DATA 	Keypress: equal
350.7156 	DATA 	Keypress: equal
352.2195 	DATA 	Keypress: equal
353.7155 	DATA 	Keypress: equal
355.2201 	DATA 	Keypress: equal
356.7174 	DATA 	Keypress: equal
358.2161 	DATA 	Keypress: equal
359.7151 	DATA 	Keypress: equal
361.2274 	DATA 	Keypress: equal
362.7282 	DATA 	Keypress: equal
362.9595 	EXP 	vid3: autoDraw = False
362.9595 	EXP 	vid4: autoDraw = True
364.2283 	DATA 	Keypress: equal
365.7279 	DATA 	Keypress: equal
367.2282 	DATA 	Keypress: equal
368.7275 	DATA 	Keypress: equal
370.2327 	DATA 	Keypress: equal
371.7191 	DATA 	Keypress: equal
373.2176 	DATA 	Keypress: equal
374.7184 	DATA 	Keypress: equal
376.2173 	DATA 	Keypress: equal
377.7173 	DATA 	Keypress: equal
379.2184 	DATA 	Keypress: equal
380.7187 	DATA 	Keypress: equal
382.2167 	DATA 	Keypress: equal
383.7170 	DATA 	Keypress: equal
385.2156 	DATA 	Keypress: equal
386.7179 	DATA 	Keypress: equal
386.9424 	EXP 	vid4: autoDraw = False
386.9586 	EXP 	vid5: autoDraw = True
388.2266 	DATA 	Keypress: equal
389.7305 	DATA 	Keypress: equal
391.2333 	DATA 	Keypress: equal
392.7287 	DATA 	Keypress: equal
394.2410 	DATA 	Keypress: equal
395.7153 	DATA 	Keypress: equal
397.2177 	DATA 	Keypress: equal
398.7184 	DATA 	Keypress: equal
400.0901 	EXP 	Created sequence: random, trialTypes=1, nReps=1, seed=None
400.0904 	EXP 	New trial (rep=0, index=0): None
400.5138 	EXP 	Created vid1a_q = MovieStim3(__class__=<class 'psychopy.visual.movie3.MovieStim3'>, autoLog=True, color=UNKNOWN, colorSpace=UNKNOWN, depth=-1.0, filename='stims/wedding-18.1a.mp4', flipHoriz=False, flipVert=False, fps=UNKNOWN, interpolate=True, loop=False, name='vid1a_q', noAudio=False, opacity=1.0, ori=0, pos=array([0., 0.]), size=array([1280.,  720.]), units='pix', vframe_callback=UNKNOWN, volume=UNKNOWN, win=Window(...))
400.8897 	EXP 	Created vid1b_q = MovieStim3(__class__=<class 'psychopy.visual.movie3.MovieStim3'>, autoLog=True, color=UNKNOWN, colorSpace=UNKNOWN, depth=-2.0, filename='stims/wedding-18.1b.mp4', flipHoriz=False, flipVert=False, fps=UNKNOWN, interpolate=True, loop=False, name='vid1b_q', noAudio=False, opacity=1.0, ori=0, pos=array([0., 0.]), size=array([1280.,  720.]), units='pix', vframe_callback=UNKNOWN, volume=UNKNOWN, win=Window(...))
401.3396 	EXP 	Created vid2_q = MovieStim3(__class__=<class 'psychopy.visual.movie3.MovieStim3'>, autoLog=True, color=UNKNOWN, colorSpace=UNKNOWN, depth=-3.0, filename='stims/wedding-18.2b.mp4', flipHoriz=False, flipVert=False, fps=UNKNOWN, interpolate=True, loop=False, name='vid2_q', noAudio=False, opacity=1.0, ori=0, pos=array([0., 0.]), size=array([1280.,  720.]), units='pix', vframe_callback=UNKNOWN, volume=UNKNOWN, win=Window(...))
401.8608 	EXP 	Created vid3_q = MovieStim3(__class__=<class 'psychopy.visual.movie3.MovieStim3'>, autoLog=True, color=UNKNOWN, colorSpace=UNKNOWN, depth=-5.0, filename='stims/wedding-18.3b.mp4', flipHoriz=False, flipVert=False, fps=UNKNOWN, interpolate=True, loop=False, name='vid3_q', noAudio=False, opacity=1.0, ori=0, pos=array([0., 0.]), size=array([1280.,  720.]), units='pix', vframe_callback=UNKNOWN, volume=UNKNOWN, win=Window(...))
402.3733 	EXP 	Created vid4_q = MovieStim3(__class__=<class 'psychopy.visual.movie3.MovieStim3'>, autoLog=True, color=UNKNOWN, colorSpace=UNKNOWN, depth=-7.0, filename='stims/wedding-18.4b.mp4', flipHoriz=False, flipVert=False, fps=UNKNOWN, interpolate=True, loop=False, name='vid4_q', noAudio=False, opacity=1.0, ori=0, pos=array([0., 0.]), size=array([1280.,  720.]), units='pix', vframe_callback=UNKNOWN, volume=UNKNOWN, win=Window(...))
402.7726 	EXP 	Created vid5_q = MovieStim3(__class__=<class 'psychopy.visual.movie3.MovieStim3'>, autoLog=True, color=UNKNOWN, colorSpace=UNKNOWN, depth=-8.0, filename='stims/wedding-18.5.mp4', flipHoriz=False, flipVert=False, fps=UNKNOWN, interpolate=True, loop=False, name='vid5_q', noAudio=False, opacity=1.0, ori=0, pos=array([0., 0.]), size=array([1280.,  720.]), units='pix', vframe_callback=UNKNOWN, volume=UNKNOWN, win=Window(...))
403.0247 	EXP 	window1: recordFrameIntervals = False
403.0278 	DATA 	Keypress: equal
403.0300 	DATA 	Keypress: equal
403.0418 	EXP 	vid5: autoDraw = False
403.0418 	EXP 	vid1a: autoDraw = False
403.0418 	EXP 	vid1b: autoDraw = False
403.0418 	EXP 	vid2: autoDraw = False
403.0418 	EXP 	vid3: autoDraw = False
403.0418 	EXP 	vid4: autoDraw = False
403.0418 	EXP 	vid5: autoDraw = False
403.0418 	EXP 	vid1a_q: movie = 'stims/wedding-18.1a.mp4'
403.0418 	EXP 	vid1a_q: autoLog = True
403.0418 	EXP 	vid1b_q: movie = 'stims/wedding-18.1b.mp4'
403.0418 	EXP 	vid1b_q: autoLog = True
403.0418 	EXP 	vid2_q: movie = 'stims/wedding-18.2b.mp4'
403.0418 	EXP 	vid2_q: autoLog = True
403.0418 	EXP 	vid3_q: movie = 'stims/wedding-18.3b.mp4'
403.0418 	EXP 	vid3_q: autoLog = True
403.0418 	EXP 	vid4_q: movie = 'stims/wedding-18.4b.mp4'
403.0418 	EXP 	vid4_q: autoLog = True
403.0418 	EXP 	vid5_q: movie = 'stims/wedding-18.5.mp4'
403.0418 	EXP 	vid5_q: autoLog = True
403.0418 	EXP 	vid1a_q: autoDraw = False
403.0418 	EXP 	vid1b_q: autoDraw = False
403.0418 	EXP 	vid2_q: autoDraw = False
403.0418 	EXP 	l2q: autoDraw = False
403.0418 	EXP 	vid3_q: autoDraw = False
403.0418 	EXP 	l3q: autoDraw = False
403.0418 	EXP 	vid4_q: autoDraw = False
403.0418 	EXP 	vid5_q: autoDraw = False
403.2387 	EXP 	window1: recordFrameIntervals = False
404.8102 	DATA 	Keypress: equal
404.8123 	DATA 	Keypress: equal
405.0255 	EXP 	eggPainting1: image = 'stimsday1details/newpainting5.png'
405.0255 	EXP 	eggPainting2: image = 'stimsday1details/painting18.png'
405.0255 	EXP 	character1: image = 'stimsday1details/couple18.png'
405.0255 	EXP 	character2: image = 'stimsday1details/newperson17.png'
405.0255 	EXP 	gift1: image = 'stimsday1details/new17.png'
405.0255 	EXP 	gift2: image = 'stimsday1details/gift18.png'
405.0255 	EXP 	themeQ1: image = 'stimsday1details/t18.png'
405.0255 	EXP 	themeQ2: image = 'stimsday1details/ct18.png'
405.0255 	EXP 	nameQ1: image = 'stimsday1details/cn18.png'
405.0255 	EXP 	nameQ2: image = 'stimsday1details/n18.png'
405.0255 	EXP 	nameQ1: autoDraw = True
405.0255 	EXP 	nameQ2: autoDraw = True
406.1610 	DATA 	Keypress: 2
406.2272 	DATA 	Keypress: equal
407.0256 	EXP 	nameQ1: autoDraw = False
407.0256 	EXP 	nameQ2: autoDraw = False
407.0256 	EXP 	nameQ1: autoDraw = False
407.0256 	EXP 	nameQ2: autoDraw = False
407.0256 	EXP 	eggPainting1: autoDraw = True
407.0256 	EXP 	eggPainting2: autoDraw = True
407.7148 	DATA 	Keypress: equal
407.9306 	DATA 	Keypress: 2
409.0302 	EXP 	eggPainting1: autoDraw = False
409.0302 	EXP 	eggPainting2: autoDraw = False
409.0302 	EXP 	eggPainting1: autoDraw = False
409.0302 	EXP 	eggPainting2: autoDraw = False
409.0302 	EXP 	character1: autoDraw = True
409.0302 	EXP 	character2: autoDraw = True
409.2321 	DATA 	Keypress: equal
409.8101 	DATA 	Keypress: 1
410.7303 	DATA 	Keypress: equal
411.0293 	EXP 	character1: autoDraw = False
411.0293 	EXP 	character2: autoDraw = False
411.0293 	EXP 	character1: autoDraw = False
411.0293 	EXP 	character2: autoDraw = False
411.0293 	EXP 	themeQ1: autoDraw = True
411.0293 	EXP 	themeQ2: autoDraw = True
412.2317 	DATA 	Keypress: equal
412.2607 	DATA 	Keypress: 1
413.0285 	EXP 	themeQ1: autoDraw = False
413.0285 	EXP 	themeQ2: autoDraw = False
413.0285 	EXP 	themeQ1: autoDraw = False
413.0285 	EXP 	themeQ2: autoDraw = False
413.0285 	EXP 	gift1: autoDraw = True
413.0285 	EXP 	gift2: autoDraw = True
413.7263 	DATA 	Keypress: equal
413.8267 	DATA 	Keypress: 2
415.0129 	EXP 	gift1: autoDraw = False
415.0129 	EXP 	gift2: autoDraw = False
415.0129 	EXP 	gift1: autoDraw = False
415.0129 	EXP 	gift2: autoDraw = False
415.0129 	EXP 	northorsouth1: autoDraw = True
415.0129 	EXP 	northorsouth2: autoDraw = True
415.2145 	DATA 	Keypress: equal
415.6522 	DATA 	Keypress: 1
416.7145 	DATA 	Keypress: equal
417.2418 	EXP 	New trial (rep=0, index=3): OrderedDict([('condsFile', 'videoBlock_schemaN_pathA_4.csv')])
417.2549 	EXP 	Imported videoBlock_schemaN_pathA_4.csv as conditions, 1 conditions, 17 params
417.2553 	EXP 	Created sequence: random, trialTypes=1, nReps=1, seed=None
417.2561 	EXP 	New trial (rep=0, index=0): OrderedDict([('northOrSouth', 'north.png'), ('stimFile1a', 'stims/wedding-13.1a.mp4'), ('stimFile1b', 'stims/wedding-13.1b.mp4'), ('stimFile2', 'stims/wedding-13.2a.mp4'), ('stimFile3', 'stims/wedding-13.3a.mp4'), ('stimFile4', 'stims/wedding-13.4a.mp4'), ('stimFile5', 'stims/wedding-13.5.mp4'), ('QeggPainting1', 'stimsday1details/egg13.png'), ('Qcharacter1', 'stimsday1details/couple13.png'), ('Qgift1', 'stimsday1details/new4.png'), ('QeggPainting2', 'stimsday1details/newegg4.png'), ('Qcharacter2', 'stimsday1details/newperson4.png'), ('Qgift2', 'stimsday1details/gift13.png'), ('Qname1', 'stimsday1details/n13.png'), ('Qtheme1', 'stimsday1details/ct13.png'), ('Qname2', 'stimsday1details/cn13.png'), ('Qtheme2', 'stimsday1details/t13.png')])
417.2629 	EXP 	northorsouth1: autoDraw = False
417.2629 	EXP 	northorsouth2: autoDraw = False
417.2629 	EXP 	northorsouth1: autoDraw = False
417.2629 	EXP 	northorsouth2: autoDraw = False
417.2629 	EXP 	image_3: autoDraw = True
418.2150 	DATA 	Keypress: equal
419.2512 	EXP 	Created sequence: random, trialTypes=1, nReps=1, seed=None
419.2514 	EXP 	New trial (rep=0, index=0): None
419.6644 	EXP 	Created vid1a = MovieStim3(__class__=<class 'psychopy.visual.movie3.MovieStim3'>, autoLog=True, color=UNKNOWN, colorSpace=UNKNOWN, depth=-1.0, filename='stims/wedding-13.1a.mp4', flipHoriz=False, flipVert=False, fps=UNKNOWN, interpolate=True, loop=False, name='vid1a', noAudio=False, opacity=1.0, ori=0, pos=array([0., 0.]), size=array([1280.,  720.]), units='pix', vframe_callback=UNKNOWN, volume=UNKNOWN, win=Window(...))
420.0062 	EXP 	Created vid1b = MovieStim3(__class__=<class 'psychopy.visual.movie3.MovieStim3'>, autoLog=True, color=UNKNOWN, colorSpace=UNKNOWN, depth=-2.0, filename='stims/wedding-13.1b.mp4', flipHoriz=False, flipVert=False, fps=UNKNOWN, interpolate=True, loop=False, name='vid1b', noAudio=False, opacity=1.0, ori=0, pos=array([0., 0.]), size=array([1280.,  720.]), units='pix', vframe_callback=UNKNOWN, volume=UNKNOWN, win=Window(...))
420.4958 	EXP 	Created vid2 = MovieStim3(__class__=<class 'psychopy.visual.movie3.MovieStim3'>, autoLog=True, color=UNKNOWN, colorSpace=UNKNOWN, depth=-3.0, filename='stims/wedding-13.2a.mp4', flipHoriz=False, flipVert=False, fps=UNKNOWN, interpolate=True, loop=False, name='vid2', noAudio=False, opacity=1.0, ori=0, pos=array([0., 0.]), size=array([1280.,  720.]), units='pix', vframe_callback=UNKNOWN, volume=UNKNOWN, win=Window(...))
420.9657 	EXP 	Created vid3 = MovieStim3(__class__=<class 'psychopy.visual.movie3.MovieStim3'>, autoLog=True, color=UNKNOWN, colorSpace=UNKNOWN, depth=-4.0, filename='stims/wedding-13.3a.mp4', flipHoriz=False, flipVert=False, fps=UNKNOWN, interpolate=True, loop=False, name='vid3', noAudio=False, opacity=1.0, ori=0, pos=array([0., 0.]), size=array([1280.,  720.]), units='pix', vframe_callback=UNKNOWN, volume=UNKNOWN, win=Window(...))
421.4538 	EXP 	Created vid4 = MovieStim3(__class__=<class 'psychopy.visual.movie3.MovieStim3'>, autoLog=True, color=UNKNOWN, colorSpace=UNKNOWN, depth=-5.0, filename='stims/wedding-13.4a.mp4', flipHoriz=False, flipVert=False, fps=UNKNOWN, interpolate=True, loop=False, name='vid4', noAudio=False, opacity=1.0, ori=0, pos=array([0., 0.]), size=array([1280.,  720.]), units='pix', vframe_callback=UNKNOWN, volume=UNKNOWN, win=Window(...))
421.8546 	EXP 	Created vid5 = MovieStim3(__class__=<class 'psychopy.visual.movie3.MovieStim3'>, autoLog=True, color=UNKNOWN, colorSpace=UNKNOWN, depth=-6.0, filename='stims/wedding-13.5.mp4', flipHoriz=False, flipVert=False, fps=UNKNOWN, interpolate=True, loop=False, name='vid5', noAudio=False, opacity=1.0, ori=0, pos=array([0., 0.]), size=array([1280.,  720.]), units='pix', vframe_callback=UNKNOWN, volume=UNKNOWN, win=Window(...))
421.9716 	EXP 	window1: recordFrameIntervals = False
421.9751 	DATA 	Keypress: equal
421.9774 	DATA 	Keypress: equal
421.9916 	EXP 	image_3: autoDraw = False
421.9916 	EXP 	image_3: autoDraw = False
421.9916 	EXP 	vid1a: movie = 'stims/wedding-13.1a.mp4'
421.9916 	EXP 	vid1a: autoLog = True
421.9916 	EXP 	vid1b: movie = 'stims/wedding-13.1b.mp4'
421.9916 	EXP 	vid1b: autoLog = True
421.9916 	EXP 	vid2: movie = 'stims/wedding-13.2a.mp4'
421.9916 	EXP 	vid2: autoLog = True
421.9916 	EXP 	vid3: movie = 'stims/wedding-13.3a.mp4'
421.9916 	EXP 	vid3: autoLog = True
421.9916 	EXP 	vid4: movie = 'stims/wedding-13.4a.mp4'
421.9916 	EXP 	vid4: autoLog = True
421.9916 	EXP 	vid5: movie = 'stims/wedding-13.5.mp4'
421.9916 	EXP 	vid5: autoLog = True
424.5542 	EXP 	window1: recordFrameIntervals = False
426.7595 	DATA 	Keypress: equal
426.7618 	DATA 	Keypress: equal
426.7638 	DATA 	Keypress: equal
426.9751 	EXP 	vid1a: movie = 'stims/wedding-13.1a.mp4'
426.9751 	EXP 	vid1b: movie = 'stims/wedding-13.1b.mp4'
426.9751 	EXP 	vid2: movie = 'stims/wedding-13.2a.mp4'
426.9751 	EXP 	vid3: movie = 'stims/wedding-13.3a.mp4'
426.9751 	EXP 	vid4: movie = 'stims/wedding-13.4a.mp4'
426.9751 	EXP 	vid5: movie = 'stims/wedding-13.5.mp4'
426.9916 	EXP 	vid1a: autoDraw = True
427.2270 	DATA 	Keypress: equal
428.7314 	DATA 	Keypress: equal
430.2288 	DATA 	Keypress: equal
431.7270 	DATA 	Keypress: equal
433.2272 	DATA 	Keypress: equal
434.7311 	DATA 	Keypress: equal
436.2147 	DATA 	Keypress: equal
437.7168 	DATA 	Keypress: equal
439.2179 	DATA 	Keypress: equal
440.7150 	DATA 	Keypress: equal
442.0407 	EXP 	Set vid1a finished
442.2143 	DATA 	Keypress: equal
443.2749 	EXP 	vid1b: autoDraw = True
443.7188 	DATA 	Keypress: equal
445.2153 	DATA 	Keypress: equal
446.7186 	DATA 	Keypress: equal
448.2269 	DATA 	Keypress: equal
449.7259 	DATA 	Keypress: equal
451.2262 	DATA 	Keypress: equal
451.2579 	EXP 	vid1b: autoDraw = False
451.2742 	EXP 	vid2: autoDraw = True
452.7146 	DATA 	Keypress: equal
454.2150 	DATA 	Keypress: equal
455.7147 	DATA 	Keypress: equal
457.2415 	DATA 	Keypress: equal
458.7175 	DATA 	Keypress: equal
460.2307 	DATA 	Keypress: equal
461.7271 	DATA 	Keypress: equal
463.2267 	DATA 	Keypress: equal
464.7103 	DATA 	Keypress: equal
466.2268 	DATA 	Keypress: equal
467.7103 	DATA 	Keypress: equal
468.2586 	EXP 	vid2: autoDraw = False
468.2743 	EXP 	vid3: autoDraw = True
469.2101 	DATA 	Keypress: equal
470.7172 	DATA 	Keypress: equal
472.2135 	DATA 	Keypress: equal
473.7173 	DATA 	Keypress: equal
475.2100 	DATA 	Keypress: equal
476.7102 	DATA 	Keypress: equal
478.2101 	DATA 	Keypress: equal
479.7101 	DATA 	Keypress: equal
481.2102 	DATA 	Keypress: equal
482.7107 	DATA 	Keypress: equal
484.2261 	DATA 	Keypress: equal
485.7116 	DATA 	Keypress: equal
487.2117 	DATA 	Keypress: equal
488.7101 	DATA 	Keypress: equal
490.2095 	DATA 	Keypress: equal
491.2619 	EXP 	vid3: autoDraw = False
491.2747 	EXP 	vid4: autoDraw = True
491.7121 	DATA 	Keypress: equal
493.2101 	DATA 	Keypress: equal
494.7095 	DATA 	Keypress: equal
496.2092 	DATA 	Keypress: equal
497.7097 	DATA 	Keypress: equal
499.2097 	DATA 	Keypress: equal
500.7102 	DATA 	Keypress: equal
502.2099 	DATA 	Keypress: equal
503.7105 	DATA 	Keypress: equal
505.2111 	DATA 	Keypress: equal
506.7111 	DATA 	Keypress: equal
508.2097 	DATA 	Keypress: equal
509.7098 	DATA 	Keypress: equal
511.2098 	DATA 	Keypress: equal
512.7140 	DATA 	Keypress: equal
514.2086 	DATA 	Keypress: equal
515.2603 	EXP 	vid4: autoDraw = False
515.2740 	EXP 	vid5: autoDraw = True
515.7084 	DATA 	Keypress: equal
517.2097 	DATA 	Keypress: equal
518.7094 	DATA 	Keypress: equal
520.2087 	DATA 	Keypress: equal
521.7097 	DATA 	Keypress: equal
523.2100 	DATA 	Keypress: equal
524.7087 	DATA 	Keypress: equal
526.2381 	DATA 	Keypress: equal
527.3245 	EXP 	Set vid5 finished
527.5101 	EXP 	Created sequence: random, trialTypes=1, nReps=1, seed=None
527.5104 	EXP 	New trial (rep=0, index=0): None
527.9186 	EXP 	Created vid1a_q = MovieStim3(__class__=<class 'psychopy.visual.movie3.MovieStim3'>, autoLog=True, color=UNKNOWN, colorSpace=UNKNOWN, depth=-1.0, filename='stims/wedding-13.1a.mp4', flipHoriz=False, flipVert=False, fps=UNKNOWN, interpolate=True, loop=False, name='vid1a_q', noAudio=False, opacity=1.0, ori=0, pos=array([0., 0.]), size=array([1280.,  720.]), units='pix', vframe_callback=UNKNOWN, volume=UNKNOWN, win=Window(...))
528.2519 	EXP 	Created vid1b_q = MovieStim3(__class__=<class 'psychopy.visual.movie3.MovieStim3'>, autoLog=True, color=UNKNOWN, colorSpace=UNKNOWN, depth=-2.0, filename='stims/wedding-13.1b.mp4', flipHoriz=False, flipVert=False, fps=UNKNOWN, interpolate=True, loop=False, name='vid1b_q', noAudio=False, opacity=1.0, ori=0, pos=array([0., 0.]), size=array([1280.,  720.]), units='pix', vframe_callback=UNKNOWN, volume=UNKNOWN, win=Window(...))
528.7267 	EXP 	Created vid2_q = MovieStim3(__class__=<class 'psychopy.visual.movie3.MovieStim3'>, autoLog=True, color=UNKNOWN, colorSpace=UNKNOWN, depth=-3.0, filename='stims/wedding-13.2a.mp4', flipHoriz=False, flipVert=False, fps=UNKNOWN, interpolate=True, loop=False, name='vid2_q', noAudio=False, opacity=1.0, ori=0, pos=array([0., 0.]), size=array([1280.,  720.]), units='pix', vframe_callback=UNKNOWN, volume=UNKNOWN, win=Window(...))
529.1920 	EXP 	Created vid3_q = MovieStim3(__class__=<class 'psychopy.visual.movie3.MovieStim3'>, autoLog=True, color=UNKNOWN, colorSpace=UNKNOWN, depth=-5.0, filename='stims/wedding-13.3a.mp4', flipHoriz=False, flipVert=False, fps=UNKNOWN, interpolate=True, loop=False, name='vid3_q', noAudio=False, opacity=1.0, ori=0, pos=array([0., 0.]), size=array([1280.,  720.]), units='pix', vframe_callback=UNKNOWN, volume=UNKNOWN, win=Window(...))
529.6769 	EXP 	Created vid4_q = MovieStim3(__class__=<class 'psychopy.visual.movie3.MovieStim3'>, autoLog=True, color=UNKNOWN, colorSpace=UNKNOWN, depth=-7.0, filename='stims/wedding-13.4a.mp4', flipHoriz=False, flipVert=False, fps=UNKNOWN, interpolate=True, loop=False, name='vid4_q', noAudio=False, opacity=1.0, ori=0, pos=array([0., 0.]), size=array([1280.,  720.]), units='pix', vframe_callback=UNKNOWN, volume=UNKNOWN, win=Window(...))
530.0633 	EXP 	Created vid5_q = MovieStim3(__class__=<class 'psychopy.visual.movie3.MovieStim3'>, autoLog=True, color=UNKNOWN, colorSpace=UNKNOWN, depth=-8.0, filename='stims/wedding-13.5.mp4', flipHoriz=False, flipVert=False, fps=UNKNOWN, interpolate=True, loop=False, name='vid5_q', noAudio=False, opacity=1.0, ori=0, pos=array([0., 0.]), size=array([1280.,  720.]), units='pix', vframe_callback=UNKNOWN, volume=UNKNOWN, win=Window(...))
530.3449 	EXP 	window1: recordFrameIntervals = False
530.3481 	DATA 	Keypress: equal
530.3505 	DATA 	Keypress: equal
530.3567 	EXP 	vid1a: autoDraw = False
530.3567 	EXP 	vid1b: autoDraw = False
530.3567 	EXP 	vid2: autoDraw = False
530.3567 	EXP 	vid3: autoDraw = False
530.3567 	EXP 	vid4: autoDraw = False
530.3567 	EXP 	vid5: autoDraw = False
530.3567 	EXP 	vid1a_q: movie = 'stims/wedding-13.1a.mp4'
530.3567 	EXP 	vid1a_q: autoLog = True
530.3567 	EXP 	vid1b_q: movie = 'stims/wedding-13.1b.mp4'
530.3567 	EXP 	vid1b_q: autoLog = True
530.3567 	EXP 	vid2_q: movie = 'stims/wedding-13.2a.mp4'
530.3567 	EXP 	vid2_q: autoLog = True
530.3567 	EXP 	vid3_q: movie = 'stims/wedding-13.3a.mp4'
530.3567 	EXP 	vid3_q: autoLog = True
530.3567 	EXP 	vid4_q: movie = 'stims/wedding-13.4a.mp4'
530.3567 	EXP 	vid4_q: autoLog = True
530.3567 	EXP 	vid5_q: movie = 'stims/wedding-13.5.mp4'
530.3567 	EXP 	vid5_q: autoLog = True
530.3567 	EXP 	vid1a_q: autoDraw = False
530.3567 	EXP 	vid1b_q: autoDraw = False
530.3567 	EXP 	vid2_q: autoDraw = False
530.3567 	EXP 	l2q: autoDraw = False
530.3567 	EXP 	vid3_q: autoDraw = False
530.3567 	EXP 	l3q: autoDraw = False
530.3567 	EXP 	vid4_q: autoDraw = False
530.3567 	EXP 	vid5_q: autoDraw = False
530.5425 	EXP 	window1: recordFrameIntervals = False
532.1314 	DATA 	Keypress: equal
532.2080 	DATA 	Keypress: equal
532.3466 	EXP 	eggPainting1: image = 'stimsday1details/egg13.png'
532.3466 	EXP 	eggPainting2: image = 'stimsday1details/newegg4.png'
532.3466 	EXP 	character1: image = 'stimsday1details/couple13.png'
532.3466 	EXP 	character2: image = 'stimsday1details/newperson4.png'
532.3466 	EXP 	gift1: image = 'stimsday1details/new4.png'
532.3466 	EXP 	gift2: image = 'stimsday1details/gift13.png'
532.3466 	EXP 	themeQ1: image = 'stimsday1details/ct13.png'
532.3466 	EXP 	themeQ2: image = 'stimsday1details/t13.png'
532.3466 	EXP 	nameQ1: image = 'stimsday1details/n13.png'
532.3466 	EXP 	nameQ2: image = 'stimsday1details/cn13.png'
532.3466 	EXP 	nameQ1: autoDraw = True
532.3466 	EXP 	nameQ2: autoDraw = True
533.4586 	DATA 	Keypress: 1
533.7081 	DATA 	Keypress: equal
534.3403 	EXP 	nameQ1: autoDraw = False
534.3403 	EXP 	nameQ2: autoDraw = False
534.3403 	EXP 	nameQ1: autoDraw = False
534.3403 	EXP 	nameQ2: autoDraw = False
534.3403 	EXP 	eggPainting1: autoDraw = True
534.3403 	EXP 	eggPainting2: autoDraw = True
535.1955 	DATA 	Keypress: 1
535.2080 	DATA 	Keypress: equal
536.3402 	EXP 	eggPainting1: autoDraw = False
536.3402 	EXP 	eggPainting2: autoDraw = False
536.3402 	EXP 	eggPainting1: autoDraw = False
536.3402 	EXP 	eggPainting2: autoDraw = False
536.3402 	EXP 	character1: autoDraw = True
536.3402 	EXP 	character2: autoDraw = True
536.7129 	DATA 	Keypress: equal
537.1120 	DATA 	Keypress: 1
538.2089 	DATA 	Keypress: equal
538.3404 	EXP 	character1: autoDraw = False
538.3404 	EXP 	character2: autoDraw = False
538.3404 	EXP 	character1: autoDraw = False
538.3404 	EXP 	character2: autoDraw = False
538.3404 	EXP 	themeQ1: autoDraw = True
538.3404 	EXP 	themeQ2: autoDraw = True
539.3577 	DATA 	Keypress: 2
539.7076 	DATA 	Keypress: equal
540.3444 	EXP 	themeQ1: autoDraw = False
540.3444 	EXP 	themeQ2: autoDraw = False
540.3444 	EXP 	themeQ1: autoDraw = False
540.3444 	EXP 	themeQ2: autoDraw = False
540.3444 	EXP 	gift1: autoDraw = True
540.3444 	EXP 	gift2: autoDraw = True
541.1963 	DATA 	Keypress: 2
541.2081 	DATA 	Keypress: equal
542.3435 	EXP 	gift1: autoDraw = False
542.3435 	EXP 	gift2: autoDraw = False
542.3435 	EXP 	gift1: autoDraw = False
542.3435 	EXP 	gift2: autoDraw = False
542.3435 	EXP 	northorsouth1: autoDraw = True
542.3435 	EXP 	northorsouth2: autoDraw = True
542.7082 	DATA 	Keypress: equal
542.9588 	DATA 	Keypress: 1
544.2082 	DATA 	Keypress: equal
544.5956 	EXP 	New trial (rep=0, index=4): OrderedDict([('condsFile', 'videoBlock_schemaN_pathB_6.csv')])
544.6085 	EXP 	Imported videoBlock_schemaN_pathB_6.csv as conditions, 1 conditions, 17 params
544.6089 	EXP 	Created sequence: random, trialTypes=1, nReps=1, seed=None
544.6097 	EXP 	New trial (rep=0, index=0): OrderedDict([('northOrSouth', 'north.png'), ('stimFile1a', 'stims/wedding-16.1a.mp4'), ('stimFile1b', 'stims/wedding-16.1b.mp4'), ('stimFile2', 'stims/wedding-16.2b.mp4'), ('stimFile3', 'stims/wedding-16.3b.mp4'), ('stimFile4', 'stims/wedding-16.4b.mp4'), ('stimFile5', 'stims/wedding-16.5.mp4'), ('QeggPainting1', 'stimsday1details/painting16.png'), ('Qcharacter1', 'stimsday1details/newperson18.png'), ('Qgift1', 'stimsday1details/gift16.png'), ('QeggPainting2', 'stimsday1details/newpainting6.png'), ('Qcharacter2', 'stimsday1details/couple16.png'), ('Qgift2', 'stimsday1details/new18.png'), ('Qname1', 'stimsday1details/n16.png'), ('Qtheme1', 'stimsday1details/ct16.png'), ('Qname2', 'stimsday1details/cn16.png'), ('Qtheme2', 'stimsday1details/t16.png')])
544.6233 	EXP 	northorsouth1: autoDraw = False
544.6233 	EXP 	northorsouth2: autoDraw = False
544.6233 	EXP 	northorsouth1: autoDraw = False
544.6233 	EXP 	northorsouth2: autoDraw = False
544.6233 	EXP 	image_3: autoDraw = True
545.7081 	DATA 	Keypress: equal
546.6081 	EXP 	Created sequence: random, trialTypes=1, nReps=1, seed=None
546.6085 	EXP 	New trial (rep=0, index=0): None
547.0349 	EXP 	Created vid1a = MovieStim3(__class__=<class 'psychopy.visual.movie3.MovieStim3'>, autoLog=True, color=UNKNOWN, colorSpace=UNKNOWN, depth=-1.0, filename='stims/wedding-16.1a.mp4', flipHoriz=False, flipVert=False, fps=UNKNOWN, interpolate=True, loop=False, name='vid1a', noAudio=False, opacity=1.0, ori=0, pos=array([0., 0.]), size=array([1280.,  720.]), units='pix', vframe_callback=UNKNOWN, volume=UNKNOWN, win=Window(...))
547.4218 	EXP 	Created vid1b = MovieStim3(__class__=<class 'psychopy.visual.movie3.MovieStim3'>, autoLog=True, color=UNKNOWN, colorSpace=UNKNOWN, depth=-2.0, filename='stims/wedding-16.1b.mp4', flipHoriz=False, flipVert=False, fps=UNKNOWN, interpolate=True, loop=False, name='vid1b', noAudio=False, opacity=1.0, ori=0, pos=array([0., 0.]), size=array([1280.,  720.]), units='pix', vframe_callback=UNKNOWN, volume=UNKNOWN, win=Window(...))
547.8856 	EXP 	Created vid2 = MovieStim3(__class__=<class 'psychopy.visual.movie3.MovieStim3'>, autoLog=True, color=UNKNOWN, colorSpace=UNKNOWN, depth=-3.0, filename='stims/wedding-16.2b.mp4', flipHoriz=False, flipVert=False, fps=UNKNOWN, interpolate=True, loop=False, name='vid2', noAudio=False, opacity=1.0, ori=0, pos=array([0., 0.]), size=array([1280.,  720.]), units='pix', vframe_callback=UNKNOWN, volume=UNKNOWN, win=Window(...))
548.4300 	EXP 	Created vid3 = MovieStim3(__class__=<class 'psychopy.visual.movie3.MovieStim3'>, autoLog=True, color=UNKNOWN, colorSpace=UNKNOWN, depth=-4.0, filename='stims/wedding-16.3b.mp4', flipHoriz=False, flipVert=False, fps=UNKNOWN, interpolate=True, loop=False, name='vid3', noAudio=False, opacity=1.0, ori=0, pos=array([0., 0.]), size=array([1280.,  720.]), units='pix', vframe_callback=UNKNOWN, volume=UNKNOWN, win=Window(...))
548.9679 	EXP 	Created vid4 = MovieStim3(__class__=<class 'psychopy.visual.movie3.MovieStim3'>, autoLog=True, color=UNKNOWN, colorSpace=UNKNOWN, depth=-5.0, filename='stims/wedding-16.4b.mp4', flipHoriz=False, flipVert=False, fps=UNKNOWN, interpolate=True, loop=False, name='vid4', noAudio=False, opacity=1.0, ori=0, pos=array([0., 0.]), size=array([1280.,  720.]), units='pix', vframe_callback=UNKNOWN, volume=UNKNOWN, win=Window(...))
549.3712 	EXP 	Created vid5 = MovieStim3(__class__=<class 'psychopy.visual.movie3.MovieStim3'>, autoLog=True, color=UNKNOWN, colorSpace=UNKNOWN, depth=-6.0, filename='stims/wedding-16.5.mp4', flipHoriz=False, flipVert=False, fps=UNKNOWN, interpolate=True, loop=False, name='vid5', noAudio=False, opacity=1.0, ori=0, pos=array([0., 0.]), size=array([1280.,  720.]), units='pix', vframe_callback=UNKNOWN, volume=UNKNOWN, win=Window(...))
549.4411 	EXP 	window1: recordFrameIntervals = False
549.4448 	DATA 	Keypress: equal
549.4477 	DATA 	Keypress: equal
549.4574 	EXP 	image_3: autoDraw = False
549.4574 	EXP 	image_3: autoDraw = False
549.4574 	EXP 	vid1a: movie = 'stims/wedding-16.1a.mp4'
549.4574 	EXP 	vid1a: autoLog = True
549.4574 	EXP 	vid1b: movie = 'stims/wedding-16.1b.mp4'
549.4574 	EXP 	vid1b: autoLog = True
549.4574 	EXP 	vid2: movie = 'stims/wedding-16.2b.mp4'
549.4574 	EXP 	vid2: autoLog = True
549.4574 	EXP 	vid3: movie = 'stims/wedding-16.3b.mp4'
549.4574 	EXP 	vid3: autoLog = True
549.4574 	EXP 	vid4: movie = 'stims/wedding-16.4b.mp4'
549.4574 	EXP 	vid4: autoLog = True
549.4574 	EXP 	vid5: movie = 'stims/wedding-16.5.mp4'
549.4574 	EXP 	vid5: autoLog = True
552.1408 	EXP 	window1: recordFrameIntervals = False
554.2359 	DATA 	Keypress: equal
554.2384 	DATA 	Keypress: equal
554.2406 	DATA 	Keypress: equal
554.4396 	EXP 	vid1a: movie = 'stims/wedding-16.1a.mp4'
554.4396 	EXP 	vid1b: movie = 'stims/wedding-16.1b.mp4'
554.4396 	EXP 	vid2: movie = 'stims/wedding-16.2b.mp4'
554.4396 	EXP 	vid3: movie = 'stims/wedding-16.3b.mp4'
554.4396 	EXP 	vid4: movie = 'stims/wedding-16.4b.mp4'
554.4396 	EXP 	vid5: movie = 'stims/wedding-16.5.mp4'
554.4566 	EXP 	vid1a: autoDraw = True
554.7081 	DATA 	Keypress: equal
556.2089 	DATA 	Keypress: equal
557.7090 	DATA 	Keypress: equal
559.2087 	DATA 	Keypress: equal
560.7081 	DATA 	Keypress: equal
562.2087 	DATA 	Keypress: equal
563.7139 	DATA 	Keypress: equal
565.2088 	DATA 	Keypress: equal
566.7078 	DATA 	Keypress: equal
568.2133 	DATA 	Keypress: equal
569.7125 	DATA 	Keypress: equal
570.3772 	EXP 	Set vid1a finished
570.6278 	EXP 	vid1b: autoDraw = True
571.2134 	DATA 	Keypress: equal
572.7129 	DATA 	Keypress: equal
574.2138 	DATA 	Keypress: equal
575.7082 	DATA 	Keypress: equal
577.2078 	DATA 	Keypress: equal
578.6268 	EXP 	vid1b: autoDraw = False
578.6404 	EXP 	vid2: autoDraw = True
578.7078 	DATA 	Keypress: equal
580.2088 	DATA 	Keypress: equal
581.7093 	DATA 	Keypress: equal
583.2091 	DATA 	Keypress: equal
584.7088 	DATA 	Keypress: equal
586.2081 	DATA 	Keypress: equal
587.7079 	DATA 	Keypress: equal
589.2082 	DATA 	Keypress: equal
590.7084 	DATA 	Keypress: equal
592.2084 	DATA 	Keypress: equal
593.7089 	DATA 	Keypress: equal
595.2193 	DATA 	Keypress: equal
595.6227 	EXP 	vid2: autoDraw = False
595.6391 	EXP 	vid3: autoDraw = True
596.7076 	DATA 	Keypress: equal
598.2078 	DATA 	Keypress: equal
599.7080 	DATA 	Keypress: equal
601.2075 	DATA 	Keypress: equal
602.7081 	DATA 	Keypress: equal
604.2080 	DATA 	Keypress: equal
605.7083 	DATA 	Keypress: equal
607.2085 	DATA 	Keypress: equal
608.7082 	DATA 	Keypress: equal
610.2078 	DATA 	Keypress: equal
611.7086 	DATA 	Keypress: equal
613.2083 	DATA 	Keypress: equal
614.7101 	DATA 	Keypress: equal
616.2115 	DATA 	Keypress: equal
617.7114 	DATA 	Keypress: equal
618.6262 	EXP 	vid3: autoDraw = False
618.6262 	EXP 	vid4: autoDraw = True
619.2118 	DATA 	Keypress: equal
620.7088 	DATA 	Keypress: equal
622.2083 	DATA 	Keypress: equal
623.7086 	DATA 	Keypress: equal
625.2080 	DATA 	Keypress: equal
626.7077 	DATA 	Keypress: equal
628.2123 	DATA 	Keypress: equal
629.7143 	DATA 	Keypress: equal
631.2078 	DATA 	Keypress: equal
632.7080 	DATA 	Keypress: equal
634.2080 	DATA 	Keypress: equal
635.7081 	DATA 	Keypress: equal
637.2072 	DATA 	Keypress: equal
638.7080 	DATA 	Keypress: equal
640.2130 	DATA 	Keypress: equal
641.7080 	DATA 	Keypress: equal
642.6218 	EXP 	vid4: autoDraw = False
642.6392 	EXP 	vid5: autoDraw = True
643.2070 	DATA 	Keypress: equal
644.7068 	DATA 	Keypress: equal
646.2124 	DATA 	Keypress: equal
647.7116 	DATA 	Keypress: equal
649.2072 	DATA 	Keypress: equal
650.7116 	DATA 	Keypress: equal
652.2105 	DATA 	Keypress: equal
653.7098 	DATA 	Keypress: equal
655.1913 	EXP 	Set vid5 finished
655.3983 	EXP 	Created sequence: random, trialTypes=1, nReps=1, seed=None
655.3986 	EXP 	New trial (rep=0, index=0): None
655.8197 	EXP 	Created vid1a_q = MovieStim3(__class__=<class 'psychopy.visual.movie3.MovieStim3'>, autoLog=True, color=UNKNOWN, colorSpace=UNKNOWN, depth=-1.0, filename='stims/wedding-16.1a.mp4', flipHoriz=False, flipVert=False, fps=UNKNOWN, interpolate=True, loop=False, name='vid1a_q', noAudio=False, opacity=1.0, ori=0, pos=array([0., 0.]), size=array([1280.,  720.]), units='pix', vframe_callback=UNKNOWN, volume=UNKNOWN, win=Window(...))
656.1996 	EXP 	Created vid1b_q = MovieStim3(__class__=<class 'psychopy.visual.movie3.MovieStim3'>, autoLog=True, color=UNKNOWN, colorSpace=UNKNOWN, depth=-2.0, filename='stims/wedding-16.1b.mp4', flipHoriz=False, flipVert=False, fps=UNKNOWN, interpolate=True, loop=False, name='vid1b_q', noAudio=False, opacity=1.0, ori=0, pos=array([0., 0.]), size=array([1280.,  720.]), units='pix', vframe_callback=UNKNOWN, volume=UNKNOWN, win=Window(...))
656.6545 	EXP 	Created vid2_q = MovieStim3(__class__=<class 'psychopy.visual.movie3.MovieStim3'>, autoLog=True, color=UNKNOWN, colorSpace=UNKNOWN, depth=-3.0, filename='stims/wedding-16.2b.mp4', flipHoriz=False, flipVert=False, fps=UNKNOWN, interpolate=True, loop=False, name='vid2_q', noAudio=False, opacity=1.0, ori=0, pos=array([0., 0.]), size=array([1280.,  720.]), units='pix', vframe_callback=UNKNOWN, volume=UNKNOWN, win=Window(...))
657.1750 	EXP 	Created vid3_q = MovieStim3(__class__=<class 'psychopy.visual.movie3.MovieStim3'>, autoLog=True, color=UNKNOWN, colorSpace=UNKNOWN, depth=-5.0, filename='stims/wedding-16.3b.mp4', flipHoriz=False, flipVert=False, fps=UNKNOWN, interpolate=True, loop=False, name='vid3_q', noAudio=False, opacity=1.0, ori=0, pos=array([0., 0.]), size=array([1280.,  720.]), units='pix', vframe_callback=UNKNOWN, volume=UNKNOWN, win=Window(...))
657.6916 	EXP 	Created vid4_q = MovieStim3(__class__=<class 'psychopy.visual.movie3.MovieStim3'>, autoLog=True, color=UNKNOWN, colorSpace=UNKNOWN, depth=-7.0, filename='stims/wedding-16.4b.mp4', flipHoriz=False, flipVert=False, fps=UNKNOWN, interpolate=True, loop=False, name='vid4_q', noAudio=False, opacity=1.0, ori=0, pos=array([0., 0.]), size=array([1280.,  720.]), units='pix', vframe_callback=UNKNOWN, volume=UNKNOWN, win=Window(...))
658.0763 	EXP 	Created vid5_q = MovieStim3(__class__=<class 'psychopy.visual.movie3.MovieStim3'>, autoLog=True, color=UNKNOWN, colorSpace=UNKNOWN, depth=-8.0, filename='stims/wedding-16.5.mp4', flipHoriz=False, flipVert=False, fps=UNKNOWN, interpolate=True, loop=False, name='vid5_q', noAudio=False, opacity=1.0, ori=0, pos=array([0., 0.]), size=array([1280.,  720.]), units='pix', vframe_callback=UNKNOWN, volume=UNKNOWN, win=Window(...))
658.3920 	EXP 	window1: recordFrameIntervals = False
658.3955 	DATA 	Keypress: equal
658.3977 	DATA 	Keypress: equal
658.3998 	DATA 	Keypress: equal
658.4052 	EXP 	vid1a: autoDraw = False
658.4052 	EXP 	vid1b: autoDraw = False
658.4052 	EXP 	vid2: autoDraw = False
658.4052 	EXP 	vid3: autoDraw = False
658.4052 	EXP 	vid4: autoDraw = False
658.4052 	EXP 	vid5: autoDraw = False
658.4052 	EXP 	vid1a_q: movie = 'stims/wedding-16.1a.mp4'
658.4052 	EXP 	vid1a_q: autoLog = True
658.4052 	EXP 	vid1b_q: movie = 'stims/wedding-16.1b.mp4'
658.4052 	EXP 	vid1b_q: autoLog = True
658.4052 	EXP 	vid2_q: movie = 'stims/wedding-16.2b.mp4'
658.4052 	EXP 	vid2_q: autoLog = True
658.4052 	EXP 	vid3_q: movie = 'stims/wedding-16.3b.mp4'
658.4052 	EXP 	vid3_q: autoLog = True
658.4052 	EXP 	vid4_q: movie = 'stims/wedding-16.4b.mp4'
658.4052 	EXP 	vid4_q: autoLog = True
658.4052 	EXP 	vid5_q: movie = 'stims/wedding-16.5.mp4'
658.4052 	EXP 	vid5_q: autoLog = True
658.4052 	EXP 	vid1a_q: autoDraw = False
658.4052 	EXP 	vid1b_q: autoDraw = False
658.4052 	EXP 	vid2_q: autoDraw = False
658.4052 	EXP 	l2q: autoDraw = False
658.4052 	EXP 	vid3_q: autoDraw = False
658.4052 	EXP 	l3q: autoDraw = False
658.4052 	EXP 	vid4_q: autoDraw = False
658.4052 	EXP 	vid5_q: autoDraw = False
658.5815 	EXP 	window1: recordFrameIntervals = False
660.1788 	DATA 	Keypress: equal
660.3932 	EXP 	eggPainting1: image = 'stimsday1details/painting16.png'
660.3932 	EXP 	eggPainting2: image = 'stimsday1details/newpainting6.png'
660.3932 	EXP 	character1: image = 'stimsday1details/newperson18.png'
660.3932 	EXP 	character2: image = 'stimsday1details/couple16.png'
660.3932 	EXP 	gift1: image = 'stimsday1details/gift16.png'
660.3932 	EXP 	gift2: image = 'stimsday1details/new18.png'
660.3932 	EXP 	themeQ1: image = 'stimsday1details/ct16.png'
660.3932 	EXP 	themeQ2: image = 'stimsday1details/t16.png'
660.3932 	EXP 	nameQ1: image = 'stimsday1details/n16.png'
660.3932 	EXP 	nameQ2: image = 'stimsday1details/cn16.png'
660.3932 	EXP 	nameQ1: autoDraw = True
660.3932 	EXP 	nameQ2: autoDraw = True
661.2069 	DATA 	Keypress: equal
661.2564 	DATA 	Keypress: 1
662.3891 	EXP 	nameQ1: autoDraw = False
662.3891 	EXP 	nameQ2: autoDraw = False
662.3891 	EXP 	nameQ1: autoDraw = False
662.3891 	EXP 	nameQ2: autoDraw = False
662.3891 	EXP 	eggPainting1: autoDraw = True
662.3891 	EXP 	eggPainting2: autoDraw = True
662.7065 	DATA 	Keypress: equal
663.2065 	DATA 	Keypress: 1
664.2069 	DATA 	Keypress: equal
664.3940 	EXP 	eggPainting1: autoDraw = False
664.3940 	EXP 	eggPainting2: autoDraw = False
664.3940 	EXP 	eggPainting1: autoDraw = False
664.3940 	EXP 	eggPainting2: autoDraw = False
664.3940 	EXP 	character1: autoDraw = True
664.3940 	EXP 	character2: autoDraw = True
665.1942 	DATA 	Keypress: 2
665.7071 	DATA 	Keypress: equal
666.3884 	EXP 	character1: autoDraw = False
666.3884 	EXP 	character2: autoDraw = False
666.3884 	EXP 	character1: autoDraw = False
666.3884 	EXP 	character2: autoDraw = False
666.3884 	EXP 	themeQ1: autoDraw = True
666.3884 	EXP 	themeQ2: autoDraw = True
667.2102 	DATA 	Keypress: equal
667.4394 	DATA 	Keypress: 2
668.3890 	EXP 	themeQ1: autoDraw = False
668.3890 	EXP 	themeQ2: autoDraw = False
668.3890 	EXP 	themeQ1: autoDraw = False
668.3890 	EXP 	themeQ2: autoDraw = False
668.3890 	EXP 	gift1: autoDraw = True
668.3890 	EXP 	gift2: autoDraw = True
668.7118 	DATA 	Keypress: equal
669.1736 	DATA 	Keypress: 1
670.2116 	DATA 	Keypress: equal
670.3878 	EXP 	gift1: autoDraw = False
670.3878 	EXP 	gift2: autoDraw = False
670.3878 	EXP 	gift1: autoDraw = False
670.3878 	EXP 	gift2: autoDraw = False
670.3878 	EXP 	northorsouth1: autoDraw = True
670.3878 	EXP 	northorsouth2: autoDraw = True
671.0905 	DATA 	Keypress: 1
671.7110 	DATA 	Keypress: equal
672.6727 	EXP 	New trial (rep=0, index=5): OrderedDict([('condsFile', 'videoBlock_schemaN_pathB_4.csv')])
672.6858 	EXP 	Imported videoBlock_schemaN_pathB_4.csv as conditions, 1 conditions, 17 params
672.6863 	EXP 	Created sequence: random, trialTypes=1, nReps=1, seed=None
672.6870 	EXP 	New trial (rep=0, index=0): OrderedDict([('northOrSouth', 'north.png'), ('stimFile1a', 'stims/wedding-12.1a.mp4'), ('stimFile1b', 'stims/wedding-12.1b.mp4'), ('stimFile2', 'stims/wedding-12.2b.mp4'), ('stimFile3', 'stims/wedding-12.3b.mp4'), ('stimFile4', 'stims/wedding-12.4b.mp4'), ('stimFile5', 'stims/wedding-12.5.mp4'), ('QeggPainting1', 'stimsday1details/painting12.png'), ('Qcharacter1', 'stimsday1details/couple12.png'), ('Qgift1', 'stimsday1details/gift12.png'), ('QeggPainting2', 'stimsday1details/newpainting4.png'), ('Qcharacter2', 'stimsday1details/newperson16.png'), ('Qgift2', 'stimsday1details/new16.png'), ('Qname1', 'stimsday1details/n12.png'), ('Qtheme1', 'stimsday1details/t12.png'), ('Qname2', 'stimsday1details/cn12.png'), ('Qtheme2', 'stimsday1details/ct12.png')])
672.7059 	EXP 	northorsouth1: autoDraw = False
672.7059 	EXP 	northorsouth2: autoDraw = False
672.7059 	EXP 	northorsouth1: autoDraw = False
672.7059 	EXP 	northorsouth2: autoDraw = False
672.7059 	EXP 	image_3: autoDraw = True
673.2072 	DATA 	Keypress: equal
674.6905 	EXP 	Created sequence: random, trialTypes=1, nReps=1, seed=None
674.6909 	EXP 	New trial (rep=0, index=0): None
675.1212 	EXP 	Created vid1a = MovieStim3(__class__=<class 'psychopy.visual.movie3.MovieStim3'>, autoLog=True, color=UNKNOWN, colorSpace=UNKNOWN, depth=-1.0, filename='stims/wedding-12.1a.mp4', flipHoriz=False, flipVert=False, fps=UNKNOWN, interpolate=True, loop=False, name='vid1a', noAudio=False, opacity=1.0, ori=0, pos=array([0., 0.]), size=array([1280.,  720.]), units='pix', vframe_callback=UNKNOWN, volume=UNKNOWN, win=Window(...))
675.5069 	EXP 	Created vid1b = MovieStim3(__class__=<class 'psychopy.visual.movie3.MovieStim3'>, autoLog=True, color=UNKNOWN, colorSpace=UNKNOWN, depth=-2.0, filename='stims/wedding-12.1b.mp4', flipHoriz=False, flipVert=False, fps=UNKNOWN, interpolate=True, loop=False, name='vid1b', noAudio=False, opacity=1.0, ori=0, pos=array([0., 0.]), size=array([1280.,  720.]), units='pix', vframe_callback=UNKNOWN, volume=UNKNOWN, win=Window(...))
675.9218 	EXP 	Created vid2 = MovieStim3(__class__=<class 'psychopy.visual.movie3.MovieStim3'>, autoLog=True, color=UNKNOWN, colorSpace=UNKNOWN, depth=-3.0, filename='stims/wedding-12.2b.mp4', flipHoriz=False, flipVert=False, fps=UNKNOWN, interpolate=True, loop=False, name='vid2', noAudio=False, opacity=1.0, ori=0, pos=array([0., 0.]), size=array([1280.,  720.]), units='pix', vframe_callback=UNKNOWN, volume=UNKNOWN, win=Window(...))
676.4557 	EXP 	Created vid3 = MovieStim3(__class__=<class 'psychopy.visual.movie3.MovieStim3'>, autoLog=True, color=UNKNOWN, colorSpace=UNKNOWN, depth=-4.0, filename='stims/wedding-12.3b.mp4', flipHoriz=False, flipVert=False, fps=UNKNOWN, interpolate=True, loop=False, name='vid3', noAudio=False, opacity=1.0, ori=0, pos=array([0., 0.]), size=array([1280.,  720.]), units='pix', vframe_callback=UNKNOWN, volume=UNKNOWN, win=Window(...))
676.9280 	EXP 	Created vid4 = MovieStim3(__class__=<class 'psychopy.visual.movie3.MovieStim3'>, autoLog=True, color=UNKNOWN, colorSpace=UNKNOWN, depth=-5.0, filename='stims/wedding-12.4b.mp4', flipHoriz=False, flipVert=False, fps=UNKNOWN, interpolate=True, loop=False, name='vid4', noAudio=False, opacity=1.0, ori=0, pos=array([0., 0.]), size=array([1280.,  720.]), units='pix', vframe_callback=UNKNOWN, volume=UNKNOWN, win=Window(...))
677.3189 	EXP 	Created vid5 = MovieStim3(__class__=<class 'psychopy.visual.movie3.MovieStim3'>, autoLog=True, color=UNKNOWN, colorSpace=UNKNOWN, depth=-6.0, filename='stims/wedding-12.5.mp4', flipHoriz=False, flipVert=False, fps=UNKNOWN, interpolate=True, loop=False, name='vid5', noAudio=False, opacity=1.0, ori=0, pos=array([0., 0.]), size=array([1280.,  720.]), units='pix', vframe_callback=UNKNOWN, volume=UNKNOWN, win=Window(...))
677.8135 	EXP 	Created sequence: random, trialTypes=1, nReps=1, seed=None
677.8138 	EXP 	New trial (rep=0, index=0): None
678.2303 	EXP 	Created vid1a_q = MovieStim3(__class__=<class 'psychopy.visual.movie3.MovieStim3'>, autoLog=True, color=UNKNOWN, colorSpace=UNKNOWN, depth=-1.0, filename='stims/wedding-12.1a.mp4', flipHoriz=False, flipVert=False, fps=UNKNOWN, interpolate=True, loop=False, name='vid1a_q', noAudio=False, opacity=1.0, ori=0, pos=array([0., 0.]), size=array([1280.,  720.]), units='pix', vframe_callback=UNKNOWN, volume=UNKNOWN, win=Window(...))
678.6017 	EXP 	Created vid1b_q = MovieStim3(__class__=<class 'psychopy.visual.movie3.MovieStim3'>, autoLog=True, color=UNKNOWN, colorSpace=UNKNOWN, depth=-2.0, filename='stims/wedding-12.1b.mp4', flipHoriz=False, flipVert=False, fps=UNKNOWN, interpolate=True, loop=False, name='vid1b_q', noAudio=False, opacity=1.0, ori=0, pos=array([0., 0.]), size=array([1280.,  720.]), units='pix', vframe_callback=UNKNOWN, volume=UNKNOWN, win=Window(...))
679.0071 	EXP 	Created vid2_q = MovieStim3(__class__=<class 'psychopy.visual.movie3.MovieStim3'>, autoLog=True, color=UNKNOWN, colorSpace=UNKNOWN, depth=-3.0, filename='stims/wedding-12.2b.mp4', flipHoriz=False, flipVert=False, fps=UNKNOWN, interpolate=True, loop=False, name='vid2_q', noAudio=False, opacity=1.0, ori=0, pos=array([0., 0.]), size=array([1280.,  720.]), units='pix', vframe_callback=UNKNOWN, volume=UNKNOWN, win=Window(...))
679.5292 	EXP 	Created vid3_q = MovieStim3(__class__=<class 'psychopy.visual.movie3.MovieStim3'>, autoLog=True, color=UNKNOWN, colorSpace=UNKNOWN, depth=-5.0, filename='stims/wedding-12.3b.mp4', flipHoriz=False, flipVert=False, fps=UNKNOWN, interpolate=True, loop=False, name='vid3_q', noAudio=False, opacity=1.0, ori=0, pos=array([0., 0.]), size=array([1280.,  720.]), units='pix', vframe_callback=UNKNOWN, volume=UNKNOWN, win=Window(...))
679.9852 	EXP 	Created vid4_q = MovieStim3(__class__=<class 'psychopy.visual.movie3.MovieStim3'>, autoLog=True, color=UNKNOWN, colorSpace=UNKNOWN, depth=-7.0, filename='stims/wedding-12.4b.mp4', flipHoriz=False, flipVert=False, fps=UNKNOWN, interpolate=True, loop=False, name='vid4_q', noAudio=False, opacity=1.0, ori=0, pos=array([0., 0.]), size=array([1280.,  720.]), units='pix', vframe_callback=UNKNOWN, volume=UNKNOWN, win=Window(...))
680.3645 	EXP 	Created vid5_q = MovieStim3(__class__=<class 'psychopy.visual.movie3.MovieStim3'>, autoLog=True, color=UNKNOWN, colorSpace=UNKNOWN, depth=-8.0, filename='stims/wedding-12.5.mp4', flipHoriz=False, flipVert=False, fps=UNKNOWN, interpolate=True, loop=False, name='vid5_q', noAudio=False, opacity=1.0, ori=0, pos=array([0., 0.]), size=array([1280.,  720.]), units='pix', vframe_callback=UNKNOWN, volume=UNKNOWN, win=Window(...))
680.4829 	EXP 	window1: recordFrameIntervals = False
680.4866 	DATA 	Keypress: equal
680.4890 	DATA 	Keypress: equal
680.4912 	DATA 	Keypress: equal
680.4935 	DATA 	Keypress: equal
680.5050 	EXP 	image_3: autoDraw = False
680.5050 	EXP 	image_3: autoDraw = False
680.5050 	EXP 	vid1a: movie = 'stims/wedding-12.1a.mp4'
680.5050 	EXP 	vid1a: autoLog = True
680.5050 	EXP 	vid1b: movie = 'stims/wedding-12.1b.mp4'
680.5050 	EXP 	vid1b: autoLog = True
680.5050 	EXP 	vid2: movie = 'stims/wedding-12.2b.mp4'
680.5050 	EXP 	vid2: autoLog = True
680.5050 	EXP 	vid3: movie = 'stims/wedding-12.3b.mp4'
680.5050 	EXP 	vid3: autoLog = True
680.5050 	EXP 	vid4: movie = 'stims/wedding-12.4b.mp4'
680.5050 	EXP 	vid4: autoLog = True
680.5050 	EXP 	vid5: movie = 'stims/wedding-12.5.mp4'
680.5050 	EXP 	vid5: autoLog = True
680.5050 	EXP 	vid1a: autoDraw = False
680.5050 	EXP 	vid1b: autoDraw = False
680.5050 	EXP 	vid2: autoDraw = False
680.5050 	EXP 	vid3: autoDraw = False
680.5050 	EXP 	vid4: autoDraw = False
680.5050 	EXP 	vid5: autoDraw = False
680.5050 	EXP 	vid1a_q: movie = 'stims/wedding-12.1a.mp4'
680.5050 	EXP 	vid1a_q: autoLog = True
680.5050 	EXP 	vid1b_q: movie = 'stims/wedding-12.1b.mp4'
680.5050 	EXP 	vid1b_q: autoLog = True
680.5050 	EXP 	vid2_q: movie = 'stims/wedding-12.2b.mp4'
680.5050 	EXP 	vid2_q: autoLog = True
680.5050 	EXP 	vid3_q: movie = 'stims/wedding-12.3b.mp4'
680.5050 	EXP 	vid3_q: autoLog = True
680.5050 	EXP 	vid4_q: movie = 'stims/wedding-12.4b.mp4'
680.5050 	EXP 	vid4_q: autoLog = True
680.5050 	EXP 	vid5_q: movie = 'stims/wedding-12.5.mp4'
680.5050 	EXP 	vid5_q: autoLog = True
683.0733 	EXP 	window1: recordFrameIntervals = False
685.2700 	DATA 	Keypress: equal
685.2722 	DATA 	Keypress: equal
685.2742 	DATA 	Keypress: equal
685.2763 	DATA 	Keypress: equal
685.4720 	EXP 	vid1a_q: movie = 'stims/wedding-12.1a.mp4'
685.4720 	EXP 	vid1b_q: movie = 'stims/wedding-12.1b.mp4'
685.4720 	EXP 	vid2_q: movie = 'stims/wedding-12.2b.mp4'
685.4720 	EXP 	vid3_q: movie = 'stims/wedding-12.3b.mp4'
685.4720 	EXP 	vid4_q: movie = 'stims/wedding-12.4b.mp4'
685.4720 	EXP 	vid5_q: movie = 'stims/wedding-12.5.mp4'
685.4881 	EXP 	vid1a_q: autoDraw = True
686.7078 	DATA 	Keypress: equal
688.2023 	DATA 	Keypress: equal
689.7067 	DATA 	Keypress: equal
691.2062 	DATA 	Keypress: equal
692.7069 	DATA 	Keypress: equal
694.2109 	DATA 	Keypress: equal
695.7076 	DATA 	Keypress: equal
697.2072 	DATA 	Keypress: equal
698.7133 	DATA 	Keypress: equal
700.2087 	DATA 	Keypress: equal
701.7066 	DATA 	Keypress: equal
701.8250 	EXP 	vid1a_q: autoDraw = False
701.8385 	EXP 	vid1b_q: autoDraw = True
703.2063 	DATA 	Keypress: equal
704.7116 	DATA 	Keypress: equal
706.2087 	DATA 	Keypress: equal
707.7133 	DATA 	Keypress: equal
709.2066 	DATA 	Keypress: equal
710.6208 	EXP 	Set vid1b_q finished
710.7061 	DATA 	Keypress: equal
710.8376 	EXP 	vid2_q: autoDraw = True
712.2064 	DATA 	Keypress: equal
713.7120 	DATA 	Keypress: equal
715.2063 	DATA 	Keypress: equal
716.7074 	DATA 	Keypress: equal
718.2075 	DATA 	Keypress: equal
719.7079 	DATA 	Keypress: equal
721.2065 	DATA 	Keypress: equal
722.7066 	DATA 	Keypress: equal
724.2069 	DATA 	Keypress: equal
725.7007 	DATA 	Keypress: equal
727.2019 	DATA 	Keypress: equal
727.7213 	EXP 	Set vid2_q finished
727.8421 	EXP 	l2q: autoDraw = True
728.7062 	DATA 	Keypress: equal
730.2062 	DATA 	Keypress: equal
731.5109 	DATA 	Keypress: 1
731.7107 	DATA 	Keypress: equal
731.8250 	EXP 	l2q: autoDraw = False
731.8427 	EXP 	vid3_q: autoDraw = True
733.2103 	DATA 	Keypress: equal
734.7104 	DATA 	Keypress: equal
736.2069 	DATA 	Keypress: equal
737.7024 	DATA 	Keypress: equal
739.2063 	DATA 	Keypress: equal
740.7021 	DATA 	Keypress: equal
742.2364 	DATA 	Keypress: equal
743.7019 	DATA 	Keypress: equal
745.1993 	DATA 	Keypress: equal
746.7012 	DATA 	Keypress: equal
748.2028 	DATA 	Keypress: equal
749.7067 	DATA 	Keypress: equal
751.2063 	DATA 	Keypress: equal
752.7069 	DATA 	Keypress: equal
754.2063 	DATA 	Keypress: equal
754.8217 	EXP 	vid3_q: autoDraw = False
754.8373 	EXP 	l3q: autoDraw = True
755.7109 	DATA 	Keypress: equal
755.9235 	DATA 	Keypress: 2
757.2102 	DATA 	Keypress: equal
758.7103 	DATA 	Keypress: equal
758.8203 	EXP 	l3q: autoDraw = False
758.8373 	EXP 	vid4_q: autoDraw = True
760.2101 	DATA 	Keypress: equal
761.7052 	DATA 	Keypress: equal
763.2064 	DATA 	Keypress: equal
764.7060 	DATA 	Keypress: equal
766.2052 	DATA 	Keypress: equal
767.7014 	DATA 	Keypress: equal
769.2067 	DATA 	Keypress: equal
770.7067 	DATA 	Keypress: equal
772.2053 	DATA 	Keypress: equal
773.7067 	DATA 	Keypress: equal
775.2056 	DATA 	Keypress: equal
776.7055 	DATA 	Keypress: equal
778.2054 	DATA 	Keypress: equal
779.7062 	DATA 	Keypress: equal
781.2017 	DATA 	Keypress: equal
781.8865 	EXP 	Set vid4_q finished
782.7093 	DATA 	Keypress: equal
782.8369 	EXP 	vid5_q: autoDraw = True
784.2107 	DATA 	Keypress: equal
785.7114 	DATA 	Keypress: equal
787.2105 	DATA 	Keypress: equal
788.7066 	DATA 	Keypress: equal
790.2064 	DATA 	Keypress: equal
791.7063 	DATA 	Keypress: equal
793.1975 	DATA 	Keypress: equal
794.6976 	DATA 	Keypress: equal
794.8867 	EXP 	Set vid5_q finished
795.1687 	EXP 	window1: recordFrameIntervals = False
795.1878 	EXP 	vid1a_q: autoDraw = False
795.1878 	EXP 	vid1b_q: autoDraw = False
795.1878 	EXP 	vid2_q: autoDraw = False
795.1878 	EXP 	l2q: autoDraw = False
795.1878 	EXP 	vid3_q: autoDraw = False
795.1878 	EXP 	l3q: autoDraw = False
795.1878 	EXP 	vid4_q: autoDraw = False
795.1878 	EXP 	vid5_q: autoDraw = False
795.3730 	EXP 	window1: recordFrameIntervals = False
796.9551 	DATA 	Keypress: equal
797.1702 	EXP 	eggPainting1: image = 'stimsday1details/painting12.png'
797.1702 	EXP 	eggPainting2: image = 'stimsday1details/newpainting4.png'
797.1702 	EXP 	character1: image = 'stimsday1details/couple12.png'
797.1702 	EXP 	character2: image = 'stimsday1details/newperson16.png'
797.1702 	EXP 	gift1: image = 'stimsday1details/gift12.png'
797.1702 	EXP 	gift2: image = 'stimsday1details/new16.png'
797.1702 	EXP 	themeQ1: image = 'stimsday1details/t12.png'
797.1702 	EXP 	themeQ2: image = 'stimsday1details/ct12.png'
797.1702 	EXP 	nameQ1: image = 'stimsday1details/n12.png'
797.1702 	EXP 	nameQ2: image = 'stimsday1details/cn12.png'
797.1702 	EXP 	nameQ1: autoDraw = True
797.1702 	EXP 	nameQ2: autoDraw = True
797.7050 	DATA 	Keypress: equal
797.9712 	DATA 	Keypress: 1
799.1699 	EXP 	nameQ1: autoDraw = False
799.1699 	EXP 	nameQ2: autoDraw = False
799.1699 	EXP 	nameQ1: autoDraw = False
799.1699 	EXP 	nameQ2: autoDraw = False
799.1699 	EXP 	eggPainting1: autoDraw = True
799.1699 	EXP 	eggPainting2: autoDraw = True
799.2057 	DATA 	Keypress: equal
800.4557 	DATA 	Keypress: 1
800.7053 	DATA 	Keypress: equal
801.1708 	EXP 	eggPainting1: autoDraw = False
801.1708 	EXP 	eggPainting2: autoDraw = False
801.1708 	EXP 	eggPainting1: autoDraw = False
801.1708 	EXP 	eggPainting2: autoDraw = False
801.1708 	EXP 	character1: autoDraw = True
801.1708 	EXP 	character2: autoDraw = True
802.0593 	DATA 	Keypress: 1
802.2097 	DATA 	Keypress: equal
803.1704 	EXP 	character1: autoDraw = False
803.1704 	EXP 	character2: autoDraw = False
803.1704 	EXP 	character1: autoDraw = False
803.1704 	EXP 	character2: autoDraw = False
803.1704 	EXP 	themeQ1: autoDraw = True
803.1704 	EXP 	themeQ2: autoDraw = True
803.7098 	DATA 	Keypress: equal
804.5723 	DATA 	Keypress: 1
805.1699 	EXP 	themeQ1: autoDraw = False
805.1699 	EXP 	themeQ2: autoDraw = False
805.1699 	EXP 	themeQ1: autoDraw = False
805.1699 	EXP 	themeQ2: autoDraw = False
805.1699 	EXP 	gift1: autoDraw = True
805.1699 	EXP 	gift2: autoDraw = True
805.2105 	DATA 	Keypress: equal
805.9589 	DATA 	Keypress: 1
806.7094 	DATA 	Keypress: equal
807.1702 	EXP 	gift1: autoDraw = False
807.1702 	EXP 	gift2: autoDraw = False
807.1702 	EXP 	gift1: autoDraw = False
807.1702 	EXP 	gift2: autoDraw = False
807.1702 	EXP 	northorsouth1: autoDraw = True
807.1702 	EXP 	northorsouth2: autoDraw = True
807.7377 	DATA 	Keypress: 1
808.2099 	DATA 	Keypress: equal
809.5038 	EXP 	northorsouth1: autoDraw = False
809.5038 	EXP 	northorsouth2: autoDraw = False
809.5038 	EXP 	northorsouth1: autoDraw = False
809.5038 	EXP 	northorsouth2: autoDraw = False
809.8096 	EXP 	window1: mouseVisible = True
