1.8197 	WARNING 	Import Error: No module named 'psychtoolbox'. Using event module for keyboard component.
5.5659 	WARNING 	User requested fullscreen with size [2560 1440], but screen is actually [1920, 1080]. Using actual size
6.2016 	EXP 	Created window1 = Window(allowGUI=False, allowStencil=False, args=UNKNOWN, autoLog=True, bitsMode=UNKNOWN, blendMode='avg', color=array([0., 0., 0.]), colorSpace='rgb', fullscr=<method-wrapper '__getattribute__' of attributeSetter object at 0x13271cb208>, gamma=None, kwargs=UNKNOWN, lms=UNKNOWN, monitor=<psychopy.monitors.calibTools.Monitor object at 0x1328eabcf8>, multiSample=False, name='window1', numSamples=2, pos=[0.0, 0.0], screen=0, size=array([1920, 1080]), stereo=False, units='norm', useFBO=True, useRetina=False, viewOri=0.0, viewPos=None, viewScale=None, waitBlanking=True, winType='pyglet')
6.2017 	EXP 	window1: recordFrameIntervals = False
6.3676 	EXP 	window1: recordFrameIntervals = True
6.5515 	EXP 	window1: recordFrameIntervals = False
6.6746 	EXP 	Created text = TextStim(__class__=<class 'psychopy.visual.text.TextStim'>, alignHoriz='center', alignVert='center', antialias=True, autoLog=True, bold=False, color='white', colorSpace='named', contrast=1.0, depth=0.0, flipHoriz=False, flipVert=False, font='Arial', fontFiles=[], height=0.1, italic=False, languageStyle='LTR', name='text', opacity=1.0, ori=0, pos=array([0., 0.]), rgb=array([255., 255., 255.]), text='waiting for experimenter...', units='norm', win=Window(...), wrapWidth=1)
6.6832 	EXP 	Created waiting = TextStim(__class__=<class 'psychopy.visual.text.TextStim'>, alignHoriz='center', alignVert='center', antialias=True, autoLog=True, bold=False, color='white', colorSpace='named', contrast=1.0, depth=0.0, flipHoriz=False, flipVert=False, font='Arial', fontFiles=[], height=0.1, italic=False, languageStyle='LTR', name='waiting', opacity=1.0, ori=0, pos=array([0., 0.]), rgb=array([255., 255., 255.]), text='waiting for scanner', units='norm', win=Window(...), wrapWidth=1)
6.7067 	EXP 	Created image_2 = ImageStim(__class__=<class 'psychopy.visual.image.ImageStim'>, autoLog=True, color=array([1., 1., 1.]), colorSpace='rgb', contrast=1.0, depth=0.0, flipHoriz=False, flipVert=False, image='south.png', interpolate=True, mask=None, maskParams=None, name='image_2', opacity=1.0, ori=0.0, pos=array([0., 0.]), size=array([0.5, 0.5]), texRes=128, units='norm', win=Window(...))
6.7178 	EXP 	Created l2q = ImageStim(__class__=<class 'psychopy.visual.image.ImageStim'>, autoLog=True, color=array([1., 1., 1.]), colorSpace='rgb', contrast=1.0, depth=-4.0, flipHoriz=False, flipVert=False, image='LAYER2Q.png', interpolate=True, mask=None, maskParams=None, name='l2q', opacity=1.0, ori=0.0, pos=array([0., 0.]), size=array([0.5, 0.5]), texRes=128, units='norm', win=Window(...))
6.7279 	EXP 	Created l3q = ImageStim(__class__=<class 'psychopy.visual.image.ImageStim'>, autoLog=True, color=array([1., 1., 1.]), colorSpace='rgb', contrast=1.0, depth=-6.0, flipHoriz=False, flipVert=False, image='LAYER3Q.png', interpolate=True, mask=None, maskParams=None, name='l3q', opacity=1.0, ori=0.0, pos=array([0., 0.]), size=array([0.5, 0.5]), texRes=128, units='norm', win=Window(...))
6.7338 	EXP 	Created nameQ1 = ImageStim(__class__=<class 'psychopy.visual.image.ImageStim'>, autoLog=True, color=array([1., 1., 1.]), colorSpace='rgb', contrast=1.0, depth=-1.0, flipHoriz=False, flipVert=False, image='sin', interpolate=True, mask=None, maskParams=None, name='nameQ1', opacity=1.0, ori=0.0, pos=array([-0.5, -0.2]), size=array([0.5, 0.5]), texRes=128, units='norm', win=Window(...))
6.7363 	EXP 	Created nameQ2 = ImageStim(__class__=<class 'psychopy.visual.image.ImageStim'>, autoLog=True, color=array([1., 1., 1.]), colorSpace='rgb', contrast=1.0, depth=-2.0, flipHoriz=False, flipVert=False, image='sin', interpolate=True, mask=None, maskParams=None, name='nameQ2', opacity=1.0, ori=0.0, pos=array([ 0.5, -0.2]), size=array([0.5, 0.5]), texRes=128, units='norm', win=Window(...))
6.7386 	EXP 	Created eggPainting1 = ImageStim(__class__=<class 'psychopy.visual.image.ImageStim'>, autoLog=True, color=array([1., 1., 1.]), colorSpace='rgb', contrast=1.0, depth=0.0, flipHoriz=False, flipVert=False, image='sin', interpolate=True, mask=None, maskParams=None, name='eggPainting1', opacity=1.0, ori=0.0, pos=array([-0.5, -0.2]), size=array([0.7, 1. ]), texRes=128, units='norm', win=Window(...))
6.7412 	EXP 	Created eggPainting2 = ImageStim(__class__=<class 'psychopy.visual.image.ImageStim'>, autoLog=True, color=array([1., 1., 1.]), colorSpace='rgb', contrast=1.0, depth=-2.0, flipHoriz=False, flipVert=False, image='sin', interpolate=True, mask=None, maskParams=None, name='eggPainting2', opacity=1.0, ori=0.0, pos=array([ 0.5, -0.2]), size=array([0.7, 1. ]), texRes=128, units='norm', win=Window(...))
6.7436 	EXP 	Created character1 = ImageStim(__class__=<class 'psychopy.visual.image.ImageStim'>, autoLog=True, color=array([1., 1., 1.]), colorSpace='rgb', contrast=1.0, depth=0.0, flipHoriz=False, flipVert=False, image='sin', interpolate=True, mask=None, maskParams=None, name='character1', opacity=1.0, ori=0.0, pos=array([-0.5, -0.2]), size=array([0.5, 1. ]), texRes=128, units='norm', win=Window(...))
6.7460 	EXP 	Created character2 = ImageStim(__class__=<class 'psychopy.visual.image.ImageStim'>, autoLog=True, color=array([1., 1., 1.]), colorSpace='rgb', contrast=1.0, depth=-1.0, flipHoriz=False, flipVert=False, image='sin', interpolate=True, mask=None, maskParams=None, name='character2', opacity=1.0, ori=0.0, pos=array([ 0.5, -0.2]), size=array([0.5, 1. ]), texRes=128, units='norm', win=Window(...))
6.7484 	EXP 	Created themeQ1 = ImageStim(__class__=<class 'psychopy.visual.image.ImageStim'>, autoLog=True, color=array([1., 1., 1.]), colorSpace='rgb', contrast=1.0, depth=-1.0, flipHoriz=False, flipVert=False, image='sin', interpolate=True, mask=None, maskParams=None, name='themeQ1', opacity=1.0, ori=0.0, pos=array([-0.5, -0.2]), size=array([0.5, 0.5]), texRes=128, units='norm', win=Window(...))
6.7508 	EXP 	Created themeQ2 = ImageStim(__class__=<class 'psychopy.visual.image.ImageStim'>, autoLog=True, color=array([1., 1., 1.]), colorSpace='rgb', contrast=1.0, depth=-2.0, flipHoriz=False, flipVert=False, image='sin', interpolate=True, mask=None, maskParams=None, name='themeQ2', opacity=1.0, ori=0.0, pos=array([ 0.5, -0.2]), size=array([0.5, 0.5]), texRes=128, units='norm', win=Window(...))
6.7531 	EXP 	Created gift1 = ImageStim(__class__=<class 'psychopy.visual.image.ImageStim'>, autoLog=True, color=array([1., 1., 1.]), colorSpace='rgb', contrast=1.0, depth=0.0, flipHoriz=False, flipVert=False, image='sin', interpolate=True, mask=None, maskParams=None, name='gift1', opacity=1.0, ori=0.0, pos=array([-0.5, -0.2]), size=array([0.5, 0.5]), texRes=128, units='norm', win=Window(...))
6.7555 	EXP 	Created gift2 = ImageStim(__class__=<class 'psychopy.visual.image.ImageStim'>, autoLog=True, color=array([1., 1., 1.]), colorSpace='rgb', contrast=1.0, depth=-1.0, flipHoriz=False, flipVert=False, image='sin', interpolate=True, mask=None, maskParams=None, name='gift2', opacity=1.0, ori=0.0, pos=array([ 0.5, -0.2]), size=array([0.5, 0.5]), texRes=128, units='norm', win=Window(...))
6.7592 	EXP 	Created northorsouth1 = ImageStim(__class__=<class 'psychopy.visual.image.ImageStim'>, autoLog=True, color=array([1., 1., 1.]), colorSpace='rgb', contrast=1.0, depth=0.0, flipHoriz=False, flipVert=False, image='northorsouth1.png', interpolate=True, mask=None, maskParams=None, name='northorsouth1', opacity=1.0, ori=0.0, pos=array([-0.5, -0.2]), size=array([0.5, 0.5]), texRes=128, units='norm', win=Window(...))
6.7628 	EXP 	Created northorsouth2 = ImageStim(__class__=<class 'psychopy.visual.image.ImageStim'>, autoLog=True, color=array([1., 1., 1.]), colorSpace='rgb', contrast=1.0, depth=-2.0, flipHoriz=False, flipVert=False, image='northorsouth2.png', interpolate=True, mask=None, maskParams=None, name='northorsouth2', opacity=1.0, ori=0.0, pos=array([ 0.5, -0.2]), size=array([0.5, 0.5]), texRes=128, units='norm', win=Window(...))
6.7845 	EXP 	text: autoDraw = True
7.3088 	DATA 	Keypress: g
7.3175 	EXP 	text: autoDraw = False
7.3175 	EXP 	waiting: autoDraw = True
25.9692 	DATA 	Keypress: equal
25.9811 	EXP 	Imported chooseBlock3.csv as conditions, 6 conditions, 1 params
25.9815 	EXP 	Created sequence: random, trialTypes=6, nReps=1, seed=None
25.9819 	EXP 	New trial (rep=0, index=0): OrderedDict([('condsFile', 'videoBlock_schemaS_pathA_2.csv')])
25.9911 	EXP 	Imported videoBlock_schemaS_pathA_2.csv as conditions, 1 conditions, 17 params
25.9914 	EXP 	Created sequence: random, trialTypes=1, nReps=1, seed=None
25.9921 	EXP 	New trial (rep=0, index=0): OrderedDict([('northOrSouth', 'south.png'), ('stimFile1a', 'stims/wedding-25.1a.mp4'), ('stimFile1b', 'stims/wedding-25.1b.mp4'), ('stimFile2', 'stims/wedding-25.2a.mp4'), ('stimFile3', 'stims/wedding-25.3b.mp4'), ('stimFile4', 'stims/wedding-25.4a.mp4'), ('stimFile5', 'stims/wedding-25.5.mp4'), ('QeggPainting1', 'stimsday1details/egg25.png'), ('Qcharacter1', 'stimsday1details/couple25.png'), ('Qgift1', 'stimsday1details/gift25.png'), ('QeggPainting2', 'stimsday1details/newegg8.png'), ('Qcharacter2', 'stimsday1details/newperson8.png'), ('Qgift2', 'stimsday1details/new8.png'), ('Qname1', 'stimsday1details/cn25.png'), ('Qtheme1', 'stimsday1details/ct25.png'), ('Qname2', 'stimsday1details/n25.png'), ('Qtheme2', 'stimsday1details/t25.png')])
26.0036 	EXP 	waiting: autoDraw = False
26.0036 	EXP 	image_2: autoDraw = True
27.4689 	DATA 	Keypress: equal
27.9889 	EXP 	Created sequence: random, trialTypes=1, nReps=1, seed=None
27.9892 	EXP 	New trial (rep=0, index=0): None
28.6624 	EXP 	Created vid1a = MovieStim3(__class__=<class 'psychopy.visual.movie3.MovieStim3'>, autoLog=True, color=UNKNOWN, colorSpace=UNKNOWN, depth=-1.0, filename='stims/wedding-25.1a.mp4', flipHoriz=False, flipVert=False, fps=UNKNOWN, interpolate=True, loop=False, name='vid1a', noAudio=False, opacity=1.0, ori=0, pos=array([0., 0.]), size=array([1280.,  720.]), units='pix', vframe_callback=UNKNOWN, volume=UNKNOWN, win=Window(...))
29.0034 	EXP 	Created vid1b = MovieStim3(__class__=<class 'psychopy.visual.movie3.MovieStim3'>, autoLog=True, color=UNKNOWN, colorSpace=UNKNOWN, depth=-2.0, filename='stims/wedding-25.1b.mp4', flipHoriz=False, flipVert=False, fps=UNKNOWN, interpolate=True, loop=False, name='vid1b', noAudio=False, opacity=1.0, ori=0, pos=array([0., 0.]), size=array([1280.,  720.]), units='pix', vframe_callback=UNKNOWN, volume=UNKNOWN, win=Window(...))
29.4605 	EXP 	Created vid2 = MovieStim3(__class__=<class 'psychopy.visual.movie3.MovieStim3'>, autoLog=True, color=UNKNOWN, colorSpace=UNKNOWN, depth=-3.0, filename='stims/wedding-25.2a.mp4', flipHoriz=False, flipVert=False, fps=UNKNOWN, interpolate=True, loop=False, name='vid2', noAudio=False, opacity=1.0, ori=0, pos=array([0., 0.]), size=array([1280.,  720.]), units='pix', vframe_callback=UNKNOWN, volume=UNKNOWN, win=Window(...))
30.0015 	EXP 	Created vid3 = MovieStim3(__class__=<class 'psychopy.visual.movie3.MovieStim3'>, autoLog=True, color=UNKNOWN, colorSpace=UNKNOWN, depth=-4.0, filename='stims/wedding-25.3b.mp4', flipHoriz=False, flipVert=False, fps=UNKNOWN, interpolate=True, loop=False, name='vid3', noAudio=False, opacity=1.0, ori=0, pos=array([0., 0.]), size=array([1280.,  720.]), units='pix', vframe_callback=UNKNOWN, volume=UNKNOWN, win=Window(...))
30.5707 	EXP 	Created vid4 = MovieStim3(__class__=<class 'psychopy.visual.movie3.MovieStim3'>, autoLog=True, color=UNKNOWN, colorSpace=UNKNOWN, depth=-5.0, filename='stims/wedding-25.4a.mp4', flipHoriz=False, flipVert=False, fps=UNKNOWN, interpolate=True, loop=False, name='vid4', noAudio=False, opacity=1.0, ori=0, pos=array([0., 0.]), size=array([1280.,  720.]), units='pix', vframe_callback=UNKNOWN, volume=UNKNOWN, win=Window(...))
30.9681 	EXP 	Created vid5 = MovieStim3(__class__=<class 'psychopy.visual.movie3.MovieStim3'>, autoLog=True, color=UNKNOWN, colorSpace=UNKNOWN, depth=-6.0, filename='stims/wedding-25.5.mp4', flipHoriz=False, flipVert=False, fps=UNKNOWN, interpolate=True, loop=False, name='vid5', noAudio=False, opacity=1.0, ori=0, pos=array([0., 0.]), size=array([1280.,  720.]), units='pix', vframe_callback=UNKNOWN, volume=UNKNOWN, win=Window(...))
31.0096 	EXP 	Created sequence: random, trialTypes=1, nReps=1, seed=None
31.0099 	EXP 	New trial (rep=0, index=0): None
31.5629 	EXP 	Created vid1a_q = MovieStim3(__class__=<class 'psychopy.visual.movie3.MovieStim3'>, autoLog=True, color=UNKNOWN, colorSpace=UNKNOWN, depth=-1.0, filename='stims/wedding-25.1a.mp4', flipHoriz=False, flipVert=False, fps=UNKNOWN, interpolate=True, loop=False, name='vid1a_q', noAudio=False, opacity=1.0, ori=0, pos=array([0., 0.]), size=array([1280.,  720.]), units='pix', vframe_callback=UNKNOWN, volume=UNKNOWN, win=Window(...))
31.8931 	EXP 	Created vid1b_q = MovieStim3(__class__=<class 'psychopy.visual.movie3.MovieStim3'>, autoLog=True, color=UNKNOWN, colorSpace=UNKNOWN, depth=-2.0, filename='stims/wedding-25.1b.mp4', flipHoriz=False, flipVert=False, fps=UNKNOWN, interpolate=True, loop=False, name='vid1b_q', noAudio=False, opacity=1.0, ori=0, pos=array([0., 0.]), size=array([1280.,  720.]), units='pix', vframe_callback=UNKNOWN, volume=UNKNOWN, win=Window(...))
32.3396 	EXP 	Created vid2_q = MovieStim3(__class__=<class 'psychopy.visual.movie3.MovieStim3'>, autoLog=True, color=UNKNOWN, colorSpace=UNKNOWN, depth=-3.0, filename='stims/wedding-25.2a.mp4', flipHoriz=False, flipVert=False, fps=UNKNOWN, interpolate=True, loop=False, name='vid2_q', noAudio=False, opacity=1.0, ori=0, pos=array([0., 0.]), size=array([1280.,  720.]), units='pix', vframe_callback=UNKNOWN, volume=UNKNOWN, win=Window(...))
32.8583 	EXP 	Created vid3_q = MovieStim3(__class__=<class 'psychopy.visual.movie3.MovieStim3'>, autoLog=True, color=UNKNOWN, colorSpace=UNKNOWN, depth=-5.0, filename='stims/wedding-25.3b.mp4', flipHoriz=False, flipVert=False, fps=UNKNOWN, interpolate=True, loop=False, name='vid3_q', noAudio=False, opacity=1.0, ori=0, pos=array([0., 0.]), size=array([1280.,  720.]), units='pix', vframe_callback=UNKNOWN, volume=UNKNOWN, win=Window(...))
33.3981 	EXP 	Created vid4_q = MovieStim3(__class__=<class 'psychopy.visual.movie3.MovieStim3'>, autoLog=True, color=UNKNOWN, colorSpace=UNKNOWN, depth=-7.0, filename='stims/wedding-25.4a.mp4', flipHoriz=False, flipVert=False, fps=UNKNOWN, interpolate=True, loop=False, name='vid4_q', noAudio=False, opacity=1.0, ori=0, pos=array([0., 0.]), size=array([1280.,  720.]), units='pix', vframe_callback=UNKNOWN, volume=UNKNOWN, win=Window(...))
33.7863 	EXP 	Created vid5_q = MovieStim3(__class__=<class 'psychopy.visual.movie3.MovieStim3'>, autoLog=True, color=UNKNOWN, colorSpace=UNKNOWN, depth=-8.0, filename='stims/wedding-25.5.mp4', flipHoriz=False, flipVert=False, fps=UNKNOWN, interpolate=True, loop=False, name='vid5_q', noAudio=False, opacity=1.0, ori=0, pos=array([0., 0.]), size=array([1280.,  720.]), units='pix', vframe_callback=UNKNOWN, volume=UNKNOWN, win=Window(...))
33.7869 	EXP 	window1: recordFrameIntervals = False
33.7908 	DATA 	Keypress: equal
33.7934 	DATA 	Keypress: equal
33.7958 	DATA 	Keypress: equal
33.7979 	DATA 	Keypress: equal
33.8168 	EXP 	image_2: autoDraw = False
33.8168 	EXP 	vid1a: movie = 'stims/wedding-25.1a.mp4'
33.8168 	EXP 	vid1a: autoLog = True
33.8168 	EXP 	vid1b: movie = 'stims/wedding-25.1b.mp4'
33.8168 	EXP 	vid1b: autoLog = True
33.8168 	EXP 	vid2: movie = 'stims/wedding-25.2a.mp4'
33.8168 	EXP 	vid2: autoLog = True
33.8168 	EXP 	vid3: movie = 'stims/wedding-25.3b.mp4'
33.8168 	EXP 	vid3: autoLog = True
33.8168 	EXP 	vid4: movie = 'stims/wedding-25.4a.mp4'
33.8168 	EXP 	vid4: autoLog = True
33.8168 	EXP 	vid5: movie = 'stims/wedding-25.5.mp4'
33.8168 	EXP 	vid5: autoLog = True
33.8168 	EXP 	vid1a: autoDraw = False
33.8168 	EXP 	vid1b: autoDraw = False
33.8168 	EXP 	vid2: autoDraw = False
33.8168 	EXP 	vid3: autoDraw = False
33.8168 	EXP 	vid4: autoDraw = False
33.8168 	EXP 	vid5: autoDraw = False
33.8168 	EXP 	vid1a_q: movie = 'stims/wedding-25.1a.mp4'
33.8168 	EXP 	vid1a_q: autoLog = True
33.8168 	EXP 	vid1b_q: movie = 'stims/wedding-25.1b.mp4'
33.8168 	EXP 	vid1b_q: autoLog = True
33.8168 	EXP 	vid2_q: movie = 'stims/wedding-25.2a.mp4'
33.8168 	EXP 	vid2_q: autoLog = True
33.8168 	EXP 	vid3_q: movie = 'stims/wedding-25.3b.mp4'
33.8168 	EXP 	vid3_q: autoLog = True
33.8168 	EXP 	vid4_q: movie = 'stims/wedding-25.4a.mp4'
33.8168 	EXP 	vid4_q: autoLog = True
33.8168 	EXP 	vid5_q: movie = 'stims/wedding-25.5.mp4'
33.8168 	EXP 	vid5_q: autoLog = True
36.6097 	EXP 	window1: recordFrameIntervals = False
38.0748 	DATA 	Keypress: equal
38.0771 	DATA 	Keypress: equal
38.0790 	DATA 	Keypress: equal
38.2832 	EXP 	vid1a_q: movie = 'stims/wedding-25.1a.mp4'
38.2832 	EXP 	vid1b_q: movie = 'stims/wedding-25.1b.mp4'
38.2832 	EXP 	vid2_q: movie = 'stims/wedding-25.2a.mp4'
38.2832 	EXP 	vid3_q: movie = 'stims/wedding-25.3b.mp4'
38.2832 	EXP 	vid4_q: movie = 'stims/wedding-25.4a.mp4'
38.2832 	EXP 	vid5_q: movie = 'stims/wedding-25.5.mp4'
38.3005 	EXP 	vid1a_q: autoDraw = True
39.4691 	DATA 	Keypress: equal
40.9700 	DATA 	Keypress: equal
42.4694 	DATA 	Keypress: equal
43.9731 	DATA 	Keypress: equal
45.4682 	DATA 	Keypress: equal
46.9692 	DATA 	Keypress: equal
48.4686 	DATA 	Keypress: equal
49.9640 	DATA 	Keypress: equal
51.4684 	DATA 	Keypress: equal
52.9642 	DATA 	Keypress: equal
54.4691 	DATA 	Keypress: equal
55.9650 	DATA 	Keypress: equal
57.4688 	DATA 	Keypress: equal
58.9692 	DATA 	Keypress: equal
60.4650 	DATA 	Keypress: equal
61.9646 	DATA 	Keypress: equal
63.4693 	DATA 	Keypress: equal
64.9681 	DATA 	Keypress: equal
66.4678 	DATA 	Keypress: equal
67.9684 	DATA 	Keypress: equal
68.0171 	EXP 	vid1a_q: autoDraw = False
68.0328 	EXP 	vid1b_q: autoDraw = True
69.4683 	DATA 	Keypress: equal
70.9684 	DATA 	Keypress: equal
72.4681 	DATA 	Keypress: equal
73.9964 	DATA 	Keypress: equal
75.4726 	DATA 	Keypress: equal
76.1003 	EXP 	Set vid1b_q finished
76.9727 	DATA 	Keypress: equal
77.0329 	EXP 	vid2_q: autoDraw = True
78.4685 	DATA 	Keypress: equal
79.9677 	DATA 	Keypress: equal
81.4678 	DATA 	Keypress: equal
82.9687 	DATA 	Keypress: equal
84.4623 	DATA 	Keypress: equal
85.9688 	DATA 	Keypress: equal
87.4683 	DATA 	Keypress: equal
88.9685 	DATA 	Keypress: equal
90.4962 	DATA 	Keypress: equal
91.9684 	DATA 	Keypress: equal
93.3160 	EXP 	Set vid2_q finished
93.4682 	DATA 	Keypress: equal
94.0366 	EXP 	l2q: autoDraw = True
94.9671 	DATA 	Keypress: equal
95.7507 	DATA 	Keypress: 1
96.4679 	DATA 	Keypress: equal
97.9684 	DATA 	Keypress: equal
98.0166 	EXP 	l2q: autoDraw = False
98.0336 	EXP 	vid3_q: autoDraw = True
99.4696 	DATA 	Keypress: equal
100.9695 	DATA 	Keypress: equal
102.4732 	DATA 	Keypress: equal
103.9737 	DATA 	Keypress: equal
105.4730 	DATA 	Keypress: equal
106.9627 	DATA 	Keypress: equal
108.4625 	DATA 	Keypress: equal
109.9618 	DATA 	Keypress: equal
111.4629 	DATA 	Keypress: equal
112.9692 	DATA 	Keypress: equal
114.4610 	DATA 	Keypress: equal
115.9629 	DATA 	Keypress: equal
117.4681 	DATA 	Keypress: equal
118.9677 	DATA 	Keypress: equal
120.4687 	DATA 	Keypress: equal
121.0155 	EXP 	vid3_q: autoDraw = False
121.0365 	EXP 	l3q: autoDraw = True
121.9681 	DATA 	Keypress: equal
123.4680 	DATA 	Keypress: equal
123.8389 	DATA 	Keypress: 1
124.9668 	DATA 	Keypress: equal
125.0151 	EXP 	l3q: autoDraw = False
125.0320 	EXP 	vid4_q: autoDraw = True
126.4673 	DATA 	Keypress: equal
127.9730 	DATA 	Keypress: equal
129.4679 	DATA 	Keypress: equal
130.9678 	DATA 	Keypress: equal
132.4672 	DATA 	Keypress: equal
133.9680 	DATA 	Keypress: equal
135.4684 	DATA 	Keypress: equal
136.9687 	DATA 	Keypress: equal
138.4679 	DATA 	Keypress: equal
139.9685 	DATA 	Keypress: equal
141.4654 	DATA 	Keypress: equal
142.9686 	DATA 	Keypress: equal
144.4585 	DATA 	Keypress: equal
145.9945 	DATA 	Keypress: equal
147.4639 	DATA 	Keypress: equal
148.9628 	DATA 	Keypress: equal
149.0154 	EXP 	vid4_q: autoDraw = False
149.0323 	EXP 	vid5_q: autoDraw = True
150.4673 	DATA 	Keypress: equal
151.9678 	DATA 	Keypress: equal
153.4678 	DATA 	Keypress: equal
154.9677 	DATA 	Keypress: equal
156.4669 	DATA 	Keypress: equal
157.9678 	DATA 	Keypress: equal
159.4634 	DATA 	Keypress: equal
160.9625 	DATA 	Keypress: equal
161.1481 	EXP 	Set vid5_q finished
161.2947 	EXP 	window1: recordFrameIntervals = False
161.2986 	EXP 	vid1a_q: autoDraw = False
161.2986 	EXP 	vid1b_q: autoDraw = False
161.2986 	EXP 	vid2_q: autoDraw = False
161.2986 	EXP 	l2q: autoDraw = False
161.2986 	EXP 	vid3_q: autoDraw = False
161.2986 	EXP 	l3q: autoDraw = False
161.2986 	EXP 	vid4_q: autoDraw = False
161.2986 	EXP 	vid5_q: autoDraw = False
161.4964 	EXP 	window1: recordFrameIntervals = False
163.0812 	DATA 	Keypress: equal
163.2992 	EXP 	eggPainting1: image = 'stimsday1details/egg25.png'
163.2992 	EXP 	eggPainting2: image = 'stimsday1details/newegg8.png'
163.2992 	EXP 	character1: image = 'stimsday1details/couple25.png'
163.2992 	EXP 	character2: image = 'stimsday1details/newperson8.png'
163.2992 	EXP 	gift1: image = 'stimsday1details/gift25.png'
163.2992 	EXP 	gift2: image = 'stimsday1details/new8.png'
163.2992 	EXP 	themeQ1: image = 'stimsday1details/ct25.png'
163.2992 	EXP 	themeQ2: image = 'stimsday1details/t25.png'
163.2992 	EXP 	nameQ1: image = 'stimsday1details/cn25.png'
163.2992 	EXP 	nameQ2: image = 'stimsday1details/n25.png'
163.2992 	EXP 	nameQ1: autoDraw = True
163.2992 	EXP 	nameQ2: autoDraw = True
163.9672 	DATA 	Keypress: equal
164.5829 	DATA 	Keypress: 2
165.2979 	EXP 	nameQ1: autoDraw = False
165.2979 	EXP 	nameQ2: autoDraw = False
165.2979 	EXP 	nameQ1: autoDraw = False
165.2979 	EXP 	nameQ2: autoDraw = False
165.2979 	EXP 	eggPainting1: autoDraw = True
165.2979 	EXP 	eggPainting2: autoDraw = True
165.4672 	DATA 	Keypress: equal
166.1005 	DATA 	Keypress: 1
166.9664 	DATA 	Keypress: equal
167.2990 	EXP 	eggPainting1: autoDraw = False
167.2990 	EXP 	eggPainting2: autoDraw = False
167.2990 	EXP 	eggPainting1: autoDraw = False
167.2990 	EXP 	eggPainting2: autoDraw = False
167.2990 	EXP 	character1: autoDraw = True
167.2990 	EXP 	character2: autoDraw = True
168.2828 	DATA 	Keypress: 1
168.4672 	DATA 	Keypress: equal
169.2989 	EXP 	character1: autoDraw = False
169.2989 	EXP 	character2: autoDraw = False
169.2989 	EXP 	character1: autoDraw = False
169.2989 	EXP 	character2: autoDraw = False
169.2989 	EXP 	themeQ1: autoDraw = True
169.2989 	EXP 	themeQ2: autoDraw = True
169.9718 	DATA 	Keypress: equal
170.9495 	DATA 	Keypress: 2
171.2982 	EXP 	themeQ1: autoDraw = False
171.2982 	EXP 	themeQ2: autoDraw = False
171.2982 	EXP 	themeQ1: autoDraw = False
171.2982 	EXP 	themeQ2: autoDraw = False
171.2982 	EXP 	gift1: autoDraw = True
171.2982 	EXP 	gift2: autoDraw = True
171.4673 	DATA 	Keypress: equal
172.1380 	DATA 	Keypress: 1
172.9671 	DATA 	Keypress: equal
173.2988 	EXP 	gift1: autoDraw = False
173.2988 	EXP 	gift2: autoDraw = False
173.2988 	EXP 	gift1: autoDraw = False
173.2988 	EXP 	gift2: autoDraw = False
173.2988 	EXP 	northorsouth1: autoDraw = True
173.2988 	EXP 	northorsouth2: autoDraw = True
174.2430 	DATA 	Keypress: 2
174.4718 	DATA 	Keypress: equal
175.4696 	EXP 	New trial (rep=0, index=1): OrderedDict([('condsFile', 'videoBlock_schemaS_pathB_1.csv')])
175.4826 	EXP 	Imported videoBlock_schemaS_pathB_1.csv as conditions, 1 conditions, 17 params
175.4831 	EXP 	Created sequence: random, trialTypes=1, nReps=1, seed=None
175.4838 	EXP 	New trial (rep=0, index=0): OrderedDict([('northOrSouth', 'south.png'), ('stimFile1a', 'stims/wedding-39.1a.mp4'), ('stimFile1b', 'stims/wedding-39.1b.mp4'), ('stimFile2', 'stims/wedding-39.2b.mp4'), ('stimFile3', 'stims/wedding-39.3a.mp4'), ('stimFile4', 'stims/wedding-39.4b.mp4'), ('stimFile5', 'stims/wedding-39.5.mp4'), ('QeggPainting1', 'stimsday1details/newpainting7.png'), ('Qcharacter1', 'stimsday1details/newperson19.png'), ('Qgift1', 'stimsday1details/gift39.png'), ('QeggPainting2', 'stimsday1details/painting39.png'), ('Qcharacter2', 'stimsday1details/couple39.png'), ('Qgift2', 'stimsday1details/new19.png'), ('Qname1', 'stimsday1details/n39.png'), ('Qtheme1', 'stimsday1details/t39.png'), ('Qname2', 'stimsday1details/cn39.png'), ('Qtheme2', 'stimsday1details/ct39.png')])
175.4994 	EXP 	northorsouth1: autoDraw = False
175.4994 	EXP 	northorsouth2: autoDraw = False
175.4994 	EXP 	northorsouth1: autoDraw = False
175.4994 	EXP 	northorsouth2: autoDraw = False
175.4994 	EXP 	image_2: autoDraw = True
175.9719 	DATA 	Keypress: equal
177.4718 	DATA 	Keypress: equal
177.4925 	EXP 	Created sequence: random, trialTypes=1, nReps=1, seed=None
177.4928 	EXP 	New trial (rep=0, index=0): None
178.0528 	EXP 	Created vid1a = MovieStim3(__class__=<class 'psychopy.visual.movie3.MovieStim3'>, autoLog=True, color=UNKNOWN, colorSpace=UNKNOWN, depth=-1.0, filename='stims/wedding-39.1a.mp4', flipHoriz=False, flipVert=False, fps=UNKNOWN, interpolate=True, loop=False, name='vid1a', noAudio=False, opacity=1.0, ori=0, pos=array([0., 0.]), size=array([1280.,  720.]), units='pix', vframe_callback=UNKNOWN, volume=UNKNOWN, win=Window(...))
178.4476 	EXP 	Created vid1b = MovieStim3(__class__=<class 'psychopy.visual.movie3.MovieStim3'>, autoLog=True, color=UNKNOWN, colorSpace=UNKNOWN, depth=-2.0, filename='stims/wedding-39.1b.mp4', flipHoriz=False, flipVert=False, fps=UNKNOWN, interpolate=True, loop=False, name='vid1b', noAudio=False, opacity=1.0, ori=0, pos=array([0., 0.]), size=array([1280.,  720.]), units='pix', vframe_callback=UNKNOWN, volume=UNKNOWN, win=Window(...))
178.9374 	EXP 	Created vid2 = MovieStim3(__class__=<class 'psychopy.visual.movie3.MovieStim3'>, autoLog=True, color=UNKNOWN, colorSpace=UNKNOWN, depth=-3.0, filename='stims/wedding-39.2b.mp4', flipHoriz=False, flipVert=False, fps=UNKNOWN, interpolate=True, loop=False, name='vid2', noAudio=False, opacity=1.0, ori=0, pos=array([0., 0.]), size=array([1280.,  720.]), units='pix', vframe_callback=UNKNOWN, volume=UNKNOWN, win=Window(...))
179.4107 	EXP 	Created vid3 = MovieStim3(__class__=<class 'psychopy.visual.movie3.MovieStim3'>, autoLog=True, color=UNKNOWN, colorSpace=UNKNOWN, depth=-4.0, filename='stims/wedding-39.3a.mp4', flipHoriz=False, flipVert=False, fps=UNKNOWN, interpolate=True, loop=False, name='vid3', noAudio=False, opacity=1.0, ori=0, pos=array([0., 0.]), size=array([1280.,  720.]), units='pix', vframe_callback=UNKNOWN, volume=UNKNOWN, win=Window(...))
179.8949 	EXP 	Created vid4 = MovieStim3(__class__=<class 'psychopy.visual.movie3.MovieStim3'>, autoLog=True, color=UNKNOWN, colorSpace=UNKNOWN, depth=-5.0, filename='stims/wedding-39.4b.mp4', flipHoriz=False, flipVert=False, fps=UNKNOWN, interpolate=True, loop=False, name='vid4', noAudio=False, opacity=1.0, ori=0, pos=array([0., 0.]), size=array([1280.,  720.]), units='pix', vframe_callback=UNKNOWN, volume=UNKNOWN, win=Window(...))
180.2980 	EXP 	Created vid5 = MovieStim3(__class__=<class 'psychopy.visual.movie3.MovieStim3'>, autoLog=True, color=UNKNOWN, colorSpace=UNKNOWN, depth=-6.0, filename='stims/wedding-39.5.mp4', flipHoriz=False, flipVert=False, fps=UNKNOWN, interpolate=True, loop=False, name='vid5', noAudio=False, opacity=1.0, ori=0, pos=array([0., 0.]), size=array([1280.,  720.]), units='pix', vframe_callback=UNKNOWN, volume=UNKNOWN, win=Window(...))
180.4191 	EXP 	window1: recordFrameIntervals = False
180.4224 	DATA 	Keypress: equal
180.4320 	EXP 	image_2: autoDraw = False
180.4320 	EXP 	image_2: autoDraw = False
180.4320 	EXP 	vid1a: movie = 'stims/wedding-39.1a.mp4'
180.4320 	EXP 	vid1a: autoLog = True
180.4320 	EXP 	vid1b: movie = 'stims/wedding-39.1b.mp4'
180.4320 	EXP 	vid1b: autoLog = True
180.4320 	EXP 	vid2: movie = 'stims/wedding-39.2b.mp4'
180.4320 	EXP 	vid2: autoLog = True
180.4320 	EXP 	vid3: movie = 'stims/wedding-39.3a.mp4'
180.4320 	EXP 	vid3: autoLog = True
180.4320 	EXP 	vid4: movie = 'stims/wedding-39.4b.mp4'
180.4320 	EXP 	vid4: autoLog = True
180.4320 	EXP 	vid5: movie = 'stims/wedding-39.5.mp4'
180.4320 	EXP 	vid5: autoLog = True
183.1846 	EXP 	window1: recordFrameIntervals = False
184.7063 	DATA 	Keypress: equal
184.7085 	DATA 	Keypress: equal
184.7104 	DATA 	Keypress: equal
184.9153 	EXP 	vid1a: movie = 'stims/wedding-39.1a.mp4'
184.9153 	EXP 	vid1b: movie = 'stims/wedding-39.1b.mp4'
184.9153 	EXP 	vid2: movie = 'stims/wedding-39.2b.mp4'
184.9153 	EXP 	vid3: movie = 'stims/wedding-39.3a.mp4'
184.9153 	EXP 	vid4: movie = 'stims/wedding-39.4b.mp4'
184.9153 	EXP 	vid5: movie = 'stims/wedding-39.5.mp4'
184.9319 	EXP 	vid1a: autoDraw = True
184.9665 	DATA 	Keypress: equal
186.4662 	DATA 	Keypress: equal
187.9721 	DATA 	Keypress: equal
189.4717 	DATA 	Keypress: equal
190.9664 	DATA 	Keypress: equal
192.4663 	DATA 	Keypress: equal
193.9736 	DATA 	Keypress: equal
195.4567 	DATA 	Keypress: equal
196.9633 	DATA 	Keypress: equal
198.4582 	DATA 	Keypress: equal
199.9583 	DATA 	Keypress: equal
201.4570 	DATA 	Keypress: equal
202.9568 	DATA 	Keypress: equal
204.4573 	DATA 	Keypress: equal
205.9670 	DATA 	Keypress: equal
207.4575 	DATA 	Keypress: equal
208.9612 	DATA 	Keypress: equal
210.4666 	DATA 	Keypress: equal
211.9665 	DATA 	Keypress: equal
213.4672 	DATA 	Keypress: equal
213.8978 	EXP 	Set vid1a finished
214.5143 	EXP 	vid1b: autoDraw = True
214.9566 	DATA 	Keypress: equal
216.4624 	DATA 	Keypress: equal
217.9581 	DATA 	Keypress: equal
219.4631 	DATA 	Keypress: equal
220.9573 	DATA 	Keypress: equal
222.4562 	DATA 	Keypress: equal
223.3477 	EXP 	Set vid1b finished
223.5153 	EXP 	vid2: autoDraw = True
223.9629 	DATA 	Keypress: equal
225.4555 	DATA 	Keypress: equal
226.9574 	DATA 	Keypress: equal
228.4552 	DATA 	Keypress: equal
229.9583 	DATA 	Keypress: equal
231.4595 	DATA 	Keypress: equal
232.9718 	DATA 	Keypress: equal
234.4936 	DATA 	Keypress: equal
235.9658 	DATA 	Keypress: equal
237.4677 	DATA 	Keypress: equal
238.9671 	DATA 	Keypress: equal
240.4655 	DATA 	Keypress: equal
240.4978 	EXP 	vid2: autoDraw = False
240.5148 	EXP 	vid3: autoDraw = True
241.9596 	DATA 	Keypress: equal
243.4564 	DATA 	Keypress: equal
244.9547 	DATA 	Keypress: equal
246.4579 	DATA 	Keypress: equal
247.9557 	DATA 	Keypress: equal
249.4708 	DATA 	Keypress: equal
250.9668 	DATA 	Keypress: equal
252.4666 	DATA 	Keypress: equal
253.9656 	DATA 	Keypress: equal
255.4675 	DATA 	Keypress: equal
256.9713 	DATA 	Keypress: equal
258.4657 	DATA 	Keypress: equal
259.9665 	DATA 	Keypress: equal
261.4659 	DATA 	Keypress: equal
262.9666 	DATA 	Keypress: equal
263.4979 	EXP 	vid3: autoDraw = False
263.5148 	EXP 	vid4: autoDraw = True
264.4566 	DATA 	Keypress: equal
265.9595 	DATA 	Keypress: equal
267.4570 	DATA 	Keypress: equal
268.9856 	DATA 	Keypress: equal
270.4569 	DATA 	Keypress: equal
271.9657 	DATA 	Keypress: equal
273.4662 	DATA 	Keypress: equal
274.9665 	DATA 	Keypress: equal
276.4669 	DATA 	Keypress: equal
277.9672 	DATA 	Keypress: equal
279.4651 	DATA 	Keypress: equal
280.9660 	DATA 	Keypress: equal
282.4656 	DATA 	Keypress: equal
283.9653 	DATA 	Keypress: equal
285.4662 	DATA 	Keypress: equal
286.9663 	DATA 	Keypress: equal
287.4973 	EXP 	vid4: autoDraw = False
287.5143 	EXP 	vid5: autoDraw = True
288.4568 	DATA 	Keypress: equal
289.9572 	DATA 	Keypress: equal
291.4592 	DATA 	Keypress: equal
292.9593 	DATA 	Keypress: equal
294.4549 	DATA 	Keypress: equal
295.9565 	DATA 	Keypress: equal
297.4695 	DATA 	Keypress: equal
298.9656 	DATA 	Keypress: equal
299.6633 	EXP 	Set vid5 finished
299.7945 	EXP 	Created sequence: random, trialTypes=1, nReps=1, seed=None
299.7948 	EXP 	New trial (rep=0, index=0): None
300.3526 	EXP 	Created vid1a_q = MovieStim3(__class__=<class 'psychopy.visual.movie3.MovieStim3'>, autoLog=True, color=UNKNOWN, colorSpace=UNKNOWN, depth=-1.0, filename='stims/wedding-39.1a.mp4', flipHoriz=False, flipVert=False, fps=UNKNOWN, interpolate=True, loop=False, name='vid1a_q', noAudio=False, opacity=1.0, ori=0, pos=array([0., 0.]), size=array([1280.,  720.]), units='pix', vframe_callback=UNKNOWN, volume=UNKNOWN, win=Window(...))
300.7387 	EXP 	Created vid1b_q = MovieStim3(__class__=<class 'psychopy.visual.movie3.MovieStim3'>, autoLog=True, color=UNKNOWN, colorSpace=UNKNOWN, depth=-2.0, filename='stims/wedding-39.1b.mp4', flipHoriz=False, flipVert=False, fps=UNKNOWN, interpolate=True, loop=False, name='vid1b_q', noAudio=False, opacity=1.0, ori=0, pos=array([0., 0.]), size=array([1280.,  720.]), units='pix', vframe_callback=UNKNOWN, volume=UNKNOWN, win=Window(...))
301.2126 	EXP 	Created vid2_q = MovieStim3(__class__=<class 'psychopy.visual.movie3.MovieStim3'>, autoLog=True, color=UNKNOWN, colorSpace=UNKNOWN, depth=-3.0, filename='stims/wedding-39.2b.mp4', flipHoriz=False, flipVert=False, fps=UNKNOWN, interpolate=True, loop=False, name='vid2_q', noAudio=False, opacity=1.0, ori=0, pos=array([0., 0.]), size=array([1280.,  720.]), units='pix', vframe_callback=UNKNOWN, volume=UNKNOWN, win=Window(...))
301.6813 	EXP 	Created vid3_q = MovieStim3(__class__=<class 'psychopy.visual.movie3.MovieStim3'>, autoLog=True, color=UNKNOWN, colorSpace=UNKNOWN, depth=-5.0, filename='stims/wedding-39.3a.mp4', flipHoriz=False, flipVert=False, fps=UNKNOWN, interpolate=True, loop=False, name='vid3_q', noAudio=False, opacity=1.0, ori=0, pos=array([0., 0.]), size=array([1280.,  720.]), units='pix', vframe_callback=UNKNOWN, volume=UNKNOWN, win=Window(...))
302.1591 	EXP 	Created vid4_q = MovieStim3(__class__=<class 'psychopy.visual.movie3.MovieStim3'>, autoLog=True, color=UNKNOWN, colorSpace=UNKNOWN, depth=-7.0, filename='stims/wedding-39.4b.mp4', flipHoriz=False, flipVert=False, fps=UNKNOWN, interpolate=True, loop=False, name='vid4_q', noAudio=False, opacity=1.0, ori=0, pos=array([0., 0.]), size=array([1280.,  720.]), units='pix', vframe_callback=UNKNOWN, volume=UNKNOWN, win=Window(...))
302.5526 	EXP 	Created vid5_q = MovieStim3(__class__=<class 'psychopy.visual.movie3.MovieStim3'>, autoLog=True, color=UNKNOWN, colorSpace=UNKNOWN, depth=-8.0, filename='stims/wedding-39.5.mp4', flipHoriz=False, flipVert=False, fps=UNKNOWN, interpolate=True, loop=False, name='vid5_q', noAudio=False, opacity=1.0, ori=0, pos=array([0., 0.]), size=array([1280.,  720.]), units='pix', vframe_callback=UNKNOWN, volume=UNKNOWN, win=Window(...))
302.7398 	EXP 	window1: recordFrameIntervals = False
302.7429 	DATA 	Keypress: equal
302.7452 	DATA 	Keypress: equal
302.7522 	EXP 	vid1a: autoDraw = False
302.7522 	EXP 	vid1b: autoDraw = False
302.7522 	EXP 	vid2: autoDraw = False
302.7522 	EXP 	vid3: autoDraw = False
302.7522 	EXP 	vid4: autoDraw = False
302.7522 	EXP 	vid5: autoDraw = False
302.7522 	EXP 	vid1a_q: movie = 'stims/wedding-39.1a.mp4'
302.7522 	EXP 	vid1a_q: autoLog = True
302.7522 	EXP 	vid1b_q: movie = 'stims/wedding-39.1b.mp4'
302.7522 	EXP 	vid1b_q: autoLog = True
302.7522 	EXP 	vid2_q: movie = 'stims/wedding-39.2b.mp4'
302.7522 	EXP 	vid2_q: autoLog = True
302.7522 	EXP 	vid3_q: movie = 'stims/wedding-39.3a.mp4'
302.7522 	EXP 	vid3_q: autoLog = True
302.7522 	EXP 	vid4_q: movie = 'stims/wedding-39.4b.mp4'
302.7522 	EXP 	vid4_q: autoLog = True
302.7522 	EXP 	vid5_q: movie = 'stims/wedding-39.5.mp4'
302.7522 	EXP 	vid5_q: autoLog = True
302.7522 	EXP 	vid1a_q: autoDraw = False
302.7522 	EXP 	vid1b_q: autoDraw = False
302.7522 	EXP 	vid2_q: autoDraw = False
302.7522 	EXP 	l2q: autoDraw = False
302.7522 	EXP 	vid3_q: autoDraw = False
302.7522 	EXP 	l3q: autoDraw = False
302.7522 	EXP 	vid4_q: autoDraw = False
302.7522 	EXP 	vid5_q: autoDraw = False
303.0057 	EXP 	window1: recordFrameIntervals = False
304.5264 	DATA 	Keypress: equal
304.7464 	EXP 	eggPainting1: image = 'stimsday1details/newpainting7.png'
304.7464 	EXP 	eggPainting2: image = 'stimsday1details/painting39.png'
304.7464 	EXP 	character1: image = 'stimsday1details/newperson19.png'
304.7464 	EXP 	character2: image = 'stimsday1details/couple39.png'
304.7464 	EXP 	gift1: image = 'stimsday1details/gift39.png'
304.7464 	EXP 	gift2: image = 'stimsday1details/new19.png'
304.7464 	EXP 	themeQ1: image = 'stimsday1details/t39.png'
304.7464 	EXP 	themeQ2: image = 'stimsday1details/ct39.png'
304.7464 	EXP 	nameQ1: image = 'stimsday1details/n39.png'
304.7464 	EXP 	nameQ2: image = 'stimsday1details/cn39.png'
304.7464 	EXP 	nameQ1: autoDraw = True
304.7464 	EXP 	nameQ2: autoDraw = True
304.9657 	DATA 	Keypress: equal
305.7985 	DATA 	Keypress: 1
306.4655 	DATA 	Keypress: equal
306.7299 	EXP 	nameQ1: autoDraw = False
306.7299 	EXP 	nameQ2: autoDraw = False
306.7299 	EXP 	nameQ1: autoDraw = False
306.7299 	EXP 	nameQ2: autoDraw = False
306.7299 	EXP 	eggPainting1: autoDraw = True
306.7299 	EXP 	eggPainting2: autoDraw = True
307.6827 	DATA 	Keypress: 2
307.9702 	DATA 	Keypress: equal
308.7304 	EXP 	eggPainting1: autoDraw = False
308.7304 	EXP 	eggPainting2: autoDraw = False
308.7304 	EXP 	eggPainting1: autoDraw = False
308.7304 	EXP 	eggPainting2: autoDraw = False
308.7304 	EXP 	character1: autoDraw = True
308.7304 	EXP 	character2: autoDraw = True
309.4688 	DATA 	Keypress: equal
309.7824 	DATA 	Keypress: 2
310.7298 	EXP 	character1: autoDraw = False
310.7298 	EXP 	character2: autoDraw = False
310.7298 	EXP 	character1: autoDraw = False
310.7298 	EXP 	character2: autoDraw = False
310.7298 	EXP 	themeQ1: autoDraw = True
310.7298 	EXP 	themeQ2: autoDraw = True
310.9658 	DATA 	Keypress: equal
311.6484 	DATA 	Keypress: 1
312.4657 	DATA 	Keypress: equal
312.7346 	EXP 	themeQ1: autoDraw = False
312.7346 	EXP 	themeQ2: autoDraw = False
312.7346 	EXP 	themeQ1: autoDraw = False
312.7346 	EXP 	themeQ2: autoDraw = False
312.7346 	EXP 	gift1: autoDraw = True
312.7346 	EXP 	gift2: autoDraw = True
313.5358 	DATA 	Keypress: 1
313.9655 	DATA 	Keypress: equal
314.7347 	EXP 	gift1: autoDraw = False
314.7347 	EXP 	gift2: autoDraw = False
314.7347 	EXP 	gift1: autoDraw = False
314.7347 	EXP 	gift2: autoDraw = False
314.7347 	EXP 	northorsouth1: autoDraw = True
314.7347 	EXP 	northorsouth2: autoDraw = True
315.4486 	DATA 	Keypress: 2
315.4653 	DATA 	Keypress: equal
316.9218 	EXP 	New trial (rep=0, index=2): OrderedDict([('condsFile', 'videoBlock_schemaS_pathB_3.csv')])
316.9344 	EXP 	Imported videoBlock_schemaS_pathB_3.csv as conditions, 1 conditions, 17 params
316.9348 	EXP 	Created sequence: random, trialTypes=1, nReps=1, seed=None
316.9356 	EXP 	New trial (rep=0, index=0): OrderedDict([('northOrSouth', 'south.png'), ('stimFile1a', 'stims/wedding-41.1a.mp4'), ('stimFile1b', 'stims/wedding-41.1b.mp4'), ('stimFile2', 'stims/wedding-41.2b.mp4'), ('stimFile3', 'stims/wedding-41.3a.mp4'), ('stimFile4', 'stims/wedding-41.4b.mp4'), ('stimFile5', 'stims/wedding-41.5.mp4'), ('QeggPainting1', 'stimsday1details/painting41.png'), ('Qcharacter1', 'stimsday1details/couple41.png'), ('Qgift1', 'stimsday1details/new21.png'), ('QeggPainting2', 'stimsday1details/newpainting9.png'), ('Qcharacter2', 'stimsday1details/newperson21.png'), ('Qgift2', 'stimsday1details/gift41.png'), ('Qname1', 'stimsday1details/cn41.png'), ('Qtheme1', 'stimsday1details/t41.png'), ('Qname2', 'stimsday1details/n41.png'), ('Qtheme2', 'stimsday1details/ct41.png')])
316.9473 	EXP 	northorsouth1: autoDraw = False
316.9473 	EXP 	northorsouth2: autoDraw = False
316.9473 	EXP 	northorsouth1: autoDraw = False
316.9473 	EXP 	northorsouth2: autoDraw = False
316.9473 	EXP 	image_2: autoDraw = True
316.9656 	DATA 	Keypress: equal
318.4655 	DATA 	Keypress: equal
318.9361 	EXP 	Created sequence: random, trialTypes=1, nReps=1, seed=None
318.9366 	EXP 	New trial (rep=0, index=0): None
319.5113 	EXP 	Created vid1a = MovieStim3(__class__=<class 'psychopy.visual.movie3.MovieStim3'>, autoLog=True, color=UNKNOWN, colorSpace=UNKNOWN, depth=-1.0, filename='stims/wedding-41.1a.mp4', flipHoriz=False, flipVert=False, fps=UNKNOWN, interpolate=True, loop=False, name='vid1a', noAudio=False, opacity=1.0, ori=0, pos=array([0., 0.]), size=array([1280.,  720.]), units='pix', vframe_callback=UNKNOWN, volume=UNKNOWN, win=Window(...))
319.9107 	EXP 	Created vid1b = MovieStim3(__class__=<class 'psychopy.visual.movie3.MovieStim3'>, autoLog=True, color=UNKNOWN, colorSpace=UNKNOWN, depth=-2.0, filename='stims/wedding-41.1b.mp4', flipHoriz=False, flipVert=False, fps=UNKNOWN, interpolate=True, loop=False, name='vid1b', noAudio=False, opacity=1.0, ori=0, pos=array([0., 0.]), size=array([1280.,  720.]), units='pix', vframe_callback=UNKNOWN, volume=UNKNOWN, win=Window(...))
320.4267 	EXP 	Created vid2 = MovieStim3(__class__=<class 'psychopy.visual.movie3.MovieStim3'>, autoLog=True, color=UNKNOWN, colorSpace=UNKNOWN, depth=-3.0, filename='stims/wedding-41.2b.mp4', flipHoriz=False, flipVert=False, fps=UNKNOWN, interpolate=True, loop=False, name='vid2', noAudio=False, opacity=1.0, ori=0, pos=array([0., 0.]), size=array([1280.,  720.]), units='pix', vframe_callback=UNKNOWN, volume=UNKNOWN, win=Window(...))
320.9826 	EXP 	Created vid3 = MovieStim3(__class__=<class 'psychopy.visual.movie3.MovieStim3'>, autoLog=True, color=UNKNOWN, colorSpace=UNKNOWN, depth=-4.0, filename='stims/wedding-41.3a.mp4', flipHoriz=False, flipVert=False, fps=UNKNOWN, interpolate=True, loop=False, name='vid3', noAudio=False, opacity=1.0, ori=0, pos=array([0., 0.]), size=array([1280.,  720.]), units='pix', vframe_callback=UNKNOWN, volume=UNKNOWN, win=Window(...))
321.4565 	EXP 	Created vid4 = MovieStim3(__class__=<class 'psychopy.visual.movie3.MovieStim3'>, autoLog=True, color=UNKNOWN, colorSpace=UNKNOWN, depth=-5.0, filename='stims/wedding-41.4b.mp4', flipHoriz=False, flipVert=False, fps=UNKNOWN, interpolate=True, loop=False, name='vid4', noAudio=False, opacity=1.0, ori=0, pos=array([0., 0.]), size=array([1280.,  720.]), units='pix', vframe_callback=UNKNOWN, volume=UNKNOWN, win=Window(...))
321.8661 	EXP 	Created vid5 = MovieStim3(__class__=<class 'psychopy.visual.movie3.MovieStim3'>, autoLog=True, color=UNKNOWN, colorSpace=UNKNOWN, depth=-6.0, filename='stims/wedding-41.5.mp4', flipHoriz=False, flipVert=False, fps=UNKNOWN, interpolate=True, loop=False, name='vid5', noAudio=False, opacity=1.0, ori=0, pos=array([0., 0.]), size=array([1280.,  720.]), units='pix', vframe_callback=UNKNOWN, volume=UNKNOWN, win=Window(...))
321.9398 	EXP 	window1: recordFrameIntervals = False
321.9432 	DATA 	Keypress: equal
321.9458 	DATA 	Keypress: equal
321.9638 	EXP 	image_2: autoDraw = False
321.9638 	EXP 	image_2: autoDraw = False
321.9638 	EXP 	vid1a: movie = 'stims/wedding-41.1a.mp4'
321.9638 	EXP 	vid1a: autoLog = True
321.9638 	EXP 	vid1b: movie = 'stims/wedding-41.1b.mp4'
321.9638 	EXP 	vid1b: autoLog = True
321.9638 	EXP 	vid2: movie = 'stims/wedding-41.2b.mp4'
321.9638 	EXP 	vid2: autoLog = True
321.9638 	EXP 	vid3: movie = 'stims/wedding-41.3a.mp4'
321.9638 	EXP 	vid3: autoLog = True
321.9638 	EXP 	vid4: movie = 'stims/wedding-41.4b.mp4'
321.9638 	EXP 	vid4: autoLog = True
321.9638 	EXP 	vid5: movie = 'stims/wedding-41.5.mp4'
321.9638 	EXP 	vid5: autoLog = True
324.8423 	EXP 	window1: recordFrameIntervals = False
326.2278 	DATA 	Keypress: equal
326.2303 	DATA 	Keypress: equal
326.2325 	DATA 	Keypress: equal
326.4298 	EXP 	vid1a: movie = 'stims/wedding-41.1a.mp4'
326.4298 	EXP 	vid1b: movie = 'stims/wedding-41.1b.mp4'
326.4298 	EXP 	vid2: movie = 'stims/wedding-41.2b.mp4'
326.4298 	EXP 	vid3: movie = 'stims/wedding-41.3a.mp4'
326.4298 	EXP 	vid4: movie = 'stims/wedding-41.4b.mp4'
326.4298 	EXP 	vid5: movie = 'stims/wedding-41.5.mp4'
326.4471 	EXP 	vid1a: autoDraw = True
327.4545 	DATA 	Keypress: equal
328.9566 	DATA 	Keypress: equal
330.4550 	DATA 	Keypress: equal
331.9576 	DATA 	Keypress: equal
333.4564 	DATA 	Keypress: equal
334.9525 	DATA 	Keypress: equal
336.4648 	DATA 	Keypress: equal
337.9700 	DATA 	Keypress: equal
339.4514 	DATA 	Keypress: equal
340.9650 	DATA 	Keypress: equal
342.4652 	DATA 	Keypress: equal
343.9650 	DATA 	Keypress: equal
345.4693 	DATA 	Keypress: equal
346.9699 	DATA 	Keypress: equal
348.4693 	DATA 	Keypress: equal
349.9650 	DATA 	Keypress: equal
351.4559 	DATA 	Keypress: equal
352.9566 	DATA 	Keypress: equal
354.4562 	DATA 	Keypress: equal
355.9501 	EXP 	vid1a: autoDraw = False
355.9522 	DATA 	Keypress: equal
355.9630 	EXP 	vid1b: autoDraw = True
357.4645 	DATA 	Keypress: equal
358.9699 	DATA 	Keypress: equal
360.4643 	DATA 	Keypress: equal
361.9520 	DATA 	Keypress: equal
363.4555 	DATA 	Keypress: equal
364.9465 	EXP 	vid1b: autoDraw = False
364.9535 	DATA 	Keypress: equal
364.9624 	EXP 	vid2: autoDraw = True
366.4661 	DATA 	Keypress: equal
367.9498 	DATA 	Keypress: equal
369.4691 	DATA 	Keypress: equal
370.9493 	DATA 	Keypress: equal
372.4649 	DATA 	Keypress: equal
373.9555 	DATA 	Keypress: equal
375.4563 	DATA 	Keypress: equal
376.9551 	DATA 	Keypress: equal
378.4553 	DATA 	Keypress: equal
379.9547 	DATA 	Keypress: equal
381.1794 	EXP 	Set vid2 finished
381.4511 	DATA 	Keypress: equal
381.9631 	EXP 	vid3: autoDraw = True
382.9642 	DATA 	Keypress: equal
384.4700 	DATA 	Keypress: equal
385.9507 	DATA 	Keypress: equal
387.4692 	DATA 	Keypress: equal
388.9506 	DATA 	Keypress: equal
390.4561 	DATA 	Keypress: equal
391.9524 	DATA 	Keypress: equal
393.4520 	DATA 	Keypress: equal
394.9491 	DATA 	Keypress: equal
396.4551 	DATA 	Keypress: equal
397.9482 	DATA 	Keypress: equal
399.4490 	DATA 	Keypress: equal
400.9561 	DATA 	Keypress: equal
402.4479 	DATA 	Keypress: equal
403.9483 	DATA 	Keypress: equal
404.9519 	EXP 	vid3: autoDraw = False
404.9649 	EXP 	vid4: autoDraw = True
405.4491 	DATA 	Keypress: equal
406.9489 	DATA 	Keypress: equal
408.4491 	DATA 	Keypress: equal
409.9537 	DATA 	Keypress: equal
411.4522 	DATA 	Keypress: equal
412.9543 	DATA 	Keypress: equal
414.4551 	DATA 	Keypress: equal
415.9528 	DATA 	Keypress: equal
417.4473 	DATA 	Keypress: equal
418.9472 	DATA 	Keypress: equal
420.4512 	DATA 	Keypress: equal
421.9503 	DATA 	Keypress: equal
423.4476 	DATA 	Keypress: equal
424.9474 	DATA 	Keypress: equal
426.4474 	DATA 	Keypress: equal
427.9482 	DATA 	Keypress: equal
428.4625 	EXP 	Set vid4 finished
428.9614 	EXP 	vid5: autoDraw = True
429.4474 	DATA 	Keypress: equal
430.9477 	DATA 	Keypress: equal
432.4476 	DATA 	Keypress: equal
433.9473 	DATA 	Keypress: equal
435.4471 	DATA 	Keypress: equal
436.9511 	DATA 	Keypress: equal
438.4524 	DATA 	Keypress: equal
439.9472 	DATA 	Keypress: equal
441.4477 	DATA 	Keypress: equal
442.0685 	EXP 	Created sequence: random, trialTypes=1, nReps=1, seed=None
442.0689 	EXP 	New trial (rep=0, index=0): None
442.6331 	EXP 	Created vid1a_q = MovieStim3(__class__=<class 'psychopy.visual.movie3.MovieStim3'>, autoLog=True, color=UNKNOWN, colorSpace=UNKNOWN, depth=-1.0, filename='stims/wedding-41.1a.mp4', flipHoriz=False, flipVert=False, fps=UNKNOWN, interpolate=True, loop=False, name='vid1a_q', noAudio=False, opacity=1.0, ori=0, pos=array([0., 0.]), size=array([1280.,  720.]), units='pix', vframe_callback=UNKNOWN, volume=UNKNOWN, win=Window(...))
443.0218 	EXP 	Created vid1b_q = MovieStim3(__class__=<class 'psychopy.visual.movie3.MovieStim3'>, autoLog=True, color=UNKNOWN, colorSpace=UNKNOWN, depth=-2.0, filename='stims/wedding-41.1b.mp4', flipHoriz=False, flipVert=False, fps=UNKNOWN, interpolate=True, loop=False, name='vid1b_q', noAudio=False, opacity=1.0, ori=0, pos=array([0., 0.]), size=array([1280.,  720.]), units='pix', vframe_callback=UNKNOWN, volume=UNKNOWN, win=Window(...))
443.5257 	EXP 	Created vid2_q = MovieStim3(__class__=<class 'psychopy.visual.movie3.MovieStim3'>, autoLog=True, color=UNKNOWN, colorSpace=UNKNOWN, depth=-3.0, filename='stims/wedding-41.2b.mp4', flipHoriz=False, flipVert=False, fps=UNKNOWN, interpolate=True, loop=False, name='vid2_q', noAudio=False, opacity=1.0, ori=0, pos=array([0., 0.]), size=array([1280.,  720.]), units='pix', vframe_callback=UNKNOWN, volume=UNKNOWN, win=Window(...))
444.0660 	EXP 	Created vid3_q = MovieStim3(__class__=<class 'psychopy.visual.movie3.MovieStim3'>, autoLog=True, color=UNKNOWN, colorSpace=UNKNOWN, depth=-5.0, filename='stims/wedding-41.3a.mp4', flipHoriz=False, flipVert=False, fps=UNKNOWN, interpolate=True, loop=False, name='vid3_q', noAudio=False, opacity=1.0, ori=0, pos=array([0., 0.]), size=array([1280.,  720.]), units='pix', vframe_callback=UNKNOWN, volume=UNKNOWN, win=Window(...))
444.5376 	EXP 	Created vid4_q = MovieStim3(__class__=<class 'psychopy.visual.movie3.MovieStim3'>, autoLog=True, color=UNKNOWN, colorSpace=UNKNOWN, depth=-7.0, filename='stims/wedding-41.4b.mp4', flipHoriz=False, flipVert=False, fps=UNKNOWN, interpolate=True, loop=False, name='vid4_q', noAudio=False, opacity=1.0, ori=0, pos=array([0., 0.]), size=array([1280.,  720.]), units='pix', vframe_callback=UNKNOWN, volume=UNKNOWN, win=Window(...))
444.9397 	EXP 	Created vid5_q = MovieStim3(__class__=<class 'psychopy.visual.movie3.MovieStim3'>, autoLog=True, color=UNKNOWN, colorSpace=UNKNOWN, depth=-8.0, filename='stims/wedding-41.5.mp4', flipHoriz=False, flipVert=False, fps=UNKNOWN, interpolate=True, loop=False, name='vid5_q', noAudio=False, opacity=1.0, ori=0, pos=array([0., 0.]), size=array([1280.,  720.]), units='pix', vframe_callback=UNKNOWN, volume=UNKNOWN, win=Window(...))
445.1893 	EXP 	window1: recordFrameIntervals = False
445.1924 	DATA 	Keypress: equal
445.1946 	DATA 	Keypress: equal
445.2118 	EXP 	vid5: autoDraw = False
445.2118 	EXP 	vid1a: autoDraw = False
445.2118 	EXP 	vid1b: autoDraw = False
445.2118 	EXP 	vid2: autoDraw = False
445.2118 	EXP 	vid3: autoDraw = False
445.2118 	EXP 	vid4: autoDraw = False
445.2118 	EXP 	vid5: autoDraw = False
445.2118 	EXP 	vid1a_q: movie = 'stims/wedding-41.1a.mp4'
445.2118 	EXP 	vid1a_q: autoLog = True
445.2118 	EXP 	vid1b_q: movie = 'stims/wedding-41.1b.mp4'
445.2118 	EXP 	vid1b_q: autoLog = True
445.2118 	EXP 	vid2_q: movie = 'stims/wedding-41.2b.mp4'
445.2118 	EXP 	vid2_q: autoLog = True
445.2118 	EXP 	vid3_q: movie = 'stims/wedding-41.3a.mp4'
445.2118 	EXP 	vid3_q: autoLog = True
445.2118 	EXP 	vid4_q: movie = 'stims/wedding-41.4b.mp4'
445.2118 	EXP 	vid4_q: autoLog = True
445.2118 	EXP 	vid5_q: movie = 'stims/wedding-41.5.mp4'
445.2118 	EXP 	vid5_q: autoLog = True
445.2118 	EXP 	vid1a_q: autoDraw = False
445.2118 	EXP 	vid1b_q: autoDraw = False
445.2118 	EXP 	vid2_q: autoDraw = False
445.2118 	EXP 	l2q: autoDraw = False
445.2118 	EXP 	vid3_q: autoDraw = False
445.2118 	EXP 	l3q: autoDraw = False
445.2118 	EXP 	vid4_q: autoDraw = False
445.2118 	EXP 	vid5_q: autoDraw = False
445.4413 	EXP 	window1: recordFrameIntervals = False
446.9751 	DATA 	Keypress: equal
447.1953 	EXP 	eggPainting1: image = 'stimsday1details/painting41.png'
447.1953 	EXP 	eggPainting2: image = 'stimsday1details/newpainting9.png'
447.1953 	EXP 	character1: image = 'stimsday1details/couple41.png'
447.1953 	EXP 	character2: image = 'stimsday1details/newperson21.png'
447.1953 	EXP 	gift1: image = 'stimsday1details/new21.png'
447.1953 	EXP 	gift2: image = 'stimsday1details/gift41.png'
447.1953 	EXP 	themeQ1: image = 'stimsday1details/t41.png'
447.1953 	EXP 	themeQ2: image = 'stimsday1details/ct41.png'
447.1953 	EXP 	nameQ1: image = 'stimsday1details/cn41.png'
447.1953 	EXP 	nameQ2: image = 'stimsday1details/n41.png'
447.1953 	EXP 	nameQ1: autoDraw = True
447.1953 	EXP 	nameQ2: autoDraw = True
447.4462 	DATA 	Keypress: equal
448.3634 	DATA 	Keypress: 2
448.9460 	DATA 	Keypress: equal
449.1947 	EXP 	nameQ1: autoDraw = False
449.1947 	EXP 	nameQ2: autoDraw = False
449.1947 	EXP 	nameQ1: autoDraw = False
449.1947 	EXP 	nameQ2: autoDraw = False
449.1947 	EXP 	eggPainting1: autoDraw = True
449.1947 	EXP 	eggPainting2: autoDraw = True
449.9463 	DATA 	Keypress: 1
450.4459 	DATA 	Keypress: equal
451.1946 	EXP 	eggPainting1: autoDraw = False
451.1946 	EXP 	eggPainting2: autoDraw = False
451.1946 	EXP 	eggPainting1: autoDraw = False
451.1946 	EXP 	eggPainting2: autoDraw = False
451.1946 	EXP 	character1: autoDraw = True
451.1946 	EXP 	character2: autoDraw = True
451.8303 	DATA 	Keypress: 1
451.9463 	DATA 	Keypress: equal
453.1952 	EXP 	character1: autoDraw = False
453.1952 	EXP 	character2: autoDraw = False
453.1952 	EXP 	character1: autoDraw = False
453.1952 	EXP 	character2: autoDraw = False
453.1952 	EXP 	themeQ1: autoDraw = True
453.1952 	EXP 	themeQ2: autoDraw = True
453.4473 	DATA 	Keypress: equal
454.0474 	DATA 	Keypress: 1
454.9464 	DATA 	Keypress: equal
455.1945 	EXP 	themeQ1: autoDraw = False
455.1945 	EXP 	themeQ2: autoDraw = False
455.1945 	EXP 	themeQ1: autoDraw = False
455.1945 	EXP 	themeQ2: autoDraw = False
455.1945 	EXP 	gift1: autoDraw = True
455.1945 	EXP 	gift2: autoDraw = True
455.8627 	DATA 	Keypress: 2
456.4468 	DATA 	Keypress: equal
457.1955 	EXP 	gift1: autoDraw = False
457.1955 	EXP 	gift2: autoDraw = False
457.1955 	EXP 	gift1: autoDraw = False
457.1955 	EXP 	gift2: autoDraw = False
457.1955 	EXP 	northorsouth1: autoDraw = True
457.1955 	EXP 	northorsouth2: autoDraw = True
457.9464 	DATA 	Keypress: equal
458.0135 	DATA 	Keypress: 2
459.4226 	EXP 	New trial (rep=0, index=3): OrderedDict([('condsFile', 'videoBlock_schemaS_pathA_3.csv')])
459.4355 	EXP 	Imported videoBlock_schemaS_pathA_3.csv as conditions, 1 conditions, 17 params
459.4359 	EXP 	Created sequence: random, trialTypes=1, nReps=1, seed=None
459.4367 	EXP 	New trial (rep=0, index=0): OrderedDict([('northOrSouth', 'south.png'), ('stimFile1a', 'stims/wedding-36.1a.mp4'), ('stimFile1b', 'stims/wedding-36.1b.mp4'), ('stimFile2', 'stims/wedding-36.2a.mp4'), ('stimFile3', 'stims/wedding-36.3b.mp4'), ('stimFile4', 'stims/wedding-36.4a.mp4'), ('stimFile5', 'stims/wedding-36.5.mp4'), ('QeggPainting1', 'stimsday1details/egg36.png'), ('Qcharacter1', 'stimsday1details/couple36.png'), ('Qgift1', 'stimsday1details/gift36.png'), ('QeggPainting2', 'stimsday1details/newegg9.png'), ('Qcharacter2', 'stimsday1details/newperson9.png'), ('Qgift2', 'stimsday1details/new9.png'), ('Qname1', 'stimsday1details/n36.png'), ('Qtheme1', 'stimsday1details/t36.png'), ('Qname2', 'stimsday1details/cn36.png'), ('Qtheme2', 'stimsday1details/ct36.png')])
459.4456 	EXP 	northorsouth1: autoDraw = False
459.4456 	EXP 	northorsouth2: autoDraw = False
459.4456 	EXP 	northorsouth1: autoDraw = False
459.4456 	EXP 	northorsouth2: autoDraw = False
459.4456 	EXP 	image_2: autoDraw = True
459.4475 	DATA 	Keypress: equal
460.9516 	DATA 	Keypress: equal
461.4378 	EXP 	Created sequence: random, trialTypes=1, nReps=1, seed=None
461.4381 	EXP 	New trial (rep=0, index=0): None
462.0378 	EXP 	Created vid1a = MovieStim3(__class__=<class 'psychopy.visual.movie3.MovieStim3'>, autoLog=True, color=UNKNOWN, colorSpace=UNKNOWN, depth=-1.0, filename='stims/wedding-36.1a.mp4', flipHoriz=False, flipVert=False, fps=UNKNOWN, interpolate=True, loop=False, name='vid1a', noAudio=False, opacity=1.0, ori=0, pos=array([0., 0.]), size=array([1280.,  720.]), units='pix', vframe_callback=UNKNOWN, volume=UNKNOWN, win=Window(...))
462.4441 	EXP 	Created vid1b = MovieStim3(__class__=<class 'psychopy.visual.movie3.MovieStim3'>, autoLog=True, color=UNKNOWN, colorSpace=UNKNOWN, depth=-2.0, filename='stims/wedding-36.1b.mp4', flipHoriz=False, flipVert=False, fps=UNKNOWN, interpolate=True, loop=False, name='vid1b', noAudio=False, opacity=1.0, ori=0, pos=array([0., 0.]), size=array([1280.,  720.]), units='pix', vframe_callback=UNKNOWN, volume=UNKNOWN, win=Window(...))
462.9516 	EXP 	Created vid2 = MovieStim3(__class__=<class 'psychopy.visual.movie3.MovieStim3'>, autoLog=True, color=UNKNOWN, colorSpace=UNKNOWN, depth=-3.0, filename='stims/wedding-36.2a.mp4', flipHoriz=False, flipVert=False, fps=UNKNOWN, interpolate=True, loop=False, name='vid2', noAudio=False, opacity=1.0, ori=0, pos=array([0., 0.]), size=array([1280.,  720.]), units='pix', vframe_callback=UNKNOWN, volume=UNKNOWN, win=Window(...))
463.5394 	EXP 	Created vid3 = MovieStim3(__class__=<class 'psychopy.visual.movie3.MovieStim3'>, autoLog=True, color=UNKNOWN, colorSpace=UNKNOWN, depth=-4.0, filename='stims/wedding-36.3b.mp4', flipHoriz=False, flipVert=False, fps=UNKNOWN, interpolate=True, loop=False, name='vid3', noAudio=False, opacity=1.0, ori=0, pos=array([0., 0.]), size=array([1280.,  720.]), units='pix', vframe_callback=UNKNOWN, volume=UNKNOWN, win=Window(...))
464.1273 	EXP 	Created vid4 = MovieStim3(__class__=<class 'psychopy.visual.movie3.MovieStim3'>, autoLog=True, color=UNKNOWN, colorSpace=UNKNOWN, depth=-5.0, filename='stims/wedding-36.4a.mp4', flipHoriz=False, flipVert=False, fps=UNKNOWN, interpolate=True, loop=False, name='vid4', noAudio=False, opacity=1.0, ori=0, pos=array([0., 0.]), size=array([1280.,  720.]), units='pix', vframe_callback=UNKNOWN, volume=UNKNOWN, win=Window(...))
464.5628 	EXP 	Created vid5 = MovieStim3(__class__=<class 'psychopy.visual.movie3.MovieStim3'>, autoLog=True, color=UNKNOWN, colorSpace=UNKNOWN, depth=-6.0, filename='stims/wedding-36.5.mp4', flipHoriz=False, flipVert=False, fps=UNKNOWN, interpolate=True, loop=False, name='vid5', noAudio=False, opacity=1.0, ori=0, pos=array([0., 0.]), size=array([1280.,  720.]), units='pix', vframe_callback=UNKNOWN, volume=UNKNOWN, win=Window(...))
464.6513 	EXP 	window1: recordFrameIntervals = False
464.6546 	DATA 	Keypress: equal
464.6569 	DATA 	Keypress: equal
464.6619 	EXP 	image_2: autoDraw = False
464.6619 	EXP 	image_2: autoDraw = False
464.6619 	EXP 	vid1a: movie = 'stims/wedding-36.1a.mp4'
464.6619 	EXP 	vid1a: autoLog = True
464.6619 	EXP 	vid1b: movie = 'stims/wedding-36.1b.mp4'
464.6619 	EXP 	vid1b: autoLog = True
464.6619 	EXP 	vid2: movie = 'stims/wedding-36.2a.mp4'
464.6619 	EXP 	vid2: autoLog = True
464.6619 	EXP 	vid3: movie = 'stims/wedding-36.3b.mp4'
464.6619 	EXP 	vid3: autoLog = True
464.6619 	EXP 	vid4: movie = 'stims/wedding-36.4a.mp4'
464.6619 	EXP 	vid4: autoLog = True
464.6619 	EXP 	vid5: movie = 'stims/wedding-36.5.mp4'
464.6619 	EXP 	vid5: autoLog = True
467.5375 	EXP 	window1: recordFrameIntervals = False
468.9387 	DATA 	Keypress: equal
468.9410 	DATA 	Keypress: equal
468.9430 	DATA 	Keypress: equal
469.1456 	EXP 	vid1a: movie = 'stims/wedding-36.1a.mp4'
469.1456 	EXP 	vid1b: movie = 'stims/wedding-36.1b.mp4'
469.1456 	EXP 	vid2: movie = 'stims/wedding-36.2a.mp4'
469.1456 	EXP 	vid3: movie = 'stims/wedding-36.3b.mp4'
469.1456 	EXP 	vid4: movie = 'stims/wedding-36.4a.mp4'
469.1456 	EXP 	vid5: movie = 'stims/wedding-36.5.mp4'
469.1608 	EXP 	vid1a: autoDraw = True
469.9469 	DATA 	Keypress: equal
471.4468 	DATA 	Keypress: equal
472.9467 	DATA 	Keypress: equal
474.4464 	DATA 	Keypress: equal
475.9471 	DATA 	Keypress: equal
477.4468 	DATA 	Keypress: equal
478.9482 	DATA 	Keypress: equal
480.4466 	DATA 	Keypress: equal
481.9467 	DATA 	Keypress: equal
483.4465 	DATA 	Keypress: equal
484.9466 	DATA 	Keypress: equal
486.4464 	DATA 	Keypress: equal
487.9461 	DATA 	Keypress: equal
489.4513 	DATA 	Keypress: equal
490.9513 	DATA 	Keypress: equal
492.4467 	DATA 	Keypress: equal
493.9515 	DATA 	Keypress: equal
495.4474 	DATA 	Keypress: equal
496.9459 	DATA 	Keypress: equal
498.2612 	EXP 	Set vid1a finished
498.4470 	DATA 	Keypress: equal
498.4605 	EXP 	vid1b: autoDraw = True
499.9461 	DATA 	Keypress: equal
501.4468 	DATA 	Keypress: equal
502.9467 	DATA 	Keypress: equal
504.4742 	DATA 	Keypress: equal
505.9466 	DATA 	Keypress: equal
507.4447 	EXP 	vid1b: autoDraw = False
507.4467 	DATA 	Keypress: equal
507.4615 	EXP 	vid2: autoDraw = True
508.9462 	DATA 	Keypress: equal
510.4460 	DATA 	Keypress: equal
511.9459 	DATA 	Keypress: equal
513.4459 	DATA 	Keypress: equal
514.9469 	DATA 	Keypress: equal
516.4471 	DATA 	Keypress: equal
517.9515 	DATA 	Keypress: equal
519.4470 	DATA 	Keypress: equal
520.9458 	DATA 	Keypress: equal
522.4462 	DATA 	Keypress: equal
523.9457 	DATA 	Keypress: equal
524.4443 	EXP 	vid2: autoDraw = False
524.4605 	EXP 	vid3: autoDraw = True
525.4459 	DATA 	Keypress: equal
526.9464 	DATA 	Keypress: equal
528.4462 	DATA 	Keypress: equal
529.9462 	DATA 	Keypress: equal
531.4459 	DATA 	Keypress: equal
532.9463 	DATA 	Keypress: equal
534.4459 	DATA 	Keypress: equal
535.9458 	DATA 	Keypress: equal
537.4459 	DATA 	Keypress: equal
538.9734 	DATA 	Keypress: equal
540.4472 	DATA 	Keypress: equal
541.9459 	DATA 	Keypress: equal
543.4500 	DATA 	Keypress: equal
544.9505 	DATA 	Keypress: equal
546.4467 	DATA 	Keypress: equal
547.4488 	EXP 	vid3: autoDraw = False
547.4607 	EXP 	vid4: autoDraw = True
547.9462 	DATA 	Keypress: equal
549.4422 	DATA 	Keypress: equal
550.9507 	DATA 	Keypress: equal
552.4464 	DATA 	Keypress: equal
553.9508 	DATA 	Keypress: equal
555.4461 	DATA 	Keypress: equal
556.9459 	DATA 	Keypress: equal
558.4471 	DATA 	Keypress: equal
559.9456 	DATA 	Keypress: equal
561.4459 	DATA 	Keypress: equal
562.9507 	DATA 	Keypress: equal
564.4456 	DATA 	Keypress: equal
565.9509 	DATA 	Keypress: equal
567.4449 	DATA 	Keypress: equal
568.9475 	DATA 	Keypress: equal
570.4452 	DATA 	Keypress: equal
571.1270 	EXP 	Set vid4 finished
571.4599 	EXP 	vid5: autoDraw = True
571.9449 	DATA 	Keypress: equal
573.4416 	DATA 	Keypress: equal
574.9456 	DATA 	Keypress: equal
576.4460 	DATA 	Keypress: equal
577.9498 	DATA 	Keypress: equal
579.4447 	DATA 	Keypress: equal
580.9498 	DATA 	Keypress: equal
582.4446 	DATA 	Keypress: equal
583.9453 	DATA 	Keypress: equal
584.2101 	EXP 	Set vid5 finished
584.3853 	EXP 	Created sequence: random, trialTypes=1, nReps=1, seed=None
584.3856 	EXP 	New trial (rep=0, index=0): None
584.9449 	EXP 	Created vid1a_q = MovieStim3(__class__=<class 'psychopy.visual.movie3.MovieStim3'>, autoLog=True, color=UNKNOWN, colorSpace=UNKNOWN, depth=-1.0, filename='stims/wedding-36.1a.mp4', flipHoriz=False, flipVert=False, fps=UNKNOWN, interpolate=True, loop=False, name='vid1a_q', noAudio=False, opacity=1.0, ori=0, pos=array([0., 0.]), size=array([1280.,  720.]), units='pix', vframe_callback=UNKNOWN, volume=UNKNOWN, win=Window(...))
585.3258 	EXP 	Created vid1b_q = MovieStim3(__class__=<class 'psychopy.visual.movie3.MovieStim3'>, autoLog=True, color=UNKNOWN, colorSpace=UNKNOWN, depth=-2.0, filename='stims/wedding-36.1b.mp4', flipHoriz=False, flipVert=False, fps=UNKNOWN, interpolate=True, loop=False, name='vid1b_q', noAudio=False, opacity=1.0, ori=0, pos=array([0., 0.]), size=array([1280.,  720.]), units='pix', vframe_callback=UNKNOWN, volume=UNKNOWN, win=Window(...))
585.7969 	EXP 	Created vid2_q = MovieStim3(__class__=<class 'psychopy.visual.movie3.MovieStim3'>, autoLog=True, color=UNKNOWN, colorSpace=UNKNOWN, depth=-3.0, filename='stims/wedding-36.2a.mp4', flipHoriz=False, flipVert=False, fps=UNKNOWN, interpolate=True, loop=False, name='vid2_q', noAudio=False, opacity=1.0, ori=0, pos=array([0., 0.]), size=array([1280.,  720.]), units='pix', vframe_callback=UNKNOWN, volume=UNKNOWN, win=Window(...))
586.3212 	EXP 	Created vid3_q = MovieStim3(__class__=<class 'psychopy.visual.movie3.MovieStim3'>, autoLog=True, color=UNKNOWN, colorSpace=UNKNOWN, depth=-5.0, filename='stims/wedding-36.3b.mp4', flipHoriz=False, flipVert=False, fps=UNKNOWN, interpolate=True, loop=False, name='vid3_q', noAudio=False, opacity=1.0, ori=0, pos=array([0., 0.]), size=array([1280.,  720.]), units='pix', vframe_callback=UNKNOWN, volume=UNKNOWN, win=Window(...))
586.8521 	EXP 	Created vid4_q = MovieStim3(__class__=<class 'psychopy.visual.movie3.MovieStim3'>, autoLog=True, color=UNKNOWN, colorSpace=UNKNOWN, depth=-7.0, filename='stims/wedding-36.4a.mp4', flipHoriz=False, flipVert=False, fps=UNKNOWN, interpolate=True, loop=False, name='vid4_q', noAudio=False, opacity=1.0, ori=0, pos=array([0., 0.]), size=array([1280.,  720.]), units='pix', vframe_callback=UNKNOWN, volume=UNKNOWN, win=Window(...))
587.2407 	EXP 	Created vid5_q = MovieStim3(__class__=<class 'psychopy.visual.movie3.MovieStim3'>, autoLog=True, color=UNKNOWN, colorSpace=UNKNOWN, depth=-8.0, filename='stims/wedding-36.5.mp4', flipHoriz=False, flipVert=False, fps=UNKNOWN, interpolate=True, loop=False, name='vid5_q', noAudio=False, opacity=1.0, ori=0, pos=array([0., 0.]), size=array([1280.,  720.]), units='pix', vframe_callback=UNKNOWN, volume=UNKNOWN, win=Window(...))
587.5222 	EXP 	window1: recordFrameIntervals = False
587.5253 	DATA 	Keypress: equal
587.5275 	DATA 	Keypress: equal
587.5432 	EXP 	vid1a: autoDraw = False
587.5432 	EXP 	vid1b: autoDraw = False
587.5432 	EXP 	vid2: autoDraw = False
587.5432 	EXP 	vid3: autoDraw = False
587.5432 	EXP 	vid4: autoDraw = False
587.5432 	EXP 	vid5: autoDraw = False
587.5432 	EXP 	vid1a_q: movie = 'stims/wedding-36.1a.mp4'
587.5432 	EXP 	vid1a_q: autoLog = True
587.5432 	EXP 	vid1b_q: movie = 'stims/wedding-36.1b.mp4'
587.5432 	EXP 	vid1b_q: autoLog = True
587.5432 	EXP 	vid2_q: movie = 'stims/wedding-36.2a.mp4'
587.5432 	EXP 	vid2_q: autoLog = True
587.5432 	EXP 	vid3_q: movie = 'stims/wedding-36.3b.mp4'
587.5432 	EXP 	vid3_q: autoLog = True
587.5432 	EXP 	vid4_q: movie = 'stims/wedding-36.4a.mp4'
587.5432 	EXP 	vid4_q: autoLog = True
587.5432 	EXP 	vid5_q: movie = 'stims/wedding-36.5.mp4'
587.5432 	EXP 	vid5_q: autoLog = True
587.5432 	EXP 	vid1a_q: autoDraw = False
587.5432 	EXP 	vid1b_q: autoDraw = False
587.5432 	EXP 	vid2_q: autoDraw = False
587.5432 	EXP 	l2q: autoDraw = False
587.5432 	EXP 	vid3_q: autoDraw = False
587.5432 	EXP 	l3q: autoDraw = False
587.5432 	EXP 	vid4_q: autoDraw = False
587.5432 	EXP 	vid5_q: autoDraw = False
587.7634 	EXP 	window1: recordFrameIntervals = False
589.3080 	DATA 	Keypress: equal
589.5261 	EXP 	eggPainting1: image = 'stimsday1details/egg36.png'
589.5261 	EXP 	eggPainting2: image = 'stimsday1details/newegg9.png'
589.5261 	EXP 	character1: image = 'stimsday1details/couple36.png'
589.5261 	EXP 	character2: image = 'stimsday1details/newperson9.png'
589.5261 	EXP 	gift1: image = 'stimsday1details/gift36.png'
589.5261 	EXP 	gift2: image = 'stimsday1details/new9.png'
589.5261 	EXP 	themeQ1: image = 'stimsday1details/t36.png'
589.5261 	EXP 	themeQ2: image = 'stimsday1details/ct36.png'
589.5261 	EXP 	nameQ1: image = 'stimsday1details/n36.png'
589.5261 	EXP 	nameQ2: image = 'stimsday1details/cn36.png'
589.5261 	EXP 	nameQ1: autoDraw = True
589.5261 	EXP 	nameQ2: autoDraw = True
589.9495 	DATA 	Keypress: equal
590.4986 	DATA 	Keypress: 1
591.4487 	DATA 	Keypress: equal
591.5100 	EXP 	nameQ1: autoDraw = False
591.5100 	EXP 	nameQ2: autoDraw = False
591.5100 	EXP 	nameQ1: autoDraw = False
591.5100 	EXP 	nameQ2: autoDraw = False
591.5100 	EXP 	eggPainting1: autoDraw = True
591.5100 	EXP 	eggPainting2: autoDraw = True
592.1994 	DATA 	Keypress: 1
592.9444 	DATA 	Keypress: equal
593.5139 	EXP 	eggPainting1: autoDraw = False
593.5139 	EXP 	eggPainting2: autoDraw = False
593.5139 	EXP 	eggPainting1: autoDraw = False
593.5139 	EXP 	eggPainting2: autoDraw = False
593.5139 	EXP 	character1: autoDraw = True
593.5139 	EXP 	character2: autoDraw = True
594.1657 	DATA 	Keypress: 1
594.4447 	DATA 	Keypress: equal
595.5100 	EXP 	character1: autoDraw = False
595.5100 	EXP 	character2: autoDraw = False
595.5100 	EXP 	character1: autoDraw = False
595.5100 	EXP 	character2: autoDraw = False
595.5100 	EXP 	themeQ1: autoDraw = True
595.5100 	EXP 	themeQ2: autoDraw = True
595.9499 	DATA 	Keypress: equal
596.9780 	DATA 	Keypress: 1
597.4491 	DATA 	Keypress: equal
597.5098 	EXP 	themeQ1: autoDraw = False
597.5098 	EXP 	themeQ2: autoDraw = False
597.5098 	EXP 	themeQ1: autoDraw = False
597.5098 	EXP 	themeQ2: autoDraw = False
597.5098 	EXP 	gift1: autoDraw = True
597.5098 	EXP 	gift2: autoDraw = True
598.3480 	DATA 	Keypress: 1
598.9497 	DATA 	Keypress: equal
599.5100 	EXP 	gift1: autoDraw = False
599.5100 	EXP 	gift2: autoDraw = False
599.5100 	EXP 	gift1: autoDraw = False
599.5100 	EXP 	gift2: autoDraw = False
599.5100 	EXP 	northorsouth1: autoDraw = True
599.5100 	EXP 	northorsouth2: autoDraw = True
600.0286 	DATA 	Keypress: 2
600.4487 	DATA 	Keypress: equal
601.7656 	EXP 	New trial (rep=0, index=4): OrderedDict([('condsFile', 'videoBlock_schemaS_pathB_2.csv')])
601.7785 	EXP 	Imported videoBlock_schemaS_pathB_2.csv as conditions, 1 conditions, 17 params
601.7790 	EXP 	Created sequence: random, trialTypes=1, nReps=1, seed=None
601.7798 	EXP 	New trial (rep=0, index=0): OrderedDict([('northOrSouth', 'south.png'), ('stimFile1a', 'stims/wedding-32.1a.mp4'), ('stimFile1b', 'stims/wedding-32.1b.mp4'), ('stimFile2', 'stims/wedding-32.2b.mp4'), ('stimFile3', 'stims/wedding-32.3a.mp4'), ('stimFile4', 'stims/wedding-32.4b.mp4'), ('stimFile5', 'stims/wedding-32.5.mp4'), ('QeggPainting1', 'stimsday1details/newpainting8.png'), ('Qcharacter1', 'stimsday1details/newperson20.png'), ('Qgift1', 'stimsday1details/new20.png'), ('QeggPainting2', 'stimsday1details/painting32.png'), ('Qcharacter2', 'stimsday1details/couple32.png'), ('Qgift2', 'stimsday1details/gift32.png'), ('Qname1', 'stimsday1details/n32.png'), ('Qtheme1', 'stimsday1details/t32.png'), ('Qname2', 'stimsday1details/cn32.png'), ('Qtheme2', 'stimsday1details/ct32.png')])
601.7929 	EXP 	northorsouth1: autoDraw = False
601.7929 	EXP 	northorsouth2: autoDraw = False
601.7929 	EXP 	northorsouth1: autoDraw = False
601.7929 	EXP 	northorsouth2: autoDraw = False
601.7929 	EXP 	image_2: autoDraw = True
601.9455 	DATA 	Keypress: equal
603.4451 	DATA 	Keypress: equal
603.7820 	EXP 	Created sequence: random, trialTypes=1, nReps=1, seed=None
603.7823 	EXP 	New trial (rep=0, index=0): None
604.3965 	EXP 	Created vid1a = MovieStim3(__class__=<class 'psychopy.visual.movie3.MovieStim3'>, autoLog=True, color=UNKNOWN, colorSpace=UNKNOWN, depth=-1.0, filename='stims/wedding-32.1a.mp4', flipHoriz=False, flipVert=False, fps=UNKNOWN, interpolate=True, loop=False, name='vid1a', noAudio=False, opacity=1.0, ori=0, pos=array([0., 0.]), size=array([1280.,  720.]), units='pix', vframe_callback=UNKNOWN, volume=UNKNOWN, win=Window(...))
604.8056 	EXP 	Created vid1b = MovieStim3(__class__=<class 'psychopy.visual.movie3.MovieStim3'>, autoLog=True, color=UNKNOWN, colorSpace=UNKNOWN, depth=-2.0, filename='stims/wedding-32.1b.mp4', flipHoriz=False, flipVert=False, fps=UNKNOWN, interpolate=True, loop=False, name='vid1b', noAudio=False, opacity=1.0, ori=0, pos=array([0., 0.]), size=array([1280.,  720.]), units='pix', vframe_callback=UNKNOWN, volume=UNKNOWN, win=Window(...))
605.2293 	EXP 	Created vid2 = MovieStim3(__class__=<class 'psychopy.visual.movie3.MovieStim3'>, autoLog=True, color=UNKNOWN, colorSpace=UNKNOWN, depth=-3.0, filename='stims/wedding-32.2b.mp4', flipHoriz=False, flipVert=False, fps=UNKNOWN, interpolate=True, loop=False, name='vid2', noAudio=False, opacity=1.0, ori=0, pos=array([0., 0.]), size=array([1280.,  720.]), units='pix', vframe_callback=UNKNOWN, volume=UNKNOWN, win=Window(...))
605.7076 	EXP 	Created vid3 = MovieStim3(__class__=<class 'psychopy.visual.movie3.MovieStim3'>, autoLog=True, color=UNKNOWN, colorSpace=UNKNOWN, depth=-4.0, filename='stims/wedding-32.3a.mp4', flipHoriz=False, flipVert=False, fps=UNKNOWN, interpolate=True, loop=False, name='vid3', noAudio=False, opacity=1.0, ori=0, pos=array([0., 0.]), size=array([1280.,  720.]), units='pix', vframe_callback=UNKNOWN, volume=UNKNOWN, win=Window(...))
606.2951 	EXP 	Created vid4 = MovieStim3(__class__=<class 'psychopy.visual.movie3.MovieStim3'>, autoLog=True, color=UNKNOWN, colorSpace=UNKNOWN, depth=-5.0, filename='stims/wedding-32.4b.mp4', flipHoriz=False, flipVert=False, fps=UNKNOWN, interpolate=True, loop=False, name='vid4', noAudio=False, opacity=1.0, ori=0, pos=array([0., 0.]), size=array([1280.,  720.]), units='pix', vframe_callback=UNKNOWN, volume=UNKNOWN, win=Window(...))
606.6580 	EXP 	Created vid5 = MovieStim3(__class__=<class 'psychopy.visual.movie3.MovieStim3'>, autoLog=True, color=UNKNOWN, colorSpace=UNKNOWN, depth=-6.0, filename='stims/wedding-32.5.mp4', flipHoriz=False, flipVert=False, fps=UNKNOWN, interpolate=True, loop=False, name='vid5', noAudio=False, opacity=1.0, ori=0, pos=array([0., 0.]), size=array([1280.,  720.]), units='pix', vframe_callback=UNKNOWN, volume=UNKNOWN, win=Window(...))
606.7469 	EXP 	window1: recordFrameIntervals = False
606.7503 	DATA 	Keypress: equal
606.7526 	DATA 	Keypress: equal
606.7598 	EXP 	image_2: autoDraw = False
606.7598 	EXP 	image_2: autoDraw = False
606.7598 	EXP 	vid1a: movie = 'stims/wedding-32.1a.mp4'
606.7598 	EXP 	vid1a: autoLog = True
606.7598 	EXP 	vid1b: movie = 'stims/wedding-32.1b.mp4'
606.7598 	EXP 	vid1b: autoLog = True
606.7598 	EXP 	vid2: movie = 'stims/wedding-32.2b.mp4'
606.7598 	EXP 	vid2: autoLog = True
606.7598 	EXP 	vid3: movie = 'stims/wedding-32.3a.mp4'
606.7598 	EXP 	vid3: autoLog = True
606.7598 	EXP 	vid4: movie = 'stims/wedding-32.4b.mp4'
606.7598 	EXP 	vid4: autoLog = True
606.7598 	EXP 	vid5: movie = 'stims/wedding-32.5.mp4'
606.7598 	EXP 	vid5: autoLog = True
609.4829 	EXP 	window1: recordFrameIntervals = False
611.0349 	DATA 	Keypress: equal
611.0421 	DATA 	Keypress: equal
611.0444 	DATA 	Keypress: equal
611.2427 	EXP 	vid1a: movie = 'stims/wedding-32.1a.mp4'
611.2427 	EXP 	vid1b: movie = 'stims/wedding-32.1b.mp4'
611.2427 	EXP 	vid2: movie = 'stims/wedding-32.2b.mp4'
611.2427 	EXP 	vid3: movie = 'stims/wedding-32.3a.mp4'
611.2427 	EXP 	vid4: movie = 'stims/wedding-32.4b.mp4'
611.2427 	EXP 	vid5: movie = 'stims/wedding-32.5.mp4'
611.2591 	EXP 	vid1a: autoDraw = True
612.4455 	DATA 	Keypress: equal
613.9454 	DATA 	Keypress: equal
615.4460 	DATA 	Keypress: equal
616.9453 	DATA 	Keypress: equal
618.4456 	DATA 	Keypress: equal
619.9455 	DATA 	Keypress: equal
621.4495 	DATA 	Keypress: equal
622.9453 	DATA 	Keypress: equal
624.4500 	DATA 	Keypress: equal
625.9441 	DATA 	Keypress: equal
627.4451 	DATA 	Keypress: equal
628.9451 	DATA 	Keypress: equal
630.4464 	DATA 	Keypress: equal
631.9497 	DATA 	Keypress: equal
633.4443 	DATA 	Keypress: equal
634.9475 	DATA 	Keypress: equal
636.4443 	DATA 	Keypress: equal
637.9412 	DATA 	Keypress: equal
639.4456 	DATA 	Keypress: equal
640.7964 	EXP 	vid1a: autoDraw = False
640.8094 	EXP 	vid1b: autoDraw = True
640.9489 	DATA 	Keypress: equal
642.4494 	DATA 	Keypress: equal
643.9440 	DATA 	Keypress: equal
645.4720 	DATA 	Keypress: equal
646.9440 	DATA 	Keypress: equal
648.4440 	DATA 	Keypress: equal
649.7586 	EXP 	Set vid1b finished
649.8085 	EXP 	vid2: autoDraw = True
649.9452 	DATA 	Keypress: equal
651.4437 	DATA 	Keypress: equal
652.9494 	DATA 	Keypress: equal
654.4441 	DATA 	Keypress: equal
655.9442 	DATA 	Keypress: equal
657.4440 	DATA 	Keypress: equal
658.9441 	DATA 	Keypress: equal
660.4470 	DATA 	Keypress: equal
661.9393 	DATA 	Keypress: equal
663.4442 	DATA 	Keypress: equal
664.9448 	DATA 	Keypress: equal
666.4447 	DATA 	Keypress: equal
666.5256 	EXP 	Set vid2 finished
666.8091 	EXP 	vid3: autoDraw = True
667.9443 	DATA 	Keypress: equal
669.4495 	DATA 	Keypress: equal
670.9388 	DATA 	Keypress: equal
672.4445 	DATA 	Keypress: equal
673.9630 	DATA 	Keypress: equal
675.4449 	DATA 	Keypress: equal
676.9462 	DATA 	Keypress: equal
678.4469 	DATA 	Keypress: equal
679.9462 	DATA 	Keypress: equal
681.4450 	DATA 	Keypress: equal
682.9450 	DATA 	Keypress: equal
684.4408 	DATA 	Keypress: equal
685.9455 	DATA 	Keypress: equal
687.4449 	DATA 	Keypress: equal
688.9502 	DATA 	Keypress: equal
689.7963 	EXP 	vid3: autoDraw = False
689.8098 	EXP 	vid4: autoDraw = True
690.4446 	DATA 	Keypress: equal
691.9444 	DATA 	Keypress: equal
693.4437 	DATA 	Keypress: equal
694.9402 	DATA 	Keypress: equal
696.4438 	DATA 	Keypress: equal
697.9433 	DATA 	Keypress: equal
699.4435 	DATA 	Keypress: equal
700.9443 	DATA 	Keypress: equal
702.4375 	DATA 	Keypress: equal
703.9440 	DATA 	Keypress: equal
705.4445 	DATA 	Keypress: equal
706.9434 	DATA 	Keypress: equal
708.4434 	DATA 	Keypress: equal
709.9388 	DATA 	Keypress: equal
711.4436 	DATA 	Keypress: equal
712.9432 	DATA 	Keypress: equal
713.7948 	EXP 	vid4: autoDraw = False
713.8087 	EXP 	vid5: autoDraw = True
714.4430 	DATA 	Keypress: equal
715.9485 	DATA 	Keypress: equal
717.4432 	DATA 	Keypress: equal
718.9434 	DATA 	Keypress: equal
720.4380 	DATA 	Keypress: equal
721.9381 	DATA 	Keypress: equal
723.4388 	DATA 	Keypress: equal
724.4584 	EXP 	Set vid5 finished
724.6549 	EXP 	Created sequence: random, trialTypes=1, nReps=1, seed=None
724.6552 	EXP 	New trial (rep=0, index=0): None
725.2198 	EXP 	Created vid1a_q = MovieStim3(__class__=<class 'psychopy.visual.movie3.MovieStim3'>, autoLog=True, color=UNKNOWN, colorSpace=UNKNOWN, depth=-1.0, filename='stims/wedding-32.1a.mp4', flipHoriz=False, flipVert=False, fps=UNKNOWN, interpolate=True, loop=False, name='vid1a_q', noAudio=False, opacity=1.0, ori=0, pos=array([0., 0.]), size=array([1280.,  720.]), units='pix', vframe_callback=UNKNOWN, volume=UNKNOWN, win=Window(...))
725.5994 	EXP 	Created vid1b_q = MovieStim3(__class__=<class 'psychopy.visual.movie3.MovieStim3'>, autoLog=True, color=UNKNOWN, colorSpace=UNKNOWN, depth=-2.0, filename='stims/wedding-32.1b.mp4', flipHoriz=False, flipVert=False, fps=UNKNOWN, interpolate=True, loop=False, name='vid1b_q', noAudio=False, opacity=1.0, ori=0, pos=array([0., 0.]), size=array([1280.,  720.]), units='pix', vframe_callback=UNKNOWN, volume=UNKNOWN, win=Window(...))
726.0105 	EXP 	Created vid2_q = MovieStim3(__class__=<class 'psychopy.visual.movie3.MovieStim3'>, autoLog=True, color=UNKNOWN, colorSpace=UNKNOWN, depth=-3.0, filename='stims/wedding-32.2b.mp4', flipHoriz=False, flipVert=False, fps=UNKNOWN, interpolate=True, loop=False, name='vid2_q', noAudio=False, opacity=1.0, ori=0, pos=array([0., 0.]), size=array([1280.,  720.]), units='pix', vframe_callback=UNKNOWN, volume=UNKNOWN, win=Window(...))
726.4781 	EXP 	Created vid3_q = MovieStim3(__class__=<class 'psychopy.visual.movie3.MovieStim3'>, autoLog=True, color=UNKNOWN, colorSpace=UNKNOWN, depth=-5.0, filename='stims/wedding-32.3a.mp4', flipHoriz=False, flipVert=False, fps=UNKNOWN, interpolate=True, loop=False, name='vid3_q', noAudio=False, opacity=1.0, ori=0, pos=array([0., 0.]), size=array([1280.,  720.]), units='pix', vframe_callback=UNKNOWN, volume=UNKNOWN, win=Window(...))
727.0051 	EXP 	Created vid4_q = MovieStim3(__class__=<class 'psychopy.visual.movie3.MovieStim3'>, autoLog=True, color=UNKNOWN, colorSpace=UNKNOWN, depth=-7.0, filename='stims/wedding-32.4b.mp4', flipHoriz=False, flipVert=False, fps=UNKNOWN, interpolate=True, loop=False, name='vid4_q', noAudio=False, opacity=1.0, ori=0, pos=array([0., 0.]), size=array([1280.,  720.]), units='pix', vframe_callback=UNKNOWN, volume=UNKNOWN, win=Window(...))
727.3510 	EXP 	Created vid5_q = MovieStim3(__class__=<class 'psychopy.visual.movie3.MovieStim3'>, autoLog=True, color=UNKNOWN, colorSpace=UNKNOWN, depth=-8.0, filename='stims/wedding-32.5.mp4', flipHoriz=False, flipVert=False, fps=UNKNOWN, interpolate=True, loop=False, name='vid5_q', noAudio=False, opacity=1.0, ori=0, pos=array([0., 0.]), size=array([1280.,  720.]), units='pix', vframe_callback=UNKNOWN, volume=UNKNOWN, win=Window(...))
727.6612 	EXP 	window1: recordFrameIntervals = False
727.6644 	DATA 	Keypress: equal
727.6666 	DATA 	Keypress: equal
727.6752 	EXP 	vid1a: autoDraw = False
727.6752 	EXP 	vid1b: autoDraw = False
727.6752 	EXP 	vid2: autoDraw = False
727.6752 	EXP 	vid3: autoDraw = False
727.6752 	EXP 	vid4: autoDraw = False
727.6752 	EXP 	vid5: autoDraw = False
727.6752 	EXP 	vid1a_q: movie = 'stims/wedding-32.1a.mp4'
727.6752 	EXP 	vid1a_q: autoLog = True
727.6752 	EXP 	vid1b_q: movie = 'stims/wedding-32.1b.mp4'
727.6752 	EXP 	vid1b_q: autoLog = True
727.6752 	EXP 	vid2_q: movie = 'stims/wedding-32.2b.mp4'
727.6752 	EXP 	vid2_q: autoLog = True
727.6752 	EXP 	vid3_q: movie = 'stims/wedding-32.3a.mp4'
727.6752 	EXP 	vid3_q: autoLog = True
727.6752 	EXP 	vid4_q: movie = 'stims/wedding-32.4b.mp4'
727.6752 	EXP 	vid4_q: autoLog = True
727.6752 	EXP 	vid5_q: movie = 'stims/wedding-32.5.mp4'
727.6752 	EXP 	vid5_q: autoLog = True
727.6752 	EXP 	vid1a_q: autoDraw = False
727.6752 	EXP 	vid1b_q: autoDraw = False
727.6752 	EXP 	vid2_q: autoDraw = False
727.6752 	EXP 	l2q: autoDraw = False
727.6752 	EXP 	vid3_q: autoDraw = False
727.6752 	EXP 	l3q: autoDraw = False
727.6752 	EXP 	vid4_q: autoDraw = False
727.6752 	EXP 	vid5_q: autoDraw = False
727.8697 	EXP 	window1: recordFrameIntervals = False
729.4468 	DATA 	Keypress: equal
729.4488 	DATA 	Keypress: equal
729.6618 	EXP 	eggPainting1: image = 'stimsday1details/newpainting8.png'
729.6618 	EXP 	eggPainting2: image = 'stimsday1details/painting32.png'
729.6618 	EXP 	character1: image = 'stimsday1details/newperson20.png'
729.6618 	EXP 	character2: image = 'stimsday1details/couple32.png'
729.6618 	EXP 	gift1: image = 'stimsday1details/new20.png'
729.6618 	EXP 	gift2: image = 'stimsday1details/gift32.png'
729.6618 	EXP 	themeQ1: image = 'stimsday1details/t32.png'
729.6618 	EXP 	themeQ2: image = 'stimsday1details/ct32.png'
729.6618 	EXP 	nameQ1: image = 'stimsday1details/n32.png'
729.6618 	EXP 	nameQ2: image = 'stimsday1details/cn32.png'
729.6618 	EXP 	nameQ1: autoDraw = True
729.6618 	EXP 	nameQ2: autoDraw = True
730.6762 	DATA 	Keypress: 1
730.9474 	DATA 	Keypress: equal
731.6582 	EXP 	nameQ1: autoDraw = False
731.6582 	EXP 	nameQ2: autoDraw = False
731.6582 	EXP 	nameQ1: autoDraw = False
731.6582 	EXP 	nameQ2: autoDraw = False
731.6582 	EXP 	eggPainting1: autoDraw = True
731.6582 	EXP 	eggPainting2: autoDraw = True
732.4467 	DATA 	Keypress: 2
732.4484 	DATA 	Keypress: equal
733.6575 	EXP 	eggPainting1: autoDraw = False
733.6575 	EXP 	eggPainting2: autoDraw = False
733.6575 	EXP 	eggPainting1: autoDraw = False
733.6575 	EXP 	eggPainting2: autoDraw = False
733.6575 	EXP 	character1: autoDraw = True
733.6575 	EXP 	character2: autoDraw = True
733.9474 	DATA 	Keypress: equal
734.5297 	DATA 	Keypress: 2
735.4469 	DATA 	Keypress: equal
735.6583 	EXP 	character1: autoDraw = False
735.6583 	EXP 	character2: autoDraw = False
735.6583 	EXP 	character1: autoDraw = False
735.6583 	EXP 	character2: autoDraw = False
735.6583 	EXP 	themeQ1: autoDraw = True
735.6583 	EXP 	themeQ2: autoDraw = True
736.6597 	DATA 	Keypress: 1
736.9474 	DATA 	Keypress: equal
737.6583 	EXP 	themeQ1: autoDraw = False
737.6583 	EXP 	themeQ2: autoDraw = False
737.6583 	EXP 	themeQ1: autoDraw = False
737.6583 	EXP 	themeQ2: autoDraw = False
737.6583 	EXP 	gift1: autoDraw = True
737.6583 	EXP 	gift2: autoDraw = True
738.4465 	DATA 	Keypress: equal
738.4596 	DATA 	Keypress: 2
739.6616 	EXP 	gift1: autoDraw = False
739.6616 	EXP 	gift2: autoDraw = False
739.6616 	EXP 	gift1: autoDraw = False
739.6616 	EXP 	gift2: autoDraw = False
739.6616 	EXP 	northorsouth1: autoDraw = True
739.6616 	EXP 	northorsouth2: autoDraw = True
739.9434 	DATA 	Keypress: equal
740.4931 	DATA 	Keypress: 2
741.4430 	DATA 	Keypress: equal
741.9395 	EXP 	New trial (rep=0, index=5): OrderedDict([('condsFile', 'videoBlock_schemaS_pathA_1.csv')])
741.9524 	EXP 	Imported videoBlock_schemaS_pathA_1.csv as conditions, 1 conditions, 17 params
741.9528 	EXP 	Created sequence: random, trialTypes=1, nReps=1, seed=None
741.9535 	EXP 	New trial (rep=0, index=0): OrderedDict([('northOrSouth', 'south.png'), ('stimFile1a', 'stims/wedding-14.1a.mp4'), ('stimFile1b', 'stims/wedding-14.1b.mp4'), ('stimFile2', 'stims/wedding-14.2a.mp4'), ('stimFile3', 'stims/wedding-14.3b.mp4'), ('stimFile4', 'stims/wedding-14.4a.mp4'), ('stimFile5', 'stims/wedding-14.5.mp4'), ('QeggPainting1', 'stimsday1details/newegg7.png'), ('Qcharacter1', 'stimsday1details/newperson7.png'), ('Qgift1', 'stimsday1details/gift14.png'), ('QeggPainting2', 'stimsday1details/egg14.png'), ('Qcharacter2', 'stimsday1details/couple14.png'), ('Qgift2', 'stimsday1details/new7.png'), ('Qname1', 'stimsday1details/n14.png'), ('Qtheme1', 'stimsday1details/t14.png'), ('Qname2', 'stimsday1details/cn14.png'), ('Qtheme2', 'stimsday1details/ct14.png')])
741.9579 	EXP 	northorsouth1: autoDraw = False
741.9579 	EXP 	northorsouth2: autoDraw = False
741.9579 	EXP 	northorsouth1: autoDraw = False
741.9579 	EXP 	northorsouth2: autoDraw = False
741.9579 	EXP 	image_2: autoDraw = True
742.9478 	DATA 	Keypress: equal
743.9473 	EXP 	Created sequence: random, trialTypes=1, nReps=1, seed=None
743.9476 	EXP 	New trial (rep=0, index=0): None
744.5457 	EXP 	Created vid1a = MovieStim3(__class__=<class 'psychopy.visual.movie3.MovieStim3'>, autoLog=True, color=UNKNOWN, colorSpace=UNKNOWN, depth=-1.0, filename='stims/wedding-14.1a.mp4', flipHoriz=False, flipVert=False, fps=UNKNOWN, interpolate=True, loop=False, name='vid1a', noAudio=False, opacity=1.0, ori=0, pos=array([0., 0.]), size=array([1280.,  720.]), units='pix', vframe_callback=UNKNOWN, volume=UNKNOWN, win=Window(...))
744.9061 	EXP 	Created vid1b = MovieStim3(__class__=<class 'psychopy.visual.movie3.MovieStim3'>, autoLog=True, color=UNKNOWN, colorSpace=UNKNOWN, depth=-2.0, filename='stims/wedding-14.1b.mp4', flipHoriz=False, flipVert=False, fps=UNKNOWN, interpolate=True, loop=False, name='vid1b', noAudio=False, opacity=1.0, ori=0, pos=array([0., 0.]), size=array([1280.,  720.]), units='pix', vframe_callback=UNKNOWN, volume=UNKNOWN, win=Window(...))
745.3356 	EXP 	Created vid2 = MovieStim3(__class__=<class 'psychopy.visual.movie3.MovieStim3'>, autoLog=True, color=UNKNOWN, colorSpace=UNKNOWN, depth=-3.0, filename='stims/wedding-14.2a.mp4', flipHoriz=False, flipVert=False, fps=UNKNOWN, interpolate=True, loop=False, name='vid2', noAudio=False, opacity=1.0, ori=0, pos=array([0., 0.]), size=array([1280.,  720.]), units='pix', vframe_callback=UNKNOWN, volume=UNKNOWN, win=Window(...))
745.9447 	EXP 	Created vid3 = MovieStim3(__class__=<class 'psychopy.visual.movie3.MovieStim3'>, autoLog=True, color=UNKNOWN, colorSpace=UNKNOWN, depth=-4.0, filename='stims/wedding-14.3b.mp4', flipHoriz=False, flipVert=False, fps=UNKNOWN, interpolate=True, loop=False, name='vid3', noAudio=False, opacity=1.0, ori=0, pos=array([0., 0.]), size=array([1280.,  720.]), units='pix', vframe_callback=UNKNOWN, volume=UNKNOWN, win=Window(...))
746.5390 	EXP 	Created vid4 = MovieStim3(__class__=<class 'psychopy.visual.movie3.MovieStim3'>, autoLog=True, color=UNKNOWN, colorSpace=UNKNOWN, depth=-5.0, filename='stims/wedding-14.4a.mp4', flipHoriz=False, flipVert=False, fps=UNKNOWN, interpolate=True, loop=False, name='vid4', noAudio=False, opacity=1.0, ori=0, pos=array([0., 0.]), size=array([1280.,  720.]), units='pix', vframe_callback=UNKNOWN, volume=UNKNOWN, win=Window(...))
746.9711 	EXP 	Created vid5 = MovieStim3(__class__=<class 'psychopy.visual.movie3.MovieStim3'>, autoLog=True, color=UNKNOWN, colorSpace=UNKNOWN, depth=-6.0, filename='stims/wedding-14.5.mp4', flipHoriz=False, flipVert=False, fps=UNKNOWN, interpolate=True, loop=False, name='vid5', noAudio=False, opacity=1.0, ori=0, pos=array([0., 0.]), size=array([1280.,  720.]), units='pix', vframe_callback=UNKNOWN, volume=UNKNOWN, win=Window(...))
747.2619 	EXP 	Created sequence: random, trialTypes=1, nReps=1, seed=None
747.2622 	EXP 	New trial (rep=0, index=0): None
747.8290 	EXP 	Created vid1a_q = MovieStim3(__class__=<class 'psychopy.visual.movie3.MovieStim3'>, autoLog=True, color=UNKNOWN, colorSpace=UNKNOWN, depth=-1.0, filename='stims/wedding-14.1a.mp4', flipHoriz=False, flipVert=False, fps=UNKNOWN, interpolate=True, loop=False, name='vid1a_q', noAudio=False, opacity=1.0, ori=0, pos=array([0., 0.]), size=array([1280.,  720.]), units='pix', vframe_callback=UNKNOWN, volume=UNKNOWN, win=Window(...))
748.1692 	EXP 	Created vid1b_q = MovieStim3(__class__=<class 'psychopy.visual.movie3.MovieStim3'>, autoLog=True, color=UNKNOWN, colorSpace=UNKNOWN, depth=-2.0, filename='stims/wedding-14.1b.mp4', flipHoriz=False, flipVert=False, fps=UNKNOWN, interpolate=True, loop=False, name='vid1b_q', noAudio=False, opacity=1.0, ori=0, pos=array([0., 0.]), size=array([1280.,  720.]), units='pix', vframe_callback=UNKNOWN, volume=UNKNOWN, win=Window(...))
748.5913 	EXP 	Created vid2_q = MovieStim3(__class__=<class 'psychopy.visual.movie3.MovieStim3'>, autoLog=True, color=UNKNOWN, colorSpace=UNKNOWN, depth=-3.0, filename='stims/wedding-14.2a.mp4', flipHoriz=False, flipVert=False, fps=UNKNOWN, interpolate=True, loop=False, name='vid2_q', noAudio=False, opacity=1.0, ori=0, pos=array([0., 0.]), size=array([1280.,  720.]), units='pix', vframe_callback=UNKNOWN, volume=UNKNOWN, win=Window(...))
749.1302 	EXP 	Created vid3_q = MovieStim3(__class__=<class 'psychopy.visual.movie3.MovieStim3'>, autoLog=True, color=UNKNOWN, colorSpace=UNKNOWN, depth=-5.0, filename='stims/wedding-14.3b.mp4', flipHoriz=False, flipVert=False, fps=UNKNOWN, interpolate=True, loop=False, name='vid3_q', noAudio=False, opacity=1.0, ori=0, pos=array([0., 0.]), size=array([1280.,  720.]), units='pix', vframe_callback=UNKNOWN, volume=UNKNOWN, win=Window(...))
749.6714 	EXP 	Created vid4_q = MovieStim3(__class__=<class 'psychopy.visual.movie3.MovieStim3'>, autoLog=True, color=UNKNOWN, colorSpace=UNKNOWN, depth=-7.0, filename='stims/wedding-14.4a.mp4', flipHoriz=False, flipVert=False, fps=UNKNOWN, interpolate=True, loop=False, name='vid4_q', noAudio=False, opacity=1.0, ori=0, pos=array([0., 0.]), size=array([1280.,  720.]), units='pix', vframe_callback=UNKNOWN, volume=UNKNOWN, win=Window(...))
750.0591 	EXP 	Created vid5_q = MovieStim3(__class__=<class 'psychopy.visual.movie3.MovieStim3'>, autoLog=True, color=UNKNOWN, colorSpace=UNKNOWN, depth=-8.0, filename='stims/wedding-14.5.mp4', flipHoriz=False, flipVert=False, fps=UNKNOWN, interpolate=True, loop=False, name='vid5_q', noAudio=False, opacity=1.0, ori=0, pos=array([0., 0.]), size=array([1280.,  720.]), units='pix', vframe_callback=UNKNOWN, volume=UNKNOWN, win=Window(...))
750.1840 	EXP 	window1: recordFrameIntervals = False
750.1876 	DATA 	Keypress: equal
750.1904 	DATA 	Keypress: equal
750.1927 	DATA 	Keypress: equal
750.1949 	DATA 	Keypress: equal
750.2082 	EXP 	image_2: autoDraw = False
750.2082 	EXP 	image_2: autoDraw = False
750.2082 	EXP 	vid1a: movie = 'stims/wedding-14.1a.mp4'
750.2082 	EXP 	vid1a: autoLog = True
750.2082 	EXP 	vid1b: movie = 'stims/wedding-14.1b.mp4'
750.2082 	EXP 	vid1b: autoLog = True
750.2082 	EXP 	vid2: movie = 'stims/wedding-14.2a.mp4'
750.2082 	EXP 	vid2: autoLog = True
750.2082 	EXP 	vid3: movie = 'stims/wedding-14.3b.mp4'
750.2082 	EXP 	vid3: autoLog = True
750.2082 	EXP 	vid4: movie = 'stims/wedding-14.4a.mp4'
750.2082 	EXP 	vid4: autoLog = True
750.2082 	EXP 	vid5: movie = 'stims/wedding-14.5.mp4'
750.2082 	EXP 	vid5: autoLog = True
750.2082 	EXP 	vid1a: autoDraw = False
750.2082 	EXP 	vid1b: autoDraw = False
750.2082 	EXP 	vid2: autoDraw = False
750.2082 	EXP 	vid3: autoDraw = False
750.2082 	EXP 	vid4: autoDraw = False
750.2082 	EXP 	vid5: autoDraw = False
750.2082 	EXP 	vid1a_q: movie = 'stims/wedding-14.1a.mp4'
750.2082 	EXP 	vid1a_q: autoLog = True
750.2082 	EXP 	vid1b_q: movie = 'stims/wedding-14.1b.mp4'
750.2082 	EXP 	vid1b_q: autoLog = True
750.2082 	EXP 	vid2_q: movie = 'stims/wedding-14.2a.mp4'
750.2082 	EXP 	vid2_q: autoLog = True
750.2082 	EXP 	vid3_q: movie = 'stims/wedding-14.3b.mp4'
750.2082 	EXP 	vid3_q: autoLog = True
750.2082 	EXP 	vid4_q: movie = 'stims/wedding-14.4a.mp4'
750.2082 	EXP 	vid4_q: autoLog = True
750.2082 	EXP 	vid5_q: movie = 'stims/wedding-14.5.mp4'
750.2082 	EXP 	vid5_q: autoLog = True
753.0454 	EXP 	window1: recordFrameIntervals = False
754.4719 	DATA 	Keypress: equal
754.4795 	DATA 	Keypress: equal
754.4819 	DATA 	Keypress: equal
754.6751 	EXP 	vid1a_q: movie = 'stims/wedding-14.1a.mp4'
754.6751 	EXP 	vid1b_q: movie = 'stims/wedding-14.1b.mp4'
754.6751 	EXP 	vid2_q: movie = 'stims/wedding-14.2a.mp4'
754.6751 	EXP 	vid3_q: movie = 'stims/wedding-14.3b.mp4'
754.6751 	EXP 	vid4_q: movie = 'stims/wedding-14.4a.mp4'
754.6751 	EXP 	vid5_q: movie = 'stims/wedding-14.5.mp4'
754.6911 	EXP 	vid1a_q: autoDraw = True
754.9353 	DATA 	Keypress: equal
756.4425 	DATA 	Keypress: equal
758.0553 	DATA 	Keypress: equal
759.4343 	DATA 	Keypress: equal
760.9359 	DATA 	Keypress: equal
762.4395 	DATA 	Keypress: equal
763.9409 	DATA 	Keypress: equal
765.4486 	DATA 	Keypress: equal
766.9432 	DATA 	Keypress: equal
768.4444 	DATA 	Keypress: equal
769.9479 	DATA 	Keypress: equal
771.4425 	DATA 	Keypress: equal
772.9428 	DATA 	Keypress: equal
774.4435 	DATA 	Keypress: equal
775.9426 	DATA 	Keypress: equal
777.4480 	DATA 	Keypress: equal
778.9469 	DATA 	Keypress: equal
780.4389 	DATA 	Keypress: equal
781.9376 	DATA 	Keypress: equal
783.4351 	DATA 	Keypress: equal
784.2787 	EXP 	vid1a_q: autoDraw = False
784.2920 	EXP 	vid1b_q: autoDraw = True
784.9391 	DATA 	Keypress: equal
786.4411 	DATA 	Keypress: equal
787.9469 	DATA 	Keypress: equal
789.4430 	DATA 	Keypress: equal
790.9465 	DATA 	Keypress: equal
792.4089 	EXP 	Set vid1b_q finished
792.4439 	DATA 	Keypress: equal
793.2917 	EXP 	vid2_q: autoDraw = True
793.9342 	DATA 	Keypress: equal
795.4326 	DATA 	Keypress: equal
796.9422 	DATA 	Keypress: equal
798.4546 	DATA 	Keypress: equal
799.9428 	DATA 	Keypress: equal
801.4442 	DATA 	Keypress: equal
802.9419 	DATA 	Keypress: equal
804.4430 	DATA 	Keypress: equal
805.9428 	DATA 	Keypress: equal
807.4426 	DATA 	Keypress: equal
808.9431 	DATA 	Keypress: equal
810.0400 	EXP 	Set vid2_q finished
810.2905 	EXP 	l2q: autoDraw = True
810.4419 	DATA 	Keypress: equal
811.3802 	DATA 	Keypress: 2
811.9469 	DATA 	Keypress: equal
813.4461 	DATA 	Keypress: equal
814.2784 	EXP 	l2q: autoDraw = False
814.2784 	EXP 	vid3_q: autoDraw = True
814.9474 	DATA 	Keypress: equal
816.4376 	DATA 	Keypress: equal
817.9335 	DATA 	Keypress: equal
819.4335 	DATA 	Keypress: equal
820.9333 	DATA 	Keypress: equal
822.4324 	DATA 	Keypress: equal
823.9337 	DATA 	Keypress: equal
825.4325 	DATA 	Keypress: equal
826.9350 	DATA 	Keypress: equal
828.4350 	DATA 	Keypress: equal
829.9350 	DATA 	Keypress: equal
831.4418 	DATA 	Keypress: equal
832.9473 	DATA 	Keypress: equal
834.4470 	DATA 	Keypress: equal
835.9422 	DATA 	Keypress: equal
837.2729 	EXP 	vid3_q: autoDraw = False
837.2935 	EXP 	l3q: autoDraw = True
837.4465 	DATA 	Keypress: equal
838.8463 	DATA 	Keypress: 1
838.9460 	DATA 	Keypress: equal
840.4449 	DATA 	Keypress: equal
841.2730 	EXP 	l3q: autoDraw = False
841.2895 	EXP 	vid4_q: autoDraw = True
841.9314 	DATA 	Keypress: equal
843.4335 	DATA 	Keypress: equal
844.9309 	DATA 	Keypress: equal
846.4317 	DATA 	Keypress: equal
847.9375 	DATA 	Keypress: equal
849.4377 	DATA 	Keypress: equal
850.9462 	DATA 	Keypress: equal
852.4422 	DATA 	Keypress: equal
853.9422 	DATA 	Keypress: equal
855.4423 	DATA 	Keypress: equal
856.9459 	DATA 	Keypress: equal
858.4462 	DATA 	Keypress: equal
859.9412 	DATA 	Keypress: equal
861.4414 	DATA 	Keypress: equal
862.9412 	DATA 	Keypress: equal
864.4410 	DATA 	Keypress: equal
865.2725 	EXP 	vid4_q: autoDraw = False
865.2894 	EXP 	vid5_q: autoDraw = True
865.9305 	DATA 	Keypress: equal
867.4334 	DATA 	Keypress: equal
868.9313 	DATA 	Keypress: equal
870.4322 	DATA 	Keypress: equal
871.9294 	DATA 	Keypress: equal
873.4345 	DATA 	Keypress: equal
874.9461 	DATA 	Keypress: equal
876.4419 	DATA 	Keypress: equal
877.7400 	EXP 	Set vid5_q finished
878.0377 	EXP 	window1: recordFrameIntervals = False
878.0396 	DATA 	Keypress: equal
878.0573 	EXP 	vid1a_q: autoDraw = False
878.0573 	EXP 	vid1b_q: autoDraw = False
878.0573 	EXP 	vid2_q: autoDraw = False
878.0573 	EXP 	l2q: autoDraw = False
878.0573 	EXP 	vid3_q: autoDraw = False
878.0573 	EXP 	l3q: autoDraw = False
878.0573 	EXP 	vid4_q: autoDraw = False
878.0573 	EXP 	vid5_q: autoDraw = False
878.2698 	EXP 	window1: recordFrameIntervals = False
879.8239 	DATA 	Keypress: equal
880.0401 	EXP 	eggPainting1: image = 'stimsday1details/newegg7.png'
880.0401 	EXP 	eggPainting2: image = 'stimsday1details/egg14.png'
880.0401 	EXP 	character1: image = 'stimsday1details/newperson7.png'
880.0401 	EXP 	character2: image = 'stimsday1details/couple14.png'
880.0401 	EXP 	gift1: image = 'stimsday1details/gift14.png'
880.0401 	EXP 	gift2: image = 'stimsday1details/new7.png'
880.0401 	EXP 	themeQ1: image = 'stimsday1details/t14.png'
880.0401 	EXP 	themeQ2: image = 'stimsday1details/ct14.png'
880.0401 	EXP 	nameQ1: image = 'stimsday1details/n14.png'
880.0401 	EXP 	nameQ2: image = 'stimsday1details/cn14.png'
880.0401 	EXP 	nameQ1: autoDraw = True
880.0401 	EXP 	nameQ2: autoDraw = True
880.7913 	DATA 	Keypress: 1
880.9412 	DATA 	Keypress: equal
882.0394 	EXP 	nameQ1: autoDraw = False
882.0394 	EXP 	nameQ2: autoDraw = False
882.0394 	EXP 	nameQ1: autoDraw = False
882.0394 	EXP 	nameQ2: autoDraw = False
882.0394 	EXP 	eggPainting1: autoDraw = True
882.0394 	EXP 	eggPainting2: autoDraw = True
882.4408 	DATA 	Keypress: equal
883.0449 	DATA 	Keypress: 2
883.9411 	DATA 	Keypress: equal
884.0392 	EXP 	eggPainting1: autoDraw = False
884.0392 	EXP 	eggPainting2: autoDraw = False
884.0392 	EXP 	eggPainting1: autoDraw = False
884.0392 	EXP 	eggPainting2: autoDraw = False
884.0392 	EXP 	character1: autoDraw = True
884.0392 	EXP 	character2: autoDraw = True
884.9743 	DATA 	Keypress: 2
885.4420 	DATA 	Keypress: equal
886.0441 	EXP 	character1: autoDraw = False
886.0441 	EXP 	character2: autoDraw = False
886.0441 	EXP 	character1: autoDraw = False
886.0441 	EXP 	character2: autoDraw = False
886.0441 	EXP 	themeQ1: autoDraw = True
886.0441 	EXP 	themeQ2: autoDraw = True
886.9407 	DATA 	Keypress: equal
887.1579 	DATA 	Keypress: 1
888.0398 	EXP 	themeQ1: autoDraw = False
888.0398 	EXP 	themeQ2: autoDraw = False
888.0398 	EXP 	themeQ1: autoDraw = False
888.0398 	EXP 	themeQ2: autoDraw = False
888.0398 	EXP 	gift1: autoDraw = True
888.0398 	EXP 	gift2: autoDraw = True
888.4404 	DATA 	Keypress: equal
888.8409 	DATA 	Keypress: 1
889.9410 	DATA 	Keypress: equal
890.0388 	EXP 	gift1: autoDraw = False
890.0388 	EXP 	gift2: autoDraw = False
890.0388 	EXP 	gift1: autoDraw = False
890.0388 	EXP 	gift2: autoDraw = False
890.0388 	EXP 	northorsouth1: autoDraw = True
890.0388 	EXP 	northorsouth2: autoDraw = True
890.6746 	DATA 	Keypress: 2
891.4403 	DATA 	Keypress: equal
892.3558 	EXP 	northorsouth1: autoDraw = False
892.3558 	EXP 	northorsouth2: autoDraw = False
892.3558 	EXP 	northorsouth1: autoDraw = False
892.3558 	EXP 	northorsouth2: autoDraw = False
892.6607 	EXP 	window1: mouseVisible = True
