1.8317 	WARNING 	Import Error: No module named 'psychtoolbox'. Using event module for keyboard component.
4.7178 	WARNING 	User requested fullscreen with size [2560 1440], but screen is actually [1920, 1080]. Using actual size
5.3701 	EXP 	Created window1 = Window(allowGUI=False, allowStencil=False, args=UNKNOWN, autoLog=True, bitsMode=UNKNOWN, blendMode='avg', color=array([0., 0., 0.]), colorSpace='rgb', fullscr=<method-wrapper '__getattribute__' of attributeSetter object at 0x132594a390>, gamma=None, kwargs=UNKNOWN, lms=UNKNOWN, monitor=<psychopy.monitors.calibTools.Monitor object at 0x132760eeb8>, multiSample=False, name='window1', numSamples=2, pos=[0.0, 0.0], screen=0, size=array([1920, 1080]), stereo=False, units='norm', useFBO=True, useRetina=False, viewOri=0.0, viewPos=None, viewScale=None, waitBlanking=True, winType='pyglet')
5.3701 	EXP 	window1: recordFrameIntervals = False
5.5360 	EXP 	window1: recordFrameIntervals = True
5.7195 	EXP 	window1: recordFrameIntervals = False
5.8424 	EXP 	Created text = TextStim(__class__=<class 'psychopy.visual.text.TextStim'>, alignHoriz='center', alignVert='center', antialias=True, autoLog=True, bold=False, color='white', colorSpace='named', contrast=1.0, depth=0.0, flipHoriz=False, flipVert=False, font='Arial', fontFiles=[], height=0.1, italic=False, languageStyle='LTR', name='text', opacity=1.0, ori=0, pos=array([0., 0.]), rgb=array([255., 255., 255.]), text='Waiting for experimenter...', units='norm', win=Window(...), wrapWidth=1)
5.8518 	EXP 	Created waiting = TextStim(__class__=<class 'psychopy.visual.text.TextStim'>, alignHoriz='center', alignVert='center', antialias=True, autoLog=True, bold=False, color='white', colorSpace='named', contrast=1.0, depth=0.0, flipHoriz=False, flipVert=False, font='Arial', fontFiles=[], height=0.1, italic=False, languageStyle='LTR', name='waiting', opacity=1.0, ori=0, pos=array([0., 0.]), rgb=array([255., 255., 255.]), text='waiting for scanner', units='norm', win=Window(...), wrapWidth=1)
5.8725 	EXP 	Created image_2 = ImageStim(__class__=<class 'psychopy.visual.image.ImageStim'>, autoLog=True, color=array([1., 1., 1.]), colorSpace='rgb', contrast=1.0, depth=0.0, flipHoriz=False, flipVert=False, image='south.png', interpolate=True, mask=None, maskParams=None, name='image_2', opacity=1.0, ori=0.0, pos=array([0., 0.]), size=array([0.5, 0.5]), texRes=128, units='norm', win=Window(...))
5.8782 	EXP 	Created image = ImageStim(__class__=<class 'psychopy.visual.image.ImageStim'>, autoLog=True, color=array([1., 1., 1.]), colorSpace='rgb', contrast=1.0, depth=-8.0, flipHoriz=False, flipVert=False, image='sin', interpolate=True, mask=None, maskParams=None, name='image', opacity=1.0, ori=0.0, pos=array([0., 0.]), size=array([0.5, 0.5]), texRes=128, units='norm', win=Window(...))
5.8904 	EXP 	Created l2q = ImageStim(__class__=<class 'psychopy.visual.image.ImageStim'>, autoLog=True, color=array([1., 1., 1.]), colorSpace='rgb', contrast=1.0, depth=-4.0, flipHoriz=False, flipVert=False, image='LAYER2Q.png', interpolate=True, mask=None, maskParams=None, name='l2q', opacity=1.0, ori=0.0, pos=array([0., 0.]), size=array([0.5, 0.5]), texRes=128, units='norm', win=Window(...))
5.9011 	EXP 	Created l3q = ImageStim(__class__=<class 'psychopy.visual.image.ImageStim'>, autoLog=True, color=array([1., 1., 1.]), colorSpace='rgb', contrast=1.0, depth=-6.0, flipHoriz=False, flipVert=False, image='LAYER3Q.png', interpolate=True, mask=None, maskParams=None, name='l3q', opacity=1.0, ori=0.0, pos=array([0., 0.]), size=array([0.5, 0.5]), texRes=128, units='norm', win=Window(...))
5.9035 	EXP 	Created reveal = ImageStim(__class__=<class 'psychopy.visual.image.ImageStim'>, autoLog=True, color=array([1., 1., 1.]), colorSpace='rgb', contrast=1.0, depth=-12.0, flipHoriz=False, flipVert=False, image='sin', interpolate=True, mask=None, maskParams=None, name='reveal', opacity=1.0, ori=0.0, pos=array([0., 0.]), size=array([0.5, 0.5]), texRes=128, units='norm', win=Window(...))
5.9059 	EXP 	Created nameQ1 = ImageStim(__class__=<class 'psychopy.visual.image.ImageStim'>, autoLog=True, color=array([1., 1., 1.]), colorSpace='rgb', contrast=1.0, depth=-1.0, flipHoriz=False, flipVert=False, image='sin', interpolate=True, mask=None, maskParams=None, name='nameQ1', opacity=1.0, ori=0.0, pos=array([-0.5, -0.2]), size=array([0.5, 0.5]), texRes=128, units='norm', win=Window(...))
5.9083 	EXP 	Created nameQ2 = ImageStim(__class__=<class 'psychopy.visual.image.ImageStim'>, autoLog=True, color=array([1., 1., 1.]), colorSpace='rgb', contrast=1.0, depth=-2.0, flipHoriz=False, flipVert=False, image='sin', interpolate=True, mask=None, maskParams=None, name='nameQ2', opacity=1.0, ori=0.0, pos=array([ 0.5, -0.2]), size=array([0.5, 0.5]), texRes=128, units='norm', win=Window(...))
5.9108 	EXP 	Created eggPainting1 = ImageStim(__class__=<class 'psychopy.visual.image.ImageStim'>, autoLog=True, color=array([1., 1., 1.]), colorSpace='rgb', contrast=1.0, depth=0.0, flipHoriz=False, flipVert=False, image='sin', interpolate=True, mask=None, maskParams=None, name='eggPainting1', opacity=1.0, ori=0.0, pos=array([-0.5, -0.2]), size=array([0.7, 1. ]), texRes=128, units='norm', win=Window(...))
5.9131 	EXP 	Created eggPainting2 = ImageStim(__class__=<class 'psychopy.visual.image.ImageStim'>, autoLog=True, color=array([1., 1., 1.]), colorSpace='rgb', contrast=1.0, depth=-2.0, flipHoriz=False, flipVert=False, image='sin', interpolate=True, mask=None, maskParams=None, name='eggPainting2', opacity=1.0, ori=0.0, pos=array([ 0.5, -0.2]), size=array([0.7, 1. ]), texRes=128, units='norm', win=Window(...))
5.9155 	EXP 	Created character1 = ImageStim(__class__=<class 'psychopy.visual.image.ImageStim'>, autoLog=True, color=array([1., 1., 1.]), colorSpace='rgb', contrast=1.0, depth=0.0, flipHoriz=False, flipVert=False, image='sin', interpolate=True, mask=None, maskParams=None, name='character1', opacity=1.0, ori=0.0, pos=array([-0.5, -0.2]), size=array([0.5, 1. ]), texRes=128, units='norm', win=Window(...))
5.9179 	EXP 	Created character2 = ImageStim(__class__=<class 'psychopy.visual.image.ImageStim'>, autoLog=True, color=array([1., 1., 1.]), colorSpace='rgb', contrast=1.0, depth=-1.0, flipHoriz=False, flipVert=False, image='sin', interpolate=True, mask=None, maskParams=None, name='character2', opacity=1.0, ori=0.0, pos=array([ 0.5, -0.2]), size=array([0.5, 1. ]), texRes=128, units='norm', win=Window(...))
5.9202 	EXP 	Created themeQ1 = ImageStim(__class__=<class 'psychopy.visual.image.ImageStim'>, autoLog=True, color=array([1., 1., 1.]), colorSpace='rgb', contrast=1.0, depth=-1.0, flipHoriz=False, flipVert=False, image='sin', interpolate=True, mask=None, maskParams=None, name='themeQ1', opacity=1.0, ori=0.0, pos=array([-0.5, -0.2]), size=array([0.5, 0.5]), texRes=128, units='norm', win=Window(...))
5.9226 	EXP 	Created themeQ2 = ImageStim(__class__=<class 'psychopy.visual.image.ImageStim'>, autoLog=True, color=array([1., 1., 1.]), colorSpace='rgb', contrast=1.0, depth=-2.0, flipHoriz=False, flipVert=False, image='sin', interpolate=True, mask=None, maskParams=None, name='themeQ2', opacity=1.0, ori=0.0, pos=array([ 0.5, -0.2]), size=array([0.5, 0.5]), texRes=128, units='norm', win=Window(...))
5.9249 	EXP 	Created gift1 = ImageStim(__class__=<class 'psychopy.visual.image.ImageStim'>, autoLog=True, color=array([1., 1., 1.]), colorSpace='rgb', contrast=1.0, depth=0.0, flipHoriz=False, flipVert=False, image='sin', interpolate=True, mask=None, maskParams=None, name='gift1', opacity=1.0, ori=0.0, pos=array([-0.5, -0.2]), size=array([0.5, 0.5]), texRes=128, units='norm', win=Window(...))
5.9272 	EXP 	Created gift2 = ImageStim(__class__=<class 'psychopy.visual.image.ImageStim'>, autoLog=True, color=array([1., 1., 1.]), colorSpace='rgb', contrast=1.0, depth=-1.0, flipHoriz=False, flipVert=False, image='sin', interpolate=True, mask=None, maskParams=None, name='gift2', opacity=1.0, ori=0.0, pos=array([ 0.5, -0.2]), size=array([0.5, 0.5]), texRes=128, units='norm', win=Window(...))
5.9308 	EXP 	Created northorsouth1 = ImageStim(__class__=<class 'psychopy.visual.image.ImageStim'>, autoLog=True, color=array([1., 1., 1.]), colorSpace='rgb', contrast=1.0, depth=0.0, flipHoriz=False, flipVert=False, image='northorsouth1.png', interpolate=True, mask=None, maskParams=None, name='northorsouth1', opacity=1.0, ori=0.0, pos=array([-0.5, -0.2]), size=array([0.5, 0.5]), texRes=128, units='norm', win=Window(...))
5.9342 	EXP 	Created northorsouth2 = ImageStim(__class__=<class 'psychopy.visual.image.ImageStim'>, autoLog=True, color=array([1., 1., 1.]), colorSpace='rgb', contrast=1.0, depth=-2.0, flipHoriz=False, flipVert=False, image='northorsouth2.png', interpolate=True, mask=None, maskParams=None, name='northorsouth2', opacity=1.0, ori=0.0, pos=array([ 0.5, -0.2]), size=array([0.5, 0.5]), texRes=128, units='norm', win=Window(...))
5.9526 	EXP 	text: autoDraw = True
6.2897 	DATA 	Keypress: g
6.3027 	EXP 	text: autoDraw = False
6.3027 	EXP 	waiting: autoDraw = True
23.2710 	DATA 	Keypress: equal
23.2813 	EXP 	Imported chooseBlock4.csv as conditions, 6 conditions, 1 params
23.2818 	EXP 	Created sequence: random, trialTypes=6, nReps=1, seed=None
23.2821 	EXP 	New trial (rep=0, index=0): OrderedDict([('condsFile', 'videoBlock_schemaS_pathB_6.csv')])
23.2920 	EXP 	Imported videoBlock_schemaS_pathB_6.csv as conditions, 1 conditions, 17 params
23.2924 	EXP 	Created sequence: random, trialTypes=1, nReps=1, seed=None
23.2931 	EXP 	New trial (rep=0, index=0): OrderedDict([('northOrSouth', 'south.png'), ('stimFile1a', 'stims/wedding-37.1a.mp4'), ('stimFile1b', 'stims/wedding-37.1b.mp4'), ('stimFile2', 'stims/wedding-37.2b.mp4'), ('stimFile3', 'stims/wedding-37.3a.mp4'), ('stimFile4', 'stims/wedding-37.4b.mp4'), ('stimFile5', 'stims/wedding-37.5.mp4'), ('QeggPainting1', 'stimsday1details/painting37.png'), ('Qcharacter1', 'stimsday1details/couple37.png'), ('Qgift1', 'stimsday1details/gift37.png'), ('QeggPainting2', 'stimsday1details/newpainting12.png'), ('Qcharacter2', 'stimsday1details/newperson24.png'), ('Qgift2', 'stimsday1details/new24.png'), ('Qname1', 'stimsday1details/n37.png'), ('Qtheme1', 'stimsday1details/t37.png'), ('Qname2', 'stimsday1details/cn37.png'), ('Qtheme2', 'stimsday1details/ct37.png')])
23.3036 	EXP 	waiting: autoDraw = False
23.3036 	EXP 	image_2: autoDraw = True
24.7709 	DATA 	Keypress: equal
25.2866 	EXP 	Created sequence: random, trialTypes=1, nReps=1, seed=None
25.2869 	EXP 	New trial (rep=0, index=0): None
25.9086 	EXP 	Created vid1a = MovieStim3(__class__=<class 'psychopy.visual.movie3.MovieStim3'>, autoLog=True, color=UNKNOWN, colorSpace=UNKNOWN, depth=-1.0, filename='stims/wedding-37.1a.mp4', flipHoriz=False, flipVert=False, fps=UNKNOWN, interpolate=True, loop=False, name='vid1a', noAudio=False, opacity=1.0, ori=0, pos=array([0., 0.]), size=array([1280.,  720.]), units='pix', vframe_callback=UNKNOWN, volume=UNKNOWN, win=Window(...))
26.3021 	EXP 	Created vid1b = MovieStim3(__class__=<class 'psychopy.visual.movie3.MovieStim3'>, autoLog=True, color=UNKNOWN, colorSpace=UNKNOWN, depth=-2.0, filename='stims/wedding-37.1b.mp4', flipHoriz=False, flipVert=False, fps=UNKNOWN, interpolate=True, loop=False, name='vid1b', noAudio=False, opacity=1.0, ori=0, pos=array([0., 0.]), size=array([1280.,  720.]), units='pix', vframe_callback=UNKNOWN, volume=UNKNOWN, win=Window(...))
26.7271 	EXP 	Created vid2 = MovieStim3(__class__=<class 'psychopy.visual.movie3.MovieStim3'>, autoLog=True, color=UNKNOWN, colorSpace=UNKNOWN, depth=-3.0, filename='stims/wedding-37.2b.mp4', flipHoriz=False, flipVert=False, fps=UNKNOWN, interpolate=True, loop=False, name='vid2', noAudio=False, opacity=1.0, ori=0, pos=array([0., 0.]), size=array([1280.,  720.]), units='pix', vframe_callback=UNKNOWN, volume=UNKNOWN, win=Window(...))
27.2055 	EXP 	Created vid3 = MovieStim3(__class__=<class 'psychopy.visual.movie3.MovieStim3'>, autoLog=True, color=UNKNOWN, colorSpace=UNKNOWN, depth=-4.0, filename='stims/wedding-37.3a.mp4', flipHoriz=False, flipVert=False, fps=UNKNOWN, interpolate=True, loop=False, name='vid3', noAudio=False, opacity=1.0, ori=0, pos=array([0., 0.]), size=array([1280.,  720.]), units='pix', vframe_callback=UNKNOWN, volume=UNKNOWN, win=Window(...))
27.6884 	EXP 	Created vid4 = MovieStim3(__class__=<class 'psychopy.visual.movie3.MovieStim3'>, autoLog=True, color=UNKNOWN, colorSpace=UNKNOWN, depth=-5.0, filename='stims/wedding-37.4b.mp4', flipHoriz=False, flipVert=False, fps=UNKNOWN, interpolate=True, loop=False, name='vid4', noAudio=False, opacity=1.0, ori=0, pos=array([0., 0.]), size=array([1280.,  720.]), units='pix', vframe_callback=UNKNOWN, volume=UNKNOWN, win=Window(...))
28.1165 	EXP 	Created vid5 = MovieStim3(__class__=<class 'psychopy.visual.movie3.MovieStim3'>, autoLog=True, color=UNKNOWN, colorSpace=UNKNOWN, depth=-6.0, filename='stims/wedding-37.5.mp4', flipHoriz=False, flipVert=False, fps=UNKNOWN, interpolate=True, loop=False, name='vid5', noAudio=False, opacity=1.0, ori=0, pos=array([0., 0.]), size=array([1280.,  720.]), units='pix', vframe_callback=UNKNOWN, volume=UNKNOWN, win=Window(...))
28.1610 	EXP 	Created sequence: random, trialTypes=1, nReps=1, seed=None
28.1613 	EXP 	New trial (rep=0, index=0): None
28.6472 	EXP 	Created vid1a_q = MovieStim3(__class__=<class 'psychopy.visual.movie3.MovieStim3'>, autoLog=True, color=UNKNOWN, colorSpace=UNKNOWN, depth=-1.0, filename='stims/wedding-37.1a.mp4', flipHoriz=False, flipVert=False, fps=UNKNOWN, interpolate=True, loop=False, name='vid1a_q', noAudio=False, opacity=1.0, ori=0, pos=array([0., 0.]), size=array([1280.,  720.]), units='pix', vframe_callback=UNKNOWN, volume=UNKNOWN, win=Window(...))
29.0194 	EXP 	Created vid1b_q = MovieStim3(__class__=<class 'psychopy.visual.movie3.MovieStim3'>, autoLog=True, color=UNKNOWN, colorSpace=UNKNOWN, depth=-2.0, filename='stims/wedding-37.1b.mp4', flipHoriz=False, flipVert=False, fps=UNKNOWN, interpolate=True, loop=False, name='vid1b_q', noAudio=False, opacity=1.0, ori=0, pos=array([0., 0.]), size=array([1280.,  720.]), units='pix', vframe_callback=UNKNOWN, volume=UNKNOWN, win=Window(...))
29.4282 	EXP 	Created vid2_q = MovieStim3(__class__=<class 'psychopy.visual.movie3.MovieStim3'>, autoLog=True, color=UNKNOWN, colorSpace=UNKNOWN, depth=-3.0, filename='stims/wedding-37.2b.mp4', flipHoriz=False, flipVert=False, fps=UNKNOWN, interpolate=True, loop=False, name='vid2_q', noAudio=False, opacity=1.0, ori=0, pos=array([0., 0.]), size=array([1280.,  720.]), units='pix', vframe_callback=UNKNOWN, volume=UNKNOWN, win=Window(...))
29.8979 	EXP 	Created vid3_q = MovieStim3(__class__=<class 'psychopy.visual.movie3.MovieStim3'>, autoLog=True, color=UNKNOWN, colorSpace=UNKNOWN, depth=-5.0, filename='stims/wedding-37.3a.mp4', flipHoriz=False, flipVert=False, fps=UNKNOWN, interpolate=True, loop=False, name='vid3_q', noAudio=False, opacity=1.0, ori=0, pos=array([0., 0.]), size=array([1280.,  720.]), units='pix', vframe_callback=UNKNOWN, volume=UNKNOWN, win=Window(...))
30.3644 	EXP 	Created vid4_q = MovieStim3(__class__=<class 'psychopy.visual.movie3.MovieStim3'>, autoLog=True, color=UNKNOWN, colorSpace=UNKNOWN, depth=-7.0, filename='stims/wedding-37.4b.mp4', flipHoriz=False, flipVert=False, fps=UNKNOWN, interpolate=True, loop=False, name='vid4_q', noAudio=False, opacity=1.0, ori=0, pos=array([0., 0.]), size=array([1280.,  720.]), units='pix', vframe_callback=UNKNOWN, volume=UNKNOWN, win=Window(...))
30.7612 	EXP 	Created vid5_q = MovieStim3(__class__=<class 'psychopy.visual.movie3.MovieStim3'>, autoLog=True, color=UNKNOWN, colorSpace=UNKNOWN, depth=-8.0, filename='stims/wedding-37.5.mp4', flipHoriz=False, flipVert=False, fps=UNKNOWN, interpolate=True, loop=False, name='vid5_q', noAudio=False, opacity=1.0, ori=0, pos=array([0., 0.]), size=array([1280.,  720.]), units='pix', vframe_callback=UNKNOWN, volume=UNKNOWN, win=Window(...))
30.7617 	EXP 	window1: recordFrameIntervals = False
30.7660 	DATA 	Keypress: equal
30.7687 	DATA 	Keypress: equal
30.7709 	DATA 	Keypress: equal
30.7731 	DATA 	Keypress: equal
30.7857 	EXP 	image_2: autoDraw = False
30.7857 	EXP 	vid1a: movie = 'stims/wedding-37.1a.mp4'
30.7857 	EXP 	vid1a: autoLog = True
30.7857 	EXP 	vid1b: movie = 'stims/wedding-37.1b.mp4'
30.7857 	EXP 	vid1b: autoLog = True
30.7857 	EXP 	vid2: movie = 'stims/wedding-37.2b.mp4'
30.7857 	EXP 	vid2: autoLog = True
30.7857 	EXP 	vid3: movie = 'stims/wedding-37.3a.mp4'
30.7857 	EXP 	vid3: autoLog = True
30.7857 	EXP 	vid4: movie = 'stims/wedding-37.4b.mp4'
30.7857 	EXP 	vid4: autoLog = True
30.7857 	EXP 	vid5: movie = 'stims/wedding-37.5.mp4'
30.7857 	EXP 	vid5: autoLog = True
30.7857 	EXP 	vid1a: autoDraw = False
30.7857 	EXP 	vid1b: autoDraw = False
30.7857 	EXP 	vid2: autoDraw = False
30.7857 	EXP 	vid3: autoDraw = False
30.7857 	EXP 	vid4: autoDraw = False
30.7857 	EXP 	vid5: autoDraw = False
30.7857 	EXP 	image: autoDraw = False
30.7857 	EXP 	vid1a_q: movie = 'stims/wedding-37.1a.mp4'
30.7857 	EXP 	vid1a_q: autoLog = True
30.7857 	EXP 	vid1b_q: movie = 'stims/wedding-37.1b.mp4'
30.7857 	EXP 	vid1b_q: autoLog = True
30.7857 	EXP 	vid2_q: movie = 'stims/wedding-37.2b.mp4'
30.7857 	EXP 	vid2_q: autoLog = True
30.7857 	EXP 	vid3_q: movie = 'stims/wedding-37.3a.mp4'
30.7857 	EXP 	vid3_q: autoLog = True
30.7857 	EXP 	vid4_q: movie = 'stims/wedding-37.4b.mp4'
30.7857 	EXP 	vid4_q: autoLog = True
30.7857 	EXP 	vid5_q: movie = 'stims/wedding-37.5.mp4'
30.7857 	EXP 	vid5_q: autoLog = True
33.4178 	EXP 	window1: recordFrameIntervals = False
35.0500 	DATA 	Keypress: equal
35.0528 	DATA 	Keypress: equal
35.2569 	EXP 	vid1a_q: movie = 'stims/wedding-37.1a.mp4'
35.2569 	EXP 	vid1b_q: movie = 'stims/wedding-37.1b.mp4'
35.2569 	EXP 	vid2_q: movie = 'stims/wedding-37.2b.mp4'
35.2569 	EXP 	vid3_q: movie = 'stims/wedding-37.3a.mp4'
35.2569 	EXP 	vid4_q: movie = 'stims/wedding-37.4b.mp4'
35.2569 	EXP 	vid5_q: movie = 'stims/wedding-37.5.mp4'
35.2569 	EXP 	reveal: image = 'south.png'
35.2597 	DATA 	Keypress: equal
35.2856 	EXP 	vid1a_q: autoDraw = True
35.2856 	EXP 	reveal: autoDraw = True
35.2856 	EXP 	reveal: autoDraw = False
36.7709 	DATA 	Keypress: equal
38.2711 	DATA 	Keypress: equal
39.7598 	DATA 	Keypress: equal
41.2620 	DATA 	Keypress: equal
42.7605 	DATA 	Keypress: equal
44.2619 	DATA 	Keypress: equal
45.7898 	DATA 	Keypress: equal
47.2627 	DATA 	Keypress: equal
48.7619 	DATA 	Keypress: equal
50.2617 	DATA 	Keypress: equal
51.7618 	DATA 	Keypress: equal
53.2623 	DATA 	Keypress: equal
54.7624 	DATA 	Keypress: equal
56.2706 	DATA 	Keypress: equal
57.7706 	DATA 	Keypress: equal
58.0354 	EXP 	Set vid1a_q finished
58.1853 	EXP 	vid1b_q: autoDraw = True
59.2623 	DATA 	Keypress: equal
60.7623 	DATA 	Keypress: equal
62.2628 	DATA 	Keypress: equal
63.7621 	DATA 	Keypress: equal
65.2622 	DATA 	Keypress: equal
66.6186 	EXP 	Set vid1b_q finished
66.7706 	DATA 	Keypress: equal
67.1852 	EXP 	vid2_q: autoDraw = True
68.2613 	DATA 	Keypress: equal
69.7610 	DATA 	Keypress: equal
71.2612 	DATA 	Keypress: equal
72.7619 	DATA 	Keypress: equal
74.2620 	DATA 	Keypress: equal
75.7703 	DATA 	Keypress: equal
77.2706 	DATA 	Keypress: equal
78.7706 	DATA 	Keypress: equal
80.2703 	DATA 	Keypress: equal
81.7703 	DATA 	Keypress: equal
83.2703 	DATA 	Keypress: equal
83.8351 	EXP 	Set vid2_q finished
84.1850 	EXP 	l2q: autoDraw = True
84.7701 	DATA 	Keypress: equal
85.4869 	DATA 	Keypress: 1
86.2702 	DATA 	Keypress: equal
87.7700 	DATA 	Keypress: equal
88.1683 	EXP 	l2q: autoDraw = False
88.1849 	EXP 	vid3_q: autoDraw = True
89.2612 	DATA 	Keypress: equal
90.7602 	DATA 	Keypress: equal
92.2609 	DATA 	Keypress: equal
93.7615 	DATA 	Keypress: equal
95.2612 	DATA 	Keypress: equal
96.7617 	DATA 	Keypress: equal
98.2702 	DATA 	Keypress: equal
99.7702 	DATA 	Keypress: equal
101.2699 	DATA 	Keypress: equal
102.7701 	DATA 	Keypress: equal
104.2702 	DATA 	Keypress: equal
105.7699 	DATA 	Keypress: equal
107.2702 	DATA 	Keypress: equal
108.7699 	DATA 	Keypress: equal
110.2699 	DATA 	Keypress: equal
111.0680 	EXP 	Set vid3_q finished
111.1846 	EXP 	l3q: autoDraw = True
111.7698 	DATA 	Keypress: equal
113.2699 	DATA 	Keypress: equal
113.4027 	DATA 	Keypress: 2
114.7695 	DATA 	Keypress: equal
115.1680 	EXP 	l3q: autoDraw = False
115.1846 	EXP 	vid4_q: autoDraw = True
116.2614 	DATA 	Keypress: equal
117.7588 	DATA 	Keypress: equal
119.2617 	DATA 	Keypress: equal
120.7593 	DATA 	Keypress: equal
122.2606 	DATA 	Keypress: equal
123.7601 	DATA 	Keypress: equal
125.2541 	DATA 	Keypress: equal
126.7712 	DATA 	Keypress: equal
128.2538 	DATA 	Keypress: equal
129.7699 	DATA 	Keypress: equal
131.2699 	DATA 	Keypress: equal
132.7699 	DATA 	Keypress: equal
134.2698 	DATA 	Keypress: equal
135.7696 	DATA 	Keypress: equal
137.2699 	DATA 	Keypress: equal
138.7697 	DATA 	Keypress: equal
138.8010 	EXP 	Set vid4_q finished
139.1843 	EXP 	vid5_q: autoDraw = True
140.2608 	DATA 	Keypress: equal
141.7615 	DATA 	Keypress: equal
143.2614 	DATA 	Keypress: equal
144.7598 	DATA 	Keypress: equal
146.2532 	DATA 	Keypress: equal
147.7532 	DATA 	Keypress: equal
149.2536 	DATA 	Keypress: equal
150.7534 	DATA 	Keypress: equal
151.6009 	EXP 	Set vid5_q finished
151.7422 	EXP 	window1: recordFrameIntervals = False
151.7508 	EXP 	vid1a_q: autoDraw = False
151.7508 	EXP 	vid1b_q: autoDraw = False
151.7508 	EXP 	vid2_q: autoDraw = False
151.7508 	EXP 	l2q: autoDraw = False
151.7508 	EXP 	vid3_q: autoDraw = False
151.7508 	EXP 	l3q: autoDraw = False
151.7508 	EXP 	vid4_q: autoDraw = False
151.7508 	EXP 	vid5_q: autoDraw = False
151.7508 	EXP 	reveal: autoDraw = False
151.9451 	EXP 	window1: recordFrameIntervals = False
153.5289 	DATA 	Keypress: equal
153.7508 	EXP 	eggPainting1: image = 'stimsday1details/painting37.png'
153.7508 	EXP 	eggPainting2: image = 'stimsday1details/newpainting12.png'
153.7508 	EXP 	character1: image = 'stimsday1details/couple37.png'
153.7508 	EXP 	character2: image = 'stimsday1details/newperson24.png'
153.7508 	EXP 	gift1: image = 'stimsday1details/gift37.png'
153.7508 	EXP 	gift2: image = 'stimsday1details/new24.png'
153.7508 	EXP 	themeQ1: image = 'stimsday1details/t37.png'
153.7508 	EXP 	themeQ2: image = 'stimsday1details/ct37.png'
153.7508 	EXP 	nameQ1: image = 'stimsday1details/n37.png'
153.7508 	EXP 	nameQ2: image = 'stimsday1details/cn37.png'
153.7508 	EXP 	nameQ1: autoDraw = True
153.7508 	EXP 	nameQ2: autoDraw = True
153.7530 	DATA 	Keypress: equal
155.0358 	DATA 	Keypress: 1
155.2528 	DATA 	Keypress: equal
155.7340 	EXP 	nameQ1: autoDraw = False
155.7340 	EXP 	nameQ2: autoDraw = False
155.7340 	EXP 	nameQ1: autoDraw = False
155.7340 	EXP 	nameQ2: autoDraw = False
155.7340 	EXP 	eggPainting1: autoDraw = True
155.7340 	EXP 	eggPainting2: autoDraw = True
156.4856 	DATA 	Keypress: 1
156.7523 	DATA 	Keypress: equal
157.7340 	EXP 	eggPainting1: autoDraw = False
157.7340 	EXP 	eggPainting2: autoDraw = False
157.7340 	EXP 	eggPainting1: autoDraw = False
157.7340 	EXP 	eggPainting2: autoDraw = False
157.7340 	EXP 	character1: autoDraw = True
157.7340 	EXP 	character2: autoDraw = True
158.2526 	DATA 	Keypress: equal
158.4189 	DATA 	Keypress: 1
159.7340 	EXP 	character1: autoDraw = False
159.7340 	EXP 	character2: autoDraw = False
159.7340 	EXP 	character1: autoDraw = False
159.7340 	EXP 	character2: autoDraw = False
159.7340 	EXP 	themeQ1: autoDraw = True
159.7340 	EXP 	themeQ2: autoDraw = True
159.7530 	DATA 	Keypress: equal
160.5521 	DATA 	Keypress: 1
161.2523 	DATA 	Keypress: equal
161.7340 	EXP 	themeQ1: autoDraw = False
161.7340 	EXP 	themeQ2: autoDraw = False
161.7340 	EXP 	themeQ1: autoDraw = False
161.7340 	EXP 	themeQ2: autoDraw = False
161.7340 	EXP 	gift1: autoDraw = True
161.7340 	EXP 	gift2: autoDraw = True
162.3690 	DATA 	Keypress: 1
162.7525 	DATA 	Keypress: equal
163.7339 	EXP 	gift1: autoDraw = False
163.7339 	EXP 	gift2: autoDraw = False
163.7339 	EXP 	gift1: autoDraw = False
163.7339 	EXP 	gift2: autoDraw = False
163.7339 	EXP 	northorsouth1: autoDraw = True
163.7339 	EXP 	northorsouth2: autoDraw = True
164.2524 	DATA 	Keypress: equal
164.5186 	DATA 	Keypress: 2
165.8928 	EXP 	New trial (rep=0, index=1): OrderedDict([('condsFile', 'videoBlock_schemaS_pathB_4.csv')])
165.9058 	EXP 	Imported videoBlock_schemaS_pathB_4.csv as conditions, 1 conditions, 17 params
165.9063 	EXP 	Created sequence: random, trialTypes=1, nReps=1, seed=None
165.9070 	EXP 	New trial (rep=0, index=0): OrderedDict([('northOrSouth', 'south.png'), ('stimFile1a', 'stims/wedding-35.1a.mp4'), ('stimFile1b', 'stims/wedding-35.1b.mp4'), ('stimFile2', 'stims/wedding-35.2b.mp4'), ('stimFile3', 'stims/wedding-35.3a.mp4'), ('stimFile4', 'stims/wedding-35.4b.mp4'), ('stimFile5', 'stims/wedding-35.5.mp4'), ('QeggPainting1', 'stimsday1details/newpainting10.png'), ('Qcharacter1', 'stimsday1details/newperson22.png'), ('Qgift1', 'stimsday1details/gift35.png'), ('QeggPainting2', 'stimsday1details/painting35.png'), ('Qcharacter2', 'stimsday1details/couple35.png'), ('Qgift2', 'stimsday1details/new22.png'), ('Qname1', 'stimsday1details/n35.png'), ('Qtheme1', 'stimsday1details/t35.png'), ('Qname2', 'stimsday1details/cn35.png'), ('Qtheme2', 'stimsday1details/ct35.png')])
165.9095 	DATA 	Keypress: equal
165.9173 	EXP 	northorsouth1: autoDraw = False
165.9173 	EXP 	northorsouth2: autoDraw = False
165.9173 	EXP 	northorsouth1: autoDraw = False
165.9173 	EXP 	northorsouth2: autoDraw = False
165.9173 	EXP 	image_2: autoDraw = True
167.2528 	DATA 	Keypress: equal
167.9021 	EXP 	Created sequence: random, trialTypes=1, nReps=1, seed=None
167.9025 	EXP 	New trial (rep=0, index=0): None
168.4136 	EXP 	Created vid1a = MovieStim3(__class__=<class 'psychopy.visual.movie3.MovieStim3'>, autoLog=True, color=UNKNOWN, colorSpace=UNKNOWN, depth=-1.0, filename='stims/wedding-35.1a.mp4', flipHoriz=False, flipVert=False, fps=UNKNOWN, interpolate=True, loop=False, name='vid1a', noAudio=False, opacity=1.0, ori=0, pos=array([0., 0.]), size=array([1280.,  720.]), units='pix', vframe_callback=UNKNOWN, volume=UNKNOWN, win=Window(...))
168.8057 	EXP 	Created vid1b = MovieStim3(__class__=<class 'psychopy.visual.movie3.MovieStim3'>, autoLog=True, color=UNKNOWN, colorSpace=UNKNOWN, depth=-2.0, filename='stims/wedding-35.1b.mp4', flipHoriz=False, flipVert=False, fps=UNKNOWN, interpolate=True, loop=False, name='vid1b', noAudio=False, opacity=1.0, ori=0, pos=array([0., 0.]), size=array([1280.,  720.]), units='pix', vframe_callback=UNKNOWN, volume=UNKNOWN, win=Window(...))
169.2254 	EXP 	Created vid2 = MovieStim3(__class__=<class 'psychopy.visual.movie3.MovieStim3'>, autoLog=True, color=UNKNOWN, colorSpace=UNKNOWN, depth=-3.0, filename='stims/wedding-35.2b.mp4', flipHoriz=False, flipVert=False, fps=UNKNOWN, interpolate=True, loop=False, name='vid2', noAudio=False, opacity=1.0, ori=0, pos=array([0., 0.]), size=array([1280.,  720.]), units='pix', vframe_callback=UNKNOWN, volume=UNKNOWN, win=Window(...))
169.7008 	EXP 	Created vid3 = MovieStim3(__class__=<class 'psychopy.visual.movie3.MovieStim3'>, autoLog=True, color=UNKNOWN, colorSpace=UNKNOWN, depth=-4.0, filename='stims/wedding-35.3a.mp4', flipHoriz=False, flipVert=False, fps=UNKNOWN, interpolate=True, loop=False, name='vid3', noAudio=False, opacity=1.0, ori=0, pos=array([0., 0.]), size=array([1280.,  720.]), units='pix', vframe_callback=UNKNOWN, volume=UNKNOWN, win=Window(...))
170.1727 	EXP 	Created vid4 = MovieStim3(__class__=<class 'psychopy.visual.movie3.MovieStim3'>, autoLog=True, color=UNKNOWN, colorSpace=UNKNOWN, depth=-5.0, filename='stims/wedding-35.4b.mp4', flipHoriz=False, flipVert=False, fps=UNKNOWN, interpolate=True, loop=False, name='vid4', noAudio=False, opacity=1.0, ori=0, pos=array([0., 0.]), size=array([1280.,  720.]), units='pix', vframe_callback=UNKNOWN, volume=UNKNOWN, win=Window(...))
170.6091 	EXP 	Created vid5 = MovieStim3(__class__=<class 'psychopy.visual.movie3.MovieStim3'>, autoLog=True, color=UNKNOWN, colorSpace=UNKNOWN, depth=-6.0, filename='stims/wedding-35.5.mp4', flipHoriz=False, flipVert=False, fps=UNKNOWN, interpolate=True, loop=False, name='vid5', noAudio=False, opacity=1.0, ori=0, pos=array([0., 0.]), size=array([1280.,  720.]), units='pix', vframe_callback=UNKNOWN, volume=UNKNOWN, win=Window(...))
170.7284 	EXP 	window1: recordFrameIntervals = False
170.7318 	DATA 	Keypress: equal
170.7341 	DATA 	Keypress: equal
170.7506 	EXP 	image_2: autoDraw = False
170.7506 	EXP 	image_2: autoDraw = False
170.7506 	EXP 	vid1a: movie = 'stims/wedding-35.1a.mp4'
170.7506 	EXP 	vid1a: autoLog = True
170.7506 	EXP 	vid1b: movie = 'stims/wedding-35.1b.mp4'
170.7506 	EXP 	vid1b: autoLog = True
170.7506 	EXP 	vid2: movie = 'stims/wedding-35.2b.mp4'
170.7506 	EXP 	vid2: autoLog = True
170.7506 	EXP 	vid3: movie = 'stims/wedding-35.3a.mp4'
170.7506 	EXP 	vid3: autoLog = True
170.7506 	EXP 	vid4: movie = 'stims/wedding-35.4b.mp4'
170.7506 	EXP 	vid4: autoLog = True
170.7506 	EXP 	vid5: movie = 'stims/wedding-35.5.mp4'
170.7506 	EXP 	vid5: autoLog = True
173.3711 	EXP 	window1: recordFrameIntervals = False
175.0164 	DATA 	Keypress: equal
175.0186 	DATA 	Keypress: equal
175.0205 	DATA 	Keypress: equal
175.2174 	EXP 	vid1a: movie = 'stims/wedding-35.1a.mp4'
175.2174 	EXP 	vid1b: movie = 'stims/wedding-35.1b.mp4'
175.2174 	EXP 	vid2: movie = 'stims/wedding-35.2b.mp4'
175.2174 	EXP 	vid3: movie = 'stims/wedding-35.3a.mp4'
175.2174 	EXP 	vid4: movie = 'stims/wedding-35.4b.mp4'
175.2174 	EXP 	vid5: movie = 'stims/wedding-35.5.mp4'
175.2174 	EXP 	image: image = 'south.png'
175.2339 	EXP 	vid1a: autoDraw = True
175.2339 	EXP 	image: autoDraw = True
175.2339 	EXP 	image: autoDraw = False
176.2529 	DATA 	Keypress: equal
177.7525 	DATA 	Keypress: equal
179.2523 	DATA 	Keypress: equal
180.7525 	DATA 	Keypress: equal
182.2524 	DATA 	Keypress: equal
183.7526 	DATA 	Keypress: equal
185.2525 	DATA 	Keypress: equal
186.7526 	DATA 	Keypress: equal
188.2521 	DATA 	Keypress: equal
189.7522 	DATA 	Keypress: equal
191.2524 	DATA 	Keypress: equal
192.7521 	DATA 	Keypress: equal
194.2525 	DATA 	Keypress: equal
195.7778 	DATA 	Keypress: equal
197.2520 	DATA 	Keypress: equal
197.9169 	EXP 	vid1a: autoDraw = False
197.9336 	EXP 	vid1b: autoDraw = True
198.7522 	DATA 	Keypress: equal
200.2523 	DATA 	Keypress: equal
201.7524 	DATA 	Keypress: equal
203.2521 	DATA 	Keypress: equal
204.7520 	DATA 	Keypress: equal
206.2521 	DATA 	Keypress: equal
206.6168 	EXP 	Set vid1b finished
206.9335 	EXP 	vid2: autoDraw = True
207.7522 	DATA 	Keypress: equal
209.2522 	DATA 	Keypress: equal
210.7522 	DATA 	Keypress: equal
212.2522 	DATA 	Keypress: equal
213.7522 	DATA 	Keypress: equal
215.2520 	DATA 	Keypress: equal
216.7518 	DATA 	Keypress: equal
218.2521 	DATA 	Keypress: equal
219.7520 	DATA 	Keypress: equal
221.2521 	DATA 	Keypress: equal
222.7519 	DATA 	Keypress: equal
223.9166 	EXP 	vid2: autoDraw = False
223.9332 	EXP 	vid3: autoDraw = True
224.2792 	DATA 	Keypress: equal
225.7520 	DATA 	Keypress: equal
227.2521 	DATA 	Keypress: equal
228.7519 	DATA 	Keypress: equal
230.2518 	DATA 	Keypress: equal
231.7518 	DATA 	Keypress: equal
233.2517 	DATA 	Keypress: equal
234.7519 	DATA 	Keypress: equal
236.2518 	DATA 	Keypress: equal
237.7515 	DATA 	Keypress: equal
239.2518 	DATA 	Keypress: equal
240.7518 	DATA 	Keypress: equal
242.2517 	DATA 	Keypress: equal
243.7517 	DATA 	Keypress: equal
245.2517 	DATA 	Keypress: equal
246.7516 	DATA 	Keypress: equal
246.9163 	EXP 	vid3: autoDraw = False
246.9329 	EXP 	vid4: autoDraw = True
248.2518 	DATA 	Keypress: equal
249.7518 	DATA 	Keypress: equal
251.2515 	DATA 	Keypress: equal
252.7515 	DATA 	Keypress: equal
254.2519 	DATA 	Keypress: equal
255.7517 	DATA 	Keypress: equal
257.2514 	DATA 	Keypress: equal
258.7793 	DATA 	Keypress: equal
260.2516 	DATA 	Keypress: equal
261.7515 	DATA 	Keypress: equal
263.2515 	DATA 	Keypress: equal
264.7513 	DATA 	Keypress: equal
266.2515 	DATA 	Keypress: equal
267.7513 	DATA 	Keypress: equal
269.2512 	DATA 	Keypress: equal
269.8493 	EXP 	Set vid4 finished
270.7510 	DATA 	Keypress: equal
270.9326 	EXP 	vid5: autoDraw = True
272.2513 	DATA 	Keypress: equal
273.7512 	DATA 	Keypress: equal
275.2513 	DATA 	Keypress: equal
276.7515 	DATA 	Keypress: equal
278.2515 	DATA 	Keypress: equal
279.7514 	DATA 	Keypress: equal
281.2510 	DATA 	Keypress: equal
282.7511 	DATA 	Keypress: equal
283.2491 	EXP 	Set vid5 finished
283.3762 	EXP 	Created sequence: random, trialTypes=1, nReps=1, seed=None
283.3765 	EXP 	New trial (rep=0, index=0): None
283.8603 	EXP 	Created vid1a_q = MovieStim3(__class__=<class 'psychopy.visual.movie3.MovieStim3'>, autoLog=True, color=UNKNOWN, colorSpace=UNKNOWN, depth=-1.0, filename='stims/wedding-35.1a.mp4', flipHoriz=False, flipVert=False, fps=UNKNOWN, interpolate=True, loop=False, name='vid1a_q', noAudio=False, opacity=1.0, ori=0, pos=array([0., 0.]), size=array([1280.,  720.]), units='pix', vframe_callback=UNKNOWN, volume=UNKNOWN, win=Window(...))
284.2365 	EXP 	Created vid1b_q = MovieStim3(__class__=<class 'psychopy.visual.movie3.MovieStim3'>, autoLog=True, color=UNKNOWN, colorSpace=UNKNOWN, depth=-2.0, filename='stims/wedding-35.1b.mp4', flipHoriz=False, flipVert=False, fps=UNKNOWN, interpolate=True, loop=False, name='vid1b_q', noAudio=False, opacity=1.0, ori=0, pos=array([0., 0.]), size=array([1280.,  720.]), units='pix', vframe_callback=UNKNOWN, volume=UNKNOWN, win=Window(...))
284.6508 	EXP 	Created vid2_q = MovieStim3(__class__=<class 'psychopy.visual.movie3.MovieStim3'>, autoLog=True, color=UNKNOWN, colorSpace=UNKNOWN, depth=-3.0, filename='stims/wedding-35.2b.mp4', flipHoriz=False, flipVert=False, fps=UNKNOWN, interpolate=True, loop=False, name='vid2_q', noAudio=False, opacity=1.0, ori=0, pos=array([0., 0.]), size=array([1280.,  720.]), units='pix', vframe_callback=UNKNOWN, volume=UNKNOWN, win=Window(...))
285.1167 	EXP 	Created vid3_q = MovieStim3(__class__=<class 'psychopy.visual.movie3.MovieStim3'>, autoLog=True, color=UNKNOWN, colorSpace=UNKNOWN, depth=-5.0, filename='stims/wedding-35.3a.mp4', flipHoriz=False, flipVert=False, fps=UNKNOWN, interpolate=True, loop=False, name='vid3_q', noAudio=False, opacity=1.0, ori=0, pos=array([0., 0.]), size=array([1280.,  720.]), units='pix', vframe_callback=UNKNOWN, volume=UNKNOWN, win=Window(...))
285.5783 	EXP 	Created vid4_q = MovieStim3(__class__=<class 'psychopy.visual.movie3.MovieStim3'>, autoLog=True, color=UNKNOWN, colorSpace=UNKNOWN, depth=-7.0, filename='stims/wedding-35.4b.mp4', flipHoriz=False, flipVert=False, fps=UNKNOWN, interpolate=True, loop=False, name='vid4_q', noAudio=False, opacity=1.0, ori=0, pos=array([0., 0.]), size=array([1280.,  720.]), units='pix', vframe_callback=UNKNOWN, volume=UNKNOWN, win=Window(...))
285.9785 	EXP 	Created vid5_q = MovieStim3(__class__=<class 'psychopy.visual.movie3.MovieStim3'>, autoLog=True, color=UNKNOWN, colorSpace=UNKNOWN, depth=-8.0, filename='stims/wedding-35.5.mp4', flipHoriz=False, flipVert=False, fps=UNKNOWN, interpolate=True, loop=False, name='vid5_q', noAudio=False, opacity=1.0, ori=0, pos=array([0., 0.]), size=array([1280.,  720.]), units='pix', vframe_callback=UNKNOWN, volume=UNKNOWN, win=Window(...))
286.1258 	EXP 	window1: recordFrameIntervals = False
286.1290 	DATA 	Keypress: equal
286.1317 	DATA 	Keypress: equal
286.1491 	EXP 	vid1a: autoDraw = False
286.1491 	EXP 	vid1b: autoDraw = False
286.1491 	EXP 	vid2: autoDraw = False
286.1491 	EXP 	vid3: autoDraw = False
286.1491 	EXP 	vid4: autoDraw = False
286.1491 	EXP 	vid5: autoDraw = False
286.1491 	EXP 	image: autoDraw = False
286.1491 	EXP 	vid1a_q: movie = 'stims/wedding-35.1a.mp4'
286.1491 	EXP 	vid1a_q: autoLog = True
286.1491 	EXP 	vid1b_q: movie = 'stims/wedding-35.1b.mp4'
286.1491 	EXP 	vid1b_q: autoLog = True
286.1491 	EXP 	vid2_q: movie = 'stims/wedding-35.2b.mp4'
286.1491 	EXP 	vid2_q: autoLog = True
286.1491 	EXP 	vid3_q: movie = 'stims/wedding-35.3a.mp4'
286.1491 	EXP 	vid3_q: autoLog = True
286.1491 	EXP 	vid4_q: movie = 'stims/wedding-35.4b.mp4'
286.1491 	EXP 	vid4_q: autoLog = True
286.1491 	EXP 	vid5_q: movie = 'stims/wedding-35.5.mp4'
286.1491 	EXP 	vid5_q: autoLog = True
286.1491 	EXP 	vid1a_q: autoDraw = False
286.1491 	EXP 	vid1b_q: autoDraw = False
286.1491 	EXP 	vid2_q: autoDraw = False
286.1491 	EXP 	l2q: autoDraw = False
286.1491 	EXP 	vid3_q: autoDraw = False
286.1491 	EXP 	l3q: autoDraw = False
286.1491 	EXP 	vid4_q: autoDraw = False
286.1491 	EXP 	vid5_q: autoDraw = False
286.1491 	EXP 	reveal: autoDraw = False
286.3407 	EXP 	window1: recordFrameIntervals = False
287.9113 	DATA 	Keypress: equal
288.1324 	EXP 	eggPainting1: image = 'stimsday1details/newpainting10.png'
288.1324 	EXP 	eggPainting2: image = 'stimsday1details/painting35.png'
288.1324 	EXP 	character1: image = 'stimsday1details/newperson22.png'
288.1324 	EXP 	character2: image = 'stimsday1details/couple35.png'
288.1324 	EXP 	gift1: image = 'stimsday1details/gift35.png'
288.1324 	EXP 	gift2: image = 'stimsday1details/new22.png'
288.1324 	EXP 	themeQ1: image = 'stimsday1details/t35.png'
288.1324 	EXP 	themeQ2: image = 'stimsday1details/ct35.png'
288.1324 	EXP 	nameQ1: image = 'stimsday1details/n35.png'
288.1324 	EXP 	nameQ2: image = 'stimsday1details/cn35.png'
288.1324 	EXP 	nameQ1: autoDraw = True
288.1324 	EXP 	nameQ2: autoDraw = True
288.7510 	DATA 	Keypress: equal
288.9175 	DATA 	Keypress: 1
290.1157 	EXP 	nameQ1: autoDraw = False
290.1157 	EXP 	nameQ2: autoDraw = False
290.1157 	EXP 	nameQ1: autoDraw = False
290.1157 	EXP 	nameQ2: autoDraw = False
290.1157 	EXP 	eggPainting1: autoDraw = True
290.1157 	EXP 	eggPainting2: autoDraw = True
290.2505 	DATA 	Keypress: equal
290.8172 	DATA 	Keypress: 2
291.7507 	DATA 	Keypress: equal
292.1157 	EXP 	eggPainting1: autoDraw = False
292.1157 	EXP 	eggPainting2: autoDraw = False
292.1157 	EXP 	eggPainting1: autoDraw = False
292.1157 	EXP 	eggPainting2: autoDraw = False
292.1157 	EXP 	character1: autoDraw = True
292.1157 	EXP 	character2: autoDraw = True
293.1506 	DATA 	Keypress: 2
293.2504 	DATA 	Keypress: equal
294.1157 	EXP 	character1: autoDraw = False
294.1157 	EXP 	character2: autoDraw = False
294.1157 	EXP 	character1: autoDraw = False
294.1157 	EXP 	character2: autoDraw = False
294.1157 	EXP 	themeQ1: autoDraw = True
294.1157 	EXP 	themeQ2: autoDraw = True
294.7507 	DATA 	Keypress: equal
295.3173 	DATA 	Keypress: 1
296.1156 	EXP 	themeQ1: autoDraw = False
296.1156 	EXP 	themeQ2: autoDraw = False
296.1156 	EXP 	themeQ1: autoDraw = False
296.1156 	EXP 	themeQ2: autoDraw = False
296.1156 	EXP 	gift1: autoDraw = True
296.1156 	EXP 	gift2: autoDraw = True
296.2509 	DATA 	Keypress: equal
297.1837 	DATA 	Keypress: 1
297.7505 	DATA 	Keypress: equal
298.1156 	EXP 	gift1: autoDraw = False
298.1156 	EXP 	gift2: autoDraw = False
298.1156 	EXP 	gift1: autoDraw = False
298.1156 	EXP 	gift2: autoDraw = False
298.1156 	EXP 	northorsouth1: autoDraw = True
298.1156 	EXP 	northorsouth2: autoDraw = True
299.0503 	DATA 	Keypress: 2
299.2503 	DATA 	Keypress: equal
300.3087 	EXP 	New trial (rep=0, index=2): OrderedDict([('condsFile', 'videoBlock_schemaS_pathA_5.csv')])
300.3215 	EXP 	Imported videoBlock_schemaS_pathA_5.csv as conditions, 1 conditions, 17 params
300.3220 	EXP 	Created sequence: random, trialTypes=1, nReps=1, seed=None
300.3227 	EXP 	New trial (rep=0, index=0): OrderedDict([('northOrSouth', 'south.png'), ('stimFile1a', 'stims/wedding-26.1a.mp4'), ('stimFile1b', 'stims/wedding-26.1b.mp4'), ('stimFile2', 'stims/wedding-26.2a.mp4'), ('stimFile3', 'stims/wedding-26.3b.mp4'), ('stimFile4', 'stims/wedding-26.4a.mp4'), ('stimFile5', 'stims/wedding-26.5.mp4'), ('QeggPainting1', 'stimsday1details/egg26.png'), ('Qcharacter1', 'stimsday1details/couple26.png'), ('Qgift1', 'stimsday1details/gift26.png'), ('QeggPainting2', 'stimsday1details/newegg11.png'), ('Qcharacter2', 'stimsday1details/newperson11.png'), ('Qgift2', 'stimsday1details/new11.png'), ('Qname1', 'stimsday1details/cn26.png'), ('Qtheme1', 'stimsday1details/ct26.png'), ('Qname2', 'stimsday1details/n26.png'), ('Qtheme2', 'stimsday1details/t26.png')])
300.3322 	EXP 	northorsouth1: autoDraw = False
300.3322 	EXP 	northorsouth2: autoDraw = False
300.3322 	EXP 	northorsouth1: autoDraw = False
300.3322 	EXP 	northorsouth2: autoDraw = False
300.3322 	EXP 	image_2: autoDraw = True
300.7510 	DATA 	Keypress: equal
302.2506 	DATA 	Keypress: equal
302.3168 	EXP 	Created sequence: random, trialTypes=1, nReps=1, seed=None
302.3170 	EXP 	New trial (rep=0, index=0): None
302.8193 	EXP 	Created vid1a = MovieStim3(__class__=<class 'psychopy.visual.movie3.MovieStim3'>, autoLog=True, color=UNKNOWN, colorSpace=UNKNOWN, depth=-1.0, filename='stims/wedding-26.1a.mp4', flipHoriz=False, flipVert=False, fps=UNKNOWN, interpolate=True, loop=False, name='vid1a', noAudio=False, opacity=1.0, ori=0, pos=array([0., 0.]), size=array([1280.,  720.]), units='pix', vframe_callback=UNKNOWN, volume=UNKNOWN, win=Window(...))
303.2267 	EXP 	Created vid1b = MovieStim3(__class__=<class 'psychopy.visual.movie3.MovieStim3'>, autoLog=True, color=UNKNOWN, colorSpace=UNKNOWN, depth=-2.0, filename='stims/wedding-26.1b.mp4', flipHoriz=False, flipVert=False, fps=UNKNOWN, interpolate=True, loop=False, name='vid1b', noAudio=False, opacity=1.0, ori=0, pos=array([0., 0.]), size=array([1280.,  720.]), units='pix', vframe_callback=UNKNOWN, volume=UNKNOWN, win=Window(...))
303.7283 	EXP 	Created vid2 = MovieStim3(__class__=<class 'psychopy.visual.movie3.MovieStim3'>, autoLog=True, color=UNKNOWN, colorSpace=UNKNOWN, depth=-3.0, filename='stims/wedding-26.2a.mp4', flipHoriz=False, flipVert=False, fps=UNKNOWN, interpolate=True, loop=False, name='vid2', noAudio=False, opacity=1.0, ori=0, pos=array([0., 0.]), size=array([1280.,  720.]), units='pix', vframe_callback=UNKNOWN, volume=UNKNOWN, win=Window(...))
304.3311 	EXP 	Created vid3 = MovieStim3(__class__=<class 'psychopy.visual.movie3.MovieStim3'>, autoLog=True, color=UNKNOWN, colorSpace=UNKNOWN, depth=-4.0, filename='stims/wedding-26.3b.mp4', flipHoriz=False, flipVert=False, fps=UNKNOWN, interpolate=True, loop=False, name='vid3', noAudio=False, opacity=1.0, ori=0, pos=array([0., 0.]), size=array([1280.,  720.]), units='pix', vframe_callback=UNKNOWN, volume=UNKNOWN, win=Window(...))
304.9316 	EXP 	Created vid4 = MovieStim3(__class__=<class 'psychopy.visual.movie3.MovieStim3'>, autoLog=True, color=UNKNOWN, colorSpace=UNKNOWN, depth=-5.0, filename='stims/wedding-26.4a.mp4', flipHoriz=False, flipVert=False, fps=UNKNOWN, interpolate=True, loop=False, name='vid4', noAudio=False, opacity=1.0, ori=0, pos=array([0., 0.]), size=array([1280.,  720.]), units='pix', vframe_callback=UNKNOWN, volume=UNKNOWN, win=Window(...))
305.3634 	EXP 	Created vid5 = MovieStim3(__class__=<class 'psychopy.visual.movie3.MovieStim3'>, autoLog=True, color=UNKNOWN, colorSpace=UNKNOWN, depth=-6.0, filename='stims/wedding-26.5.mp4', flipHoriz=False, flipVert=False, fps=UNKNOWN, interpolate=True, loop=False, name='vid5', noAudio=False, opacity=1.0, ori=0, pos=array([0., 0.]), size=array([1280.,  720.]), units='pix', vframe_callback=UNKNOWN, volume=UNKNOWN, win=Window(...))
305.4180 	EXP 	window1: recordFrameIntervals = False
305.4212 	DATA 	Keypress: equal
305.4235 	DATA 	Keypress: equal
305.4351 	EXP 	image_2: autoDraw = False
305.4351 	EXP 	image_2: autoDraw = False
305.4351 	EXP 	vid1a: movie = 'stims/wedding-26.1a.mp4'
305.4351 	EXP 	vid1a: autoLog = True
305.4351 	EXP 	vid1b: movie = 'stims/wedding-26.1b.mp4'
305.4351 	EXP 	vid1b: autoLog = True
305.4351 	EXP 	vid2: movie = 'stims/wedding-26.2a.mp4'
305.4351 	EXP 	vid2: autoLog = True
305.4351 	EXP 	vid3: movie = 'stims/wedding-26.3b.mp4'
305.4351 	EXP 	vid3: autoLog = True
305.4351 	EXP 	vid4: movie = 'stims/wedding-26.4a.mp4'
305.4351 	EXP 	vid4: autoLog = True
305.4351 	EXP 	vid5: movie = 'stims/wedding-26.5.mp4'
305.4351 	EXP 	vid5: autoLog = True
308.2233 	EXP 	window1: recordFrameIntervals = False
309.7060 	DATA 	Keypress: equal
309.7084 	DATA 	Keypress: equal
309.7469 	DATA 	Keypress: equal
309.9155 	EXP 	vid1a: movie = 'stims/wedding-26.1a.mp4'
309.9155 	EXP 	vid1b: movie = 'stims/wedding-26.1b.mp4'
309.9155 	EXP 	vid2: movie = 'stims/wedding-26.2a.mp4'
309.9155 	EXP 	vid3: movie = 'stims/wedding-26.3b.mp4'
309.9155 	EXP 	vid4: movie = 'stims/wedding-26.4a.mp4'
309.9155 	EXP 	vid5: movie = 'stims/wedding-26.5.mp4'
309.9155 	EXP 	image: image = 'south.png'
309.9348 	EXP 	vid1a: autoDraw = True
309.9348 	EXP 	image: autoDraw = True
309.9348 	EXP 	image: autoDraw = False
311.2511 	DATA 	Keypress: equal
312.7507 	DATA 	Keypress: equal
314.2508 	DATA 	Keypress: equal
315.7508 	DATA 	Keypress: equal
317.2506 	DATA 	Keypress: equal
318.7509 	DATA 	Keypress: equal
320.2507 	DATA 	Keypress: equal
321.7508 	DATA 	Keypress: equal
323.2508 	DATA 	Keypress: equal
324.7505 	DATA 	Keypress: equal
326.2506 	DATA 	Keypress: equal
327.7504 	DATA 	Keypress: equal
329.2503 	DATA 	Keypress: equal
330.7506 	DATA 	Keypress: equal
331.9485 	EXP 	Set vid1a finished
332.2503 	DATA 	Keypress: equal
332.3485 	EXP 	vid1b: autoDraw = True
333.7505 	DATA 	Keypress: equal
335.2507 	DATA 	Keypress: equal
336.7504 	DATA 	Keypress: equal
338.2506 	DATA 	Keypress: equal
339.7504 	DATA 	Keypress: equal
341.2504 	DATA 	Keypress: equal
341.3317 	EXP 	vid1b: autoDraw = False
341.3484 	EXP 	vid2: autoDraw = True
342.7504 	DATA 	Keypress: equal
344.2503 	DATA 	Keypress: equal
345.7505 	DATA 	Keypress: equal
347.2504 	DATA 	Keypress: equal
348.7505 	DATA 	Keypress: equal
350.2504 	DATA 	Keypress: equal
351.7504 	DATA 	Keypress: equal
353.2501 	DATA 	Keypress: equal
354.7784 	DATA 	Keypress: equal
356.2505 	DATA 	Keypress: equal
357.1649 	EXP 	Set vid2 finished
357.7500 	DATA 	Keypress: equal
358.3482 	EXP 	vid3: autoDraw = True
359.2504 	DATA 	Keypress: equal
360.7503 	DATA 	Keypress: equal
362.2503 	DATA 	Keypress: equal
363.7500 	DATA 	Keypress: equal
365.2502 	DATA 	Keypress: equal
366.7504 	DATA 	Keypress: equal
368.2501 	DATA 	Keypress: equal
369.7503 	DATA 	Keypress: equal
371.2499 	DATA 	Keypress: equal
372.7499 	DATA 	Keypress: equal
374.2503 	DATA 	Keypress: equal
375.7502 	DATA 	Keypress: equal
377.2499 	DATA 	Keypress: equal
378.7501 	DATA 	Keypress: equal
380.2498 	DATA 	Keypress: equal
381.3313 	EXP 	vid3: autoDraw = False
381.3479 	EXP 	vid4: autoDraw = True
381.7499 	DATA 	Keypress: equal
383.2501 	DATA 	Keypress: equal
384.7498 	DATA 	Keypress: equal
386.2500 	DATA 	Keypress: equal
387.7501 	DATA 	Keypress: equal
389.2499 	DATA 	Keypress: equal
390.7502 	DATA 	Keypress: equal
392.2496 	DATA 	Keypress: equal
393.7498 	DATA 	Keypress: equal
395.2498 	DATA 	Keypress: equal
396.7496 	DATA 	Keypress: equal
398.2495 	DATA 	Keypress: equal
399.7778 	DATA 	Keypress: equal
401.2498 	DATA 	Keypress: equal
402.7495 	DATA 	Keypress: equal
404.2497 	DATA 	Keypress: equal
405.3309 	EXP 	vid4: autoDraw = False
405.3476 	EXP 	vid5: autoDraw = True
405.7498 	DATA 	Keypress: equal
407.2495 	DATA 	Keypress: equal
408.7498 	DATA 	Keypress: equal
410.2495 	DATA 	Keypress: equal
411.7495 	DATA 	Keypress: equal
413.2497 	DATA 	Keypress: equal
414.7494 	DATA 	Keypress: equal
416.2497 	DATA 	Keypress: equal
417.7495 	DATA 	Keypress: equal
417.9641 	EXP 	Set vid5 finished
418.1303 	EXP 	Created sequence: random, trialTypes=1, nReps=1, seed=None
418.1306 	EXP 	New trial (rep=0, index=0): None
418.6093 	EXP 	Created vid1a_q = MovieStim3(__class__=<class 'psychopy.visual.movie3.MovieStim3'>, autoLog=True, color=UNKNOWN, colorSpace=UNKNOWN, depth=-1.0, filename='stims/wedding-26.1a.mp4', flipHoriz=False, flipVert=False, fps=UNKNOWN, interpolate=True, loop=False, name='vid1a_q', noAudio=False, opacity=1.0, ori=0, pos=array([0., 0.]), size=array([1280.,  720.]), units='pix', vframe_callback=UNKNOWN, volume=UNKNOWN, win=Window(...))
418.9888 	EXP 	Created vid1b_q = MovieStim3(__class__=<class 'psychopy.visual.movie3.MovieStim3'>, autoLog=True, color=UNKNOWN, colorSpace=UNKNOWN, depth=-2.0, filename='stims/wedding-26.1b.mp4', flipHoriz=False, flipVert=False, fps=UNKNOWN, interpolate=True, loop=False, name='vid1b_q', noAudio=False, opacity=1.0, ori=0, pos=array([0., 0.]), size=array([1280.,  720.]), units='pix', vframe_callback=UNKNOWN, volume=UNKNOWN, win=Window(...))
419.4412 	EXP 	Created vid2_q = MovieStim3(__class__=<class 'psychopy.visual.movie3.MovieStim3'>, autoLog=True, color=UNKNOWN, colorSpace=UNKNOWN, depth=-3.0, filename='stims/wedding-26.2a.mp4', flipHoriz=False, flipVert=False, fps=UNKNOWN, interpolate=True, loop=False, name='vid2_q', noAudio=False, opacity=1.0, ori=0, pos=array([0., 0.]), size=array([1280.,  720.]), units='pix', vframe_callback=UNKNOWN, volume=UNKNOWN, win=Window(...))
419.9749 	EXP 	Created vid3_q = MovieStim3(__class__=<class 'psychopy.visual.movie3.MovieStim3'>, autoLog=True, color=UNKNOWN, colorSpace=UNKNOWN, depth=-5.0, filename='stims/wedding-26.3b.mp4', flipHoriz=False, flipVert=False, fps=UNKNOWN, interpolate=True, loop=False, name='vid3_q', noAudio=False, opacity=1.0, ori=0, pos=array([0., 0.]), size=array([1280.,  720.]), units='pix', vframe_callback=UNKNOWN, volume=UNKNOWN, win=Window(...))
420.5187 	EXP 	Created vid4_q = MovieStim3(__class__=<class 'psychopy.visual.movie3.MovieStim3'>, autoLog=True, color=UNKNOWN, colorSpace=UNKNOWN, depth=-7.0, filename='stims/wedding-26.4a.mp4', flipHoriz=False, flipVert=False, fps=UNKNOWN, interpolate=True, loop=False, name='vid4_q', noAudio=False, opacity=1.0, ori=0, pos=array([0., 0.]), size=array([1280.,  720.]), units='pix', vframe_callback=UNKNOWN, volume=UNKNOWN, win=Window(...))
420.9080 	EXP 	Created vid5_q = MovieStim3(__class__=<class 'psychopy.visual.movie3.MovieStim3'>, autoLog=True, color=UNKNOWN, colorSpace=UNKNOWN, depth=-8.0, filename='stims/wedding-26.5.mp4', flipHoriz=False, flipVert=False, fps=UNKNOWN, interpolate=True, loop=False, name='vid5_q', noAudio=False, opacity=1.0, ori=0, pos=array([0., 0.]), size=array([1280.,  720.]), units='pix', vframe_callback=UNKNOWN, volume=UNKNOWN, win=Window(...))
421.1616 	EXP 	window1: recordFrameIntervals = False
421.1647 	DATA 	Keypress: equal
421.1669 	DATA 	Keypress: equal
421.1808 	EXP 	vid1a: autoDraw = False
421.1808 	EXP 	vid1b: autoDraw = False
421.1808 	EXP 	vid2: autoDraw = False
421.1808 	EXP 	vid3: autoDraw = False
421.1808 	EXP 	vid4: autoDraw = False
421.1808 	EXP 	vid5: autoDraw = False
421.1808 	EXP 	image: autoDraw = False
421.1808 	EXP 	vid1a_q: movie = 'stims/wedding-26.1a.mp4'
421.1808 	EXP 	vid1a_q: autoLog = True
421.1808 	EXP 	vid1b_q: movie = 'stims/wedding-26.1b.mp4'
421.1808 	EXP 	vid1b_q: autoLog = True
421.1808 	EXP 	vid2_q: movie = 'stims/wedding-26.2a.mp4'
421.1808 	EXP 	vid2_q: autoLog = True
421.1808 	EXP 	vid3_q: movie = 'stims/wedding-26.3b.mp4'
421.1808 	EXP 	vid3_q: autoLog = True
421.1808 	EXP 	vid4_q: movie = 'stims/wedding-26.4a.mp4'
421.1808 	EXP 	vid4_q: autoLog = True
421.1808 	EXP 	vid5_q: movie = 'stims/wedding-26.5.mp4'
421.1808 	EXP 	vid5_q: autoLog = True
421.1808 	EXP 	vid1a_q: autoDraw = False
421.1808 	EXP 	vid1b_q: autoDraw = False
421.1808 	EXP 	vid2_q: autoDraw = False
421.1808 	EXP 	l2q: autoDraw = False
421.1808 	EXP 	vid3_q: autoDraw = False
421.1808 	EXP 	l3q: autoDraw = False
421.1808 	EXP 	vid4_q: autoDraw = False
421.1808 	EXP 	vid5_q: autoDraw = False
421.1808 	EXP 	reveal: autoDraw = False
421.3861 	EXP 	window1: recordFrameIntervals = False
422.9475 	DATA 	Keypress: equal
423.1641 	EXP 	eggPainting1: image = 'stimsday1details/egg26.png'
423.1641 	EXP 	eggPainting2: image = 'stimsday1details/newegg11.png'
423.1641 	EXP 	character1: image = 'stimsday1details/couple26.png'
423.1641 	EXP 	character2: image = 'stimsday1details/newperson11.png'
423.1641 	EXP 	gift1: image = 'stimsday1details/gift26.png'
423.1641 	EXP 	gift2: image = 'stimsday1details/new11.png'
423.1641 	EXP 	themeQ1: image = 'stimsday1details/ct26.png'
423.1641 	EXP 	themeQ2: image = 'stimsday1details/t26.png'
423.1641 	EXP 	nameQ1: image = 'stimsday1details/cn26.png'
423.1641 	EXP 	nameQ2: image = 'stimsday1details/n26.png'
423.1641 	EXP 	nameQ1: autoDraw = True
423.1641 	EXP 	nameQ2: autoDraw = True
423.7492 	DATA 	Keypress: equal
424.1991 	DATA 	Keypress: 2
425.1639 	EXP 	nameQ1: autoDraw = False
425.1639 	EXP 	nameQ2: autoDraw = False
425.1639 	EXP 	nameQ1: autoDraw = False
425.1639 	EXP 	nameQ2: autoDraw = False
425.1639 	EXP 	eggPainting1: autoDraw = True
425.1639 	EXP 	eggPainting2: autoDraw = True
425.2490 	DATA 	Keypress: equal
425.7988 	DATA 	Keypress: 1
426.7492 	DATA 	Keypress: equal
427.1640 	EXP 	eggPainting1: autoDraw = False
427.1640 	EXP 	eggPainting2: autoDraw = False
427.1640 	EXP 	eggPainting1: autoDraw = False
427.1640 	EXP 	eggPainting2: autoDraw = False
427.1640 	EXP 	character1: autoDraw = True
427.1640 	EXP 	character2: autoDraw = True
427.8487 	DATA 	Keypress: 1
428.2487 	DATA 	Keypress: equal
429.1640 	EXP 	character1: autoDraw = False
429.1640 	EXP 	character2: autoDraw = False
429.1640 	EXP 	character1: autoDraw = False
429.1640 	EXP 	character2: autoDraw = False
429.1640 	EXP 	themeQ1: autoDraw = True
429.1640 	EXP 	themeQ2: autoDraw = True
429.7487 	DATA 	Keypress: equal
430.2153 	DATA 	Keypress: 2
431.1639 	EXP 	themeQ1: autoDraw = False
431.1639 	EXP 	themeQ2: autoDraw = False
431.1639 	EXP 	themeQ1: autoDraw = False
431.1639 	EXP 	themeQ2: autoDraw = False
431.1639 	EXP 	gift1: autoDraw = True
431.1639 	EXP 	gift2: autoDraw = True
431.2488 	DATA 	Keypress: equal
431.9655 	DATA 	Keypress: 1
432.7488 	DATA 	Keypress: equal
433.1639 	EXP 	gift1: autoDraw = False
433.1639 	EXP 	gift2: autoDraw = False
433.1639 	EXP 	gift1: autoDraw = False
433.1639 	EXP 	gift2: autoDraw = False
433.1639 	EXP 	northorsouth1: autoDraw = True
433.1639 	EXP 	northorsouth2: autoDraw = True
434.1321 	DATA 	Keypress: 2
434.2487 	DATA 	Keypress: equal
435.3880 	EXP 	New trial (rep=0, index=3): OrderedDict([('condsFile', 'videoBlock_schemaS_pathB_5.csv')])
435.4043 	EXP 	Imported videoBlock_schemaS_pathB_5.csv as conditions, 1 conditions, 17 params
435.4048 	EXP 	Created sequence: random, trialTypes=1, nReps=1, seed=None
435.4055 	EXP 	New trial (rep=0, index=0): OrderedDict([('northOrSouth', 'south.png'), ('stimFile1a', 'stims/wedding-31.1a.mp4'), ('stimFile1b', 'stims/wedding-31.1b.mp4'), ('stimFile2', 'stims/wedding-31.2b.mp4'), ('stimFile3', 'stims/wedding-31.3a.mp4'), ('stimFile4', 'stims/wedding-31.4b.mp4'), ('stimFile5', 'stims/wedding-31.5.mp4'), ('QeggPainting1', 'stimsday1details/painting31.png'), ('Qcharacter1', 'stimsday1details/couple31.png'), ('Qgift1', 'stimsday1details/gift31.png'), ('QeggPainting2', 'stimsday1details/newpainting11.png'), ('Qcharacter2', 'stimsday1details/newperson23.png'), ('Qgift2', 'stimsday1details/new23.png'), ('Qname1', 'stimsday1details/cn31.png'), ('Qtheme1', 'stimsday1details/ct31.png'), ('Qname2', 'stimsday1details/n31.png'), ('Qtheme2', 'stimsday1details/t31.png')])
435.4139 	EXP 	northorsouth1: autoDraw = False
435.4139 	EXP 	northorsouth2: autoDraw = False
435.4139 	EXP 	northorsouth1: autoDraw = False
435.4139 	EXP 	northorsouth2: autoDraw = False
435.4139 	EXP 	image_2: autoDraw = True
435.7492 	DATA 	Keypress: equal
437.2488 	DATA 	Keypress: equal
437.3984 	EXP 	Created sequence: random, trialTypes=1, nReps=1, seed=None
437.3988 	EXP 	New trial (rep=0, index=0): None
437.9245 	EXP 	Created vid1a = MovieStim3(__class__=<class 'psychopy.visual.movie3.MovieStim3'>, autoLog=True, color=UNKNOWN, colorSpace=UNKNOWN, depth=-1.0, filename='stims/wedding-31.1a.mp4', flipHoriz=False, flipVert=False, fps=UNKNOWN, interpolate=True, loop=False, name='vid1a', noAudio=False, opacity=1.0, ori=0, pos=array([0., 0.]), size=array([1280.,  720.]), units='pix', vframe_callback=UNKNOWN, volume=UNKNOWN, win=Window(...))
438.3314 	EXP 	Created vid1b = MovieStim3(__class__=<class 'psychopy.visual.movie3.MovieStim3'>, autoLog=True, color=UNKNOWN, colorSpace=UNKNOWN, depth=-2.0, filename='stims/wedding-31.1b.mp4', flipHoriz=False, flipVert=False, fps=UNKNOWN, interpolate=True, loop=False, name='vid1b', noAudio=False, opacity=1.0, ori=0, pos=array([0., 0.]), size=array([1280.,  720.]), units='pix', vframe_callback=UNKNOWN, volume=UNKNOWN, win=Window(...))
438.8309 	EXP 	Created vid2 = MovieStim3(__class__=<class 'psychopy.visual.movie3.MovieStim3'>, autoLog=True, color=UNKNOWN, colorSpace=UNKNOWN, depth=-3.0, filename='stims/wedding-31.2b.mp4', flipHoriz=False, flipVert=False, fps=UNKNOWN, interpolate=True, loop=False, name='vid2', noAudio=False, opacity=1.0, ori=0, pos=array([0., 0.]), size=array([1280.,  720.]), units='pix', vframe_callback=UNKNOWN, volume=UNKNOWN, win=Window(...))
439.3148 	EXP 	Created vid3 = MovieStim3(__class__=<class 'psychopy.visual.movie3.MovieStim3'>, autoLog=True, color=UNKNOWN, colorSpace=UNKNOWN, depth=-4.0, filename='stims/wedding-31.3a.mp4', flipHoriz=False, flipVert=False, fps=UNKNOWN, interpolate=True, loop=False, name='vid3', noAudio=False, opacity=1.0, ori=0, pos=array([0., 0.]), size=array([1280.,  720.]), units='pix', vframe_callback=UNKNOWN, volume=UNKNOWN, win=Window(...))
439.8121 	EXP 	Created vid4 = MovieStim3(__class__=<class 'psychopy.visual.movie3.MovieStim3'>, autoLog=True, color=UNKNOWN, colorSpace=UNKNOWN, depth=-5.0, filename='stims/wedding-31.4b.mp4', flipHoriz=False, flipVert=False, fps=UNKNOWN, interpolate=True, loop=False, name='vid4', noAudio=False, opacity=1.0, ori=0, pos=array([0., 0.]), size=array([1280.,  720.]), units='pix', vframe_callback=UNKNOWN, volume=UNKNOWN, win=Window(...))
440.2406 	EXP 	Created vid5 = MovieStim3(__class__=<class 'psychopy.visual.movie3.MovieStim3'>, autoLog=True, color=UNKNOWN, colorSpace=UNKNOWN, depth=-6.0, filename='stims/wedding-31.5.mp4', flipHoriz=False, flipVert=False, fps=UNKNOWN, interpolate=True, loop=False, name='vid5', noAudio=False, opacity=1.0, ori=0, pos=array([0., 0.]), size=array([1280.,  720.]), units='pix', vframe_callback=UNKNOWN, volume=UNKNOWN, win=Window(...))
440.3281 	EXP 	window1: recordFrameIntervals = False
440.3314 	DATA 	Keypress: equal
440.3337 	DATA 	Keypress: equal
440.3471 	EXP 	image_2: autoDraw = False
440.3471 	EXP 	image_2: autoDraw = False
440.3471 	EXP 	vid1a: movie = 'stims/wedding-31.1a.mp4'
440.3471 	EXP 	vid1a: autoLog = True
440.3471 	EXP 	vid1b: movie = 'stims/wedding-31.1b.mp4'
440.3471 	EXP 	vid1b: autoLog = True
440.3471 	EXP 	vid2: movie = 'stims/wedding-31.2b.mp4'
440.3471 	EXP 	vid2: autoLog = True
440.3471 	EXP 	vid3: movie = 'stims/wedding-31.3a.mp4'
440.3471 	EXP 	vid3: autoLog = True
440.3471 	EXP 	vid4: movie = 'stims/wedding-31.4b.mp4'
440.3471 	EXP 	vid4: autoLog = True
440.3471 	EXP 	vid5: movie = 'stims/wedding-31.5.mp4'
440.3471 	EXP 	vid5: autoLog = True
443.0535 	EXP 	window1: recordFrameIntervals = False
444.6150 	DATA 	Keypress: equal
444.6175 	DATA 	Keypress: equal
444.7414 	DATA 	Keypress: equal
444.8304 	EXP 	vid1a: movie = 'stims/wedding-31.1a.mp4'
444.8304 	EXP 	vid1b: movie = 'stims/wedding-31.1b.mp4'
444.8304 	EXP 	vid2: movie = 'stims/wedding-31.2b.mp4'
444.8304 	EXP 	vid3: movie = 'stims/wedding-31.3a.mp4'
444.8304 	EXP 	vid4: movie = 'stims/wedding-31.4b.mp4'
444.8304 	EXP 	vid5: movie = 'stims/wedding-31.5.mp4'
444.8304 	EXP 	image: image = 'south.png'
444.8470 	EXP 	vid1a: autoDraw = True
444.8470 	EXP 	image: autoDraw = True
444.8470 	EXP 	image: autoDraw = False
446.2493 	DATA 	Keypress: equal
447.7490 	DATA 	Keypress: equal
449.2491 	DATA 	Keypress: equal
450.7490 	DATA 	Keypress: equal
452.2489 	DATA 	Keypress: equal
453.7491 	DATA 	Keypress: equal
455.2492 	DATA 	Keypress: equal
456.7492 	DATA 	Keypress: equal
458.2492 	DATA 	Keypress: equal
459.7490 	DATA 	Keypress: equal
461.2489 	DATA 	Keypress: equal
462.7489 	DATA 	Keypress: equal
464.2766 	DATA 	Keypress: equal
465.7490 	DATA 	Keypress: equal
467.2489 	DATA 	Keypress: equal
467.4468 	EXP 	vid1a: autoDraw = False
467.4468 	EXP 	vid1b: autoDraw = True
468.7488 	DATA 	Keypress: equal
470.2486 	DATA 	Keypress: equal
471.7489 	DATA 	Keypress: equal
473.2486 	DATA 	Keypress: equal
474.7489 	DATA 	Keypress: equal
476.2486 	DATA 	Keypress: equal
476.4134 	EXP 	vid1b: autoDraw = False
476.4300 	EXP 	vid2: autoDraw = True
477.7487 	DATA 	Keypress: equal
479.2490 	DATA 	Keypress: equal
480.7487 	DATA 	Keypress: equal
482.2485 	DATA 	Keypress: equal
483.7487 	DATA 	Keypress: equal
485.2486 	DATA 	Keypress: equal
486.7486 	DATA 	Keypress: equal
488.2485 	DATA 	Keypress: equal
489.7485 	DATA 	Keypress: equal
491.2486 	DATA 	Keypress: equal
492.7487 	DATA 	Keypress: equal
492.9131 	EXP 	Set vid2 finished
493.4298 	EXP 	vid3: autoDraw = True
494.2402 	DATA 	Keypress: equal
495.7400 	DATA 	Keypress: equal
497.2398 	DATA 	Keypress: equal
498.7395 	DATA 	Keypress: equal
500.2393 	DATA 	Keypress: equal
501.7400 	DATA 	Keypress: equal
503.2485 	DATA 	Keypress: equal
504.7483 	DATA 	Keypress: equal
506.2482 	DATA 	Keypress: equal
507.7482 	DATA 	Keypress: equal
509.2482 	DATA 	Keypress: equal
510.7481 	DATA 	Keypress: equal
512.2481 	DATA 	Keypress: equal
513.7484 	DATA 	Keypress: equal
515.2483 	DATA 	Keypress: equal
516.4129 	EXP 	vid3: autoDraw = False
516.4295 	EXP 	vid4: autoDraw = True
516.7481 	DATA 	Keypress: equal
518.2482 	DATA 	Keypress: equal
519.7392 	DATA 	Keypress: equal
521.2484 	DATA 	Keypress: equal
522.7485 	DATA 	Keypress: equal
524.2481 	DATA 	Keypress: equal
525.7484 	DATA 	Keypress: equal
527.2483 	DATA 	Keypress: equal
528.7481 	DATA 	Keypress: equal
530.2480 	DATA 	Keypress: equal
531.7480 	DATA 	Keypress: equal
533.2478 	DATA 	Keypress: equal
534.7480 	DATA 	Keypress: equal
536.2479 	DATA 	Keypress: equal
537.7481 	DATA 	Keypress: equal
539.2478 	DATA 	Keypress: equal
540.4125 	EXP 	vid4: autoDraw = False
540.4292 	EXP 	vid5: autoDraw = True
540.7391 	DATA 	Keypress: equal
542.2386 	DATA 	Keypress: equal
543.7380 	DATA 	Keypress: equal
545.2375 	DATA 	Keypress: equal
546.7479 	DATA 	Keypress: equal
548.2384 	DATA 	Keypress: equal
549.7478 	DATA 	Keypress: equal
551.2476 	DATA 	Keypress: equal
552.5791 	EXP 	Set vid5 finished
552.7607 	EXP 	Created sequence: random, trialTypes=1, nReps=1, seed=None
552.7610 	EXP 	New trial (rep=0, index=0): None
553.2585 	EXP 	Created vid1a_q = MovieStim3(__class__=<class 'psychopy.visual.movie3.MovieStim3'>, autoLog=True, color=UNKNOWN, colorSpace=UNKNOWN, depth=-1.0, filename='stims/wedding-31.1a.mp4', flipHoriz=False, flipVert=False, fps=UNKNOWN, interpolate=True, loop=False, name='vid1a_q', noAudio=False, opacity=1.0, ori=0, pos=array([0., 0.]), size=array([1280.,  720.]), units='pix', vframe_callback=UNKNOWN, volume=UNKNOWN, win=Window(...))
553.6452 	EXP 	Created vid1b_q = MovieStim3(__class__=<class 'psychopy.visual.movie3.MovieStim3'>, autoLog=True, color=UNKNOWN, colorSpace=UNKNOWN, depth=-2.0, filename='stims/wedding-31.1b.mp4', flipHoriz=False, flipVert=False, fps=UNKNOWN, interpolate=True, loop=False, name='vid1b_q', noAudio=False, opacity=1.0, ori=0, pos=array([0., 0.]), size=array([1280.,  720.]), units='pix', vframe_callback=UNKNOWN, volume=UNKNOWN, win=Window(...))
554.0987 	EXP 	Created vid2_q = MovieStim3(__class__=<class 'psychopy.visual.movie3.MovieStim3'>, autoLog=True, color=UNKNOWN, colorSpace=UNKNOWN, depth=-3.0, filename='stims/wedding-31.2b.mp4', flipHoriz=False, flipVert=False, fps=UNKNOWN, interpolate=True, loop=False, name='vid2_q', noAudio=False, opacity=1.0, ori=0, pos=array([0., 0.]), size=array([1280.,  720.]), units='pix', vframe_callback=UNKNOWN, volume=UNKNOWN, win=Window(...))
554.5684 	EXP 	Created vid3_q = MovieStim3(__class__=<class 'psychopy.visual.movie3.MovieStim3'>, autoLog=True, color=UNKNOWN, colorSpace=UNKNOWN, depth=-5.0, filename='stims/wedding-31.3a.mp4', flipHoriz=False, flipVert=False, fps=UNKNOWN, interpolate=True, loop=False, name='vid3_q', noAudio=False, opacity=1.0, ori=0, pos=array([0., 0.]), size=array([1280.,  720.]), units='pix', vframe_callback=UNKNOWN, volume=UNKNOWN, win=Window(...))
555.0504 	EXP 	Created vid4_q = MovieStim3(__class__=<class 'psychopy.visual.movie3.MovieStim3'>, autoLog=True, color=UNKNOWN, colorSpace=UNKNOWN, depth=-7.0, filename='stims/wedding-31.4b.mp4', flipHoriz=False, flipVert=False, fps=UNKNOWN, interpolate=True, loop=False, name='vid4_q', noAudio=False, opacity=1.0, ori=0, pos=array([0., 0.]), size=array([1280.,  720.]), units='pix', vframe_callback=UNKNOWN, volume=UNKNOWN, win=Window(...))
555.4419 	EXP 	Created vid5_q = MovieStim3(__class__=<class 'psychopy.visual.movie3.MovieStim3'>, autoLog=True, color=UNKNOWN, colorSpace=UNKNOWN, depth=-8.0, filename='stims/wedding-31.5.mp4', flipHoriz=False, flipVert=False, fps=UNKNOWN, interpolate=True, loop=False, name='vid5_q', noAudio=False, opacity=1.0, ori=0, pos=array([0., 0.]), size=array([1280.,  720.]), units='pix', vframe_callback=UNKNOWN, volume=UNKNOWN, win=Window(...))
555.7286 	EXP 	window1: recordFrameIntervals = False
555.7318 	DATA 	Keypress: equal
555.7340 	DATA 	Keypress: equal
555.7370 	DATA 	Keypress: equal
555.7468 	EXP 	vid1a: autoDraw = False
555.7468 	EXP 	vid1b: autoDraw = False
555.7468 	EXP 	vid2: autoDraw = False
555.7468 	EXP 	vid3: autoDraw = False
555.7468 	EXP 	vid4: autoDraw = False
555.7468 	EXP 	vid5: autoDraw = False
555.7468 	EXP 	image: autoDraw = False
555.7468 	EXP 	vid1a_q: movie = 'stims/wedding-31.1a.mp4'
555.7468 	EXP 	vid1a_q: autoLog = True
555.7468 	EXP 	vid1b_q: movie = 'stims/wedding-31.1b.mp4'
555.7468 	EXP 	vid1b_q: autoLog = True
555.7468 	EXP 	vid2_q: movie = 'stims/wedding-31.2b.mp4'
555.7468 	EXP 	vid2_q: autoLog = True
555.7468 	EXP 	vid3_q: movie = 'stims/wedding-31.3a.mp4'
555.7468 	EXP 	vid3_q: autoLog = True
555.7468 	EXP 	vid4_q: movie = 'stims/wedding-31.4b.mp4'
555.7468 	EXP 	vid4_q: autoLog = True
555.7468 	EXP 	vid5_q: movie = 'stims/wedding-31.5.mp4'
555.7468 	EXP 	vid5_q: autoLog = True
555.7468 	EXP 	vid1a_q: autoDraw = False
555.7468 	EXP 	vid1b_q: autoDraw = False
555.7468 	EXP 	vid2_q: autoDraw = False
555.7468 	EXP 	l2q: autoDraw = False
555.7468 	EXP 	vid3_q: autoDraw = False
555.7468 	EXP 	l3q: autoDraw = False
555.7468 	EXP 	vid4_q: autoDraw = False
555.7468 	EXP 	vid5_q: autoDraw = False
555.7468 	EXP 	reveal: autoDraw = False
555.9423 	EXP 	window1: recordFrameIntervals = False
557.5151 	DATA 	Keypress: equal
557.7291 	EXP 	eggPainting1: image = 'stimsday1details/painting31.png'
557.7291 	EXP 	eggPainting2: image = 'stimsday1details/newpainting11.png'
557.7291 	EXP 	character1: image = 'stimsday1details/couple31.png'
557.7291 	EXP 	character2: image = 'stimsday1details/newperson23.png'
557.7291 	EXP 	gift1: image = 'stimsday1details/gift31.png'
557.7291 	EXP 	gift2: image = 'stimsday1details/new23.png'
557.7291 	EXP 	themeQ1: image = 'stimsday1details/ct31.png'
557.7291 	EXP 	themeQ2: image = 'stimsday1details/t31.png'
557.7291 	EXP 	nameQ1: image = 'stimsday1details/cn31.png'
557.7291 	EXP 	nameQ2: image = 'stimsday1details/n31.png'
557.7291 	EXP 	nameQ1: autoDraw = True
557.7291 	EXP 	nameQ2: autoDraw = True
558.7474 	DATA 	Keypress: equal
558.9140 	DATA 	Keypress: 2
559.7290 	EXP 	nameQ1: autoDraw = False
559.7290 	EXP 	nameQ2: autoDraw = False
559.7290 	EXP 	nameQ1: autoDraw = False
559.7290 	EXP 	nameQ2: autoDraw = False
559.7290 	EXP 	eggPainting1: autoDraw = True
559.7290 	EXP 	eggPainting2: autoDraw = True
560.2472 	DATA 	Keypress: equal
560.3138 	DATA 	Keypress: 1
561.7289 	EXP 	eggPainting1: autoDraw = False
561.7289 	EXP 	eggPainting2: autoDraw = False
561.7289 	EXP 	eggPainting1: autoDraw = False
561.7289 	EXP 	eggPainting2: autoDraw = False
561.7289 	EXP 	character1: autoDraw = True
561.7289 	EXP 	character2: autoDraw = True
561.7471 	DATA 	Keypress: equal
562.3803 	DATA 	Keypress: 1
563.2474 	DATA 	Keypress: equal
563.7289 	EXP 	character1: autoDraw = False
563.7289 	EXP 	character2: autoDraw = False
563.7289 	EXP 	character1: autoDraw = False
563.7289 	EXP 	character2: autoDraw = False
563.7289 	EXP 	themeQ1: autoDraw = True
563.7289 	EXP 	themeQ2: autoDraw = True
564.6969 	DATA 	Keypress: 2
564.7470 	DATA 	Keypress: equal
565.7289 	EXP 	themeQ1: autoDraw = False
565.7289 	EXP 	themeQ2: autoDraw = False
565.7289 	EXP 	themeQ1: autoDraw = False
565.7289 	EXP 	themeQ2: autoDraw = False
565.7289 	EXP 	gift1: autoDraw = True
565.7289 	EXP 	gift2: autoDraw = True
566.2476 	DATA 	Keypress: equal
566.5972 	DATA 	Keypress: 1
567.7289 	EXP 	gift1: autoDraw = False
567.7289 	EXP 	gift2: autoDraw = False
567.7289 	EXP 	gift1: autoDraw = False
567.7289 	EXP 	gift2: autoDraw = False
567.7289 	EXP 	northorsouth1: autoDraw = True
567.7289 	EXP 	northorsouth2: autoDraw = True
567.7471 	DATA 	Keypress: equal
569.1639 	DATA 	Keypress: 2
569.2470 	DATA 	Keypress: equal
569.9832 	EXP 	New trial (rep=0, index=4): OrderedDict([('condsFile', 'videoBlock_schemaS_pathA_6.csv')])
569.9958 	EXP 	Imported videoBlock_schemaS_pathA_6.csv as conditions, 1 conditions, 17 params
569.9963 	EXP 	Created sequence: random, trialTypes=1, nReps=1, seed=None
569.9970 	EXP 	New trial (rep=0, index=0): OrderedDict([('northOrSouth', 'south.png'), ('stimFile1a', 'stims/wedding-30.1a.mp4'), ('stimFile1b', 'stims/wedding-30.1b.mp4'), ('stimFile2', 'stims/wedding-30.2a.mp4'), ('stimFile3', 'stims/wedding-30.3b.mp4'), ('stimFile4', 'stims/wedding-30.4a.mp4'), ('stimFile5', 'stims/wedding-30.5.mp4'), ('QeggPainting1', 'stimsday1details/newegg12.png'), ('Qcharacter1', 'stimsday1details/couple30.png'), ('Qgift1', 'stimsday1details/new12.png'), ('QeggPainting2', 'stimsday1details/egg30.png'), ('Qcharacter2', 'stimsday1details/newperson12.png'), ('Qgift2', 'stimsday1details/gift30.png'), ('Qname1', 'stimsday1details/n30.png'), ('Qtheme1', 'stimsday1details/t30.png'), ('Qname2', 'stimsday1details/cn30.png'), ('Qtheme2', 'stimsday1details/ct30.png')])
570.0121 	EXP 	northorsouth1: autoDraw = False
570.0121 	EXP 	northorsouth2: autoDraw = False
570.0121 	EXP 	northorsouth1: autoDraw = False
570.0121 	EXP 	northorsouth2: autoDraw = False
570.0121 	EXP 	image_2: autoDraw = True
570.7475 	DATA 	Keypress: equal
571.9968 	EXP 	Created sequence: random, trialTypes=1, nReps=1, seed=None
571.9971 	EXP 	New trial (rep=0, index=0): None
572.5171 	EXP 	Created vid1a = MovieStim3(__class__=<class 'psychopy.visual.movie3.MovieStim3'>, autoLog=True, color=UNKNOWN, colorSpace=UNKNOWN, depth=-1.0, filename='stims/wedding-30.1a.mp4', flipHoriz=False, flipVert=False, fps=UNKNOWN, interpolate=True, loop=False, name='vid1a', noAudio=False, opacity=1.0, ori=0, pos=array([0., 0.]), size=array([1280.,  720.]), units='pix', vframe_callback=UNKNOWN, volume=UNKNOWN, win=Window(...))
572.9204 	EXP 	Created vid1b = MovieStim3(__class__=<class 'psychopy.visual.movie3.MovieStim3'>, autoLog=True, color=UNKNOWN, colorSpace=UNKNOWN, depth=-2.0, filename='stims/wedding-30.1b.mp4', flipHoriz=False, flipVert=False, fps=UNKNOWN, interpolate=True, loop=False, name='vid1b', noAudio=False, opacity=1.0, ori=0, pos=array([0., 0.]), size=array([1280.,  720.]), units='pix', vframe_callback=UNKNOWN, volume=UNKNOWN, win=Window(...))
573.4461 	EXP 	Created vid2 = MovieStim3(__class__=<class 'psychopy.visual.movie3.MovieStim3'>, autoLog=True, color=UNKNOWN, colorSpace=UNKNOWN, depth=-3.0, filename='stims/wedding-30.2a.mp4', flipHoriz=False, flipVert=False, fps=UNKNOWN, interpolate=True, loop=False, name='vid2', noAudio=False, opacity=1.0, ori=0, pos=array([0., 0.]), size=array([1280.,  720.]), units='pix', vframe_callback=UNKNOWN, volume=UNKNOWN, win=Window(...))
574.0307 	EXP 	Created vid3 = MovieStim3(__class__=<class 'psychopy.visual.movie3.MovieStim3'>, autoLog=True, color=UNKNOWN, colorSpace=UNKNOWN, depth=-4.0, filename='stims/wedding-30.3b.mp4', flipHoriz=False, flipVert=False, fps=UNKNOWN, interpolate=True, loop=False, name='vid3', noAudio=False, opacity=1.0, ori=0, pos=array([0., 0.]), size=array([1280.,  720.]), units='pix', vframe_callback=UNKNOWN, volume=UNKNOWN, win=Window(...))
574.6358 	EXP 	Created vid4 = MovieStim3(__class__=<class 'psychopy.visual.movie3.MovieStim3'>, autoLog=True, color=UNKNOWN, colorSpace=UNKNOWN, depth=-5.0, filename='stims/wedding-30.4a.mp4', flipHoriz=False, flipVert=False, fps=UNKNOWN, interpolate=True, loop=False, name='vid4', noAudio=False, opacity=1.0, ori=0, pos=array([0., 0.]), size=array([1280.,  720.]), units='pix', vframe_callback=UNKNOWN, volume=UNKNOWN, win=Window(...))
575.0665 	EXP 	Created vid5 = MovieStim3(__class__=<class 'psychopy.visual.movie3.MovieStim3'>, autoLog=True, color=UNKNOWN, colorSpace=UNKNOWN, depth=-6.0, filename='stims/wedding-30.5.mp4', flipHoriz=False, flipVert=False, fps=UNKNOWN, interpolate=True, loop=False, name='vid5', noAudio=False, opacity=1.0, ori=0, pos=array([0., 0.]), size=array([1280.,  720.]), units='pix', vframe_callback=UNKNOWN, volume=UNKNOWN, win=Window(...))
575.1509 	EXP 	window1: recordFrameIntervals = False
575.1543 	DATA 	Keypress: equal
575.1566 	DATA 	Keypress: equal
575.1623 	EXP 	image_2: autoDraw = False
575.1623 	EXP 	image_2: autoDraw = False
575.1623 	EXP 	vid1a: movie = 'stims/wedding-30.1a.mp4'
575.1623 	EXP 	vid1a: autoLog = True
575.1623 	EXP 	vid1b: movie = 'stims/wedding-30.1b.mp4'
575.1623 	EXP 	vid1b: autoLog = True
575.1623 	EXP 	vid2: movie = 'stims/wedding-30.2a.mp4'
575.1623 	EXP 	vid2: autoLog = True
575.1623 	EXP 	vid3: movie = 'stims/wedding-30.3b.mp4'
575.1623 	EXP 	vid3: autoLog = True
575.1623 	EXP 	vid4: movie = 'stims/wedding-30.4a.mp4'
575.1623 	EXP 	vid4: autoLog = True
575.1623 	EXP 	vid5: movie = 'stims/wedding-30.5.mp4'
575.1623 	EXP 	vid5: autoLog = True
577.9783 	EXP 	window1: recordFrameIntervals = False
579.4388 	DATA 	Keypress: equal
579.4411 	DATA 	Keypress: equal
579.4431 	DATA 	Keypress: equal
579.6462 	EXP 	vid1a: movie = 'stims/wedding-30.1a.mp4'
579.6462 	EXP 	vid1b: movie = 'stims/wedding-30.1b.mp4'
579.6462 	EXP 	vid2: movie = 'stims/wedding-30.2a.mp4'
579.6462 	EXP 	vid3: movie = 'stims/wedding-30.3b.mp4'
579.6462 	EXP 	vid4: movie = 'stims/wedding-30.4a.mp4'
579.6462 	EXP 	vid5: movie = 'stims/wedding-30.5.mp4'
579.6462 	EXP 	image: image = 'south.png'
579.6669 	EXP 	vid1a: autoDraw = True
579.6669 	EXP 	image: autoDraw = True
579.6669 	EXP 	image: autoDraw = False
579.7416 	DATA 	Keypress: equal
581.2386 	DATA 	Keypress: equal
582.7390 	DATA 	Keypress: equal
584.2377 	DATA 	Keypress: equal
585.7398 	DATA 	Keypress: equal
587.2472 	DATA 	Keypress: equal
588.7473 	DATA 	Keypress: equal
590.2474 	DATA 	Keypress: equal
591.7471 	DATA 	Keypress: equal
593.2474 	DATA 	Keypress: equal
594.7471 	DATA 	Keypress: equal
596.2473 	DATA 	Keypress: equal
597.7472 	DATA 	Keypress: equal
599.2471 	DATA 	Keypress: equal
600.7468 	DATA 	Keypress: equal
602.0117 	EXP 	vid1a: autoDraw = False
602.0284 	EXP 	vid1b: autoDraw = True
602.2663 	DATA 	Keypress: equal
603.7373 	DATA 	Keypress: equal
605.2385 	DATA 	Keypress: equal
606.7371 	DATA 	Keypress: equal
608.2381 	DATA 	Keypress: equal
609.7392 	DATA 	Keypress: equal
610.6117 	EXP 	Set vid1b finished
611.0283 	EXP 	vid2: autoDraw = True
611.2376 	DATA 	Keypress: equal
612.7381 	DATA 	Keypress: equal
614.2385 	DATA 	Keypress: equal
615.7371 	DATA 	Keypress: equal
617.2389 	DATA 	Keypress: equal
618.7361 	DATA 	Keypress: equal
620.2468 	DATA 	Keypress: equal
621.7468 	DATA 	Keypress: equal
623.2470 	DATA 	Keypress: equal
624.7467 	DATA 	Keypress: equal
626.2469 	DATA 	Keypress: equal
627.7373 	DATA 	Keypress: equal
628.0114 	EXP 	vid2: autoDraw = False
628.0281 	EXP 	vid3: autoDraw = True
629.2382 	DATA 	Keypress: equal
630.7385 	DATA 	Keypress: equal
632.2371 	DATA 	Keypress: equal
633.7375 	DATA 	Keypress: equal
635.2374 	DATA 	Keypress: equal
636.7466 	DATA 	Keypress: equal
638.2466 	DATA 	Keypress: equal
639.7468 	DATA 	Keypress: equal
641.2468 	DATA 	Keypress: equal
642.7467 	DATA 	Keypress: equal
644.2468 	DATA 	Keypress: equal
645.7463 	DATA 	Keypress: equal
647.2465 	DATA 	Keypress: equal
648.7465 	DATA 	Keypress: equal
650.2464 	DATA 	Keypress: equal
651.0111 	EXP 	vid3: autoDraw = False
651.0278 	EXP 	vid4: autoDraw = True
651.7371 	DATA 	Keypress: equal
653.2355 	DATA 	Keypress: equal
654.7364 	DATA 	Keypress: equal
656.2363 	DATA 	Keypress: equal
657.7375 	DATA 	Keypress: equal
659.2355 	DATA 	Keypress: equal
660.7463 	DATA 	Keypress: equal
662.2369 	DATA 	Keypress: equal
663.7464 	DATA 	Keypress: equal
665.2464 	DATA 	Keypress: equal
666.7464 	DATA 	Keypress: equal
668.2462 	DATA 	Keypress: equal
669.7465 	DATA 	Keypress: equal
671.2460 	DATA 	Keypress: equal
672.7466 	DATA 	Keypress: equal
674.2460 	DATA 	Keypress: equal
675.0108 	EXP 	vid4: autoDraw = False
675.0274 	EXP 	vid5: autoDraw = True
675.7375 	DATA 	Keypress: equal
677.2374 	DATA 	Keypress: equal
678.7378 	DATA 	Keypress: equal
680.2369 	DATA 	Keypress: equal
681.7358 	DATA 	Keypress: equal
683.2367 	DATA 	Keypress: equal
684.7460 	DATA 	Keypress: equal
686.2460 	DATA 	Keypress: equal
687.4440 	EXP 	Set vid5 finished
687.6597 	EXP 	Created sequence: random, trialTypes=1, nReps=1, seed=None
687.6600 	EXP 	New trial (rep=0, index=0): None
688.1469 	EXP 	Created vid1a_q = MovieStim3(__class__=<class 'psychopy.visual.movie3.MovieStim3'>, autoLog=True, color=UNKNOWN, colorSpace=UNKNOWN, depth=-1.0, filename='stims/wedding-30.1a.mp4', flipHoriz=False, flipVert=False, fps=UNKNOWN, interpolate=True, loop=False, name='vid1a_q', noAudio=False, opacity=1.0, ori=0, pos=array([0., 0.]), size=array([1280.,  720.]), units='pix', vframe_callback=UNKNOWN, volume=UNKNOWN, win=Window(...))
688.5202 	EXP 	Created vid1b_q = MovieStim3(__class__=<class 'psychopy.visual.movie3.MovieStim3'>, autoLog=True, color=UNKNOWN, colorSpace=UNKNOWN, depth=-2.0, filename='stims/wedding-30.1b.mp4', flipHoriz=False, flipVert=False, fps=UNKNOWN, interpolate=True, loop=False, name='vid1b_q', noAudio=False, opacity=1.0, ori=0, pos=array([0., 0.]), size=array([1280.,  720.]), units='pix', vframe_callback=UNKNOWN, volume=UNKNOWN, win=Window(...))
688.9975 	EXP 	Created vid2_q = MovieStim3(__class__=<class 'psychopy.visual.movie3.MovieStim3'>, autoLog=True, color=UNKNOWN, colorSpace=UNKNOWN, depth=-3.0, filename='stims/wedding-30.2a.mp4', flipHoriz=False, flipVert=False, fps=UNKNOWN, interpolate=True, loop=False, name='vid2_q', noAudio=False, opacity=1.0, ori=0, pos=array([0., 0.]), size=array([1280.,  720.]), units='pix', vframe_callback=UNKNOWN, volume=UNKNOWN, win=Window(...))
689.5189 	EXP 	Created vid3_q = MovieStim3(__class__=<class 'psychopy.visual.movie3.MovieStim3'>, autoLog=True, color=UNKNOWN, colorSpace=UNKNOWN, depth=-5.0, filename='stims/wedding-30.3b.mp4', flipHoriz=False, flipVert=False, fps=UNKNOWN, interpolate=True, loop=False, name='vid3_q', noAudio=False, opacity=1.0, ori=0, pos=array([0., 0.]), size=array([1280.,  720.]), units='pix', vframe_callback=UNKNOWN, volume=UNKNOWN, win=Window(...))
690.0592 	EXP 	Created vid4_q = MovieStim3(__class__=<class 'psychopy.visual.movie3.MovieStim3'>, autoLog=True, color=UNKNOWN, colorSpace=UNKNOWN, depth=-7.0, filename='stims/wedding-30.4a.mp4', flipHoriz=False, flipVert=False, fps=UNKNOWN, interpolate=True, loop=False, name='vid4_q', noAudio=False, opacity=1.0, ori=0, pos=array([0., 0.]), size=array([1280.,  720.]), units='pix', vframe_callback=UNKNOWN, volume=UNKNOWN, win=Window(...))
690.4500 	EXP 	Created vid5_q = MovieStim3(__class__=<class 'psychopy.visual.movie3.MovieStim3'>, autoLog=True, color=UNKNOWN, colorSpace=UNKNOWN, depth=-8.0, filename='stims/wedding-30.5.mp4', flipHoriz=False, flipVert=False, fps=UNKNOWN, interpolate=True, loop=False, name='vid5_q', noAudio=False, opacity=1.0, ori=0, pos=array([0., 0.]), size=array([1280.,  720.]), units='pix', vframe_callback=UNKNOWN, volume=UNKNOWN, win=Window(...))
690.7684 	EXP 	window1: recordFrameIntervals = False
690.7718 	DATA 	Keypress: equal
690.7742 	DATA 	Keypress: equal
690.7761 	DATA 	Keypress: equal
690.7940 	EXP 	vid1a: autoDraw = False
690.7940 	EXP 	vid1b: autoDraw = False
690.7940 	EXP 	vid2: autoDraw = False
690.7940 	EXP 	vid3: autoDraw = False
690.7940 	EXP 	vid4: autoDraw = False
690.7940 	EXP 	vid5: autoDraw = False
690.7940 	EXP 	image: autoDraw = False
690.7940 	EXP 	vid1a_q: movie = 'stims/wedding-30.1a.mp4'
690.7940 	EXP 	vid1a_q: autoLog = True
690.7940 	EXP 	vid1b_q: movie = 'stims/wedding-30.1b.mp4'
690.7940 	EXP 	vid1b_q: autoLog = True
690.7940 	EXP 	vid2_q: movie = 'stims/wedding-30.2a.mp4'
690.7940 	EXP 	vid2_q: autoLog = True
690.7940 	EXP 	vid3_q: movie = 'stims/wedding-30.3b.mp4'
690.7940 	EXP 	vid3_q: autoLog = True
690.7940 	EXP 	vid4_q: movie = 'stims/wedding-30.4a.mp4'
690.7940 	EXP 	vid4_q: autoLog = True
690.7940 	EXP 	vid5_q: movie = 'stims/wedding-30.5.mp4'
690.7940 	EXP 	vid5_q: autoLog = True
690.7940 	EXP 	vid1a_q: autoDraw = False
690.7940 	EXP 	vid1b_q: autoDraw = False
690.7940 	EXP 	vid2_q: autoDraw = False
690.7940 	EXP 	l2q: autoDraw = False
690.7940 	EXP 	vid3_q: autoDraw = False
690.7940 	EXP 	l3q: autoDraw = False
690.7940 	EXP 	vid4_q: autoDraw = False
690.7940 	EXP 	vid5_q: autoDraw = False
690.7940 	EXP 	reveal: autoDraw = False
691.0007 	EXP 	window1: recordFrameIntervals = False
692.5552 	DATA 	Keypress: equal
692.7772 	EXP 	eggPainting1: image = 'stimsday1details/newegg12.png'
692.7772 	EXP 	eggPainting2: image = 'stimsday1details/egg30.png'
692.7772 	EXP 	character1: image = 'stimsday1details/couple30.png'
692.7772 	EXP 	character2: image = 'stimsday1details/newperson12.png'
692.7772 	EXP 	gift1: image = 'stimsday1details/new12.png'
692.7772 	EXP 	gift2: image = 'stimsday1details/gift30.png'
692.7772 	EXP 	themeQ1: image = 'stimsday1details/t30.png'
692.7772 	EXP 	themeQ2: image = 'stimsday1details/ct30.png'
692.7772 	EXP 	nameQ1: image = 'stimsday1details/n30.png'
692.7772 	EXP 	nameQ2: image = 'stimsday1details/cn30.png'
692.7772 	EXP 	nameQ1: autoDraw = True
692.7772 	EXP 	nameQ2: autoDraw = True
693.4789 	DATA 	Keypress: 1
693.7453 	DATA 	Keypress: equal
694.7605 	EXP 	nameQ1: autoDraw = False
694.7605 	EXP 	nameQ2: autoDraw = False
694.7605 	EXP 	nameQ1: autoDraw = False
694.7605 	EXP 	nameQ2: autoDraw = False
694.7605 	EXP 	eggPainting1: autoDraw = True
694.7605 	EXP 	eggPainting2: autoDraw = True
695.2454 	DATA 	Keypress: equal
695.8621 	DATA 	Keypress: 2
696.7453 	DATA 	Keypress: equal
696.7606 	EXP 	eggPainting1: autoDraw = False
696.7606 	EXP 	eggPainting2: autoDraw = False
696.7606 	EXP 	eggPainting1: autoDraw = False
696.7606 	EXP 	eggPainting2: autoDraw = False
696.7606 	EXP 	character1: autoDraw = True
696.7606 	EXP 	character2: autoDraw = True
697.4118 	DATA 	Keypress: 1
698.2455 	DATA 	Keypress: equal
698.7605 	EXP 	character1: autoDraw = False
698.7605 	EXP 	character2: autoDraw = False
698.7605 	EXP 	character1: autoDraw = False
698.7605 	EXP 	character2: autoDraw = False
698.7605 	EXP 	themeQ1: autoDraw = True
698.7605 	EXP 	themeQ2: autoDraw = True
699.7456 	DATA 	Keypress: equal
700.0285 	DATA 	Keypress: 1
700.7605 	EXP 	themeQ1: autoDraw = False
700.7605 	EXP 	themeQ2: autoDraw = False
700.7605 	EXP 	themeQ1: autoDraw = False
700.7605 	EXP 	themeQ2: autoDraw = False
700.7605 	EXP 	gift1: autoDraw = True
700.7605 	EXP 	gift2: autoDraw = True
701.2453 	DATA 	Keypress: equal
701.5121 	DATA 	Keypress: 2
702.7454 	DATA 	Keypress: equal
702.7605 	EXP 	gift1: autoDraw = False
702.7605 	EXP 	gift2: autoDraw = False
702.7605 	EXP 	gift1: autoDraw = False
702.7605 	EXP 	gift2: autoDraw = False
702.7605 	EXP 	northorsouth1: autoDraw = True
702.7605 	EXP 	northorsouth2: autoDraw = True
703.5787 	DATA 	Keypress: 2
704.2454 	DATA 	Keypress: equal
705.1086 	EXP 	New trial (rep=0, index=5): OrderedDict([('condsFile', 'videoBlock_schemaS_pathA_4.csv')])
705.1233 	EXP 	Imported videoBlock_schemaS_pathA_4.csv as conditions, 1 conditions, 17 params
705.1238 	EXP 	Created sequence: random, trialTypes=1, nReps=1, seed=None
705.1245 	EXP 	New trial (rep=0, index=0): OrderedDict([('northOrSouth', 'south.png'), ('stimFile1a', 'stims/wedding-21.1a.mp4'), ('stimFile1b', 'stims/wedding-21.1b.mp4'), ('stimFile2', 'stims/wedding-21.2a.mp4'), ('stimFile3', 'stims/wedding-21.3b.mp4'), ('stimFile4', 'stims/wedding-21.4a.mp4'), ('stimFile5', 'stims/wedding-21.5.mp4'), ('QeggPainting1', 'stimsday1details/egg21.png'), ('Qcharacter1', 'stimsday1details/newperson10.png'), ('Qgift1', 'stimsday1details/gift21.png'), ('QeggPainting2', 'stimsday1details/newegg10.png'), ('Qcharacter2', 'stimsday1details/couple21.png'), ('Qgift2', 'stimsday1details/new10.png'), ('Qname1', 'stimsday1details/n21.png'), ('Qtheme1', 'stimsday1details/ct21.png'), ('Qname2', 'stimsday1details/cn21.png'), ('Qtheme2', 'stimsday1details/t21.png')])
705.1438 	EXP 	northorsouth1: autoDraw = False
705.1438 	EXP 	northorsouth2: autoDraw = False
705.1438 	EXP 	northorsouth1: autoDraw = False
705.1438 	EXP 	northorsouth2: autoDraw = False
705.1438 	EXP 	image_2: autoDraw = True
705.7457 	DATA 	Keypress: equal
707.1285 	EXP 	Created sequence: random, trialTypes=1, nReps=1, seed=None
707.1287 	EXP 	New trial (rep=0, index=0): None
707.6440 	EXP 	Created vid1a = MovieStim3(__class__=<class 'psychopy.visual.movie3.MovieStim3'>, autoLog=True, color=UNKNOWN, colorSpace=UNKNOWN, depth=-1.0, filename='stims/wedding-21.1a.mp4', flipHoriz=False, flipVert=False, fps=UNKNOWN, interpolate=True, loop=False, name='vid1a', noAudio=False, opacity=1.0, ori=0, pos=array([0., 0.]), size=array([1280.,  720.]), units='pix', vframe_callback=UNKNOWN, volume=UNKNOWN, win=Window(...))
708.0110 	EXP 	Created vid1b = MovieStim3(__class__=<class 'psychopy.visual.movie3.MovieStim3'>, autoLog=True, color=UNKNOWN, colorSpace=UNKNOWN, depth=-2.0, filename='stims/wedding-21.1b.mp4', flipHoriz=False, flipVert=False, fps=UNKNOWN, interpolate=True, loop=False, name='vid1b', noAudio=False, opacity=1.0, ori=0, pos=array([0., 0.]), size=array([1280.,  720.]), units='pix', vframe_callback=UNKNOWN, volume=UNKNOWN, win=Window(...))
708.5388 	EXP 	Created vid2 = MovieStim3(__class__=<class 'psychopy.visual.movie3.MovieStim3'>, autoLog=True, color=UNKNOWN, colorSpace=UNKNOWN, depth=-3.0, filename='stims/wedding-21.2a.mp4', flipHoriz=False, flipVert=False, fps=UNKNOWN, interpolate=True, loop=False, name='vid2', noAudio=False, opacity=1.0, ori=0, pos=array([0., 0.]), size=array([1280.,  720.]), units='pix', vframe_callback=UNKNOWN, volume=UNKNOWN, win=Window(...))
709.1313 	EXP 	Created vid3 = MovieStim3(__class__=<class 'psychopy.visual.movie3.MovieStim3'>, autoLog=True, color=UNKNOWN, colorSpace=UNKNOWN, depth=-4.0, filename='stims/wedding-21.3b.mp4', flipHoriz=False, flipVert=False, fps=UNKNOWN, interpolate=True, loop=False, name='vid3', noAudio=False, opacity=1.0, ori=0, pos=array([0., 0.]), size=array([1280.,  720.]), units='pix', vframe_callback=UNKNOWN, volume=UNKNOWN, win=Window(...))
709.7288 	EXP 	Created vid4 = MovieStim3(__class__=<class 'psychopy.visual.movie3.MovieStim3'>, autoLog=True, color=UNKNOWN, colorSpace=UNKNOWN, depth=-5.0, filename='stims/wedding-21.4a.mp4', flipHoriz=False, flipVert=False, fps=UNKNOWN, interpolate=True, loop=False, name='vid4', noAudio=False, opacity=1.0, ori=0, pos=array([0., 0.]), size=array([1280.,  720.]), units='pix', vframe_callback=UNKNOWN, volume=UNKNOWN, win=Window(...))
710.1131 	EXP 	Created vid5 = MovieStim3(__class__=<class 'psychopy.visual.movie3.MovieStim3'>, autoLog=True, color=UNKNOWN, colorSpace=UNKNOWN, depth=-6.0, filename='stims/wedding-21.5.mp4', flipHoriz=False, flipVert=False, fps=UNKNOWN, interpolate=True, loop=False, name='vid5', noAudio=False, opacity=1.0, ori=0, pos=array([0., 0.]), size=array([1280.,  720.]), units='pix', vframe_callback=UNKNOWN, volume=UNKNOWN, win=Window(...))
710.4248 	EXP 	Created sequence: random, trialTypes=1, nReps=1, seed=None
710.4251 	EXP 	New trial (rep=0, index=0): None
710.9117 	EXP 	Created vid1a_q = MovieStim3(__class__=<class 'psychopy.visual.movie3.MovieStim3'>, autoLog=True, color=UNKNOWN, colorSpace=UNKNOWN, depth=-1.0, filename='stims/wedding-21.1a.mp4', flipHoriz=False, flipVert=False, fps=UNKNOWN, interpolate=True, loop=False, name='vid1a_q', noAudio=False, opacity=1.0, ori=0, pos=array([0., 0.]), size=array([1280.,  720.]), units='pix', vframe_callback=UNKNOWN, volume=UNKNOWN, win=Window(...))
711.2585 	EXP 	Created vid1b_q = MovieStim3(__class__=<class 'psychopy.visual.movie3.MovieStim3'>, autoLog=True, color=UNKNOWN, colorSpace=UNKNOWN, depth=-2.0, filename='stims/wedding-21.1b.mp4', flipHoriz=False, flipVert=False, fps=UNKNOWN, interpolate=True, loop=False, name='vid1b_q', noAudio=False, opacity=1.0, ori=0, pos=array([0., 0.]), size=array([1280.,  720.]), units='pix', vframe_callback=UNKNOWN, volume=UNKNOWN, win=Window(...))
711.7341 	EXP 	Created vid2_q = MovieStim3(__class__=<class 'psychopy.visual.movie3.MovieStim3'>, autoLog=True, color=UNKNOWN, colorSpace=UNKNOWN, depth=-3.0, filename='stims/wedding-21.2a.mp4', flipHoriz=False, flipVert=False, fps=UNKNOWN, interpolate=True, loop=False, name='vid2_q', noAudio=False, opacity=1.0, ori=0, pos=array([0., 0.]), size=array([1280.,  720.]), units='pix', vframe_callback=UNKNOWN, volume=UNKNOWN, win=Window(...))
712.2626 	EXP 	Created vid3_q = MovieStim3(__class__=<class 'psychopy.visual.movie3.MovieStim3'>, autoLog=True, color=UNKNOWN, colorSpace=UNKNOWN, depth=-5.0, filename='stims/wedding-21.3b.mp4', flipHoriz=False, flipVert=False, fps=UNKNOWN, interpolate=True, loop=False, name='vid3_q', noAudio=False, opacity=1.0, ori=0, pos=array([0., 0.]), size=array([1280.,  720.]), units='pix', vframe_callback=UNKNOWN, volume=UNKNOWN, win=Window(...))
712.8028 	EXP 	Created vid4_q = MovieStim3(__class__=<class 'psychopy.visual.movie3.MovieStim3'>, autoLog=True, color=UNKNOWN, colorSpace=UNKNOWN, depth=-7.0, filename='stims/wedding-21.4a.mp4', flipHoriz=False, flipVert=False, fps=UNKNOWN, interpolate=True, loop=False, name='vid4_q', noAudio=False, opacity=1.0, ori=0, pos=array([0., 0.]), size=array([1280.,  720.]), units='pix', vframe_callback=UNKNOWN, volume=UNKNOWN, win=Window(...))
713.1795 	EXP 	Created vid5_q = MovieStim3(__class__=<class 'psychopy.visual.movie3.MovieStim3'>, autoLog=True, color=UNKNOWN, colorSpace=UNKNOWN, depth=-8.0, filename='stims/wedding-21.5.mp4', flipHoriz=False, flipVert=False, fps=UNKNOWN, interpolate=True, loop=False, name='vid5_q', noAudio=False, opacity=1.0, ori=0, pos=array([0., 0.]), size=array([1280.,  720.]), units='pix', vframe_callback=UNKNOWN, volume=UNKNOWN, win=Window(...))
713.3014 	EXP 	window1: recordFrameIntervals = False
713.3049 	DATA 	Keypress: equal
713.3073 	DATA 	Keypress: equal
713.3096 	DATA 	Keypress: equal
713.3122 	DATA 	Keypress: equal
713.3144 	DATA 	Keypress: equal
713.3270 	EXP 	image_2: autoDraw = False
713.3270 	EXP 	image_2: autoDraw = False
713.3270 	EXP 	vid1a: movie = 'stims/wedding-21.1a.mp4'
713.3270 	EXP 	vid1a: autoLog = True
713.3270 	EXP 	vid1b: movie = 'stims/wedding-21.1b.mp4'
713.3270 	EXP 	vid1b: autoLog = True
713.3270 	EXP 	vid2: movie = 'stims/wedding-21.2a.mp4'
713.3270 	EXP 	vid2: autoLog = True
713.3270 	EXP 	vid3: movie = 'stims/wedding-21.3b.mp4'
713.3270 	EXP 	vid3: autoLog = True
713.3270 	EXP 	vid4: movie = 'stims/wedding-21.4a.mp4'
713.3270 	EXP 	vid4: autoLog = True
713.3270 	EXP 	vid5: movie = 'stims/wedding-21.5.mp4'
713.3270 	EXP 	vid5: autoLog = True
713.3270 	EXP 	vid1a: autoDraw = False
713.3270 	EXP 	vid1b: autoDraw = False
713.3270 	EXP 	vid2: autoDraw = False
713.3270 	EXP 	vid3: autoDraw = False
713.3270 	EXP 	vid4: autoDraw = False
713.3270 	EXP 	vid5: autoDraw = False
713.3270 	EXP 	image: autoDraw = False
713.3270 	EXP 	vid1a_q: movie = 'stims/wedding-21.1a.mp4'
713.3270 	EXP 	vid1a_q: autoLog = True
713.3270 	EXP 	vid1b_q: movie = 'stims/wedding-21.1b.mp4'
713.3270 	EXP 	vid1b_q: autoLog = True
713.3270 	EXP 	vid2_q: movie = 'stims/wedding-21.2a.mp4'
713.3270 	EXP 	vid2_q: autoLog = True
713.3270 	EXP 	vid3_q: movie = 'stims/wedding-21.3b.mp4'
713.3270 	EXP 	vid3_q: autoLog = True
713.3270 	EXP 	vid4_q: movie = 'stims/wedding-21.4a.mp4'
713.3270 	EXP 	vid4_q: autoLog = True
713.3270 	EXP 	vid5_q: movie = 'stims/wedding-21.5.mp4'
713.3270 	EXP 	vid5_q: autoLog = True
716.1026 	EXP 	window1: recordFrameIntervals = False
717.5950 	DATA 	Keypress: equal
717.5977 	DATA 	Keypress: equal
717.7299 	DATA 	Keypress: equal
717.7938 	EXP 	vid1a_q: movie = 'stims/wedding-21.1a.mp4'
717.7938 	EXP 	vid1b_q: movie = 'stims/wedding-21.1b.mp4'
717.7938 	EXP 	vid2_q: movie = 'stims/wedding-21.2a.mp4'
717.7938 	EXP 	vid3_q: movie = 'stims/wedding-21.3b.mp4'
717.7938 	EXP 	vid4_q: movie = 'stims/wedding-21.4a.mp4'
717.7938 	EXP 	vid5_q: movie = 'stims/wedding-21.5.mp4'
717.7938 	EXP 	reveal: image = 'south.png'
717.8104 	EXP 	vid1a_q: autoDraw = True
717.8104 	EXP 	reveal: autoDraw = True
717.8104 	EXP 	reveal: autoDraw = False
719.2458 	DATA 	Keypress: equal
720.7457 	DATA 	Keypress: equal
722.2458 	DATA 	Keypress: equal
723.7455 	DATA 	Keypress: equal
725.2457 	DATA 	Keypress: equal
726.7366 	DATA 	Keypress: equal
728.2367 	DATA 	Keypress: equal
729.7361 	DATA 	Keypress: equal
731.2365 	DATA 	Keypress: equal
732.7371 	DATA 	Keypress: equal
734.2365 	DATA 	Keypress: equal
735.7372 	DATA 	Keypress: equal
737.2373 	DATA 	Keypress: equal
738.7367 	DATA 	Keypress: equal
740.2364 	DATA 	Keypress: equal
740.4433 	EXP 	vid1a_q: autoDraw = False
740.4433 	EXP 	vid1b_q: autoDraw = True
741.7456 	DATA 	Keypress: equal
743.2294 	DATA 	Keypress: equal
744.7290 	DATA 	Keypress: equal
746.2295 	DATA 	Keypress: equal
747.7292 	DATA 	Keypress: equal
748.9932 	EXP 	Set vid1b_q finished
749.2452 	DATA 	Keypress: equal
749.4432 	EXP 	vid2_q: autoDraw = True
750.7289 	DATA 	Keypress: equal
752.2290 	DATA 	Keypress: equal
753.7292 	DATA 	Keypress: equal
755.2452 	DATA 	Keypress: equal
756.7293 	DATA 	Keypress: equal
758.2364 	DATA 	Keypress: equal
759.7354 	DATA 	Keypress: equal
761.2366 	DATA 	Keypress: equal
762.7363 	DATA 	Keypress: equal
764.2368 	DATA 	Keypress: equal
765.7334 	DATA 	Keypress: equal
766.4263 	EXP 	Set vid2_q finished
766.4430 	EXP 	l2q: autoDraw = True
767.2281 	DATA 	Keypress: equal
767.7112 	DATA 	Keypress: 2
768.7282 	DATA 	Keypress: equal
770.2280 	DATA 	Keypress: equal
770.4429 	EXP 	l2q: autoDraw = False
770.4429 	EXP 	vid3_q: autoDraw = True
771.7283 	DATA 	Keypress: equal
773.2284 	DATA 	Keypress: equal
774.7281 	DATA 	Keypress: equal
776.2282 	DATA 	Keypress: equal
777.7281 	DATA 	Keypress: equal
779.2284 	DATA 	Keypress: equal
780.7280 	DATA 	Keypress: equal
782.2282 	DATA 	Keypress: equal
783.7279 	DATA 	Keypress: equal
785.2340 	DATA 	Keypress: equal
786.7352 	DATA 	Keypress: equal
788.2340 	DATA 	Keypress: equal
789.7358 	DATA 	Keypress: equal
791.2340 	DATA 	Keypress: equal
792.7281 	DATA 	Keypress: equal
793.4427 	EXP 	vid3_q: autoDraw = False
793.4427 	EXP 	l3q: autoDraw = True
794.2280 	DATA 	Keypress: equal
794.5110 	DATA 	Keypress: 1
795.7279 	DATA 	Keypress: equal
797.2278 	DATA 	Keypress: equal
797.4426 	EXP 	l3q: autoDraw = False
797.4426 	EXP 	vid4_q: autoDraw = True
798.7279 	DATA 	Keypress: equal
800.2282 	DATA 	Keypress: equal
801.7281 	DATA 	Keypress: equal
803.2278 	DATA 	Keypress: equal
804.7278 	DATA 	Keypress: equal
806.2277 	DATA 	Keypress: equal
807.7277 	DATA 	Keypress: equal
809.2276 	DATA 	Keypress: equal
810.7278 	DATA 	Keypress: equal
812.2276 	DATA 	Keypress: equal
813.7552 	DATA 	Keypress: equal
815.2277 	DATA 	Keypress: equal
816.7277 	DATA 	Keypress: equal
818.2276 	DATA 	Keypress: equal
819.7274 	DATA 	Keypress: equal
821.2278 	DATA 	Keypress: equal
821.4423 	EXP 	vid4_q: autoDraw = False
821.4423 	EXP 	vid5_q: autoDraw = True
822.7275 	DATA 	Keypress: equal
824.2276 	DATA 	Keypress: equal
825.7278 	DATA 	Keypress: equal
827.2274 	DATA 	Keypress: equal
828.7277 	DATA 	Keypress: equal
830.2277 	DATA 	Keypress: equal
831.7276 	DATA 	Keypress: equal
833.2276 	DATA 	Keypress: equal
834.7331 	EXP 	window1: recordFrameIntervals = False
834.7353 	DATA 	Keypress: equal
834.7421 	EXP 	vid5_q: autoDraw = False
834.7421 	EXP 	vid1a_q: autoDraw = False
834.7421 	EXP 	vid1b_q: autoDraw = False
834.7421 	EXP 	vid2_q: autoDraw = False
834.7421 	EXP 	l2q: autoDraw = False
834.7421 	EXP 	vid3_q: autoDraw = False
834.7421 	EXP 	l3q: autoDraw = False
834.7421 	EXP 	vid4_q: autoDraw = False
834.7421 	EXP 	vid5_q: autoDraw = False
834.7421 	EXP 	reveal: autoDraw = False
834.9532 	EXP 	window1: recordFrameIntervals = False
836.5202 	DATA 	Keypress: equal
836.7421 	EXP 	eggPainting1: image = 'stimsday1details/egg21.png'
836.7421 	EXP 	eggPainting2: image = 'stimsday1details/newegg10.png'
836.7421 	EXP 	character1: image = 'stimsday1details/newperson10.png'
836.7421 	EXP 	character2: image = 'stimsday1details/couple21.png'
836.7421 	EXP 	gift1: image = 'stimsday1details/gift21.png'
836.7421 	EXP 	gift2: image = 'stimsday1details/new10.png'
836.7421 	EXP 	themeQ1: image = 'stimsday1details/ct21.png'
836.7421 	EXP 	themeQ2: image = 'stimsday1details/t21.png'
836.7421 	EXP 	nameQ1: image = 'stimsday1details/n21.png'
836.7421 	EXP 	nameQ2: image = 'stimsday1details/cn21.png'
836.7421 	EXP 	nameQ1: autoDraw = True
836.7421 	EXP 	nameQ2: autoDraw = True
837.5273 	DATA 	Keypress: 1
837.7270 	DATA 	Keypress: equal
838.7254 	EXP 	nameQ1: autoDraw = False
838.7254 	EXP 	nameQ2: autoDraw = False
838.7254 	EXP 	nameQ1: autoDraw = False
838.7254 	EXP 	nameQ2: autoDraw = False
838.7254 	EXP 	eggPainting1: autoDraw = True
838.7254 	EXP 	eggPainting2: autoDraw = True
839.2271 	DATA 	Keypress: equal
839.3775 	DATA 	Keypress: 1
840.7253 	EXP 	eggPainting1: autoDraw = False
840.7253 	EXP 	eggPainting2: autoDraw = False
840.7253 	EXP 	eggPainting1: autoDraw = False
840.7253 	EXP 	eggPainting2: autoDraw = False
840.7253 	EXP 	character1: autoDraw = True
840.7253 	EXP 	character2: autoDraw = True
840.7270 	DATA 	Keypress: equal
841.6437 	DATA 	Keypress: 2
842.2273 	DATA 	Keypress: equal
842.7254 	EXP 	character1: autoDraw = False
842.7254 	EXP 	character2: autoDraw = False
842.7254 	EXP 	character1: autoDraw = False
842.7254 	EXP 	character2: autoDraw = False
842.7254 	EXP 	themeQ1: autoDraw = True
842.7254 	EXP 	themeQ2: autoDraw = True
843.7273 	DATA 	Keypress: equal
844.4105 	DATA 	Keypress: 2
844.7253 	EXP 	themeQ1: autoDraw = False
844.7253 	EXP 	themeQ2: autoDraw = False
844.7253 	EXP 	themeQ1: autoDraw = False
844.7253 	EXP 	themeQ2: autoDraw = False
844.7253 	EXP 	gift1: autoDraw = True
844.7253 	EXP 	gift2: autoDraw = True
845.2271 	DATA 	Keypress: equal
845.5606 	DATA 	Keypress: 1
846.7253 	EXP 	gift1: autoDraw = False
846.7253 	EXP 	gift2: autoDraw = False
846.7253 	EXP 	gift1: autoDraw = False
846.7253 	EXP 	gift2: autoDraw = False
846.7253 	EXP 	northorsouth1: autoDraw = True
846.7253 	EXP 	northorsouth2: autoDraw = True
846.7273 	DATA 	Keypress: equal
847.6600 	DATA 	Keypress: 2
848.2272 	DATA 	Keypress: equal
849.2086 	EXP 	northorsouth1: autoDraw = False
849.2086 	EXP 	northorsouth2: autoDraw = False
849.2086 	EXP 	northorsouth1: autoDraw = False
849.2086 	EXP 	northorsouth2: autoDraw = False
849.5171 	EXP 	window1: mouseVisible = True
