1.8402 	WARNING 	Import Error: No module named 'psychtoolbox'. Using event module for keyboard component.
4.2794 	WARNING 	User requested fullscreen with size [2560 1440], but screen is actually [1920, 1080]. Using actual size
4.9062 	EXP 	Created window1 = Window(allowGUI=False, allowStencil=False, args=UNKNOWN, autoLog=True, bitsMode=UNKNOWN, blendMode='avg', color=array([0., 0., 0.]), colorSpace='rgb', fullscr=<method-wrapper '__getattribute__' of attributeSetter object at 0x132bdf30b8>, gamma=None, kwargs=UNKNOWN, lms=UNKNOWN, monitor=<psychopy.monitors.calibTools.Monitor object at 0x132da59be0>, multiSample=False, name='window1', numSamples=2, pos=[0.0, 0.0], screen=0, size=array([1920, 1080]), stereo=False, units='norm', useFBO=True, useRetina=False, viewOri=0.0, viewPos=None, viewScale=None, waitBlanking=True, winType='pyglet')
4.9062 	EXP 	window1: recordFrameIntervals = False
5.0723 	EXP 	window1: recordFrameIntervals = True
5.2556 	EXP 	window1: recordFrameIntervals = False
5.3794 	EXP 	Created text = TextStim(__class__=<class 'psychopy.visual.text.TextStim'>, alignHoriz='center', alignVert='center', antialias=True, autoLog=True, bold=False, color='white', colorSpace='named', contrast=1.0, depth=0.0, flipHoriz=False, flipVert=False, font='Arial', fontFiles=[], height=0.1, italic=False, languageStyle='LTR', name='text', opacity=1.0, ori=0, pos=array([0., 0.]), rgb=array([255., 255., 255.]), text='Waiting for experimenter...', units='norm', win=Window(...), wrapWidth=1)
5.3881 	EXP 	Created waiting = TextStim(__class__=<class 'psychopy.visual.text.TextStim'>, alignHoriz='center', alignVert='center', antialias=True, autoLog=True, bold=False, color='white', colorSpace='named', contrast=1.0, depth=0.0, flipHoriz=False, flipVert=False, font='Arial', fontFiles=[], height=0.1, italic=False, languageStyle='LTR', name='waiting', opacity=1.0, ori=0, pos=array([0., 0.]), rgb=array([255., 255., 255.]), text='Waiting for scanner...', units='norm', win=Window(...), wrapWidth=1)
5.4089 	EXP 	Created image_3 = ImageStim(__class__=<class 'psychopy.visual.image.ImageStim'>, autoLog=True, color=array([1., 1., 1.]), colorSpace='rgb', contrast=1.0, depth=0.0, flipHoriz=False, flipVert=False, image='north.png', interpolate=True, mask=None, maskParams=None, name='image_3', opacity=1.0, ori=0.0, pos=array([0., 0.]), size=array([0.8, 0.8]), texRes=128, units='norm', win=Window(...))
5.4184 	EXP 	Created l2q = ImageStim(__class__=<class 'psychopy.visual.image.ImageStim'>, autoLog=True, color=array([1., 1., 1.]), colorSpace='rgb', contrast=1.0, depth=-4.0, flipHoriz=False, flipVert=False, image='LAYER2Q.png', interpolate=True, mask=None, maskParams=None, name='l2q', opacity=1.0, ori=0.0, pos=array([0., 0.]), size=array([0.8, 0.8]), texRes=128, units='norm', win=Window(...))
5.4284 	EXP 	Created l3q = ImageStim(__class__=<class 'psychopy.visual.image.ImageStim'>, autoLog=True, color=array([1., 1., 1.]), colorSpace='rgb', contrast=1.0, depth=-6.0, flipHoriz=False, flipVert=False, image='LAYER3Q.png', interpolate=True, mask=None, maskParams=None, name='l3q', opacity=1.0, ori=0.0, pos=array([0., 0.]), size=array([0.8, 0.8]), texRes=128, units='norm', win=Window(...))
5.4338 	EXP 	Created nameQ1 = ImageStim(__class__=<class 'psychopy.visual.image.ImageStim'>, autoLog=True, color=array([1., 1., 1.]), colorSpace='rgb', contrast=1.0, depth=-1.0, flipHoriz=False, flipVert=False, image='sin', interpolate=True, mask=None, maskParams=None, name='nameQ1', opacity=1.0, ori=0.0, pos=array([-0.5, -0.2]), size=array([0.5, 0.5]), texRes=128, units='norm', win=Window(...))
5.4362 	EXP 	Created nameQ2 = ImageStim(__class__=<class 'psychopy.visual.image.ImageStim'>, autoLog=True, color=array([1., 1., 1.]), colorSpace='rgb', contrast=1.0, depth=-2.0, flipHoriz=False, flipVert=False, image='sin', interpolate=True, mask=None, maskParams=None, name='nameQ2', opacity=1.0, ori=0.0, pos=array([ 0.5, -0.2]), size=array([0.5, 0.5]), texRes=128, units='norm', win=Window(...))
5.4386 	EXP 	Created eggPainting1 = ImageStim(__class__=<class 'psychopy.visual.image.ImageStim'>, autoLog=True, color=array([1., 1., 1.]), colorSpace='rgb', contrast=1.0, depth=0.0, flipHoriz=False, flipVert=False, image='sin', interpolate=True, mask=None, maskParams=None, name='eggPainting1', opacity=1.0, ori=0.0, pos=array([-0.5, -0.2]), size=array([0.7, 1. ]), texRes=128, units='norm', win=Window(...))
5.4409 	EXP 	Created eggPainting2 = ImageStim(__class__=<class 'psychopy.visual.image.ImageStim'>, autoLog=True, color=array([1., 1., 1.]), colorSpace='rgb', contrast=1.0, depth=-2.0, flipHoriz=False, flipVert=False, image='sin', interpolate=True, mask=None, maskParams=None, name='eggPainting2', opacity=1.0, ori=0.0, pos=array([ 0.5, -0.2]), size=array([0.7, 1. ]), texRes=128, units='norm', win=Window(...))
5.4433 	EXP 	Created character1 = ImageStim(__class__=<class 'psychopy.visual.image.ImageStim'>, autoLog=True, color=array([1., 1., 1.]), colorSpace='rgb', contrast=1.0, depth=0.0, flipHoriz=False, flipVert=False, image='sin', interpolate=True, mask=None, maskParams=None, name='character1', opacity=1.0, ori=0.0, pos=array([-0.5, -0.2]), size=array([0.5, 1. ]), texRes=128, units='norm', win=Window(...))
5.4457 	EXP 	Created character2 = ImageStim(__class__=<class 'psychopy.visual.image.ImageStim'>, autoLog=True, color=array([1., 1., 1.]), colorSpace='rgb', contrast=1.0, depth=-1.0, flipHoriz=False, flipVert=False, image='sin', interpolate=True, mask=None, maskParams=None, name='character2', opacity=1.0, ori=0.0, pos=array([ 0.5, -0.2]), size=array([0.5, 1. ]), texRes=128, units='norm', win=Window(...))
5.4487 	EXP 	Created themeQ1 = ImageStim(__class__=<class 'psychopy.visual.image.ImageStim'>, autoLog=True, color=array([1., 1., 1.]), colorSpace='rgb', contrast=1.0, depth=-1.0, flipHoriz=False, flipVert=False, image='sin', interpolate=True, mask=None, maskParams=None, name='themeQ1', opacity=1.0, ori=0.0, pos=array([-0.5, -0.2]), size=array([0.5, 0.5]), texRes=128, units='norm', win=Window(...))
5.4513 	EXP 	Created themeQ2 = ImageStim(__class__=<class 'psychopy.visual.image.ImageStim'>, autoLog=True, color=array([1., 1., 1.]), colorSpace='rgb', contrast=1.0, depth=-2.0, flipHoriz=False, flipVert=False, image='sin', interpolate=True, mask=None, maskParams=None, name='themeQ2', opacity=1.0, ori=0.0, pos=array([ 0.5, -0.2]), size=array([0.5, 0.5]), texRes=128, units='norm', win=Window(...))
5.4538 	EXP 	Created gift1 = ImageStim(__class__=<class 'psychopy.visual.image.ImageStim'>, autoLog=True, color=array([1., 1., 1.]), colorSpace='rgb', contrast=1.0, depth=0.0, flipHoriz=False, flipVert=False, image='sin', interpolate=True, mask=None, maskParams=None, name='gift1', opacity=1.0, ori=0.0, pos=array([-0.5, -0.2]), size=array([0.5, 0.5]), texRes=128, units='norm', win=Window(...))
5.4562 	EXP 	Created gift2 = ImageStim(__class__=<class 'psychopy.visual.image.ImageStim'>, autoLog=True, color=array([1., 1., 1.]), colorSpace='rgb', contrast=1.0, depth=-1.0, flipHoriz=False, flipVert=False, image='sin', interpolate=True, mask=None, maskParams=None, name='gift2', opacity=1.0, ori=0.0, pos=array([ 0.5, -0.2]), size=array([0.5, 0.5]), texRes=128, units='norm', win=Window(...))
5.4601 	EXP 	Created northorsouth1 = ImageStim(__class__=<class 'psychopy.visual.image.ImageStim'>, autoLog=True, color=array([1., 1., 1.]), colorSpace='rgb', contrast=1.0, depth=0.0, flipHoriz=False, flipVert=False, image='northorsouth1.png', interpolate=True, mask=None, maskParams=None, name='northorsouth1', opacity=1.0, ori=0.0, pos=array([-0.5, -0.2]), size=array([0.5, 0.5]), texRes=128, units='norm', win=Window(...))
5.4638 	EXP 	Created northorsouth2 = ImageStim(__class__=<class 'psychopy.visual.image.ImageStim'>, autoLog=True, color=array([1., 1., 1.]), colorSpace='rgb', contrast=1.0, depth=-2.0, flipHoriz=False, flipVert=False, image='northorsouth2.png', interpolate=True, mask=None, maskParams=None, name='northorsouth2', opacity=1.0, ori=0.0, pos=array([ 0.5, -0.2]), size=array([0.5, 0.5]), texRes=128, units='norm', win=Window(...))
5.4887 	EXP 	text: autoDraw = True
5.9775 	DATA 	Keypress: g
6.0055 	EXP 	text: autoDraw = False
6.0055 	EXP 	waiting: autoDraw = True
30.8903 	DATA 	Keypress: equal
30.9232 	EXP 	Imported chooseBlock1.csv as conditions, 6 conditions, 1 params
30.9249 	EXP 	Created sequence: random, trialTypes=6, nReps=1, seed=None
30.9252 	EXP 	New trial (rep=0, index=0): OrderedDict([('condsFile', 'videoBlock_schemaN_pathA_3.csv')])
30.9348 	EXP 	Imported videoBlock_schemaN_pathA_3.csv as conditions, 1 conditions, 17 params
30.9351 	EXP 	Created sequence: random, trialTypes=1, nReps=1, seed=None
30.9358 	EXP 	New trial (rep=0, index=0): OrderedDict([('northOrSouth', 'north.png'), ('stimFile1a', 'stims/wedding-9.1a.mp4'), ('stimFile1b', 'stims/wedding-9.1b.mp4'), ('stimFile2', 'stims/wedding-9.2a.mp4'), ('stimFile3', 'stims/wedding-9.3a.mp4'), ('stimFile4', 'stims/wedding-9.4a.mp4'), ('stimFile5', 'stims/wedding-9.5.mp4'), ('QeggPainting1', 'stimsday1details/newegg3.png'), ('Qcharacter1', 'stimsday1details/newperson3.png'), ('Qgift1', 'stimsday1details/gift9.png'), ('QeggPainting2', 'stimsday1details/egg9.png'), ('Qcharacter2', 'stimsday1details/couple9.png'), ('Qgift2', 'stimsday1details/new3.png'), ('Qname1', 'stimsday1details/n9.png'), ('Qtheme1', 'stimsday1details/t9.png'), ('Qname2', 'stimsday1details/cn9.png'), ('Qtheme2', 'stimsday1details/ct9.png')])
30.9551 	EXP 	waiting: autoDraw = False
30.9551 	EXP 	image_3: autoDraw = True
32.3902 	DATA 	Keypress: equal
32.9060 	EXP 	Created sequence: random, trialTypes=1, nReps=1, seed=None
32.9063 	EXP 	New trial (rep=0, index=0): None
33.5781 	EXP 	Created vid1a = MovieStim3(__class__=<class 'psychopy.visual.movie3.MovieStim3'>, autoLog=True, color=UNKNOWN, colorSpace=UNKNOWN, depth=-1.0, filename='stims/wedding-9.1a.mp4', flipHoriz=False, flipVert=False, fps=UNKNOWN, interpolate=True, loop=False, name='vid1a', noAudio=False, opacity=1.0, ori=0, pos=array([0., 0.]), size=array([1280.,  720.]), units='pix', vframe_callback=UNKNOWN, volume=UNKNOWN, win=Window(...))
33.9667 	EXP 	Created vid1b = MovieStim3(__class__=<class 'psychopy.visual.movie3.MovieStim3'>, autoLog=True, color=UNKNOWN, colorSpace=UNKNOWN, depth=-2.0, filename='stims/wedding-9.1b.mp4', flipHoriz=False, flipVert=False, fps=UNKNOWN, interpolate=True, loop=False, name='vid1b', noAudio=False, opacity=1.0, ori=0, pos=array([0., 0.]), size=array([1280.,  720.]), units='pix', vframe_callback=UNKNOWN, volume=UNKNOWN, win=Window(...))
34.4496 	EXP 	Created vid2 = MovieStim3(__class__=<class 'psychopy.visual.movie3.MovieStim3'>, autoLog=True, color=UNKNOWN, colorSpace=UNKNOWN, depth=-3.0, filename='stims/wedding-9.2a.mp4', flipHoriz=False, flipVert=False, fps=UNKNOWN, interpolate=True, loop=False, name='vid2', noAudio=False, opacity=1.0, ori=0, pos=array([0., 0.]), size=array([1280.,  720.]), units='pix', vframe_callback=UNKNOWN, volume=UNKNOWN, win=Window(...))
34.9278 	EXP 	Created vid3 = MovieStim3(__class__=<class 'psychopy.visual.movie3.MovieStim3'>, autoLog=True, color=UNKNOWN, colorSpace=UNKNOWN, depth=-4.0, filename='stims/wedding-9.3a.mp4', flipHoriz=False, flipVert=False, fps=UNKNOWN, interpolate=True, loop=False, name='vid3', noAudio=False, opacity=1.0, ori=0, pos=array([0., 0.]), size=array([1280.,  720.]), units='pix', vframe_callback=UNKNOWN, volume=UNKNOWN, win=Window(...))
35.4824 	EXP 	Created vid4 = MovieStim3(__class__=<class 'psychopy.visual.movie3.MovieStim3'>, autoLog=True, color=UNKNOWN, colorSpace=UNKNOWN, depth=-5.0, filename='stims/wedding-9.4a.mp4', flipHoriz=False, flipVert=False, fps=UNKNOWN, interpolate=True, loop=False, name='vid4', noAudio=False, opacity=1.0, ori=0, pos=array([0., 0.]), size=array([1280.,  720.]), units='pix', vframe_callback=UNKNOWN, volume=UNKNOWN, win=Window(...))
35.8895 	EXP 	Created vid5 = MovieStim3(__class__=<class 'psychopy.visual.movie3.MovieStim3'>, autoLog=True, color=UNKNOWN, colorSpace=UNKNOWN, depth=-6.0, filename='stims/wedding-9.5.mp4', flipHoriz=False, flipVert=False, fps=UNKNOWN, interpolate=True, loop=False, name='vid5', noAudio=False, opacity=1.0, ori=0, pos=array([0., 0.]), size=array([1280.,  720.]), units='pix', vframe_callback=UNKNOWN, volume=UNKNOWN, win=Window(...))
35.9346 	EXP 	Created sequence: random, trialTypes=1, nReps=1, seed=None
35.9349 	EXP 	New trial (rep=0, index=0): None
36.3358 	EXP 	Created vid1a_q = MovieStim3(__class__=<class 'psychopy.visual.movie3.MovieStim3'>, autoLog=True, color=UNKNOWN, colorSpace=UNKNOWN, depth=-1.0, filename='stims/wedding-9.1a.mp4', flipHoriz=False, flipVert=False, fps=UNKNOWN, interpolate=True, loop=False, name='vid1a_q', noAudio=False, opacity=1.0, ori=0, pos=array([0., 0.]), size=array([1280.,  720.]), units='pix', vframe_callback=UNKNOWN, volume=UNKNOWN, win=Window(...))
36.7134 	EXP 	Created vid1b_q = MovieStim3(__class__=<class 'psychopy.visual.movie3.MovieStim3'>, autoLog=True, color=UNKNOWN, colorSpace=UNKNOWN, depth=-2.0, filename='stims/wedding-9.1b.mp4', flipHoriz=False, flipVert=False, fps=UNKNOWN, interpolate=True, loop=False, name='vid1b_q', noAudio=False, opacity=1.0, ori=0, pos=array([0., 0.]), size=array([1280.,  720.]), units='pix', vframe_callback=UNKNOWN, volume=UNKNOWN, win=Window(...))
37.1835 	EXP 	Created vid2_q = MovieStim3(__class__=<class 'psychopy.visual.movie3.MovieStim3'>, autoLog=True, color=UNKNOWN, colorSpace=UNKNOWN, depth=-3.0, filename='stims/wedding-9.2a.mp4', flipHoriz=False, flipVert=False, fps=UNKNOWN, interpolate=True, loop=False, name='vid2_q', noAudio=False, opacity=1.0, ori=0, pos=array([0., 0.]), size=array([1280.,  720.]), units='pix', vframe_callback=UNKNOWN, volume=UNKNOWN, win=Window(...))
37.6559 	EXP 	Created vid3_q = MovieStim3(__class__=<class 'psychopy.visual.movie3.MovieStim3'>, autoLog=True, color=UNKNOWN, colorSpace=UNKNOWN, depth=-5.0, filename='stims/wedding-9.3a.mp4', flipHoriz=False, flipVert=False, fps=UNKNOWN, interpolate=True, loop=False, name='vid3_q', noAudio=False, opacity=1.0, ori=0, pos=array([0., 0.]), size=array([1280.,  720.]), units='pix', vframe_callback=UNKNOWN, volume=UNKNOWN, win=Window(...))
38.1850 	EXP 	Created vid4_q = MovieStim3(__class__=<class 'psychopy.visual.movie3.MovieStim3'>, autoLog=True, color=UNKNOWN, colorSpace=UNKNOWN, depth=-7.0, filename='stims/wedding-9.4a.mp4', flipHoriz=False, flipVert=False, fps=UNKNOWN, interpolate=True, loop=False, name='vid4_q', noAudio=False, opacity=1.0, ori=0, pos=array([0., 0.]), size=array([1280.,  720.]), units='pix', vframe_callback=UNKNOWN, volume=UNKNOWN, win=Window(...))
38.5735 	EXP 	Created vid5_q = MovieStim3(__class__=<class 'psychopy.visual.movie3.MovieStim3'>, autoLog=True, color=UNKNOWN, colorSpace=UNKNOWN, depth=-8.0, filename='stims/wedding-9.5.mp4', flipHoriz=False, flipVert=False, fps=UNKNOWN, interpolate=True, loop=False, name='vid5_q', noAudio=False, opacity=1.0, ori=0, pos=array([0., 0.]), size=array([1280.,  720.]), units='pix', vframe_callback=UNKNOWN, volume=UNKNOWN, win=Window(...))
38.5743 	EXP 	window1: recordFrameIntervals = False
38.5786 	DATA 	Keypress: equal
38.5809 	DATA 	Keypress: equal
38.5829 	DATA 	Keypress: equal
38.5850 	DATA 	Keypress: equal
38.6052 	EXP 	image_3: autoDraw = False
38.6052 	EXP 	vid1a: movie = 'stims/wedding-9.1a.mp4'
38.6052 	EXP 	vid1a: autoLog = True
38.6052 	EXP 	vid1b: movie = 'stims/wedding-9.1b.mp4'
38.6052 	EXP 	vid1b: autoLog = True
38.6052 	EXP 	vid2: movie = 'stims/wedding-9.2a.mp4'
38.6052 	EXP 	vid2: autoLog = True
38.6052 	EXP 	vid3: movie = 'stims/wedding-9.3a.mp4'
38.6052 	EXP 	vid3: autoLog = True
38.6052 	EXP 	vid4: movie = 'stims/wedding-9.4a.mp4'
38.6052 	EXP 	vid4: autoLog = True
38.6052 	EXP 	vid5: movie = 'stims/wedding-9.5.mp4'
38.6052 	EXP 	vid5: autoLog = True
38.6052 	EXP 	vid1a: autoDraw = False
38.6052 	EXP 	vid1b: autoDraw = False
38.6052 	EXP 	vid2: autoDraw = False
38.6052 	EXP 	vid3: autoDraw = False
38.6052 	EXP 	vid4: autoDraw = False
38.6052 	EXP 	vid5: autoDraw = False
38.6052 	EXP 	vid1a_q: movie = 'stims/wedding-9.1a.mp4'
38.6052 	EXP 	vid1a_q: autoLog = True
38.6052 	EXP 	vid1b_q: movie = 'stims/wedding-9.1b.mp4'
38.6052 	EXP 	vid1b_q: autoLog = True
38.6052 	EXP 	vid2_q: movie = 'stims/wedding-9.2a.mp4'
38.6052 	EXP 	vid2_q: autoLog = True
38.6052 	EXP 	vid3_q: movie = 'stims/wedding-9.3a.mp4'
38.6052 	EXP 	vid3_q: autoLog = True
38.6052 	EXP 	vid4_q: movie = 'stims/wedding-9.4a.mp4'
38.6052 	EXP 	vid4_q: autoLog = True
38.6052 	EXP 	vid5_q: movie = 'stims/wedding-9.5.mp4'
38.6052 	EXP 	vid5_q: autoLog = True
41.2431 	EXP 	window1: recordFrameIntervals = False
43.3623 	DATA 	Keypress: equal
43.3652 	DATA 	Keypress: equal
43.3676 	DATA 	Keypress: equal
43.5718 	EXP 	vid1a_q: movie = 'stims/wedding-9.1a.mp4'
43.5718 	EXP 	vid1b_q: movie = 'stims/wedding-9.1b.mp4'
43.5718 	EXP 	vid2_q: movie = 'stims/wedding-9.2a.mp4'
43.5718 	EXP 	vid3_q: movie = 'stims/wedding-9.3a.mp4'
43.5718 	EXP 	vid4_q: movie = 'stims/wedding-9.4a.mp4'
43.5718 	EXP 	vid5_q: movie = 'stims/wedding-9.5.mp4'
43.5908 	EXP 	vid1a_q: autoDraw = True
44.3903 	DATA 	Keypress: equal
45.8904 	DATA 	Keypress: equal
47.3906 	DATA 	Keypress: equal
48.8901 	DATA 	Keypress: equal
50.3905 	DATA 	Keypress: equal
51.8903 	DATA 	Keypress: equal
53.3901 	DATA 	Keypress: equal
54.8906 	DATA 	Keypress: equal
56.3901 	DATA 	Keypress: equal
57.8904 	DATA 	Keypress: equal
57.9547 	EXP 	vid1a_q: autoDraw = False
57.9547 	EXP 	vid1b_q: autoDraw = True
59.3899 	DATA 	Keypress: equal
60.8904 	DATA 	Keypress: equal
62.3904 	DATA 	Keypress: equal
63.8899 	DATA 	Keypress: equal
65.3902 	DATA 	Keypress: equal
66.9083 	DATA 	Keypress: equal
66.9546 	EXP 	vid1b_q: autoDraw = False
66.9546 	EXP 	vid2_q: autoDraw = True
68.3900 	DATA 	Keypress: equal
69.8900 	DATA 	Keypress: equal
71.3902 	DATA 	Keypress: equal
72.8900 	DATA 	Keypress: equal
74.3901 	DATA 	Keypress: equal
75.8903 	DATA 	Keypress: equal
77.3902 	DATA 	Keypress: equal
78.8897 	DATA 	Keypress: equal
80.3898 	DATA 	Keypress: equal
81.8897 	DATA 	Keypress: equal
83.3902 	DATA 	Keypress: equal
83.9546 	EXP 	vid2_q: autoDraw = False
83.9546 	EXP 	l2q: autoDraw = True
84.8898 	DATA 	Keypress: equal
86.3898 	DATA 	Keypress: equal
87.8897 	DATA 	Keypress: equal
87.9546 	EXP 	l2q: autoDraw = False
87.9546 	EXP 	vid3_q: autoDraw = True
88.2306 	DATA 	Keypress: 2
89.3897 	DATA 	Keypress: equal
90.8897 	DATA 	Keypress: equal
92.3894 	DATA 	Keypress: equal
93.8896 	DATA 	Keypress: equal
95.3896 	DATA 	Keypress: equal
96.8898 	DATA 	Keypress: equal
98.3898 	DATA 	Keypress: equal
99.8900 	DATA 	Keypress: equal
101.3898 	DATA 	Keypress: equal
102.8897 	DATA 	Keypress: equal
104.3896 	DATA 	Keypress: equal
105.8896 	DATA 	Keypress: equal
107.3899 	DATA 	Keypress: equal
108.8896 	DATA 	Keypress: equal
110.3898 	DATA 	Keypress: equal
110.8709 	EXP 	Set vid3_q finished
110.9541 	EXP 	l3q: autoDraw = True
111.8892 	DATA 	Keypress: equal
112.9060 	DATA 	Keypress: 2
113.3894 	DATA 	Keypress: equal
114.8891 	DATA 	Keypress: equal
114.9542 	EXP 	l3q: autoDraw = False
114.9542 	EXP 	vid4_q: autoDraw = True
116.3895 	DATA 	Keypress: equal
117.8892 	DATA 	Keypress: equal
119.3893 	DATA 	Keypress: equal
120.8891 	DATA 	Keypress: equal
122.3892 	DATA 	Keypress: equal
123.8893 	DATA 	Keypress: equal
125.3894 	DATA 	Keypress: equal
126.8893 	DATA 	Keypress: equal
128.3895 	DATA 	Keypress: equal
129.8891 	DATA 	Keypress: equal
131.3891 	DATA 	Keypress: equal
132.8892 	DATA 	Keypress: equal
134.4171 	DATA 	Keypress: equal
135.8892 	DATA 	Keypress: equal
137.3893 	DATA 	Keypress: equal
138.8893 	DATA 	Keypress: equal
138.9539 	EXP 	vid4_q: autoDraw = False
138.9539 	EXP 	vid5_q: autoDraw = True
140.3890 	DATA 	Keypress: equal
141.8893 	DATA 	Keypress: equal
143.3890 	DATA 	Keypress: equal
144.8890 	DATA 	Keypress: equal
146.3891 	DATA 	Keypress: equal
147.8894 	DATA 	Keypress: equal
149.3891 	DATA 	Keypress: equal
150.8893 	DATA 	Keypress: equal
151.5037 	EXP 	Set vid5_q finished
151.6434 	EXP 	window1: recordFrameIntervals = False
151.6535 	EXP 	vid1a_q: autoDraw = False
151.6535 	EXP 	vid1b_q: autoDraw = False
151.6535 	EXP 	vid2_q: autoDraw = False
151.6535 	EXP 	l2q: autoDraw = False
151.6535 	EXP 	vid3_q: autoDraw = False
151.6535 	EXP 	l3q: autoDraw = False
151.6535 	EXP 	vid4_q: autoDraw = False
151.6535 	EXP 	vid5_q: autoDraw = False
151.8127 	EXP 	window1: recordFrameIntervals = False
153.4291 	DATA 	Keypress: equal
153.6537 	EXP 	eggPainting1: image = 'stimsday1details/newegg3.png'
153.6537 	EXP 	eggPainting2: image = 'stimsday1details/egg9.png'
153.6537 	EXP 	character1: image = 'stimsday1details/newperson3.png'
153.6537 	EXP 	character2: image = 'stimsday1details/couple9.png'
153.6537 	EXP 	gift1: image = 'stimsday1details/gift9.png'
153.6537 	EXP 	gift2: image = 'stimsday1details/new3.png'
153.6537 	EXP 	themeQ1: image = 'stimsday1details/t9.png'
153.6537 	EXP 	themeQ2: image = 'stimsday1details/ct9.png'
153.6537 	EXP 	nameQ1: image = 'stimsday1details/n9.png'
153.6537 	EXP 	nameQ2: image = 'stimsday1details/cn9.png'
153.6537 	EXP 	nameQ1: autoDraw = True
153.6537 	EXP 	nameQ2: autoDraw = True
153.8889 	DATA 	Keypress: equal
155.0889 	DATA 	Keypress: 1
155.3886 	DATA 	Keypress: equal
155.6370 	EXP 	nameQ1: autoDraw = False
155.6370 	EXP 	nameQ2: autoDraw = False
155.6370 	EXP 	nameQ1: autoDraw = False
155.6370 	EXP 	nameQ2: autoDraw = False
155.6370 	EXP 	eggPainting1: autoDraw = True
155.6370 	EXP 	eggPainting2: autoDraw = True
156.8890 	DATA 	Keypress: equal
157.6368 	EXP 	eggPainting1: autoDraw = False
157.6368 	EXP 	eggPainting2: autoDraw = False
157.6368 	EXP 	eggPainting1: autoDraw = False
157.6368 	EXP 	eggPainting2: autoDraw = False
157.6368 	EXP 	character1: autoDraw = True
157.6368 	EXP 	character2: autoDraw = True
158.3888 	DATA 	Keypress: equal
158.7722 	DATA 	Keypress: 2
159.6370 	EXP 	character1: autoDraw = False
159.6370 	EXP 	character2: autoDraw = False
159.6370 	EXP 	character1: autoDraw = False
159.6370 	EXP 	character2: autoDraw = False
159.6370 	EXP 	themeQ1: autoDraw = True
159.6370 	EXP 	themeQ2: autoDraw = True
159.8888 	DATA 	Keypress: equal
161.3395 	DATA 	Keypress: 1
161.3887 	DATA 	Keypress: equal
161.6369 	EXP 	themeQ1: autoDraw = False
161.6369 	EXP 	themeQ2: autoDraw = False
161.6369 	EXP 	themeQ1: autoDraw = False
161.6369 	EXP 	themeQ2: autoDraw = False
161.6369 	EXP 	gift1: autoDraw = True
161.6369 	EXP 	gift2: autoDraw = True
162.8888 	DATA 	Keypress: equal
163.3222 	DATA 	Keypress: 1
163.6368 	EXP 	gift1: autoDraw = False
163.6368 	EXP 	gift2: autoDraw = False
163.6368 	EXP 	gift1: autoDraw = False
163.6368 	EXP 	gift2: autoDraw = False
163.6368 	EXP 	northorsouth1: autoDraw = True
163.6368 	EXP 	northorsouth2: autoDraw = True
164.3886 	DATA 	Keypress: equal
164.4715 	DATA 	Keypress: 1
165.7958 	EXP 	New trial (rep=0, index=1): OrderedDict([('condsFile', 'videoBlock_schemaN_pathB_3.csv')])
165.8088 	EXP 	Imported videoBlock_schemaN_pathB_3.csv as conditions, 1 conditions, 17 params
165.8093 	EXP 	Created sequence: random, trialTypes=1, nReps=1, seed=None
165.8101 	EXP 	New trial (rep=0, index=0): OrderedDict([('northOrSouth', 'north.png'), ('stimFile1a', 'stims/wedding-11.1a.mp4'), ('stimFile1b', 'stims/wedding-11.1b.mp4'), ('stimFile2', 'stims/wedding-11.2b.mp4'), ('stimFile3', 'stims/wedding-11.3b.mp4'), ('stimFile4', 'stims/wedding-11.4b.mp4'), ('stimFile5', 'stims/wedding-11.5.mp4'), ('QeggPainting1', 'stimsday1details/painting11.png'), ('Qcharacter1', 'stimsday1details/couple11.png'), ('Qgift1', 'stimsday1details/gift11.png'), ('QeggPainting2', 'stimsday1details/newpainting3.png'), ('Qcharacter2', 'stimsday1details/newperson15.png'), ('Qgift2', 'stimsday1details/new15.png'), ('Qname1', 'stimsday1details/cn11.png'), ('Qtheme1', 'stimsday1details/ct11.png'), ('Qname2', 'stimsday1details/n11.png'), ('Qtheme2', 'stimsday1details/t11.png')])
165.8202 	EXP 	northorsouth1: autoDraw = False
165.8202 	EXP 	northorsouth2: autoDraw = False
165.8202 	EXP 	northorsouth1: autoDraw = False
165.8202 	EXP 	northorsouth2: autoDraw = False
165.8202 	EXP 	image_3: autoDraw = True
165.8887 	DATA 	Keypress: equal
167.3888 	DATA 	Keypress: equal
167.8051 	EXP 	Created sequence: random, trialTypes=1, nReps=1, seed=None
167.8053 	EXP 	New trial (rep=0, index=0): None
168.2053 	EXP 	Created vid1a = MovieStim3(__class__=<class 'psychopy.visual.movie3.MovieStim3'>, autoLog=True, color=UNKNOWN, colorSpace=UNKNOWN, depth=-1.0, filename='stims/wedding-11.1a.mp4', flipHoriz=False, flipVert=False, fps=UNKNOWN, interpolate=True, loop=False, name='vid1a', noAudio=False, opacity=1.0, ori=0, pos=array([0., 0.]), size=array([1280.,  720.]), units='pix', vframe_callback=UNKNOWN, volume=UNKNOWN, win=Window(...))
168.5483 	EXP 	Created vid1b = MovieStim3(__class__=<class 'psychopy.visual.movie3.MovieStim3'>, autoLog=True, color=UNKNOWN, colorSpace=UNKNOWN, depth=-2.0, filename='stims/wedding-11.1b.mp4', flipHoriz=False, flipVert=False, fps=UNKNOWN, interpolate=True, loop=False, name='vid1b', noAudio=False, opacity=1.0, ori=0, pos=array([0., 0.]), size=array([1280.,  720.]), units='pix', vframe_callback=UNKNOWN, volume=UNKNOWN, win=Window(...))
169.0205 	EXP 	Created vid2 = MovieStim3(__class__=<class 'psychopy.visual.movie3.MovieStim3'>, autoLog=True, color=UNKNOWN, colorSpace=UNKNOWN, depth=-3.0, filename='stims/wedding-11.2b.mp4', flipHoriz=False, flipVert=False, fps=UNKNOWN, interpolate=True, loop=False, name='vid2', noAudio=False, opacity=1.0, ori=0, pos=array([0., 0.]), size=array([1280.,  720.]), units='pix', vframe_callback=UNKNOWN, volume=UNKNOWN, win=Window(...))
169.5675 	EXP 	Created vid3 = MovieStim3(__class__=<class 'psychopy.visual.movie3.MovieStim3'>, autoLog=True, color=UNKNOWN, colorSpace=UNKNOWN, depth=-4.0, filename='stims/wedding-11.3b.mp4', flipHoriz=False, flipVert=False, fps=UNKNOWN, interpolate=True, loop=False, name='vid3', noAudio=False, opacity=1.0, ori=0, pos=array([0., 0.]), size=array([1280.,  720.]), units='pix', vframe_callback=UNKNOWN, volume=UNKNOWN, win=Window(...))
170.0981 	EXP 	Created vid4 = MovieStim3(__class__=<class 'psychopy.visual.movie3.MovieStim3'>, autoLog=True, color=UNKNOWN, colorSpace=UNKNOWN, depth=-5.0, filename='stims/wedding-11.4b.mp4', flipHoriz=False, flipVert=False, fps=UNKNOWN, interpolate=True, loop=False, name='vid4', noAudio=False, opacity=1.0, ori=0, pos=array([0., 0.]), size=array([1280.,  720.]), units='pix', vframe_callback=UNKNOWN, volume=UNKNOWN, win=Window(...))
170.5077 	EXP 	Created vid5 = MovieStim3(__class__=<class 'psychopy.visual.movie3.MovieStim3'>, autoLog=True, color=UNKNOWN, colorSpace=UNKNOWN, depth=-6.0, filename='stims/wedding-11.5.mp4', flipHoriz=False, flipVert=False, fps=UNKNOWN, interpolate=True, loop=False, name='vid5', noAudio=False, opacity=1.0, ori=0, pos=array([0., 0.]), size=array([1280.,  720.]), units='pix', vframe_callback=UNKNOWN, volume=UNKNOWN, win=Window(...))
170.6265 	EXP 	window1: recordFrameIntervals = False
170.6299 	DATA 	Keypress: equal
170.6322 	DATA 	Keypress: equal
170.6368 	EXP 	image_3: autoDraw = False
170.6368 	EXP 	image_3: autoDraw = False
170.6368 	EXP 	vid1a: movie = 'stims/wedding-11.1a.mp4'
170.6368 	EXP 	vid1a: autoLog = True
170.6368 	EXP 	vid1b: movie = 'stims/wedding-11.1b.mp4'
170.6368 	EXP 	vid1b: autoLog = True
170.6368 	EXP 	vid2: movie = 'stims/wedding-11.2b.mp4'
170.6368 	EXP 	vid2: autoLog = True
170.6368 	EXP 	vid3: movie = 'stims/wedding-11.3b.mp4'
170.6368 	EXP 	vid3: autoLog = True
170.6368 	EXP 	vid4: movie = 'stims/wedding-11.4b.mp4'
170.6368 	EXP 	vid4: autoLog = True
170.6368 	EXP 	vid5: movie = 'stims/wedding-11.5.mp4'
170.6368 	EXP 	vid5: autoLog = True
173.2742 	EXP 	window1: recordFrameIntervals = False
175.4144 	DATA 	Keypress: equal
175.4166 	DATA 	Keypress: equal
175.4186 	DATA 	Keypress: equal
175.6225 	EXP 	vid1a: movie = 'stims/wedding-11.1a.mp4'
175.6225 	EXP 	vid1b: movie = 'stims/wedding-11.1b.mp4'
175.6225 	EXP 	vid2: movie = 'stims/wedding-11.2b.mp4'
175.6225 	EXP 	vid3: movie = 'stims/wedding-11.3b.mp4'
175.6225 	EXP 	vid4: movie = 'stims/wedding-11.4b.mp4'
175.6225 	EXP 	vid5: movie = 'stims/wedding-11.5.mp4'
175.6366 	EXP 	vid1a: autoDraw = True
176.3805 	DATA 	Keypress: equal
177.8892 	DATA 	Keypress: equal
179.3887 	DATA 	Keypress: equal
180.9107 	DATA 	Keypress: equal
182.3889 	DATA 	Keypress: equal
183.8888 	DATA 	Keypress: equal
185.3885 	DATA 	Keypress: equal
186.8884 	DATA 	Keypress: equal
188.3888 	DATA 	Keypress: equal
189.8197 	EXP 	vid1a: autoDraw = False
189.8364 	EXP 	vid1b: autoDraw = True
189.8885 	DATA 	Keypress: equal
191.3890 	DATA 	Keypress: equal
192.8885 	DATA 	Keypress: equal
194.3886 	DATA 	Keypress: equal
195.8802 	DATA 	Keypress: equal
197.3800 	DATA 	Keypress: equal
198.2365 	EXP 	Set vid1b finished
198.8364 	EXP 	vid2: autoDraw = True
198.8885 	DATA 	Keypress: equal
200.3793 	DATA 	Keypress: equal
201.8884 	DATA 	Keypress: equal
203.3882 	DATA 	Keypress: equal
204.8803 	DATA 	Keypress: equal
206.3883 	DATA 	Keypress: equal
207.8881 	DATA 	Keypress: equal
209.4156 	DATA 	Keypress: equal
210.8882 	DATA 	Keypress: equal
212.3881 	DATA 	Keypress: equal
213.8883 	DATA 	Keypress: equal
215.3879 	DATA 	Keypress: equal
215.7363 	EXP 	Set vid2 finished
215.8361 	EXP 	vid3: autoDraw = True
216.8882 	DATA 	Keypress: equal
218.3801 	DATA 	Keypress: equal
219.8794 	DATA 	Keypress: equal
221.3794 	DATA 	Keypress: equal
222.8796 	DATA 	Keypress: equal
224.3787 	DATA 	Keypress: equal
225.8879 	DATA 	Keypress: equal
227.3881 	DATA 	Keypress: equal
228.8879 	DATA 	Keypress: equal
230.3882 	DATA 	Keypress: equal
231.8878 	DATA 	Keypress: equal
233.3879 	DATA 	Keypress: equal
234.8877 	DATA 	Keypress: equal
236.3882 	DATA 	Keypress: equal
237.8880 	DATA 	Keypress: equal
238.8191 	EXP 	vid3: autoDraw = False
238.8362 	EXP 	vid4: autoDraw = True
239.3797 	DATA 	Keypress: equal
240.8821 	DATA 	Keypress: equal
242.3786 	DATA 	Keypress: equal
243.8792 	DATA 	Keypress: equal
245.3798 	DATA 	Keypress: equal
246.8793 	DATA 	Keypress: equal
248.3876 	DATA 	Keypress: equal
249.8881 	DATA 	Keypress: equal
251.3879 	DATA 	Keypress: equal
252.8875 	DATA 	Keypress: equal
254.3878 	DATA 	Keypress: equal
255.8878 	DATA 	Keypress: equal
257.3878 	DATA 	Keypress: equal
258.8874 	DATA 	Keypress: equal
260.3875 	DATA 	Keypress: equal
261.8877 	DATA 	Keypress: equal
262.0857 	EXP 	Set vid4 finished
262.8357 	EXP 	vid5: autoDraw = True
263.3782 	DATA 	Keypress: equal
264.8794 	DATA 	Keypress: equal
266.3796 	DATA 	Keypress: equal
267.8786 	DATA 	Keypress: equal
269.3779 	DATA 	Keypress: equal
270.8785 	DATA 	Keypress: equal
272.3873 	DATA 	Keypress: equal
273.8876 	DATA 	Keypress: equal
275.3876 	DATA 	Keypress: equal
275.9319 	EXP 	Created sequence: random, trialTypes=1, nReps=1, seed=None
275.9322 	EXP 	New trial (rep=0, index=0): None
276.3364 	EXP 	Created vid1a_q = MovieStim3(__class__=<class 'psychopy.visual.movie3.MovieStim3'>, autoLog=True, color=UNKNOWN, colorSpace=UNKNOWN, depth=-1.0, filename='stims/wedding-11.1a.mp4', flipHoriz=False, flipVert=False, fps=UNKNOWN, interpolate=True, loop=False, name='vid1a_q', noAudio=False, opacity=1.0, ori=0, pos=array([0., 0.]), size=array([1280.,  720.]), units='pix', vframe_callback=UNKNOWN, volume=UNKNOWN, win=Window(...))
276.6730 	EXP 	Created vid1b_q = MovieStim3(__class__=<class 'psychopy.visual.movie3.MovieStim3'>, autoLog=True, color=UNKNOWN, colorSpace=UNKNOWN, depth=-2.0, filename='stims/wedding-11.1b.mp4', flipHoriz=False, flipVert=False, fps=UNKNOWN, interpolate=True, loop=False, name='vid1b_q', noAudio=False, opacity=1.0, ori=0, pos=array([0., 0.]), size=array([1280.,  720.]), units='pix', vframe_callback=UNKNOWN, volume=UNKNOWN, win=Window(...))
277.1289 	EXP 	Created vid2_q = MovieStim3(__class__=<class 'psychopy.visual.movie3.MovieStim3'>, autoLog=True, color=UNKNOWN, colorSpace=UNKNOWN, depth=-3.0, filename='stims/wedding-11.2b.mp4', flipHoriz=False, flipVert=False, fps=UNKNOWN, interpolate=True, loop=False, name='vid2_q', noAudio=False, opacity=1.0, ori=0, pos=array([0., 0.]), size=array([1280.,  720.]), units='pix', vframe_callback=UNKNOWN, volume=UNKNOWN, win=Window(...))
277.6529 	EXP 	Created vid3_q = MovieStim3(__class__=<class 'psychopy.visual.movie3.MovieStim3'>, autoLog=True, color=UNKNOWN, colorSpace=UNKNOWN, depth=-5.0, filename='stims/wedding-11.3b.mp4', flipHoriz=False, flipVert=False, fps=UNKNOWN, interpolate=True, loop=False, name='vid3_q', noAudio=False, opacity=1.0, ori=0, pos=array([0., 0.]), size=array([1280.,  720.]), units='pix', vframe_callback=UNKNOWN, volume=UNKNOWN, win=Window(...))
278.1599 	EXP 	Created vid4_q = MovieStim3(__class__=<class 'psychopy.visual.movie3.MovieStim3'>, autoLog=True, color=UNKNOWN, colorSpace=UNKNOWN, depth=-7.0, filename='stims/wedding-11.4b.mp4', flipHoriz=False, flipVert=False, fps=UNKNOWN, interpolate=True, loop=False, name='vid4_q', noAudio=False, opacity=1.0, ori=0, pos=array([0., 0.]), size=array([1280.,  720.]), units='pix', vframe_callback=UNKNOWN, volume=UNKNOWN, win=Window(...))
278.5569 	EXP 	Created vid5_q = MovieStim3(__class__=<class 'psychopy.visual.movie3.MovieStim3'>, autoLog=True, color=UNKNOWN, colorSpace=UNKNOWN, depth=-8.0, filename='stims/wedding-11.5.mp4', flipHoriz=False, flipVert=False, fps=UNKNOWN, interpolate=True, loop=False, name='vid5_q', noAudio=False, opacity=1.0, ori=0, pos=array([0., 0.]), size=array([1280.,  720.]), units='pix', vframe_callback=UNKNOWN, volume=UNKNOWN, win=Window(...))
278.7599 	EXP 	window1: recordFrameIntervals = False
278.7630 	DATA 	Keypress: equal
278.7652 	DATA 	Keypress: equal
278.7855 	EXP 	vid5: autoDraw = False
278.7855 	EXP 	vid1a: autoDraw = False
278.7855 	EXP 	vid1b: autoDraw = False
278.7855 	EXP 	vid2: autoDraw = False
278.7855 	EXP 	vid3: autoDraw = False
278.7855 	EXP 	vid4: autoDraw = False
278.7855 	EXP 	vid5: autoDraw = False
278.7855 	EXP 	vid1a_q: movie = 'stims/wedding-11.1a.mp4'
278.7855 	EXP 	vid1a_q: autoLog = True
278.7855 	EXP 	vid1b_q: movie = 'stims/wedding-11.1b.mp4'
278.7855 	EXP 	vid1b_q: autoLog = True
278.7855 	EXP 	vid2_q: movie = 'stims/wedding-11.2b.mp4'
278.7855 	EXP 	vid2_q: autoLog = True
278.7855 	EXP 	vid3_q: movie = 'stims/wedding-11.3b.mp4'
278.7855 	EXP 	vid3_q: autoLog = True
278.7855 	EXP 	vid4_q: movie = 'stims/wedding-11.4b.mp4'
278.7855 	EXP 	vid4_q: autoLog = True
278.7855 	EXP 	vid5_q: movie = 'stims/wedding-11.5.mp4'
278.7855 	EXP 	vid5_q: autoLog = True
278.7855 	EXP 	vid1a_q: autoDraw = False
278.7855 	EXP 	vid1b_q: autoDraw = False
278.7855 	EXP 	vid2_q: autoDraw = False
278.7855 	EXP 	l2q: autoDraw = False
278.7855 	EXP 	vid3_q: autoDraw = False
278.7855 	EXP 	l3q: autoDraw = False
278.7855 	EXP 	vid4_q: autoDraw = False
278.7855 	EXP 	vid5_q: autoDraw = False
279.0825 	EXP 	window1: recordFrameIntervals = False
280.5468 	DATA 	Keypress: equal
280.7688 	EXP 	eggPainting1: image = 'stimsday1details/painting11.png'
280.7688 	EXP 	eggPainting2: image = 'stimsday1details/newpainting3.png'
280.7688 	EXP 	character1: image = 'stimsday1details/couple11.png'
280.7688 	EXP 	character2: image = 'stimsday1details/newperson15.png'
280.7688 	EXP 	gift1: image = 'stimsday1details/gift11.png'
280.7688 	EXP 	gift2: image = 'stimsday1details/new15.png'
280.7688 	EXP 	themeQ1: image = 'stimsday1details/ct11.png'
280.7688 	EXP 	themeQ2: image = 'stimsday1details/t11.png'
280.7688 	EXP 	nameQ1: image = 'stimsday1details/cn11.png'
280.7688 	EXP 	nameQ2: image = 'stimsday1details/n11.png'
280.7688 	EXP 	nameQ1: autoDraw = True
280.7688 	EXP 	nameQ2: autoDraw = True
281.3872 	DATA 	Keypress: equal
281.9037 	DATA 	Keypress: 2
282.7521 	EXP 	nameQ1: autoDraw = False
282.7521 	EXP 	nameQ2: autoDraw = False
282.7521 	EXP 	nameQ1: autoDraw = False
282.7521 	EXP 	nameQ2: autoDraw = False
282.7521 	EXP 	eggPainting1: autoDraw = True
282.7521 	EXP 	eggPainting2: autoDraw = True
282.8872 	DATA 	Keypress: equal
284.1871 	DATA 	Keypress: 1
284.3877 	DATA 	Keypress: equal
284.7518 	EXP 	eggPainting1: autoDraw = False
284.7518 	EXP 	eggPainting2: autoDraw = False
284.7518 	EXP 	eggPainting1: autoDraw = False
284.7518 	EXP 	eggPainting2: autoDraw = False
284.7518 	EXP 	character1: autoDraw = True
284.7518 	EXP 	character2: autoDraw = True
285.8872 	DATA 	Keypress: equal
286.1036 	DATA 	Keypress: 1
286.7521 	EXP 	character1: autoDraw = False
286.7521 	EXP 	character2: autoDraw = False
286.7521 	EXP 	character1: autoDraw = False
286.7521 	EXP 	character2: autoDraw = False
286.7521 	EXP 	themeQ1: autoDraw = True
286.7521 	EXP 	themeQ2: autoDraw = True
287.3870 	DATA 	Keypress: equal
287.9706 	DATA 	Keypress: 2
288.7518 	EXP 	themeQ1: autoDraw = False
288.7518 	EXP 	themeQ2: autoDraw = False
288.7518 	EXP 	themeQ1: autoDraw = False
288.7518 	EXP 	themeQ2: autoDraw = False
288.7518 	EXP 	gift1: autoDraw = True
288.7518 	EXP 	gift2: autoDraw = True
288.8870 	DATA 	Keypress: equal
289.6537 	DATA 	Keypress: 1
290.3871 	DATA 	Keypress: equal
290.7518 	EXP 	gift1: autoDraw = False
290.7518 	EXP 	gift2: autoDraw = False
290.7518 	EXP 	gift1: autoDraw = False
290.7518 	EXP 	gift2: autoDraw = False
290.7518 	EXP 	northorsouth1: autoDraw = True
290.7518 	EXP 	northorsouth2: autoDraw = True
291.5869 	DATA 	Keypress: 1
291.8872 	DATA 	Keypress: equal
292.9435 	EXP 	New trial (rep=0, index=2): OrderedDict([('condsFile', 'videoBlock_schemaN_pathB_2.csv')])
292.9563 	EXP 	Imported videoBlock_schemaN_pathB_2.csv as conditions, 1 conditions, 17 params
292.9568 	EXP 	Created sequence: random, trialTypes=1, nReps=1, seed=None
292.9575 	EXP 	New trial (rep=0, index=0): OrderedDict([('northOrSouth', 'north.png'), ('stimFile1a', 'stims/wedding-8.1a.mp4'), ('stimFile1b', 'stims/wedding-8.1b.mp4'), ('stimFile2', 'stims/wedding-8.2b.mp4'), ('stimFile3', 'stims/wedding-8.3b.mp4'), ('stimFile4', 'stims/wedding-8.4b.mp4'), ('stimFile5', 'stims/wedding-8.5.mp4'), ('QeggPainting1', 'stimsday1details/newpainting2.png'), ('Qcharacter1', 'stimsday1details/newperson14.png'), ('Qgift1', 'stimsday1details/new14.png'), ('QeggPainting2', 'stimsday1details/painting8.png'), ('Qcharacter2', 'stimsday1details/couple8.png'), ('Qgift2', 'stimsday1details/gift8.png'), ('Qname1', 'stimsday1details/n8.png'), ('Qtheme1', 'stimsday1details/t8.png'), ('Qname2', 'stimsday1details/cn8.png'), ('Qtheme2', 'stimsday1details/ct8.png')])
292.9684 	EXP 	northorsouth1: autoDraw = False
292.9684 	EXP 	northorsouth2: autoDraw = False
292.9684 	EXP 	northorsouth1: autoDraw = False
292.9684 	EXP 	northorsouth2: autoDraw = False
292.9684 	EXP 	image_3: autoDraw = True
293.3871 	DATA 	Keypress: equal
294.8869 	DATA 	Keypress: equal
294.9532 	EXP 	Created sequence: random, trialTypes=1, nReps=1, seed=None
294.9535 	EXP 	New trial (rep=0, index=0): None
295.3862 	EXP 	Created vid1a = MovieStim3(__class__=<class 'psychopy.visual.movie3.MovieStim3'>, autoLog=True, color=UNKNOWN, colorSpace=UNKNOWN, depth=-1.0, filename='stims/wedding-8.1a.mp4', flipHoriz=False, flipVert=False, fps=UNKNOWN, interpolate=True, loop=False, name='vid1a', noAudio=False, opacity=1.0, ori=0, pos=array([0., 0.]), size=array([1280.,  720.]), units='pix', vframe_callback=UNKNOWN, volume=UNKNOWN, win=Window(...))
295.7965 	EXP 	Created vid1b = MovieStim3(__class__=<class 'psychopy.visual.movie3.MovieStim3'>, autoLog=True, color=UNKNOWN, colorSpace=UNKNOWN, depth=-2.0, filename='stims/wedding-8.1b.mp4', flipHoriz=False, flipVert=False, fps=UNKNOWN, interpolate=True, loop=False, name='vid1b', noAudio=False, opacity=1.0, ori=0, pos=array([0., 0.]), size=array([1280.,  720.]), units='pix', vframe_callback=UNKNOWN, volume=UNKNOWN, win=Window(...))
296.3047 	EXP 	Created vid2 = MovieStim3(__class__=<class 'psychopy.visual.movie3.MovieStim3'>, autoLog=True, color=UNKNOWN, colorSpace=UNKNOWN, depth=-3.0, filename='stims/wedding-8.2b.mp4', flipHoriz=False, flipVert=False, fps=UNKNOWN, interpolate=True, loop=False, name='vid2', noAudio=False, opacity=1.0, ori=0, pos=array([0., 0.]), size=array([1280.,  720.]), units='pix', vframe_callback=UNKNOWN, volume=UNKNOWN, win=Window(...))
296.8960 	EXP 	Created vid3 = MovieStim3(__class__=<class 'psychopy.visual.movie3.MovieStim3'>, autoLog=True, color=UNKNOWN, colorSpace=UNKNOWN, depth=-4.0, filename='stims/wedding-8.3b.mp4', flipHoriz=False, flipVert=False, fps=UNKNOWN, interpolate=True, loop=False, name='vid3', noAudio=False, opacity=1.0, ori=0, pos=array([0., 0.]), size=array([1280.,  720.]), units='pix', vframe_callback=UNKNOWN, volume=UNKNOWN, win=Window(...))
297.3755 	EXP 	Created vid4 = MovieStim3(__class__=<class 'psychopy.visual.movie3.MovieStim3'>, autoLog=True, color=UNKNOWN, colorSpace=UNKNOWN, depth=-5.0, filename='stims/wedding-8.4b.mp4', flipHoriz=False, flipVert=False, fps=UNKNOWN, interpolate=True, loop=False, name='vid4', noAudio=False, opacity=1.0, ori=0, pos=array([0., 0.]), size=array([1280.,  720.]), units='pix', vframe_callback=UNKNOWN, volume=UNKNOWN, win=Window(...))
297.7930 	EXP 	Created vid5 = MovieStim3(__class__=<class 'psychopy.visual.movie3.MovieStim3'>, autoLog=True, color=UNKNOWN, colorSpace=UNKNOWN, depth=-6.0, filename='stims/wedding-8.5.mp4', flipHoriz=False, flipVert=False, fps=UNKNOWN, interpolate=True, loop=False, name='vid5', noAudio=False, opacity=1.0, ori=0, pos=array([0., 0.]), size=array([1280.,  720.]), units='pix', vframe_callback=UNKNOWN, volume=UNKNOWN, win=Window(...))
297.8770 	EXP 	window1: recordFrameIntervals = False
297.8804 	DATA 	Keypress: equal
297.8829 	DATA 	Keypress: equal
297.9018 	EXP 	image_3: autoDraw = False
297.9018 	EXP 	image_3: autoDraw = False
297.9018 	EXP 	vid1a: movie = 'stims/wedding-8.1a.mp4'
297.9018 	EXP 	vid1a: autoLog = True
297.9018 	EXP 	vid1b: movie = 'stims/wedding-8.1b.mp4'
297.9018 	EXP 	vid1b: autoLog = True
297.9018 	EXP 	vid2: movie = 'stims/wedding-8.2b.mp4'
297.9018 	EXP 	vid2: autoLog = True
297.9018 	EXP 	vid3: movie = 'stims/wedding-8.3b.mp4'
297.9018 	EXP 	vid3: autoLog = True
297.9018 	EXP 	vid4: movie = 'stims/wedding-8.4b.mp4'
297.9018 	EXP 	vid4: autoLog = True
297.9018 	EXP 	vid5: movie = 'stims/wedding-8.5.mp4'
297.9018 	EXP 	vid5: autoLog = True
300.5877 	EXP 	window1: recordFrameIntervals = False
302.6663 	DATA 	Keypress: equal
302.6687 	DATA 	Keypress: equal
302.6708 	DATA 	Keypress: equal
302.8730 	EXP 	vid1a: movie = 'stims/wedding-8.1a.mp4'
302.8730 	EXP 	vid1b: movie = 'stims/wedding-8.1b.mp4'
302.8730 	EXP 	vid2: movie = 'stims/wedding-8.2b.mp4'
302.8730 	EXP 	vid3: movie = 'stims/wedding-8.3b.mp4'
302.8730 	EXP 	vid4: movie = 'stims/wedding-8.4b.mp4'
302.8730 	EXP 	vid5: movie = 'stims/wedding-8.5.mp4'
302.8853 	EXP 	vid1a: autoDraw = True
303.8871 	DATA 	Keypress: equal
305.3869 	DATA 	Keypress: equal
306.8873 	DATA 	Keypress: equal
308.3783 	DATA 	Keypress: equal
309.8786 	DATA 	Keypress: equal
311.3782 	DATA 	Keypress: equal
312.8779 	DATA 	Keypress: equal
314.3771 	DATA 	Keypress: equal
315.8772 	DATA 	Keypress: equal
316.9683 	EXP 	vid1a: autoDraw = False
316.9848 	EXP 	vid1b: autoDraw = True
317.3868 	DATA 	Keypress: equal
318.8870 	DATA 	Keypress: equal
320.3869 	DATA 	Keypress: equal
321.8870 	DATA 	Keypress: equal
323.3868 	DATA 	Keypress: equal
324.8866 	DATA 	Keypress: equal
325.9682 	EXP 	vid1b: autoDraw = False
325.9846 	EXP 	vid2: autoDraw = True
326.3869 	DATA 	Keypress: equal
327.8864 	DATA 	Keypress: equal
329.3871 	DATA 	Keypress: equal
330.8871 	DATA 	Keypress: equal
332.3872 	DATA 	Keypress: equal
333.8865 	DATA 	Keypress: equal
335.3766 	DATA 	Keypress: equal
336.8773 	DATA 	Keypress: equal
338.3758 	DATA 	Keypress: equal
339.8776 	DATA 	Keypress: equal
341.3778 	DATA 	Keypress: equal
342.5680 	EXP 	Set vid2 finished
342.8867 	DATA 	Keypress: equal
342.9847 	EXP 	vid3: autoDraw = True
344.3865 	DATA 	Keypress: equal
345.8868 	DATA 	Keypress: equal
347.3869 	DATA 	Keypress: equal
348.8870 	DATA 	Keypress: equal
350.3864 	DATA 	Keypress: equal
351.8759 	DATA 	Keypress: equal
353.3788 	DATA 	Keypress: equal
354.8761 	DATA 	Keypress: equal
356.3769 	DATA 	Keypress: equal
357.8761 	DATA 	Keypress: equal
359.3767 	DATA 	Keypress: equal
360.8764 	DATA 	Keypress: equal
362.3770 	DATA 	Keypress: equal
363.8759 	DATA 	Keypress: equal
365.3769 	DATA 	Keypress: equal
365.9343 	EXP 	Set vid3 finished
365.9844 	EXP 	vid4: autoDraw = True
366.9133 	DATA 	Keypress: equal
368.3859 	DATA 	Keypress: equal
369.8862 	DATA 	Keypress: equal
371.3861 	DATA 	Keypress: equal
372.8862 	DATA 	Keypress: equal
374.3866 	DATA 	Keypress: equal
375.8773 	DATA 	Keypress: equal
377.3777 	DATA 	Keypress: equal
378.8775 	DATA 	Keypress: equal
380.3765 	DATA 	Keypress: equal
381.8770 	DATA 	Keypress: equal
383.3775 	DATA 	Keypress: equal
384.8766 	DATA 	Keypress: equal
386.3776 	DATA 	Keypress: equal
387.8756 	DATA 	Keypress: equal
389.1008 	EXP 	Set vid4 finished
389.3859 	DATA 	Keypress: equal
389.9841 	EXP 	vid5: autoDraw = True
390.8858 	DATA 	Keypress: equal
392.3863 	DATA 	Keypress: equal
393.8862 	DATA 	Keypress: equal
395.3860 	DATA 	Keypress: equal
396.8859 	DATA 	Keypress: equal
398.3859 	DATA 	Keypress: equal
399.8776 	DATA 	Keypress: equal
401.3773 	DATA 	Keypress: equal
402.2671 	EXP 	Set vid5 finished
402.3978 	EXP 	Created sequence: random, trialTypes=1, nReps=1, seed=None
402.3981 	EXP 	New trial (rep=0, index=0): None
402.8096 	EXP 	Created vid1a_q = MovieStim3(__class__=<class 'psychopy.visual.movie3.MovieStim3'>, autoLog=True, color=UNKNOWN, colorSpace=UNKNOWN, depth=-1.0, filename='stims/wedding-8.1a.mp4', flipHoriz=False, flipVert=False, fps=UNKNOWN, interpolate=True, loop=False, name='vid1a_q', noAudio=False, opacity=1.0, ori=0, pos=array([0., 0.]), size=array([1280.,  720.]), units='pix', vframe_callback=UNKNOWN, volume=UNKNOWN, win=Window(...))
403.1916 	EXP 	Created vid1b_q = MovieStim3(__class__=<class 'psychopy.visual.movie3.MovieStim3'>, autoLog=True, color=UNKNOWN, colorSpace=UNKNOWN, depth=-2.0, filename='stims/wedding-8.1b.mp4', flipHoriz=False, flipVert=False, fps=UNKNOWN, interpolate=True, loop=False, name='vid1b_q', noAudio=False, opacity=1.0, ori=0, pos=array([0., 0.]), size=array([1280.,  720.]), units='pix', vframe_callback=UNKNOWN, volume=UNKNOWN, win=Window(...))
403.6429 	EXP 	Created vid2_q = MovieStim3(__class__=<class 'psychopy.visual.movie3.MovieStim3'>, autoLog=True, color=UNKNOWN, colorSpace=UNKNOWN, depth=-3.0, filename='stims/wedding-8.2b.mp4', flipHoriz=False, flipVert=False, fps=UNKNOWN, interpolate=True, loop=False, name='vid2_q', noAudio=False, opacity=1.0, ori=0, pos=array([0., 0.]), size=array([1280.,  720.]), units='pix', vframe_callback=UNKNOWN, volume=UNKNOWN, win=Window(...))
404.1639 	EXP 	Created vid3_q = MovieStim3(__class__=<class 'psychopy.visual.movie3.MovieStim3'>, autoLog=True, color=UNKNOWN, colorSpace=UNKNOWN, depth=-5.0, filename='stims/wedding-8.3b.mp4', flipHoriz=False, flipVert=False, fps=UNKNOWN, interpolate=True, loop=False, name='vid3_q', noAudio=False, opacity=1.0, ori=0, pos=array([0., 0.]), size=array([1280.,  720.]), units='pix', vframe_callback=UNKNOWN, volume=UNKNOWN, win=Window(...))
404.6266 	EXP 	Created vid4_q = MovieStim3(__class__=<class 'psychopy.visual.movie3.MovieStim3'>, autoLog=True, color=UNKNOWN, colorSpace=UNKNOWN, depth=-7.0, filename='stims/wedding-8.4b.mp4', flipHoriz=False, flipVert=False, fps=UNKNOWN, interpolate=True, loop=False, name='vid4_q', noAudio=False, opacity=1.0, ori=0, pos=array([0., 0.]), size=array([1280.,  720.]), units='pix', vframe_callback=UNKNOWN, volume=UNKNOWN, win=Window(...))
405.0105 	EXP 	Created vid5_q = MovieStim3(__class__=<class 'psychopy.visual.movie3.MovieStim3'>, autoLog=True, color=UNKNOWN, colorSpace=UNKNOWN, depth=-8.0, filename='stims/wedding-8.5.mp4', flipHoriz=False, flipVert=False, fps=UNKNOWN, interpolate=True, loop=False, name='vid5_q', noAudio=False, opacity=1.0, ori=0, pos=array([0., 0.]), size=array([1280.,  720.]), units='pix', vframe_callback=UNKNOWN, volume=UNKNOWN, win=Window(...))
405.2617 	EXP 	window1: recordFrameIntervals = False
405.2647 	DATA 	Keypress: equal
405.2669 	DATA 	Keypress: equal
405.2840 	EXP 	vid1a: autoDraw = False
405.2840 	EXP 	vid1b: autoDraw = False
405.2840 	EXP 	vid2: autoDraw = False
405.2840 	EXP 	vid3: autoDraw = False
405.2840 	EXP 	vid4: autoDraw = False
405.2840 	EXP 	vid5: autoDraw = False
405.2840 	EXP 	vid1a_q: movie = 'stims/wedding-8.1a.mp4'
405.2840 	EXP 	vid1a_q: autoLog = True
405.2840 	EXP 	vid1b_q: movie = 'stims/wedding-8.1b.mp4'
405.2840 	EXP 	vid1b_q: autoLog = True
405.2840 	EXP 	vid2_q: movie = 'stims/wedding-8.2b.mp4'
405.2840 	EXP 	vid2_q: autoLog = True
405.2840 	EXP 	vid3_q: movie = 'stims/wedding-8.3b.mp4'
405.2840 	EXP 	vid3_q: autoLog = True
405.2840 	EXP 	vid4_q: movie = 'stims/wedding-8.4b.mp4'
405.2840 	EXP 	vid4_q: autoLog = True
405.2840 	EXP 	vid5_q: movie = 'stims/wedding-8.5.mp4'
405.2840 	EXP 	vid5_q: autoLog = True
405.2840 	EXP 	vid1a_q: autoDraw = False
405.2840 	EXP 	vid1b_q: autoDraw = False
405.2840 	EXP 	vid2_q: autoDraw = False
405.2840 	EXP 	l2q: autoDraw = False
405.2840 	EXP 	vid3_q: autoDraw = False
405.2840 	EXP 	l3q: autoDraw = False
405.2840 	EXP 	vid4_q: autoDraw = False
405.2840 	EXP 	vid5_q: autoDraw = False
405.5479 	EXP 	window1: recordFrameIntervals = False
407.0474 	DATA 	Keypress: equal
407.2838 	EXP 	eggPainting1: image = 'stimsday1details/newpainting2.png'
407.2838 	EXP 	eggPainting2: image = 'stimsday1details/painting8.png'
407.2838 	EXP 	character1: image = 'stimsday1details/newperson14.png'
407.2838 	EXP 	character2: image = 'stimsday1details/couple8.png'
407.2838 	EXP 	gift1: image = 'stimsday1details/new14.png'
407.2838 	EXP 	gift2: image = 'stimsday1details/gift8.png'
407.2838 	EXP 	themeQ1: image = 'stimsday1details/t8.png'
407.2838 	EXP 	themeQ2: image = 'stimsday1details/ct8.png'
407.2838 	EXP 	nameQ1: image = 'stimsday1details/n8.png'
407.2838 	EXP 	nameQ2: image = 'stimsday1details/cn8.png'
407.2838 	EXP 	nameQ1: autoDraw = True
407.2838 	EXP 	nameQ2: autoDraw = True
407.3858 	DATA 	Keypress: equal
408.8522 	DATA 	Keypress: 1
408.8852 	DATA 	Keypress: equal
409.2670 	EXP 	nameQ1: autoDraw = False
409.2670 	EXP 	nameQ2: autoDraw = False
409.2670 	EXP 	nameQ1: autoDraw = False
409.2670 	EXP 	nameQ2: autoDraw = False
409.2670 	EXP 	eggPainting1: autoDraw = True
409.2670 	EXP 	eggPainting2: autoDraw = True
410.2524 	DATA 	Keypress: 2
410.3854 	DATA 	Keypress: equal
411.2671 	EXP 	eggPainting1: autoDraw = False
411.2671 	EXP 	eggPainting2: autoDraw = False
411.2671 	EXP 	eggPainting1: autoDraw = False
411.2671 	EXP 	eggPainting2: autoDraw = False
411.2671 	EXP 	character1: autoDraw = True
411.2671 	EXP 	character2: autoDraw = True
411.8854 	DATA 	Keypress: equal
412.4532 	DATA 	Keypress: 2
413.2671 	EXP 	character1: autoDraw = False
413.2671 	EXP 	character2: autoDraw = False
413.2671 	EXP 	character1: autoDraw = False
413.2671 	EXP 	character2: autoDraw = False
413.2671 	EXP 	themeQ1: autoDraw = True
413.2671 	EXP 	themeQ2: autoDraw = True
413.3855 	DATA 	Keypress: equal
414.2852 	DATA 	Keypress: 1
414.8857 	DATA 	Keypress: equal
415.2669 	EXP 	themeQ1: autoDraw = False
415.2669 	EXP 	themeQ2: autoDraw = False
415.2669 	EXP 	themeQ1: autoDraw = False
415.2669 	EXP 	themeQ2: autoDraw = False
415.2669 	EXP 	gift1: autoDraw = True
415.2669 	EXP 	gift2: autoDraw = True
416.2522 	DATA 	Keypress: 2
416.3852 	DATA 	Keypress: equal
417.2671 	EXP 	gift1: autoDraw = False
417.2671 	EXP 	gift2: autoDraw = False
417.2671 	EXP 	gift1: autoDraw = False
417.2671 	EXP 	gift2: autoDraw = False
417.2671 	EXP 	northorsouth1: autoDraw = True
417.2671 	EXP 	northorsouth2: autoDraw = True
417.8852 	DATA 	Keypress: equal
418.2850 	DATA 	Keypress: 1
419.4879 	EXP 	New trial (rep=0, index=3): OrderedDict([('condsFile', 'videoBlock_schemaN_pathB_1.csv')])
419.5007 	EXP 	Imported videoBlock_schemaN_pathB_1.csv as conditions, 1 conditions, 17 params
419.5011 	EXP 	Created sequence: random, trialTypes=1, nReps=1, seed=None
419.5018 	EXP 	New trial (rep=0, index=0): OrderedDict([('northOrSouth', 'north.png'), ('stimFile1a', 'stims/wedding-4.1a.mp4'), ('stimFile1b', 'stims/wedding-4.1b.mp4'), ('stimFile2', 'stims/wedding-4.2b.mp4'), ('stimFile3', 'stims/wedding-4.3b.mp4'), ('stimFile4', 'stims/wedding-4.4b.mp4'), ('stimFile5', 'stims/wedding-4.5.mp4'), ('QeggPainting1', 'stimsday1details/newpainting1.png'), ('Qcharacter1', 'stimsday1details/newperson13.png'), ('Qgift1', 'stimsday1details/gift4.png'), ('QeggPainting2', 'stimsday1details/painting4.png'), ('Qcharacter2', 'stimsday1details/couple4.png'), ('Qgift2', 'stimsday1details/new13.png'), ('Qname1', 'stimsday1details/n4.png'), ('Qtheme1', 'stimsday1details/ct4.png'), ('Qname2', 'stimsday1details/cn4.png'), ('Qtheme2', 'stimsday1details/t4.png')])
419.5044 	DATA 	Keypress: equal
419.5170 	EXP 	northorsouth1: autoDraw = False
419.5170 	EXP 	northorsouth2: autoDraw = False
419.5170 	EXP 	northorsouth1: autoDraw = False
419.5170 	EXP 	northorsouth2: autoDraw = False
419.5170 	EXP 	image_3: autoDraw = True
420.8855 	DATA 	Keypress: equal
421.5016 	EXP 	Created sequence: random, trialTypes=1, nReps=1, seed=None
421.5018 	EXP 	New trial (rep=0, index=0): None
421.9198 	EXP 	Created vid1a = MovieStim3(__class__=<class 'psychopy.visual.movie3.MovieStim3'>, autoLog=True, color=UNKNOWN, colorSpace=UNKNOWN, depth=-1.0, filename='stims/wedding-4.1a.mp4', flipHoriz=False, flipVert=False, fps=UNKNOWN, interpolate=True, loop=False, name='vid1a', noAudio=False, opacity=1.0, ori=0, pos=array([0., 0.]), size=array([1280.,  720.]), units='pix', vframe_callback=UNKNOWN, volume=UNKNOWN, win=Window(...))
422.3219 	EXP 	Created vid1b = MovieStim3(__class__=<class 'psychopy.visual.movie3.MovieStim3'>, autoLog=True, color=UNKNOWN, colorSpace=UNKNOWN, depth=-2.0, filename='stims/wedding-4.1b.mp4', flipHoriz=False, flipVert=False, fps=UNKNOWN, interpolate=True, loop=False, name='vid1b', noAudio=False, opacity=1.0, ori=0, pos=array([0., 0.]), size=array([1280.,  720.]), units='pix', vframe_callback=UNKNOWN, volume=UNKNOWN, win=Window(...))
422.7410 	EXP 	Created vid2 = MovieStim3(__class__=<class 'psychopy.visual.movie3.MovieStim3'>, autoLog=True, color=UNKNOWN, colorSpace=UNKNOWN, depth=-3.0, filename='stims/wedding-4.2b.mp4', flipHoriz=False, flipVert=False, fps=UNKNOWN, interpolate=True, loop=False, name='vid2', noAudio=False, opacity=1.0, ori=0, pos=array([0., 0.]), size=array([1280.,  720.]), units='pix', vframe_callback=UNKNOWN, volume=UNKNOWN, win=Window(...))
423.2500 	EXP 	Created vid3 = MovieStim3(__class__=<class 'psychopy.visual.movie3.MovieStim3'>, autoLog=True, color=UNKNOWN, colorSpace=UNKNOWN, depth=-4.0, filename='stims/wedding-4.3b.mp4', flipHoriz=False, flipVert=False, fps=UNKNOWN, interpolate=True, loop=False, name='vid3', noAudio=False, opacity=1.0, ori=0, pos=array([0., 0.]), size=array([1280.,  720.]), units='pix', vframe_callback=UNKNOWN, volume=UNKNOWN, win=Window(...))
423.8288 	EXP 	Created vid4 = MovieStim3(__class__=<class 'psychopy.visual.movie3.MovieStim3'>, autoLog=True, color=UNKNOWN, colorSpace=UNKNOWN, depth=-5.0, filename='stims/wedding-4.4b.mp4', flipHoriz=False, flipVert=False, fps=UNKNOWN, interpolate=True, loop=False, name='vid4', noAudio=False, opacity=1.0, ori=0, pos=array([0., 0.]), size=array([1280.,  720.]), units='pix', vframe_callback=UNKNOWN, volume=UNKNOWN, win=Window(...))
424.2565 	EXP 	Created vid5 = MovieStim3(__class__=<class 'psychopy.visual.movie3.MovieStim3'>, autoLog=True, color=UNKNOWN, colorSpace=UNKNOWN, depth=-6.0, filename='stims/wedding-4.5.mp4', flipHoriz=False, flipVert=False, fps=UNKNOWN, interpolate=True, loop=False, name='vid5', noAudio=False, opacity=1.0, ori=0, pos=array([0., 0.]), size=array([1280.,  720.]), units='pix', vframe_callback=UNKNOWN, volume=UNKNOWN, win=Window(...))
424.3291 	EXP 	window1: recordFrameIntervals = False
424.3326 	DATA 	Keypress: equal
424.3352 	DATA 	Keypress: equal
424.3503 	EXP 	image_3: autoDraw = False
424.3503 	EXP 	image_3: autoDraw = False
424.3503 	EXP 	vid1a: movie = 'stims/wedding-4.1a.mp4'
424.3503 	EXP 	vid1a: autoLog = True
424.3503 	EXP 	vid1b: movie = 'stims/wedding-4.1b.mp4'
424.3503 	EXP 	vid1b: autoLog = True
424.3503 	EXP 	vid2: movie = 'stims/wedding-4.2b.mp4'
424.3503 	EXP 	vid2: autoLog = True
424.3503 	EXP 	vid3: movie = 'stims/wedding-4.3b.mp4'
424.3503 	EXP 	vid3: autoLog = True
424.3503 	EXP 	vid4: movie = 'stims/wedding-4.4b.mp4'
424.3503 	EXP 	vid4: autoLog = True
424.3503 	EXP 	vid5: movie = 'stims/wedding-4.5.mp4'
424.3503 	EXP 	vid5: autoLog = True
426.9528 	EXP 	window1: recordFrameIntervals = False
429.1174 	DATA 	Keypress: equal
429.1199 	DATA 	Keypress: equal
429.1219 	DATA 	Keypress: equal
429.3170 	EXP 	vid1a: movie = 'stims/wedding-4.1a.mp4'
429.3170 	EXP 	vid1b: movie = 'stims/wedding-4.1b.mp4'
429.3170 	EXP 	vid2: movie = 'stims/wedding-4.2b.mp4'
429.3170 	EXP 	vid3: movie = 'stims/wedding-4.3b.mp4'
429.3170 	EXP 	vid4: movie = 'stims/wedding-4.4b.mp4'
429.3170 	EXP 	vid5: movie = 'stims/wedding-4.5.mp4'
429.3335 	EXP 	vid1a: autoDraw = True
429.8763 	DATA 	Keypress: equal
431.3769 	DATA 	Keypress: equal
432.8766 	DATA 	Keypress: equal
434.3767 	DATA 	Keypress: equal
435.8762 	DATA 	Keypress: equal
437.3857 	DATA 	Keypress: equal
438.8697 	DATA 	Keypress: equal
440.3853 	DATA 	Keypress: equal
441.8855 	DATA 	Keypress: equal
443.3856 	DATA 	Keypress: equal
443.5165 	EXP 	vid1a: autoDraw = False
443.5333 	EXP 	vid1b: autoDraw = True
444.8773 	DATA 	Keypress: equal
446.3686 	DATA 	Keypress: equal
447.8686 	DATA 	Keypress: equal
449.3736 	DATA 	Keypress: equal
450.8686 	DATA 	Keypress: equal
452.3690 	DATA 	Keypress: equal
452.4166 	EXP 	Set vid1b finished
452.5333 	EXP 	vid2: autoDraw = True
453.8755 	DATA 	Keypress: equal
455.3731 	DATA 	Keypress: equal
456.8750 	DATA 	Keypress: equal
458.4046 	DATA 	Keypress: equal
459.8687 	DATA 	Keypress: equal
461.3773 	DATA 	Keypress: equal
462.8686 	DATA 	Keypress: equal
464.3691 	DATA 	Keypress: equal
465.8685 	DATA 	Keypress: equal
467.3687 	DATA 	Keypress: equal
468.8690 	DATA 	Keypress: equal
469.0497 	EXP 	Set vid2 finished
469.5331 	EXP 	vid3: autoDraw = True
470.3680 	DATA 	Keypress: equal
471.8683 	DATA 	Keypress: equal
473.3683 	DATA 	Keypress: equal
474.8682 	DATA 	Keypress: equal
476.3682 	DATA 	Keypress: equal
477.8684 	DATA 	Keypress: equal
479.3684 	DATA 	Keypress: equal
480.8683 	DATA 	Keypress: equal
482.3682 	DATA 	Keypress: equal
483.8963 	DATA 	Keypress: equal
485.3679 	DATA 	Keypress: equal
486.8681 	DATA 	Keypress: equal
488.3681 	DATA 	Keypress: equal
489.8682 	DATA 	Keypress: equal
491.3684 	DATA 	Keypress: equal
492.5159 	EXP 	vid3: autoDraw = False
492.5328 	EXP 	vid4: autoDraw = True
492.8680 	DATA 	Keypress: equal
494.3680 	DATA 	Keypress: equal
495.8679 	DATA 	Keypress: equal
497.3679 	DATA 	Keypress: equal
498.8680 	DATA 	Keypress: equal
500.3680 	DATA 	Keypress: equal
501.8679 	DATA 	Keypress: equal
503.3680 	DATA 	Keypress: equal
504.8679 	DATA 	Keypress: equal
506.3678 	DATA 	Keypress: equal
507.8676 	DATA 	Keypress: equal
509.3678 	DATA 	Keypress: equal
510.8676 	DATA 	Keypress: equal
512.3679 	DATA 	Keypress: equal
513.8679 	DATA 	Keypress: equal
515.3676 	DATA 	Keypress: equal
516.4491 	EXP 	Set vid4 finished
516.5325 	EXP 	vid5: autoDraw = True
516.8675 	DATA 	Keypress: equal
518.3677 	DATA 	Keypress: equal
519.8677 	DATA 	Keypress: equal
521.3677 	DATA 	Keypress: equal
522.8676 	DATA 	Keypress: equal
524.3676 	DATA 	Keypress: equal
525.8677 	DATA 	Keypress: equal
527.3675 	DATA 	Keypress: equal
528.8676 	DATA 	Keypress: equal
529.0823 	EXP 	Set vid5 finished
529.2602 	EXP 	Created sequence: random, trialTypes=1, nReps=1, seed=None
529.2605 	EXP 	New trial (rep=0, index=0): None
529.6733 	EXP 	Created vid1a_q = MovieStim3(__class__=<class 'psychopy.visual.movie3.MovieStim3'>, autoLog=True, color=UNKNOWN, colorSpace=UNKNOWN, depth=-1.0, filename='stims/wedding-4.1a.mp4', flipHoriz=False, flipVert=False, fps=UNKNOWN, interpolate=True, loop=False, name='vid1a_q', noAudio=False, opacity=1.0, ori=0, pos=array([0., 0.]), size=array([1280.,  720.]), units='pix', vframe_callback=UNKNOWN, volume=UNKNOWN, win=Window(...))
530.0563 	EXP 	Created vid1b_q = MovieStim3(__class__=<class 'psychopy.visual.movie3.MovieStim3'>, autoLog=True, color=UNKNOWN, colorSpace=UNKNOWN, depth=-2.0, filename='stims/wedding-4.1b.mp4', flipHoriz=False, flipVert=False, fps=UNKNOWN, interpolate=True, loop=False, name='vid1b_q', noAudio=False, opacity=1.0, ori=0, pos=array([0., 0.]), size=array([1280.,  720.]), units='pix', vframe_callback=UNKNOWN, volume=UNKNOWN, win=Window(...))
530.4647 	EXP 	Created vid2_q = MovieStim3(__class__=<class 'psychopy.visual.movie3.MovieStim3'>, autoLog=True, color=UNKNOWN, colorSpace=UNKNOWN, depth=-3.0, filename='stims/wedding-4.2b.mp4', flipHoriz=False, flipVert=False, fps=UNKNOWN, interpolate=True, loop=False, name='vid2_q', noAudio=False, opacity=1.0, ori=0, pos=array([0., 0.]), size=array([1280.,  720.]), units='pix', vframe_callback=UNKNOWN, volume=UNKNOWN, win=Window(...))
530.9444 	EXP 	Created vid3_q = MovieStim3(__class__=<class 'psychopy.visual.movie3.MovieStim3'>, autoLog=True, color=UNKNOWN, colorSpace=UNKNOWN, depth=-5.0, filename='stims/wedding-4.3b.mp4', flipHoriz=False, flipVert=False, fps=UNKNOWN, interpolate=True, loop=False, name='vid3_q', noAudio=False, opacity=1.0, ori=0, pos=array([0., 0.]), size=array([1280.,  720.]), units='pix', vframe_callback=UNKNOWN, volume=UNKNOWN, win=Window(...))
531.4612 	EXP 	Created vid4_q = MovieStim3(__class__=<class 'psychopy.visual.movie3.MovieStim3'>, autoLog=True, color=UNKNOWN, colorSpace=UNKNOWN, depth=-7.0, filename='stims/wedding-4.4b.mp4', flipHoriz=False, flipVert=False, fps=UNKNOWN, interpolate=True, loop=False, name='vid4_q', noAudio=False, opacity=1.0, ori=0, pos=array([0., 0.]), size=array([1280.,  720.]), units='pix', vframe_callback=UNKNOWN, volume=UNKNOWN, win=Window(...))
531.8515 	EXP 	Created vid5_q = MovieStim3(__class__=<class 'psychopy.visual.movie3.MovieStim3'>, autoLog=True, color=UNKNOWN, colorSpace=UNKNOWN, depth=-8.0, filename='stims/wedding-4.5.mp4', flipHoriz=False, flipVert=False, fps=UNKNOWN, interpolate=True, loop=False, name='vid5_q', noAudio=False, opacity=1.0, ori=0, pos=array([0., 0.]), size=array([1280.,  720.]), units='pix', vframe_callback=UNKNOWN, volume=UNKNOWN, win=Window(...))
532.1369 	EXP 	window1: recordFrameIntervals = False
532.1400 	DATA 	Keypress: equal
532.1422 	DATA 	Keypress: equal
532.1535 	EXP 	vid1a: autoDraw = False
532.1535 	EXP 	vid1b: autoDraw = False
532.1535 	EXP 	vid2: autoDraw = False
532.1535 	EXP 	vid3: autoDraw = False
532.1535 	EXP 	vid4: autoDraw = False
532.1535 	EXP 	vid5: autoDraw = False
532.1535 	EXP 	vid1a_q: movie = 'stims/wedding-4.1a.mp4'
532.1535 	EXP 	vid1a_q: autoLog = True
532.1535 	EXP 	vid1b_q: movie = 'stims/wedding-4.1b.mp4'
532.1535 	EXP 	vid1b_q: autoLog = True
532.1535 	EXP 	vid2_q: movie = 'stims/wedding-4.2b.mp4'
532.1535 	EXP 	vid2_q: autoLog = True
532.1535 	EXP 	vid3_q: movie = 'stims/wedding-4.3b.mp4'
532.1535 	EXP 	vid3_q: autoLog = True
532.1535 	EXP 	vid4_q: movie = 'stims/wedding-4.4b.mp4'
532.1535 	EXP 	vid4_q: autoLog = True
532.1535 	EXP 	vid5_q: movie = 'stims/wedding-4.5.mp4'
532.1535 	EXP 	vid5_q: autoLog = True
532.1535 	EXP 	vid1a_q: autoDraw = False
532.1535 	EXP 	vid1b_q: autoDraw = False
532.1535 	EXP 	vid2_q: autoDraw = False
532.1535 	EXP 	l2q: autoDraw = False
532.1535 	EXP 	vid3_q: autoDraw = False
532.1535 	EXP 	l3q: autoDraw = False
532.1535 	EXP 	vid4_q: autoDraw = False
532.1535 	EXP 	vid5_q: autoDraw = False
532.4095 	EXP 	window1: recordFrameIntervals = False
533.9236 	DATA 	Keypress: equal
534.1488 	EXP 	eggPainting1: image = 'stimsday1details/newpainting1.png'
534.1488 	EXP 	eggPainting2: image = 'stimsday1details/painting4.png'
534.1488 	EXP 	character1: image = 'stimsday1details/newperson13.png'
534.1488 	EXP 	character2: image = 'stimsday1details/couple4.png'
534.1488 	EXP 	gift1: image = 'stimsday1details/gift4.png'
534.1488 	EXP 	gift2: image = 'stimsday1details/new13.png'
534.1488 	EXP 	themeQ1: image = 'stimsday1details/ct4.png'
534.1488 	EXP 	themeQ2: image = 'stimsday1details/t4.png'
534.1488 	EXP 	nameQ1: image = 'stimsday1details/n4.png'
534.1488 	EXP 	nameQ2: image = 'stimsday1details/cn4.png'
534.1488 	EXP 	nameQ1: autoDraw = True
534.1488 	EXP 	nameQ2: autoDraw = True
534.8672 	DATA 	Keypress: equal
535.6169 	DATA 	Keypress: 1
536.1320 	EXP 	nameQ1: autoDraw = False
536.1320 	EXP 	nameQ2: autoDraw = False
536.1320 	EXP 	nameQ1: autoDraw = False
536.1320 	EXP 	nameQ2: autoDraw = False
536.1320 	EXP 	eggPainting1: autoDraw = True
536.1320 	EXP 	eggPainting2: autoDraw = True
536.3675 	DATA 	Keypress: equal
537.1337 	DATA 	Keypress: 2
537.8671 	DATA 	Keypress: equal
538.1322 	EXP 	eggPainting1: autoDraw = False
538.1322 	EXP 	eggPainting2: autoDraw = False
538.1322 	EXP 	eggPainting1: autoDraw = False
538.1322 	EXP 	eggPainting2: autoDraw = False
538.1322 	EXP 	character1: autoDraw = True
538.1322 	EXP 	character2: autoDraw = True
539.1337 	DATA 	Keypress: 2
539.3670 	DATA 	Keypress: equal
540.1322 	EXP 	character1: autoDraw = False
540.1322 	EXP 	character2: autoDraw = False
540.1322 	EXP 	character1: autoDraw = False
540.1322 	EXP 	character2: autoDraw = False
540.1322 	EXP 	themeQ1: autoDraw = True
540.1322 	EXP 	themeQ2: autoDraw = True
540.8671 	DATA 	Keypress: equal
541.9005 	DATA 	Keypress: 2
542.1320 	EXP 	themeQ1: autoDraw = False
542.1320 	EXP 	themeQ2: autoDraw = False
542.1320 	EXP 	themeQ1: autoDraw = False
542.1320 	EXP 	themeQ2: autoDraw = False
542.1320 	EXP 	gift1: autoDraw = True
542.1320 	EXP 	gift2: autoDraw = True
542.3671 	DATA 	Keypress: equal
543.0670 	DATA 	Keypress: 1
543.8670 	DATA 	Keypress: equal
544.1321 	EXP 	gift1: autoDraw = False
544.1321 	EXP 	gift2: autoDraw = False
544.1321 	EXP 	gift1: autoDraw = False
544.1321 	EXP 	gift2: autoDraw = False
544.1321 	EXP 	northorsouth1: autoDraw = True
544.1321 	EXP 	northorsouth2: autoDraw = True
545.0669 	DATA 	Keypress: 1
545.3672 	DATA 	Keypress: equal
546.3855 	EXP 	New trial (rep=0, index=4): OrderedDict([('condsFile', 'videoBlock_schemaN_pathA_1.csv')])
546.3981 	EXP 	Imported videoBlock_schemaN_pathA_1.csv as conditions, 1 conditions, 17 params
546.3985 	EXP 	Created sequence: random, trialTypes=1, nReps=1, seed=None
546.3993 	EXP 	New trial (rep=0, index=0): OrderedDict([('northOrSouth', 'north.png'), ('stimFile1a', 'stims/wedding-3.1a.mp4'), ('stimFile1b', 'stims/wedding-3.1b.mp4'), ('stimFile2', 'stims/wedding-3.2a.mp4'), ('stimFile3', 'stims/wedding-3.3a.mp4'), ('stimFile4', 'stims/wedding-3.4a.mp4'), ('stimFile5', 'stims/wedding-3.5.mp4'), ('QeggPainting1', 'stimsday1details/egg3.png'), ('Qcharacter1', 'stimsday1details/couple3.png'), ('Qgift1', 'stimsday1details/new1.png'), ('QeggPainting2', 'stimsday1details/newegg1.png'), ('Qcharacter2', 'stimsday1details/newperson1.png'), ('Qgift2', 'stimsday1details/gift3.png'), ('Qname1', 'stimsday1details/cn3.png'), ('Qtheme1', 'stimsday1details/t3.png'), ('Qname2', 'stimsday1details/n3.png'), ('Qtheme2', 'stimsday1details/ct3.png')])
546.4153 	EXP 	northorsouth1: autoDraw = False
546.4153 	EXP 	northorsouth2: autoDraw = False
546.4153 	EXP 	northorsouth1: autoDraw = False
546.4153 	EXP 	northorsouth2: autoDraw = False
546.4153 	EXP 	image_3: autoDraw = True
546.8674 	DATA 	Keypress: equal
548.3673 	DATA 	Keypress: equal
548.4010 	EXP 	Created sequence: random, trialTypes=1, nReps=1, seed=None
548.4012 	EXP 	New trial (rep=0, index=0): None
548.8414 	EXP 	Created vid1a = MovieStim3(__class__=<class 'psychopy.visual.movie3.MovieStim3'>, autoLog=True, color=UNKNOWN, colorSpace=UNKNOWN, depth=-1.0, filename='stims/wedding-3.1a.mp4', flipHoriz=False, flipVert=False, fps=UNKNOWN, interpolate=True, loop=False, name='vid1a', noAudio=False, opacity=1.0, ori=0, pos=array([0., 0.]), size=array([1280.,  720.]), units='pix', vframe_callback=UNKNOWN, volume=UNKNOWN, win=Window(...))
549.1944 	EXP 	Created vid1b = MovieStim3(__class__=<class 'psychopy.visual.movie3.MovieStim3'>, autoLog=True, color=UNKNOWN, colorSpace=UNKNOWN, depth=-2.0, filename='stims/wedding-3.1b.mp4', flipHoriz=False, flipVert=False, fps=UNKNOWN, interpolate=True, loop=False, name='vid1b', noAudio=False, opacity=1.0, ori=0, pos=array([0., 0.]), size=array([1280.,  720.]), units='pix', vframe_callback=UNKNOWN, volume=UNKNOWN, win=Window(...))
549.6840 	EXP 	Created vid2 = MovieStim3(__class__=<class 'psychopy.visual.movie3.MovieStim3'>, autoLog=True, color=UNKNOWN, colorSpace=UNKNOWN, depth=-3.0, filename='stims/wedding-3.2a.mp4', flipHoriz=False, flipVert=False, fps=UNKNOWN, interpolate=True, loop=False, name='vid2', noAudio=False, opacity=1.0, ori=0, pos=array([0., 0.]), size=array([1280.,  720.]), units='pix', vframe_callback=UNKNOWN, volume=UNKNOWN, win=Window(...))
550.1587 	EXP 	Created vid3 = MovieStim3(__class__=<class 'psychopy.visual.movie3.MovieStim3'>, autoLog=True, color=UNKNOWN, colorSpace=UNKNOWN, depth=-4.0, filename='stims/wedding-3.3a.mp4', flipHoriz=False, flipVert=False, fps=UNKNOWN, interpolate=True, loop=False, name='vid3', noAudio=False, opacity=1.0, ori=0, pos=array([0., 0.]), size=array([1280.,  720.]), units='pix', vframe_callback=UNKNOWN, volume=UNKNOWN, win=Window(...))
550.6441 	EXP 	Created vid4 = MovieStim3(__class__=<class 'psychopy.visual.movie3.MovieStim3'>, autoLog=True, color=UNKNOWN, colorSpace=UNKNOWN, depth=-5.0, filename='stims/wedding-3.4a.mp4', flipHoriz=False, flipVert=False, fps=UNKNOWN, interpolate=True, loop=False, name='vid4', noAudio=False, opacity=1.0, ori=0, pos=array([0., 0.]), size=array([1280.,  720.]), units='pix', vframe_callback=UNKNOWN, volume=UNKNOWN, win=Window(...))
551.0473 	EXP 	Created vid5 = MovieStim3(__class__=<class 'psychopy.visual.movie3.MovieStim3'>, autoLog=True, color=UNKNOWN, colorSpace=UNKNOWN, depth=-6.0, filename='stims/wedding-3.5.mp4', flipHoriz=False, flipVert=False, fps=UNKNOWN, interpolate=True, loop=False, name='vid5', noAudio=False, opacity=1.0, ori=0, pos=array([0., 0.]), size=array([1280.,  720.]), units='pix', vframe_callback=UNKNOWN, volume=UNKNOWN, win=Window(...))
551.1195 	EXP 	window1: recordFrameIntervals = False
551.1229 	DATA 	Keypress: equal
551.1352 	EXP 	image_3: autoDraw = False
551.1352 	EXP 	image_3: autoDraw = False
551.1352 	EXP 	vid1a: movie = 'stims/wedding-3.1a.mp4'
551.1352 	EXP 	vid1a: autoLog = True
551.1352 	EXP 	vid1b: movie = 'stims/wedding-3.1b.mp4'
551.1352 	EXP 	vid1b: autoLog = True
551.1352 	EXP 	vid2: movie = 'stims/wedding-3.2a.mp4'
551.1352 	EXP 	vid2: autoLog = True
551.1352 	EXP 	vid3: movie = 'stims/wedding-3.3a.mp4'
551.1352 	EXP 	vid3: autoLog = True
551.1352 	EXP 	vid4: movie = 'stims/wedding-3.4a.mp4'
551.1352 	EXP 	vid4: autoLog = True
551.1352 	EXP 	vid5: movie = 'stims/wedding-3.5.mp4'
551.1352 	EXP 	vid5: autoLog = True
553.7389 	EXP 	window1: recordFrameIntervals = False
555.9075 	DATA 	Keypress: equal
555.9097 	DATA 	Keypress: equal
555.9117 	DATA 	Keypress: equal
555.9137 	DATA 	Keypress: equal
556.1153 	EXP 	vid1a: movie = 'stims/wedding-3.1a.mp4'
556.1153 	EXP 	vid1b: movie = 'stims/wedding-3.1b.mp4'
556.1153 	EXP 	vid2: movie = 'stims/wedding-3.2a.mp4'
556.1153 	EXP 	vid3: movie = 'stims/wedding-3.3a.mp4'
556.1153 	EXP 	vid4: movie = 'stims/wedding-3.4a.mp4'
556.1153 	EXP 	vid5: movie = 'stims/wedding-3.5.mp4'
556.1358 	EXP 	vid1a: autoDraw = True
557.3675 	DATA 	Keypress: equal
558.8673 	DATA 	Keypress: equal
560.3673 	DATA 	Keypress: equal
561.8674 	DATA 	Keypress: equal
563.3670 	DATA 	Keypress: equal
564.8675 	DATA 	Keypress: equal
566.3963 	DATA 	Keypress: equal
567.8671 	DATA 	Keypress: equal
569.3672 	DATA 	Keypress: equal
570.4151 	EXP 	vid1a: autoDraw = False
570.4318 	EXP 	vid1b: autoDraw = True
570.8669 	DATA 	Keypress: equal
572.3668 	DATA 	Keypress: equal
573.8673 	DATA 	Keypress: equal
575.3672 	DATA 	Keypress: equal
576.8674 	DATA 	Keypress: equal
578.3670 	DATA 	Keypress: equal
578.9316 	EXP 	Set vid1b finished
579.4317 	EXP 	vid2: autoDraw = True
579.8673 	DATA 	Keypress: equal
581.3669 	DATA 	Keypress: equal
582.8669 	DATA 	Keypress: equal
584.3666 	DATA 	Keypress: equal
585.8672 	DATA 	Keypress: equal
587.3669 	DATA 	Keypress: equal
588.8669 	DATA 	Keypress: equal
590.3666 	DATA 	Keypress: equal
591.8948 	DATA 	Keypress: equal
593.3669 	DATA 	Keypress: equal
594.8665 	DATA 	Keypress: equal
596.3668 	DATA 	Keypress: equal
596.4148 	EXP 	vid2: autoDraw = False
596.4315 	EXP 	vid3: autoDraw = True
597.8666 	DATA 	Keypress: equal
599.3667 	DATA 	Keypress: equal
600.8668 	DATA 	Keypress: equal
602.3667 	DATA 	Keypress: equal
603.8667 	DATA 	Keypress: equal
605.3668 	DATA 	Keypress: equal
606.8666 	DATA 	Keypress: equal
608.3666 	DATA 	Keypress: equal
609.8665 	DATA 	Keypress: equal
611.3667 	DATA 	Keypress: equal
612.8666 	DATA 	Keypress: equal
614.3667 	DATA 	Keypress: equal
615.8667 	DATA 	Keypress: equal
617.3670 	DATA 	Keypress: equal
618.8662 	DATA 	Keypress: equal
619.4145 	EXP 	vid3: autoDraw = False
619.4312 	EXP 	vid4: autoDraw = True
620.3663 	DATA 	Keypress: equal
621.8666 	DATA 	Keypress: equal
623.3663 	DATA 	Keypress: equal
624.8664 	DATA 	Keypress: equal
626.3944 	DATA 	Keypress: equal
627.8664 	DATA 	Keypress: equal
629.3665 	DATA 	Keypress: equal
630.8662 	DATA 	Keypress: equal
632.3663 	DATA 	Keypress: equal
633.8661 	DATA 	Keypress: equal
635.3662 	DATA 	Keypress: equal
636.8664 	DATA 	Keypress: equal
638.3664 	DATA 	Keypress: equal
639.8664 	DATA 	Keypress: equal
641.3663 	DATA 	Keypress: equal
642.5809 	EXP 	Set vid4 finished
642.8660 	DATA 	Keypress: equal
643.4306 	EXP 	vid5: autoDraw = True
644.3660 	DATA 	Keypress: equal
645.8663 	DATA 	Keypress: equal
647.3663 	DATA 	Keypress: equal
648.8660 	DATA 	Keypress: equal
650.3662 	DATA 	Keypress: equal
651.8659 	DATA 	Keypress: equal
653.3663 	DATA 	Keypress: equal
654.8660 	DATA 	Keypress: equal
655.7474 	EXP 	Set vid5 finished
655.9469 	EXP 	Created sequence: random, trialTypes=1, nReps=1, seed=None
655.9472 	EXP 	New trial (rep=0, index=0): None
656.3778 	EXP 	Created vid1a_q = MovieStim3(__class__=<class 'psychopy.visual.movie3.MovieStim3'>, autoLog=True, color=UNKNOWN, colorSpace=UNKNOWN, depth=-1.0, filename='stims/wedding-3.1a.mp4', flipHoriz=False, flipVert=False, fps=UNKNOWN, interpolate=True, loop=False, name='vid1a_q', noAudio=False, opacity=1.0, ori=0, pos=array([0., 0.]), size=array([1280.,  720.]), units='pix', vframe_callback=UNKNOWN, volume=UNKNOWN, win=Window(...))
656.7213 	EXP 	Created vid1b_q = MovieStim3(__class__=<class 'psychopy.visual.movie3.MovieStim3'>, autoLog=True, color=UNKNOWN, colorSpace=UNKNOWN, depth=-2.0, filename='stims/wedding-3.1b.mp4', flipHoriz=False, flipVert=False, fps=UNKNOWN, interpolate=True, loop=False, name='vid1b_q', noAudio=False, opacity=1.0, ori=0, pos=array([0., 0.]), size=array([1280.,  720.]), units='pix', vframe_callback=UNKNOWN, volume=UNKNOWN, win=Window(...))
657.1972 	EXP 	Created vid2_q = MovieStim3(__class__=<class 'psychopy.visual.movie3.MovieStim3'>, autoLog=True, color=UNKNOWN, colorSpace=UNKNOWN, depth=-3.0, filename='stims/wedding-3.2a.mp4', flipHoriz=False, flipVert=False, fps=UNKNOWN, interpolate=True, loop=False, name='vid2_q', noAudio=False, opacity=1.0, ori=0, pos=array([0., 0.]), size=array([1280.,  720.]), units='pix', vframe_callback=UNKNOWN, volume=UNKNOWN, win=Window(...))
657.6673 	EXP 	Created vid3_q = MovieStim3(__class__=<class 'psychopy.visual.movie3.MovieStim3'>, autoLog=True, color=UNKNOWN, colorSpace=UNKNOWN, depth=-5.0, filename='stims/wedding-3.3a.mp4', flipHoriz=False, flipVert=False, fps=UNKNOWN, interpolate=True, loop=False, name='vid3_q', noAudio=False, opacity=1.0, ori=0, pos=array([0., 0.]), size=array([1280.,  720.]), units='pix', vframe_callback=UNKNOWN, volume=UNKNOWN, win=Window(...))
658.1365 	EXP 	Created vid4_q = MovieStim3(__class__=<class 'psychopy.visual.movie3.MovieStim3'>, autoLog=True, color=UNKNOWN, colorSpace=UNKNOWN, depth=-7.0, filename='stims/wedding-3.4a.mp4', flipHoriz=False, flipVert=False, fps=UNKNOWN, interpolate=True, loop=False, name='vid4_q', noAudio=False, opacity=1.0, ori=0, pos=array([0., 0.]), size=array([1280.,  720.]), units='pix', vframe_callback=UNKNOWN, volume=UNKNOWN, win=Window(...))
658.5223 	EXP 	Created vid5_q = MovieStim3(__class__=<class 'psychopy.visual.movie3.MovieStim3'>, autoLog=True, color=UNKNOWN, colorSpace=UNKNOWN, depth=-8.0, filename='stims/wedding-3.5.mp4', flipHoriz=False, flipVert=False, fps=UNKNOWN, interpolate=True, loop=False, name='vid5_q', noAudio=False, opacity=1.0, ori=0, pos=array([0., 0.]), size=array([1280.,  720.]), units='pix', vframe_callback=UNKNOWN, volume=UNKNOWN, win=Window(...))
658.8349 	EXP 	window1: recordFrameIntervals = False
658.8381 	DATA 	Keypress: equal
658.8406 	DATA 	Keypress: equal
658.8523 	EXP 	vid1a: autoDraw = False
658.8523 	EXP 	vid1b: autoDraw = False
658.8523 	EXP 	vid2: autoDraw = False
658.8523 	EXP 	vid3: autoDraw = False
658.8523 	EXP 	vid4: autoDraw = False
658.8523 	EXP 	vid5: autoDraw = False
658.8523 	EXP 	vid1a_q: movie = 'stims/wedding-3.1a.mp4'
658.8523 	EXP 	vid1a_q: autoLog = True
658.8523 	EXP 	vid1b_q: movie = 'stims/wedding-3.1b.mp4'
658.8523 	EXP 	vid1b_q: autoLog = True
658.8523 	EXP 	vid2_q: movie = 'stims/wedding-3.2a.mp4'
658.8523 	EXP 	vid2_q: autoLog = True
658.8523 	EXP 	vid3_q: movie = 'stims/wedding-3.3a.mp4'
658.8523 	EXP 	vid3_q: autoLog = True
658.8523 	EXP 	vid4_q: movie = 'stims/wedding-3.4a.mp4'
658.8523 	EXP 	vid4_q: autoLog = True
658.8523 	EXP 	vid5_q: movie = 'stims/wedding-3.5.mp4'
658.8523 	EXP 	vid5_q: autoLog = True
658.8523 	EXP 	vid1a_q: autoDraw = False
658.8523 	EXP 	vid1b_q: autoDraw = False
658.8523 	EXP 	vid2_q: autoDraw = False
658.8523 	EXP 	l2q: autoDraw = False
658.8523 	EXP 	vid3_q: autoDraw = False
658.8523 	EXP 	l3q: autoDraw = False
658.8523 	EXP 	vid4_q: autoDraw = False
658.8523 	EXP 	vid5_q: autoDraw = False
659.0126 	EXP 	window1: recordFrameIntervals = False
660.6216 	DATA 	Keypress: equal
660.8521 	EXP 	eggPainting1: image = 'stimsday1details/egg3.png'
660.8521 	EXP 	eggPainting2: image = 'stimsday1details/newegg1.png'
660.8521 	EXP 	character1: image = 'stimsday1details/couple3.png'
660.8521 	EXP 	character2: image = 'stimsday1details/newperson1.png'
660.8521 	EXP 	gift1: image = 'stimsday1details/new1.png'
660.8521 	EXP 	gift2: image = 'stimsday1details/gift3.png'
660.8521 	EXP 	themeQ1: image = 'stimsday1details/t3.png'
660.8521 	EXP 	themeQ2: image = 'stimsday1details/ct3.png'
660.8521 	EXP 	nameQ1: image = 'stimsday1details/cn3.png'
660.8521 	EXP 	nameQ2: image = 'stimsday1details/n3.png'
660.8521 	EXP 	nameQ1: autoDraw = True
660.8521 	EXP 	nameQ2: autoDraw = True
660.8658 	DATA 	Keypress: equal
661.8326 	DATA 	Keypress: 2
662.3655 	DATA 	Keypress: equal
662.8306 	EXP 	nameQ1: autoDraw = False
662.8306 	EXP 	nameQ2: autoDraw = False
662.8306 	EXP 	nameQ1: autoDraw = False
662.8306 	EXP 	nameQ2: autoDraw = False
662.8306 	EXP 	eggPainting1: autoDraw = True
662.8306 	EXP 	eggPainting2: autoDraw = True
663.8662 	DATA 	Keypress: equal
664.3486 	DATA 	Keypress: 1
664.8306 	EXP 	eggPainting1: autoDraw = False
664.8306 	EXP 	eggPainting2: autoDraw = False
664.8306 	EXP 	eggPainting1: autoDraw = False
664.8306 	EXP 	eggPainting2: autoDraw = False
664.8306 	EXP 	character1: autoDraw = True
664.8306 	EXP 	character2: autoDraw = True
665.3657 	DATA 	Keypress: equal
665.6324 	DATA 	Keypress: 1
666.8306 	EXP 	character1: autoDraw = False
666.8306 	EXP 	character2: autoDraw = False
666.8306 	EXP 	character1: autoDraw = False
666.8306 	EXP 	character2: autoDraw = False
666.8306 	EXP 	themeQ1: autoDraw = True
666.8306 	EXP 	themeQ2: autoDraw = True
666.8659 	DATA 	Keypress: equal
667.7986 	DATA 	Keypress: 1
668.3656 	DATA 	Keypress: equal
668.8304 	EXP 	themeQ1: autoDraw = False
668.8304 	EXP 	themeQ2: autoDraw = False
668.8304 	EXP 	themeQ1: autoDraw = False
668.8304 	EXP 	themeQ2: autoDraw = False
668.8304 	EXP 	gift1: autoDraw = True
668.8304 	EXP 	gift2: autoDraw = True
669.8654 	DATA 	Keypress: equal
669.9984 	DATA 	Keypress: 2
670.8305 	EXP 	gift1: autoDraw = False
670.8305 	EXP 	gift2: autoDraw = False
670.8305 	EXP 	gift1: autoDraw = False
670.8305 	EXP 	gift2: autoDraw = False
670.8305 	EXP 	northorsouth1: autoDraw = True
670.8305 	EXP 	northorsouth2: autoDraw = True
671.3657 	DATA 	Keypress: equal
671.7155 	DATA 	Keypress: 1
673.1199 	EXP 	New trial (rep=0, index=5): OrderedDict([('condsFile', 'videoBlock_schemaN_pathA_2.csv')])
673.1339 	EXP 	Imported videoBlock_schemaN_pathA_2.csv as conditions, 1 conditions, 17 params
673.1344 	EXP 	Created sequence: random, trialTypes=1, nReps=1, seed=None
673.1352 	EXP 	New trial (rep=0, index=0): OrderedDict([('northOrSouth', 'north.png'), ('stimFile1a', 'stims/wedding-5.1a.mp4'), ('stimFile1b', 'stims/wedding-5.1b.mp4'), ('stimFile2', 'stims/wedding-5.2a.mp4'), ('stimFile3', 'stims/wedding-5.3a.mp4'), ('stimFile4', 'stims/wedding-5.4a.mp4'), ('stimFile5', 'stims/wedding-5.5.mp4'), ('QeggPainting1', 'stimsday1details/newegg2.png'), ('Qcharacter1', 'stimsday1details/couple5.png'), ('Qgift1', 'stimsday1details/gift5.png'), ('QeggPainting2', 'stimsday1details/egg5.png'), ('Qcharacter2', 'stimsday1details/newperson2.png'), ('Qgift2', 'stimsday1details/new2.png'), ('Qname1', 'stimsday1details/cn5.png'), ('Qtheme1', 'stimsday1details/ct5.png'), ('Qname2', 'stimsday1details/n5.png'), ('Qtheme2', 'stimsday1details/t5.png')])
673.1401 	DATA 	Keypress: equal
673.1472 	EXP 	northorsouth1: autoDraw = False
673.1472 	EXP 	northorsouth2: autoDraw = False
673.1472 	EXP 	northorsouth1: autoDraw = False
673.1472 	EXP 	northorsouth2: autoDraw = False
673.1472 	EXP 	image_3: autoDraw = True
674.3672 	DATA 	Keypress: equal
675.1318 	EXP 	Created sequence: random, trialTypes=1, nReps=1, seed=None
675.1321 	EXP 	New trial (rep=0, index=0): None
675.5532 	EXP 	Created vid1a = MovieStim3(__class__=<class 'psychopy.visual.movie3.MovieStim3'>, autoLog=True, color=UNKNOWN, colorSpace=UNKNOWN, depth=-1.0, filename='stims/wedding-5.1a.mp4', flipHoriz=False, flipVert=False, fps=UNKNOWN, interpolate=True, loop=False, name='vid1a', noAudio=False, opacity=1.0, ori=0, pos=array([0., 0.]), size=array([1280.,  720.]), units='pix', vframe_callback=UNKNOWN, volume=UNKNOWN, win=Window(...))
675.9469 	EXP 	Created vid1b = MovieStim3(__class__=<class 'psychopy.visual.movie3.MovieStim3'>, autoLog=True, color=UNKNOWN, colorSpace=UNKNOWN, depth=-2.0, filename='stims/wedding-5.1b.mp4', flipHoriz=False, flipVert=False, fps=UNKNOWN, interpolate=True, loop=False, name='vid1b', noAudio=False, opacity=1.0, ori=0, pos=array([0., 0.]), size=array([1280.,  720.]), units='pix', vframe_callback=UNKNOWN, volume=UNKNOWN, win=Window(...))
676.4207 	EXP 	Created vid2 = MovieStim3(__class__=<class 'psychopy.visual.movie3.MovieStim3'>, autoLog=True, color=UNKNOWN, colorSpace=UNKNOWN, depth=-3.0, filename='stims/wedding-5.2a.mp4', flipHoriz=False, flipVert=False, fps=UNKNOWN, interpolate=True, loop=False, name='vid2', noAudio=False, opacity=1.0, ori=0, pos=array([0., 0.]), size=array([1280.,  720.]), units='pix', vframe_callback=UNKNOWN, volume=UNKNOWN, win=Window(...))
676.9034 	EXP 	Created vid3 = MovieStim3(__class__=<class 'psychopy.visual.movie3.MovieStim3'>, autoLog=True, color=UNKNOWN, colorSpace=UNKNOWN, depth=-4.0, filename='stims/wedding-5.3a.mp4', flipHoriz=False, flipVert=False, fps=UNKNOWN, interpolate=True, loop=False, name='vid3', noAudio=False, opacity=1.0, ori=0, pos=array([0., 0.]), size=array([1280.,  720.]), units='pix', vframe_callback=UNKNOWN, volume=UNKNOWN, win=Window(...))
677.4685 	EXP 	Created vid4 = MovieStim3(__class__=<class 'psychopy.visual.movie3.MovieStim3'>, autoLog=True, color=UNKNOWN, colorSpace=UNKNOWN, depth=-5.0, filename='stims/wedding-5.4a.mp4', flipHoriz=False, flipVert=False, fps=UNKNOWN, interpolate=True, loop=False, name='vid4', noAudio=False, opacity=1.0, ori=0, pos=array([0., 0.]), size=array([1280.,  720.]), units='pix', vframe_callback=UNKNOWN, volume=UNKNOWN, win=Window(...))
677.8884 	EXP 	Created vid5 = MovieStim3(__class__=<class 'psychopy.visual.movie3.MovieStim3'>, autoLog=True, color=UNKNOWN, colorSpace=UNKNOWN, depth=-6.0, filename='stims/wedding-5.5.mp4', flipHoriz=False, flipVert=False, fps=UNKNOWN, interpolate=True, loop=False, name='vid5', noAudio=False, opacity=1.0, ori=0, pos=array([0., 0.]), size=array([1280.,  720.]), units='pix', vframe_callback=UNKNOWN, volume=UNKNOWN, win=Window(...))
678.1676 	EXP 	Created sequence: random, trialTypes=1, nReps=1, seed=None
678.1680 	EXP 	New trial (rep=0, index=0): None
678.5747 	EXP 	Created vid1a_q = MovieStim3(__class__=<class 'psychopy.visual.movie3.MovieStim3'>, autoLog=True, color=UNKNOWN, colorSpace=UNKNOWN, depth=-1.0, filename='stims/wedding-5.1a.mp4', flipHoriz=False, flipVert=False, fps=UNKNOWN, interpolate=True, loop=False, name='vid1a_q', noAudio=False, opacity=1.0, ori=0, pos=array([0., 0.]), size=array([1280.,  720.]), units='pix', vframe_callback=UNKNOWN, volume=UNKNOWN, win=Window(...))
678.9534 	EXP 	Created vid1b_q = MovieStim3(__class__=<class 'psychopy.visual.movie3.MovieStim3'>, autoLog=True, color=UNKNOWN, colorSpace=UNKNOWN, depth=-2.0, filename='stims/wedding-5.1b.mp4', flipHoriz=False, flipVert=False, fps=UNKNOWN, interpolate=True, loop=False, name='vid1b_q', noAudio=False, opacity=1.0, ori=0, pos=array([0., 0.]), size=array([1280.,  720.]), units='pix', vframe_callback=UNKNOWN, volume=UNKNOWN, win=Window(...))
679.4101 	EXP 	Created vid2_q = MovieStim3(__class__=<class 'psychopy.visual.movie3.MovieStim3'>, autoLog=True, color=UNKNOWN, colorSpace=UNKNOWN, depth=-3.0, filename='stims/wedding-5.2a.mp4', flipHoriz=False, flipVert=False, fps=UNKNOWN, interpolate=True, loop=False, name='vid2_q', noAudio=False, opacity=1.0, ori=0, pos=array([0., 0.]), size=array([1280.,  720.]), units='pix', vframe_callback=UNKNOWN, volume=UNKNOWN, win=Window(...))
679.8785 	EXP 	Created vid3_q = MovieStim3(__class__=<class 'psychopy.visual.movie3.MovieStim3'>, autoLog=True, color=UNKNOWN, colorSpace=UNKNOWN, depth=-5.0, filename='stims/wedding-5.3a.mp4', flipHoriz=False, flipVert=False, fps=UNKNOWN, interpolate=True, loop=False, name='vid3_q', noAudio=False, opacity=1.0, ori=0, pos=array([0., 0.]), size=array([1280.,  720.]), units='pix', vframe_callback=UNKNOWN, volume=UNKNOWN, win=Window(...))
680.4215 	EXP 	Created vid4_q = MovieStim3(__class__=<class 'psychopy.visual.movie3.MovieStim3'>, autoLog=True, color=UNKNOWN, colorSpace=UNKNOWN, depth=-7.0, filename='stims/wedding-5.4a.mp4', flipHoriz=False, flipVert=False, fps=UNKNOWN, interpolate=True, loop=False, name='vid4_q', noAudio=False, opacity=1.0, ori=0, pos=array([0., 0.]), size=array([1280.,  720.]), units='pix', vframe_callback=UNKNOWN, volume=UNKNOWN, win=Window(...))
680.8235 	EXP 	Created vid5_q = MovieStim3(__class__=<class 'psychopy.visual.movie3.MovieStim3'>, autoLog=True, color=UNKNOWN, colorSpace=UNKNOWN, depth=-8.0, filename='stims/wedding-5.5.mp4', flipHoriz=False, flipVert=False, fps=UNKNOWN, interpolate=True, loop=False, name='vid5_q', noAudio=False, opacity=1.0, ori=0, pos=array([0., 0.]), size=array([1280.,  720.]), units='pix', vframe_callback=UNKNOWN, volume=UNKNOWN, win=Window(...))
680.9432 	EXP 	window1: recordFrameIntervals = False
680.9484 	DATA 	Keypress: equal
680.9523 	DATA 	Keypress: equal
680.9557 	DATA 	Keypress: equal
680.9590 	DATA 	Keypress: equal
680.9638 	EXP 	image_3: autoDraw = False
680.9638 	EXP 	image_3: autoDraw = False
680.9638 	EXP 	vid1a: movie = 'stims/wedding-5.1a.mp4'
680.9638 	EXP 	vid1a: autoLog = True
680.9638 	EXP 	vid1b: movie = 'stims/wedding-5.1b.mp4'
680.9638 	EXP 	vid1b: autoLog = True
680.9638 	EXP 	vid2: movie = 'stims/wedding-5.2a.mp4'
680.9638 	EXP 	vid2: autoLog = True
680.9638 	EXP 	vid3: movie = 'stims/wedding-5.3a.mp4'
680.9638 	EXP 	vid3: autoLog = True
680.9638 	EXP 	vid4: movie = 'stims/wedding-5.4a.mp4'
680.9638 	EXP 	vid4: autoLog = True
680.9638 	EXP 	vid5: movie = 'stims/wedding-5.5.mp4'
680.9638 	EXP 	vid5: autoLog = True
680.9638 	EXP 	vid1a: autoDraw = False
680.9638 	EXP 	vid1b: autoDraw = False
680.9638 	EXP 	vid2: autoDraw = False
680.9638 	EXP 	vid3: autoDraw = False
680.9638 	EXP 	vid4: autoDraw = False
680.9638 	EXP 	vid5: autoDraw = False
680.9638 	EXP 	vid1a_q: movie = 'stims/wedding-5.1a.mp4'
680.9638 	EXP 	vid1a_q: autoLog = True
680.9638 	EXP 	vid1b_q: movie = 'stims/wedding-5.1b.mp4'
680.9638 	EXP 	vid1b_q: autoLog = True
680.9638 	EXP 	vid2_q: movie = 'stims/wedding-5.2a.mp4'
680.9638 	EXP 	vid2_q: autoLog = True
680.9638 	EXP 	vid3_q: movie = 'stims/wedding-5.3a.mp4'
680.9638 	EXP 	vid3_q: autoLog = True
680.9638 	EXP 	vid4_q: movie = 'stims/wedding-5.4a.mp4'
680.9638 	EXP 	vid4_q: autoLog = True
680.9638 	EXP 	vid5_q: movie = 'stims/wedding-5.5.mp4'
680.9638 	EXP 	vid5_q: autoLog = True
683.6390 	EXP 	window1: recordFrameIntervals = False
685.7331 	DATA 	Keypress: equal
685.7418 	DATA 	Keypress: equal
685.7453 	DATA 	Keypress: equal
685.9471 	EXP 	vid1a_q: movie = 'stims/wedding-5.1a.mp4'
685.9471 	EXP 	vid1b_q: movie = 'stims/wedding-5.1b.mp4'
685.9471 	EXP 	vid2_q: movie = 'stims/wedding-5.2a.mp4'
685.9471 	EXP 	vid3_q: movie = 'stims/wedding-5.3a.mp4'
685.9471 	EXP 	vid4_q: movie = 'stims/wedding-5.4a.mp4'
685.9471 	EXP 	vid5_q: movie = 'stims/wedding-5.5.mp4'
685.9804 	EXP 	vid1a_q: autoDraw = True
686.3674 	DATA 	Keypress: equal
687.8670 	DATA 	Keypress: equal
689.3668 	DATA 	Keypress: equal
690.8668 	DATA 	Keypress: equal
692.3670 	DATA 	Keypress: equal
693.8671 	DATA 	Keypress: equal
695.3951 	DATA 	Keypress: equal
696.8672 	DATA 	Keypress: equal
698.3670 	DATA 	Keypress: equal
699.8675 	DATA 	Keypress: equal
700.1802 	EXP 	vid1a_q: autoDraw = False
700.1968 	EXP 	vid1b_q: autoDraw = True
701.3669 	DATA 	Keypress: equal
702.8669 	DATA 	Keypress: equal
704.3670 	DATA 	Keypress: equal
705.8669 	DATA 	Keypress: equal
707.3670 	DATA 	Keypress: equal
708.8669 	DATA 	Keypress: equal
709.1800 	EXP 	vid1b_q: autoDraw = False
709.1965 	EXP 	vid2_q: autoDraw = True
710.3666 	DATA 	Keypress: equal
711.8668 	DATA 	Keypress: equal
713.3668 	DATA 	Keypress: equal
714.8666 	DATA 	Keypress: equal
716.3667 	DATA 	Keypress: equal
717.8672 	DATA 	Keypress: equal
719.3667 	DATA 	Keypress: equal
720.8667 	DATA 	Keypress: equal
722.3665 	DATA 	Keypress: equal
723.8668 	DATA 	Keypress: equal
725.3668 	DATA 	Keypress: equal
726.1798 	EXP 	vid2_q: autoDraw = False
726.1965 	EXP 	l2q: autoDraw = True
726.8663 	DATA 	Keypress: equal
728.2328 	DATA 	Keypress: 1
728.3660 	DATA 	Keypress: equal
729.8663 	DATA 	Keypress: equal
730.1798 	EXP 	l2q: autoDraw = False
730.1963 	EXP 	vid3_q: autoDraw = True
731.3665 	DATA 	Keypress: equal
732.8662 	DATA 	Keypress: equal
734.3663 	DATA 	Keypress: equal
735.8668 	DATA 	Keypress: equal
737.3664 	DATA 	Keypress: equal
738.8664 	DATA 	Keypress: equal
740.3665 	DATA 	Keypress: equal
741.8665 	DATA 	Keypress: equal
743.3664 	DATA 	Keypress: equal
744.8667 	DATA 	Keypress: equal
746.3665 	DATA 	Keypress: equal
747.8666 	DATA 	Keypress: equal
749.3589 	DATA 	Keypress: equal
750.8664 	DATA 	Keypress: equal
752.3659 	DATA 	Keypress: equal
753.1793 	EXP 	vid3_q: autoDraw = False
753.1960 	EXP 	l3q: autoDraw = True
753.8660 	DATA 	Keypress: equal
755.3658 	DATA 	Keypress: equal
756.1823 	DATA 	Keypress: 2
756.8657 	DATA 	Keypress: equal
757.1793 	EXP 	l3q: autoDraw = False
757.1959 	EXP 	vid4_q: autoDraw = True
758.3665 	DATA 	Keypress: equal
759.8663 	DATA 	Keypress: equal
761.3661 	DATA 	Keypress: equal
762.8664 	DATA 	Keypress: equal
764.3665 	DATA 	Keypress: equal
765.8661 	DATA 	Keypress: equal
767.3663 	DATA 	Keypress: equal
768.8662 	DATA 	Keypress: equal
770.3577 	DATA 	Keypress: equal
771.8659 	DATA 	Keypress: equal
773.3573 	DATA 	Keypress: equal
774.8658 	DATA 	Keypress: equal
776.3659 	DATA 	Keypress: equal
777.8661 	DATA 	Keypress: equal
779.3573 	DATA 	Keypress: equal
780.8661 	DATA 	Keypress: equal
781.1790 	EXP 	vid4_q: autoDraw = False
781.1958 	EXP 	vid5_q: autoDraw = True
782.3663 	DATA 	Keypress: equal
783.8661 	DATA 	Keypress: equal
785.3657 	DATA 	Keypress: equal
786.8656 	DATA 	Keypress: equal
788.3657 	DATA 	Keypress: equal
789.8658 	DATA 	Keypress: equal
791.3660 	DATA 	Keypress: equal
792.8657 	DATA 	Keypress: equal
794.1456 	EXP 	Set vid5_q finished
794.4539 	EXP 	window1: recordFrameIntervals = False
794.4573 	DATA 	Keypress: equal
794.4623 	EXP 	vid1a_q: autoDraw = False
794.4623 	EXP 	vid1b_q: autoDraw = False
794.4623 	EXP 	vid2_q: autoDraw = False
794.4623 	EXP 	l2q: autoDraw = False
794.4623 	EXP 	vid3_q: autoDraw = False
794.4623 	EXP 	l3q: autoDraw = False
794.4623 	EXP 	vid4_q: autoDraw = False
794.4623 	EXP 	vid5_q: autoDraw = False
794.6487 	EXP 	window1: recordFrameIntervals = False
796.2419 	DATA 	Keypress: equal
796.4624 	EXP 	eggPainting1: image = 'stimsday1details/newegg2.png'
796.4624 	EXP 	eggPainting2: image = 'stimsday1details/egg5.png'
796.4624 	EXP 	character1: image = 'stimsday1details/couple5.png'
796.4624 	EXP 	character2: image = 'stimsday1details/newperson2.png'
796.4624 	EXP 	gift1: image = 'stimsday1details/gift5.png'
796.4624 	EXP 	gift2: image = 'stimsday1details/new2.png'
796.4624 	EXP 	themeQ1: image = 'stimsday1details/ct5.png'
796.4624 	EXP 	themeQ2: image = 'stimsday1details/t5.png'
796.4624 	EXP 	nameQ1: image = 'stimsday1details/cn5.png'
796.4624 	EXP 	nameQ2: image = 'stimsday1details/n5.png'
796.4624 	EXP 	nameQ1: autoDraw = True
796.4624 	EXP 	nameQ2: autoDraw = True
797.3657 	DATA 	Keypress: equal
797.7488 	DATA 	Keypress: 2
798.4456 	EXP 	nameQ1: autoDraw = False
798.4456 	EXP 	nameQ2: autoDraw = False
798.4456 	EXP 	nameQ1: autoDraw = False
798.4456 	EXP 	nameQ2: autoDraw = False
798.4456 	EXP 	eggPainting1: autoDraw = True
798.4456 	EXP 	eggPainting2: autoDraw = True
798.8653 	DATA 	Keypress: equal
799.5817 	DATA 	Keypress: 2
800.3658 	DATA 	Keypress: equal
800.4455 	EXP 	eggPainting1: autoDraw = False
800.4455 	EXP 	eggPainting2: autoDraw = False
800.4455 	EXP 	eggPainting1: autoDraw = False
800.4455 	EXP 	eggPainting2: autoDraw = False
800.4455 	EXP 	character1: autoDraw = True
800.4455 	EXP 	character2: autoDraw = True
801.5484 	DATA 	Keypress: 1
801.8650 	DATA 	Keypress: equal
802.4454 	EXP 	character1: autoDraw = False
802.4454 	EXP 	character2: autoDraw = False
802.4454 	EXP 	character1: autoDraw = False
802.4454 	EXP 	character2: autoDraw = False
802.4454 	EXP 	themeQ1: autoDraw = True
802.4454 	EXP 	themeQ2: autoDraw = True
803.3659 	DATA 	Keypress: equal
803.7152 	DATA 	Keypress: 2
804.4455 	EXP 	themeQ1: autoDraw = False
804.4455 	EXP 	themeQ2: autoDraw = False
804.4455 	EXP 	themeQ1: autoDraw = False
804.4455 	EXP 	themeQ2: autoDraw = False
804.4455 	EXP 	gift1: autoDraw = True
804.4455 	EXP 	gift2: autoDraw = True
804.8654 	DATA 	Keypress: equal
805.4328 	DATA 	Keypress: 1
806.3654 	DATA 	Keypress: equal
806.4454 	EXP 	gift1: autoDraw = False
806.4454 	EXP 	gift2: autoDraw = False
806.4454 	EXP 	gift1: autoDraw = False
806.4454 	EXP 	gift2: autoDraw = False
806.4454 	EXP 	northorsouth1: autoDraw = True
806.4454 	EXP 	northorsouth2: autoDraw = True
807.2487 	DATA 	Keypress: 1
807.8652 	DATA 	Keypress: equal
808.7788 	EXP 	northorsouth1: autoDraw = False
808.7788 	EXP 	northorsouth2: autoDraw = False
808.7788 	EXP 	northorsouth1: autoDraw = False
808.7788 	EXP 	northorsouth2: autoDraw = False
809.0872 	EXP 	window1: mouseVisible = True
