1.8316 	WARNING 	Import Error: No module named 'psychtoolbox'. Using event module for keyboard component.
8.3720 	EXP 	Created window1 = Window(allowGUI=False, allowStencil=False, args=UNKNOWN, autoLog=True, bitsMode=UNKNOWN, blendMode='avg', color=array([0., 0., 0.]), colorSpace='rgb', fullscr=<method-wrapper '__getattribute__' of attributeSetter object at 0x1329d57160>, gamma=None, kwargs=UNKNOWN, lms=UNKNOWN, monitor=<psychopy.monitors.calibTools.Monitor object at 0x132b9bdc50>, multiSample=False, name='window1', numSamples=2, pos=[0.0, 0.0], screen=0, size=array([1920, 1080]), stereo=False, units='norm', useFBO=True, useRetina=False, viewOri=0.0, viewPos=None, viewScale=None, waitBlanking=True, winType='pyglet')
8.3721 	EXP 	window1: recordFrameIntervals = False
8.5378 	EXP 	window1: recordFrameIntervals = True
8.7215 	EXP 	window1: recordFrameIntervals = False
8.8440 	EXP 	Created text = TextStim(__class__=<class 'psychopy.visual.text.TextStim'>, alignHoriz='center', alignVert='center', antialias=True, autoLog=True, bold=False, color='white', colorSpace='named', contrast=1.0, depth=0.0, flipHoriz=False, flipVert=False, font='Arial', fontFiles=[], height=0.1, italic=False, languageStyle='LTR', name='text', opacity=1.0, ori=0, pos=array([0., 0.]), rgb=array([255., 255., 255.]), text='waiting for experimenter...', units='norm', win=Window(...), wrapWidth=1)
8.8528 	EXP 	Created waiting = TextStim(__class__=<class 'psychopy.visual.text.TextStim'>, alignHoriz='center', alignVert='center', antialias=True, autoLog=True, bold=False, color='white', colorSpace='named', contrast=1.0, depth=0.0, flipHoriz=False, flipVert=False, font='Arial', fontFiles=[], height=0.1, italic=False, languageStyle='LTR', name='waiting', opacity=1.0, ori=0, pos=array([0., 0.]), rgb=array([255., 255., 255.]), text='waiting for scanner...', units='norm', win=Window(...), wrapWidth=1)
8.8735 	EXP 	Created image_3 = ImageStim(__class__=<class 'psychopy.visual.image.ImageStim'>, autoLog=True, color=array([1., 1., 1.]), colorSpace='rgb', contrast=1.0, depth=0.0, flipHoriz=False, flipVert=False, image='north.png', interpolate=True, mask=None, maskParams=None, name='image_3', opacity=1.0, ori=0.0, pos=array([0., 0.]), size=array([0.8, 0.8]), texRes=128, units='norm', win=Window(...))
8.8837 	EXP 	Created l2q = ImageStim(__class__=<class 'psychopy.visual.image.ImageStim'>, autoLog=True, color=array([1., 1., 1.]), colorSpace='rgb', contrast=1.0, depth=-4.0, flipHoriz=False, flipVert=False, image='LAYER2Q.png', interpolate=True, mask=None, maskParams=None, name='l2q', opacity=1.0, ori=0.0, pos=array([0., 0.]), size=array([0.8, 0.8]), texRes=128, units='norm', win=Window(...))
8.8938 	EXP 	Created l3q = ImageStim(__class__=<class 'psychopy.visual.image.ImageStim'>, autoLog=True, color=array([1., 1., 1.]), colorSpace='rgb', contrast=1.0, depth=-6.0, flipHoriz=False, flipVert=False, image='LAYER3Q.png', interpolate=True, mask=None, maskParams=None, name='l3q', opacity=1.0, ori=0.0, pos=array([0., 0.]), size=array([0.8, 0.8]), texRes=128, units='norm', win=Window(...))
8.8996 	EXP 	Created nameQ1 = ImageStim(__class__=<class 'psychopy.visual.image.ImageStim'>, autoLog=True, color=array([1., 1., 1.]), colorSpace='rgb', contrast=1.0, depth=-1.0, flipHoriz=False, flipVert=False, image='sin', interpolate=True, mask=None, maskParams=None, name='nameQ1', opacity=1.0, ori=0.0, pos=array([-0.5, -0.2]), size=array([0.5, 0.5]), texRes=128, units='norm', win=Window(...))
8.9020 	EXP 	Created nameQ2 = ImageStim(__class__=<class 'psychopy.visual.image.ImageStim'>, autoLog=True, color=array([1., 1., 1.]), colorSpace='rgb', contrast=1.0, depth=-2.0, flipHoriz=False, flipVert=False, image='sin', interpolate=True, mask=None, maskParams=None, name='nameQ2', opacity=1.0, ori=0.0, pos=array([ 0.5, -0.2]), size=array([0.5, 0.5]), texRes=128, units='norm', win=Window(...))
8.9044 	EXP 	Created eggPainting1 = ImageStim(__class__=<class 'psychopy.visual.image.ImageStim'>, autoLog=True, color=array([1., 1., 1.]), colorSpace='rgb', contrast=1.0, depth=0.0, flipHoriz=False, flipVert=False, image='sin', interpolate=True, mask=None, maskParams=None, name='eggPainting1', opacity=1.0, ori=0.0, pos=array([-0.5, -0.2]), size=array([0.7, 1. ]), texRes=128, units='norm', win=Window(...))
8.9068 	EXP 	Created eggPainting2 = ImageStim(__class__=<class 'psychopy.visual.image.ImageStim'>, autoLog=True, color=array([1., 1., 1.]), colorSpace='rgb', contrast=1.0, depth=-2.0, flipHoriz=False, flipVert=False, image='sin', interpolate=True, mask=None, maskParams=None, name='eggPainting2', opacity=1.0, ori=0.0, pos=array([ 0.5, -0.2]), size=array([0.7, 1. ]), texRes=128, units='norm', win=Window(...))
8.9092 	EXP 	Created character1 = ImageStim(__class__=<class 'psychopy.visual.image.ImageStim'>, autoLog=True, color=array([1., 1., 1.]), colorSpace='rgb', contrast=1.0, depth=0.0, flipHoriz=False, flipVert=False, image='sin', interpolate=True, mask=None, maskParams=None, name='character1', opacity=1.0, ori=0.0, pos=array([-0.5, -0.2]), size=array([0.5, 1. ]), texRes=128, units='norm', win=Window(...))
8.9116 	EXP 	Created character2 = ImageStim(__class__=<class 'psychopy.visual.image.ImageStim'>, autoLog=True, color=array([1., 1., 1.]), colorSpace='rgb', contrast=1.0, depth=-1.0, flipHoriz=False, flipVert=False, image='sin', interpolate=True, mask=None, maskParams=None, name='character2', opacity=1.0, ori=0.0, pos=array([ 0.5, -0.2]), size=array([0.5, 1. ]), texRes=128, units='norm', win=Window(...))
8.9140 	EXP 	Created themeQ1 = ImageStim(__class__=<class 'psychopy.visual.image.ImageStim'>, autoLog=True, color=array([1., 1., 1.]), colorSpace='rgb', contrast=1.0, depth=-1.0, flipHoriz=False, flipVert=False, image='sin', interpolate=True, mask=None, maskParams=None, name='themeQ1', opacity=1.0, ori=0.0, pos=array([-0.5, -0.2]), size=array([0.5, 0.5]), texRes=128, units='norm', win=Window(...))
8.9164 	EXP 	Created themeQ2 = ImageStim(__class__=<class 'psychopy.visual.image.ImageStim'>, autoLog=True, color=array([1., 1., 1.]), colorSpace='rgb', contrast=1.0, depth=-2.0, flipHoriz=False, flipVert=False, image='sin', interpolate=True, mask=None, maskParams=None, name='themeQ2', opacity=1.0, ori=0.0, pos=array([ 0.5, -0.2]), size=array([0.5, 0.5]), texRes=128, units='norm', win=Window(...))
8.9192 	EXP 	Created gift1 = ImageStim(__class__=<class 'psychopy.visual.image.ImageStim'>, autoLog=True, color=array([1., 1., 1.]), colorSpace='rgb', contrast=1.0, depth=0.0, flipHoriz=False, flipVert=False, image='sin', interpolate=True, mask=None, maskParams=None, name='gift1', opacity=1.0, ori=0.0, pos=array([-0.5, -0.2]), size=array([0.5, 0.5]), texRes=128, units='norm', win=Window(...))
8.9219 	EXP 	Created gift2 = ImageStim(__class__=<class 'psychopy.visual.image.ImageStim'>, autoLog=True, color=array([1., 1., 1.]), colorSpace='rgb', contrast=1.0, depth=-1.0, flipHoriz=False, flipVert=False, image='sin', interpolate=True, mask=None, maskParams=None, name='gift2', opacity=1.0, ori=0.0, pos=array([ 0.5, -0.2]), size=array([0.5, 0.5]), texRes=128, units='norm', win=Window(...))
8.9260 	EXP 	Created northorsouth1 = ImageStim(__class__=<class 'psychopy.visual.image.ImageStim'>, autoLog=True, color=array([1., 1., 1.]), colorSpace='rgb', contrast=1.0, depth=0.0, flipHoriz=False, flipVert=False, image='northorsouth1.png', interpolate=True, mask=None, maskParams=None, name='northorsouth1', opacity=1.0, ori=0.0, pos=array([-0.5, -0.2]), size=array([0.5, 0.5]), texRes=128, units='norm', win=Window(...))
8.9305 	EXP 	Created northorsouth2 = ImageStim(__class__=<class 'psychopy.visual.image.ImageStim'>, autoLog=True, color=array([1., 1., 1.]), colorSpace='rgb', contrast=1.0, depth=-2.0, flipHoriz=False, flipVert=False, image='northorsouth2.png', interpolate=True, mask=None, maskParams=None, name='northorsouth2', opacity=1.0, ori=0.0, pos=array([ 0.5, -0.2]), size=array([0.5, 0.5]), texRes=128, units='norm', win=Window(...))
8.9544 	EXP 	text: autoDraw = True
9.8751 	DATA 	Keypress: g
9.8880 	EXP 	text: autoDraw = False
9.8880 	EXP 	waiting: autoDraw = True
27.9561 	DATA 	Keypress: equal
27.9680 	EXP 	Imported chooseBlock2.csv as conditions, 6 conditions, 1 params
27.9684 	EXP 	Created sequence: random, trialTypes=6, nReps=1, seed=None
27.9689 	EXP 	New trial (rep=0, index=0): OrderedDict([('condsFile', 'videoBlock_schemaN_pathB_5.csv')])
27.9782 	EXP 	Imported videoBlock_schemaN_pathB_5.csv as conditions, 1 conditions, 17 params
27.9785 	EXP 	Created sequence: random, trialTypes=1, nReps=1, seed=None
27.9791 	EXP 	New trial (rep=0, index=0): OrderedDict([('northOrSouth', 'north.png'), ('stimFile1a', 'stims/wedding-18.1a.mp4'), ('stimFile1b', 'stims/wedding-18.1b.mp4'), ('stimFile2', 'stims/wedding-18.2b.mp4'), ('stimFile3', 'stims/wedding-18.3b.mp4'), ('stimFile4', 'stims/wedding-18.4b.mp4'), ('stimFile5', 'stims/wedding-18.5.mp4'), ('QeggPainting1', 'stimsday1details/newpainting5.png'), ('Qcharacter1', 'stimsday1details/couple18.png'), ('Qgift1', 'stimsday1details/new17.png'), ('QeggPainting2', 'stimsday1details/painting18.png'), ('Qcharacter2', 'stimsday1details/newperson17.png'), ('Qgift2', 'stimsday1details/gift18.png'), ('Qname1', 'stimsday1details/cn18.png'), ('Qtheme1', 'stimsday1details/t18.png'), ('Qname2', 'stimsday1details/n18.png'), ('Qtheme2', 'stimsday1details/ct18.png')])
27.9906 	EXP 	waiting: autoDraw = False
27.9906 	EXP 	image_3: autoDraw = True
29.4561 	DATA 	Keypress: equal
29.9720 	EXP 	Created sequence: random, trialTypes=1, nReps=1, seed=None
29.9723 	EXP 	New trial (rep=0, index=0): None
30.5087 	EXP 	Created vid1a = MovieStim3(__class__=<class 'psychopy.visual.movie3.MovieStim3'>, autoLog=True, color=UNKNOWN, colorSpace=UNKNOWN, depth=-1.0, filename='stims/wedding-18.1a.mp4', flipHoriz=False, flipVert=False, fps=UNKNOWN, interpolate=True, loop=False, name='vid1a', noAudio=False, opacity=1.0, ori=0, pos=array([0., 0.]), size=array([1280.,  720.]), units='pix', vframe_callback=UNKNOWN, volume=UNKNOWN, win=Window(...))
30.8884 	EXP 	Created vid1b = MovieStim3(__class__=<class 'psychopy.visual.movie3.MovieStim3'>, autoLog=True, color=UNKNOWN, colorSpace=UNKNOWN, depth=-2.0, filename='stims/wedding-18.1b.mp4', flipHoriz=False, flipVert=False, fps=UNKNOWN, interpolate=True, loop=False, name='vid1b', noAudio=False, opacity=1.0, ori=0, pos=array([0., 0.]), size=array([1280.,  720.]), units='pix', vframe_callback=UNKNOWN, volume=UNKNOWN, win=Window(...))
31.3489 	EXP 	Created vid2 = MovieStim3(__class__=<class 'psychopy.visual.movie3.MovieStim3'>, autoLog=True, color=UNKNOWN, colorSpace=UNKNOWN, depth=-3.0, filename='stims/wedding-18.2b.mp4', flipHoriz=False, flipVert=False, fps=UNKNOWN, interpolate=True, loop=False, name='vid2', noAudio=False, opacity=1.0, ori=0, pos=array([0., 0.]), size=array([1280.,  720.]), units='pix', vframe_callback=UNKNOWN, volume=UNKNOWN, win=Window(...))
31.8891 	EXP 	Created vid3 = MovieStim3(__class__=<class 'psychopy.visual.movie3.MovieStim3'>, autoLog=True, color=UNKNOWN, colorSpace=UNKNOWN, depth=-4.0, filename='stims/wedding-18.3b.mp4', flipHoriz=False, flipVert=False, fps=UNKNOWN, interpolate=True, loop=False, name='vid3', noAudio=False, opacity=1.0, ori=0, pos=array([0., 0.]), size=array([1280.,  720.]), units='pix', vframe_callback=UNKNOWN, volume=UNKNOWN, win=Window(...))
32.4245 	EXP 	Created vid4 = MovieStim3(__class__=<class 'psychopy.visual.movie3.MovieStim3'>, autoLog=True, color=UNKNOWN, colorSpace=UNKNOWN, depth=-5.0, filename='stims/wedding-18.4b.mp4', flipHoriz=False, flipVert=False, fps=UNKNOWN, interpolate=True, loop=False, name='vid4', noAudio=False, opacity=1.0, ori=0, pos=array([0., 0.]), size=array([1280.,  720.]), units='pix', vframe_callback=UNKNOWN, volume=UNKNOWN, win=Window(...))
32.8373 	EXP 	Created vid5 = MovieStim3(__class__=<class 'psychopy.visual.movie3.MovieStim3'>, autoLog=True, color=UNKNOWN, colorSpace=UNKNOWN, depth=-6.0, filename='stims/wedding-18.5.mp4', flipHoriz=False, flipVert=False, fps=UNKNOWN, interpolate=True, loop=False, name='vid5', noAudio=False, opacity=1.0, ori=0, pos=array([0., 0.]), size=array([1280.,  720.]), units='pix', vframe_callback=UNKNOWN, volume=UNKNOWN, win=Window(...))
32.8795 	EXP 	Created sequence: random, trialTypes=1, nReps=1, seed=None
32.8798 	EXP 	New trial (rep=0, index=0): None
33.3163 	EXP 	Created vid1a_q = MovieStim3(__class__=<class 'psychopy.visual.movie3.MovieStim3'>, autoLog=True, color=UNKNOWN, colorSpace=UNKNOWN, depth=-1.0, filename='stims/wedding-18.1a.mp4', flipHoriz=False, flipVert=False, fps=UNKNOWN, interpolate=True, loop=False, name='vid1a_q', noAudio=False, opacity=1.0, ori=0, pos=array([0., 0.]), size=array([1280.,  720.]), units='pix', vframe_callback=UNKNOWN, volume=UNKNOWN, win=Window(...))
33.6875 	EXP 	Created vid1b_q = MovieStim3(__class__=<class 'psychopy.visual.movie3.MovieStim3'>, autoLog=True, color=UNKNOWN, colorSpace=UNKNOWN, depth=-2.0, filename='stims/wedding-18.1b.mp4', flipHoriz=False, flipVert=False, fps=UNKNOWN, interpolate=True, loop=False, name='vid1b_q', noAudio=False, opacity=1.0, ori=0, pos=array([0., 0.]), size=array([1280.,  720.]), units='pix', vframe_callback=UNKNOWN, volume=UNKNOWN, win=Window(...))
34.1366 	EXP 	Created vid2_q = MovieStim3(__class__=<class 'psychopy.visual.movie3.MovieStim3'>, autoLog=True, color=UNKNOWN, colorSpace=UNKNOWN, depth=-3.0, filename='stims/wedding-18.2b.mp4', flipHoriz=False, flipVert=False, fps=UNKNOWN, interpolate=True, loop=False, name='vid2_q', noAudio=False, opacity=1.0, ori=0, pos=array([0., 0.]), size=array([1280.,  720.]), units='pix', vframe_callback=UNKNOWN, volume=UNKNOWN, win=Window(...))
34.6542 	EXP 	Created vid3_q = MovieStim3(__class__=<class 'psychopy.visual.movie3.MovieStim3'>, autoLog=True, color=UNKNOWN, colorSpace=UNKNOWN, depth=-5.0, filename='stims/wedding-18.3b.mp4', flipHoriz=False, flipVert=False, fps=UNKNOWN, interpolate=True, loop=False, name='vid3_q', noAudio=False, opacity=1.0, ori=0, pos=array([0., 0.]), size=array([1280.,  720.]), units='pix', vframe_callback=UNKNOWN, volume=UNKNOWN, win=Window(...))
35.1702 	EXP 	Created vid4_q = MovieStim3(__class__=<class 'psychopy.visual.movie3.MovieStim3'>, autoLog=True, color=UNKNOWN, colorSpace=UNKNOWN, depth=-7.0, filename='stims/wedding-18.4b.mp4', flipHoriz=False, flipVert=False, fps=UNKNOWN, interpolate=True, loop=False, name='vid4_q', noAudio=False, opacity=1.0, ori=0, pos=array([0., 0.]), size=array([1280.,  720.]), units='pix', vframe_callback=UNKNOWN, volume=UNKNOWN, win=Window(...))
35.5700 	EXP 	Created vid5_q = MovieStim3(__class__=<class 'psychopy.visual.movie3.MovieStim3'>, autoLog=True, color=UNKNOWN, colorSpace=UNKNOWN, depth=-8.0, filename='stims/wedding-18.5.mp4', flipHoriz=False, flipVert=False, fps=UNKNOWN, interpolate=True, loop=False, name='vid5_q', noAudio=False, opacity=1.0, ori=0, pos=array([0., 0.]), size=array([1280.,  720.]), units='pix', vframe_callback=UNKNOWN, volume=UNKNOWN, win=Window(...))
35.5705 	EXP 	window1: recordFrameIntervals = False
35.5742 	DATA 	Keypress: equal
35.5775 	DATA 	Keypress: equal
35.5798 	DATA 	Keypress: equal
35.5821 	DATA 	Keypress: equal
35.5878 	EXP 	image_3: autoDraw = False
35.5878 	EXP 	vid1a: movie = 'stims/wedding-18.1a.mp4'
35.5878 	EXP 	vid1a: autoLog = True
35.5878 	EXP 	vid1b: movie = 'stims/wedding-18.1b.mp4'
35.5878 	EXP 	vid1b: autoLog = True
35.5878 	EXP 	vid2: movie = 'stims/wedding-18.2b.mp4'
35.5878 	EXP 	vid2: autoLog = True
35.5878 	EXP 	vid3: movie = 'stims/wedding-18.3b.mp4'
35.5878 	EXP 	vid3: autoLog = True
35.5878 	EXP 	vid4: movie = 'stims/wedding-18.4b.mp4'
35.5878 	EXP 	vid4: autoLog = True
35.5878 	EXP 	vid5: movie = 'stims/wedding-18.5.mp4'
35.5878 	EXP 	vid5: autoLog = True
35.5878 	EXP 	vid1a: autoDraw = False
35.5878 	EXP 	vid1b: autoDraw = False
35.5878 	EXP 	vid2: autoDraw = False
35.5878 	EXP 	vid3: autoDraw = False
35.5878 	EXP 	vid4: autoDraw = False
35.5878 	EXP 	vid5: autoDraw = False
35.5878 	EXP 	vid1a_q: movie = 'stims/wedding-18.1a.mp4'
35.5878 	EXP 	vid1a_q: autoLog = True
35.5878 	EXP 	vid1b_q: movie = 'stims/wedding-18.1b.mp4'
35.5878 	EXP 	vid1b_q: autoLog = True
35.5878 	EXP 	vid2_q: movie = 'stims/wedding-18.2b.mp4'
35.5878 	EXP 	vid2_q: autoLog = True
35.5878 	EXP 	vid3_q: movie = 'stims/wedding-18.3b.mp4'
35.5878 	EXP 	vid3_q: autoLog = True
35.5878 	EXP 	vid4_q: movie = 'stims/wedding-18.4b.mp4'
35.5878 	EXP 	vid4_q: autoLog = True
35.5878 	EXP 	vid5_q: movie = 'stims/wedding-18.5.mp4'
35.5878 	EXP 	vid5_q: autoLog = True
38.2839 	EXP 	window1: recordFrameIntervals = False
40.3584 	DATA 	Keypress: equal
40.3609 	DATA 	Keypress: equal
40.3629 	DATA 	Keypress: equal
40.5708 	EXP 	vid1a_q: movie = 'stims/wedding-18.1a.mp4'
40.5708 	EXP 	vid1b_q: movie = 'stims/wedding-18.1b.mp4'
40.5708 	EXP 	vid2_q: movie = 'stims/wedding-18.2b.mp4'
40.5708 	EXP 	vid3_q: movie = 'stims/wedding-18.3b.mp4'
40.5708 	EXP 	vid4_q: movie = 'stims/wedding-18.4b.mp4'
40.5708 	EXP 	vid5_q: movie = 'stims/wedding-18.5.mp4'
40.5874 	EXP 	vid1a_q: autoDraw = True
41.4561 	DATA 	Keypress: equal
42.9562 	DATA 	Keypress: equal
44.4560 	DATA 	Keypress: equal
45.9559 	DATA 	Keypress: equal
47.4561 	DATA 	Keypress: equal
48.9560 	DATA 	Keypress: equal
50.4480 	DATA 	Keypress: equal
51.9456 	DATA 	Keypress: equal
53.4472 	DATA 	Keypress: equal
54.9447 	DATA 	Keypress: equal
56.4479 	DATA 	Keypress: equal
56.8872 	EXP 	vid1a_q: autoDraw = False
56.9039 	EXP 	vid1b_q: autoDraw = True
57.9443 	DATA 	Keypress: equal
59.4469 	DATA 	Keypress: equal
60.9738 	DATA 	Keypress: equal
62.4460 	DATA 	Keypress: equal
63.9462 	DATA 	Keypress: equal
65.4561 	DATA 	Keypress: equal
65.5872 	EXP 	Set vid1b_q finished
65.9038 	EXP 	vid2_q: autoDraw = True
66.9464 	DATA 	Keypress: equal
68.4462 	DATA 	Keypress: equal
69.9468 	DATA 	Keypress: equal
71.4452 	DATA 	Keypress: equal
72.9453 	DATA 	Keypress: equal
74.4558 	DATA 	Keypress: equal
75.9556 	DATA 	Keypress: equal
77.4555 	DATA 	Keypress: equal
78.9554 	DATA 	Keypress: equal
80.4556 	DATA 	Keypress: equal
81.9555 	DATA 	Keypress: equal
82.5202 	EXP 	Set vid2_q finished
82.9036 	EXP 	l2q: autoDraw = True
83.4556 	DATA 	Keypress: equal
84.6720 	DATA 	Keypress: 2
84.9554 	DATA 	Keypress: equal
86.4555 	DATA 	Keypress: equal
86.8868 	EXP 	l2q: autoDraw = False
86.9035 	EXP 	vid3_q: autoDraw = True
87.9454 	DATA 	Keypress: equal
89.4469 	DATA 	Keypress: equal
90.9438 	DATA 	Keypress: equal
92.4451 	DATA 	Keypress: equal
93.9447 	DATA 	Keypress: equal
95.4475 	DATA 	Keypress: equal
96.9446 	DATA 	Keypress: equal
98.4553 	DATA 	Keypress: equal
99.9829 	DATA 	Keypress: equal
101.4554 	DATA 	Keypress: equal
102.9556 	DATA 	Keypress: equal
104.4555 	DATA 	Keypress: equal
105.9554 	DATA 	Keypress: equal
107.4551 	DATA 	Keypress: equal
108.9553 	DATA 	Keypress: equal
109.8865 	EXP 	vid3_q: autoDraw = False
109.9032 	EXP 	l3q: autoDraw = True
110.4553 	DATA 	Keypress: equal
111.9551 	DATA 	Keypress: equal
113.4551 	DATA 	Keypress: equal
113.8867 	EXP 	l3q: autoDraw = False
113.9032 	EXP 	vid4_q: autoDraw = True
114.9460 	DATA 	Keypress: equal
116.4742 	DATA 	Keypress: equal
117.9451 	DATA 	Keypress: equal
119.4461 	DATA 	Keypress: equal
120.9462 	DATA 	Keypress: equal
122.4553 	DATA 	Keypress: equal
123.9551 	DATA 	Keypress: equal
125.4551 	DATA 	Keypress: equal
126.9552 	DATA 	Keypress: equal
128.4549 	DATA 	Keypress: equal
129.9550 	DATA 	Keypress: equal
131.4550 	DATA 	Keypress: equal
132.9549 	DATA 	Keypress: equal
134.4550 	DATA 	Keypress: equal
135.9550 	DATA 	Keypress: equal
137.4552 	DATA 	Keypress: equal
137.8864 	EXP 	vid4_q: autoDraw = False
137.9030 	EXP 	vid5_q: autoDraw = True
138.9445 	DATA 	Keypress: equal
140.4459 	DATA 	Keypress: equal
141.9454 	DATA 	Keypress: equal
143.4456 	DATA 	Keypress: equal
144.9445 	DATA 	Keypress: equal
146.4547 	DATA 	Keypress: equal
147.9549 	DATA 	Keypress: equal
149.4551 	DATA 	Keypress: equal
151.0180 	EXP 	window1: recordFrameIntervals = False
151.0201 	DATA 	Keypress: equal
151.0362 	EXP 	vid5_q: autoDraw = False
151.0362 	EXP 	vid1a_q: autoDraw = False
151.0362 	EXP 	vid1b_q: autoDraw = False
151.0362 	EXP 	vid2_q: autoDraw = False
151.0362 	EXP 	l2q: autoDraw = False
151.0362 	EXP 	vid3_q: autoDraw = False
151.0362 	EXP 	l3q: autoDraw = False
151.0362 	EXP 	vid4_q: autoDraw = False
151.0362 	EXP 	vid5_q: autoDraw = False
151.2411 	EXP 	window1: recordFrameIntervals = False
152.8041 	DATA 	Keypress: equal
153.0360 	EXP 	eggPainting1: image = 'stimsday1details/newpainting5.png'
153.0360 	EXP 	eggPainting2: image = 'stimsday1details/painting18.png'
153.0360 	EXP 	character1: image = 'stimsday1details/couple18.png'
153.0360 	EXP 	character2: image = 'stimsday1details/newperson17.png'
153.0360 	EXP 	gift1: image = 'stimsday1details/new17.png'
153.0360 	EXP 	gift2: image = 'stimsday1details/gift18.png'
153.0360 	EXP 	themeQ1: image = 'stimsday1details/t18.png'
153.0360 	EXP 	themeQ2: image = 'stimsday1details/ct18.png'
153.0360 	EXP 	nameQ1: image = 'stimsday1details/cn18.png'
153.0360 	EXP 	nameQ2: image = 'stimsday1details/n18.png'
153.0360 	EXP 	nameQ1: autoDraw = True
153.0360 	EXP 	nameQ2: autoDraw = True
153.9547 	DATA 	Keypress: equal
154.2711 	DATA 	Keypress: 2
155.0194 	EXP 	nameQ1: autoDraw = False
155.0194 	EXP 	nameQ2: autoDraw = False
155.0194 	EXP 	nameQ1: autoDraw = False
155.0194 	EXP 	nameQ2: autoDraw = False
155.0194 	EXP 	eggPainting1: autoDraw = True
155.0194 	EXP 	eggPainting2: autoDraw = True
155.4545 	DATA 	Keypress: equal
156.2543 	DATA 	Keypress: 2
156.9544 	DATA 	Keypress: equal
157.0193 	EXP 	eggPainting1: autoDraw = False
157.0193 	EXP 	eggPainting2: autoDraw = False
157.0193 	EXP 	eggPainting1: autoDraw = False
157.0193 	EXP 	eggPainting2: autoDraw = False
157.0193 	EXP 	character1: autoDraw = True
157.0193 	EXP 	character2: autoDraw = True
157.9212 	DATA 	Keypress: 1
158.4546 	DATA 	Keypress: equal
159.0193 	EXP 	character1: autoDraw = False
159.0193 	EXP 	character2: autoDraw = False
159.0193 	EXP 	character1: autoDraw = False
159.0193 	EXP 	character2: autoDraw = False
159.0193 	EXP 	themeQ1: autoDraw = True
159.0193 	EXP 	themeQ2: autoDraw = True
159.9547 	DATA 	Keypress: equal
160.9043 	DATA 	Keypress: 1
161.0192 	EXP 	themeQ1: autoDraw = False
161.0192 	EXP 	themeQ2: autoDraw = False
161.0192 	EXP 	themeQ1: autoDraw = False
161.0192 	EXP 	themeQ2: autoDraw = False
161.0192 	EXP 	gift1: autoDraw = True
161.0192 	EXP 	gift2: autoDraw = True
161.4544 	DATA 	Keypress: equal
161.8874 	DATA 	Keypress: 2
162.9547 	DATA 	Keypress: equal
163.0192 	EXP 	gift1: autoDraw = False
163.0192 	EXP 	gift2: autoDraw = False
163.0192 	EXP 	gift1: autoDraw = False
163.0192 	EXP 	gift2: autoDraw = False
163.0192 	EXP 	northorsouth1: autoDraw = True
163.0192 	EXP 	northorsouth2: autoDraw = True
163.8041 	DATA 	Keypress: 1
164.4542 	DATA 	Keypress: equal
165.1819 	EXP 	New trial (rep=0, index=1): OrderedDict([('condsFile', 'videoBlock_schemaN_pathB_4.csv')])
165.1945 	EXP 	Imported videoBlock_schemaN_pathB_4.csv as conditions, 1 conditions, 17 params
165.1950 	EXP 	Created sequence: random, trialTypes=1, nReps=1, seed=None
165.1957 	EXP 	New trial (rep=0, index=0): OrderedDict([('northOrSouth', 'north.png'), ('stimFile1a', 'stims/wedding-12.1a.mp4'), ('stimFile1b', 'stims/wedding-12.1b.mp4'), ('stimFile2', 'stims/wedding-12.2b.mp4'), ('stimFile3', 'stims/wedding-12.3b.mp4'), ('stimFile4', 'stims/wedding-12.4b.mp4'), ('stimFile5', 'stims/wedding-12.5.mp4'), ('QeggPainting1', 'stimsday1details/painting12.png'), ('Qcharacter1', 'stimsday1details/couple12.png'), ('Qgift1', 'stimsday1details/gift12.png'), ('QeggPainting2', 'stimsday1details/newpainting4.png'), ('Qcharacter2', 'stimsday1details/newperson16.png'), ('Qgift2', 'stimsday1details/new16.png'), ('Qname1', 'stimsday1details/n12.png'), ('Qtheme1', 'stimsday1details/t12.png'), ('Qname2', 'stimsday1details/cn12.png'), ('Qtheme2', 'stimsday1details/ct12.png')])
165.2025 	EXP 	northorsouth1: autoDraw = False
165.2025 	EXP 	northorsouth2: autoDraw = False
165.2025 	EXP 	northorsouth1: autoDraw = False
165.2025 	EXP 	northorsouth2: autoDraw = False
165.2025 	EXP 	image_3: autoDraw = True
165.9547 	DATA 	Keypress: equal
167.1872 	EXP 	Created sequence: random, trialTypes=1, nReps=1, seed=None
167.1875 	EXP 	New trial (rep=0, index=0): None
167.6180 	EXP 	Created vid1a = MovieStim3(__class__=<class 'psychopy.visual.movie3.MovieStim3'>, autoLog=True, color=UNKNOWN, colorSpace=UNKNOWN, depth=-1.0, filename='stims/wedding-12.1a.mp4', flipHoriz=False, flipVert=False, fps=UNKNOWN, interpolate=True, loop=False, name='vid1a', noAudio=False, opacity=1.0, ori=0, pos=array([0., 0.]), size=array([1280.,  720.]), units='pix', vframe_callback=UNKNOWN, volume=UNKNOWN, win=Window(...))
167.9994 	EXP 	Created vid1b = MovieStim3(__class__=<class 'psychopy.visual.movie3.MovieStim3'>, autoLog=True, color=UNKNOWN, colorSpace=UNKNOWN, depth=-2.0, filename='stims/wedding-12.1b.mp4', flipHoriz=False, flipVert=False, fps=UNKNOWN, interpolate=True, loop=False, name='vid1b', noAudio=False, opacity=1.0, ori=0, pos=array([0., 0.]), size=array([1280.,  720.]), units='pix', vframe_callback=UNKNOWN, volume=UNKNOWN, win=Window(...))
168.4184 	EXP 	Created vid2 = MovieStim3(__class__=<class 'psychopy.visual.movie3.MovieStim3'>, autoLog=True, color=UNKNOWN, colorSpace=UNKNOWN, depth=-3.0, filename='stims/wedding-12.2b.mp4', flipHoriz=False, flipVert=False, fps=UNKNOWN, interpolate=True, loop=False, name='vid2', noAudio=False, opacity=1.0, ori=0, pos=array([0., 0.]), size=array([1280.,  720.]), units='pix', vframe_callback=UNKNOWN, volume=UNKNOWN, win=Window(...))
168.9575 	EXP 	Created vid3 = MovieStim3(__class__=<class 'psychopy.visual.movie3.MovieStim3'>, autoLog=True, color=UNKNOWN, colorSpace=UNKNOWN, depth=-4.0, filename='stims/wedding-12.3b.mp4', flipHoriz=False, flipVert=False, fps=UNKNOWN, interpolate=True, loop=False, name='vid3', noAudio=False, opacity=1.0, ori=0, pos=array([0., 0.]), size=array([1280.,  720.]), units='pix', vframe_callback=UNKNOWN, volume=UNKNOWN, win=Window(...))
169.4336 	EXP 	Created vid4 = MovieStim3(__class__=<class 'psychopy.visual.movie3.MovieStim3'>, autoLog=True, color=UNKNOWN, colorSpace=UNKNOWN, depth=-5.0, filename='stims/wedding-12.4b.mp4', flipHoriz=False, flipVert=False, fps=UNKNOWN, interpolate=True, loop=False, name='vid4', noAudio=False, opacity=1.0, ori=0, pos=array([0., 0.]), size=array([1280.,  720.]), units='pix', vframe_callback=UNKNOWN, volume=UNKNOWN, win=Window(...))
169.8280 	EXP 	Created vid5 = MovieStim3(__class__=<class 'psychopy.visual.movie3.MovieStim3'>, autoLog=True, color=UNKNOWN, colorSpace=UNKNOWN, depth=-6.0, filename='stims/wedding-12.5.mp4', flipHoriz=False, flipVert=False, fps=UNKNOWN, interpolate=True, loop=False, name='vid5', noAudio=False, opacity=1.0, ori=0, pos=array([0., 0.]), size=array([1280.,  720.]), units='pix', vframe_callback=UNKNOWN, volume=UNKNOWN, win=Window(...))
169.9474 	EXP 	window1: recordFrameIntervals = False
169.9509 	DATA 	Keypress: equal
169.9538 	DATA 	Keypress: equal
169.9691 	EXP 	image_3: autoDraw = False
169.9691 	EXP 	image_3: autoDraw = False
169.9691 	EXP 	vid1a: movie = 'stims/wedding-12.1a.mp4'
169.9691 	EXP 	vid1a: autoLog = True
169.9691 	EXP 	vid1b: movie = 'stims/wedding-12.1b.mp4'
169.9691 	EXP 	vid1b: autoLog = True
169.9691 	EXP 	vid2: movie = 'stims/wedding-12.2b.mp4'
169.9691 	EXP 	vid2: autoLog = True
169.9691 	EXP 	vid3: movie = 'stims/wedding-12.3b.mp4'
169.9691 	EXP 	vid3: autoLog = True
169.9691 	EXP 	vid4: movie = 'stims/wedding-12.4b.mp4'
169.9691 	EXP 	vid4: autoLog = True
169.9691 	EXP 	vid5: movie = 'stims/wedding-12.5.mp4'
169.9691 	EXP 	vid5: autoLog = True
172.5550 	EXP 	window1: recordFrameIntervals = False
174.7355 	DATA 	Keypress: equal
174.7379 	DATA 	Keypress: equal
174.7399 	DATA 	Keypress: equal
174.9361 	EXP 	vid1a: movie = 'stims/wedding-12.1a.mp4'
174.9361 	EXP 	vid1b: movie = 'stims/wedding-12.1b.mp4'
174.9361 	EXP 	vid2: movie = 'stims/wedding-12.2b.mp4'
174.9361 	EXP 	vid3: movie = 'stims/wedding-12.3b.mp4'
174.9361 	EXP 	vid4: movie = 'stims/wedding-12.4b.mp4'
174.9361 	EXP 	vid5: movie = 'stims/wedding-12.5.mp4'
174.9436 	DATA 	Keypress: equal
174.9524 	EXP 	vid1a: autoDraw = True
176.4543 	DATA 	Keypress: equal
177.9543 	DATA 	Keypress: equal
179.4544 	DATA 	Keypress: equal
180.9384 	DATA 	Keypress: equal
182.4382 	DATA 	Keypress: equal
183.9452 	DATA 	Keypress: equal
185.4456 	DATA 	Keypress: equal
186.9453 	DATA 	Keypress: equal
188.4453 	DATA 	Keypress: equal
189.9450 	DATA 	Keypress: equal
191.2022 	EXP 	vid1a: autoDraw = False
191.2189 	EXP 	vid1b: autoDraw = True
191.4544 	DATA 	Keypress: equal
192.9386 	DATA 	Keypress: equal
194.4543 	DATA 	Keypress: equal
195.9383 	DATA 	Keypress: equal
197.4543 	DATA 	Keypress: equal
198.9588 	DATA 	Keypress: equal
199.2021 	EXP 	vid1b: autoDraw = False
199.2188 	EXP 	vid2: autoDraw = True
200.4540 	DATA 	Keypress: equal
201.9457 	DATA 	Keypress: equal
203.4382 	DATA 	Keypress: equal
204.9539 	DATA 	Keypress: equal
206.4374 	DATA 	Keypress: equal
207.9443 	DATA 	Keypress: equal
209.4448 	DATA 	Keypress: equal
210.9452 	DATA 	Keypress: equal
212.4451 	DATA 	Keypress: equal
213.9451 	DATA 	Keypress: equal
215.4443 	DATA 	Keypress: equal
216.1019 	EXP 	Set vid2 finished
216.2188 	EXP 	vid3: autoDraw = True
216.9375 	DATA 	Keypress: equal
218.4377 	DATA 	Keypress: equal
219.9379 	DATA 	Keypress: equal
221.4374 	DATA 	Keypress: equal
222.9376 	DATA 	Keypress: equal
224.4379 	DATA 	Keypress: equal
225.9442 	DATA 	Keypress: equal
227.4438 	DATA 	Keypress: equal
228.9373 	DATA 	Keypress: equal
230.4373 	DATA 	Keypress: equal
231.9370 	DATA 	Keypress: equal
233.4368 	DATA 	Keypress: equal
234.9367 	DATA 	Keypress: equal
236.4388 	DATA 	Keypress: equal
237.9371 	DATA 	Keypress: equal
239.2017 	EXP 	vid3: autoDraw = False
239.2185 	EXP 	vid4: autoDraw = True
239.4368 	DATA 	Keypress: equal
240.9370 	DATA 	Keypress: equal
242.4369 	DATA 	Keypress: equal
243.9372 	DATA 	Keypress: equal
245.4369 	DATA 	Keypress: equal
246.9367 	DATA 	Keypress: equal
248.4368 	DATA 	Keypress: equal
249.9367 	DATA 	Keypress: equal
251.4367 	DATA 	Keypress: equal
252.9370 	DATA 	Keypress: equal
254.4368 	DATA 	Keypress: equal
255.9369 	DATA 	Keypress: equal
257.4366 	DATA 	Keypress: equal
258.9367 	DATA 	Keypress: equal
260.4364 	DATA 	Keypress: equal
261.9366 	DATA 	Keypress: equal
262.2680 	EXP 	Set vid4 finished
263.2181 	EXP 	vid5: autoDraw = True
263.4367 	DATA 	Keypress: equal
264.9369 	DATA 	Keypress: equal
266.4368 	DATA 	Keypress: equal
267.9366 	DATA 	Keypress: equal
269.4367 	DATA 	Keypress: equal
270.9364 	DATA 	Keypress: equal
272.4366 	DATA 	Keypress: equal
273.9366 	DATA 	Keypress: equal
275.2678 	EXP 	Set vid5 finished
275.3780 	EXP 	Created sequence: random, trialTypes=1, nReps=1, seed=None
275.3783 	EXP 	New trial (rep=0, index=0): None
275.8050 	EXP 	Created vid1a_q = MovieStim3(__class__=<class 'psychopy.visual.movie3.MovieStim3'>, autoLog=True, color=UNKNOWN, colorSpace=UNKNOWN, depth=-1.0, filename='stims/wedding-12.1a.mp4', flipHoriz=False, flipVert=False, fps=UNKNOWN, interpolate=True, loop=False, name='vid1a_q', noAudio=False, opacity=1.0, ori=0, pos=array([0., 0.]), size=array([1280.,  720.]), units='pix', vframe_callback=UNKNOWN, volume=UNKNOWN, win=Window(...))
276.1790 	EXP 	Created vid1b_q = MovieStim3(__class__=<class 'psychopy.visual.movie3.MovieStim3'>, autoLog=True, color=UNKNOWN, colorSpace=UNKNOWN, depth=-2.0, filename='stims/wedding-12.1b.mp4', flipHoriz=False, flipVert=False, fps=UNKNOWN, interpolate=True, loop=False, name='vid1b_q', noAudio=False, opacity=1.0, ori=0, pos=array([0., 0.]), size=array([1280.,  720.]), units='pix', vframe_callback=UNKNOWN, volume=UNKNOWN, win=Window(...))
276.5914 	EXP 	Created vid2_q = MovieStim3(__class__=<class 'psychopy.visual.movie3.MovieStim3'>, autoLog=True, color=UNKNOWN, colorSpace=UNKNOWN, depth=-3.0, filename='stims/wedding-12.2b.mp4', flipHoriz=False, flipVert=False, fps=UNKNOWN, interpolate=True, loop=False, name='vid2_q', noAudio=False, opacity=1.0, ori=0, pos=array([0., 0.]), size=array([1280.,  720.]), units='pix', vframe_callback=UNKNOWN, volume=UNKNOWN, win=Window(...))
277.1143 	EXP 	Created vid3_q = MovieStim3(__class__=<class 'psychopy.visual.movie3.MovieStim3'>, autoLog=True, color=UNKNOWN, colorSpace=UNKNOWN, depth=-5.0, filename='stims/wedding-12.3b.mp4', flipHoriz=False, flipVert=False, fps=UNKNOWN, interpolate=True, loop=False, name='vid3_q', noAudio=False, opacity=1.0, ori=0, pos=array([0., 0.]), size=array([1280.,  720.]), units='pix', vframe_callback=UNKNOWN, volume=UNKNOWN, win=Window(...))
277.5782 	EXP 	Created vid4_q = MovieStim3(__class__=<class 'psychopy.visual.movie3.MovieStim3'>, autoLog=True, color=UNKNOWN, colorSpace=UNKNOWN, depth=-7.0, filename='stims/wedding-12.4b.mp4', flipHoriz=False, flipVert=False, fps=UNKNOWN, interpolate=True, loop=False, name='vid4_q', noAudio=False, opacity=1.0, ori=0, pos=array([0., 0.]), size=array([1280.,  720.]), units='pix', vframe_callback=UNKNOWN, volume=UNKNOWN, win=Window(...))
277.9597 	EXP 	Created vid5_q = MovieStim3(__class__=<class 'psychopy.visual.movie3.MovieStim3'>, autoLog=True, color=UNKNOWN, colorSpace=UNKNOWN, depth=-8.0, filename='stims/wedding-12.5.mp4', flipHoriz=False, flipVert=False, fps=UNKNOWN, interpolate=True, loop=False, name='vid5_q', noAudio=False, opacity=1.0, ori=0, pos=array([0., 0.]), size=array([1280.,  720.]), units='pix', vframe_callback=UNKNOWN, volume=UNKNOWN, win=Window(...))
278.1633 	EXP 	window1: recordFrameIntervals = False
278.1666 	DATA 	Keypress: equal
278.1689 	DATA 	Keypress: equal
278.1847 	EXP 	vid1a: autoDraw = False
278.1847 	EXP 	vid1b: autoDraw = False
278.1847 	EXP 	vid2: autoDraw = False
278.1847 	EXP 	vid3: autoDraw = False
278.1847 	EXP 	vid4: autoDraw = False
278.1847 	EXP 	vid5: autoDraw = False
278.1847 	EXP 	vid1a_q: movie = 'stims/wedding-12.1a.mp4'
278.1847 	EXP 	vid1a_q: autoLog = True
278.1847 	EXP 	vid1b_q: movie = 'stims/wedding-12.1b.mp4'
278.1847 	EXP 	vid1b_q: autoLog = True
278.1847 	EXP 	vid2_q: movie = 'stims/wedding-12.2b.mp4'
278.1847 	EXP 	vid2_q: autoLog = True
278.1847 	EXP 	vid3_q: movie = 'stims/wedding-12.3b.mp4'
278.1847 	EXP 	vid3_q: autoLog = True
278.1847 	EXP 	vid4_q: movie = 'stims/wedding-12.4b.mp4'
278.1847 	EXP 	vid4_q: autoLog = True
278.1847 	EXP 	vid5_q: movie = 'stims/wedding-12.5.mp4'
278.1847 	EXP 	vid5_q: autoLog = True
278.1847 	EXP 	vid1a_q: autoDraw = False
278.1847 	EXP 	vid1b_q: autoDraw = False
278.1847 	EXP 	vid2_q: autoDraw = False
278.1847 	EXP 	l2q: autoDraw = False
278.1847 	EXP 	vid3_q: autoDraw = False
278.1847 	EXP 	l3q: autoDraw = False
278.1847 	EXP 	vid4_q: autoDraw = False
278.1847 	EXP 	vid5_q: autoDraw = False
278.3668 	EXP 	window1: recordFrameIntervals = False
279.9500 	DATA 	Keypress: equal
279.9522 	DATA 	Keypress: equal
280.1844 	EXP 	eggPainting1: image = 'stimsday1details/painting12.png'
280.1844 	EXP 	eggPainting2: image = 'stimsday1details/newpainting4.png'
280.1844 	EXP 	character1: image = 'stimsday1details/couple12.png'
280.1844 	EXP 	character2: image = 'stimsday1details/newperson16.png'
280.1844 	EXP 	gift1: image = 'stimsday1details/gift12.png'
280.1844 	EXP 	gift2: image = 'stimsday1details/new16.png'
280.1844 	EXP 	themeQ1: image = 'stimsday1details/t12.png'
280.1844 	EXP 	themeQ2: image = 'stimsday1details/ct12.png'
280.1844 	EXP 	nameQ1: image = 'stimsday1details/n12.png'
280.1844 	EXP 	nameQ2: image = 'stimsday1details/cn12.png'
280.1844 	EXP 	nameQ1: autoDraw = True
280.1844 	EXP 	nameQ2: autoDraw = True
281.1864 	DATA 	Keypress: 1
281.4359 	DATA 	Keypress: equal
282.1677 	EXP 	nameQ1: autoDraw = False
282.1677 	EXP 	nameQ2: autoDraw = False
282.1677 	EXP 	nameQ1: autoDraw = False
282.1677 	EXP 	nameQ2: autoDraw = False
282.1677 	EXP 	eggPainting1: autoDraw = True
282.1677 	EXP 	eggPainting2: autoDraw = True
282.9363 	DATA 	Keypress: equal
283.2524 	DATA 	Keypress: 1
284.1676 	EXP 	eggPainting1: autoDraw = False
284.1676 	EXP 	eggPainting2: autoDraw = False
284.1676 	EXP 	eggPainting1: autoDraw = False
284.1676 	EXP 	eggPainting2: autoDraw = False
284.1676 	EXP 	character1: autoDraw = True
284.1676 	EXP 	character2: autoDraw = True
284.4361 	DATA 	Keypress: equal
285.4195 	DATA 	Keypress: 1
285.9358 	DATA 	Keypress: equal
286.1677 	EXP 	character1: autoDraw = False
286.1677 	EXP 	character2: autoDraw = False
286.1677 	EXP 	character1: autoDraw = False
286.1677 	EXP 	character2: autoDraw = False
286.1677 	EXP 	themeQ1: autoDraw = True
286.1677 	EXP 	themeQ2: autoDraw = True
287.0530 	DATA 	Keypress: 1
287.4362 	DATA 	Keypress: equal
288.1676 	EXP 	themeQ1: autoDraw = False
288.1676 	EXP 	themeQ2: autoDraw = False
288.1676 	EXP 	themeQ1: autoDraw = False
288.1676 	EXP 	themeQ2: autoDraw = False
288.1676 	EXP 	gift1: autoDraw = True
288.1676 	EXP 	gift2: autoDraw = True
288.9362 	DATA 	Keypress: equal
289.0189 	DATA 	Keypress: 1
290.1678 	EXP 	gift1: autoDraw = False
290.1678 	EXP 	gift2: autoDraw = False
290.1678 	EXP 	gift1: autoDraw = False
290.1678 	EXP 	gift2: autoDraw = False
290.1678 	EXP 	northorsouth1: autoDraw = True
290.1678 	EXP 	northorsouth2: autoDraw = True
290.4363 	DATA 	Keypress: equal
291.1025 	DATA 	Keypress: 1
291.9359 	DATA 	Keypress: equal
292.3620 	EXP 	New trial (rep=0, index=2): OrderedDict([('condsFile', 'videoBlock_schemaN_pathA_6.csv')])
292.3745 	EXP 	Imported videoBlock_schemaN_pathA_6.csv as conditions, 1 conditions, 17 params
292.3749 	EXP 	Created sequence: random, trialTypes=1, nReps=1, seed=None
292.3757 	EXP 	New trial (rep=0, index=0): OrderedDict([('northOrSouth', 'north.png'), ('stimFile1a', 'stims/wedding-40.1a.mp4'), ('stimFile1b', 'stims/wedding-40.1b.mp4'), ('stimFile2', 'stims/wedding-40.2a.mp4'), ('stimFile3', 'stims/wedding-40.3a.mp4'), ('stimFile4', 'stims/wedding-40.4a.mp4'), ('stimFile5', 'stims/wedding-40.5.mp4'), ('QeggPainting1', 'stimsday1details/newegg6.png'), ('Qcharacter1', 'stimsday1details/newperson6.png'), ('Qgift1', 'stimsday1details/new6.png'), ('QeggPainting2', 'stimsday1details/egg40.png'), ('Qcharacter2', 'stimsday1details/couple40.png'), ('Qgift2', 'stimsday1details/gift40.png'), ('Qname1', 'stimsday1details/n40.png'), ('Qtheme1', 'stimsday1details/t40.png'), ('Qname2', 'stimsday1details/cn40.png'), ('Qtheme2', 'stimsday1details/ct40.png')])
292.3842 	EXP 	northorsouth1: autoDraw = False
292.3842 	EXP 	northorsouth2: autoDraw = False
292.3842 	EXP 	northorsouth1: autoDraw = False
292.3842 	EXP 	northorsouth2: autoDraw = False
292.3842 	EXP 	image_3: autoDraw = True
293.4361 	DATA 	Keypress: equal
294.3691 	EXP 	Created sequence: random, trialTypes=1, nReps=1, seed=None
294.3694 	EXP 	New trial (rep=0, index=0): None
294.8013 	EXP 	Created vid1a = MovieStim3(__class__=<class 'psychopy.visual.movie3.MovieStim3'>, autoLog=True, color=UNKNOWN, colorSpace=UNKNOWN, depth=-1.0, filename='stims/wedding-40.1a.mp4', flipHoriz=False, flipVert=False, fps=UNKNOWN, interpolate=True, loop=False, name='vid1a', noAudio=False, opacity=1.0, ori=0, pos=array([0., 0.]), size=array([1280.,  720.]), units='pix', vframe_callback=UNKNOWN, volume=UNKNOWN, win=Window(...))
295.1478 	EXP 	Created vid1b = MovieStim3(__class__=<class 'psychopy.visual.movie3.MovieStim3'>, autoLog=True, color=UNKNOWN, colorSpace=UNKNOWN, depth=-2.0, filename='stims/wedding-40.1b.mp4', flipHoriz=False, flipVert=False, fps=UNKNOWN, interpolate=True, loop=False, name='vid1b', noAudio=False, opacity=1.0, ori=0, pos=array([0., 0.]), size=array([1280.,  720.]), units='pix', vframe_callback=UNKNOWN, volume=UNKNOWN, win=Window(...))
295.6246 	EXP 	Created vid2 = MovieStim3(__class__=<class 'psychopy.visual.movie3.MovieStim3'>, autoLog=True, color=UNKNOWN, colorSpace=UNKNOWN, depth=-3.0, filename='stims/wedding-40.2a.mp4', flipHoriz=False, flipVert=False, fps=UNKNOWN, interpolate=True, loop=False, name='vid2', noAudio=False, opacity=1.0, ori=0, pos=array([0., 0.]), size=array([1280.,  720.]), units='pix', vframe_callback=UNKNOWN, volume=UNKNOWN, win=Window(...))
296.0986 	EXP 	Created vid3 = MovieStim3(__class__=<class 'psychopy.visual.movie3.MovieStim3'>, autoLog=True, color=UNKNOWN, colorSpace=UNKNOWN, depth=-4.0, filename='stims/wedding-40.3a.mp4', flipHoriz=False, flipVert=False, fps=UNKNOWN, interpolate=True, loop=False, name='vid3', noAudio=False, opacity=1.0, ori=0, pos=array([0., 0.]), size=array([1280.,  720.]), units='pix', vframe_callback=UNKNOWN, volume=UNKNOWN, win=Window(...))
296.5855 	EXP 	Created vid4 = MovieStim3(__class__=<class 'psychopy.visual.movie3.MovieStim3'>, autoLog=True, color=UNKNOWN, colorSpace=UNKNOWN, depth=-5.0, filename='stims/wedding-40.4a.mp4', flipHoriz=False, flipVert=False, fps=UNKNOWN, interpolate=True, loop=False, name='vid4', noAudio=False, opacity=1.0, ori=0, pos=array([0., 0.]), size=array([1280.,  720.]), units='pix', vframe_callback=UNKNOWN, volume=UNKNOWN, win=Window(...))
297.0026 	EXP 	Created vid5 = MovieStim3(__class__=<class 'psychopy.visual.movie3.MovieStim3'>, autoLog=True, color=UNKNOWN, colorSpace=UNKNOWN, depth=-6.0, filename='stims/wedding-40.5.mp4', flipHoriz=False, flipVert=False, fps=UNKNOWN, interpolate=True, loop=False, name='vid5', noAudio=False, opacity=1.0, ori=0, pos=array([0., 0.]), size=array([1280.,  720.]), units='pix', vframe_callback=UNKNOWN, volume=UNKNOWN, win=Window(...))
297.0919 	EXP 	window1: recordFrameIntervals = False
297.0952 	DATA 	Keypress: equal
297.0977 	DATA 	Keypress: equal
297.1177 	EXP 	image_3: autoDraw = False
297.1177 	EXP 	image_3: autoDraw = False
297.1177 	EXP 	vid1a: movie = 'stims/wedding-40.1a.mp4'
297.1177 	EXP 	vid1a: autoLog = True
297.1177 	EXP 	vid1b: movie = 'stims/wedding-40.1b.mp4'
297.1177 	EXP 	vid1b: autoLog = True
297.1177 	EXP 	vid2: movie = 'stims/wedding-40.2a.mp4'
297.1177 	EXP 	vid2: autoLog = True
297.1177 	EXP 	vid3: movie = 'stims/wedding-40.3a.mp4'
297.1177 	EXP 	vid3: autoLog = True
297.1177 	EXP 	vid4: movie = 'stims/wedding-40.4a.mp4'
297.1177 	EXP 	vid4: autoLog = True
297.1177 	EXP 	vid5: movie = 'stims/wedding-40.5.mp4'
297.1177 	EXP 	vid5: autoLog = True
299.7003 	EXP 	window1: recordFrameIntervals = False
301.8799 	DATA 	Keypress: equal
301.8822 	DATA 	Keypress: equal
301.8842 	DATA 	Keypress: equal
302.0874 	EXP 	vid1a: movie = 'stims/wedding-40.1a.mp4'
302.0874 	EXP 	vid1b: movie = 'stims/wedding-40.1b.mp4'
302.0874 	EXP 	vid2: movie = 'stims/wedding-40.2a.mp4'
302.0874 	EXP 	vid3: movie = 'stims/wedding-40.3a.mp4'
302.0874 	EXP 	vid4: movie = 'stims/wedding-40.4a.mp4'
302.0874 	EXP 	vid5: movie = 'stims/wedding-40.5.mp4'
302.1010 	EXP 	vid1a: autoDraw = True
302.4361 	DATA 	Keypress: equal
303.9362 	DATA 	Keypress: equal
305.4364 	DATA 	Keypress: equal
306.9363 	DATA 	Keypress: equal
308.4359 	DATA 	Keypress: equal
309.9361 	DATA 	Keypress: equal
311.4360 	DATA 	Keypress: equal
312.9361 	DATA 	Keypress: equal
314.4362 	DATA 	Keypress: equal
315.9362 	DATA 	Keypress: equal
317.4363 	DATA 	Keypress: equal
318.3839 	EXP 	vid1a: autoDraw = False
318.4006 	EXP 	vid1b: autoDraw = True
318.9360 	DATA 	Keypress: equal
320.4360 	DATA 	Keypress: equal
321.9360 	DATA 	Keypress: equal
323.4362 	DATA 	Keypress: equal
324.9642 	DATA 	Keypress: equal
326.1672 	EXP 	Set vid1b finished
326.4006 	EXP 	vid2: autoDraw = True
326.4358 	DATA 	Keypress: equal
327.9357 	DATA 	Keypress: equal
329.4356 	DATA 	Keypress: equal
330.9357 	DATA 	Keypress: equal
332.4358 	DATA 	Keypress: equal
333.9356 	DATA 	Keypress: equal
335.4359 	DATA 	Keypress: equal
336.9359 	DATA 	Keypress: equal
338.4358 	DATA 	Keypress: equal
339.9359 	DATA 	Keypress: equal
341.4359 	DATA 	Keypress: equal
342.9358 	DATA 	Keypress: equal
343.0838 	EXP 	Set vid2 finished
343.4003 	EXP 	vid3: autoDraw = True
344.4359 	DATA 	Keypress: equal
345.9356 	DATA 	Keypress: equal
347.4356 	DATA 	Keypress: equal
348.9357 	DATA 	Keypress: equal
350.4356 	DATA 	Keypress: equal
351.9356 	DATA 	Keypress: equal
353.4356 	DATA 	Keypress: equal
354.9356 	DATA 	Keypress: equal
356.4357 	DATA 	Keypress: equal
357.9357 	DATA 	Keypress: equal
359.4354 	DATA 	Keypress: equal
360.9353 	DATA 	Keypress: equal
362.4353 	DATA 	Keypress: equal
363.9356 	DATA 	Keypress: equal
365.4352 	DATA 	Keypress: equal
366.3834 	EXP 	vid3: autoDraw = False
366.4000 	EXP 	vid4: autoDraw = True
366.9352 	DATA 	Keypress: equal
368.4356 	DATA 	Keypress: equal
369.9355 	DATA 	Keypress: equal
371.4353 	DATA 	Keypress: equal
372.9352 	DATA 	Keypress: equal
374.4351 	DATA 	Keypress: equal
375.9351 	DATA 	Keypress: equal
377.4354 	DATA 	Keypress: equal
378.9354 	DATA 	Keypress: equal
380.4352 	DATA 	Keypress: equal
381.9351 	DATA 	Keypress: equal
383.4353 	DATA 	Keypress: equal
384.9629 	DATA 	Keypress: equal
386.4350 	DATA 	Keypress: equal
387.9352 	DATA 	Keypress: equal
389.4352 	DATA 	Keypress: equal
390.2497 	EXP 	Set vid4 finished
390.3999 	EXP 	vid5: autoDraw = True
390.9348 	DATA 	Keypress: equal
392.4349 	DATA 	Keypress: equal
393.9348 	DATA 	Keypress: equal
395.4350 	DATA 	Keypress: equal
396.9351 	DATA 	Keypress: equal
398.4350 	DATA 	Keypress: equal
399.9347 	DATA 	Keypress: equal
401.4349 	DATA 	Keypress: equal
402.9352 	DATA 	Keypress: equal
403.5244 	EXP 	Created sequence: random, trialTypes=1, nReps=1, seed=None
403.5247 	EXP 	New trial (rep=0, index=0): None
403.9451 	EXP 	Created vid1a_q = MovieStim3(__class__=<class 'psychopy.visual.movie3.MovieStim3'>, autoLog=True, color=UNKNOWN, colorSpace=UNKNOWN, depth=-1.0, filename='stims/wedding-40.1a.mp4', flipHoriz=False, flipVert=False, fps=UNKNOWN, interpolate=True, loop=False, name='vid1a_q', noAudio=False, opacity=1.0, ori=0, pos=array([0., 0.]), size=array([1280.,  720.]), units='pix', vframe_callback=UNKNOWN, volume=UNKNOWN, win=Window(...))
404.2818 	EXP 	Created vid1b_q = MovieStim3(__class__=<class 'psychopy.visual.movie3.MovieStim3'>, autoLog=True, color=UNKNOWN, colorSpace=UNKNOWN, depth=-2.0, filename='stims/wedding-40.1b.mp4', flipHoriz=False, flipVert=False, fps=UNKNOWN, interpolate=True, loop=False, name='vid1b_q', noAudio=False, opacity=1.0, ori=0, pos=array([0., 0.]), size=array([1280.,  720.]), units='pix', vframe_callback=UNKNOWN, volume=UNKNOWN, win=Window(...))
404.7364 	EXP 	Created vid2_q = MovieStim3(__class__=<class 'psychopy.visual.movie3.MovieStim3'>, autoLog=True, color=UNKNOWN, colorSpace=UNKNOWN, depth=-3.0, filename='stims/wedding-40.2a.mp4', flipHoriz=False, flipVert=False, fps=UNKNOWN, interpolate=True, loop=False, name='vid2_q', noAudio=False, opacity=1.0, ori=0, pos=array([0., 0.]), size=array([1280.,  720.]), units='pix', vframe_callback=UNKNOWN, volume=UNKNOWN, win=Window(...))
405.2051 	EXP 	Created vid3_q = MovieStim3(__class__=<class 'psychopy.visual.movie3.MovieStim3'>, autoLog=True, color=UNKNOWN, colorSpace=UNKNOWN, depth=-5.0, filename='stims/wedding-40.3a.mp4', flipHoriz=False, flipVert=False, fps=UNKNOWN, interpolate=True, loop=False, name='vid3_q', noAudio=False, opacity=1.0, ori=0, pos=array([0., 0.]), size=array([1280.,  720.]), units='pix', vframe_callback=UNKNOWN, volume=UNKNOWN, win=Window(...))
405.6833 	EXP 	Created vid4_q = MovieStim3(__class__=<class 'psychopy.visual.movie3.MovieStim3'>, autoLog=True, color=UNKNOWN, colorSpace=UNKNOWN, depth=-7.0, filename='stims/wedding-40.4a.mp4', flipHoriz=False, flipVert=False, fps=UNKNOWN, interpolate=True, loop=False, name='vid4_q', noAudio=False, opacity=1.0, ori=0, pos=array([0., 0.]), size=array([1280.,  720.]), units='pix', vframe_callback=UNKNOWN, volume=UNKNOWN, win=Window(...))
406.0873 	EXP 	Created vid5_q = MovieStim3(__class__=<class 'psychopy.visual.movie3.MovieStim3'>, autoLog=True, color=UNKNOWN, colorSpace=UNKNOWN, depth=-8.0, filename='stims/wedding-40.5.mp4', flipHoriz=False, flipVert=False, fps=UNKNOWN, interpolate=True, loop=False, name='vid5_q', noAudio=False, opacity=1.0, ori=0, pos=array([0., 0.]), size=array([1280.,  720.]), units='pix', vframe_callback=UNKNOWN, volume=UNKNOWN, win=Window(...))
406.3381 	EXP 	window1: recordFrameIntervals = False
406.3412 	DATA 	Keypress: equal
406.3434 	DATA 	Keypress: equal
406.3545 	EXP 	vid5: autoDraw = False
406.3545 	EXP 	vid1a: autoDraw = False
406.3545 	EXP 	vid1b: autoDraw = False
406.3545 	EXP 	vid2: autoDraw = False
406.3545 	EXP 	vid3: autoDraw = False
406.3545 	EXP 	vid4: autoDraw = False
406.3545 	EXP 	vid5: autoDraw = False
406.3545 	EXP 	vid1a_q: movie = 'stims/wedding-40.1a.mp4'
406.3545 	EXP 	vid1a_q: autoLog = True
406.3545 	EXP 	vid1b_q: movie = 'stims/wedding-40.1b.mp4'
406.3545 	EXP 	vid1b_q: autoLog = True
406.3545 	EXP 	vid2_q: movie = 'stims/wedding-40.2a.mp4'
406.3545 	EXP 	vid2_q: autoLog = True
406.3545 	EXP 	vid3_q: movie = 'stims/wedding-40.3a.mp4'
406.3545 	EXP 	vid3_q: autoLog = True
406.3545 	EXP 	vid4_q: movie = 'stims/wedding-40.4a.mp4'
406.3545 	EXP 	vid4_q: autoLog = True
406.3545 	EXP 	vid5_q: movie = 'stims/wedding-40.5.mp4'
406.3545 	EXP 	vid5_q: autoLog = True
406.3545 	EXP 	vid1a_q: autoDraw = False
406.3545 	EXP 	vid1b_q: autoDraw = False
406.3545 	EXP 	vid2_q: autoDraw = False
406.3545 	EXP 	l2q: autoDraw = False
406.3545 	EXP 	vid3_q: autoDraw = False
406.3545 	EXP 	l3q: autoDraw = False
406.3545 	EXP 	vid4_q: autoDraw = False
406.3545 	EXP 	vid5_q: autoDraw = False
406.5507 	EXP 	window1: recordFrameIntervals = False
408.1245 	DATA 	Keypress: equal
408.3495 	EXP 	eggPainting1: image = 'stimsday1details/newegg6.png'
408.3495 	EXP 	eggPainting2: image = 'stimsday1details/egg40.png'
408.3495 	EXP 	character1: image = 'stimsday1details/newperson6.png'
408.3495 	EXP 	character2: image = 'stimsday1details/couple40.png'
408.3495 	EXP 	gift1: image = 'stimsday1details/new6.png'
408.3495 	EXP 	gift2: image = 'stimsday1details/gift40.png'
408.3495 	EXP 	themeQ1: image = 'stimsday1details/t40.png'
408.3495 	EXP 	themeQ2: image = 'stimsday1details/ct40.png'
408.3495 	EXP 	nameQ1: image = 'stimsday1details/n40.png'
408.3495 	EXP 	nameQ2: image = 'stimsday1details/cn40.png'
408.3495 	EXP 	nameQ1: autoDraw = True
408.3495 	EXP 	nameQ2: autoDraw = True
408.9350 	DATA 	Keypress: equal
410.3329 	EXP 	nameQ1: autoDraw = False
410.3329 	EXP 	nameQ2: autoDraw = False
410.3329 	EXP 	nameQ1: autoDraw = False
410.3329 	EXP 	nameQ2: autoDraw = False
410.3329 	EXP 	eggPainting1: autoDraw = True
410.3329 	EXP 	eggPainting2: autoDraw = True
410.4346 	DATA 	Keypress: equal
411.9346 	DATA 	Keypress: equal
412.3327 	EXP 	eggPainting1: autoDraw = False
412.3327 	EXP 	eggPainting2: autoDraw = False
412.3327 	EXP 	eggPainting1: autoDraw = False
412.3327 	EXP 	eggPainting2: autoDraw = False
412.3327 	EXP 	character1: autoDraw = True
412.3327 	EXP 	character2: autoDraw = True
412.5178 	DATA 	Keypress: 2
412.9846 	DATA 	Keypress: 1
413.4345 	DATA 	Keypress: equal
413.4359 	DATA 	Keypress: 2
414.3329 	EXP 	character1: autoDraw = False
414.3329 	EXP 	character2: autoDraw = False
414.3329 	EXP 	character1: autoDraw = False
414.3329 	EXP 	character2: autoDraw = False
414.3329 	EXP 	themeQ1: autoDraw = True
414.3329 	EXP 	themeQ2: autoDraw = True
414.9346 	DATA 	Keypress: equal
415.3844 	DATA 	Keypress: 1
416.3327 	EXP 	themeQ1: autoDraw = False
416.3327 	EXP 	themeQ2: autoDraw = False
416.3327 	EXP 	themeQ1: autoDraw = False
416.3327 	EXP 	themeQ2: autoDraw = False
416.3327 	EXP 	gift1: autoDraw = True
416.3327 	EXP 	gift2: autoDraw = True
416.4345 	DATA 	Keypress: equal
417.3010 	DATA 	Keypress: 2
417.9344 	DATA 	Keypress: equal
418.3327 	EXP 	gift1: autoDraw = False
418.3327 	EXP 	gift2: autoDraw = False
418.3327 	EXP 	gift1: autoDraw = False
418.3327 	EXP 	gift2: autoDraw = False
418.3327 	EXP 	northorsouth1: autoDraw = True
418.3327 	EXP 	northorsouth2: autoDraw = True
419.0844 	DATA 	Keypress: 1
419.4342 	DATA 	Keypress: equal
420.5458 	EXP 	New trial (rep=0, index=3): OrderedDict([('condsFile', 'videoBlock_schemaN_pathB_6.csv')])
420.5586 	EXP 	Imported videoBlock_schemaN_pathB_6.csv as conditions, 1 conditions, 17 params
420.5590 	EXP 	Created sequence: random, trialTypes=1, nReps=1, seed=None
420.5597 	EXP 	New trial (rep=0, index=0): OrderedDict([('northOrSouth', 'north.png'), ('stimFile1a', 'stims/wedding-16.1a.mp4'), ('stimFile1b', 'stims/wedding-16.1b.mp4'), ('stimFile2', 'stims/wedding-16.2b.mp4'), ('stimFile3', 'stims/wedding-16.3b.mp4'), ('stimFile4', 'stims/wedding-16.4b.mp4'), ('stimFile5', 'stims/wedding-16.5.mp4'), ('QeggPainting1', 'stimsday1details/painting16.png'), ('Qcharacter1', 'stimsday1details/newperson18.png'), ('Qgift1', 'stimsday1details/gift16.png'), ('QeggPainting2', 'stimsday1details/newpainting6.png'), ('Qcharacter2', 'stimsday1details/couple16.png'), ('Qgift2', 'stimsday1details/new18.png'), ('Qname1', 'stimsday1details/n16.png'), ('Qtheme1', 'stimsday1details/ct16.png'), ('Qname2', 'stimsday1details/cn16.png'), ('Qtheme2', 'stimsday1details/t16.png')])
420.5659 	EXP 	northorsouth1: autoDraw = False
420.5659 	EXP 	northorsouth2: autoDraw = False
420.5659 	EXP 	northorsouth1: autoDraw = False
420.5659 	EXP 	northorsouth2: autoDraw = False
420.5659 	EXP 	image_3: autoDraw = True
420.9345 	DATA 	Keypress: equal
422.4344 	DATA 	Keypress: equal
422.5505 	EXP 	Created sequence: random, trialTypes=1, nReps=1, seed=None
422.5508 	EXP 	New trial (rep=0, index=0): None
422.9764 	EXP 	Created vid1a = MovieStim3(__class__=<class 'psychopy.visual.movie3.MovieStim3'>, autoLog=True, color=UNKNOWN, colorSpace=UNKNOWN, depth=-1.0, filename='stims/wedding-16.1a.mp4', flipHoriz=False, flipVert=False, fps=UNKNOWN, interpolate=True, loop=False, name='vid1a', noAudio=False, opacity=1.0, ori=0, pos=array([0., 0.]), size=array([1280.,  720.]), units='pix', vframe_callback=UNKNOWN, volume=UNKNOWN, win=Window(...))
423.3733 	EXP 	Created vid1b = MovieStim3(__class__=<class 'psychopy.visual.movie3.MovieStim3'>, autoLog=True, color=UNKNOWN, colorSpace=UNKNOWN, depth=-2.0, filename='stims/wedding-16.1b.mp4', flipHoriz=False, flipVert=False, fps=UNKNOWN, interpolate=True, loop=False, name='vid1b', noAudio=False, opacity=1.0, ori=0, pos=array([0., 0.]), size=array([1280.,  720.]), units='pix', vframe_callback=UNKNOWN, volume=UNKNOWN, win=Window(...))
423.8413 	EXP 	Created vid2 = MovieStim3(__class__=<class 'psychopy.visual.movie3.MovieStim3'>, autoLog=True, color=UNKNOWN, colorSpace=UNKNOWN, depth=-3.0, filename='stims/wedding-16.2b.mp4', flipHoriz=False, flipVert=False, fps=UNKNOWN, interpolate=True, loop=False, name='vid2', noAudio=False, opacity=1.0, ori=0, pos=array([0., 0.]), size=array([1280.,  720.]), units='pix', vframe_callback=UNKNOWN, volume=UNKNOWN, win=Window(...))
424.3904 	EXP 	Created vid3 = MovieStim3(__class__=<class 'psychopy.visual.movie3.MovieStim3'>, autoLog=True, color=UNKNOWN, colorSpace=UNKNOWN, depth=-4.0, filename='stims/wedding-16.3b.mp4', flipHoriz=False, flipVert=False, fps=UNKNOWN, interpolate=True, loop=False, name='vid3', noAudio=False, opacity=1.0, ori=0, pos=array([0., 0.]), size=array([1280.,  720.]), units='pix', vframe_callback=UNKNOWN, volume=UNKNOWN, win=Window(...))
424.9373 	EXP 	Created vid4 = MovieStim3(__class__=<class 'psychopy.visual.movie3.MovieStim3'>, autoLog=True, color=UNKNOWN, colorSpace=UNKNOWN, depth=-5.0, filename='stims/wedding-16.4b.mp4', flipHoriz=False, flipVert=False, fps=UNKNOWN, interpolate=True, loop=False, name='vid4', noAudio=False, opacity=1.0, ori=0, pos=array([0., 0.]), size=array([1280.,  720.]), units='pix', vframe_callback=UNKNOWN, volume=UNKNOWN, win=Window(...))
425.3433 	EXP 	Created vid5 = MovieStim3(__class__=<class 'psychopy.visual.movie3.MovieStim3'>, autoLog=True, color=UNKNOWN, colorSpace=UNKNOWN, depth=-6.0, filename='stims/wedding-16.5.mp4', flipHoriz=False, flipVert=False, fps=UNKNOWN, interpolate=True, loop=False, name='vid5', noAudio=False, opacity=1.0, ori=0, pos=array([0., 0.]), size=array([1280.,  720.]), units='pix', vframe_callback=UNKNOWN, volume=UNKNOWN, win=Window(...))
425.4150 	EXP 	window1: recordFrameIntervals = False
425.4184 	DATA 	Keypress: equal
425.4328 	EXP 	image_3: autoDraw = False
425.4328 	EXP 	image_3: autoDraw = False
425.4328 	EXP 	vid1a: movie = 'stims/wedding-16.1a.mp4'
425.4328 	EXP 	vid1a: autoLog = True
425.4328 	EXP 	vid1b: movie = 'stims/wedding-16.1b.mp4'
425.4328 	EXP 	vid1b: autoLog = True
425.4328 	EXP 	vid2: movie = 'stims/wedding-16.2b.mp4'
425.4328 	EXP 	vid2: autoLog = True
425.4328 	EXP 	vid3: movie = 'stims/wedding-16.3b.mp4'
425.4328 	EXP 	vid3: autoLog = True
425.4328 	EXP 	vid4: movie = 'stims/wedding-16.4b.mp4'
425.4328 	EXP 	vid4: autoLog = True
425.4328 	EXP 	vid5: movie = 'stims/wedding-16.5.mp4'
425.4328 	EXP 	vid5: autoLog = True
428.1490 	EXP 	window1: recordFrameIntervals = False
430.2026 	DATA 	Keypress: equal
430.2050 	DATA 	Keypress: equal
430.2070 	DATA 	Keypress: equal
430.2089 	DATA 	Keypress: equal
430.4161 	EXP 	vid1a: movie = 'stims/wedding-16.1a.mp4'
430.4161 	EXP 	vid1b: movie = 'stims/wedding-16.1b.mp4'
430.4161 	EXP 	vid2: movie = 'stims/wedding-16.2b.mp4'
430.4161 	EXP 	vid3: movie = 'stims/wedding-16.3b.mp4'
430.4161 	EXP 	vid4: movie = 'stims/wedding-16.4b.mp4'
430.4161 	EXP 	vid5: movie = 'stims/wedding-16.5.mp4'
430.4324 	EXP 	vid1a: autoDraw = True
431.4428 	DATA 	Keypress: equal
432.9345 	DATA 	Keypress: equal
434.4344 	DATA 	Keypress: equal
435.9346 	DATA 	Keypress: equal
437.4347 	DATA 	Keypress: equal
438.9343 	DATA 	Keypress: equal
440.4346 	DATA 	Keypress: equal
441.9346 	DATA 	Keypress: equal
443.4345 	DATA 	Keypress: equal
444.9347 	DATA 	Keypress: equal
446.3492 	EXP 	Set vid1a finished
446.4343 	DATA 	Keypress: equal
446.5823 	EXP 	vid1b: autoDraw = True
447.9343 	DATA 	Keypress: equal
449.4345 	DATA 	Keypress: equal
450.9344 	DATA 	Keypress: equal
452.4342 	DATA 	Keypress: equal
453.9343 	DATA 	Keypress: equal
454.5657 	EXP 	vid1b: autoDraw = False
454.5822 	EXP 	vid2: autoDraw = True
455.4344 	DATA 	Keypress: equal
456.9284 	DATA 	Keypress: equal
458.4341 	DATA 	Keypress: equal
459.9341 	DATA 	Keypress: equal
461.4343 	DATA 	Keypress: equal
462.9345 	DATA 	Keypress: equal
464.4343 	DATA 	Keypress: equal
465.9342 	DATA 	Keypress: equal
467.4345 	DATA 	Keypress: equal
468.9342 	DATA 	Keypress: equal
470.4340 	DATA 	Keypress: equal
471.5653 	EXP 	vid2: autoDraw = False
471.5822 	EXP 	vid3: autoDraw = True
471.9339 	DATA 	Keypress: equal
473.4344 	DATA 	Keypress: equal
474.9341 	DATA 	Keypress: equal
476.4340 	DATA 	Keypress: equal
477.9341 	DATA 	Keypress: equal
479.4338 	DATA 	Keypress: equal
480.9338 	DATA 	Keypress: equal
482.4338 	DATA 	Keypress: equal
483.9339 	DATA 	Keypress: equal
485.4337 	DATA 	Keypress: equal
486.9338 	DATA 	Keypress: equal
488.4340 	DATA 	Keypress: equal
489.9338 	DATA 	Keypress: equal
491.4343 	DATA 	Keypress: equal
492.9336 	DATA 	Keypress: equal
494.4339 	DATA 	Keypress: equal
494.5652 	EXP 	vid3: autoDraw = False
494.5818 	EXP 	vid4: autoDraw = True
495.9336 	DATA 	Keypress: equal
497.4341 	DATA 	Keypress: equal
498.9337 	DATA 	Keypress: equal
500.4338 	DATA 	Keypress: equal
501.9336 	DATA 	Keypress: equal
503.4336 	DATA 	Keypress: equal
504.9336 	DATA 	Keypress: equal
506.4337 	DATA 	Keypress: equal
507.9338 	DATA 	Keypress: equal
509.4335 	DATA 	Keypress: equal
510.9336 	DATA 	Keypress: equal
512.4336 	DATA 	Keypress: equal
513.9336 	DATA 	Keypress: equal
515.4339 	DATA 	Keypress: equal
516.9334 	DATA 	Keypress: equal
518.4338 	DATA 	Keypress: equal
518.5647 	EXP 	vid4: autoDraw = False
518.5814 	EXP 	vid5: autoDraw = True
519.9338 	DATA 	Keypress: equal
521.4334 	DATA 	Keypress: equal
522.9337 	DATA 	Keypress: equal
524.4335 	DATA 	Keypress: equal
525.9335 	DATA 	Keypress: equal
527.4333 	DATA 	Keypress: equal
528.9370 	DATA 	Keypress: equal
530.4334 	DATA 	Keypress: equal
531.1313 	EXP 	Set vid5 finished
531.3241 	EXP 	Created sequence: random, trialTypes=1, nReps=1, seed=None
531.3245 	EXP 	New trial (rep=0, index=0): None
531.7500 	EXP 	Created vid1a_q = MovieStim3(__class__=<class 'psychopy.visual.movie3.MovieStim3'>, autoLog=True, color=UNKNOWN, colorSpace=UNKNOWN, depth=-1.0, filename='stims/wedding-16.1a.mp4', flipHoriz=False, flipVert=False, fps=UNKNOWN, interpolate=True, loop=False, name='vid1a_q', noAudio=False, opacity=1.0, ori=0, pos=array([0., 0.]), size=array([1280.,  720.]), units='pix', vframe_callback=UNKNOWN, volume=UNKNOWN, win=Window(...))
532.1357 	EXP 	Created vid1b_q = MovieStim3(__class__=<class 'psychopy.visual.movie3.MovieStim3'>, autoLog=True, color=UNKNOWN, colorSpace=UNKNOWN, depth=-2.0, filename='stims/wedding-16.1b.mp4', flipHoriz=False, flipVert=False, fps=UNKNOWN, interpolate=True, loop=False, name='vid1b_q', noAudio=False, opacity=1.0, ori=0, pos=array([0., 0.]), size=array([1280.,  720.]), units='pix', vframe_callback=UNKNOWN, volume=UNKNOWN, win=Window(...))
532.5917 	EXP 	Created vid2_q = MovieStim3(__class__=<class 'psychopy.visual.movie3.MovieStim3'>, autoLog=True, color=UNKNOWN, colorSpace=UNKNOWN, depth=-3.0, filename='stims/wedding-16.2b.mp4', flipHoriz=False, flipVert=False, fps=UNKNOWN, interpolate=True, loop=False, name='vid2_q', noAudio=False, opacity=1.0, ori=0, pos=array([0., 0.]), size=array([1280.,  720.]), units='pix', vframe_callback=UNKNOWN, volume=UNKNOWN, win=Window(...))
533.1157 	EXP 	Created vid3_q = MovieStim3(__class__=<class 'psychopy.visual.movie3.MovieStim3'>, autoLog=True, color=UNKNOWN, colorSpace=UNKNOWN, depth=-5.0, filename='stims/wedding-16.3b.mp4', flipHoriz=False, flipVert=False, fps=UNKNOWN, interpolate=True, loop=False, name='vid3_q', noAudio=False, opacity=1.0, ori=0, pos=array([0., 0.]), size=array([1280.,  720.]), units='pix', vframe_callback=UNKNOWN, volume=UNKNOWN, win=Window(...))
533.6344 	EXP 	Created vid4_q = MovieStim3(__class__=<class 'psychopy.visual.movie3.MovieStim3'>, autoLog=True, color=UNKNOWN, colorSpace=UNKNOWN, depth=-7.0, filename='stims/wedding-16.4b.mp4', flipHoriz=False, flipVert=False, fps=UNKNOWN, interpolate=True, loop=False, name='vid4_q', noAudio=False, opacity=1.0, ori=0, pos=array([0., 0.]), size=array([1280.,  720.]), units='pix', vframe_callback=UNKNOWN, volume=UNKNOWN, win=Window(...))
534.0269 	EXP 	Created vid5_q = MovieStim3(__class__=<class 'psychopy.visual.movie3.MovieStim3'>, autoLog=True, color=UNKNOWN, colorSpace=UNKNOWN, depth=-8.0, filename='stims/wedding-16.5.mp4', flipHoriz=False, flipVert=False, fps=UNKNOWN, interpolate=True, loop=False, name='vid5_q', noAudio=False, opacity=1.0, ori=0, pos=array([0., 0.]), size=array([1280.,  720.]), units='pix', vframe_callback=UNKNOWN, volume=UNKNOWN, win=Window(...))
534.3087 	EXP 	window1: recordFrameIntervals = False
534.3119 	DATA 	Keypress: equal
534.3141 	DATA 	Keypress: equal
534.3312 	EXP 	vid1a: autoDraw = False
534.3312 	EXP 	vid1b: autoDraw = False
534.3312 	EXP 	vid2: autoDraw = False
534.3312 	EXP 	vid3: autoDraw = False
534.3312 	EXP 	vid4: autoDraw = False
534.3312 	EXP 	vid5: autoDraw = False
534.3312 	EXP 	vid1a_q: movie = 'stims/wedding-16.1a.mp4'
534.3312 	EXP 	vid1a_q: autoLog = True
534.3312 	EXP 	vid1b_q: movie = 'stims/wedding-16.1b.mp4'
534.3312 	EXP 	vid1b_q: autoLog = True
534.3312 	EXP 	vid2_q: movie = 'stims/wedding-16.2b.mp4'
534.3312 	EXP 	vid2_q: autoLog = True
534.3312 	EXP 	vid3_q: movie = 'stims/wedding-16.3b.mp4'
534.3312 	EXP 	vid3_q: autoLog = True
534.3312 	EXP 	vid4_q: movie = 'stims/wedding-16.4b.mp4'
534.3312 	EXP 	vid4_q: autoLog = True
534.3312 	EXP 	vid5_q: movie = 'stims/wedding-16.5.mp4'
534.3312 	EXP 	vid5_q: autoLog = True
534.3312 	EXP 	vid1a_q: autoDraw = False
534.3312 	EXP 	vid1b_q: autoDraw = False
534.3312 	EXP 	vid2_q: autoDraw = False
534.3312 	EXP 	l2q: autoDraw = False
534.3312 	EXP 	vid3_q: autoDraw = False
534.3312 	EXP 	l3q: autoDraw = False
534.3312 	EXP 	vid4_q: autoDraw = False
534.3312 	EXP 	vid5_q: autoDraw = False
534.5018 	EXP 	window1: recordFrameIntervals = False
536.0956 	DATA 	Keypress: equal
536.3314 	EXP 	eggPainting1: image = 'stimsday1details/painting16.png'
536.3314 	EXP 	eggPainting2: image = 'stimsday1details/newpainting6.png'
536.3314 	EXP 	character1: image = 'stimsday1details/newperson18.png'
536.3314 	EXP 	character2: image = 'stimsday1details/couple16.png'
536.3314 	EXP 	gift1: image = 'stimsday1details/gift16.png'
536.3314 	EXP 	gift2: image = 'stimsday1details/new18.png'
536.3314 	EXP 	themeQ1: image = 'stimsday1details/ct16.png'
536.3314 	EXP 	themeQ2: image = 'stimsday1details/t16.png'
536.3314 	EXP 	nameQ1: image = 'stimsday1details/n16.png'
536.3314 	EXP 	nameQ2: image = 'stimsday1details/cn16.png'
536.3314 	EXP 	nameQ1: autoDraw = True
536.3314 	EXP 	nameQ2: autoDraw = True
536.4331 	DATA 	Keypress: equal
537.9332 	DATA 	Keypress: equal
538.2329 	DATA 	Keypress: 1
538.3147 	EXP 	nameQ1: autoDraw = False
538.3147 	EXP 	nameQ2: autoDraw = False
538.3147 	EXP 	nameQ1: autoDraw = False
538.3147 	EXP 	nameQ2: autoDraw = False
538.3147 	EXP 	eggPainting1: autoDraw = True
538.3147 	EXP 	eggPainting2: autoDraw = True
539.0162 	DATA 	Keypress: 1
539.4329 	DATA 	Keypress: equal
540.3146 	EXP 	eggPainting1: autoDraw = False
540.3146 	EXP 	eggPainting2: autoDraw = False
540.3146 	EXP 	eggPainting1: autoDraw = False
540.3146 	EXP 	eggPainting2: autoDraw = False
540.3146 	EXP 	character1: autoDraw = True
540.3146 	EXP 	character2: autoDraw = True
540.9331 	DATA 	Keypress: equal
541.5494 	DATA 	Keypress: 2
542.3144 	EXP 	character1: autoDraw = False
542.3144 	EXP 	character2: autoDraw = False
542.3144 	EXP 	character1: autoDraw = False
542.3144 	EXP 	character2: autoDraw = False
542.3144 	EXP 	themeQ1: autoDraw = True
542.3144 	EXP 	themeQ2: autoDraw = True
542.4328 	DATA 	Keypress: equal
543.6498 	DATA 	Keypress: 2
543.9328 	DATA 	Keypress: equal
544.3146 	EXP 	themeQ1: autoDraw = False
544.3146 	EXP 	themeQ2: autoDraw = False
544.3146 	EXP 	themeQ1: autoDraw = False
544.3146 	EXP 	themeQ2: autoDraw = False
544.3146 	EXP 	gift1: autoDraw = True
544.3146 	EXP 	gift2: autoDraw = True
545.2997 	DATA 	Keypress: 1
545.4328 	DATA 	Keypress: equal
546.3144 	EXP 	gift1: autoDraw = False
546.3144 	EXP 	gift2: autoDraw = False
546.3144 	EXP 	gift1: autoDraw = False
546.3144 	EXP 	gift2: autoDraw = False
546.3144 	EXP 	northorsouth1: autoDraw = True
546.3144 	EXP 	northorsouth2: autoDraw = True
546.9333 	DATA 	Keypress: equal
547.1326 	DATA 	Keypress: 1
548.5670 	EXP 	New trial (rep=0, index=4): OrderedDict([('condsFile', 'videoBlock_schemaN_pathA_5.csv')])
548.5795 	EXP 	Imported videoBlock_schemaN_pathA_5.csv as conditions, 1 conditions, 17 params
548.5799 	EXP 	Created sequence: random, trialTypes=1, nReps=1, seed=None
548.5806 	EXP 	New trial (rep=0, index=0): OrderedDict([('northOrSouth', 'north.png'), ('stimFile1a', 'stims/wedding-15.1a.mp4'), ('stimFile1b', 'stims/wedding-15.1b.mp4'), ('stimFile2', 'stims/wedding-15.2a.mp4'), ('stimFile3', 'stims/wedding-15.3a.mp4'), ('stimFile4', 'stims/wedding-15.4a.mp4'), ('stimFile5', 'stims/wedding-15.5.mp4'), ('QeggPainting1', 'stimsday1details/egg15.png'), ('Qcharacter1', 'stimsday1details/couple15.png'), ('Qgift1', 'stimsday1details/gift15.png'), ('QeggPainting2', 'stimsday1details/newegg5.png'), ('Qcharacter2', 'stimsday1details/newperson5.png'), ('Qgift2', 'stimsday1details/new5.png'), ('Qname1', 'stimsday1details/n15.png'), ('Qtheme1', 'stimsday1details/t15.png'), ('Qname2', 'stimsday1details/cn15.png'), ('Qtheme2', 'stimsday1details/ct15.png')])
548.5833 	DATA 	Keypress: equal
548.5977 	EXP 	northorsouth1: autoDraw = False
548.5977 	EXP 	northorsouth2: autoDraw = False
548.5977 	EXP 	northorsouth1: autoDraw = False
548.5977 	EXP 	northorsouth2: autoDraw = False
548.5977 	EXP 	image_3: autoDraw = True
549.9329 	DATA 	Keypress: equal
550.5826 	EXP 	Created sequence: random, trialTypes=1, nReps=1, seed=None
550.5828 	EXP 	New trial (rep=0, index=0): None
551.0212 	EXP 	Created vid1a = MovieStim3(__class__=<class 'psychopy.visual.movie3.MovieStim3'>, autoLog=True, color=UNKNOWN, colorSpace=UNKNOWN, depth=-1.0, filename='stims/wedding-15.1a.mp4', flipHoriz=False, flipVert=False, fps=UNKNOWN, interpolate=True, loop=False, name='vid1a', noAudio=False, opacity=1.0, ori=0, pos=array([0., 0.]), size=array([1280.,  720.]), units='pix', vframe_callback=UNKNOWN, volume=UNKNOWN, win=Window(...))
551.4172 	EXP 	Created vid1b = MovieStim3(__class__=<class 'psychopy.visual.movie3.MovieStim3'>, autoLog=True, color=UNKNOWN, colorSpace=UNKNOWN, depth=-2.0, filename='stims/wedding-15.1b.mp4', flipHoriz=False, flipVert=False, fps=UNKNOWN, interpolate=True, loop=False, name='vid1b', noAudio=False, opacity=1.0, ori=0, pos=array([0., 0.]), size=array([1280.,  720.]), units='pix', vframe_callback=UNKNOWN, volume=UNKNOWN, win=Window(...))
551.9071 	EXP 	Created vid2 = MovieStim3(__class__=<class 'psychopy.visual.movie3.MovieStim3'>, autoLog=True, color=UNKNOWN, colorSpace=UNKNOWN, depth=-3.0, filename='stims/wedding-15.2a.mp4', flipHoriz=False, flipVert=False, fps=UNKNOWN, interpolate=True, loop=False, name='vid2', noAudio=False, opacity=1.0, ori=0, pos=array([0., 0.]), size=array([1280.,  720.]), units='pix', vframe_callback=UNKNOWN, volume=UNKNOWN, win=Window(...))
552.3877 	EXP 	Created vid3 = MovieStim3(__class__=<class 'psychopy.visual.movie3.MovieStim3'>, autoLog=True, color=UNKNOWN, colorSpace=UNKNOWN, depth=-4.0, filename='stims/wedding-15.3a.mp4', flipHoriz=False, flipVert=False, fps=UNKNOWN, interpolate=True, loop=False, name='vid3', noAudio=False, opacity=1.0, ori=0, pos=array([0., 0.]), size=array([1280.,  720.]), units='pix', vframe_callback=UNKNOWN, volume=UNKNOWN, win=Window(...))
552.9574 	EXP 	Created vid4 = MovieStim3(__class__=<class 'psychopy.visual.movie3.MovieStim3'>, autoLog=True, color=UNKNOWN, colorSpace=UNKNOWN, depth=-5.0, filename='stims/wedding-15.4a.mp4', flipHoriz=False, flipVert=False, fps=UNKNOWN, interpolate=True, loop=False, name='vid4', noAudio=False, opacity=1.0, ori=0, pos=array([0., 0.]), size=array([1280.,  720.]), units='pix', vframe_callback=UNKNOWN, volume=UNKNOWN, win=Window(...))
553.3848 	EXP 	Created vid5 = MovieStim3(__class__=<class 'psychopy.visual.movie3.MovieStim3'>, autoLog=True, color=UNKNOWN, colorSpace=UNKNOWN, depth=-6.0, filename='stims/wedding-15.5.mp4', flipHoriz=False, flipVert=False, fps=UNKNOWN, interpolate=True, loop=False, name='vid5', noAudio=False, opacity=1.0, ori=0, pos=array([0., 0.]), size=array([1280.,  720.]), units='pix', vframe_callback=UNKNOWN, volume=UNKNOWN, win=Window(...))
553.4879 	EXP 	window1: recordFrameIntervals = False
553.4916 	DATA 	Keypress: equal
553.4940 	DATA 	Keypress: equal
553.5143 	EXP 	image_3: autoDraw = False
553.5143 	EXP 	image_3: autoDraw = False
553.5143 	EXP 	vid1a: movie = 'stims/wedding-15.1a.mp4'
553.5143 	EXP 	vid1a: autoLog = True
553.5143 	EXP 	vid1b: movie = 'stims/wedding-15.1b.mp4'
553.5143 	EXP 	vid1b: autoLog = True
553.5143 	EXP 	vid2: movie = 'stims/wedding-15.2a.mp4'
553.5143 	EXP 	vid2: autoLog = True
553.5143 	EXP 	vid3: movie = 'stims/wedding-15.3a.mp4'
553.5143 	EXP 	vid3: autoLog = True
553.5143 	EXP 	vid4: movie = 'stims/wedding-15.4a.mp4'
553.5143 	EXP 	vid4: autoLog = True
553.5143 	EXP 	vid5: movie = 'stims/wedding-15.5.mp4'
553.5143 	EXP 	vid5: autoLog = True
556.2673 	EXP 	window1: recordFrameIntervals = False
558.2751 	DATA 	Keypress: equal
558.2774 	DATA 	Keypress: equal
558.2795 	DATA 	Keypress: equal
558.4829 	EXP 	vid1a: movie = 'stims/wedding-15.1a.mp4'
558.4829 	EXP 	vid1b: movie = 'stims/wedding-15.1b.mp4'
558.4829 	EXP 	vid2: movie = 'stims/wedding-15.2a.mp4'
558.4829 	EXP 	vid3: movie = 'stims/wedding-15.3a.mp4'
558.4829 	EXP 	vid4: movie = 'stims/wedding-15.4a.mp4'
558.4829 	EXP 	vid5: movie = 'stims/wedding-15.5.mp4'
558.4976 	EXP 	vid1a: autoDraw = True
558.9330 	DATA 	Keypress: equal
560.4330 	DATA 	Keypress: equal
561.9331 	DATA 	Keypress: equal
563.4331 	DATA 	Keypress: equal
564.9328 	DATA 	Keypress: equal
566.4332 	DATA 	Keypress: equal
567.9237 	DATA 	Keypress: equal
569.4330 	DATA 	Keypress: equal
570.9332 	DATA 	Keypress: equal
572.4245 	DATA 	Keypress: equal
573.9329 	DATA 	Keypress: equal
574.5976 	EXP 	vid1a: autoDraw = False
574.6142 	EXP 	vid1b: autoDraw = True
575.4235 	DATA 	Keypress: equal
576.9329 	DATA 	Keypress: equal
578.4327 	DATA 	Keypress: equal
579.9329 	DATA 	Keypress: equal
581.4226 	DATA 	Keypress: equal
582.5973 	EXP 	vid1b: autoDraw = False
582.6139 	EXP 	vid2: autoDraw = True
582.9223 	DATA 	Keypress: equal
584.4241 	DATA 	Keypress: equal
585.9603 	DATA 	Keypress: equal
587.4229 	DATA 	Keypress: equal
588.9233 	DATA 	Keypress: equal
590.4225 	DATA 	Keypress: equal
591.9326 	DATA 	Keypress: equal
593.4325 	DATA 	Keypress: equal
594.9326 	DATA 	Keypress: equal
596.4328 	DATA 	Keypress: equal
597.9323 	DATA 	Keypress: equal
599.4325 	DATA 	Keypress: equal
599.5304 	EXP 	Set vid2 finished
599.6139 	EXP 	vid3: autoDraw = True
600.9234 	DATA 	Keypress: equal
602.4232 	DATA 	Keypress: equal
603.9224 	DATA 	Keypress: equal
605.4229 	DATA 	Keypress: equal
606.9231 	DATA 	Keypress: equal
608.4323 	DATA 	Keypress: equal
609.9322 	DATA 	Keypress: equal
611.4324 	DATA 	Keypress: equal
612.9320 	DATA 	Keypress: equal
614.4325 	DATA 	Keypress: equal
615.9323 	DATA 	Keypress: equal
617.4235 	DATA 	Keypress: equal
618.9322 	DATA 	Keypress: equal
620.4319 	DATA 	Keypress: equal
621.9319 	DATA 	Keypress: equal
622.5968 	EXP 	vid3: autoDraw = False
622.6134 	EXP 	vid4: autoDraw = True
623.4225 	DATA 	Keypress: equal
624.9235 	DATA 	Keypress: equal
626.4220 	DATA 	Keypress: equal
627.9234 	DATA 	Keypress: equal
629.4233 	DATA 	Keypress: equal
630.9227 	DATA 	Keypress: equal
632.4320 	DATA 	Keypress: equal
633.9318 	DATA 	Keypress: equal
635.4320 	DATA 	Keypress: equal
636.9318 	DATA 	Keypress: equal
638.4319 	DATA 	Keypress: equal
639.9320 	DATA 	Keypress: equal
641.4319 	DATA 	Keypress: equal
642.9320 	DATA 	Keypress: equal
644.4320 	DATA 	Keypress: equal
645.9318 	DATA 	Keypress: equal
646.5966 	EXP 	vid4: autoDraw = False
646.6132 	EXP 	vid5: autoDraw = True
647.4229 	DATA 	Keypress: equal
648.9213 	DATA 	Keypress: equal
650.4240 	DATA 	Keypress: equal
651.9216 	DATA 	Keypress: equal
653.4230 	DATA 	Keypress: equal
654.9202 	DATA 	Keypress: equal
656.4318 	DATA 	Keypress: equal
657.9317 	DATA 	Keypress: equal
659.4314 	DATA 	Keypress: equal
659.7907 	EXP 	Created sequence: random, trialTypes=1, nReps=1, seed=None
659.7910 	EXP 	New trial (rep=0, index=0): None
660.2235 	EXP 	Created vid1a_q = MovieStim3(__class__=<class 'psychopy.visual.movie3.MovieStim3'>, autoLog=True, color=UNKNOWN, colorSpace=UNKNOWN, depth=-1.0, filename='stims/wedding-15.1a.mp4', flipHoriz=False, flipVert=False, fps=UNKNOWN, interpolate=True, loop=False, name='vid1a_q', noAudio=False, opacity=1.0, ori=0, pos=array([0., 0.]), size=array([1280.,  720.]), units='pix', vframe_callback=UNKNOWN, volume=UNKNOWN, win=Window(...))
660.6083 	EXP 	Created vid1b_q = MovieStim3(__class__=<class 'psychopy.visual.movie3.MovieStim3'>, autoLog=True, color=UNKNOWN, colorSpace=UNKNOWN, depth=-2.0, filename='stims/wedding-15.1b.mp4', flipHoriz=False, flipVert=False, fps=UNKNOWN, interpolate=True, loop=False, name='vid1b_q', noAudio=False, opacity=1.0, ori=0, pos=array([0., 0.]), size=array([1280.,  720.]), units='pix', vframe_callback=UNKNOWN, volume=UNKNOWN, win=Window(...))
661.0892 	EXP 	Created vid2_q = MovieStim3(__class__=<class 'psychopy.visual.movie3.MovieStim3'>, autoLog=True, color=UNKNOWN, colorSpace=UNKNOWN, depth=-3.0, filename='stims/wedding-15.2a.mp4', flipHoriz=False, flipVert=False, fps=UNKNOWN, interpolate=True, loop=False, name='vid2_q', noAudio=False, opacity=1.0, ori=0, pos=array([0., 0.]), size=array([1280.,  720.]), units='pix', vframe_callback=UNKNOWN, volume=UNKNOWN, win=Window(...))
661.5620 	EXP 	Created vid3_q = MovieStim3(__class__=<class 'psychopy.visual.movie3.MovieStim3'>, autoLog=True, color=UNKNOWN, colorSpace=UNKNOWN, depth=-5.0, filename='stims/wedding-15.3a.mp4', flipHoriz=False, flipVert=False, fps=UNKNOWN, interpolate=True, loop=False, name='vid3_q', noAudio=False, opacity=1.0, ori=0, pos=array([0., 0.]), size=array([1280.,  720.]), units='pix', vframe_callback=UNKNOWN, volume=UNKNOWN, win=Window(...))
662.1016 	EXP 	Created vid4_q = MovieStim3(__class__=<class 'psychopy.visual.movie3.MovieStim3'>, autoLog=True, color=UNKNOWN, colorSpace=UNKNOWN, depth=-7.0, filename='stims/wedding-15.4a.mp4', flipHoriz=False, flipVert=False, fps=UNKNOWN, interpolate=True, loop=False, name='vid4_q', noAudio=False, opacity=1.0, ori=0, pos=array([0., 0.]), size=array([1280.,  720.]), units='pix', vframe_callback=UNKNOWN, volume=UNKNOWN, win=Window(...))
662.5103 	EXP 	Created vid5_q = MovieStim3(__class__=<class 'psychopy.visual.movie3.MovieStim3'>, autoLog=True, color=UNKNOWN, colorSpace=UNKNOWN, depth=-8.0, filename='stims/wedding-15.5.mp4', flipHoriz=False, flipVert=False, fps=UNKNOWN, interpolate=True, loop=False, name='vid5_q', noAudio=False, opacity=1.0, ori=0, pos=array([0., 0.]), size=array([1280.,  720.]), units='pix', vframe_callback=UNKNOWN, volume=UNKNOWN, win=Window(...))
662.8221 	EXP 	window1: recordFrameIntervals = False
662.8253 	DATA 	Keypress: equal
662.8275 	DATA 	Keypress: equal
662.8465 	EXP 	vid5: autoDraw = False
662.8465 	EXP 	vid1a: autoDraw = False
662.8465 	EXP 	vid1b: autoDraw = False
662.8465 	EXP 	vid2: autoDraw = False
662.8465 	EXP 	vid3: autoDraw = False
662.8465 	EXP 	vid4: autoDraw = False
662.8465 	EXP 	vid5: autoDraw = False
662.8465 	EXP 	vid1a_q: movie = 'stims/wedding-15.1a.mp4'
662.8465 	EXP 	vid1a_q: autoLog = True
662.8465 	EXP 	vid1b_q: movie = 'stims/wedding-15.1b.mp4'
662.8465 	EXP 	vid1b_q: autoLog = True
662.8465 	EXP 	vid2_q: movie = 'stims/wedding-15.2a.mp4'
662.8465 	EXP 	vid2_q: autoLog = True
662.8465 	EXP 	vid3_q: movie = 'stims/wedding-15.3a.mp4'
662.8465 	EXP 	vid3_q: autoLog = True
662.8465 	EXP 	vid4_q: movie = 'stims/wedding-15.4a.mp4'
662.8465 	EXP 	vid4_q: autoLog = True
662.8465 	EXP 	vid5_q: movie = 'stims/wedding-15.5.mp4'
662.8465 	EXP 	vid5_q: autoLog = True
662.8465 	EXP 	vid1a_q: autoDraw = False
662.8465 	EXP 	vid1b_q: autoDraw = False
662.8465 	EXP 	vid2_q: autoDraw = False
662.8465 	EXP 	l2q: autoDraw = False
662.8465 	EXP 	vid3_q: autoDraw = False
662.8465 	EXP 	l3q: autoDraw = False
662.8465 	EXP 	vid4_q: autoDraw = False
662.8465 	EXP 	vid5_q: autoDraw = False
663.0489 	EXP 	window1: recordFrameIntervals = False
664.6088 	DATA 	Keypress: equal
664.8297 	EXP 	eggPainting1: image = 'stimsday1details/egg15.png'
664.8297 	EXP 	eggPainting2: image = 'stimsday1details/newegg5.png'
664.8297 	EXP 	character1: image = 'stimsday1details/couple15.png'
664.8297 	EXP 	character2: image = 'stimsday1details/newperson5.png'
664.8297 	EXP 	gift1: image = 'stimsday1details/gift15.png'
664.8297 	EXP 	gift2: image = 'stimsday1details/new5.png'
664.8297 	EXP 	themeQ1: image = 'stimsday1details/t15.png'
664.8297 	EXP 	themeQ2: image = 'stimsday1details/ct15.png'
664.8297 	EXP 	nameQ1: image = 'stimsday1details/n15.png'
664.8297 	EXP 	nameQ2: image = 'stimsday1details/cn15.png'
664.8297 	EXP 	nameQ1: autoDraw = True
664.8297 	EXP 	nameQ2: autoDraw = True
665.4316 	DATA 	Keypress: equal
666.1311 	DATA 	Keypress: 1
666.8129 	EXP 	nameQ1: autoDraw = False
666.8129 	EXP 	nameQ2: autoDraw = False
666.8129 	EXP 	nameQ1: autoDraw = False
666.8129 	EXP 	nameQ2: autoDraw = False
666.8129 	EXP 	eggPainting1: autoDraw = True
666.8129 	EXP 	eggPainting2: autoDraw = True
666.9312 	DATA 	Keypress: equal
667.6645 	DATA 	Keypress: 1
668.4312 	DATA 	Keypress: equal
668.8129 	EXP 	eggPainting1: autoDraw = False
668.8129 	EXP 	eggPainting2: autoDraw = False
668.8129 	EXP 	eggPainting1: autoDraw = False
668.8129 	EXP 	eggPainting2: autoDraw = False
668.8129 	EXP 	character1: autoDraw = True
668.8129 	EXP 	character2: autoDraw = True
669.9313 	DATA 	Keypress: equal
670.8130 	EXP 	character1: autoDraw = False
670.8130 	EXP 	character2: autoDraw = False
670.8130 	EXP 	character1: autoDraw = False
670.8130 	EXP 	character2: autoDraw = False
670.8130 	EXP 	themeQ1: autoDraw = True
670.8130 	EXP 	themeQ2: autoDraw = True
671.4318 	DATA 	Keypress: equal
672.8130 	EXP 	themeQ1: autoDraw = False
672.8130 	EXP 	themeQ2: autoDraw = False
672.8130 	EXP 	themeQ1: autoDraw = False
672.8130 	EXP 	themeQ2: autoDraw = False
672.8130 	EXP 	gift1: autoDraw = True
672.8130 	EXP 	gift2: autoDraw = True
672.9312 	DATA 	Keypress: equal
673.9481 	DATA 	Keypress: 1
674.4313 	DATA 	Keypress: equal
674.8128 	EXP 	gift1: autoDraw = False
674.8128 	EXP 	gift2: autoDraw = False
674.8128 	EXP 	gift1: autoDraw = False
674.8128 	EXP 	gift2: autoDraw = False
674.8128 	EXP 	northorsouth1: autoDraw = True
674.8128 	EXP 	northorsouth2: autoDraw = True
675.9314 	DATA 	Keypress: equal
677.0808 	EXP 	New trial (rep=0, index=5): OrderedDict([('condsFile', 'videoBlock_schemaN_pathA_4.csv')])
677.0937 	EXP 	Imported videoBlock_schemaN_pathA_4.csv as conditions, 1 conditions, 17 params
677.0942 	EXP 	Created sequence: random, trialTypes=1, nReps=1, seed=None
677.0949 	EXP 	New trial (rep=0, index=0): OrderedDict([('northOrSouth', 'north.png'), ('stimFile1a', 'stims/wedding-13.1a.mp4'), ('stimFile1b', 'stims/wedding-13.1b.mp4'), ('stimFile2', 'stims/wedding-13.2a.mp4'), ('stimFile3', 'stims/wedding-13.3a.mp4'), ('stimFile4', 'stims/wedding-13.4a.mp4'), ('stimFile5', 'stims/wedding-13.5.mp4'), ('QeggPainting1', 'stimsday1details/egg13.png'), ('Qcharacter1', 'stimsday1details/couple13.png'), ('Qgift1', 'stimsday1details/new4.png'), ('QeggPainting2', 'stimsday1details/newegg4.png'), ('Qcharacter2', 'stimsday1details/newperson4.png'), ('Qgift2', 'stimsday1details/gift13.png'), ('Qname1', 'stimsday1details/n13.png'), ('Qtheme1', 'stimsday1details/ct13.png'), ('Qname2', 'stimsday1details/cn13.png'), ('Qtheme2', 'stimsday1details/t13.png')])
677.1129 	EXP 	northorsouth1: autoDraw = False
677.1129 	EXP 	northorsouth2: autoDraw = False
677.1129 	EXP 	northorsouth1: autoDraw = False
677.1129 	EXP 	northorsouth2: autoDraw = False
677.1129 	EXP 	image_3: autoDraw = True
677.4312 	DATA 	Keypress: equal
678.9314 	DATA 	Keypress: equal
679.0972 	EXP 	Created sequence: random, trialTypes=1, nReps=1, seed=None
679.0975 	EXP 	New trial (rep=0, index=0): None
679.5118 	EXP 	Created vid1a = MovieStim3(__class__=<class 'psychopy.visual.movie3.MovieStim3'>, autoLog=True, color=UNKNOWN, colorSpace=UNKNOWN, depth=-1.0, filename='stims/wedding-13.1a.mp4', flipHoriz=False, flipVert=False, fps=UNKNOWN, interpolate=True, loop=False, name='vid1a', noAudio=False, opacity=1.0, ori=0, pos=array([0., 0.]), size=array([1280.,  720.]), units='pix', vframe_callback=UNKNOWN, volume=UNKNOWN, win=Window(...))
679.8598 	EXP 	Created vid1b = MovieStim3(__class__=<class 'psychopy.visual.movie3.MovieStim3'>, autoLog=True, color=UNKNOWN, colorSpace=UNKNOWN, depth=-2.0, filename='stims/wedding-13.1b.mp4', flipHoriz=False, flipVert=False, fps=UNKNOWN, interpolate=True, loop=False, name='vid1b', noAudio=False, opacity=1.0, ori=0, pos=array([0., 0.]), size=array([1280.,  720.]), units='pix', vframe_callback=UNKNOWN, volume=UNKNOWN, win=Window(...))
680.3572 	EXP 	Created vid2 = MovieStim3(__class__=<class 'psychopy.visual.movie3.MovieStim3'>, autoLog=True, color=UNKNOWN, colorSpace=UNKNOWN, depth=-3.0, filename='stims/wedding-13.2a.mp4', flipHoriz=False, flipVert=False, fps=UNKNOWN, interpolate=True, loop=False, name='vid2', noAudio=False, opacity=1.0, ori=0, pos=array([0., 0.]), size=array([1280.,  720.]), units='pix', vframe_callback=UNKNOWN, volume=UNKNOWN, win=Window(...))
680.8305 	EXP 	Created vid3 = MovieStim3(__class__=<class 'psychopy.visual.movie3.MovieStim3'>, autoLog=True, color=UNKNOWN, colorSpace=UNKNOWN, depth=-4.0, filename='stims/wedding-13.3a.mp4', flipHoriz=False, flipVert=False, fps=UNKNOWN, interpolate=True, loop=False, name='vid3', noAudio=False, opacity=1.0, ori=0, pos=array([0., 0.]), size=array([1280.,  720.]), units='pix', vframe_callback=UNKNOWN, volume=UNKNOWN, win=Window(...))
681.3260 	EXP 	Created vid4 = MovieStim3(__class__=<class 'psychopy.visual.movie3.MovieStim3'>, autoLog=True, color=UNKNOWN, colorSpace=UNKNOWN, depth=-5.0, filename='stims/wedding-13.4a.mp4', flipHoriz=False, flipVert=False, fps=UNKNOWN, interpolate=True, loop=False, name='vid4', noAudio=False, opacity=1.0, ori=0, pos=array([0., 0.]), size=array([1280.,  720.]), units='pix', vframe_callback=UNKNOWN, volume=UNKNOWN, win=Window(...))
681.7362 	EXP 	Created vid5 = MovieStim3(__class__=<class 'psychopy.visual.movie3.MovieStim3'>, autoLog=True, color=UNKNOWN, colorSpace=UNKNOWN, depth=-6.0, filename='stims/wedding-13.5.mp4', flipHoriz=False, flipVert=False, fps=UNKNOWN, interpolate=True, loop=False, name='vid5', noAudio=False, opacity=1.0, ori=0, pos=array([0., 0.]), size=array([1280.,  720.]), units='pix', vframe_callback=UNKNOWN, volume=UNKNOWN, win=Window(...))
682.2431 	EXP 	Created sequence: random, trialTypes=1, nReps=1, seed=None
682.2435 	EXP 	New trial (rep=0, index=0): None
682.6523 	EXP 	Created vid1a_q = MovieStim3(__class__=<class 'psychopy.visual.movie3.MovieStim3'>, autoLog=True, color=UNKNOWN, colorSpace=UNKNOWN, depth=-1.0, filename='stims/wedding-13.1a.mp4', flipHoriz=False, flipVert=False, fps=UNKNOWN, interpolate=True, loop=False, name='vid1a_q', noAudio=False, opacity=1.0, ori=0, pos=array([0., 0.]), size=array([1280.,  720.]), units='pix', vframe_callback=UNKNOWN, volume=UNKNOWN, win=Window(...))
682.9896 	EXP 	Created vid1b_q = MovieStim3(__class__=<class 'psychopy.visual.movie3.MovieStim3'>, autoLog=True, color=UNKNOWN, colorSpace=UNKNOWN, depth=-2.0, filename='stims/wedding-13.1b.mp4', flipHoriz=False, flipVert=False, fps=UNKNOWN, interpolate=True, loop=False, name='vid1b_q', noAudio=False, opacity=1.0, ori=0, pos=array([0., 0.]), size=array([1280.,  720.]), units='pix', vframe_callback=UNKNOWN, volume=UNKNOWN, win=Window(...))
683.4657 	EXP 	Created vid2_q = MovieStim3(__class__=<class 'psychopy.visual.movie3.MovieStim3'>, autoLog=True, color=UNKNOWN, colorSpace=UNKNOWN, depth=-3.0, filename='stims/wedding-13.2a.mp4', flipHoriz=False, flipVert=False, fps=UNKNOWN, interpolate=True, loop=False, name='vid2_q', noAudio=False, opacity=1.0, ori=0, pos=array([0., 0.]), size=array([1280.,  720.]), units='pix', vframe_callback=UNKNOWN, volume=UNKNOWN, win=Window(...))
683.9383 	EXP 	Created vid3_q = MovieStim3(__class__=<class 'psychopy.visual.movie3.MovieStim3'>, autoLog=True, color=UNKNOWN, colorSpace=UNKNOWN, depth=-5.0, filename='stims/wedding-13.3a.mp4', flipHoriz=False, flipVert=False, fps=UNKNOWN, interpolate=True, loop=False, name='vid3_q', noAudio=False, opacity=1.0, ori=0, pos=array([0., 0.]), size=array([1280.,  720.]), units='pix', vframe_callback=UNKNOWN, volume=UNKNOWN, win=Window(...))
684.4263 	EXP 	Created vid4_q = MovieStim3(__class__=<class 'psychopy.visual.movie3.MovieStim3'>, autoLog=True, color=UNKNOWN, colorSpace=UNKNOWN, depth=-7.0, filename='stims/wedding-13.4a.mp4', flipHoriz=False, flipVert=False, fps=UNKNOWN, interpolate=True, loop=False, name='vid4_q', noAudio=False, opacity=1.0, ori=0, pos=array([0., 0.]), size=array([1280.,  720.]), units='pix', vframe_callback=UNKNOWN, volume=UNKNOWN, win=Window(...))
684.8243 	EXP 	Created vid5_q = MovieStim3(__class__=<class 'psychopy.visual.movie3.MovieStim3'>, autoLog=True, color=UNKNOWN, colorSpace=UNKNOWN, depth=-8.0, filename='stims/wedding-13.5.mp4', flipHoriz=False, flipVert=False, fps=UNKNOWN, interpolate=True, loop=False, name='vid5_q', noAudio=False, opacity=1.0, ori=0, pos=array([0., 0.]), size=array([1280.,  720.]), units='pix', vframe_callback=UNKNOWN, volume=UNKNOWN, win=Window(...))
684.9427 	EXP 	window1: recordFrameIntervals = False
684.9465 	DATA 	Keypress: equal
684.9492 	DATA 	Keypress: equal
684.9513 	DATA 	Keypress: equal
684.9534 	DATA 	Keypress: equal
684.9661 	EXP 	image_3: autoDraw = False
684.9661 	EXP 	image_3: autoDraw = False
684.9661 	EXP 	vid1a: movie = 'stims/wedding-13.1a.mp4'
684.9661 	EXP 	vid1a: autoLog = True
684.9661 	EXP 	vid1b: movie = 'stims/wedding-13.1b.mp4'
684.9661 	EXP 	vid1b: autoLog = True
684.9661 	EXP 	vid2: movie = 'stims/wedding-13.2a.mp4'
684.9661 	EXP 	vid2: autoLog = True
684.9661 	EXP 	vid3: movie = 'stims/wedding-13.3a.mp4'
684.9661 	EXP 	vid3: autoLog = True
684.9661 	EXP 	vid4: movie = 'stims/wedding-13.4a.mp4'
684.9661 	EXP 	vid4: autoLog = True
684.9661 	EXP 	vid5: movie = 'stims/wedding-13.5.mp4'
684.9661 	EXP 	vid5: autoLog = True
684.9661 	EXP 	vid1a: autoDraw = False
684.9661 	EXP 	vid1b: autoDraw = False
684.9661 	EXP 	vid2: autoDraw = False
684.9661 	EXP 	vid3: autoDraw = False
684.9661 	EXP 	vid4: autoDraw = False
684.9661 	EXP 	vid5: autoDraw = False
684.9661 	EXP 	vid1a_q: movie = 'stims/wedding-13.1a.mp4'
684.9661 	EXP 	vid1a_q: autoLog = True
684.9661 	EXP 	vid1b_q: movie = 'stims/wedding-13.1b.mp4'
684.9661 	EXP 	vid1b_q: autoLog = True
684.9661 	EXP 	vid2_q: movie = 'stims/wedding-13.2a.mp4'
684.9661 	EXP 	vid2_q: autoLog = True
684.9661 	EXP 	vid3_q: movie = 'stims/wedding-13.3a.mp4'
684.9661 	EXP 	vid3_q: autoLog = True
684.9661 	EXP 	vid4_q: movie = 'stims/wedding-13.4a.mp4'
684.9661 	EXP 	vid4_q: autoLog = True
684.9661 	EXP 	vid5_q: movie = 'stims/wedding-13.5.mp4'
684.9661 	EXP 	vid5_q: autoLog = True
687.5717 	EXP 	window1: recordFrameIntervals = False
689.7310 	DATA 	Keypress: equal
689.7333 	DATA 	Keypress: equal
689.7353 	DATA 	Keypress: equal
689.9460 	EXP 	vid1a_q: movie = 'stims/wedding-13.1a.mp4'
689.9460 	EXP 	vid1b_q: movie = 'stims/wedding-13.1b.mp4'
689.9460 	EXP 	vid2_q: movie = 'stims/wedding-13.2a.mp4'
689.9460 	EXP 	vid3_q: movie = 'stims/wedding-13.3a.mp4'
689.9460 	EXP 	vid4_q: movie = 'stims/wedding-13.4a.mp4'
689.9460 	EXP 	vid5_q: movie = 'stims/wedding-13.5.mp4'
689.9626 	EXP 	vid1a_q: autoDraw = True
690.9316 	DATA 	Keypress: equal
692.4315 	DATA 	Keypress: equal
693.9313 	DATA 	Keypress: equal
695.4315 	DATA 	Keypress: equal
696.9314 	DATA 	Keypress: equal
698.4228 	DATA 	Keypress: equal
699.9225 	DATA 	Keypress: equal
701.4224 	DATA 	Keypress: equal
702.9223 	DATA 	Keypress: equal
704.4229 	DATA 	Keypress: equal
705.0126 	EXP 	Set vid1a_q finished
705.9310 	DATA 	Keypress: equal
706.2624 	EXP 	vid1b_q: autoDraw = True
707.4311 	DATA 	Keypress: equal
708.9311 	DATA 	Keypress: equal
710.4310 	DATA 	Keypress: equal
711.9308 	DATA 	Keypress: equal
713.4311 	DATA 	Keypress: equal
714.3290 	EXP 	Set vid1b_q finished
714.9309 	DATA 	Keypress: equal
715.2623 	EXP 	vid2_q: autoDraw = True
716.4312 	DATA 	Keypress: equal
717.9313 	DATA 	Keypress: equal
719.4311 	DATA 	Keypress: equal
720.9311 	DATA 	Keypress: equal
722.4309 	DATA 	Keypress: equal
723.9223 	DATA 	Keypress: equal
725.4210 	DATA 	Keypress: equal
726.9214 	DATA 	Keypress: equal
728.4226 	DATA 	Keypress: equal
729.9217 	DATA 	Keypress: equal
731.4233 	DATA 	Keypress: equal
732.2454 	EXP 	Set vid2_q finished
732.2621 	EXP 	l2q: autoDraw = True
732.9309 	DATA 	Keypress: equal
733.7471 	DATA 	Keypress: 1
734.4321 	DATA 	Keypress: equal
735.9323 	DATA 	Keypress: equal
736.2622 	EXP 	l2q: autoDraw = False
736.2622 	EXP 	vid3_q: autoDraw = True
737.4321 	DATA 	Keypress: equal
738.9322 	DATA 	Keypress: equal
740.4323 	DATA 	Keypress: equal
741.9322 	DATA 	Keypress: equal
743.4325 	DATA 	Keypress: equal
744.9319 	DATA 	Keypress: equal
746.4230 	DATA 	Keypress: equal
747.9230 	DATA 	Keypress: equal
749.4221 	DATA 	Keypress: equal
750.9233 	DATA 	Keypress: equal
752.4218 	DATA 	Keypress: equal
753.9227 	DATA 	Keypress: equal
755.4232 	DATA 	Keypress: equal
756.9238 	DATA 	Keypress: equal
758.4219 	DATA 	Keypress: equal
759.2617 	EXP 	vid3_q: autoDraw = False
759.2617 	EXP 	l3q: autoDraw = True
759.9320 	DATA 	Keypress: equal
760.7814 	DATA 	Keypress: 2
761.4314 	DATA 	Keypress: equal
762.9320 	DATA 	Keypress: equal
763.2619 	EXP 	l3q: autoDraw = False
763.2619 	EXP 	vid4_q: autoDraw = True
764.4317 	DATA 	Keypress: equal
765.9319 	DATA 	Keypress: equal
767.4319 	DATA 	Keypress: equal
768.9320 	DATA 	Keypress: equal
770.4318 	DATA 	Keypress: equal
771.9228 	DATA 	Keypress: equal
773.4229 	DATA 	Keypress: equal
774.9212 	DATA 	Keypress: equal
776.4232 	DATA 	Keypress: equal
777.9204 	DATA 	Keypress: equal
779.4232 	DATA 	Keypress: equal
780.9215 	DATA 	Keypress: equal
782.4227 	DATA 	Keypress: equal
783.9215 	DATA 	Keypress: equal
785.4222 	DATA 	Keypress: equal
786.9512 	DATA 	Keypress: equal
787.2614 	EXP 	vid4_q: autoDraw = False
787.2614 	EXP 	vid5_q: autoDraw = True
788.4318 	DATA 	Keypress: equal
789.9314 	DATA 	Keypress: equal
791.4316 	DATA 	Keypress: equal
792.9309 	DATA 	Keypress: equal
794.4310 	DATA 	Keypress: equal
795.9222 	DATA 	Keypress: equal
797.4224 	DATA 	Keypress: equal
798.9223 	DATA 	Keypress: equal
799.3112 	EXP 	Set vid5_q finished
799.6079 	EXP 	window1: recordFrameIntervals = False
799.6112 	EXP 	vid1a_q: autoDraw = False
799.6112 	EXP 	vid1b_q: autoDraw = False
799.6112 	EXP 	vid2_q: autoDraw = False
799.6112 	EXP 	l2q: autoDraw = False
799.6112 	EXP 	vid3_q: autoDraw = False
799.6112 	EXP 	l3q: autoDraw = False
799.6112 	EXP 	vid4_q: autoDraw = False
799.6112 	EXP 	vid5_q: autoDraw = False
799.8007 	EXP 	window1: recordFrameIntervals = False
801.3951 	DATA 	Keypress: equal
801.6113 	EXP 	eggPainting1: image = 'stimsday1details/egg13.png'
801.6113 	EXP 	eggPainting2: image = 'stimsday1details/newegg4.png'
801.6113 	EXP 	character1: image = 'stimsday1details/couple13.png'
801.6113 	EXP 	character2: image = 'stimsday1details/newperson4.png'
801.6113 	EXP 	gift1: image = 'stimsday1details/new4.png'
801.6113 	EXP 	gift2: image = 'stimsday1details/gift13.png'
801.6113 	EXP 	themeQ1: image = 'stimsday1details/ct13.png'
801.6113 	EXP 	themeQ2: image = 'stimsday1details/t13.png'
801.6113 	EXP 	nameQ1: image = 'stimsday1details/n13.png'
801.6113 	EXP 	nameQ2: image = 'stimsday1details/cn13.png'
801.6113 	EXP 	nameQ1: autoDraw = True
801.6113 	EXP 	nameQ2: autoDraw = True
801.9309 	DATA 	Keypress: equal
803.4313 	DATA 	Keypress: equal
803.6114 	EXP 	nameQ1: autoDraw = False
803.6114 	EXP 	nameQ2: autoDraw = False
803.6114 	EXP 	nameQ1: autoDraw = False
803.6114 	EXP 	nameQ2: autoDraw = False
803.6114 	EXP 	eggPainting1: autoDraw = True
803.6114 	EXP 	eggPainting2: autoDraw = True
804.9310 	DATA 	Keypress: equal
805.6113 	EXP 	eggPainting1: autoDraw = False
805.6113 	EXP 	eggPainting2: autoDraw = False
805.6113 	EXP 	eggPainting1: autoDraw = False
805.6113 	EXP 	eggPainting2: autoDraw = False
805.6113 	EXP 	character1: autoDraw = True
805.6113 	EXP 	character2: autoDraw = True
806.4148 	DATA 	Keypress: equal
807.6111 	EXP 	character1: autoDraw = False
807.6111 	EXP 	character2: autoDraw = False
807.6111 	EXP 	character1: autoDraw = False
807.6111 	EXP 	character2: autoDraw = False
807.6111 	EXP 	themeQ1: autoDraw = True
807.6111 	EXP 	themeQ2: autoDraw = True
807.9145 	DATA 	Keypress: equal
809.4145 	DATA 	Keypress: equal
809.6111 	EXP 	themeQ1: autoDraw = False
809.6111 	EXP 	themeQ2: autoDraw = False
809.6111 	EXP 	themeQ1: autoDraw = False
809.6111 	EXP 	themeQ2: autoDraw = False
809.6111 	EXP 	gift1: autoDraw = True
809.6111 	EXP 	gift2: autoDraw = True
810.9145 	DATA 	Keypress: equal
811.6111 	EXP 	gift1: autoDraw = False
811.6111 	EXP 	gift2: autoDraw = False
811.6111 	EXP 	gift1: autoDraw = False
811.6111 	EXP 	gift2: autoDraw = False
811.6111 	EXP 	northorsouth1: autoDraw = True
811.6111 	EXP 	northorsouth2: autoDraw = True
812.4148 	DATA 	Keypress: equal
813.9110 	EXP 	northorsouth1: autoDraw = False
813.9110 	EXP 	northorsouth2: autoDraw = False
813.9110 	EXP 	northorsouth1: autoDraw = False
813.9110 	EXP 	northorsouth2: autoDraw = False
814.2195 	EXP 	window1: mouseVisible = True
