1.8072 	WARNING 	Import Error: No module named 'psychtoolbox'. Using event module for keyboard component.
7.5681 	WARNING 	User requested fullscreen with size [2560 1440], but screen is actually [1920, 1080]. Using actual size
8.2255 	EXP 	Created window1 = Window(allowGUI=False, allowStencil=False, args=UNKNOWN, autoLog=True, bitsMode=UNKNOWN, blendMode='avg', color=array([0., 0., 0.]), colorSpace='rgb', fullscr=<method-wrapper '__getattribute__' of attributeSetter object at 0x13226a8160>, gamma=None, kwargs=UNKNOWN, lms=UNKNOWN, monitor=<psychopy.monitors.calibTools.Monitor object at 0x13242eea20>, multiSample=False, name='window1', numSamples=2, pos=[0.0, 0.0], screen=0, size=array([1920, 1080]), stereo=False, units='norm', useFBO=True, useRetina=False, viewOri=0.0, viewPos=None, viewScale=None, waitBlanking=True, winType='pyglet')
8.2255 	EXP 	window1: recordFrameIntervals = False
8.3914 	EXP 	window1: recordFrameIntervals = True
8.5757 	EXP 	window1: recordFrameIntervals = False
8.6986 	EXP 	Created text = TextStim(__class__=<class 'psychopy.visual.text.TextStim'>, alignHoriz='center', alignVert='center', antialias=True, autoLog=True, bold=False, color='white', colorSpace='named', contrast=1.0, depth=0.0, flipHoriz=False, flipVert=False, font='Arial', fontFiles=[], height=0.1, italic=False, languageStyle='LTR', name='text', opacity=1.0, ori=0, pos=array([0., 0.]), rgb=array([255., 255., 255.]), text='waiting for experimenter...', units='norm', win=Window(...), wrapWidth=1)
8.7071 	EXP 	Created waiting = TextStim(__class__=<class 'psychopy.visual.text.TextStim'>, alignHoriz='center', alignVert='center', antialias=True, autoLog=True, bold=False, color='white', colorSpace='named', contrast=1.0, depth=0.0, flipHoriz=False, flipVert=False, font='Arial', fontFiles=[], height=0.1, italic=False, languageStyle='LTR', name='waiting', opacity=1.0, ori=0, pos=array([0., 0.]), rgb=array([255., 255., 255.]), text='waiting for scanner', units='norm', win=Window(...), wrapWidth=1)
8.7307 	EXP 	Created image_2 = ImageStim(__class__=<class 'psychopy.visual.image.ImageStim'>, autoLog=True, color=array([1., 1., 1.]), colorSpace='rgb', contrast=1.0, depth=0.0, flipHoriz=False, flipVert=False, image='south.png', interpolate=True, mask=None, maskParams=None, name='image_2', opacity=1.0, ori=0.0, pos=array([0., 0.]), size=array([0.5, 0.5]), texRes=128, units='norm', win=Window(...))
8.7410 	EXP 	Created l2q = ImageStim(__class__=<class 'psychopy.visual.image.ImageStim'>, autoLog=True, color=array([1., 1., 1.]), colorSpace='rgb', contrast=1.0, depth=-4.0, flipHoriz=False, flipVert=False, image='LAYER2Q.png', interpolate=True, mask=None, maskParams=None, name='l2q', opacity=1.0, ori=0.0, pos=array([0., 0.]), size=array([0.5, 0.5]), texRes=128, units='norm', win=Window(...))
8.7510 	EXP 	Created l3q = ImageStim(__class__=<class 'psychopy.visual.image.ImageStim'>, autoLog=True, color=array([1., 1., 1.]), colorSpace='rgb', contrast=1.0, depth=-6.0, flipHoriz=False, flipVert=False, image='LAYER3Q.png', interpolate=True, mask=None, maskParams=None, name='l3q', opacity=1.0, ori=0.0, pos=array([0., 0.]), size=array([0.5, 0.5]), texRes=128, units='norm', win=Window(...))
8.7571 	EXP 	Created nameQ1 = ImageStim(__class__=<class 'psychopy.visual.image.ImageStim'>, autoLog=True, color=array([1., 1., 1.]), colorSpace='rgb', contrast=1.0, depth=-1.0, flipHoriz=False, flipVert=False, image='sin', interpolate=True, mask=None, maskParams=None, name='nameQ1', opacity=1.0, ori=0.0, pos=array([-0.5, -0.2]), size=array([0.5, 0.5]), texRes=128, units='norm', win=Window(...))
8.7595 	EXP 	Created nameQ2 = ImageStim(__class__=<class 'psychopy.visual.image.ImageStim'>, autoLog=True, color=array([1., 1., 1.]), colorSpace='rgb', contrast=1.0, depth=-2.0, flipHoriz=False, flipVert=False, image='sin', interpolate=True, mask=None, maskParams=None, name='nameQ2', opacity=1.0, ori=0.0, pos=array([ 0.5, -0.2]), size=array([0.5, 0.5]), texRes=128, units='norm', win=Window(...))
8.7619 	EXP 	Created eggPainting1 = ImageStim(__class__=<class 'psychopy.visual.image.ImageStim'>, autoLog=True, color=array([1., 1., 1.]), colorSpace='rgb', contrast=1.0, depth=0.0, flipHoriz=False, flipVert=False, image='sin', interpolate=True, mask=None, maskParams=None, name='eggPainting1', opacity=1.0, ori=0.0, pos=array([-0.5, -0.2]), size=array([0.7, 1. ]), texRes=128, units='norm', win=Window(...))
8.7644 	EXP 	Created eggPainting2 = ImageStim(__class__=<class 'psychopy.visual.image.ImageStim'>, autoLog=True, color=array([1., 1., 1.]), colorSpace='rgb', contrast=1.0, depth=-2.0, flipHoriz=False, flipVert=False, image='sin', interpolate=True, mask=None, maskParams=None, name='eggPainting2', opacity=1.0, ori=0.0, pos=array([ 0.5, -0.2]), size=array([0.7, 1. ]), texRes=128, units='norm', win=Window(...))
8.7670 	EXP 	Created character1 = ImageStim(__class__=<class 'psychopy.visual.image.ImageStim'>, autoLog=True, color=array([1., 1., 1.]), colorSpace='rgb', contrast=1.0, depth=0.0, flipHoriz=False, flipVert=False, image='sin', interpolate=True, mask=None, maskParams=None, name='character1', opacity=1.0, ori=0.0, pos=array([-0.5, -0.2]), size=array([0.5, 1. ]), texRes=128, units='norm', win=Window(...))
8.7695 	EXP 	Created character2 = ImageStim(__class__=<class 'psychopy.visual.image.ImageStim'>, autoLog=True, color=array([1., 1., 1.]), colorSpace='rgb', contrast=1.0, depth=-1.0, flipHoriz=False, flipVert=False, image='sin', interpolate=True, mask=None, maskParams=None, name='character2', opacity=1.0, ori=0.0, pos=array([ 0.5, -0.2]), size=array([0.5, 1. ]), texRes=128, units='norm', win=Window(...))
8.7725 	EXP 	Created themeQ1 = ImageStim(__class__=<class 'psychopy.visual.image.ImageStim'>, autoLog=True, color=array([1., 1., 1.]), colorSpace='rgb', contrast=1.0, depth=-1.0, flipHoriz=False, flipVert=False, image='sin', interpolate=True, mask=None, maskParams=None, name='themeQ1', opacity=1.0, ori=0.0, pos=array([-0.5, -0.2]), size=array([0.5, 0.5]), texRes=128, units='norm', win=Window(...))
8.7756 	EXP 	Created themeQ2 = ImageStim(__class__=<class 'psychopy.visual.image.ImageStim'>, autoLog=True, color=array([1., 1., 1.]), colorSpace='rgb', contrast=1.0, depth=-2.0, flipHoriz=False, flipVert=False, image='sin', interpolate=True, mask=None, maskParams=None, name='themeQ2', opacity=1.0, ori=0.0, pos=array([ 0.5, -0.2]), size=array([0.5, 0.5]), texRes=128, units='norm', win=Window(...))
8.7784 	EXP 	Created gift1 = ImageStim(__class__=<class 'psychopy.visual.image.ImageStim'>, autoLog=True, color=array([1., 1., 1.]), colorSpace='rgb', contrast=1.0, depth=0.0, flipHoriz=False, flipVert=False, image='sin', interpolate=True, mask=None, maskParams=None, name='gift1', opacity=1.0, ori=0.0, pos=array([-0.5, -0.2]), size=array([0.5, 0.5]), texRes=128, units='norm', win=Window(...))
8.7808 	EXP 	Created gift2 = ImageStim(__class__=<class 'psychopy.visual.image.ImageStim'>, autoLog=True, color=array([1., 1., 1.]), colorSpace='rgb', contrast=1.0, depth=-1.0, flipHoriz=False, flipVert=False, image='sin', interpolate=True, mask=None, maskParams=None, name='gift2', opacity=1.0, ori=0.0, pos=array([ 0.5, -0.2]), size=array([0.5, 0.5]), texRes=128, units='norm', win=Window(...))
8.7845 	EXP 	Created northorsouth1 = ImageStim(__class__=<class 'psychopy.visual.image.ImageStim'>, autoLog=True, color=array([1., 1., 1.]), colorSpace='rgb', contrast=1.0, depth=0.0, flipHoriz=False, flipVert=False, image='northorsouth1.png', interpolate=True, mask=None, maskParams=None, name='northorsouth1', opacity=1.0, ori=0.0, pos=array([-0.5, -0.2]), size=array([0.5, 0.5]), texRes=128, units='norm', win=Window(...))
8.7880 	EXP 	Created northorsouth2 = ImageStim(__class__=<class 'psychopy.visual.image.ImageStim'>, autoLog=True, color=array([1., 1., 1.]), colorSpace='rgb', contrast=1.0, depth=-2.0, flipHoriz=False, flipVert=False, image='northorsouth2.png', interpolate=True, mask=None, maskParams=None, name='northorsouth2', opacity=1.0, ori=0.0, pos=array([ 0.5, -0.2]), size=array([0.5, 0.5]), texRes=128, units='norm', win=Window(...))
8.8089 	EXP 	text: autoDraw = True
9.1335 	DATA 	Keypress: g
9.1420 	EXP 	text: autoDraw = False
9.1420 	EXP 	waiting: autoDraw = True
27.7767 	DATA 	Keypress: equal
27.7881 	EXP 	Imported chooseBlock3.csv as conditions, 6 conditions, 1 params
27.7885 	EXP 	Created sequence: random, trialTypes=6, nReps=1, seed=None
27.7889 	EXP 	New trial (rep=0, index=0): OrderedDict([('condsFile', 'videoBlock_schemaS_pathA_2.csv')])
27.7981 	EXP 	Imported videoBlock_schemaS_pathA_2.csv as conditions, 1 conditions, 17 params
27.7984 	EXP 	Created sequence: random, trialTypes=1, nReps=1, seed=None
27.7991 	EXP 	New trial (rep=0, index=0): OrderedDict([('northOrSouth', 'south.png'), ('stimFile1a', 'stims/wedding-25.1a.mp4'), ('stimFile1b', 'stims/wedding-25.1b.mp4'), ('stimFile2', 'stims/wedding-25.2a.mp4'), ('stimFile3', 'stims/wedding-25.3b.mp4'), ('stimFile4', 'stims/wedding-25.4a.mp4'), ('stimFile5', 'stims/wedding-25.5.mp4'), ('QeggPainting1', 'stimsday1details/egg25.png'), ('Qcharacter1', 'stimsday1details/couple25.png'), ('Qgift1', 'stimsday1details/gift25.png'), ('QeggPainting2', 'stimsday1details/newegg8.png'), ('Qcharacter2', 'stimsday1details/newperson8.png'), ('Qgift2', 'stimsday1details/new8.png'), ('Qname1', 'stimsday1details/cn25.png'), ('Qtheme1', 'stimsday1details/ct25.png'), ('Qname2', 'stimsday1details/n25.png'), ('Qtheme2', 'stimsday1details/t25.png')])
27.8111 	EXP 	waiting: autoDraw = False
27.8111 	EXP 	image_2: autoDraw = True
29.2767 	DATA 	Keypress: equal
29.7968 	EXP 	Created sequence: random, trialTypes=1, nReps=1, seed=None
29.7970 	EXP 	New trial (rep=0, index=0): None
30.4676 	EXP 	Created vid1a = MovieStim3(__class__=<class 'psychopy.visual.movie3.MovieStim3'>, autoLog=True, color=UNKNOWN, colorSpace=UNKNOWN, depth=-1.0, filename='stims/wedding-25.1a.mp4', flipHoriz=False, flipVert=False, fps=UNKNOWN, interpolate=True, loop=False, name='vid1a', noAudio=False, opacity=1.0, ori=0, pos=array([0., 0.]), size=array([1280.,  720.]), units='pix', vframe_callback=UNKNOWN, volume=UNKNOWN, win=Window(...))
30.8042 	EXP 	Created vid1b = MovieStim3(__class__=<class 'psychopy.visual.movie3.MovieStim3'>, autoLog=True, color=UNKNOWN, colorSpace=UNKNOWN, depth=-2.0, filename='stims/wedding-25.1b.mp4', flipHoriz=False, flipVert=False, fps=UNKNOWN, interpolate=True, loop=False, name='vid1b', noAudio=False, opacity=1.0, ori=0, pos=array([0., 0.]), size=array([1280.,  720.]), units='pix', vframe_callback=UNKNOWN, volume=UNKNOWN, win=Window(...))
31.2610 	EXP 	Created vid2 = MovieStim3(__class__=<class 'psychopy.visual.movie3.MovieStim3'>, autoLog=True, color=UNKNOWN, colorSpace=UNKNOWN, depth=-3.0, filename='stims/wedding-25.2a.mp4', flipHoriz=False, flipVert=False, fps=UNKNOWN, interpolate=True, loop=False, name='vid2', noAudio=False, opacity=1.0, ori=0, pos=array([0., 0.]), size=array([1280.,  720.]), units='pix', vframe_callback=UNKNOWN, volume=UNKNOWN, win=Window(...))
31.7956 	EXP 	Created vid3 = MovieStim3(__class__=<class 'psychopy.visual.movie3.MovieStim3'>, autoLog=True, color=UNKNOWN, colorSpace=UNKNOWN, depth=-4.0, filename='stims/wedding-25.3b.mp4', flipHoriz=False, flipVert=False, fps=UNKNOWN, interpolate=True, loop=False, name='vid3', noAudio=False, opacity=1.0, ori=0, pos=array([0., 0.]), size=array([1280.,  720.]), units='pix', vframe_callback=UNKNOWN, volume=UNKNOWN, win=Window(...))
32.3535 	EXP 	Created vid4 = MovieStim3(__class__=<class 'psychopy.visual.movie3.MovieStim3'>, autoLog=True, color=UNKNOWN, colorSpace=UNKNOWN, depth=-5.0, filename='stims/wedding-25.4a.mp4', flipHoriz=False, flipVert=False, fps=UNKNOWN, interpolate=True, loop=False, name='vid4', noAudio=False, opacity=1.0, ori=0, pos=array([0., 0.]), size=array([1280.,  720.]), units='pix', vframe_callback=UNKNOWN, volume=UNKNOWN, win=Window(...))
32.7490 	EXP 	Created vid5 = MovieStim3(__class__=<class 'psychopy.visual.movie3.MovieStim3'>, autoLog=True, color=UNKNOWN, colorSpace=UNKNOWN, depth=-6.0, filename='stims/wedding-25.5.mp4', flipHoriz=False, flipVert=False, fps=UNKNOWN, interpolate=True, loop=False, name='vid5', noAudio=False, opacity=1.0, ori=0, pos=array([0., 0.]), size=array([1280.,  720.]), units='pix', vframe_callback=UNKNOWN, volume=UNKNOWN, win=Window(...))
32.7914 	EXP 	Created sequence: random, trialTypes=1, nReps=1, seed=None
32.7918 	EXP 	New trial (rep=0, index=0): None
33.3443 	EXP 	Created vid1a_q = MovieStim3(__class__=<class 'psychopy.visual.movie3.MovieStim3'>, autoLog=True, color=UNKNOWN, colorSpace=UNKNOWN, depth=-1.0, filename='stims/wedding-25.1a.mp4', flipHoriz=False, flipVert=False, fps=UNKNOWN, interpolate=True, loop=False, name='vid1a_q', noAudio=False, opacity=1.0, ori=0, pos=array([0., 0.]), size=array([1280.,  720.]), units='pix', vframe_callback=UNKNOWN, volume=UNKNOWN, win=Window(...))
33.6709 	EXP 	Created vid1b_q = MovieStim3(__class__=<class 'psychopy.visual.movie3.MovieStim3'>, autoLog=True, color=UNKNOWN, colorSpace=UNKNOWN, depth=-2.0, filename='stims/wedding-25.1b.mp4', flipHoriz=False, flipVert=False, fps=UNKNOWN, interpolate=True, loop=False, name='vid1b_q', noAudio=False, opacity=1.0, ori=0, pos=array([0., 0.]), size=array([1280.,  720.]), units='pix', vframe_callback=UNKNOWN, volume=UNKNOWN, win=Window(...))
34.1129 	EXP 	Created vid2_q = MovieStim3(__class__=<class 'psychopy.visual.movie3.MovieStim3'>, autoLog=True, color=UNKNOWN, colorSpace=UNKNOWN, depth=-3.0, filename='stims/wedding-25.2a.mp4', flipHoriz=False, flipVert=False, fps=UNKNOWN, interpolate=True, loop=False, name='vid2_q', noAudio=False, opacity=1.0, ori=0, pos=array([0., 0.]), size=array([1280.,  720.]), units='pix', vframe_callback=UNKNOWN, volume=UNKNOWN, win=Window(...))
34.6306 	EXP 	Created vid3_q = MovieStim3(__class__=<class 'psychopy.visual.movie3.MovieStim3'>, autoLog=True, color=UNKNOWN, colorSpace=UNKNOWN, depth=-5.0, filename='stims/wedding-25.3b.mp4', flipHoriz=False, flipVert=False, fps=UNKNOWN, interpolate=True, loop=False, name='vid3_q', noAudio=False, opacity=1.0, ori=0, pos=array([0., 0.]), size=array([1280.,  720.]), units='pix', vframe_callback=UNKNOWN, volume=UNKNOWN, win=Window(...))
35.1692 	EXP 	Created vid4_q = MovieStim3(__class__=<class 'psychopy.visual.movie3.MovieStim3'>, autoLog=True, color=UNKNOWN, colorSpace=UNKNOWN, depth=-7.0, filename='stims/wedding-25.4a.mp4', flipHoriz=False, flipVert=False, fps=UNKNOWN, interpolate=True, loop=False, name='vid4_q', noAudio=False, opacity=1.0, ori=0, pos=array([0., 0.]), size=array([1280.,  720.]), units='pix', vframe_callback=UNKNOWN, volume=UNKNOWN, win=Window(...))
35.5541 	EXP 	Created vid5_q = MovieStim3(__class__=<class 'psychopy.visual.movie3.MovieStim3'>, autoLog=True, color=UNKNOWN, colorSpace=UNKNOWN, depth=-8.0, filename='stims/wedding-25.5.mp4', flipHoriz=False, flipVert=False, fps=UNKNOWN, interpolate=True, loop=False, name='vid5_q', noAudio=False, opacity=1.0, ori=0, pos=array([0., 0.]), size=array([1280.,  720.]), units='pix', vframe_callback=UNKNOWN, volume=UNKNOWN, win=Window(...))
35.5546 	EXP 	window1: recordFrameIntervals = False
35.5580 	DATA 	Keypress: equal
35.5604 	DATA 	Keypress: equal
35.5632 	DATA 	Keypress: equal
35.5655 	DATA 	Keypress: equal
35.5744 	EXP 	image_2: autoDraw = False
35.5744 	EXP 	vid1a: movie = 'stims/wedding-25.1a.mp4'
35.5744 	EXP 	vid1a: autoLog = True
35.5744 	EXP 	vid1b: movie = 'stims/wedding-25.1b.mp4'
35.5744 	EXP 	vid1b: autoLog = True
35.5744 	EXP 	vid2: movie = 'stims/wedding-25.2a.mp4'
35.5744 	EXP 	vid2: autoLog = True
35.5744 	EXP 	vid3: movie = 'stims/wedding-25.3b.mp4'
35.5744 	EXP 	vid3: autoLog = True
35.5744 	EXP 	vid4: movie = 'stims/wedding-25.4a.mp4'
35.5744 	EXP 	vid4: autoLog = True
35.5744 	EXP 	vid5: movie = 'stims/wedding-25.5.mp4'
35.5744 	EXP 	vid5: autoLog = True
35.5744 	EXP 	vid1a: autoDraw = False
35.5744 	EXP 	vid1b: autoDraw = False
35.5744 	EXP 	vid2: autoDraw = False
35.5744 	EXP 	vid3: autoDraw = False
35.5744 	EXP 	vid4: autoDraw = False
35.5744 	EXP 	vid5: autoDraw = False
35.5744 	EXP 	vid1a_q: movie = 'stims/wedding-25.1a.mp4'
35.5744 	EXP 	vid1a_q: autoLog = True
35.5744 	EXP 	vid1b_q: movie = 'stims/wedding-25.1b.mp4'
35.5744 	EXP 	vid1b_q: autoLog = True
35.5744 	EXP 	vid2_q: movie = 'stims/wedding-25.2a.mp4'
35.5744 	EXP 	vid2_q: autoLog = True
35.5744 	EXP 	vid3_q: movie = 'stims/wedding-25.3b.mp4'
35.5744 	EXP 	vid3_q: autoLog = True
35.5744 	EXP 	vid4_q: movie = 'stims/wedding-25.4a.mp4'
35.5744 	EXP 	vid4_q: autoLog = True
35.5744 	EXP 	vid5_q: movie = 'stims/wedding-25.5.mp4'
35.5744 	EXP 	vid5_q: autoLog = True
38.3599 	EXP 	window1: recordFrameIntervals = False
39.8425 	DATA 	Keypress: equal
39.8449 	DATA 	Keypress: equal
39.8476 	DATA 	Keypress: equal
40.0584 	EXP 	vid1a_q: movie = 'stims/wedding-25.1a.mp4'
40.0584 	EXP 	vid1b_q: movie = 'stims/wedding-25.1b.mp4'
40.0584 	EXP 	vid2_q: movie = 'stims/wedding-25.2a.mp4'
40.0584 	EXP 	vid3_q: movie = 'stims/wedding-25.3b.mp4'
40.0584 	EXP 	vid4_q: movie = 'stims/wedding-25.4a.mp4'
40.0584 	EXP 	vid5_q: movie = 'stims/wedding-25.5.mp4'
40.0750 	EXP 	vid1a_q: autoDraw = True
41.2777 	DATA 	Keypress: equal
42.7811 	DATA 	Keypress: equal
44.2761 	DATA 	Keypress: equal
45.7761 	DATA 	Keypress: equal
47.2761 	DATA 	Keypress: equal
48.7762 	DATA 	Keypress: equal
50.2762 	DATA 	Keypress: equal
51.7768 	DATA 	Keypress: equal
53.2760 	DATA 	Keypress: equal
54.7773 	DATA 	Keypress: equal
56.2718 	DATA 	Keypress: equal
57.7766 	DATA 	Keypress: equal
59.2723 	DATA 	Keypress: equal
60.7764 	DATA 	Keypress: equal
62.2759 	DATA 	Keypress: equal
63.7764 	DATA 	Keypress: equal
65.2810 	DATA 	Keypress: equal
66.7761 	DATA 	Keypress: equal
68.2763 	DATA 	Keypress: equal
69.7764 	DATA 	Keypress: equal
69.8078 	EXP 	vid1a_q: autoDraw = False
69.8248 	EXP 	vid1b_q: autoDraw = True
71.2765 	DATA 	Keypress: equal
72.7765 	DATA 	Keypress: equal
74.2764 	DATA 	Keypress: equal
75.8036 	DATA 	Keypress: equal
77.2761 	DATA 	Keypress: equal
77.9068 	EXP 	Set vid1b_q finished
78.7804 	DATA 	Keypress: equal
78.8237 	EXP 	vid2_q: autoDraw = True
80.2767 	DATA 	Keypress: equal
81.7767 	DATA 	Keypress: equal
83.2778 	DATA 	Keypress: equal
84.7773 	DATA 	Keypress: equal
86.2778 	DATA 	Keypress: equal
87.7766 	DATA 	Keypress: equal
89.2764 	DATA 	Keypress: equal
90.7764 	DATA 	Keypress: equal
92.2763 	DATA 	Keypress: equal
93.7765 	DATA 	Keypress: equal
95.1071 	EXP 	Set vid2_q finished
95.2812 	DATA 	Keypress: equal
95.8275 	EXP 	l2q: autoDraw = True
96.7798 	DATA 	Keypress: equal
97.2422 	DATA 	Keypress: 1
98.2803 	DATA 	Keypress: equal
99.7808 	DATA 	Keypress: equal
99.8072 	EXP 	l2q: autoDraw = False
99.8235 	EXP 	vid3_q: autoDraw = True
101.2699 	DATA 	Keypress: equal
102.7764 	DATA 	Keypress: equal
104.2762 	DATA 	Keypress: equal
105.7768 	DATA 	Keypress: equal
107.2717 	DATA 	Keypress: equal
108.7711 	DATA 	Keypress: equal
110.2749 	DATA 	Keypress: equal
111.7807 	DATA 	Keypress: equal
113.2801 	DATA 	Keypress: equal
114.7753 	DATA 	Keypress: equal
116.2800 	DATA 	Keypress: equal
117.7755 	DATA 	Keypress: equal
119.2753 	DATA 	Keypress: equal
120.7762 	DATA 	Keypress: equal
122.2801 	DATA 	Keypress: equal
122.8063 	EXP 	vid3_q: autoDraw = False
122.8277 	EXP 	l3q: autoDraw = True
123.7793 	DATA 	Keypress: equal
124.6244 	DATA 	Keypress: 2
125.2795 	DATA 	Keypress: equal
126.7797 	DATA 	Keypress: equal
126.8074 	EXP 	l3q: autoDraw = False
126.8232 	EXP 	vid4_q: autoDraw = True
128.2713 	DATA 	Keypress: equal
129.7750 	DATA 	Keypress: equal
131.2767 	DATA 	Keypress: equal
132.7713 	DATA 	Keypress: equal
134.2720 	DATA 	Keypress: equal
135.7805 	DATA 	Keypress: equal
137.2750 	DATA 	Keypress: equal
138.7780 	DATA 	Keypress: equal
140.2774 	DATA 	Keypress: equal
141.7747 	DATA 	Keypress: equal
143.2755 	DATA 	Keypress: equal
144.7761 	DATA 	Keypress: equal
146.2759 	DATA 	Keypress: equal
147.7771 	DATA 	Keypress: equal
149.2826 	DATA 	Keypress: equal
150.7756 	DATA 	Keypress: equal
150.8068 	EXP 	vid4_q: autoDraw = False
150.8234 	EXP 	vid5_q: autoDraw = True
152.2720 	DATA 	Keypress: equal
153.7755 	DATA 	Keypress: equal
155.2760 	DATA 	Keypress: equal
156.7752 	DATA 	Keypress: equal
158.2748 	DATA 	Keypress: equal
159.7757 	DATA 	Keypress: equal
161.2753 	DATA 	Keypress: equal
162.7754 	DATA 	Keypress: equal
162.9401 	EXP 	Set vid5_q finished
163.0823 	EXP 	window1: recordFrameIntervals = False
163.0904 	EXP 	vid1a_q: autoDraw = False
163.0904 	EXP 	vid1b_q: autoDraw = False
163.0904 	EXP 	vid2_q: autoDraw = False
163.0904 	EXP 	l2q: autoDraw = False
163.0904 	EXP 	vid3_q: autoDraw = False
163.0904 	EXP 	l3q: autoDraw = False
163.0904 	EXP 	vid4_q: autoDraw = False
163.0904 	EXP 	vid5_q: autoDraw = False
163.3040 	EXP 	window1: recordFrameIntervals = False
164.8678 	DATA 	Keypress: equal
165.0892 	EXP 	eggPainting1: image = 'stimsday1details/egg25.png'
165.0892 	EXP 	eggPainting2: image = 'stimsday1details/newegg8.png'
165.0892 	EXP 	character1: image = 'stimsday1details/couple25.png'
165.0892 	EXP 	character2: image = 'stimsday1details/newperson8.png'
165.0892 	EXP 	gift1: image = 'stimsday1details/gift25.png'
165.0892 	EXP 	gift2: image = 'stimsday1details/new8.png'
165.0892 	EXP 	themeQ1: image = 'stimsday1details/ct25.png'
165.0892 	EXP 	themeQ2: image = 'stimsday1details/t25.png'
165.0892 	EXP 	nameQ1: image = 'stimsday1details/cn25.png'
165.0892 	EXP 	nameQ2: image = 'stimsday1details/n25.png'
165.0892 	EXP 	nameQ1: autoDraw = True
165.0892 	EXP 	nameQ2: autoDraw = True
165.7753 	DATA 	Keypress: equal
166.3419 	DATA 	Keypress: 2
167.0733 	EXP 	nameQ1: autoDraw = False
167.0733 	EXP 	nameQ2: autoDraw = False
167.0733 	EXP 	nameQ1: autoDraw = False
167.0733 	EXP 	nameQ2: autoDraw = False
167.0733 	EXP 	eggPainting1: autoDraw = True
167.0733 	EXP 	eggPainting2: autoDraw = True
167.2747 	DATA 	Keypress: equal
167.9572 	DATA 	Keypress: 1
168.7791 	DATA 	Keypress: equal
169.0723 	EXP 	eggPainting1: autoDraw = False
169.0723 	EXP 	eggPainting2: autoDraw = False
169.0723 	EXP 	eggPainting1: autoDraw = False
169.0723 	EXP 	eggPainting2: autoDraw = False
169.0723 	EXP 	character1: autoDraw = True
169.0723 	EXP 	character2: autoDraw = True
169.8454 	DATA 	Keypress: 1
170.2740 	DATA 	Keypress: equal
171.0723 	EXP 	character1: autoDraw = False
171.0723 	EXP 	character2: autoDraw = False
171.0723 	EXP 	character1: autoDraw = False
171.0723 	EXP 	character2: autoDraw = False
171.0723 	EXP 	themeQ1: autoDraw = True
171.0723 	EXP 	themeQ2: autoDraw = True
171.7740 	DATA 	Keypress: equal
173.0722 	EXP 	themeQ1: autoDraw = False
173.0722 	EXP 	themeQ2: autoDraw = False
173.0722 	EXP 	themeQ1: autoDraw = False
173.0722 	EXP 	themeQ2: autoDraw = False
173.0722 	EXP 	gift1: autoDraw = True
173.0722 	EXP 	gift2: autoDraw = True
173.2738 	DATA 	Keypress: equal
174.0741 	DATA 	Keypress: 1
174.7740 	DATA 	Keypress: equal
175.0722 	EXP 	gift1: autoDraw = False
175.0722 	EXP 	gift2: autoDraw = False
175.0722 	EXP 	gift1: autoDraw = False
175.0722 	EXP 	gift2: autoDraw = False
175.0722 	EXP 	northorsouth1: autoDraw = True
175.0722 	EXP 	northorsouth2: autoDraw = True
175.9741 	DATA 	Keypress: 2
176.2749 	DATA 	Keypress: equal
177.2279 	EXP 	New trial (rep=0, index=1): OrderedDict([('condsFile', 'videoBlock_schemaS_pathB_3.csv')])
177.2409 	EXP 	Imported videoBlock_schemaS_pathB_3.csv as conditions, 1 conditions, 17 params
177.2414 	EXP 	Created sequence: random, trialTypes=1, nReps=1, seed=None
177.2421 	EXP 	New trial (rep=0, index=0): OrderedDict([('northOrSouth', 'south.png'), ('stimFile1a', 'stims/wedding-41.1a.mp4'), ('stimFile1b', 'stims/wedding-41.1b.mp4'), ('stimFile2', 'stims/wedding-41.2b.mp4'), ('stimFile3', 'stims/wedding-41.3a.mp4'), ('stimFile4', 'stims/wedding-41.4b.mp4'), ('stimFile5', 'stims/wedding-41.5.mp4'), ('QeggPainting1', 'stimsday1details/painting41.png'), ('Qcharacter1', 'stimsday1details/couple41.png'), ('Qgift1', 'stimsday1details/new21.png'), ('QeggPainting2', 'stimsday1details/newpainting9.png'), ('Qcharacter2', 'stimsday1details/newperson21.png'), ('Qgift2', 'stimsday1details/gift41.png'), ('Qname1', 'stimsday1details/cn41.png'), ('Qtheme1', 'stimsday1details/t41.png'), ('Qname2', 'stimsday1details/n41.png'), ('Qtheme2', 'stimsday1details/ct41.png')])
177.2560 	EXP 	northorsouth1: autoDraw = False
177.2560 	EXP 	northorsouth2: autoDraw = False
177.2560 	EXP 	northorsouth1: autoDraw = False
177.2560 	EXP 	northorsouth2: autoDraw = False
177.2560 	EXP 	image_2: autoDraw = True
177.7741 	DATA 	Keypress: equal
179.2449 	EXP 	Created sequence: random, trialTypes=1, nReps=1, seed=None
179.2451 	EXP 	New trial (rep=0, index=0): None
179.8358 	EXP 	Created vid1a = MovieStim3(__class__=<class 'psychopy.visual.movie3.MovieStim3'>, autoLog=True, color=UNKNOWN, colorSpace=UNKNOWN, depth=-1.0, filename='stims/wedding-41.1a.mp4', flipHoriz=False, flipVert=False, fps=UNKNOWN, interpolate=True, loop=False, name='vid1a', noAudio=False, opacity=1.0, ori=0, pos=array([0., 0.]), size=array([1280.,  720.]), units='pix', vframe_callback=UNKNOWN, volume=UNKNOWN, win=Window(...))
180.2386 	EXP 	Created vid1b = MovieStim3(__class__=<class 'psychopy.visual.movie3.MovieStim3'>, autoLog=True, color=UNKNOWN, colorSpace=UNKNOWN, depth=-2.0, filename='stims/wedding-41.1b.mp4', flipHoriz=False, flipVert=False, fps=UNKNOWN, interpolate=True, loop=False, name='vid1b', noAudio=False, opacity=1.0, ori=0, pos=array([0., 0.]), size=array([1280.,  720.]), units='pix', vframe_callback=UNKNOWN, volume=UNKNOWN, win=Window(...))
180.7763 	EXP 	Created vid2 = MovieStim3(__class__=<class 'psychopy.visual.movie3.MovieStim3'>, autoLog=True, color=UNKNOWN, colorSpace=UNKNOWN, depth=-3.0, filename='stims/wedding-41.2b.mp4', flipHoriz=False, flipVert=False, fps=UNKNOWN, interpolate=True, loop=False, name='vid2', noAudio=False, opacity=1.0, ori=0, pos=array([0., 0.]), size=array([1280.,  720.]), units='pix', vframe_callback=UNKNOWN, volume=UNKNOWN, win=Window(...))
181.3611 	EXP 	Created vid3 = MovieStim3(__class__=<class 'psychopy.visual.movie3.MovieStim3'>, autoLog=True, color=UNKNOWN, colorSpace=UNKNOWN, depth=-4.0, filename='stims/wedding-41.3a.mp4', flipHoriz=False, flipVert=False, fps=UNKNOWN, interpolate=True, loop=False, name='vid3', noAudio=False, opacity=1.0, ori=0, pos=array([0., 0.]), size=array([1280.,  720.]), units='pix', vframe_callback=UNKNOWN, volume=UNKNOWN, win=Window(...))
181.8368 	EXP 	Created vid4 = MovieStim3(__class__=<class 'psychopy.visual.movie3.MovieStim3'>, autoLog=True, color=UNKNOWN, colorSpace=UNKNOWN, depth=-5.0, filename='stims/wedding-41.4b.mp4', flipHoriz=False, flipVert=False, fps=UNKNOWN, interpolate=True, loop=False, name='vid4', noAudio=False, opacity=1.0, ori=0, pos=array([0., 0.]), size=array([1280.,  720.]), units='pix', vframe_callback=UNKNOWN, volume=UNKNOWN, win=Window(...))
182.2604 	EXP 	Created vid5 = MovieStim3(__class__=<class 'psychopy.visual.movie3.MovieStim3'>, autoLog=True, color=UNKNOWN, colorSpace=UNKNOWN, depth=-6.0, filename='stims/wedding-41.5.mp4', flipHoriz=False, flipVert=False, fps=UNKNOWN, interpolate=True, loop=False, name='vid5', noAudio=False, opacity=1.0, ori=0, pos=array([0., 0.]), size=array([1280.,  720.]), units='pix', vframe_callback=UNKNOWN, volume=UNKNOWN, win=Window(...))
182.3798 	EXP 	window1: recordFrameIntervals = False
182.3832 	DATA 	Keypress: equal
182.3855 	DATA 	Keypress: equal
182.3876 	DATA 	Keypress: equal
182.4064 	EXP 	image_2: autoDraw = False
182.4064 	EXP 	image_2: autoDraw = False
182.4064 	EXP 	vid1a: movie = 'stims/wedding-41.1a.mp4'
182.4064 	EXP 	vid1a: autoLog = True
182.4064 	EXP 	vid1b: movie = 'stims/wedding-41.1b.mp4'
182.4064 	EXP 	vid1b: autoLog = True
182.4064 	EXP 	vid2: movie = 'stims/wedding-41.2b.mp4'
182.4064 	EXP 	vid2: autoLog = True
182.4064 	EXP 	vid3: movie = 'stims/wedding-41.3a.mp4'
182.4064 	EXP 	vid3: autoLog = True
182.4064 	EXP 	vid4: movie = 'stims/wedding-41.4b.mp4'
182.4064 	EXP 	vid4: autoLog = True
182.4064 	EXP 	vid5: movie = 'stims/wedding-41.5.mp4'
182.4064 	EXP 	vid5: autoLog = True
185.2381 	EXP 	window1: recordFrameIntervals = False
186.6679 	DATA 	Keypress: equal
186.6702 	DATA 	Keypress: equal
186.7661 	DATA 	Keypress: equal
186.8725 	EXP 	vid1a: movie = 'stims/wedding-41.1a.mp4'
186.8725 	EXP 	vid1b: movie = 'stims/wedding-41.1b.mp4'
186.8725 	EXP 	vid2: movie = 'stims/wedding-41.2b.mp4'
186.8725 	EXP 	vid3: movie = 'stims/wedding-41.3a.mp4'
186.8725 	EXP 	vid4: movie = 'stims/wedding-41.4b.mp4'
186.8725 	EXP 	vid5: movie = 'stims/wedding-41.5.mp4'
186.8897 	EXP 	vid1a: autoDraw = True
188.2746 	DATA 	Keypress: equal
189.7757 	DATA 	Keypress: equal
191.2750 	DATA 	Keypress: equal
192.7699 	DATA 	Keypress: equal
194.2657 	DATA 	Keypress: equal
195.7666 	DATA 	Keypress: equal
197.2740 	DATA 	Keypress: equal
198.7740 	DATA 	Keypress: equal
200.2740 	DATA 	Keypress: equal
201.7738 	DATA 	Keypress: equal
203.2740 	DATA 	Keypress: equal
204.7800 	DATA 	Keypress: equal
206.2747 	DATA 	Keypress: equal
207.7797 	DATA 	Keypress: equal
209.2800 	DATA 	Keypress: equal
210.7758 	DATA 	Keypress: equal
212.2752 	DATA 	Keypress: equal
213.7743 	DATA 	Keypress: equal
215.2652 	DATA 	Keypress: equal
216.2605 	EXP 	vid1a: autoDraw = False
216.2726 	EXP 	vid1b: autoDraw = True
216.7747 	DATA 	Keypress: equal
218.2747 	DATA 	Keypress: equal
219.7745 	DATA 	Keypress: equal
221.2701 	DATA 	Keypress: equal
222.7704 	DATA 	Keypress: equal
224.2684 	DATA 	Keypress: equal
225.2551 	EXP 	vid1b: autoDraw = False
225.2730 	EXP 	vid2: autoDraw = True
225.7744 	DATA 	Keypress: equal
227.2751 	DATA 	Keypress: equal
228.7749 	DATA 	Keypress: equal
230.2794 	DATA 	Keypress: equal
231.7746 	DATA 	Keypress: equal
233.2736 	DATA 	Keypress: equal
234.7735 	DATA 	Keypress: equal
236.2647 	DATA 	Keypress: equal
237.7655 	DATA 	Keypress: equal
239.2673 	DATA 	Keypress: equal
240.7644 	DATA 	Keypress: equal
241.4889 	EXP 	Set vid2 finished
242.2665 	DATA 	Keypress: equal
242.2725 	EXP 	vid3: autoDraw = True
243.7735 	DATA 	Keypress: equal
245.2735 	DATA 	Keypress: equal
246.7690 	DATA 	Keypress: equal
248.2654 	DATA 	Keypress: equal
249.7696 	DATA 	Keypress: equal
251.2654 	DATA 	Keypress: equal
252.7735 	DATA 	Keypress: equal
254.2645 	DATA 	Keypress: equal
255.7639 	DATA 	Keypress: equal
257.2649 	DATA 	Keypress: equal
258.7654 	DATA 	Keypress: equal
260.2666 	DATA 	Keypress: equal
261.7680 	DATA 	Keypress: equal
263.2733 	DATA 	Keypress: equal
264.7778 	DATA 	Keypress: equal
265.2548 	EXP 	vid3: autoDraw = False
265.2723 	EXP 	vid4: autoDraw = True
266.2730 	DATA 	Keypress: equal
267.7844 	DATA 	Keypress: equal
269.2781 	DATA 	Keypress: equal
270.7785 	DATA 	Keypress: equal
272.2743 	DATA 	Keypress: equal
273.7783 	DATA 	Keypress: equal
275.2688 	DATA 	Keypress: equal
276.7649 	DATA 	Keypress: equal
278.2657 	DATA 	Keypress: equal
279.7650 	DATA 	Keypress: equal
281.2652 	DATA 	Keypress: equal
282.7642 	DATA 	Keypress: equal
284.2654 	DATA 	Keypress: equal
285.7640 	DATA 	Keypress: equal
287.2696 	DATA 	Keypress: equal
288.7555 	EXP 	Set vid4 finished
288.7778 	DATA 	Keypress: equal
289.2715 	EXP 	vid5: autoDraw = True
290.2730 	DATA 	Keypress: equal
291.7737 	DATA 	Keypress: equal
293.3008 	DATA 	Keypress: equal
294.7734 	DATA 	Keypress: equal
296.2746 	DATA 	Keypress: equal
297.7787 	DATA 	Keypress: equal
299.2646 	DATA 	Keypress: equal
300.7654 	DATA 	Keypress: equal
302.3670 	EXP 	Created sequence: random, trialTypes=1, nReps=1, seed=None
302.3673 	EXP 	New trial (rep=0, index=0): None
302.9282 	EXP 	Created vid1a_q = MovieStim3(__class__=<class 'psychopy.visual.movie3.MovieStim3'>, autoLog=True, color=UNKNOWN, colorSpace=UNKNOWN, depth=-1.0, filename='stims/wedding-41.1a.mp4', flipHoriz=False, flipVert=False, fps=UNKNOWN, interpolate=True, loop=False, name='vid1a_q', noAudio=False, opacity=1.0, ori=0, pos=array([0., 0.]), size=array([1280.,  720.]), units='pix', vframe_callback=UNKNOWN, volume=UNKNOWN, win=Window(...))
303.3102 	EXP 	Created vid1b_q = MovieStim3(__class__=<class 'psychopy.visual.movie3.MovieStim3'>, autoLog=True, color=UNKNOWN, colorSpace=UNKNOWN, depth=-2.0, filename='stims/wedding-41.1b.mp4', flipHoriz=False, flipVert=False, fps=UNKNOWN, interpolate=True, loop=False, name='vid1b_q', noAudio=False, opacity=1.0, ori=0, pos=array([0., 0.]), size=array([1280.,  720.]), units='pix', vframe_callback=UNKNOWN, volume=UNKNOWN, win=Window(...))
303.8113 	EXP 	Created vid2_q = MovieStim3(__class__=<class 'psychopy.visual.movie3.MovieStim3'>, autoLog=True, color=UNKNOWN, colorSpace=UNKNOWN, depth=-3.0, filename='stims/wedding-41.2b.mp4', flipHoriz=False, flipVert=False, fps=UNKNOWN, interpolate=True, loop=False, name='vid2_q', noAudio=False, opacity=1.0, ori=0, pos=array([0., 0.]), size=array([1280.,  720.]), units='pix', vframe_callback=UNKNOWN, volume=UNKNOWN, win=Window(...))
304.3446 	EXP 	Created vid3_q = MovieStim3(__class__=<class 'psychopy.visual.movie3.MovieStim3'>, autoLog=True, color=UNKNOWN, colorSpace=UNKNOWN, depth=-5.0, filename='stims/wedding-41.3a.mp4', flipHoriz=False, flipVert=False, fps=UNKNOWN, interpolate=True, loop=False, name='vid3_q', noAudio=False, opacity=1.0, ori=0, pos=array([0., 0.]), size=array([1280.,  720.]), units='pix', vframe_callback=UNKNOWN, volume=UNKNOWN, win=Window(...))
304.8096 	EXP 	Created vid4_q = MovieStim3(__class__=<class 'psychopy.visual.movie3.MovieStim3'>, autoLog=True, color=UNKNOWN, colorSpace=UNKNOWN, depth=-7.0, filename='stims/wedding-41.4b.mp4', flipHoriz=False, flipVert=False, fps=UNKNOWN, interpolate=True, loop=False, name='vid4_q', noAudio=False, opacity=1.0, ori=0, pos=array([0., 0.]), size=array([1280.,  720.]), units='pix', vframe_callback=UNKNOWN, volume=UNKNOWN, win=Window(...))
305.1991 	EXP 	Created vid5_q = MovieStim3(__class__=<class 'psychopy.visual.movie3.MovieStim3'>, autoLog=True, color=UNKNOWN, colorSpace=UNKNOWN, depth=-8.0, filename='stims/wedding-41.5.mp4', flipHoriz=False, flipVert=False, fps=UNKNOWN, interpolate=True, loop=False, name='vid5_q', noAudio=False, opacity=1.0, ori=0, pos=array([0., 0.]), size=array([1280.,  720.]), units='pix', vframe_callback=UNKNOWN, volume=UNKNOWN, win=Window(...))
305.3687 	EXP 	window1: recordFrameIntervals = False
305.3718 	DATA 	Keypress: equal
305.3740 	DATA 	Keypress: equal
305.3761 	DATA 	Keypress: equal
305.3877 	EXP 	vid5: autoDraw = False
305.3877 	EXP 	vid1a: autoDraw = False
305.3877 	EXP 	vid1b: autoDraw = False
305.3877 	EXP 	vid2: autoDraw = False
305.3877 	EXP 	vid3: autoDraw = False
305.3877 	EXP 	vid4: autoDraw = False
305.3877 	EXP 	vid5: autoDraw = False
305.3877 	EXP 	vid1a_q: movie = 'stims/wedding-41.1a.mp4'
305.3877 	EXP 	vid1a_q: autoLog = True
305.3877 	EXP 	vid1b_q: movie = 'stims/wedding-41.1b.mp4'
305.3877 	EXP 	vid1b_q: autoLog = True
305.3877 	EXP 	vid2_q: movie = 'stims/wedding-41.2b.mp4'
305.3877 	EXP 	vid2_q: autoLog = True
305.3877 	EXP 	vid3_q: movie = 'stims/wedding-41.3a.mp4'
305.3877 	EXP 	vid3_q: autoLog = True
305.3877 	EXP 	vid4_q: movie = 'stims/wedding-41.4b.mp4'
305.3877 	EXP 	vid4_q: autoLog = True
305.3877 	EXP 	vid5_q: movie = 'stims/wedding-41.5.mp4'
305.3877 	EXP 	vid5_q: autoLog = True
305.3877 	EXP 	vid1a_q: autoDraw = False
305.3877 	EXP 	vid1b_q: autoDraw = False
305.3877 	EXP 	vid2_q: autoDraw = False
305.3877 	EXP 	l2q: autoDraw = False
305.3877 	EXP 	vid3_q: autoDraw = False
305.3877 	EXP 	l3q: autoDraw = False
305.3877 	EXP 	vid4_q: autoDraw = False
305.3877 	EXP 	vid5_q: autoDraw = False
305.6116 	EXP 	window1: recordFrameIntervals = False
307.1552 	DATA 	Keypress: equal
307.3708 	EXP 	eggPainting1: image = 'stimsday1details/painting41.png'
307.3708 	EXP 	eggPainting2: image = 'stimsday1details/newpainting9.png'
307.3708 	EXP 	character1: image = 'stimsday1details/couple41.png'
307.3708 	EXP 	character2: image = 'stimsday1details/newperson21.png'
307.3708 	EXP 	gift1: image = 'stimsday1details/new21.png'
307.3708 	EXP 	gift2: image = 'stimsday1details/gift41.png'
307.3708 	EXP 	themeQ1: image = 'stimsday1details/t41.png'
307.3708 	EXP 	themeQ2: image = 'stimsday1details/ct41.png'
307.3708 	EXP 	nameQ1: image = 'stimsday1details/cn41.png'
307.3708 	EXP 	nameQ2: image = 'stimsday1details/n41.png'
307.3708 	EXP 	nameQ1: autoDraw = True
307.3708 	EXP 	nameQ2: autoDraw = True
308.2729 	DATA 	Keypress: equal
308.2743 	DATA 	Keypress: 2
309.3704 	EXP 	nameQ1: autoDraw = False
309.3704 	EXP 	nameQ2: autoDraw = False
309.3704 	EXP 	nameQ1: autoDraw = False
309.3704 	EXP 	nameQ2: autoDraw = False
309.3704 	EXP 	eggPainting1: autoDraw = True
309.3704 	EXP 	eggPainting2: autoDraw = True
309.7721 	DATA 	Keypress: equal
310.1563 	DATA 	Keypress: 1
311.2733 	DATA 	Keypress: equal
311.3710 	EXP 	eggPainting1: autoDraw = False
311.3710 	EXP 	eggPainting2: autoDraw = False
311.3710 	EXP 	eggPainting1: autoDraw = False
311.3710 	EXP 	eggPainting2: autoDraw = False
311.3710 	EXP 	character1: autoDraw = True
311.3710 	EXP 	character2: autoDraw = True
312.3396 	DATA 	Keypress: 1
312.7722 	DATA 	Keypress: equal
313.3705 	EXP 	character1: autoDraw = False
313.3705 	EXP 	character2: autoDraw = False
313.3705 	EXP 	character1: autoDraw = False
313.3705 	EXP 	character2: autoDraw = False
313.3705 	EXP 	themeQ1: autoDraw = True
313.3705 	EXP 	themeQ2: autoDraw = True
314.2730 	DATA 	Keypress: equal
314.6946 	DATA 	Keypress: 1
315.3716 	EXP 	themeQ1: autoDraw = False
315.3716 	EXP 	themeQ2: autoDraw = False
315.3716 	EXP 	themeQ1: autoDraw = False
315.3716 	EXP 	themeQ2: autoDraw = False
315.3716 	EXP 	gift1: autoDraw = True
315.3716 	EXP 	gift2: autoDraw = True
315.7732 	DATA 	Keypress: equal
316.1939 	DATA 	Keypress: 2
317.2723 	DATA 	Keypress: equal
317.3717 	EXP 	gift1: autoDraw = False
317.3717 	EXP 	gift2: autoDraw = False
317.3717 	EXP 	gift1: autoDraw = False
317.3717 	EXP 	gift2: autoDraw = False
317.3717 	EXP 	northorsouth1: autoDraw = True
317.3717 	EXP 	northorsouth2: autoDraw = True
318.0222 	DATA 	Keypress: 2
318.7720 	DATA 	Keypress: equal
319.5611 	EXP 	New trial (rep=0, index=2): OrderedDict([('condsFile', 'videoBlock_schemaS_pathB_2.csv')])
319.5738 	EXP 	Imported videoBlock_schemaS_pathB_2.csv as conditions, 1 conditions, 17 params
319.5743 	EXP 	Created sequence: random, trialTypes=1, nReps=1, seed=None
319.5750 	EXP 	New trial (rep=0, index=0): OrderedDict([('northOrSouth', 'south.png'), ('stimFile1a', 'stims/wedding-32.1a.mp4'), ('stimFile1b', 'stims/wedding-32.1b.mp4'), ('stimFile2', 'stims/wedding-32.2b.mp4'), ('stimFile3', 'stims/wedding-32.3a.mp4'), ('stimFile4', 'stims/wedding-32.4b.mp4'), ('stimFile5', 'stims/wedding-32.5.mp4'), ('QeggPainting1', 'stimsday1details/newpainting8.png'), ('Qcharacter1', 'stimsday1details/newperson20.png'), ('Qgift1', 'stimsday1details/new20.png'), ('QeggPainting2', 'stimsday1details/painting32.png'), ('Qcharacter2', 'stimsday1details/couple32.png'), ('Qgift2', 'stimsday1details/gift32.png'), ('Qname1', 'stimsday1details/n32.png'), ('Qtheme1', 'stimsday1details/t32.png'), ('Qname2', 'stimsday1details/cn32.png'), ('Qtheme2', 'stimsday1details/ct32.png')])
319.5881 	EXP 	northorsouth1: autoDraw = False
319.5881 	EXP 	northorsouth2: autoDraw = False
319.5881 	EXP 	northorsouth1: autoDraw = False
319.5881 	EXP 	northorsouth2: autoDraw = False
319.5881 	EXP 	image_2: autoDraw = True
320.2778 	DATA 	Keypress: equal
321.5772 	EXP 	Created sequence: random, trialTypes=1, nReps=1, seed=None
321.5775 	EXP 	New trial (rep=0, index=0): None
322.1781 	EXP 	Created vid1a = MovieStim3(__class__=<class 'psychopy.visual.movie3.MovieStim3'>, autoLog=True, color=UNKNOWN, colorSpace=UNKNOWN, depth=-1.0, filename='stims/wedding-32.1a.mp4', flipHoriz=False, flipVert=False, fps=UNKNOWN, interpolate=True, loop=False, name='vid1a', noAudio=False, opacity=1.0, ori=0, pos=array([0., 0.]), size=array([1280.,  720.]), units='pix', vframe_callback=UNKNOWN, volume=UNKNOWN, win=Window(...))
322.5850 	EXP 	Created vid1b = MovieStim3(__class__=<class 'psychopy.visual.movie3.MovieStim3'>, autoLog=True, color=UNKNOWN, colorSpace=UNKNOWN, depth=-2.0, filename='stims/wedding-32.1b.mp4', flipHoriz=False, flipVert=False, fps=UNKNOWN, interpolate=True, loop=False, name='vid1b', noAudio=False, opacity=1.0, ori=0, pos=array([0., 0.]), size=array([1280.,  720.]), units='pix', vframe_callback=UNKNOWN, volume=UNKNOWN, win=Window(...))
323.0038 	EXP 	Created vid2 = MovieStim3(__class__=<class 'psychopy.visual.movie3.MovieStim3'>, autoLog=True, color=UNKNOWN, colorSpace=UNKNOWN, depth=-3.0, filename='stims/wedding-32.2b.mp4', flipHoriz=False, flipVert=False, fps=UNKNOWN, interpolate=True, loop=False, name='vid2', noAudio=False, opacity=1.0, ori=0, pos=array([0., 0.]), size=array([1280.,  720.]), units='pix', vframe_callback=UNKNOWN, volume=UNKNOWN, win=Window(...))
323.4870 	EXP 	Created vid3 = MovieStim3(__class__=<class 'psychopy.visual.movie3.MovieStim3'>, autoLog=True, color=UNKNOWN, colorSpace=UNKNOWN, depth=-4.0, filename='stims/wedding-32.3a.mp4', flipHoriz=False, flipVert=False, fps=UNKNOWN, interpolate=True, loop=False, name='vid3', noAudio=False, opacity=1.0, ori=0, pos=array([0., 0.]), size=array([1280.,  720.]), units='pix', vframe_callback=UNKNOWN, volume=UNKNOWN, win=Window(...))
324.0736 	EXP 	Created vid4 = MovieStim3(__class__=<class 'psychopy.visual.movie3.MovieStim3'>, autoLog=True, color=UNKNOWN, colorSpace=UNKNOWN, depth=-5.0, filename='stims/wedding-32.4b.mp4', flipHoriz=False, flipVert=False, fps=UNKNOWN, interpolate=True, loop=False, name='vid4', noAudio=False, opacity=1.0, ori=0, pos=array([0., 0.]), size=array([1280.,  720.]), units='pix', vframe_callback=UNKNOWN, volume=UNKNOWN, win=Window(...))
324.4322 	EXP 	Created vid5 = MovieStim3(__class__=<class 'psychopy.visual.movie3.MovieStim3'>, autoLog=True, color=UNKNOWN, colorSpace=UNKNOWN, depth=-6.0, filename='stims/wedding-32.5.mp4', flipHoriz=False, flipVert=False, fps=UNKNOWN, interpolate=True, loop=False, name='vid5', noAudio=False, opacity=1.0, ori=0, pos=array([0., 0.]), size=array([1280.,  720.]), units='pix', vframe_callback=UNKNOWN, volume=UNKNOWN, win=Window(...))
324.5195 	EXP 	window1: recordFrameIntervals = False
324.5229 	DATA 	Keypress: equal
324.5254 	DATA 	Keypress: equal
324.5374 	EXP 	image_2: autoDraw = False
324.5374 	EXP 	image_2: autoDraw = False
324.5374 	EXP 	vid1a: movie = 'stims/wedding-32.1a.mp4'
324.5374 	EXP 	vid1a: autoLog = True
324.5374 	EXP 	vid1b: movie = 'stims/wedding-32.1b.mp4'
324.5374 	EXP 	vid1b: autoLog = True
324.5374 	EXP 	vid2: movie = 'stims/wedding-32.2b.mp4'
324.5374 	EXP 	vid2: autoLog = True
324.5374 	EXP 	vid3: movie = 'stims/wedding-32.3a.mp4'
324.5374 	EXP 	vid3: autoLog = True
324.5374 	EXP 	vid4: movie = 'stims/wedding-32.4b.mp4'
324.5374 	EXP 	vid4: autoLog = True
324.5374 	EXP 	vid5: movie = 'stims/wedding-32.5.mp4'
324.5374 	EXP 	vid5: autoLog = True
327.2402 	EXP 	window1: recordFrameIntervals = False
328.8075 	DATA 	Keypress: equal
328.8099 	DATA 	Keypress: equal
328.8121 	DATA 	Keypress: equal
329.0214 	EXP 	vid1a: movie = 'stims/wedding-32.1a.mp4'
329.0214 	EXP 	vid1b: movie = 'stims/wedding-32.1b.mp4'
329.0214 	EXP 	vid2: movie = 'stims/wedding-32.2b.mp4'
329.0214 	EXP 	vid3: movie = 'stims/wedding-32.3a.mp4'
329.0214 	EXP 	vid4: movie = 'stims/wedding-32.4b.mp4'
329.0214 	EXP 	vid5: movie = 'stims/wedding-32.5.mp4'
329.0372 	EXP 	vid1a: autoDraw = True
329.2725 	DATA 	Keypress: equal
330.7736 	DATA 	Keypress: equal
332.2723 	DATA 	Keypress: equal
333.7725 	DATA 	Keypress: equal
335.2735 	DATA 	Keypress: equal
336.7731 	DATA 	Keypress: equal
338.2635 	DATA 	Keypress: equal
339.7629 	DATA 	Keypress: equal
341.2647 	DATA 	Keypress: equal
342.7616 	DATA 	Keypress: equal
344.2634 	DATA 	Keypress: equal
345.7607 	DATA 	Keypress: equal
347.2633 	DATA 	Keypress: equal
348.7616 	DATA 	Keypress: equal
350.2619 	DATA 	Keypress: equal
351.7923 	DATA 	Keypress: equal
353.2609 	DATA 	Keypress: equal
354.7783 	DATA 	Keypress: equal
356.2726 	DATA 	Keypress: equal
357.7720 	DATA 	Keypress: equal
358.5909 	EXP 	vid1a: autoDraw = False
358.6044 	EXP 	vid1b: autoDraw = True
359.2729 	DATA 	Keypress: equal
360.7720 	DATA 	Keypress: equal
362.2724 	DATA 	Keypress: equal
363.7610 	DATA 	Keypress: equal
365.2652 	DATA 	Keypress: equal
366.7644 	DATA 	Keypress: equal
367.5543 	EXP 	Set vid1b finished
367.6043 	EXP 	vid2: autoDraw = True
368.2721 	DATA 	Keypress: equal
369.7719 	DATA 	Keypress: equal
371.2730 	DATA 	Keypress: equal
372.7729 	DATA 	Keypress: equal
374.2731 	DATA 	Keypress: equal
375.7737 	DATA 	Keypress: equal
377.2625 	DATA 	Keypress: equal
378.7640 	DATA 	Keypress: equal
380.2616 	DATA 	Keypress: equal
381.7607 	DATA 	Keypress: equal
383.2596 	DATA 	Keypress: equal
384.3197 	EXP 	Set vid2 finished
384.6037 	EXP 	vid3: autoDraw = True
384.7716 	DATA 	Keypress: equal
386.2717 	DATA 	Keypress: equal
387.7715 	DATA 	Keypress: equal
389.2716 	DATA 	Keypress: equal
390.7631 	DATA 	Keypress: equal
392.2628 	DATA 	Keypress: equal
393.7648 	DATA 	Keypress: equal
395.2635 	DATA 	Keypress: equal
396.7636 	DATA 	Keypress: equal
398.2641 	DATA 	Keypress: equal
399.7641 	DATA 	Keypress: equal
401.2641 	DATA 	Keypress: equal
402.7632 	DATA 	Keypress: equal
404.2614 	DATA 	Keypress: equal
405.7604 	DATA 	Keypress: equal
407.2715 	DATA 	Keypress: equal
407.5910 	EXP 	vid3: autoDraw = False
407.6040 	EXP 	vid4: autoDraw = True
408.7721 	DATA 	Keypress: equal
410.2575 	DATA 	Keypress: equal
411.7573 	DATA 	Keypress: equal
413.2624 	DATA 	Keypress: equal
414.7604 	DATA 	Keypress: equal
416.2627 	DATA 	Keypress: equal
417.7634 	DATA 	Keypress: equal
419.2619 	DATA 	Keypress: equal
420.7621 	DATA 	Keypress: equal
422.2630 	DATA 	Keypress: equal
423.7599 	DATA 	Keypress: equal
425.2631 	DATA 	Keypress: equal
426.7626 	DATA 	Keypress: equal
428.2596 	DATA 	Keypress: equal
429.7763 	DATA 	Keypress: equal
431.2710 	DATA 	Keypress: equal
431.5907 	EXP 	vid4: autoDraw = False
431.6025 	EXP 	vid5: autoDraw = True
432.7721 	DATA 	Keypress: equal
434.2713 	DATA 	Keypress: equal
435.7564 	DATA 	Keypress: equal
437.2587 	DATA 	Keypress: equal
438.7627 	DATA 	Keypress: equal
440.2589 	DATA 	Keypress: equal
441.7600 	DATA 	Keypress: equal
442.2523 	EXP 	Set vid5 finished
442.4080 	EXP 	Created sequence: random, trialTypes=1, nReps=1, seed=None
442.4084 	EXP 	New trial (rep=0, index=0): None
442.9719 	EXP 	Created vid1a_q = MovieStim3(__class__=<class 'psychopy.visual.movie3.MovieStim3'>, autoLog=True, color=UNKNOWN, colorSpace=UNKNOWN, depth=-1.0, filename='stims/wedding-32.1a.mp4', flipHoriz=False, flipVert=False, fps=UNKNOWN, interpolate=True, loop=False, name='vid1a_q', noAudio=False, opacity=1.0, ori=0, pos=array([0., 0.]), size=array([1280.,  720.]), units='pix', vframe_callback=UNKNOWN, volume=UNKNOWN, win=Window(...))
443.3531 	EXP 	Created vid1b_q = MovieStim3(__class__=<class 'psychopy.visual.movie3.MovieStim3'>, autoLog=True, color=UNKNOWN, colorSpace=UNKNOWN, depth=-2.0, filename='stims/wedding-32.1b.mp4', flipHoriz=False, flipVert=False, fps=UNKNOWN, interpolate=True, loop=False, name='vid1b_q', noAudio=False, opacity=1.0, ori=0, pos=array([0., 0.]), size=array([1280.,  720.]), units='pix', vframe_callback=UNKNOWN, volume=UNKNOWN, win=Window(...))
443.7654 	EXP 	Created vid2_q = MovieStim3(__class__=<class 'psychopy.visual.movie3.MovieStim3'>, autoLog=True, color=UNKNOWN, colorSpace=UNKNOWN, depth=-3.0, filename='stims/wedding-32.2b.mp4', flipHoriz=False, flipVert=False, fps=UNKNOWN, interpolate=True, loop=False, name='vid2_q', noAudio=False, opacity=1.0, ori=0, pos=array([0., 0.]), size=array([1280.,  720.]), units='pix', vframe_callback=UNKNOWN, volume=UNKNOWN, win=Window(...))
444.2290 	EXP 	Created vid3_q = MovieStim3(__class__=<class 'psychopy.visual.movie3.MovieStim3'>, autoLog=True, color=UNKNOWN, colorSpace=UNKNOWN, depth=-5.0, filename='stims/wedding-32.3a.mp4', flipHoriz=False, flipVert=False, fps=UNKNOWN, interpolate=True, loop=False, name='vid3_q', noAudio=False, opacity=1.0, ori=0, pos=array([0., 0.]), size=array([1280.,  720.]), units='pix', vframe_callback=UNKNOWN, volume=UNKNOWN, win=Window(...))
444.7510 	EXP 	Created vid4_q = MovieStim3(__class__=<class 'psychopy.visual.movie3.MovieStim3'>, autoLog=True, color=UNKNOWN, colorSpace=UNKNOWN, depth=-7.0, filename='stims/wedding-32.4b.mp4', flipHoriz=False, flipVert=False, fps=UNKNOWN, interpolate=True, loop=False, name='vid4_q', noAudio=False, opacity=1.0, ori=0, pos=array([0., 0.]), size=array([1280.,  720.]), units='pix', vframe_callback=UNKNOWN, volume=UNKNOWN, win=Window(...))
445.0993 	EXP 	Created vid5_q = MovieStim3(__class__=<class 'psychopy.visual.movie3.MovieStim3'>, autoLog=True, color=UNKNOWN, colorSpace=UNKNOWN, depth=-8.0, filename='stims/wedding-32.5.mp4', flipHoriz=False, flipVert=False, fps=UNKNOWN, interpolate=True, loop=False, name='vid5_q', noAudio=False, opacity=1.0, ori=0, pos=array([0., 0.]), size=array([1280.,  720.]), units='pix', vframe_callback=UNKNOWN, volume=UNKNOWN, win=Window(...))
445.3473 	EXP 	window1: recordFrameIntervals = False
445.3504 	DATA 	Keypress: equal
445.3526 	DATA 	Keypress: equal
445.3692 	EXP 	vid1a: autoDraw = False
445.3692 	EXP 	vid1b: autoDraw = False
445.3692 	EXP 	vid2: autoDraw = False
445.3692 	EXP 	vid3: autoDraw = False
445.3692 	EXP 	vid4: autoDraw = False
445.3692 	EXP 	vid5: autoDraw = False
445.3692 	EXP 	vid1a_q: movie = 'stims/wedding-32.1a.mp4'
445.3692 	EXP 	vid1a_q: autoLog = True
445.3692 	EXP 	vid1b_q: movie = 'stims/wedding-32.1b.mp4'
445.3692 	EXP 	vid1b_q: autoLog = True
445.3692 	EXP 	vid2_q: movie = 'stims/wedding-32.2b.mp4'
445.3692 	EXP 	vid2_q: autoLog = True
445.3692 	EXP 	vid3_q: movie = 'stims/wedding-32.3a.mp4'
445.3692 	EXP 	vid3_q: autoLog = True
445.3692 	EXP 	vid4_q: movie = 'stims/wedding-32.4b.mp4'
445.3692 	EXP 	vid4_q: autoLog = True
445.3692 	EXP 	vid5_q: movie = 'stims/wedding-32.5.mp4'
445.3692 	EXP 	vid5_q: autoLog = True
445.3692 	EXP 	vid1a_q: autoDraw = False
445.3692 	EXP 	vid1b_q: autoDraw = False
445.3692 	EXP 	vid2_q: autoDraw = False
445.3692 	EXP 	l2q: autoDraw = False
445.3692 	EXP 	vid3_q: autoDraw = False
445.3692 	EXP 	l3q: autoDraw = False
445.3692 	EXP 	vid4_q: autoDraw = False
445.3692 	EXP 	vid5_q: autoDraw = False
445.5652 	EXP 	window1: recordFrameIntervals = False
447.1338 	DATA 	Keypress: equal
447.3523 	EXP 	eggPainting1: image = 'stimsday1details/newpainting8.png'
447.3523 	EXP 	eggPainting2: image = 'stimsday1details/painting32.png'
447.3523 	EXP 	character1: image = 'stimsday1details/newperson20.png'
447.3523 	EXP 	character2: image = 'stimsday1details/couple32.png'
447.3523 	EXP 	gift1: image = 'stimsday1details/new20.png'
447.3523 	EXP 	gift2: image = 'stimsday1details/gift32.png'
447.3523 	EXP 	themeQ1: image = 'stimsday1details/t32.png'
447.3523 	EXP 	themeQ2: image = 'stimsday1details/ct32.png'
447.3523 	EXP 	nameQ1: image = 'stimsday1details/n32.png'
447.3523 	EXP 	nameQ2: image = 'stimsday1details/cn32.png'
447.3523 	EXP 	nameQ1: autoDraw = True
447.3523 	EXP 	nameQ2: autoDraw = True
447.7554 	DATA 	Keypress: equal
448.5629 	DATA 	Keypress: 1
449.2628 	DATA 	Keypress: equal
449.3408 	EXP 	nameQ1: autoDraw = False
449.3408 	EXP 	nameQ2: autoDraw = False
449.3408 	EXP 	nameQ1: autoDraw = False
449.3408 	EXP 	nameQ2: autoDraw = False
449.3408 	EXP 	eggPainting1: autoDraw = True
449.3408 	EXP 	eggPainting2: autoDraw = True
450.1921 	DATA 	Keypress: 2
450.7584 	DATA 	Keypress: equal
451.3405 	EXP 	eggPainting1: autoDraw = False
451.3405 	EXP 	eggPainting2: autoDraw = False
451.3405 	EXP 	eggPainting1: autoDraw = False
451.3405 	EXP 	eggPainting2: autoDraw = False
451.3405 	EXP 	character1: autoDraw = True
451.3405 	EXP 	character2: autoDraw = True
452.2624 	DATA 	Keypress: equal
452.2925 	DATA 	Keypress: 2
453.3356 	EXP 	character1: autoDraw = False
453.3356 	EXP 	character2: autoDraw = False
453.3356 	EXP 	character1: autoDraw = False
453.3356 	EXP 	character2: autoDraw = False
453.3356 	EXP 	themeQ1: autoDraw = True
453.3356 	EXP 	themeQ2: autoDraw = True
453.7749 	DATA 	Keypress: equal
454.3258 	DATA 	Keypress: 1
455.2548 	DATA 	Keypress: equal
455.3356 	EXP 	themeQ1: autoDraw = False
455.3356 	EXP 	themeQ2: autoDraw = False
455.3356 	EXP 	themeQ1: autoDraw = False
455.3356 	EXP 	themeQ2: autoDraw = False
455.3356 	EXP 	gift1: autoDraw = True
455.3356 	EXP 	gift2: autoDraw = True
456.1254 	DATA 	Keypress: 2
456.7746 	DATA 	Keypress: equal
457.3367 	EXP 	gift1: autoDraw = False
457.3367 	EXP 	gift2: autoDraw = False
457.3367 	EXP 	gift1: autoDraw = False
457.3367 	EXP 	gift2: autoDraw = False
457.3367 	EXP 	northorsouth1: autoDraw = True
457.3367 	EXP 	northorsouth2: autoDraw = True
458.1255 	DATA 	Keypress: 2
458.2551 	DATA 	Keypress: equal
459.5608 	EXP 	New trial (rep=0, index=3): OrderedDict([('condsFile', 'videoBlock_schemaS_pathA_3.csv')])
459.5738 	EXP 	Imported videoBlock_schemaS_pathA_3.csv as conditions, 1 conditions, 17 params
459.5743 	EXP 	Created sequence: random, trialTypes=1, nReps=1, seed=None
459.5750 	EXP 	New trial (rep=0, index=0): OrderedDict([('northOrSouth', 'south.png'), ('stimFile1a', 'stims/wedding-36.1a.mp4'), ('stimFile1b', 'stims/wedding-36.1b.mp4'), ('stimFile2', 'stims/wedding-36.2a.mp4'), ('stimFile3', 'stims/wedding-36.3b.mp4'), ('stimFile4', 'stims/wedding-36.4a.mp4'), ('stimFile5', 'stims/wedding-36.5.mp4'), ('QeggPainting1', 'stimsday1details/egg36.png'), ('Qcharacter1', 'stimsday1details/couple36.png'), ('Qgift1', 'stimsday1details/gift36.png'), ('QeggPainting2', 'stimsday1details/newegg9.png'), ('Qcharacter2', 'stimsday1details/newperson9.png'), ('Qgift2', 'stimsday1details/new9.png'), ('Qname1', 'stimsday1details/n36.png'), ('Qtheme1', 'stimsday1details/t36.png'), ('Qname2', 'stimsday1details/cn36.png'), ('Qtheme2', 'stimsday1details/ct36.png')])
459.5867 	EXP 	northorsouth1: autoDraw = False
459.5867 	EXP 	northorsouth2: autoDraw = False
459.5867 	EXP 	northorsouth1: autoDraw = False
459.5867 	EXP 	northorsouth2: autoDraw = False
459.5867 	EXP 	image_2: autoDraw = True
459.7553 	DATA 	Keypress: equal
461.2550 	DATA 	Keypress: equal
461.5740 	EXP 	Created sequence: random, trialTypes=1, nReps=1, seed=None
461.5743 	EXP 	New trial (rep=0, index=0): None
462.1742 	EXP 	Created vid1a = MovieStim3(__class__=<class 'psychopy.visual.movie3.MovieStim3'>, autoLog=True, color=UNKNOWN, colorSpace=UNKNOWN, depth=-1.0, filename='stims/wedding-36.1a.mp4', flipHoriz=False, flipVert=False, fps=UNKNOWN, interpolate=True, loop=False, name='vid1a', noAudio=False, opacity=1.0, ori=0, pos=array([0., 0.]), size=array([1280.,  720.]), units='pix', vframe_callback=UNKNOWN, volume=UNKNOWN, win=Window(...))
462.5785 	EXP 	Created vid1b = MovieStim3(__class__=<class 'psychopy.visual.movie3.MovieStim3'>, autoLog=True, color=UNKNOWN, colorSpace=UNKNOWN, depth=-2.0, filename='stims/wedding-36.1b.mp4', flipHoriz=False, flipVert=False, fps=UNKNOWN, interpolate=True, loop=False, name='vid1b', noAudio=False, opacity=1.0, ori=0, pos=array([0., 0.]), size=array([1280.,  720.]), units='pix', vframe_callback=UNKNOWN, volume=UNKNOWN, win=Window(...))
463.0922 	EXP 	Created vid2 = MovieStim3(__class__=<class 'psychopy.visual.movie3.MovieStim3'>, autoLog=True, color=UNKNOWN, colorSpace=UNKNOWN, depth=-3.0, filename='stims/wedding-36.2a.mp4', flipHoriz=False, flipVert=False, fps=UNKNOWN, interpolate=True, loop=False, name='vid2', noAudio=False, opacity=1.0, ori=0, pos=array([0., 0.]), size=array([1280.,  720.]), units='pix', vframe_callback=UNKNOWN, volume=UNKNOWN, win=Window(...))
463.6794 	EXP 	Created vid3 = MovieStim3(__class__=<class 'psychopy.visual.movie3.MovieStim3'>, autoLog=True, color=UNKNOWN, colorSpace=UNKNOWN, depth=-4.0, filename='stims/wedding-36.3b.mp4', flipHoriz=False, flipVert=False, fps=UNKNOWN, interpolate=True, loop=False, name='vid3', noAudio=False, opacity=1.0, ori=0, pos=array([0., 0.]), size=array([1280.,  720.]), units='pix', vframe_callback=UNKNOWN, volume=UNKNOWN, win=Window(...))
464.2649 	EXP 	Created vid4 = MovieStim3(__class__=<class 'psychopy.visual.movie3.MovieStim3'>, autoLog=True, color=UNKNOWN, colorSpace=UNKNOWN, depth=-5.0, filename='stims/wedding-36.4a.mp4', flipHoriz=False, flipVert=False, fps=UNKNOWN, interpolate=True, loop=False, name='vid4', noAudio=False, opacity=1.0, ori=0, pos=array([0., 0.]), size=array([1280.,  720.]), units='pix', vframe_callback=UNKNOWN, volume=UNKNOWN, win=Window(...))
464.6981 	EXP 	Created vid5 = MovieStim3(__class__=<class 'psychopy.visual.movie3.MovieStim3'>, autoLog=True, color=UNKNOWN, colorSpace=UNKNOWN, depth=-6.0, filename='stims/wedding-36.5.mp4', flipHoriz=False, flipVert=False, fps=UNKNOWN, interpolate=True, loop=False, name='vid5', noAudio=False, opacity=1.0, ori=0, pos=array([0., 0.]), size=array([1280.,  720.]), units='pix', vframe_callback=UNKNOWN, volume=UNKNOWN, win=Window(...))
464.7858 	EXP 	window1: recordFrameIntervals = False
464.7891 	DATA 	Keypress: equal
464.7914 	DATA 	Keypress: equal
464.8031 	EXP 	image_2: autoDraw = False
464.8031 	EXP 	image_2: autoDraw = False
464.8031 	EXP 	vid1a: movie = 'stims/wedding-36.1a.mp4'
464.8031 	EXP 	vid1a: autoLog = True
464.8031 	EXP 	vid1b: movie = 'stims/wedding-36.1b.mp4'
464.8031 	EXP 	vid1b: autoLog = True
464.8031 	EXP 	vid2: movie = 'stims/wedding-36.2a.mp4'
464.8031 	EXP 	vid2: autoLog = True
464.8031 	EXP 	vid3: movie = 'stims/wedding-36.3b.mp4'
464.8031 	EXP 	vid3: autoLog = True
464.8031 	EXP 	vid4: movie = 'stims/wedding-36.4a.mp4'
464.8031 	EXP 	vid4: autoLog = True
464.8031 	EXP 	vid5: movie = 'stims/wedding-36.5.mp4'
464.8031 	EXP 	vid5: autoLog = True
467.6638 	EXP 	window1: recordFrameIntervals = False
469.0733 	DATA 	Keypress: equal
469.0756 	DATA 	Keypress: equal
469.0777 	DATA 	Keypress: equal
469.2857 	EXP 	vid1a: movie = 'stims/wedding-36.1a.mp4'
469.2857 	EXP 	vid1b: movie = 'stims/wedding-36.1b.mp4'
469.2857 	EXP 	vid2: movie = 'stims/wedding-36.2a.mp4'
469.2857 	EXP 	vid3: movie = 'stims/wedding-36.3b.mp4'
469.2857 	EXP 	vid4: movie = 'stims/wedding-36.4a.mp4'
469.2857 	EXP 	vid5: movie = 'stims/wedding-36.5.mp4'
469.3019 	EXP 	vid1a: autoDraw = True
470.2625 	DATA 	Keypress: equal
471.7551 	DATA 	Keypress: equal
473.2548 	DATA 	Keypress: equal
474.7544 	DATA 	Keypress: equal
476.2546 	DATA 	Keypress: equal
477.7553 	DATA 	Keypress: equal
479.2612 	DATA 	Keypress: equal
480.7599 	DATA 	Keypress: equal
482.2600 	DATA 	Keypress: equal
483.7543 	DATA 	Keypress: equal
485.2542 	DATA 	Keypress: equal
486.7544 	DATA 	Keypress: equal
488.2546 	DATA 	Keypress: equal
489.7608 	DATA 	Keypress: equal
491.2555 	DATA 	Keypress: equal
492.7545 	DATA 	Keypress: equal
494.2543 	DATA 	Keypress: equal
495.7551 	DATA 	Keypress: equal
497.2550 	DATA 	Keypress: equal
498.4200 	EXP 	Set vid1a finished
498.6037 	EXP 	vid1b: autoDraw = True
498.7551 	DATA 	Keypress: equal
500.2552 	DATA 	Keypress: equal
501.7553 	DATA 	Keypress: equal
503.2535 	DATA 	Keypress: equal
504.7809 	DATA 	Keypress: equal
506.2546 	DATA 	Keypress: equal
507.5858 	EXP 	vid1b: autoDraw = False
507.6018 	EXP 	vid2: autoDraw = True
507.7545 	DATA 	Keypress: equal
509.2537 	DATA 	Keypress: equal
510.7534 	DATA 	Keypress: equal
512.2546 	DATA 	Keypress: equal
513.7533 	DATA 	Keypress: equal
515.2583 	DATA 	Keypress: equal
516.7587 	DATA 	Keypress: equal
518.2531 	DATA 	Keypress: equal
519.7534 	DATA 	Keypress: equal
521.2535 	DATA 	Keypress: equal
522.7585 	DATA 	Keypress: equal
524.2537 	DATA 	Keypress: equal
524.5852 	EXP 	vid2: autoDraw = False
524.6016 	EXP 	vid3: autoDraw = True
525.7534 	DATA 	Keypress: equal
527.2536 	DATA 	Keypress: equal
528.7541 	DATA 	Keypress: equal
530.2541 	DATA 	Keypress: equal
531.7552 	DATA 	Keypress: equal
533.2536 	DATA 	Keypress: equal
534.7529 	DATA 	Keypress: equal
536.2532 	DATA 	Keypress: equal
537.7538 	DATA 	Keypress: equal
539.2807 	DATA 	Keypress: equal
540.7539 	DATA 	Keypress: equal
542.2587 	DATA 	Keypress: equal
543.7539 	DATA 	Keypress: equal
545.2539 	DATA 	Keypress: equal
546.7593 	DATA 	Keypress: equal
547.5853 	EXP 	vid3: autoDraw = False
547.6016 	EXP 	vid4: autoDraw = True
548.2545 	DATA 	Keypress: equal
549.7544 	DATA 	Keypress: equal
551.2543 	DATA 	Keypress: equal
552.7541 	DATA 	Keypress: equal
554.2532 	DATA 	Keypress: equal
555.7528 	DATA 	Keypress: equal
557.2584 	DATA 	Keypress: equal
558.7526 	DATA 	Keypress: equal
560.2526 	DATA 	Keypress: equal
561.7528 	DATA 	Keypress: equal
563.2586 	DATA 	Keypress: equal
564.7527 	DATA 	Keypress: equal
566.2577 	DATA 	Keypress: equal
567.7527 	DATA 	Keypress: equal
569.2576 	DATA 	Keypress: equal
570.7527 	DATA 	Keypress: equal
571.2507 	EXP 	Set vid4 finished
571.6006 	EXP 	vid5: autoDraw = True
572.2528 	DATA 	Keypress: equal
573.7555 	DATA 	Keypress: equal
575.2552 	DATA 	Keypress: equal
576.7543 	DATA 	Keypress: equal
578.2534 	DATA 	Keypress: equal
579.7541 	DATA 	Keypress: equal
581.2553 	DATA 	Keypress: equal
582.7553 	DATA 	Keypress: equal
584.2528 	DATA 	Keypress: equal
584.3510 	EXP 	Set vid5 finished
584.5230 	EXP 	Created sequence: random, trialTypes=1, nReps=1, seed=None
584.5233 	EXP 	New trial (rep=0, index=0): None
585.0778 	EXP 	Created vid1a_q = MovieStim3(__class__=<class 'psychopy.visual.movie3.MovieStim3'>, autoLog=True, color=UNKNOWN, colorSpace=UNKNOWN, depth=-1.0, filename='stims/wedding-36.1a.mp4', flipHoriz=False, flipVert=False, fps=UNKNOWN, interpolate=True, loop=False, name='vid1a_q', noAudio=False, opacity=1.0, ori=0, pos=array([0., 0.]), size=array([1280.,  720.]), units='pix', vframe_callback=UNKNOWN, volume=UNKNOWN, win=Window(...))
585.4540 	EXP 	Created vid1b_q = MovieStim3(__class__=<class 'psychopy.visual.movie3.MovieStim3'>, autoLog=True, color=UNKNOWN, colorSpace=UNKNOWN, depth=-2.0, filename='stims/wedding-36.1b.mp4', flipHoriz=False, flipVert=False, fps=UNKNOWN, interpolate=True, loop=False, name='vid1b_q', noAudio=False, opacity=1.0, ori=0, pos=array([0., 0.]), size=array([1280.,  720.]), units='pix', vframe_callback=UNKNOWN, volume=UNKNOWN, win=Window(...))
585.9220 	EXP 	Created vid2_q = MovieStim3(__class__=<class 'psychopy.visual.movie3.MovieStim3'>, autoLog=True, color=UNKNOWN, colorSpace=UNKNOWN, depth=-3.0, filename='stims/wedding-36.2a.mp4', flipHoriz=False, flipVert=False, fps=UNKNOWN, interpolate=True, loop=False, name='vid2_q', noAudio=False, opacity=1.0, ori=0, pos=array([0., 0.]), size=array([1280.,  720.]), units='pix', vframe_callback=UNKNOWN, volume=UNKNOWN, win=Window(...))
586.4404 	EXP 	Created vid3_q = MovieStim3(__class__=<class 'psychopy.visual.movie3.MovieStim3'>, autoLog=True, color=UNKNOWN, colorSpace=UNKNOWN, depth=-5.0, filename='stims/wedding-36.3b.mp4', flipHoriz=False, flipVert=False, fps=UNKNOWN, interpolate=True, loop=False, name='vid3_q', noAudio=False, opacity=1.0, ori=0, pos=array([0., 0.]), size=array([1280.,  720.]), units='pix', vframe_callback=UNKNOWN, volume=UNKNOWN, win=Window(...))
586.9748 	EXP 	Created vid4_q = MovieStim3(__class__=<class 'psychopy.visual.movie3.MovieStim3'>, autoLog=True, color=UNKNOWN, colorSpace=UNKNOWN, depth=-7.0, filename='stims/wedding-36.4a.mp4', flipHoriz=False, flipVert=False, fps=UNKNOWN, interpolate=True, loop=False, name='vid4_q', noAudio=False, opacity=1.0, ori=0, pos=array([0., 0.]), size=array([1280.,  720.]), units='pix', vframe_callback=UNKNOWN, volume=UNKNOWN, win=Window(...))
587.3665 	EXP 	Created vid5_q = MovieStim3(__class__=<class 'psychopy.visual.movie3.MovieStim3'>, autoLog=True, color=UNKNOWN, colorSpace=UNKNOWN, depth=-8.0, filename='stims/wedding-36.5.mp4', flipHoriz=False, flipVert=False, fps=UNKNOWN, interpolate=True, loop=False, name='vid5_q', noAudio=False, opacity=1.0, ori=0, pos=array([0., 0.]), size=array([1280.,  720.]), units='pix', vframe_callback=UNKNOWN, volume=UNKNOWN, win=Window(...))
587.6457 	EXP 	window1: recordFrameIntervals = False
587.6487 	DATA 	Keypress: equal
587.6509 	DATA 	Keypress: equal
587.6674 	EXP 	vid1a: autoDraw = False
587.6674 	EXP 	vid1b: autoDraw = False
587.6674 	EXP 	vid2: autoDraw = False
587.6674 	EXP 	vid3: autoDraw = False
587.6674 	EXP 	vid4: autoDraw = False
587.6674 	EXP 	vid5: autoDraw = False
587.6674 	EXP 	vid1a_q: movie = 'stims/wedding-36.1a.mp4'
587.6674 	EXP 	vid1a_q: autoLog = True
587.6674 	EXP 	vid1b_q: movie = 'stims/wedding-36.1b.mp4'
587.6674 	EXP 	vid1b_q: autoLog = True
587.6674 	EXP 	vid2_q: movie = 'stims/wedding-36.2a.mp4'
587.6674 	EXP 	vid2_q: autoLog = True
587.6674 	EXP 	vid3_q: movie = 'stims/wedding-36.3b.mp4'
587.6674 	EXP 	vid3_q: autoLog = True
587.6674 	EXP 	vid4_q: movie = 'stims/wedding-36.4a.mp4'
587.6674 	EXP 	vid4_q: autoLog = True
587.6674 	EXP 	vid5_q: movie = 'stims/wedding-36.5.mp4'
587.6674 	EXP 	vid5_q: autoLog = True
587.6674 	EXP 	vid1a_q: autoDraw = False
587.6674 	EXP 	vid1b_q: autoDraw = False
587.6674 	EXP 	vid2_q: autoDraw = False
587.6674 	EXP 	l2q: autoDraw = False
587.6674 	EXP 	vid3_q: autoDraw = False
587.6674 	EXP 	l3q: autoDraw = False
587.6674 	EXP 	vid4_q: autoDraw = False
587.6674 	EXP 	vid5_q: autoDraw = False
587.8820 	EXP 	window1: recordFrameIntervals = False
589.4316 	DATA 	Keypress: equal
589.6508 	EXP 	eggPainting1: image = 'stimsday1details/egg36.png'
589.6508 	EXP 	eggPainting2: image = 'stimsday1details/newegg9.png'
589.6508 	EXP 	character1: image = 'stimsday1details/couple36.png'
589.6508 	EXP 	character2: image = 'stimsday1details/newperson9.png'
589.6508 	EXP 	gift1: image = 'stimsday1details/gift36.png'
589.6508 	EXP 	gift2: image = 'stimsday1details/new9.png'
589.6508 	EXP 	themeQ1: image = 'stimsday1details/t36.png'
589.6508 	EXP 	themeQ2: image = 'stimsday1details/ct36.png'
589.6508 	EXP 	nameQ1: image = 'stimsday1details/n36.png'
589.6508 	EXP 	nameQ2: image = 'stimsday1details/cn36.png'
589.6508 	EXP 	nameQ1: autoDraw = True
589.6508 	EXP 	nameQ2: autoDraw = True
590.2527 	DATA 	Keypress: equal
590.6522 	DATA 	Keypress: 1
591.6502 	EXP 	nameQ1: autoDraw = False
591.6502 	EXP 	nameQ2: autoDraw = False
591.6502 	EXP 	nameQ1: autoDraw = False
591.6502 	EXP 	nameQ2: autoDraw = False
591.6502 	EXP 	eggPainting1: autoDraw = True
591.6502 	EXP 	eggPainting2: autoDraw = True
591.7523 	DATA 	Keypress: equal
592.5189 	DATA 	Keypress: 1
593.2572 	DATA 	Keypress: equal
593.6503 	EXP 	eggPainting1: autoDraw = False
593.6503 	EXP 	eggPainting2: autoDraw = False
593.6503 	EXP 	eggPainting1: autoDraw = False
593.6503 	EXP 	eggPainting2: autoDraw = False
593.6503 	EXP 	character1: autoDraw = True
593.6503 	EXP 	character2: autoDraw = True
594.4688 	DATA 	Keypress: 1
594.7525 	DATA 	Keypress: equal
595.6511 	EXP 	character1: autoDraw = False
595.6511 	EXP 	character2: autoDraw = False
595.6511 	EXP 	character1: autoDraw = False
595.6511 	EXP 	character2: autoDraw = False
595.6511 	EXP 	themeQ1: autoDraw = True
595.6511 	EXP 	themeQ2: autoDraw = True
596.2529 	DATA 	Keypress: equal
596.8349 	DATA 	Keypress: 1
597.6554 	EXP 	themeQ1: autoDraw = False
597.6554 	EXP 	themeQ2: autoDraw = False
597.6554 	EXP 	themeQ1: autoDraw = False
597.6554 	EXP 	themeQ2: autoDraw = False
597.6554 	EXP 	gift1: autoDraw = True
597.6554 	EXP 	gift2: autoDraw = True
597.7571 	DATA 	Keypress: equal
598.6567 	DATA 	Keypress: 1
599.2558 	DATA 	Keypress: equal
599.6555 	EXP 	gift1: autoDraw = False
599.6555 	EXP 	gift2: autoDraw = False
599.6555 	EXP 	gift1: autoDraw = False
599.6555 	EXP 	gift2: autoDraw = False
599.6555 	EXP 	northorsouth1: autoDraw = True
599.6555 	EXP 	northorsouth2: autoDraw = True
600.6569 	DATA 	Keypress: 2
600.7566 	DATA 	Keypress: equal
601.9028 	EXP 	New trial (rep=0, index=4): OrderedDict([('condsFile', 'videoBlock_schemaS_pathB_1.csv')])
601.9166 	EXP 	Imported videoBlock_schemaS_pathB_1.csv as conditions, 1 conditions, 17 params
601.9170 	EXP 	Created sequence: random, trialTypes=1, nReps=1, seed=None
601.9178 	EXP 	New trial (rep=0, index=0): OrderedDict([('northOrSouth', 'south.png'), ('stimFile1a', 'stims/wedding-39.1a.mp4'), ('stimFile1b', 'stims/wedding-39.1b.mp4'), ('stimFile2', 'stims/wedding-39.2b.mp4'), ('stimFile3', 'stims/wedding-39.3a.mp4'), ('stimFile4', 'stims/wedding-39.4b.mp4'), ('stimFile5', 'stims/wedding-39.5.mp4'), ('QeggPainting1', 'stimsday1details/newpainting7.png'), ('Qcharacter1', 'stimsday1details/newperson19.png'), ('Qgift1', 'stimsday1details/gift39.png'), ('QeggPainting2', 'stimsday1details/painting39.png'), ('Qcharacter2', 'stimsday1details/couple39.png'), ('Qgift2', 'stimsday1details/new19.png'), ('Qname1', 'stimsday1details/n39.png'), ('Qtheme1', 'stimsday1details/t39.png'), ('Qname2', 'stimsday1details/cn39.png'), ('Qtheme2', 'stimsday1details/ct39.png')])
601.9341 	EXP 	northorsouth1: autoDraw = False
601.9341 	EXP 	northorsouth2: autoDraw = False
601.9341 	EXP 	northorsouth1: autoDraw = False
601.9341 	EXP 	northorsouth2: autoDraw = False
601.9341 	EXP 	image_2: autoDraw = True
602.2530 	DATA 	Keypress: equal
603.7531 	DATA 	Keypress: equal
603.9183 	EXP 	Created sequence: random, trialTypes=1, nReps=1, seed=None
603.9185 	EXP 	New trial (rep=0, index=0): None
604.5190 	EXP 	Created vid1a = MovieStim3(__class__=<class 'psychopy.visual.movie3.MovieStim3'>, autoLog=True, color=UNKNOWN, colorSpace=UNKNOWN, depth=-1.0, filename='stims/wedding-39.1a.mp4', flipHoriz=False, flipVert=False, fps=UNKNOWN, interpolate=True, loop=False, name='vid1a', noAudio=False, opacity=1.0, ori=0, pos=array([0., 0.]), size=array([1280.,  720.]), units='pix', vframe_callback=UNKNOWN, volume=UNKNOWN, win=Window(...))
604.9298 	EXP 	Created vid1b = MovieStim3(__class__=<class 'psychopy.visual.movie3.MovieStim3'>, autoLog=True, color=UNKNOWN, colorSpace=UNKNOWN, depth=-2.0, filename='stims/wedding-39.1b.mp4', flipHoriz=False, flipVert=False, fps=UNKNOWN, interpolate=True, loop=False, name='vid1b', noAudio=False, opacity=1.0, ori=0, pos=array([0., 0.]), size=array([1280.,  720.]), units='pix', vframe_callback=UNKNOWN, volume=UNKNOWN, win=Window(...))
605.4510 	EXP 	Created vid2 = MovieStim3(__class__=<class 'psychopy.visual.movie3.MovieStim3'>, autoLog=True, color=UNKNOWN, colorSpace=UNKNOWN, depth=-3.0, filename='stims/wedding-39.2b.mp4', flipHoriz=False, flipVert=False, fps=UNKNOWN, interpolate=True, loop=False, name='vid2', noAudio=False, opacity=1.0, ori=0, pos=array([0., 0.]), size=array([1280.,  720.]), units='pix', vframe_callback=UNKNOWN, volume=UNKNOWN, win=Window(...))
605.9388 	EXP 	Created vid3 = MovieStim3(__class__=<class 'psychopy.visual.movie3.MovieStim3'>, autoLog=True, color=UNKNOWN, colorSpace=UNKNOWN, depth=-4.0, filename='stims/wedding-39.3a.mp4', flipHoriz=False, flipVert=False, fps=UNKNOWN, interpolate=True, loop=False, name='vid3', noAudio=False, opacity=1.0, ori=0, pos=array([0., 0.]), size=array([1280.,  720.]), units='pix', vframe_callback=UNKNOWN, volume=UNKNOWN, win=Window(...))
606.4253 	EXP 	Created vid4 = MovieStim3(__class__=<class 'psychopy.visual.movie3.MovieStim3'>, autoLog=True, color=UNKNOWN, colorSpace=UNKNOWN, depth=-5.0, filename='stims/wedding-39.4b.mp4', flipHoriz=False, flipVert=False, fps=UNKNOWN, interpolate=True, loop=False, name='vid4', noAudio=False, opacity=1.0, ori=0, pos=array([0., 0.]), size=array([1280.,  720.]), units='pix', vframe_callback=UNKNOWN, volume=UNKNOWN, win=Window(...))
606.8583 	EXP 	Created vid5 = MovieStim3(__class__=<class 'psychopy.visual.movie3.MovieStim3'>, autoLog=True, color=UNKNOWN, colorSpace=UNKNOWN, depth=-6.0, filename='stims/wedding-39.5.mp4', flipHoriz=False, flipVert=False, fps=UNKNOWN, interpolate=True, loop=False, name='vid5', noAudio=False, opacity=1.0, ori=0, pos=array([0., 0.]), size=array([1280.,  720.]), units='pix', vframe_callback=UNKNOWN, volume=UNKNOWN, win=Window(...))
606.9451 	EXP 	window1: recordFrameIntervals = False
606.9484 	DATA 	Keypress: equal
606.9507 	DATA 	Keypress: equal
606.9681 	EXP 	image_2: autoDraw = False
606.9681 	EXP 	image_2: autoDraw = False
606.9681 	EXP 	vid1a: movie = 'stims/wedding-39.1a.mp4'
606.9681 	EXP 	vid1a: autoLog = True
606.9681 	EXP 	vid1b: movie = 'stims/wedding-39.1b.mp4'
606.9681 	EXP 	vid1b: autoLog = True
606.9681 	EXP 	vid2: movie = 'stims/wedding-39.2b.mp4'
606.9681 	EXP 	vid2: autoLog = True
606.9681 	EXP 	vid3: movie = 'stims/wedding-39.3a.mp4'
606.9681 	EXP 	vid3: autoLog = True
606.9681 	EXP 	vid4: movie = 'stims/wedding-39.4b.mp4'
606.9681 	EXP 	vid4: autoLog = True
606.9681 	EXP 	vid5: movie = 'stims/wedding-39.5.mp4'
606.9681 	EXP 	vid5: autoLog = True
609.7267 	EXP 	window1: recordFrameIntervals = False
611.2334 	DATA 	Keypress: equal
611.2409 	DATA 	Keypress: equal
611.2499 	DATA 	Keypress: equal
611.4343 	EXP 	vid1a: movie = 'stims/wedding-39.1a.mp4'
611.4343 	EXP 	vid1b: movie = 'stims/wedding-39.1b.mp4'
611.4343 	EXP 	vid2: movie = 'stims/wedding-39.2b.mp4'
611.4343 	EXP 	vid3: movie = 'stims/wedding-39.3a.mp4'
611.4343 	EXP 	vid4: movie = 'stims/wedding-39.4b.mp4'
611.4343 	EXP 	vid5: movie = 'stims/wedding-39.5.mp4'
611.4501 	EXP 	vid1a: autoDraw = True
612.7530 	DATA 	Keypress: equal
614.2531 	DATA 	Keypress: equal
615.7536 	DATA 	Keypress: equal
617.2574 	DATA 	Keypress: equal
618.7532 	DATA 	Keypress: equal
620.2524 	DATA 	Keypress: equal
621.7533 	DATA 	Keypress: equal
623.2482 	DATA 	Keypress: equal
624.7520 	DATA 	Keypress: equal
626.2492 	DATA 	Keypress: equal
627.7521 	DATA 	Keypress: equal
629.2523 	DATA 	Keypress: equal
630.7527 	DATA 	Keypress: equal
632.2523 	DATA 	Keypress: equal
633.7521 	DATA 	Keypress: equal
635.2520 	DATA 	Keypress: equal
636.7571 	DATA 	Keypress: equal
638.2520 	DATA 	Keypress: equal
639.7516 	DATA 	Keypress: equal
640.4163 	EXP 	Set vid1a finished
640.9505 	EXP 	vid1b: autoDraw = True
641.2521 	DATA 	Keypress: equal
642.7519 	DATA 	Keypress: equal
644.2573 	DATA 	Keypress: equal
645.7480 	DATA 	Keypress: equal
647.2528 	DATA 	Keypress: equal
648.7491 	DATA 	Keypress: equal
649.8026 	EXP 	Set vid1b finished
649.9362 	EXP 	vid2: autoDraw = True
650.2544 	DATA 	Keypress: equal
651.7546 	DATA 	Keypress: equal
653.2563 	DATA 	Keypress: equal
654.7523 	DATA 	Keypress: equal
656.2520 	DATA 	Keypress: equal
657.7518 	DATA 	Keypress: equal
659.2559 	DATA 	Keypress: equal
660.7564 	DATA 	Keypress: equal
662.2526 	DATA 	Keypress: equal
663.7520 	DATA 	Keypress: equal
665.2528 	DATA 	Keypress: equal
666.7573 	DATA 	Keypress: equal
666.9376 	EXP 	vid2: autoDraw = False
666.9507 	EXP 	vid3: autoDraw = True
668.2522 	DATA 	Keypress: equal
669.7565 	DATA 	Keypress: equal
671.2569 	DATA 	Keypress: equal
672.7525 	DATA 	Keypress: equal
674.2521 	DATA 	Keypress: equal
675.7516 	DATA 	Keypress: equal
677.2526 	DATA 	Keypress: equal
678.7516 	DATA 	Keypress: equal
680.2516 	DATA 	Keypress: equal
681.7478 	DATA 	Keypress: equal
683.2469 	DATA 	Keypress: equal
684.7525 	DATA 	Keypress: equal
686.2525 	DATA 	Keypress: equal
687.7562 	DATA 	Keypress: equal
689.2511 	DATA 	Keypress: equal
689.9366 	EXP 	vid3: autoDraw = False
689.9494 	EXP 	vid4: autoDraw = True
690.7513 	DATA 	Keypress: equal
692.2511 	DATA 	Keypress: equal
693.7514 	DATA 	Keypress: equal
695.2526 	DATA 	Keypress: equal
696.7525 	DATA 	Keypress: equal
698.2526 	DATA 	Keypress: equal
699.7512 	DATA 	Keypress: equal
701.2520 	DATA 	Keypress: equal
702.7704 	DATA 	Keypress: equal
704.2465 	DATA 	Keypress: equal
705.7512 	DATA 	Keypress: equal
707.2517 	DATA 	Keypress: equal
708.7510 	DATA 	Keypress: equal
710.2512 	DATA 	Keypress: equal
711.7512 	DATA 	Keypress: equal
713.2513 	DATA 	Keypress: equal
713.9373 	EXP 	vid4: autoDraw = False
713.9494 	EXP 	vid5: autoDraw = True
714.7554 	DATA 	Keypress: equal
716.2513 	DATA 	Keypress: equal
717.7524 	DATA 	Keypress: equal
719.2519 	DATA 	Keypress: equal
720.7516 	DATA 	Keypress: equal
722.2515 	DATA 	Keypress: equal
723.7457 	DATA 	Keypress: equal
725.2519 	DATA 	Keypress: equal
726.0987 	EXP 	Set vid5 finished
726.3072 	EXP 	Created sequence: random, trialTypes=1, nReps=1, seed=None
726.3075 	EXP 	New trial (rep=0, index=0): None
726.8643 	EXP 	Created vid1a_q = MovieStim3(__class__=<class 'psychopy.visual.movie3.MovieStim3'>, autoLog=True, color=UNKNOWN, colorSpace=UNKNOWN, depth=-1.0, filename='stims/wedding-39.1a.mp4', flipHoriz=False, flipVert=False, fps=UNKNOWN, interpolate=True, loop=False, name='vid1a_q', noAudio=False, opacity=1.0, ori=0, pos=array([0., 0.]), size=array([1280.,  720.]), units='pix', vframe_callback=UNKNOWN, volume=UNKNOWN, win=Window(...))
727.2427 	EXP 	Created vid1b_q = MovieStim3(__class__=<class 'psychopy.visual.movie3.MovieStim3'>, autoLog=True, color=UNKNOWN, colorSpace=UNKNOWN, depth=-2.0, filename='stims/wedding-39.1b.mp4', flipHoriz=False, flipVert=False, fps=UNKNOWN, interpolate=True, loop=False, name='vid1b_q', noAudio=False, opacity=1.0, ori=0, pos=array([0., 0.]), size=array([1280.,  720.]), units='pix', vframe_callback=UNKNOWN, volume=UNKNOWN, win=Window(...))
727.7159 	EXP 	Created vid2_q = MovieStim3(__class__=<class 'psychopy.visual.movie3.MovieStim3'>, autoLog=True, color=UNKNOWN, colorSpace=UNKNOWN, depth=-3.0, filename='stims/wedding-39.2b.mp4', flipHoriz=False, flipVert=False, fps=UNKNOWN, interpolate=True, loop=False, name='vid2_q', noAudio=False, opacity=1.0, ori=0, pos=array([0., 0.]), size=array([1280.,  720.]), units='pix', vframe_callback=UNKNOWN, volume=UNKNOWN, win=Window(...))
728.1812 	EXP 	Created vid3_q = MovieStim3(__class__=<class 'psychopy.visual.movie3.MovieStim3'>, autoLog=True, color=UNKNOWN, colorSpace=UNKNOWN, depth=-5.0, filename='stims/wedding-39.3a.mp4', flipHoriz=False, flipVert=False, fps=UNKNOWN, interpolate=True, loop=False, name='vid3_q', noAudio=False, opacity=1.0, ori=0, pos=array([0., 0.]), size=array([1280.,  720.]), units='pix', vframe_callback=UNKNOWN, volume=UNKNOWN, win=Window(...))
728.6585 	EXP 	Created vid4_q = MovieStim3(__class__=<class 'psychopy.visual.movie3.MovieStim3'>, autoLog=True, color=UNKNOWN, colorSpace=UNKNOWN, depth=-7.0, filename='stims/wedding-39.4b.mp4', flipHoriz=False, flipVert=False, fps=UNKNOWN, interpolate=True, loop=False, name='vid4_q', noAudio=False, opacity=1.0, ori=0, pos=array([0., 0.]), size=array([1280.,  720.]), units='pix', vframe_callback=UNKNOWN, volume=UNKNOWN, win=Window(...))
729.0528 	EXP 	Created vid5_q = MovieStim3(__class__=<class 'psychopy.visual.movie3.MovieStim3'>, autoLog=True, color=UNKNOWN, colorSpace=UNKNOWN, depth=-8.0, filename='stims/wedding-39.5.mp4', flipHoriz=False, flipVert=False, fps=UNKNOWN, interpolate=True, loop=False, name='vid5_q', noAudio=False, opacity=1.0, ori=0, pos=array([0., 0.]), size=array([1280.,  720.]), units='pix', vframe_callback=UNKNOWN, volume=UNKNOWN, win=Window(...))
729.3613 	EXP 	window1: recordFrameIntervals = False
729.3644 	DATA 	Keypress: equal
729.3666 	DATA 	Keypress: equal
729.3823 	EXP 	vid1a: autoDraw = False
729.3823 	EXP 	vid1b: autoDraw = False
729.3823 	EXP 	vid2: autoDraw = False
729.3823 	EXP 	vid3: autoDraw = False
729.3823 	EXP 	vid4: autoDraw = False
729.3823 	EXP 	vid5: autoDraw = False
729.3823 	EXP 	vid1a_q: movie = 'stims/wedding-39.1a.mp4'
729.3823 	EXP 	vid1a_q: autoLog = True
729.3823 	EXP 	vid1b_q: movie = 'stims/wedding-39.1b.mp4'
729.3823 	EXP 	vid1b_q: autoLog = True
729.3823 	EXP 	vid2_q: movie = 'stims/wedding-39.2b.mp4'
729.3823 	EXP 	vid2_q: autoLog = True
729.3823 	EXP 	vid3_q: movie = 'stims/wedding-39.3a.mp4'
729.3823 	EXP 	vid3_q: autoLog = True
729.3823 	EXP 	vid4_q: movie = 'stims/wedding-39.4b.mp4'
729.3823 	EXP 	vid4_q: autoLog = True
729.3823 	EXP 	vid5_q: movie = 'stims/wedding-39.5.mp4'
729.3823 	EXP 	vid5_q: autoLog = True
729.3823 	EXP 	vid1a_q: autoDraw = False
729.3823 	EXP 	vid1b_q: autoDraw = False
729.3823 	EXP 	vid2_q: autoDraw = False
729.3823 	EXP 	l2q: autoDraw = False
729.3823 	EXP 	vid3_q: autoDraw = False
729.3823 	EXP 	l3q: autoDraw = False
729.3823 	EXP 	vid4_q: autoDraw = False
729.3823 	EXP 	vid5_q: autoDraw = False
729.6489 	EXP 	window1: recordFrameIntervals = False
731.1480 	DATA 	Keypress: equal
731.2443 	DATA 	Keypress: equal
731.3663 	EXP 	eggPainting1: image = 'stimsday1details/newpainting7.png'
731.3663 	EXP 	eggPainting2: image = 'stimsday1details/painting39.png'
731.3663 	EXP 	character1: image = 'stimsday1details/newperson19.png'
731.3663 	EXP 	character2: image = 'stimsday1details/couple39.png'
731.3663 	EXP 	gift1: image = 'stimsday1details/gift39.png'
731.3663 	EXP 	gift2: image = 'stimsday1details/new19.png'
731.3663 	EXP 	themeQ1: image = 'stimsday1details/t39.png'
731.3663 	EXP 	themeQ2: image = 'stimsday1details/ct39.png'
731.3663 	EXP 	nameQ1: image = 'stimsday1details/n39.png'
731.3663 	EXP 	nameQ2: image = 'stimsday1details/cn39.png'
731.3663 	EXP 	nameQ1: autoDraw = True
731.3663 	EXP 	nameQ2: autoDraw = True
732.2669 	DATA 	Keypress: 1
732.7509 	DATA 	Keypress: equal
733.3661 	EXP 	nameQ1: autoDraw = False
733.3661 	EXP 	nameQ2: autoDraw = False
733.3661 	EXP 	nameQ1: autoDraw = False
733.3661 	EXP 	nameQ2: autoDraw = False
733.3661 	EXP 	eggPainting1: autoDraw = True
733.3661 	EXP 	eggPainting2: autoDraw = True
734.1505 	DATA 	Keypress: 2
734.2508 	DATA 	Keypress: equal
735.3662 	EXP 	eggPainting1: autoDraw = False
735.3662 	EXP 	eggPainting2: autoDraw = False
735.3662 	EXP 	eggPainting1: autoDraw = False
735.3662 	EXP 	eggPainting2: autoDraw = False
735.3662 	EXP 	character1: autoDraw = True
735.3662 	EXP 	character2: autoDraw = True
735.7513 	DATA 	Keypress: equal
736.4173 	DATA 	Keypress: 2
737.2558 	DATA 	Keypress: equal
737.3666 	EXP 	character1: autoDraw = False
737.3666 	EXP 	character2: autoDraw = False
737.3666 	EXP 	character1: autoDraw = False
737.3666 	EXP 	character2: autoDraw = False
737.3666 	EXP 	themeQ1: autoDraw = True
737.3666 	EXP 	themeQ2: autoDraw = True
738.3059 	DATA 	Keypress: 1
738.7554 	DATA 	Keypress: equal
739.3652 	EXP 	themeQ1: autoDraw = False
739.3652 	EXP 	themeQ2: autoDraw = False
739.3652 	EXP 	themeQ1: autoDraw = False
739.3652 	EXP 	themeQ2: autoDraw = False
739.3652 	EXP 	gift1: autoDraw = True
739.3652 	EXP 	gift2: autoDraw = True
740.1672 	DATA 	Keypress: 1
740.2541 	DATA 	Keypress: equal
741.3653 	EXP 	gift1: autoDraw = False
741.3653 	EXP 	gift2: autoDraw = False
741.3653 	EXP 	gift1: autoDraw = False
741.3653 	EXP 	gift2: autoDraw = False
741.3653 	EXP 	northorsouth1: autoDraw = True
741.3653 	EXP 	northorsouth2: autoDraw = True
741.7558 	DATA 	Keypress: equal
742.1680 	DATA 	Keypress: 2
743.2538 	DATA 	Keypress: equal
743.6512 	EXP 	New trial (rep=0, index=5): OrderedDict([('condsFile', 'videoBlock_schemaS_pathA_1.csv')])
743.6642 	EXP 	Imported videoBlock_schemaS_pathA_1.csv as conditions, 1 conditions, 17 params
743.6647 	EXP 	Created sequence: random, trialTypes=1, nReps=1, seed=None
743.6655 	EXP 	New trial (rep=0, index=0): OrderedDict([('northOrSouth', 'south.png'), ('stimFile1a', 'stims/wedding-14.1a.mp4'), ('stimFile1b', 'stims/wedding-14.1b.mp4'), ('stimFile2', 'stims/wedding-14.2a.mp4'), ('stimFile3', 'stims/wedding-14.3b.mp4'), ('stimFile4', 'stims/wedding-14.4a.mp4'), ('stimFile5', 'stims/wedding-14.5.mp4'), ('QeggPainting1', 'stimsday1details/newegg7.png'), ('Qcharacter1', 'stimsday1details/newperson7.png'), ('Qgift1', 'stimsday1details/gift14.png'), ('QeggPainting2', 'stimsday1details/egg14.png'), ('Qcharacter2', 'stimsday1details/couple14.png'), ('Qgift2', 'stimsday1details/new7.png'), ('Qname1', 'stimsday1details/n14.png'), ('Qtheme1', 'stimsday1details/t14.png'), ('Qname2', 'stimsday1details/cn14.png'), ('Qtheme2', 'stimsday1details/ct14.png')])
743.6821 	EXP 	northorsouth1: autoDraw = False
743.6821 	EXP 	northorsouth2: autoDraw = False
743.6821 	EXP 	northorsouth1: autoDraw = False
743.6821 	EXP 	northorsouth2: autoDraw = False
743.6821 	EXP 	image_2: autoDraw = True
744.7516 	DATA 	Keypress: equal
745.6662 	EXP 	Created sequence: random, trialTypes=1, nReps=1, seed=None
745.6665 	EXP 	New trial (rep=0, index=0): None
746.2563 	EXP 	Created vid1a = MovieStim3(__class__=<class 'psychopy.visual.movie3.MovieStim3'>, autoLog=True, color=UNKNOWN, colorSpace=UNKNOWN, depth=-1.0, filename='stims/wedding-14.1a.mp4', flipHoriz=False, flipVert=False, fps=UNKNOWN, interpolate=True, loop=False, name='vid1a', noAudio=False, opacity=1.0, ori=0, pos=array([0., 0.]), size=array([1280.,  720.]), units='pix', vframe_callback=UNKNOWN, volume=UNKNOWN, win=Window(...))
746.6044 	EXP 	Created vid1b = MovieStim3(__class__=<class 'psychopy.visual.movie3.MovieStim3'>, autoLog=True, color=UNKNOWN, colorSpace=UNKNOWN, depth=-2.0, filename='stims/wedding-14.1b.mp4', flipHoriz=False, flipVert=False, fps=UNKNOWN, interpolate=True, loop=False, name='vid1b', noAudio=False, opacity=1.0, ori=0, pos=array([0., 0.]), size=array([1280.,  720.]), units='pix', vframe_callback=UNKNOWN, volume=UNKNOWN, win=Window(...))
747.0286 	EXP 	Created vid2 = MovieStim3(__class__=<class 'psychopy.visual.movie3.MovieStim3'>, autoLog=True, color=UNKNOWN, colorSpace=UNKNOWN, depth=-3.0, filename='stims/wedding-14.2a.mp4', flipHoriz=False, flipVert=False, fps=UNKNOWN, interpolate=True, loop=False, name='vid2', noAudio=False, opacity=1.0, ori=0, pos=array([0., 0.]), size=array([1280.,  720.]), units='pix', vframe_callback=UNKNOWN, volume=UNKNOWN, win=Window(...))
747.6242 	EXP 	Created vid3 = MovieStim3(__class__=<class 'psychopy.visual.movie3.MovieStim3'>, autoLog=True, color=UNKNOWN, colorSpace=UNKNOWN, depth=-4.0, filename='stims/wedding-14.3b.mp4', flipHoriz=False, flipVert=False, fps=UNKNOWN, interpolate=True, loop=False, name='vid3', noAudio=False, opacity=1.0, ori=0, pos=array([0., 0.]), size=array([1280.,  720.]), units='pix', vframe_callback=UNKNOWN, volume=UNKNOWN, win=Window(...))
748.2080 	EXP 	Created vid4 = MovieStim3(__class__=<class 'psychopy.visual.movie3.MovieStim3'>, autoLog=True, color=UNKNOWN, colorSpace=UNKNOWN, depth=-5.0, filename='stims/wedding-14.4a.mp4', flipHoriz=False, flipVert=False, fps=UNKNOWN, interpolate=True, loop=False, name='vid4', noAudio=False, opacity=1.0, ori=0, pos=array([0., 0.]), size=array([1280.,  720.]), units='pix', vframe_callback=UNKNOWN, volume=UNKNOWN, win=Window(...))
748.6265 	EXP 	Created vid5 = MovieStim3(__class__=<class 'psychopy.visual.movie3.MovieStim3'>, autoLog=True, color=UNKNOWN, colorSpace=UNKNOWN, depth=-6.0, filename='stims/wedding-14.5.mp4', flipHoriz=False, flipVert=False, fps=UNKNOWN, interpolate=True, loop=False, name='vid5', noAudio=False, opacity=1.0, ori=0, pos=array([0., 0.]), size=array([1280.,  720.]), units='pix', vframe_callback=UNKNOWN, volume=UNKNOWN, win=Window(...))
748.9170 	EXP 	Created sequence: random, trialTypes=1, nReps=1, seed=None
748.9174 	EXP 	New trial (rep=0, index=0): None
749.4773 	EXP 	Created vid1a_q = MovieStim3(__class__=<class 'psychopy.visual.movie3.MovieStim3'>, autoLog=True, color=UNKNOWN, colorSpace=UNKNOWN, depth=-1.0, filename='stims/wedding-14.1a.mp4', flipHoriz=False, flipVert=False, fps=UNKNOWN, interpolate=True, loop=False, name='vid1a_q', noAudio=False, opacity=1.0, ori=0, pos=array([0., 0.]), size=array([1280.,  720.]), units='pix', vframe_callback=UNKNOWN, volume=UNKNOWN, win=Window(...))
749.8107 	EXP 	Created vid1b_q = MovieStim3(__class__=<class 'psychopy.visual.movie3.MovieStim3'>, autoLog=True, color=UNKNOWN, colorSpace=UNKNOWN, depth=-2.0, filename='stims/wedding-14.1b.mp4', flipHoriz=False, flipVert=False, fps=UNKNOWN, interpolate=True, loop=False, name='vid1b_q', noAudio=False, opacity=1.0, ori=0, pos=array([0., 0.]), size=array([1280.,  720.]), units='pix', vframe_callback=UNKNOWN, volume=UNKNOWN, win=Window(...))
750.2241 	EXP 	Created vid2_q = MovieStim3(__class__=<class 'psychopy.visual.movie3.MovieStim3'>, autoLog=True, color=UNKNOWN, colorSpace=UNKNOWN, depth=-3.0, filename='stims/wedding-14.2a.mp4', flipHoriz=False, flipVert=False, fps=UNKNOWN, interpolate=True, loop=False, name='vid2_q', noAudio=False, opacity=1.0, ori=0, pos=array([0., 0.]), size=array([1280.,  720.]), units='pix', vframe_callback=UNKNOWN, volume=UNKNOWN, win=Window(...))
750.7603 	EXP 	Created vid3_q = MovieStim3(__class__=<class 'psychopy.visual.movie3.MovieStim3'>, autoLog=True, color=UNKNOWN, colorSpace=UNKNOWN, depth=-5.0, filename='stims/wedding-14.3b.mp4', flipHoriz=False, flipVert=False, fps=UNKNOWN, interpolate=True, loop=False, name='vid3_q', noAudio=False, opacity=1.0, ori=0, pos=array([0., 0.]), size=array([1280.,  720.]), units='pix', vframe_callback=UNKNOWN, volume=UNKNOWN, win=Window(...))
751.2946 	EXP 	Created vid4_q = MovieStim3(__class__=<class 'psychopy.visual.movie3.MovieStim3'>, autoLog=True, color=UNKNOWN, colorSpace=UNKNOWN, depth=-7.0, filename='stims/wedding-14.4a.mp4', flipHoriz=False, flipVert=False, fps=UNKNOWN, interpolate=True, loop=False, name='vid4_q', noAudio=False, opacity=1.0, ori=0, pos=array([0., 0.]), size=array([1280.,  720.]), units='pix', vframe_callback=UNKNOWN, volume=UNKNOWN, win=Window(...))
751.6804 	EXP 	Created vid5_q = MovieStim3(__class__=<class 'psychopy.visual.movie3.MovieStim3'>, autoLog=True, color=UNKNOWN, colorSpace=UNKNOWN, depth=-8.0, filename='stims/wedding-14.5.mp4', flipHoriz=False, flipVert=False, fps=UNKNOWN, interpolate=True, loop=False, name='vid5_q', noAudio=False, opacity=1.0, ori=0, pos=array([0., 0.]), size=array([1280.,  720.]), units='pix', vframe_callback=UNKNOWN, volume=UNKNOWN, win=Window(...))
751.8014 	EXP 	window1: recordFrameIntervals = False
751.8049 	DATA 	Keypress: equal
751.8073 	DATA 	Keypress: equal
751.8096 	DATA 	Keypress: equal
751.8116 	DATA 	Keypress: equal
751.8321 	EXP 	image_2: autoDraw = False
751.8321 	EXP 	image_2: autoDraw = False
751.8321 	EXP 	vid1a: movie = 'stims/wedding-14.1a.mp4'
751.8321 	EXP 	vid1a: autoLog = True
751.8321 	EXP 	vid1b: movie = 'stims/wedding-14.1b.mp4'
751.8321 	EXP 	vid1b: autoLog = True
751.8321 	EXP 	vid2: movie = 'stims/wedding-14.2a.mp4'
751.8321 	EXP 	vid2: autoLog = True
751.8321 	EXP 	vid3: movie = 'stims/wedding-14.3b.mp4'
751.8321 	EXP 	vid3: autoLog = True
751.8321 	EXP 	vid4: movie = 'stims/wedding-14.4a.mp4'
751.8321 	EXP 	vid4: autoLog = True
751.8321 	EXP 	vid5: movie = 'stims/wedding-14.5.mp4'
751.8321 	EXP 	vid5: autoLog = True
751.8321 	EXP 	vid1a: autoDraw = False
751.8321 	EXP 	vid1b: autoDraw = False
751.8321 	EXP 	vid2: autoDraw = False
751.8321 	EXP 	vid3: autoDraw = False
751.8321 	EXP 	vid4: autoDraw = False
751.8321 	EXP 	vid5: autoDraw = False
751.8321 	EXP 	vid1a_q: movie = 'stims/wedding-14.1a.mp4'
751.8321 	EXP 	vid1a_q: autoLog = True
751.8321 	EXP 	vid1b_q: movie = 'stims/wedding-14.1b.mp4'
751.8321 	EXP 	vid1b_q: autoLog = True
751.8321 	EXP 	vid2_q: movie = 'stims/wedding-14.2a.mp4'
751.8321 	EXP 	vid2_q: autoLog = True
751.8321 	EXP 	vid3_q: movie = 'stims/wedding-14.3b.mp4'
751.8321 	EXP 	vid3_q: autoLog = True
751.8321 	EXP 	vid4_q: movie = 'stims/wedding-14.4a.mp4'
751.8321 	EXP 	vid4_q: autoLog = True
751.8321 	EXP 	vid5_q: movie = 'stims/wedding-14.5.mp4'
751.8321 	EXP 	vid5_q: autoLog = True
754.6098 	EXP 	window1: recordFrameIntervals = False
756.0896 	DATA 	Keypress: equal
756.0971 	DATA 	Keypress: equal
756.0993 	DATA 	Keypress: equal
756.2986 	EXP 	vid1a_q: movie = 'stims/wedding-14.1a.mp4'
756.2986 	EXP 	vid1b_q: movie = 'stims/wedding-14.1b.mp4'
756.2986 	EXP 	vid2_q: movie = 'stims/wedding-14.2a.mp4'
756.2986 	EXP 	vid3_q: movie = 'stims/wedding-14.3b.mp4'
756.2986 	EXP 	vid4_q: movie = 'stims/wedding-14.4a.mp4'
756.2986 	EXP 	vid5_q: movie = 'stims/wedding-14.5.mp4'
756.3150 	EXP 	vid1a_q: autoDraw = True
756.7508 	DATA 	Keypress: equal
758.2511 	DATA 	Keypress: equal
759.7504 	DATA 	Keypress: equal
761.2512 	DATA 	Keypress: equal
762.7512 	DATA 	Keypress: equal
764.2506 	DATA 	Keypress: equal
765.7513 	DATA 	Keypress: equal
767.2432 	DATA 	Keypress: equal
768.7511 	DATA 	Keypress: equal
770.2513 	DATA 	Keypress: equal
771.7677 	DATA 	Keypress: equal
773.2423 	DATA 	Keypress: equal
774.7505 	DATA 	Keypress: equal
776.2513 	DATA 	Keypress: equal
777.7454 	DATA 	Keypress: equal
779.2508 	DATA 	Keypress: equal
780.7429 	DATA 	Keypress: equal
782.2510 	DATA 	Keypress: equal
783.7499 	DATA 	Keypress: equal
785.2502 	DATA 	Keypress: equal
785.9349 	EXP 	vid1a_q: autoDraw = False
785.9490 	EXP 	vid1b_q: autoDraw = True
786.7511 	DATA 	Keypress: equal
788.2508 	DATA 	Keypress: equal
789.7500 	DATA 	Keypress: equal
791.2547 	DATA 	Keypress: equal
792.7506 	DATA 	Keypress: equal
794.0650 	EXP 	Set vid1b_q finished
794.2507 	DATA 	Keypress: equal
794.9479 	EXP 	vid2_q: autoDraw = True
795.7508 	DATA 	Keypress: equal
797.2554 	DATA 	Keypress: equal
798.7446 	DATA 	Keypress: equal
800.2423 	DATA 	Keypress: equal
801.7433 	DATA 	Keypress: equal
803.2499 	DATA 	Keypress: equal
804.7416 	DATA 	Keypress: equal
806.2451 	DATA 	Keypress: equal
807.7506 	DATA 	Keypress: equal
809.2451 	DATA 	Keypress: equal
810.7423 	DATA 	Keypress: equal
811.6989 	EXP 	Set vid2_q finished
811.9482 	EXP 	l2q: autoDraw = True
812.2505 	DATA 	Keypress: equal
813.7541 	DATA 	Keypress: equal
814.0543 	DATA 	Keypress: 2
815.2534 	DATA 	Keypress: equal
815.9308 	EXP 	l2q: autoDraw = False
815.9477 	EXP 	vid3_q: autoDraw = True
816.7502 	DATA 	Keypress: equal
818.2499 	DATA 	Keypress: equal
819.7512 	DATA 	Keypress: equal
821.2500 	DATA 	Keypress: equal
822.7493 	DATA 	Keypress: equal
824.2499 	DATA 	Keypress: equal
825.7493 	DATA 	Keypress: equal
827.2507 	DATA 	Keypress: equal
828.7457 	DATA 	Keypress: equal
830.2495 	DATA 	Keypress: equal
831.7419 	DATA 	Keypress: equal
833.2506 	DATA 	Keypress: equal
834.7411 	DATA 	Keypress: equal
836.2687 	DATA 	Keypress: equal
837.7413 	DATA 	Keypress: equal
838.9316 	EXP 	vid3_q: autoDraw = False
838.9528 	EXP 	l3q: autoDraw = True
839.2532 	DATA 	Keypress: equal
840.4658 	DATA 	Keypress: 2
840.7537 	DATA 	Keypress: equal
842.2540 	DATA 	Keypress: equal
842.9315 	EXP 	l3q: autoDraw = False
842.9485 	EXP 	vid4_q: autoDraw = True
843.7502 	DATA 	Keypress: equal
845.2502 	DATA 	Keypress: equal
846.7499 	DATA 	Keypress: equal
848.2550 	DATA 	Keypress: equal
849.7499 	DATA 	Keypress: equal
851.2441 	DATA 	Keypress: equal
852.7690 	DATA 	Keypress: equal
854.2401 	DATA 	Keypress: equal
855.7405 	DATA 	Keypress: equal
857.2402 	DATA 	Keypress: equal
858.7405 	DATA 	Keypress: equal
860.2408 	DATA 	Keypress: equal
861.7413 	DATA 	Keypress: equal
863.2406 	DATA 	Keypress: equal
864.7437 	DATA 	Keypress: equal
866.2401 	DATA 	Keypress: equal
866.9336 	EXP 	vid4_q: autoDraw = False
866.9503 	EXP 	vid5_q: autoDraw = True
867.7516 	DATA 	Keypress: equal
869.2569 	DATA 	Keypress: equal
870.7489 	DATA 	Keypress: equal
872.2487 	DATA 	Keypress: equal
873.7404 	DATA 	Keypress: equal
875.2399 	DATA 	Keypress: equal
876.7401 	DATA 	Keypress: equal
878.2385 	DATA 	Keypress: equal
879.3971 	EXP 	Set vid5_q finished
879.6835 	EXP 	window1: recordFrameIntervals = False
879.6970 	EXP 	vid1a_q: autoDraw = False
879.6970 	EXP 	vid1b_q: autoDraw = False
879.6970 	EXP 	vid2_q: autoDraw = False
879.6970 	EXP 	l2q: autoDraw = False
879.6970 	EXP 	vid3_q: autoDraw = False
879.6970 	EXP 	l3q: autoDraw = False
879.6970 	EXP 	vid4_q: autoDraw = False
879.6970 	EXP 	vid5_q: autoDraw = False
879.9374 	EXP 	window1: recordFrameIntervals = False
881.4700 	DATA 	Keypress: equal
881.4725 	DATA 	Keypress: equal
881.6848 	EXP 	eggPainting1: image = 'stimsday1details/newegg7.png'
881.6848 	EXP 	eggPainting2: image = 'stimsday1details/egg14.png'
881.6848 	EXP 	character1: image = 'stimsday1details/newperson7.png'
881.6848 	EXP 	character2: image = 'stimsday1details/couple14.png'
881.6848 	EXP 	gift1: image = 'stimsday1details/gift14.png'
881.6848 	EXP 	gift2: image = 'stimsday1details/new7.png'
881.6848 	EXP 	themeQ1: image = 'stimsday1details/t14.png'
881.6848 	EXP 	themeQ2: image = 'stimsday1details/ct14.png'
881.6848 	EXP 	nameQ1: image = 'stimsday1details/n14.png'
881.6848 	EXP 	nameQ2: image = 'stimsday1details/cn14.png'
881.6848 	EXP 	nameQ1: autoDraw = True
881.6848 	EXP 	nameQ2: autoDraw = True
882.7485 	DATA 	Keypress: equal
883.0983 	DATA 	Keypress: 1
883.6802 	EXP 	nameQ1: autoDraw = False
883.6802 	EXP 	nameQ2: autoDraw = False
883.6802 	EXP 	nameQ1: autoDraw = False
883.6802 	EXP 	nameQ2: autoDraw = False
883.6802 	EXP 	eggPainting1: autoDraw = True
883.6802 	EXP 	eggPainting2: autoDraw = True
884.2489 	DATA 	Keypress: equal
884.4649 	DATA 	Keypress: 2
885.6845 	EXP 	eggPainting1: autoDraw = False
885.6845 	EXP 	eggPainting2: autoDraw = False
885.6845 	EXP 	eggPainting1: autoDraw = False
885.6845 	EXP 	eggPainting2: autoDraw = False
885.6845 	EXP 	character1: autoDraw = True
885.6845 	EXP 	character2: autoDraw = True
885.7379 	DATA 	Keypress: equal
886.5154 	DATA 	Keypress: 2
887.2489 	DATA 	Keypress: equal
887.6847 	EXP 	character1: autoDraw = False
887.6847 	EXP 	character2: autoDraw = False
887.6847 	EXP 	character1: autoDraw = False
887.6847 	EXP 	character2: autoDraw = False
887.6847 	EXP 	themeQ1: autoDraw = True
887.6847 	EXP 	themeQ2: autoDraw = True
888.7527 	DATA 	Keypress: equal
888.7658 	DATA 	Keypress: 1
889.6840 	EXP 	themeQ1: autoDraw = False
889.6840 	EXP 	themeQ2: autoDraw = False
889.6840 	EXP 	themeQ1: autoDraw = False
889.6840 	EXP 	themeQ2: autoDraw = False
889.6840 	EXP 	gift1: autoDraw = True
889.6840 	EXP 	gift2: autoDraw = True
890.2370 	DATA 	Keypress: equal
890.5866 	DATA 	Keypress: 1
891.6841 	EXP 	gift1: autoDraw = False
891.6841 	EXP 	gift2: autoDraw = False
891.6841 	EXP 	gift1: autoDraw = False
891.6841 	EXP 	gift2: autoDraw = False
891.6841 	EXP 	northorsouth1: autoDraw = True
891.6841 	EXP 	northorsouth2: autoDraw = True
891.7370 	DATA 	Keypress: equal
892.3825 	DATA 	Keypress: 2
893.2537 	DATA 	Keypress: equal
894.1646 	EXP 	northorsouth1: autoDraw = False
894.1646 	EXP 	northorsouth2: autoDraw = False
894.1646 	EXP 	northorsouth1: autoDraw = False
894.1646 	EXP 	northorsouth2: autoDraw = False
894.4710 	EXP 	window1: mouseVisible = True
