2.2278 	WARNING 	Import Error: No module named 'psychtoolbox'. Using event module for keyboard component.
12.3361 	EXP 	Created window1 = Window(allowGUI=False, allowStencil=False, args=UNKNOWN, autoLog=True, bitsMode=UNKNOWN, blendMode='avg', color=array([0., 0., 0.]), colorSpace='rgb', fullscr=<method-wrapper '__getattribute__' of attributeSetter object at 0x1322a04198>, gamma=None, kwargs=UNKNOWN, lms=UNKNOWN, monitor=<psychopy.monitors.calibTools.Monitor object at 0x132466ac88>, multiSample=False, name='window1', numSamples=2, pos=[0.0, 0.0], screen=0, size=array([1920, 1080]), stereo=False, units='norm', useFBO=True, useRetina=False, viewOri=0.0, viewPos=None, viewScale=None, waitBlanking=True, winType='pyglet')
12.3361 	EXP 	window1: recordFrameIntervals = False
12.4987 	EXP 	window1: recordFrameIntervals = True
12.6823 	EXP 	window1: recordFrameIntervals = False
12.8451 	EXP 	Created text = TextStim(__class__=<class 'psychopy.visual.text.TextStim'>, alignHoriz='center', alignVert='center', antialias=True, autoLog=True, bold=False, color='white', colorSpace='named', contrast=1.0, depth=0.0, flipHoriz=False, flipVert=False, font='Arial', fontFiles=[], height=0.1, italic=False, languageStyle='LTR', name='text', opacity=1.0, ori=0, pos=array([0., 0.]), rgb=array([255., 255., 255.]), text='waiting for experimenter...', units='norm', win=Window(...), wrapWidth=1)
12.8539 	EXP 	Created waiting = TextStim(__class__=<class 'psychopy.visual.text.TextStim'>, alignHoriz='center', alignVert='center', antialias=True, autoLog=True, bold=False, color='white', colorSpace='named', contrast=1.0, depth=0.0, flipHoriz=False, flipVert=False, font='Arial', fontFiles=[], height=0.1, italic=False, languageStyle='LTR', name='waiting', opacity=1.0, ori=0, pos=array([0., 0.]), rgb=array([255., 255., 255.]), text='waiting for scanner', units='norm', win=Window(...), wrapWidth=1)
12.9165 	EXP 	Created image_2 = ImageStim(__class__=<class 'psychopy.visual.image.ImageStim'>, autoLog=True, color=array([1., 1., 1.]), colorSpace='rgb', contrast=1.0, depth=0.0, flipHoriz=False, flipVert=False, image='south.png', interpolate=True, mask=None, maskParams=None, name='image_2', opacity=1.0, ori=0.0, pos=array([0., 0.]), size=array([0.8, 0.8]), texRes=128, units='norm', win=Window(...))
12.9285 	EXP 	Created l2q = ImageStim(__class__=<class 'psychopy.visual.image.ImageStim'>, autoLog=True, color=array([1., 1., 1.]), colorSpace='rgb', contrast=1.0, depth=-4.0, flipHoriz=False, flipVert=False, image='LAYER2Q.png', interpolate=True, mask=None, maskParams=None, name='l2q', opacity=1.0, ori=0.0, pos=array([0., 0.]), size=array([0.8, 0.8]), texRes=128, units='norm', win=Window(...))
12.9393 	EXP 	Created l3q = ImageStim(__class__=<class 'psychopy.visual.image.ImageStim'>, autoLog=True, color=array([1., 1., 1.]), colorSpace='rgb', contrast=1.0, depth=-6.0, flipHoriz=False, flipVert=False, image='LAYER3Q.png', interpolate=True, mask=None, maskParams=None, name='l3q', opacity=1.0, ori=0.0, pos=array([0., 0.]), size=array([0.8, 0.8]), texRes=128, units='norm', win=Window(...))
12.9980 	EXP 	Created nameQ1 = ImageStim(__class__=<class 'psychopy.visual.image.ImageStim'>, autoLog=True, color=array([1., 1., 1.]), colorSpace='rgb', contrast=1.0, depth=-1.0, flipHoriz=False, flipVert=False, image='sin', interpolate=True, mask=None, maskParams=None, name='nameQ1', opacity=1.0, ori=0.0, pos=array([-0.5, -0.2]), size=array([0.5, 0.5]), texRes=128, units='norm', win=Window(...))
13.0004 	EXP 	Created nameQ2 = ImageStim(__class__=<class 'psychopy.visual.image.ImageStim'>, autoLog=True, color=array([1., 1., 1.]), colorSpace='rgb', contrast=1.0, depth=-2.0, flipHoriz=False, flipVert=False, image='sin', interpolate=True, mask=None, maskParams=None, name='nameQ2', opacity=1.0, ori=0.0, pos=array([ 0.5, -0.2]), size=array([0.5, 0.5]), texRes=128, units='norm', win=Window(...))
13.0028 	EXP 	Created eggPainting1 = ImageStim(__class__=<class 'psychopy.visual.image.ImageStim'>, autoLog=True, color=array([1., 1., 1.]), colorSpace='rgb', contrast=1.0, depth=0.0, flipHoriz=False, flipVert=False, image='sin', interpolate=True, mask=None, maskParams=None, name='eggPainting1', opacity=1.0, ori=0.0, pos=array([-0.5, -0.2]), size=array([0.7, 1. ]), texRes=128, units='norm', win=Window(...))
13.0051 	EXP 	Created eggPainting2 = ImageStim(__class__=<class 'psychopy.visual.image.ImageStim'>, autoLog=True, color=array([1., 1., 1.]), colorSpace='rgb', contrast=1.0, depth=-2.0, flipHoriz=False, flipVert=False, image='sin', interpolate=True, mask=None, maskParams=None, name='eggPainting2', opacity=1.0, ori=0.0, pos=array([ 0.5, -0.2]), size=array([0.7, 1. ]), texRes=128, units='norm', win=Window(...))
13.0075 	EXP 	Created character1 = ImageStim(__class__=<class 'psychopy.visual.image.ImageStim'>, autoLog=True, color=array([1., 1., 1.]), colorSpace='rgb', contrast=1.0, depth=0.0, flipHoriz=False, flipVert=False, image='sin', interpolate=True, mask=None, maskParams=None, name='character1', opacity=1.0, ori=0.0, pos=array([-0.5, -0.2]), size=array([0.5, 1. ]), texRes=128, units='norm', win=Window(...))
13.0099 	EXP 	Created character2 = ImageStim(__class__=<class 'psychopy.visual.image.ImageStim'>, autoLog=True, color=array([1., 1., 1.]), colorSpace='rgb', contrast=1.0, depth=-1.0, flipHoriz=False, flipVert=False, image='sin', interpolate=True, mask=None, maskParams=None, name='character2', opacity=1.0, ori=0.0, pos=array([ 0.5, -0.2]), size=array([0.5, 1. ]), texRes=128, units='norm', win=Window(...))
13.0124 	EXP 	Created themeQ1 = ImageStim(__class__=<class 'psychopy.visual.image.ImageStim'>, autoLog=True, color=array([1., 1., 1.]), colorSpace='rgb', contrast=1.0, depth=-1.0, flipHoriz=False, flipVert=False, image='sin', interpolate=True, mask=None, maskParams=None, name='themeQ1', opacity=1.0, ori=0.0, pos=array([-0.5, -0.2]), size=array([0.5, 0.5]), texRes=128, units='norm', win=Window(...))
13.0147 	EXP 	Created themeQ2 = ImageStim(__class__=<class 'psychopy.visual.image.ImageStim'>, autoLog=True, color=array([1., 1., 1.]), colorSpace='rgb', contrast=1.0, depth=-2.0, flipHoriz=False, flipVert=False, image='sin', interpolate=True, mask=None, maskParams=None, name='themeQ2', opacity=1.0, ori=0.0, pos=array([ 0.5, -0.2]), size=array([0.5, 0.5]), texRes=128, units='norm', win=Window(...))
13.0171 	EXP 	Created gift1 = ImageStim(__class__=<class 'psychopy.visual.image.ImageStim'>, autoLog=True, color=array([1., 1., 1.]), colorSpace='rgb', contrast=1.0, depth=0.0, flipHoriz=False, flipVert=False, image='sin', interpolate=True, mask=None, maskParams=None, name='gift1', opacity=1.0, ori=0.0, pos=array([-0.5, -0.2]), size=array([0.5, 0.5]), texRes=128, units='norm', win=Window(...))
13.0194 	EXP 	Created gift2 = ImageStim(__class__=<class 'psychopy.visual.image.ImageStim'>, autoLog=True, color=array([1., 1., 1.]), colorSpace='rgb', contrast=1.0, depth=-1.0, flipHoriz=False, flipVert=False, image='sin', interpolate=True, mask=None, maskParams=None, name='gift2', opacity=1.0, ori=0.0, pos=array([ 0.5, -0.2]), size=array([0.5, 0.5]), texRes=128, units='norm', win=Window(...))
13.0237 	EXP 	Created northorsouth1 = ImageStim(__class__=<class 'psychopy.visual.image.ImageStim'>, autoLog=True, color=array([1., 1., 1.]), colorSpace='rgb', contrast=1.0, depth=0.0, flipHoriz=False, flipVert=False, image='northorsouth1.png', interpolate=True, mask=None, maskParams=None, name='northorsouth1', opacity=1.0, ori=0.0, pos=array([-0.5, -0.2]), size=array([0.5, 0.5]), texRes=128, units='norm', win=Window(...))
13.0286 	EXP 	Created northorsouth2 = ImageStim(__class__=<class 'psychopy.visual.image.ImageStim'>, autoLog=True, color=array([1., 1., 1.]), colorSpace='rgb', contrast=1.0, depth=-2.0, flipHoriz=False, flipVert=False, image='northorsouth2.png', interpolate=True, mask=None, maskParams=None, name='northorsouth2', opacity=1.0, ori=0.0, pos=array([ 0.5, -0.2]), size=array([0.5, 0.5]), texRes=128, units='norm', win=Window(...))
13.0486 	EXP 	text: autoDraw = True
13.3354 	DATA 	Keypress: g
13.3486 	EXP 	text: autoDraw = False
13.3486 	EXP 	waiting: autoDraw = True
30.1503 	DATA 	Keypress: equal
30.2395 	EXP 	Imported chooseBlock3.csv as conditions, 6 conditions, 1 params
30.2425 	EXP 	Created sequence: random, trialTypes=6, nReps=1, seed=None
30.2429 	EXP 	New trial (rep=0, index=0): OrderedDict([('condsFile', 'videoBlock_schemaS_pathB_3.csv')])
30.2523 	EXP 	Imported videoBlock_schemaS_pathB_3.csv as conditions, 1 conditions, 17 params
30.2527 	EXP 	Created sequence: random, trialTypes=1, nReps=1, seed=None
30.2533 	EXP 	New trial (rep=0, index=0): OrderedDict([('northOrSouth', 'south.png'), ('stimFile1a', 'stims/wedding-41.1a.mp4'), ('stimFile1b', 'stims/wedding-41.1b.mp4'), ('stimFile2', 'stims/wedding-41.2b.mp4'), ('stimFile3', 'stims/wedding-41.3a.mp4'), ('stimFile4', 'stims/wedding-41.4b.mp4'), ('stimFile5', 'stims/wedding-41.5.mp4'), ('QeggPainting1', 'stimsday1details/painting41.png'), ('Qcharacter1', 'stimsday1details/couple41.png'), ('Qgift1', 'stimsday1details/new21.png'), ('QeggPainting2', 'stimsday1details/newpainting9.png'), ('Qcharacter2', 'stimsday1details/newperson21.png'), ('Qgift2', 'stimsday1details/gift41.png'), ('Qname1', 'stimsday1details/cn41.png'), ('Qtheme1', 'stimsday1details/t41.png'), ('Qname2', 'stimsday1details/n41.png'), ('Qtheme2', 'stimsday1details/ct41.png')])
30.2651 	EXP 	waiting: autoDraw = False
30.2651 	EXP 	image_2: autoDraw = True
31.6502 	DATA 	Keypress: equal
32.1660 	EXP 	Created sequence: random, trialTypes=1, nReps=1, seed=None
32.1663 	EXP 	New trial (rep=0, index=0): None
33.4010 	EXP 	Created vid1a = MovieStim3(__class__=<class 'psychopy.visual.movie3.MovieStim3'>, autoLog=True, color=UNKNOWN, colorSpace=UNKNOWN, depth=-1.0, filename='stims/wedding-41.1a.mp4', flipHoriz=False, flipVert=False, fps=UNKNOWN, interpolate=True, loop=False, name='vid1a', noAudio=False, opacity=1.0, ori=0, pos=array([0., 0.]), size=array([1280.,  720.]), units='pix', vframe_callback=UNKNOWN, volume=UNKNOWN, win=Window(...))
33.7978 	EXP 	Created vid1b = MovieStim3(__class__=<class 'psychopy.visual.movie3.MovieStim3'>, autoLog=True, color=UNKNOWN, colorSpace=UNKNOWN, depth=-2.0, filename='stims/wedding-41.1b.mp4', flipHoriz=False, flipVert=False, fps=UNKNOWN, interpolate=True, loop=False, name='vid1b', noAudio=False, opacity=1.0, ori=0, pos=array([0., 0.]), size=array([1280.,  720.]), units='pix', vframe_callback=UNKNOWN, volume=UNKNOWN, win=Window(...))
34.3395 	EXP 	Created vid2 = MovieStim3(__class__=<class 'psychopy.visual.movie3.MovieStim3'>, autoLog=True, color=UNKNOWN, colorSpace=UNKNOWN, depth=-3.0, filename='stims/wedding-41.2b.mp4', flipHoriz=False, flipVert=False, fps=UNKNOWN, interpolate=True, loop=False, name='vid2', noAudio=False, opacity=1.0, ori=0, pos=array([0., 0.]), size=array([1280.,  720.]), units='pix', vframe_callback=UNKNOWN, volume=UNKNOWN, win=Window(...))
34.9237 	EXP 	Created vid3 = MovieStim3(__class__=<class 'psychopy.visual.movie3.MovieStim3'>, autoLog=True, color=UNKNOWN, colorSpace=UNKNOWN, depth=-4.0, filename='stims/wedding-41.3a.mp4', flipHoriz=False, flipVert=False, fps=UNKNOWN, interpolate=True, loop=False, name='vid3', noAudio=False, opacity=1.0, ori=0, pos=array([0., 0.]), size=array([1280.,  720.]), units='pix', vframe_callback=UNKNOWN, volume=UNKNOWN, win=Window(...))
35.3995 	EXP 	Created vid4 = MovieStim3(__class__=<class 'psychopy.visual.movie3.MovieStim3'>, autoLog=True, color=UNKNOWN, colorSpace=UNKNOWN, depth=-5.0, filename='stims/wedding-41.4b.mp4', flipHoriz=False, flipVert=False, fps=UNKNOWN, interpolate=True, loop=False, name='vid4', noAudio=False, opacity=1.0, ori=0, pos=array([0., 0.]), size=array([1280.,  720.]), units='pix', vframe_callback=UNKNOWN, volume=UNKNOWN, win=Window(...))
35.8296 	EXP 	Created vid5 = MovieStim3(__class__=<class 'psychopy.visual.movie3.MovieStim3'>, autoLog=True, color=UNKNOWN, colorSpace=UNKNOWN, depth=-6.0, filename='stims/wedding-41.5.mp4', flipHoriz=False, flipVert=False, fps=UNKNOWN, interpolate=True, loop=False, name='vid5', noAudio=False, opacity=1.0, ori=0, pos=array([0., 0.]), size=array([1280.,  720.]), units='pix', vframe_callback=UNKNOWN, volume=UNKNOWN, win=Window(...))
35.8764 	EXP 	Created sequence: random, trialTypes=1, nReps=1, seed=None
35.8767 	EXP 	New trial (rep=0, index=0): None
36.4307 	EXP 	Created vid1a_q = MovieStim3(__class__=<class 'psychopy.visual.movie3.MovieStim3'>, autoLog=True, color=UNKNOWN, colorSpace=UNKNOWN, depth=-1.0, filename='stims/wedding-41.1a.mp4', flipHoriz=False, flipVert=False, fps=UNKNOWN, interpolate=True, loop=False, name='vid1a_q', noAudio=False, opacity=1.0, ori=0, pos=array([0., 0.]), size=array([1280.,  720.]), units='pix', vframe_callback=UNKNOWN, volume=UNKNOWN, win=Window(...))
36.8079 	EXP 	Created vid1b_q = MovieStim3(__class__=<class 'psychopy.visual.movie3.MovieStim3'>, autoLog=True, color=UNKNOWN, colorSpace=UNKNOWN, depth=-2.0, filename='stims/wedding-41.1b.mp4', flipHoriz=False, flipVert=False, fps=UNKNOWN, interpolate=True, loop=False, name='vid1b_q', noAudio=False, opacity=1.0, ori=0, pos=array([0., 0.]), size=array([1280.,  720.]), units='pix', vframe_callback=UNKNOWN, volume=UNKNOWN, win=Window(...))
37.3090 	EXP 	Created vid2_q = MovieStim3(__class__=<class 'psychopy.visual.movie3.MovieStim3'>, autoLog=True, color=UNKNOWN, colorSpace=UNKNOWN, depth=-3.0, filename='stims/wedding-41.2b.mp4', flipHoriz=False, flipVert=False, fps=UNKNOWN, interpolate=True, loop=False, name='vid2_q', noAudio=False, opacity=1.0, ori=0, pos=array([0., 0.]), size=array([1280.,  720.]), units='pix', vframe_callback=UNKNOWN, volume=UNKNOWN, win=Window(...))
37.8442 	EXP 	Created vid3_q = MovieStim3(__class__=<class 'psychopy.visual.movie3.MovieStim3'>, autoLog=True, color=UNKNOWN, colorSpace=UNKNOWN, depth=-5.0, filename='stims/wedding-41.3a.mp4', flipHoriz=False, flipVert=False, fps=UNKNOWN, interpolate=True, loop=False, name='vid3_q', noAudio=False, opacity=1.0, ori=0, pos=array([0., 0.]), size=array([1280.,  720.]), units='pix', vframe_callback=UNKNOWN, volume=UNKNOWN, win=Window(...))
38.3061 	EXP 	Created vid4_q = MovieStim3(__class__=<class 'psychopy.visual.movie3.MovieStim3'>, autoLog=True, color=UNKNOWN, colorSpace=UNKNOWN, depth=-7.0, filename='stims/wedding-41.4b.mp4', flipHoriz=False, flipVert=False, fps=UNKNOWN, interpolate=True, loop=False, name='vid4_q', noAudio=False, opacity=1.0, ori=0, pos=array([0., 0.]), size=array([1280.,  720.]), units='pix', vframe_callback=UNKNOWN, volume=UNKNOWN, win=Window(...))
38.6967 	EXP 	Created vid5_q = MovieStim3(__class__=<class 'psychopy.visual.movie3.MovieStim3'>, autoLog=True, color=UNKNOWN, colorSpace=UNKNOWN, depth=-8.0, filename='stims/wedding-41.5.mp4', flipHoriz=False, flipVert=False, fps=UNKNOWN, interpolate=True, loop=False, name='vid5_q', noAudio=False, opacity=1.0, ori=0, pos=array([0., 0.]), size=array([1280.,  720.]), units='pix', vframe_callback=UNKNOWN, volume=UNKNOWN, win=Window(...))
38.6972 	EXP 	window1: recordFrameIntervals = False
38.7012 	DATA 	Keypress: equal
38.7037 	DATA 	Keypress: equal
38.7062 	DATA 	Keypress: equal
38.7086 	DATA 	Keypress: equal
38.7151 	EXP 	image_2: autoDraw = False
38.7151 	EXP 	vid1a: movie = 'stims/wedding-41.1a.mp4'
38.7151 	EXP 	vid1a: autoLog = True
38.7151 	EXP 	vid1b: movie = 'stims/wedding-41.1b.mp4'
38.7151 	EXP 	vid1b: autoLog = True
38.7151 	EXP 	vid2: movie = 'stims/wedding-41.2b.mp4'
38.7151 	EXP 	vid2: autoLog = True
38.7151 	EXP 	vid3: movie = 'stims/wedding-41.3a.mp4'
38.7151 	EXP 	vid3: autoLog = True
38.7151 	EXP 	vid4: movie = 'stims/wedding-41.4b.mp4'
38.7151 	EXP 	vid4: autoLog = True
38.7151 	EXP 	vid5: movie = 'stims/wedding-41.5.mp4'
38.7151 	EXP 	vid5: autoLog = True
38.7151 	EXP 	vid1a: autoDraw = False
38.7151 	EXP 	vid1b: autoDraw = False
38.7151 	EXP 	vid2: autoDraw = False
38.7151 	EXP 	vid3: autoDraw = False
38.7151 	EXP 	vid4: autoDraw = False
38.7151 	EXP 	vid5: autoDraw = False
38.7151 	EXP 	vid1a_q: movie = 'stims/wedding-41.1a.mp4'
38.7151 	EXP 	vid1a_q: autoLog = True
38.7151 	EXP 	vid1b_q: movie = 'stims/wedding-41.1b.mp4'
38.7151 	EXP 	vid1b_q: autoLog = True
38.7151 	EXP 	vid2_q: movie = 'stims/wedding-41.2b.mp4'
38.7151 	EXP 	vid2_q: autoLog = True
38.7151 	EXP 	vid3_q: movie = 'stims/wedding-41.3a.mp4'
38.7151 	EXP 	vid3_q: autoLog = True
38.7151 	EXP 	vid4_q: movie = 'stims/wedding-41.4b.mp4'
38.7151 	EXP 	vid4_q: autoLog = True
38.7151 	EXP 	vid5_q: movie = 'stims/wedding-41.5.mp4'
38.7151 	EXP 	vid5_q: autoLog = True
41.5541 	EXP 	window1: recordFrameIntervals = False
42.9849 	DATA 	Keypress: equal
42.9871 	DATA 	Keypress: equal
42.9891 	DATA 	Keypress: equal
43.1983 	EXP 	vid1a_q: movie = 'stims/wedding-41.1a.mp4'
43.1983 	EXP 	vid1b_q: movie = 'stims/wedding-41.1b.mp4'
43.1983 	EXP 	vid2_q: movie = 'stims/wedding-41.2b.mp4'
43.1983 	EXP 	vid3_q: movie = 'stims/wedding-41.3a.mp4'
43.1983 	EXP 	vid4_q: movie = 'stims/wedding-41.4b.mp4'
43.1983 	EXP 	vid5_q: movie = 'stims/wedding-41.5.mp4'
43.2149 	EXP 	vid1a_q: autoDraw = True
43.6501 	DATA 	Keypress: equal
45.1505 	DATA 	Keypress: equal
46.6501 	DATA 	Keypress: equal
48.1502 	DATA 	Keypress: equal
49.6502 	DATA 	Keypress: equal
51.1504 	DATA 	Keypress: equal
52.6500 	DATA 	Keypress: equal
54.1505 	DATA 	Keypress: equal
55.6502 	DATA 	Keypress: equal
57.1501 	DATA 	Keypress: equal
58.6413 	DATA 	Keypress: equal
60.1777 	DATA 	Keypress: equal
61.6501 	DATA 	Keypress: equal
63.1502 	DATA 	Keypress: equal
64.6419 	DATA 	Keypress: equal
66.1500 	DATA 	Keypress: equal
67.6500 	DATA 	Keypress: equal
69.1498 	DATA 	Keypress: equal
70.6500 	DATA 	Keypress: equal
72.1500 	DATA 	Keypress: equal
72.8812 	EXP 	vid1a_q: autoDraw = False
72.8979 	EXP 	vid1b_q: autoDraw = True
73.6501 	DATA 	Keypress: equal
75.1497 	DATA 	Keypress: equal
76.6412 	DATA 	Keypress: equal
78.1411 	DATA 	Keypress: equal
79.6414 	DATA 	Keypress: equal
81.1500 	DATA 	Keypress: equal
81.8645 	EXP 	Set vid1b_q finished
81.8978 	EXP 	vid2_q: autoDraw = True
82.6499 	DATA 	Keypress: equal
84.1410 	DATA 	Keypress: equal
85.6500 	DATA 	Keypress: equal
87.1499 	DATA 	Keypress: equal
88.6498 	DATA 	Keypress: equal
90.1405 	DATA 	Keypress: equal
91.6496 	DATA 	Keypress: equal
93.1494 	DATA 	Keypress: equal
94.6787 	DATA 	Keypress: equal
96.1499 	DATA 	Keypress: equal
97.6493 	DATA 	Keypress: equal
98.1143 	EXP 	Set vid2_q finished
98.8978 	EXP 	l2q: autoDraw = True
99.1495 	DATA 	Keypress: equal
100.6494 	DATA 	Keypress: equal
102.1496 	DATA 	Keypress: equal
102.2491 	DATA 	Keypress: 1
102.8975 	EXP 	l2q: autoDraw = False
102.8975 	EXP 	vid3_q: autoDraw = True
103.6399 	DATA 	Keypress: equal
105.1495 	DATA 	Keypress: equal
106.6401 	DATA 	Keypress: equal
108.1394 	DATA 	Keypress: equal
109.6405 	DATA 	Keypress: equal
111.1413 	DATA 	Keypress: equal
112.6494 	DATA 	Keypress: equal
114.1495 	DATA 	Keypress: equal
115.6493 	DATA 	Keypress: equal
117.1493 	DATA 	Keypress: equal
118.6493 	DATA 	Keypress: equal
120.1494 	DATA 	Keypress: equal
121.6493 	DATA 	Keypress: equal
123.1492 	DATA 	Keypress: equal
124.6493 	DATA 	Keypress: equal
125.8972 	EXP 	vid3_q: autoDraw = False
125.8972 	EXP 	l3q: autoDraw = True
126.1491 	DATA 	Keypress: equal
127.6492 	DATA 	Keypress: equal
128.5992 	DATA 	Keypress: 2
129.1489 	DATA 	Keypress: equal
129.8972 	EXP 	l3q: autoDraw = False
129.8972 	EXP 	vid4_q: autoDraw = True
130.6398 	DATA 	Keypress: equal
132.1405 	DATA 	Keypress: equal
133.6396 	DATA 	Keypress: equal
135.1387 	DATA 	Keypress: equal
136.6408 	DATA 	Keypress: equal
138.1384 	DATA 	Keypress: equal
139.6491 	DATA 	Keypress: equal
141.1491 	DATA 	Keypress: equal
142.6491 	DATA 	Keypress: equal
144.1490 	DATA 	Keypress: equal
145.6494 	DATA 	Keypress: equal
147.1505 	DATA 	Keypress: equal
148.6490 	DATA 	Keypress: equal
150.1488 	DATA 	Keypress: equal
151.6489 	DATA 	Keypress: equal
153.1489 	DATA 	Keypress: equal
153.4135 	EXP 	Set vid4_q finished
153.8970 	EXP 	vid5_q: autoDraw = True
154.6400 	DATA 	Keypress: equal
156.1384 	DATA 	Keypress: equal
157.6408 	DATA 	Keypress: equal
159.1396 	DATA 	Keypress: equal
160.6374 	DATA 	Keypress: equal
162.1405 	DATA 	Keypress: equal
163.6488 	DATA 	Keypress: equal
165.1490 	DATA 	Keypress: equal
166.6488 	DATA 	Keypress: equal
167.0043 	EXP 	window1: recordFrameIntervals = False
167.0134 	EXP 	vid5_q: autoDraw = False
167.0134 	EXP 	vid1a_q: autoDraw = False
167.0134 	EXP 	vid1b_q: autoDraw = False
167.0134 	EXP 	vid2_q: autoDraw = False
167.0134 	EXP 	l2q: autoDraw = False
167.0134 	EXP 	vid3_q: autoDraw = False
167.0134 	EXP 	l3q: autoDraw = False
167.0134 	EXP 	vid4_q: autoDraw = False
167.0134 	EXP 	vid5_q: autoDraw = False
167.2797 	EXP 	window1: recordFrameIntervals = False
168.7906 	DATA 	Keypress: equal
169.0135 	EXP 	eggPainting1: image = 'stimsday1details/painting41.png'
169.0135 	EXP 	eggPainting2: image = 'stimsday1details/newpainting9.png'
169.0135 	EXP 	character1: image = 'stimsday1details/couple41.png'
169.0135 	EXP 	character2: image = 'stimsday1details/newperson21.png'
169.0135 	EXP 	gift1: image = 'stimsday1details/new21.png'
169.0135 	EXP 	gift2: image = 'stimsday1details/gift41.png'
169.0135 	EXP 	themeQ1: image = 'stimsday1details/t41.png'
169.0135 	EXP 	themeQ2: image = 'stimsday1details/ct41.png'
169.0135 	EXP 	nameQ1: image = 'stimsday1details/cn41.png'
169.0135 	EXP 	nameQ2: image = 'stimsday1details/n41.png'
169.0135 	EXP 	nameQ1: autoDraw = True
169.0135 	EXP 	nameQ2: autoDraw = True
169.6488 	DATA 	Keypress: equal
170.9967 	EXP 	nameQ1: autoDraw = False
170.9967 	EXP 	nameQ2: autoDraw = False
170.9967 	EXP 	nameQ1: autoDraw = False
170.9967 	EXP 	nameQ2: autoDraw = False
170.9967 	EXP 	eggPainting1: autoDraw = True
170.9967 	EXP 	eggPainting2: autoDraw = True
171.1485 	DATA 	Keypress: equal
172.6487 	DATA 	Keypress: equal
172.9966 	EXP 	eggPainting1: autoDraw = False
172.9966 	EXP 	eggPainting2: autoDraw = False
172.9966 	EXP 	eggPainting1: autoDraw = False
172.9966 	EXP 	eggPainting2: autoDraw = False
172.9966 	EXP 	character1: autoDraw = True
172.9966 	EXP 	character2: autoDraw = True
174.1484 	DATA 	Keypress: equal
174.9965 	EXP 	character1: autoDraw = False
174.9965 	EXP 	character2: autoDraw = False
174.9965 	EXP 	character1: autoDraw = False
174.9965 	EXP 	character2: autoDraw = False
174.9965 	EXP 	themeQ1: autoDraw = True
174.9965 	EXP 	themeQ2: autoDraw = True
175.6485 	DATA 	Keypress: equal
176.9965 	EXP 	themeQ1: autoDraw = False
176.9965 	EXP 	themeQ2: autoDraw = False
176.9965 	EXP 	themeQ1: autoDraw = False
176.9965 	EXP 	themeQ2: autoDraw = False
176.9965 	EXP 	gift1: autoDraw = True
176.9965 	EXP 	gift2: autoDraw = True
177.1486 	DATA 	Keypress: equal
178.6485 	DATA 	Keypress: equal
178.9965 	EXP 	gift1: autoDraw = False
178.9965 	EXP 	gift2: autoDraw = False
178.9965 	EXP 	gift1: autoDraw = False
178.9965 	EXP 	gift2: autoDraw = False
178.9965 	EXP 	northorsouth1: autoDraw = True
178.9965 	EXP 	northorsouth2: autoDraw = True
180.1485 	DATA 	Keypress: equal
181.1347 	EXP 	New trial (rep=0, index=1): OrderedDict([('condsFile', 'videoBlock_schemaS_pathA_2.csv')])
181.1483 	EXP 	Imported videoBlock_schemaS_pathA_2.csv as conditions, 1 conditions, 17 params
181.1487 	EXP 	Created sequence: random, trialTypes=1, nReps=1, seed=None
181.1494 	EXP 	New trial (rep=0, index=0): OrderedDict([('northOrSouth', 'south.png'), ('stimFile1a', 'stims/wedding-25.1a.mp4'), ('stimFile1b', 'stims/wedding-25.1b.mp4'), ('stimFile2', 'stims/wedding-25.2a.mp4'), ('stimFile3', 'stims/wedding-25.3b.mp4'), ('stimFile4', 'stims/wedding-25.4a.mp4'), ('stimFile5', 'stims/wedding-25.5.mp4'), ('QeggPainting1', 'stimsday1details/egg25.png'), ('Qcharacter1', 'stimsday1details/couple25.png'), ('Qgift1', 'stimsday1details/gift25.png'), ('QeggPainting2', 'stimsday1details/newegg8.png'), ('Qcharacter2', 'stimsday1details/newperson8.png'), ('Qgift2', 'stimsday1details/new8.png'), ('Qname1', 'stimsday1details/cn25.png'), ('Qtheme1', 'stimsday1details/ct25.png'), ('Qname2', 'stimsday1details/n25.png'), ('Qtheme2', 'stimsday1details/t25.png')])
181.1632 	EXP 	northorsouth1: autoDraw = False
181.1632 	EXP 	northorsouth2: autoDraw = False
181.1632 	EXP 	northorsouth1: autoDraw = False
181.1632 	EXP 	northorsouth2: autoDraw = False
181.1632 	EXP 	image_2: autoDraw = True
181.6483 	DATA 	Keypress: equal
183.1486 	DATA 	Keypress: equal
183.1500 	EXP 	Created sequence: random, trialTypes=1, nReps=1, seed=None
183.1502 	EXP 	New trial (rep=0, index=0): None
183.7483 	EXP 	Created vid1a = MovieStim3(__class__=<class 'psychopy.visual.movie3.MovieStim3'>, autoLog=True, color=UNKNOWN, colorSpace=UNKNOWN, depth=-1.0, filename='stims/wedding-25.1a.mp4', flipHoriz=False, flipVert=False, fps=UNKNOWN, interpolate=True, loop=False, name='vid1a', noAudio=False, opacity=1.0, ori=0, pos=array([0., 0.]), size=array([1280.,  720.]), units='pix', vframe_callback=UNKNOWN, volume=UNKNOWN, win=Window(...))
184.0924 	EXP 	Created vid1b = MovieStim3(__class__=<class 'psychopy.visual.movie3.MovieStim3'>, autoLog=True, color=UNKNOWN, colorSpace=UNKNOWN, depth=-2.0, filename='stims/wedding-25.1b.mp4', flipHoriz=False, flipVert=False, fps=UNKNOWN, interpolate=True, loop=False, name='vid1b', noAudio=False, opacity=1.0, ori=0, pos=array([0., 0.]), size=array([1280.,  720.]), units='pix', vframe_callback=UNKNOWN, volume=UNKNOWN, win=Window(...))
184.5820 	EXP 	Created vid2 = MovieStim3(__class__=<class 'psychopy.visual.movie3.MovieStim3'>, autoLog=True, color=UNKNOWN, colorSpace=UNKNOWN, depth=-3.0, filename='stims/wedding-25.2a.mp4', flipHoriz=False, flipVert=False, fps=UNKNOWN, interpolate=True, loop=False, name='vid2', noAudio=False, opacity=1.0, ori=0, pos=array([0., 0.]), size=array([1280.,  720.]), units='pix', vframe_callback=UNKNOWN, volume=UNKNOWN, win=Window(...))
185.1679 	EXP 	Created vid3 = MovieStim3(__class__=<class 'psychopy.visual.movie3.MovieStim3'>, autoLog=True, color=UNKNOWN, colorSpace=UNKNOWN, depth=-4.0, filename='stims/wedding-25.3b.mp4', flipHoriz=False, flipVert=False, fps=UNKNOWN, interpolate=True, loop=False, name='vid3', noAudio=False, opacity=1.0, ori=0, pos=array([0., 0.]), size=array([1280.,  720.]), units='pix', vframe_callback=UNKNOWN, volume=UNKNOWN, win=Window(...))
185.7748 	EXP 	Created vid4 = MovieStim3(__class__=<class 'psychopy.visual.movie3.MovieStim3'>, autoLog=True, color=UNKNOWN, colorSpace=UNKNOWN, depth=-5.0, filename='stims/wedding-25.4a.mp4', flipHoriz=False, flipVert=False, fps=UNKNOWN, interpolate=True, loop=False, name='vid4', noAudio=False, opacity=1.0, ori=0, pos=array([0., 0.]), size=array([1280.,  720.]), units='pix', vframe_callback=UNKNOWN, volume=UNKNOWN, win=Window(...))
186.2017 	EXP 	Created vid5 = MovieStim3(__class__=<class 'psychopy.visual.movie3.MovieStim3'>, autoLog=True, color=UNKNOWN, colorSpace=UNKNOWN, depth=-6.0, filename='stims/wedding-25.5.mp4', flipHoriz=False, flipVert=False, fps=UNKNOWN, interpolate=True, loop=False, name='vid5', noAudio=False, opacity=1.0, ori=0, pos=array([0., 0.]), size=array([1280.,  720.]), units='pix', vframe_callback=UNKNOWN, volume=UNKNOWN, win=Window(...))
186.3230 	EXP 	window1: recordFrameIntervals = False
186.3276 	DATA 	Keypress: equal
186.3304 	DATA 	Keypress: equal
186.3465 	EXP 	image_2: autoDraw = False
186.3465 	EXP 	image_2: autoDraw = False
186.3465 	EXP 	vid1a: movie = 'stims/wedding-25.1a.mp4'
186.3465 	EXP 	vid1a: autoLog = True
186.3465 	EXP 	vid1b: movie = 'stims/wedding-25.1b.mp4'
186.3465 	EXP 	vid1b: autoLog = True
186.3465 	EXP 	vid2: movie = 'stims/wedding-25.2a.mp4'
186.3465 	EXP 	vid2: autoLog = True
186.3465 	EXP 	vid3: movie = 'stims/wedding-25.3b.mp4'
186.3465 	EXP 	vid3: autoLog = True
186.3465 	EXP 	vid4: movie = 'stims/wedding-25.4a.mp4'
186.3465 	EXP 	vid4: autoLog = True
186.3465 	EXP 	vid5: movie = 'stims/wedding-25.5.mp4'
186.3465 	EXP 	vid5: autoLog = True
189.1535 	EXP 	window1: recordFrameIntervals = False
190.6109 	DATA 	Keypress: equal
190.6134 	DATA 	Keypress: equal
190.6354 	DATA 	Keypress: equal
190.8180 	EXP 	vid1a: movie = 'stims/wedding-25.1a.mp4'
190.8180 	EXP 	vid1b: movie = 'stims/wedding-25.1b.mp4'
190.8180 	EXP 	vid2: movie = 'stims/wedding-25.2a.mp4'
190.8180 	EXP 	vid3: movie = 'stims/wedding-25.3b.mp4'
190.8180 	EXP 	vid4: movie = 'stims/wedding-25.4a.mp4'
190.8180 	EXP 	vid5: movie = 'stims/wedding-25.5.mp4'
190.8298 	EXP 	vid1a: autoDraw = True
192.1387 	DATA 	Keypress: equal
193.6399 	DATA 	Keypress: equal
195.1483 	DATA 	Keypress: equal
196.6484 	DATA 	Keypress: equal
198.1485 	DATA 	Keypress: equal
199.6486 	DATA 	Keypress: equal
201.1482 	DATA 	Keypress: equal
202.6485 	DATA 	Keypress: equal
204.1484 	DATA 	Keypress: equal
205.6482 	DATA 	Keypress: equal
207.1480 	DATA 	Keypress: equal
208.6483 	DATA 	Keypress: equal
210.1483 	DATA 	Keypress: equal
211.6378 	DATA 	Keypress: equal
213.1388 	DATA 	Keypress: equal
214.6680 	DATA 	Keypress: equal
216.1397 	DATA 	Keypress: equal
217.6390 	DATA 	Keypress: equal
219.1392 	DATA 	Keypress: equal
220.1627 	EXP 	vid1a: autoDraw = False
220.1796 	EXP 	vid1b: autoDraw = True
220.6479 	DATA 	Keypress: equal
222.1479 	DATA 	Keypress: equal
223.6481 	DATA 	Keypress: equal
225.1482 	DATA 	Keypress: equal
226.6480 	DATA 	Keypress: equal
228.1481 	DATA 	Keypress: equal
228.2460 	EXP 	Set vid1b finished
229.1792 	EXP 	vid2: autoDraw = True
229.6480 	DATA 	Keypress: equal
231.1744 	DATA 	Keypress: equal
232.6480 	DATA 	Keypress: equal
234.1480 	DATA 	Keypress: equal
235.6480 	DATA 	Keypress: equal
237.1480 	DATA 	Keypress: equal
238.6376 	DATA 	Keypress: equal
240.1400 	DATA 	Keypress: equal
241.6392 	DATA 	Keypress: equal
243.1372 	DATA 	Keypress: equal
244.6379 	DATA 	Keypress: equal
245.4624 	EXP 	Set vid2 finished
246.1478 	DATA 	Keypress: equal
246.1791 	EXP 	vid3: autoDraw = True
247.6478 	DATA 	Keypress: equal
249.1475 	DATA 	Keypress: equal
250.6762 	DATA 	Keypress: equal
252.1478 	DATA 	Keypress: equal
253.6476 	DATA 	Keypress: equal
255.1386 	DATA 	Keypress: equal
256.6394 	DATA 	Keypress: equal
258.1384 	DATA 	Keypress: equal
259.6387 	DATA 	Keypress: equal
261.1387 	DATA 	Keypress: equal
262.6393 	DATA 	Keypress: equal
264.1384 	DATA 	Keypress: equal
265.6398 	DATA 	Keypress: equal
267.1384 	DATA 	Keypress: equal
268.6392 	DATA 	Keypress: equal
269.1621 	EXP 	vid3: autoDraw = False
269.1788 	EXP 	vid4: autoDraw = True
270.1476 	DATA 	Keypress: equal
271.6474 	DATA 	Keypress: equal
273.1473 	DATA 	Keypress: equal
274.6474 	DATA 	Keypress: equal
276.1474 	DATA 	Keypress: equal
277.6472 	DATA 	Keypress: equal
279.1372 	DATA 	Keypress: equal
280.6387 	DATA 	Keypress: equal
282.1364 	DATA 	Keypress: equal
283.6381 	DATA 	Keypress: equal
285.1593 	DATA 	Keypress: equal
286.6389 	DATA 	Keypress: equal
288.1386 	DATA 	Keypress: equal
289.6391 	DATA 	Keypress: equal
291.1385 	DATA 	Keypress: equal
292.6387 	DATA 	Keypress: equal
293.1618 	EXP 	vid4: autoDraw = False
293.1785 	EXP 	vid5: autoDraw = True
294.1470 	DATA 	Keypress: equal
295.6473 	DATA 	Keypress: equal
297.1472 	DATA 	Keypress: equal
298.6470 	DATA 	Keypress: equal
300.1470 	DATA 	Keypress: equal
301.6471 	DATA 	Keypress: equal
303.1381 	DATA 	Keypress: equal
304.6378 	DATA 	Keypress: equal
305.2949 	EXP 	Set vid5 finished
305.4123 	EXP 	Created sequence: random, trialTypes=1, nReps=1, seed=None
305.4126 	EXP 	New trial (rep=0, index=0): None
305.9781 	EXP 	Created vid1a_q = MovieStim3(__class__=<class 'psychopy.visual.movie3.MovieStim3'>, autoLog=True, color=UNKNOWN, colorSpace=UNKNOWN, depth=-1.0, filename='stims/wedding-25.1a.mp4', flipHoriz=False, flipVert=False, fps=UNKNOWN, interpolate=True, loop=False, name='vid1a_q', noAudio=False, opacity=1.0, ori=0, pos=array([0., 0.]), size=array([1280.,  720.]), units='pix', vframe_callback=UNKNOWN, volume=UNKNOWN, win=Window(...))
306.3136 	EXP 	Created vid1b_q = MovieStim3(__class__=<class 'psychopy.visual.movie3.MovieStim3'>, autoLog=True, color=UNKNOWN, colorSpace=UNKNOWN, depth=-2.0, filename='stims/wedding-25.1b.mp4', flipHoriz=False, flipVert=False, fps=UNKNOWN, interpolate=True, loop=False, name='vid1b_q', noAudio=False, opacity=1.0, ori=0, pos=array([0., 0.]), size=array([1280.,  720.]), units='pix', vframe_callback=UNKNOWN, volume=UNKNOWN, win=Window(...))
306.7641 	EXP 	Created vid2_q = MovieStim3(__class__=<class 'psychopy.visual.movie3.MovieStim3'>, autoLog=True, color=UNKNOWN, colorSpace=UNKNOWN, depth=-3.0, filename='stims/wedding-25.2a.mp4', flipHoriz=False, flipVert=False, fps=UNKNOWN, interpolate=True, loop=False, name='vid2_q', noAudio=False, opacity=1.0, ori=0, pos=array([0., 0.]), size=array([1280.,  720.]), units='pix', vframe_callback=UNKNOWN, volume=UNKNOWN, win=Window(...))
307.2846 	EXP 	Created vid3_q = MovieStim3(__class__=<class 'psychopy.visual.movie3.MovieStim3'>, autoLog=True, color=UNKNOWN, colorSpace=UNKNOWN, depth=-5.0, filename='stims/wedding-25.3b.mp4', flipHoriz=False, flipVert=False, fps=UNKNOWN, interpolate=True, loop=False, name='vid3_q', noAudio=False, opacity=1.0, ori=0, pos=array([0., 0.]), size=array([1280.,  720.]), units='pix', vframe_callback=UNKNOWN, volume=UNKNOWN, win=Window(...))
307.8260 	EXP 	Created vid4_q = MovieStim3(__class__=<class 'psychopy.visual.movie3.MovieStim3'>, autoLog=True, color=UNKNOWN, colorSpace=UNKNOWN, depth=-7.0, filename='stims/wedding-25.4a.mp4', flipHoriz=False, flipVert=False, fps=UNKNOWN, interpolate=True, loop=False, name='vid4_q', noAudio=False, opacity=1.0, ori=0, pos=array([0., 0.]), size=array([1280.,  720.]), units='pix', vframe_callback=UNKNOWN, volume=UNKNOWN, win=Window(...))
308.2150 	EXP 	Created vid5_q = MovieStim3(__class__=<class 'psychopy.visual.movie3.MovieStim3'>, autoLog=True, color=UNKNOWN, colorSpace=UNKNOWN, depth=-8.0, filename='stims/wedding-25.5.mp4', flipHoriz=False, flipVert=False, fps=UNKNOWN, interpolate=True, loop=False, name='vid5_q', noAudio=False, opacity=1.0, ori=0, pos=array([0., 0.]), size=array([1280.,  720.]), units='pix', vframe_callback=UNKNOWN, volume=UNKNOWN, win=Window(...))
308.4016 	EXP 	window1: recordFrameIntervals = False
308.4047 	DATA 	Keypress: equal
308.4069 	DATA 	Keypress: equal
308.4120 	EXP 	vid1a: autoDraw = False
308.4120 	EXP 	vid1b: autoDraw = False
308.4120 	EXP 	vid2: autoDraw = False
308.4120 	EXP 	vid3: autoDraw = False
308.4120 	EXP 	vid4: autoDraw = False
308.4120 	EXP 	vid5: autoDraw = False
308.4120 	EXP 	vid1a_q: movie = 'stims/wedding-25.1a.mp4'
308.4120 	EXP 	vid1a_q: autoLog = True
308.4120 	EXP 	vid1b_q: movie = 'stims/wedding-25.1b.mp4'
308.4120 	EXP 	vid1b_q: autoLog = True
308.4120 	EXP 	vid2_q: movie = 'stims/wedding-25.2a.mp4'
308.4120 	EXP 	vid2_q: autoLog = True
308.4120 	EXP 	vid3_q: movie = 'stims/wedding-25.3b.mp4'
308.4120 	EXP 	vid3_q: autoLog = True
308.4120 	EXP 	vid4_q: movie = 'stims/wedding-25.4a.mp4'
308.4120 	EXP 	vid4_q: autoLog = True
308.4120 	EXP 	vid5_q: movie = 'stims/wedding-25.5.mp4'
308.4120 	EXP 	vid5_q: autoLog = True
308.4120 	EXP 	vid1a_q: autoDraw = False
308.4120 	EXP 	vid1b_q: autoDraw = False
308.4120 	EXP 	vid2_q: autoDraw = False
308.4120 	EXP 	l2q: autoDraw = False
308.4120 	EXP 	vid3_q: autoDraw = False
308.4120 	EXP 	l3q: autoDraw = False
308.4120 	EXP 	vid4_q: autoDraw = False
308.4120 	EXP 	vid5_q: autoDraw = False
308.6151 	EXP 	window1: recordFrameIntervals = False
310.1884 	DATA 	Keypress: equal
310.4117 	EXP 	eggPainting1: image = 'stimsday1details/egg25.png'
310.4117 	EXP 	eggPainting2: image = 'stimsday1details/newegg8.png'
310.4117 	EXP 	character1: image = 'stimsday1details/couple25.png'
310.4117 	EXP 	character2: image = 'stimsday1details/newperson8.png'
310.4117 	EXP 	gift1: image = 'stimsday1details/gift25.png'
310.4117 	EXP 	gift2: image = 'stimsday1details/new8.png'
310.4117 	EXP 	themeQ1: image = 'stimsday1details/ct25.png'
310.4117 	EXP 	themeQ2: image = 'stimsday1details/t25.png'
310.4117 	EXP 	nameQ1: image = 'stimsday1details/cn25.png'
310.4117 	EXP 	nameQ2: image = 'stimsday1details/n25.png'
310.4117 	EXP 	nameQ1: autoDraw = True
310.4117 	EXP 	nameQ2: autoDraw = True
310.6309 	DATA 	Keypress: equal
311.2308 	DATA 	Keypress: 2
312.1307 	DATA 	Keypress: equal
312.3950 	EXP 	nameQ1: autoDraw = False
312.3950 	EXP 	nameQ2: autoDraw = False
312.3950 	EXP 	nameQ1: autoDraw = False
312.3950 	EXP 	nameQ2: autoDraw = False
312.3950 	EXP 	eggPainting1: autoDraw = True
312.3950 	EXP 	eggPainting2: autoDraw = True
313.2300 	DATA 	Keypress: 1
313.6307 	DATA 	Keypress: equal
314.3948 	EXP 	eggPainting1: autoDraw = False
314.3948 	EXP 	eggPainting2: autoDraw = False
314.3948 	EXP 	eggPainting1: autoDraw = False
314.3948 	EXP 	eggPainting2: autoDraw = False
314.3948 	EXP 	character1: autoDraw = True
314.3948 	EXP 	character2: autoDraw = True
315.1308 	DATA 	Keypress: equal
315.1637 	DATA 	Keypress: 1
316.3948 	EXP 	character1: autoDraw = False
316.3948 	EXP 	character2: autoDraw = False
316.3948 	EXP 	character1: autoDraw = False
316.3948 	EXP 	character2: autoDraw = False
316.3948 	EXP 	themeQ1: autoDraw = True
316.3948 	EXP 	themeQ2: autoDraw = True
316.6311 	DATA 	Keypress: equal
317.3131 	DATA 	Keypress: 2
318.1307 	DATA 	Keypress: equal
318.3948 	EXP 	themeQ1: autoDraw = False
318.3948 	EXP 	themeQ2: autoDraw = False
318.3948 	EXP 	themeQ1: autoDraw = False
318.3948 	EXP 	themeQ2: autoDraw = False
318.3948 	EXP 	gift1: autoDraw = True
318.3948 	EXP 	gift2: autoDraw = True
319.1802 	DATA 	Keypress: 1
319.6306 	DATA 	Keypress: equal
320.3948 	EXP 	gift1: autoDraw = False
320.3948 	EXP 	gift2: autoDraw = False
320.3948 	EXP 	gift1: autoDraw = False
320.3948 	EXP 	gift2: autoDraw = False
320.3948 	EXP 	northorsouth1: autoDraw = True
320.3948 	EXP 	northorsouth2: autoDraw = True
321.1306 	DATA 	Keypress: equal
321.1461 	DATA 	Keypress: 2
322.5858 	EXP 	New trial (rep=0, index=2): OrderedDict([('condsFile', 'videoBlock_schemaS_pathB_1.csv')])
322.5991 	EXP 	Imported videoBlock_schemaS_pathB_1.csv as conditions, 1 conditions, 17 params
322.5996 	EXP 	Created sequence: random, trialTypes=1, nReps=1, seed=None
322.6003 	EXP 	New trial (rep=0, index=0): OrderedDict([('northOrSouth', 'south.png'), ('stimFile1a', 'stims/wedding-39.1a.mp4'), ('stimFile1b', 'stims/wedding-39.1b.mp4'), ('stimFile2', 'stims/wedding-39.2b.mp4'), ('stimFile3', 'stims/wedding-39.3a.mp4'), ('stimFile4', 'stims/wedding-39.4b.mp4'), ('stimFile5', 'stims/wedding-39.5.mp4'), ('QeggPainting1', 'stimsday1details/newpainting7.png'), ('Qcharacter1', 'stimsday1details/newperson19.png'), ('Qgift1', 'stimsday1details/gift39.png'), ('QeggPainting2', 'stimsday1details/painting39.png'), ('Qcharacter2', 'stimsday1details/couple39.png'), ('Qgift2', 'stimsday1details/new19.png'), ('Qname1', 'stimsday1details/n39.png'), ('Qtheme1', 'stimsday1details/t39.png'), ('Qname2', 'stimsday1details/cn39.png'), ('Qtheme2', 'stimsday1details/ct39.png')])
322.6115 	EXP 	northorsouth1: autoDraw = False
322.6115 	EXP 	northorsouth2: autoDraw = False
322.6115 	EXP 	northorsouth1: autoDraw = False
322.6115 	EXP 	northorsouth2: autoDraw = False
322.6115 	EXP 	image_2: autoDraw = True
322.6466 	DATA 	Keypress: equal
324.1467 	DATA 	Keypress: equal
324.5962 	EXP 	Created sequence: random, trialTypes=1, nReps=1, seed=None
324.5965 	EXP 	New trial (rep=0, index=0): None
325.1853 	EXP 	Created vid1a = MovieStim3(__class__=<class 'psychopy.visual.movie3.MovieStim3'>, autoLog=True, color=UNKNOWN, colorSpace=UNKNOWN, depth=-1.0, filename='stims/wedding-39.1a.mp4', flipHoriz=False, flipVert=False, fps=UNKNOWN, interpolate=True, loop=False, name='vid1a', noAudio=False, opacity=1.0, ori=0, pos=array([0., 0.]), size=array([1280.,  720.]), units='pix', vframe_callback=UNKNOWN, volume=UNKNOWN, win=Window(...))
325.5939 	EXP 	Created vid1b = MovieStim3(__class__=<class 'psychopy.visual.movie3.MovieStim3'>, autoLog=True, color=UNKNOWN, colorSpace=UNKNOWN, depth=-2.0, filename='stims/wedding-39.1b.mp4', flipHoriz=False, flipVert=False, fps=UNKNOWN, interpolate=True, loop=False, name='vid1b', noAudio=False, opacity=1.0, ori=0, pos=array([0., 0.]), size=array([1280.,  720.]), units='pix', vframe_callback=UNKNOWN, volume=UNKNOWN, win=Window(...))
326.1156 	EXP 	Created vid2 = MovieStim3(__class__=<class 'psychopy.visual.movie3.MovieStim3'>, autoLog=True, color=UNKNOWN, colorSpace=UNKNOWN, depth=-3.0, filename='stims/wedding-39.2b.mp4', flipHoriz=False, flipVert=False, fps=UNKNOWN, interpolate=True, loop=False, name='vid2', noAudio=False, opacity=1.0, ori=0, pos=array([0., 0.]), size=array([1280.,  720.]), units='pix', vframe_callback=UNKNOWN, volume=UNKNOWN, win=Window(...))
326.6041 	EXP 	Created vid3 = MovieStim3(__class__=<class 'psychopy.visual.movie3.MovieStim3'>, autoLog=True, color=UNKNOWN, colorSpace=UNKNOWN, depth=-4.0, filename='stims/wedding-39.3a.mp4', flipHoriz=False, flipVert=False, fps=UNKNOWN, interpolate=True, loop=False, name='vid3', noAudio=False, opacity=1.0, ori=0, pos=array([0., 0.]), size=array([1280.,  720.]), units='pix', vframe_callback=UNKNOWN, volume=UNKNOWN, win=Window(...))
327.0996 	EXP 	Created vid4 = MovieStim3(__class__=<class 'psychopy.visual.movie3.MovieStim3'>, autoLog=True, color=UNKNOWN, colorSpace=UNKNOWN, depth=-5.0, filename='stims/wedding-39.4b.mp4', flipHoriz=False, flipVert=False, fps=UNKNOWN, interpolate=True, loop=False, name='vid4', noAudio=False, opacity=1.0, ori=0, pos=array([0., 0.]), size=array([1280.,  720.]), units='pix', vframe_callback=UNKNOWN, volume=UNKNOWN, win=Window(...))
327.5353 	EXP 	Created vid5 = MovieStim3(__class__=<class 'psychopy.visual.movie3.MovieStim3'>, autoLog=True, color=UNKNOWN, colorSpace=UNKNOWN, depth=-6.0, filename='stims/wedding-39.5.mp4', flipHoriz=False, flipVert=False, fps=UNKNOWN, interpolate=True, loop=False, name='vid5', noAudio=False, opacity=1.0, ori=0, pos=array([0., 0.]), size=array([1280.,  720.]), units='pix', vframe_callback=UNKNOWN, volume=UNKNOWN, win=Window(...))
327.6243 	EXP 	window1: recordFrameIntervals = False
327.6281 	DATA 	Keypress: equal
327.6304 	DATA 	Keypress: equal
327.6447 	EXP 	image_2: autoDraw = False
327.6447 	EXP 	image_2: autoDraw = False
327.6447 	EXP 	vid1a: movie = 'stims/wedding-39.1a.mp4'
327.6447 	EXP 	vid1a: autoLog = True
327.6447 	EXP 	vid1b: movie = 'stims/wedding-39.1b.mp4'
327.6447 	EXP 	vid1b: autoLog = True
327.6447 	EXP 	vid2: movie = 'stims/wedding-39.2b.mp4'
327.6447 	EXP 	vid2: autoLog = True
327.6447 	EXP 	vid3: movie = 'stims/wedding-39.3a.mp4'
327.6447 	EXP 	vid3: autoLog = True
327.6447 	EXP 	vid4: movie = 'stims/wedding-39.4b.mp4'
327.6447 	EXP 	vid4: autoLog = True
327.6447 	EXP 	vid5: movie = 'stims/wedding-39.5.mp4'
327.6447 	EXP 	vid5: autoLog = True
330.4297 	EXP 	window1: recordFrameIntervals = False
331.9131 	DATA 	Keypress: equal
331.9153 	DATA 	Keypress: equal
331.9173 	DATA 	Keypress: equal
332.1283 	EXP 	vid1a: movie = 'stims/wedding-39.1a.mp4'
332.1283 	EXP 	vid1b: movie = 'stims/wedding-39.1b.mp4'
332.1283 	EXP 	vid2: movie = 'stims/wedding-39.2b.mp4'
332.1283 	EXP 	vid3: movie = 'stims/wedding-39.3a.mp4'
332.1283 	EXP 	vid4: movie = 'stims/wedding-39.4b.mp4'
332.1283 	EXP 	vid5: movie = 'stims/wedding-39.5.mp4'
332.1447 	EXP 	vid1a: autoDraw = True
333.1303 	DATA 	Keypress: equal
334.6300 	DATA 	Keypress: equal
336.1312 	DATA 	Keypress: equal
337.6304 	DATA 	Keypress: equal
339.1299 	DATA 	Keypress: equal
340.6374 	DATA 	Keypress: equal
342.1299 	DATA 	Keypress: equal
343.6373 	DATA 	Keypress: equal
345.1375 	DATA 	Keypress: equal
346.6372 	DATA 	Keypress: equal
348.1301 	DATA 	Keypress: equal
349.6372 	DATA 	Keypress: equal
351.1302 	DATA 	Keypress: equal
352.6374 	DATA 	Keypress: equal
354.1370 	DATA 	Keypress: equal
355.6299 	DATA 	Keypress: equal
357.1295 	DATA 	Keypress: equal
358.6302 	DATA 	Keypress: equal
360.1298 	DATA 	Keypress: equal
361.1443 	EXP 	Set vid1a finished
361.6276 	EXP 	vid1b: autoDraw = True
361.6299 	DATA 	Keypress: equal
363.1294 	DATA 	Keypress: equal
364.6571 	DATA 	Keypress: equal
366.1296 	DATA 	Keypress: equal
367.6296 	DATA 	Keypress: equal
369.1296 	DATA 	Keypress: equal
370.4775 	EXP 	Set vid1b finished
370.6277 	EXP 	vid2: autoDraw = True
370.6297 	DATA 	Keypress: equal
372.1294 	DATA 	Keypress: equal
373.6298 	DATA 	Keypress: equal
375.1294 	DATA 	Keypress: equal
376.6294 	DATA 	Keypress: equal
378.1297 	DATA 	Keypress: equal
379.6294 	DATA 	Keypress: equal
381.1298 	DATA 	Keypress: equal
382.6294 	DATA 	Keypress: equal
384.1295 	DATA 	Keypress: equal
385.6292 	DATA 	Keypress: equal
387.1295 	DATA 	Keypress: equal
387.6107 	EXP 	vid2: autoDraw = False
387.6275 	EXP 	vid3: autoDraw = True
388.6291 	DATA 	Keypress: equal
390.1296 	DATA 	Keypress: equal
391.6292 	DATA 	Keypress: equal
393.1292 	DATA 	Keypress: equal
394.6295 	DATA 	Keypress: equal
396.1294 	DATA 	Keypress: equal
397.6293 	DATA 	Keypress: equal
399.1294 	DATA 	Keypress: equal
400.6294 	DATA 	Keypress: equal
402.1291 	DATA 	Keypress: equal
403.6291 	DATA 	Keypress: equal
405.1290 	DATA 	Keypress: equal
406.6293 	DATA 	Keypress: equal
408.1294 	DATA 	Keypress: equal
409.6291 	DATA 	Keypress: equal
410.6104 	EXP 	vid3: autoDraw = False
410.6270 	EXP 	vid4: autoDraw = True
411.1289 	DATA 	Keypress: equal
412.6290 	DATA 	Keypress: equal
414.1288 	DATA 	Keypress: equal
415.6291 	DATA 	Keypress: equal
417.1290 	DATA 	Keypress: equal
418.6291 	DATA 	Keypress: equal
420.1290 	DATA 	Keypress: equal
421.6288 	DATA 	Keypress: equal
423.1291 	DATA 	Keypress: equal
424.6291 	DATA 	Keypress: equal
426.1287 	DATA 	Keypress: equal
427.6292 	DATA 	Keypress: equal
429.1289 	DATA 	Keypress: equal
430.6291 	DATA 	Keypress: equal
432.1288 	DATA 	Keypress: equal
433.6466 	DATA 	Keypress: equal
434.6102 	EXP 	vid4: autoDraw = False
434.6269 	EXP 	vid5: autoDraw = True
435.1287 	DATA 	Keypress: equal
436.6286 	DATA 	Keypress: equal
438.1290 	DATA 	Keypress: equal
439.6288 	DATA 	Keypress: equal
441.1287 	DATA 	Keypress: equal
442.6285 	DATA 	Keypress: equal
444.1290 	DATA 	Keypress: equal
445.6285 	DATA 	Keypress: equal
446.7768 	EXP 	Set vid5 finished
446.9156 	EXP 	Created sequence: random, trialTypes=1, nReps=1, seed=None
446.9159 	EXP 	New trial (rep=0, index=0): None
447.4762 	EXP 	Created vid1a_q = MovieStim3(__class__=<class 'psychopy.visual.movie3.MovieStim3'>, autoLog=True, color=UNKNOWN, colorSpace=UNKNOWN, depth=-1.0, filename='stims/wedding-39.1a.mp4', flipHoriz=False, flipVert=False, fps=UNKNOWN, interpolate=True, loop=False, name='vid1a_q', noAudio=False, opacity=1.0, ori=0, pos=array([0., 0.]), size=array([1280.,  720.]), units='pix', vframe_callback=UNKNOWN, volume=UNKNOWN, win=Window(...))
447.8596 	EXP 	Created vid1b_q = MovieStim3(__class__=<class 'psychopy.visual.movie3.MovieStim3'>, autoLog=True, color=UNKNOWN, colorSpace=UNKNOWN, depth=-2.0, filename='stims/wedding-39.1b.mp4', flipHoriz=False, flipVert=False, fps=UNKNOWN, interpolate=True, loop=False, name='vid1b_q', noAudio=False, opacity=1.0, ori=0, pos=array([0., 0.]), size=array([1280.,  720.]), units='pix', vframe_callback=UNKNOWN, volume=UNKNOWN, win=Window(...))
448.3351 	EXP 	Created vid2_q = MovieStim3(__class__=<class 'psychopy.visual.movie3.MovieStim3'>, autoLog=True, color=UNKNOWN, colorSpace=UNKNOWN, depth=-3.0, filename='stims/wedding-39.2b.mp4', flipHoriz=False, flipVert=False, fps=UNKNOWN, interpolate=True, loop=False, name='vid2_q', noAudio=False, opacity=1.0, ori=0, pos=array([0., 0.]), size=array([1280.,  720.]), units='pix', vframe_callback=UNKNOWN, volume=UNKNOWN, win=Window(...))
448.8030 	EXP 	Created vid3_q = MovieStim3(__class__=<class 'psychopy.visual.movie3.MovieStim3'>, autoLog=True, color=UNKNOWN, colorSpace=UNKNOWN, depth=-5.0, filename='stims/wedding-39.3a.mp4', flipHoriz=False, flipVert=False, fps=UNKNOWN, interpolate=True, loop=False, name='vid3_q', noAudio=False, opacity=1.0, ori=0, pos=array([0., 0.]), size=array([1280.,  720.]), units='pix', vframe_callback=UNKNOWN, volume=UNKNOWN, win=Window(...))
449.2830 	EXP 	Created vid4_q = MovieStim3(__class__=<class 'psychopy.visual.movie3.MovieStim3'>, autoLog=True, color=UNKNOWN, colorSpace=UNKNOWN, depth=-7.0, filename='stims/wedding-39.4b.mp4', flipHoriz=False, flipVert=False, fps=UNKNOWN, interpolate=True, loop=False, name='vid4_q', noAudio=False, opacity=1.0, ori=0, pos=array([0., 0.]), size=array([1280.,  720.]), units='pix', vframe_callback=UNKNOWN, volume=UNKNOWN, win=Window(...))
449.6773 	EXP 	Created vid5_q = MovieStim3(__class__=<class 'psychopy.visual.movie3.MovieStim3'>, autoLog=True, color=UNKNOWN, colorSpace=UNKNOWN, depth=-8.0, filename='stims/wedding-39.5.mp4', flipHoriz=False, flipVert=False, fps=UNKNOWN, interpolate=True, loop=False, name='vid5_q', noAudio=False, opacity=1.0, ori=0, pos=array([0., 0.]), size=array([1280.,  720.]), units='pix', vframe_callback=UNKNOWN, volume=UNKNOWN, win=Window(...))
449.9254 	EXP 	window1: recordFrameIntervals = False
449.9285 	DATA 	Keypress: equal
449.9307 	DATA 	Keypress: equal
449.9433 	EXP 	vid1a: autoDraw = False
449.9433 	EXP 	vid1b: autoDraw = False
449.9433 	EXP 	vid2: autoDraw = False
449.9433 	EXP 	vid3: autoDraw = False
449.9433 	EXP 	vid4: autoDraw = False
449.9433 	EXP 	vid5: autoDraw = False
449.9433 	EXP 	vid1a_q: movie = 'stims/wedding-39.1a.mp4'
449.9433 	EXP 	vid1a_q: autoLog = True
449.9433 	EXP 	vid1b_q: movie = 'stims/wedding-39.1b.mp4'
449.9433 	EXP 	vid1b_q: autoLog = True
449.9433 	EXP 	vid2_q: movie = 'stims/wedding-39.2b.mp4'
449.9433 	EXP 	vid2_q: autoLog = True
449.9433 	EXP 	vid3_q: movie = 'stims/wedding-39.3a.mp4'
449.9433 	EXP 	vid3_q: autoLog = True
449.9433 	EXP 	vid4_q: movie = 'stims/wedding-39.4b.mp4'
449.9433 	EXP 	vid4_q: autoLog = True
449.9433 	EXP 	vid5_q: movie = 'stims/wedding-39.5.mp4'
449.9433 	EXP 	vid5_q: autoLog = True
449.9433 	EXP 	vid1a_q: autoDraw = False
449.9433 	EXP 	vid1b_q: autoDraw = False
449.9433 	EXP 	vid2_q: autoDraw = False
449.9433 	EXP 	l2q: autoDraw = False
449.9433 	EXP 	vid3_q: autoDraw = False
449.9433 	EXP 	l3q: autoDraw = False
449.9433 	EXP 	vid4_q: autoDraw = False
449.9433 	EXP 	vid5_q: autoDraw = False
450.2187 	EXP 	window1: recordFrameIntervals = False
451.7121 	DATA 	Keypress: equal
451.7142 	DATA 	Keypress: equal
451.9451 	EXP 	eggPainting1: image = 'stimsday1details/newpainting7.png'
451.9451 	EXP 	eggPainting2: image = 'stimsday1details/painting39.png'
451.9451 	EXP 	character1: image = 'stimsday1details/newperson19.png'
451.9451 	EXP 	character2: image = 'stimsday1details/couple39.png'
451.9451 	EXP 	gift1: image = 'stimsday1details/gift39.png'
451.9451 	EXP 	gift2: image = 'stimsday1details/new19.png'
451.9451 	EXP 	themeQ1: image = 'stimsday1details/t39.png'
451.9451 	EXP 	themeQ2: image = 'stimsday1details/ct39.png'
451.9451 	EXP 	nameQ1: image = 'stimsday1details/n39.png'
451.9451 	EXP 	nameQ2: image = 'stimsday1details/cn39.png'
451.9451 	EXP 	nameQ1: autoDraw = True
451.9451 	EXP 	nameQ2: autoDraw = True
453.1287 	DATA 	Keypress: equal
453.1947 	DATA 	Keypress: 1
453.9264 	EXP 	nameQ1: autoDraw = False
453.9264 	EXP 	nameQ2: autoDraw = False
453.9264 	EXP 	nameQ1: autoDraw = False
453.9264 	EXP 	nameQ2: autoDraw = False
453.9264 	EXP 	eggPainting1: autoDraw = True
453.9264 	EXP 	eggPainting2: autoDraw = True
454.6283 	DATA 	Keypress: equal
454.7781 	DATA 	Keypress: 2
455.9265 	EXP 	eggPainting1: autoDraw = False
455.9265 	EXP 	eggPainting2: autoDraw = False
455.9265 	EXP 	eggPainting1: autoDraw = False
455.9265 	EXP 	eggPainting2: autoDraw = False
455.9265 	EXP 	character1: autoDraw = True
455.9265 	EXP 	character2: autoDraw = True
456.1283 	DATA 	Keypress: equal
457.0282 	DATA 	Keypress: 2
457.6283 	DATA 	Keypress: equal
457.9264 	EXP 	character1: autoDraw = False
457.9264 	EXP 	character2: autoDraw = False
457.9264 	EXP 	character1: autoDraw = False
457.9264 	EXP 	character2: autoDraw = False
457.9264 	EXP 	themeQ1: autoDraw = True
457.9264 	EXP 	themeQ2: autoDraw = True
458.8113 	DATA 	Keypress: 1
459.1279 	DATA 	Keypress: equal
459.9263 	EXP 	themeQ1: autoDraw = False
459.9263 	EXP 	themeQ2: autoDraw = False
459.9263 	EXP 	themeQ1: autoDraw = False
459.9263 	EXP 	themeQ2: autoDraw = False
459.9263 	EXP 	gift1: autoDraw = True
459.9263 	EXP 	gift2: autoDraw = True
460.5781 	DATA 	Keypress: 1
460.6282 	DATA 	Keypress: equal
461.9264 	EXP 	gift1: autoDraw = False
461.9264 	EXP 	gift2: autoDraw = False
461.9264 	EXP 	gift1: autoDraw = False
461.9264 	EXP 	gift2: autoDraw = False
461.9264 	EXP 	northorsouth1: autoDraw = True
461.9264 	EXP 	northorsouth2: autoDraw = True
462.1282 	DATA 	Keypress: equal
462.6281 	DATA 	Keypress: 2
463.6282 	DATA 	Keypress: equal
464.1475 	EXP 	New trial (rep=0, index=3): OrderedDict([('condsFile', 'videoBlock_schemaS_pathA_3.csv')])
464.1605 	EXP 	Imported videoBlock_schemaS_pathA_3.csv as conditions, 1 conditions, 17 params
464.1610 	EXP 	Created sequence: random, trialTypes=1, nReps=1, seed=None
464.1617 	EXP 	New trial (rep=0, index=0): OrderedDict([('northOrSouth', 'south.png'), ('stimFile1a', 'stims/wedding-36.1a.mp4'), ('stimFile1b', 'stims/wedding-36.1b.mp4'), ('stimFile2', 'stims/wedding-36.2a.mp4'), ('stimFile3', 'stims/wedding-36.3b.mp4'), ('stimFile4', 'stims/wedding-36.4a.mp4'), ('stimFile5', 'stims/wedding-36.5.mp4'), ('QeggPainting1', 'stimsday1details/egg36.png'), ('Qcharacter1', 'stimsday1details/couple36.png'), ('Qgift1', 'stimsday1details/gift36.png'), ('QeggPainting2', 'stimsday1details/newegg9.png'), ('Qcharacter2', 'stimsday1details/newperson9.png'), ('Qgift2', 'stimsday1details/new9.png'), ('Qname1', 'stimsday1details/n36.png'), ('Qtheme1', 'stimsday1details/t36.png'), ('Qname2', 'stimsday1details/cn36.png'), ('Qtheme2', 'stimsday1details/ct36.png')])
464.1764 	EXP 	northorsouth1: autoDraw = False
464.1764 	EXP 	northorsouth2: autoDraw = False
464.1764 	EXP 	northorsouth1: autoDraw = False
464.1764 	EXP 	northorsouth2: autoDraw = False
464.1764 	EXP 	image_2: autoDraw = True
465.1284 	DATA 	Keypress: equal
466.1611 	EXP 	Created sequence: random, trialTypes=1, nReps=1, seed=None
466.1614 	EXP 	New trial (rep=0, index=0): None
466.7693 	EXP 	Created vid1a = MovieStim3(__class__=<class 'psychopy.visual.movie3.MovieStim3'>, autoLog=True, color=UNKNOWN, colorSpace=UNKNOWN, depth=-1.0, filename='stims/wedding-36.1a.mp4', flipHoriz=False, flipVert=False, fps=UNKNOWN, interpolate=True, loop=False, name='vid1a', noAudio=False, opacity=1.0, ori=0, pos=array([0., 0.]), size=array([1280.,  720.]), units='pix', vframe_callback=UNKNOWN, volume=UNKNOWN, win=Window(...))
467.1761 	EXP 	Created vid1b = MovieStim3(__class__=<class 'psychopy.visual.movie3.MovieStim3'>, autoLog=True, color=UNKNOWN, colorSpace=UNKNOWN, depth=-2.0, filename='stims/wedding-36.1b.mp4', flipHoriz=False, flipVert=False, fps=UNKNOWN, interpolate=True, loop=False, name='vid1b', noAudio=False, opacity=1.0, ori=0, pos=array([0., 0.]), size=array([1280.,  720.]), units='pix', vframe_callback=UNKNOWN, volume=UNKNOWN, win=Window(...))
467.6888 	EXP 	Created vid2 = MovieStim3(__class__=<class 'psychopy.visual.movie3.MovieStim3'>, autoLog=True, color=UNKNOWN, colorSpace=UNKNOWN, depth=-3.0, filename='stims/wedding-36.2a.mp4', flipHoriz=False, flipVert=False, fps=UNKNOWN, interpolate=True, loop=False, name='vid2', noAudio=False, opacity=1.0, ori=0, pos=array([0., 0.]), size=array([1280.,  720.]), units='pix', vframe_callback=UNKNOWN, volume=UNKNOWN, win=Window(...))
468.2797 	EXP 	Created vid3 = MovieStim3(__class__=<class 'psychopy.visual.movie3.MovieStim3'>, autoLog=True, color=UNKNOWN, colorSpace=UNKNOWN, depth=-4.0, filename='stims/wedding-36.3b.mp4', flipHoriz=False, flipVert=False, fps=UNKNOWN, interpolate=True, loop=False, name='vid3', noAudio=False, opacity=1.0, ori=0, pos=array([0., 0.]), size=array([1280.,  720.]), units='pix', vframe_callback=UNKNOWN, volume=UNKNOWN, win=Window(...))
468.8768 	EXP 	Created vid4 = MovieStim3(__class__=<class 'psychopy.visual.movie3.MovieStim3'>, autoLog=True, color=UNKNOWN, colorSpace=UNKNOWN, depth=-5.0, filename='stims/wedding-36.4a.mp4', flipHoriz=False, flipVert=False, fps=UNKNOWN, interpolate=True, loop=False, name='vid4', noAudio=False, opacity=1.0, ori=0, pos=array([0., 0.]), size=array([1280.,  720.]), units='pix', vframe_callback=UNKNOWN, volume=UNKNOWN, win=Window(...))
469.3111 	EXP 	Created vid5 = MovieStim3(__class__=<class 'psychopy.visual.movie3.MovieStim3'>, autoLog=True, color=UNKNOWN, colorSpace=UNKNOWN, depth=-6.0, filename='stims/wedding-36.5.mp4', flipHoriz=False, flipVert=False, fps=UNKNOWN, interpolate=True, loop=False, name='vid5', noAudio=False, opacity=1.0, ori=0, pos=array([0., 0.]), size=array([1280.,  720.]), units='pix', vframe_callback=UNKNOWN, volume=UNKNOWN, win=Window(...))
469.3854 	EXP 	window1: recordFrameIntervals = False
469.3888 	DATA 	Keypress: equal
469.3911 	DATA 	Keypress: equal
469.4096 	EXP 	image_2: autoDraw = False
469.4096 	EXP 	image_2: autoDraw = False
469.4096 	EXP 	vid1a: movie = 'stims/wedding-36.1a.mp4'
469.4096 	EXP 	vid1a: autoLog = True
469.4096 	EXP 	vid1b: movie = 'stims/wedding-36.1b.mp4'
469.4096 	EXP 	vid1b: autoLog = True
469.4096 	EXP 	vid2: movie = 'stims/wedding-36.2a.mp4'
469.4096 	EXP 	vid2: autoLog = True
469.4096 	EXP 	vid3: movie = 'stims/wedding-36.3b.mp4'
469.4096 	EXP 	vid3: autoLog = True
469.4096 	EXP 	vid4: movie = 'stims/wedding-36.4a.mp4'
469.4096 	EXP 	vid4: autoLog = True
469.4096 	EXP 	vid5: movie = 'stims/wedding-36.5.mp4'
469.4096 	EXP 	vid5: autoLog = True
472.2886 	EXP 	window1: recordFrameIntervals = False
473.6747 	DATA 	Keypress: equal
473.6771 	DATA 	Keypress: equal
473.6792 	DATA 	Keypress: equal
473.8812 	EXP 	vid1a: movie = 'stims/wedding-36.1a.mp4'
473.8812 	EXP 	vid1b: movie = 'stims/wedding-36.1b.mp4'
473.8812 	EXP 	vid2: movie = 'stims/wedding-36.2a.mp4'
473.8812 	EXP 	vid3: movie = 'stims/wedding-36.3b.mp4'
473.8812 	EXP 	vid4: movie = 'stims/wedding-36.4a.mp4'
473.8812 	EXP 	vid5: movie = 'stims/wedding-36.5.mp4'
473.8929 	EXP 	vid1a: autoDraw = True
474.1283 	DATA 	Keypress: equal
475.6283 	DATA 	Keypress: equal
477.1284 	DATA 	Keypress: equal
478.6283 	DATA 	Keypress: equal
480.1285 	DATA 	Keypress: equal
481.6287 	DATA 	Keypress: equal
483.1280 	DATA 	Keypress: equal
484.6285 	DATA 	Keypress: equal
486.1280 	DATA 	Keypress: equal
487.6282 	DATA 	Keypress: equal
489.1284 	DATA 	Keypress: equal
490.6279 	DATA 	Keypress: equal
492.1283 	DATA 	Keypress: equal
493.6397 	DATA 	Keypress: equal
495.1279 	DATA 	Keypress: equal
496.6278 	DATA 	Keypress: equal
498.1279 	DATA 	Keypress: equal
499.6279 	DATA 	Keypress: equal
501.1278 	DATA 	Keypress: equal
502.6280 	DATA 	Keypress: equal
503.0259 	EXP 	Set vid1a finished
503.1925 	EXP 	vid1b: autoDraw = True
504.1281 	DATA 	Keypress: equal
505.6279 	DATA 	Keypress: equal
507.1281 	DATA 	Keypress: equal
508.6280 	DATA 	Keypress: equal
510.1278 	DATA 	Keypress: equal
511.6278 	DATA 	Keypress: equal
512.1759 	EXP 	vid1b: autoDraw = False
512.1927 	EXP 	vid2: autoDraw = True
513.1278 	DATA 	Keypress: equal
514.6277 	DATA 	Keypress: equal
516.1281 	DATA 	Keypress: equal
517.6278 	DATA 	Keypress: equal
519.1277 	DATA 	Keypress: equal
520.6275 	DATA 	Keypress: equal
522.1278 	DATA 	Keypress: equal
523.6276 	DATA 	Keypress: equal
525.1463 	DATA 	Keypress: equal
526.6278 	DATA 	Keypress: equal
528.1276 	DATA 	Keypress: equal
529.1755 	EXP 	vid2: autoDraw = False
529.1922 	EXP 	vid3: autoDraw = True
529.6274 	DATA 	Keypress: equal
531.1276 	DATA 	Keypress: equal
532.6277 	DATA 	Keypress: equal
534.1273 	DATA 	Keypress: equal
535.6274 	DATA 	Keypress: equal
537.1276 	DATA 	Keypress: equal
538.6275 	DATA 	Keypress: equal
540.1276 	DATA 	Keypress: equal
541.6275 	DATA 	Keypress: equal
543.1276 	DATA 	Keypress: equal
544.6278 	DATA 	Keypress: equal
546.1271 	DATA 	Keypress: equal
547.6273 	DATA 	Keypress: equal
549.1273 	DATA 	Keypress: equal
550.6275 	DATA 	Keypress: equal
552.1273 	DATA 	Keypress: equal
552.1753 	EXP 	vid3: autoDraw = False
552.1921 	EXP 	vid4: autoDraw = True
553.6272 	DATA 	Keypress: equal
555.1274 	DATA 	Keypress: equal
556.6277 	DATA 	Keypress: equal
558.1271 	DATA 	Keypress: equal
559.6271 	DATA 	Keypress: equal
561.1274 	DATA 	Keypress: equal
562.6274 	DATA 	Keypress: equal
564.1274 	DATA 	Keypress: equal
565.6269 	DATA 	Keypress: equal
567.1275 	DATA 	Keypress: equal
568.6272 	DATA 	Keypress: equal
570.1272 	DATA 	Keypress: equal
571.6272 	DATA 	Keypress: equal
573.1274 	DATA 	Keypress: equal
574.6272 	DATA 	Keypress: equal
575.8416 	EXP 	Set vid4 finished
576.1271 	DATA 	Keypress: equal
576.1916 	EXP 	vid5: autoDraw = True
577.6269 	DATA 	Keypress: equal
579.1272 	DATA 	Keypress: equal
580.6271 	DATA 	Keypress: equal
582.1272 	DATA 	Keypress: equal
583.6270 	DATA 	Keypress: equal
585.1270 	DATA 	Keypress: equal
586.6270 	DATA 	Keypress: equal
588.1269 	DATA 	Keypress: equal
588.9415 	EXP 	Set vid5 finished
589.1146 	EXP 	Created sequence: random, trialTypes=1, nReps=1, seed=None
589.1149 	EXP 	New trial (rep=0, index=0): None
589.6809 	EXP 	Created vid1a_q = MovieStim3(__class__=<class 'psychopy.visual.movie3.MovieStim3'>, autoLog=True, color=UNKNOWN, colorSpace=UNKNOWN, depth=-1.0, filename='stims/wedding-36.1a.mp4', flipHoriz=False, flipVert=False, fps=UNKNOWN, interpolate=True, loop=False, name='vid1a_q', noAudio=False, opacity=1.0, ori=0, pos=array([0., 0.]), size=array([1280.,  720.]), units='pix', vframe_callback=UNKNOWN, volume=UNKNOWN, win=Window(...))
590.0597 	EXP 	Created vid1b_q = MovieStim3(__class__=<class 'psychopy.visual.movie3.MovieStim3'>, autoLog=True, color=UNKNOWN, colorSpace=UNKNOWN, depth=-2.0, filename='stims/wedding-36.1b.mp4', flipHoriz=False, flipVert=False, fps=UNKNOWN, interpolate=True, loop=False, name='vid1b_q', noAudio=False, opacity=1.0, ori=0, pos=array([0., 0.]), size=array([1280.,  720.]), units='pix', vframe_callback=UNKNOWN, volume=UNKNOWN, win=Window(...))
590.5270 	EXP 	Created vid2_q = MovieStim3(__class__=<class 'psychopy.visual.movie3.MovieStim3'>, autoLog=True, color=UNKNOWN, colorSpace=UNKNOWN, depth=-3.0, filename='stims/wedding-36.2a.mp4', flipHoriz=False, flipVert=False, fps=UNKNOWN, interpolate=True, loop=False, name='vid2_q', noAudio=False, opacity=1.0, ori=0, pos=array([0., 0.]), size=array([1280.,  720.]), units='pix', vframe_callback=UNKNOWN, volume=UNKNOWN, win=Window(...))
591.0497 	EXP 	Created vid3_q = MovieStim3(__class__=<class 'psychopy.visual.movie3.MovieStim3'>, autoLog=True, color=UNKNOWN, colorSpace=UNKNOWN, depth=-5.0, filename='stims/wedding-36.3b.mp4', flipHoriz=False, flipVert=False, fps=UNKNOWN, interpolate=True, loop=False, name='vid3_q', noAudio=False, opacity=1.0, ori=0, pos=array([0., 0.]), size=array([1280.,  720.]), units='pix', vframe_callback=UNKNOWN, volume=UNKNOWN, win=Window(...))
591.5851 	EXP 	Created vid4_q = MovieStim3(__class__=<class 'psychopy.visual.movie3.MovieStim3'>, autoLog=True, color=UNKNOWN, colorSpace=UNKNOWN, depth=-7.0, filename='stims/wedding-36.4a.mp4', flipHoriz=False, flipVert=False, fps=UNKNOWN, interpolate=True, loop=False, name='vid4_q', noAudio=False, opacity=1.0, ori=0, pos=array([0., 0.]), size=array([1280.,  720.]), units='pix', vframe_callback=UNKNOWN, volume=UNKNOWN, win=Window(...))
591.9843 	EXP 	Created vid5_q = MovieStim3(__class__=<class 'psychopy.visual.movie3.MovieStim3'>, autoLog=True, color=UNKNOWN, colorSpace=UNKNOWN, depth=-8.0, filename='stims/wedding-36.5.mp4', flipHoriz=False, flipVert=False, fps=UNKNOWN, interpolate=True, loop=False, name='vid5_q', noAudio=False, opacity=1.0, ori=0, pos=array([0., 0.]), size=array([1280.,  720.]), units='pix', vframe_callback=UNKNOWN, volume=UNKNOWN, win=Window(...))
592.2632 	EXP 	window1: recordFrameIntervals = False
592.2669 	DATA 	Keypress: equal
592.2693 	DATA 	Keypress: equal
592.2751 	EXP 	vid1a: autoDraw = False
592.2751 	EXP 	vid1b: autoDraw = False
592.2751 	EXP 	vid2: autoDraw = False
592.2751 	EXP 	vid3: autoDraw = False
592.2751 	EXP 	vid4: autoDraw = False
592.2751 	EXP 	vid5: autoDraw = False
592.2751 	EXP 	vid1a_q: movie = 'stims/wedding-36.1a.mp4'
592.2751 	EXP 	vid1a_q: autoLog = True
592.2751 	EXP 	vid1b_q: movie = 'stims/wedding-36.1b.mp4'
592.2751 	EXP 	vid1b_q: autoLog = True
592.2751 	EXP 	vid2_q: movie = 'stims/wedding-36.2a.mp4'
592.2751 	EXP 	vid2_q: autoLog = True
592.2751 	EXP 	vid3_q: movie = 'stims/wedding-36.3b.mp4'
592.2751 	EXP 	vid3_q: autoLog = True
592.2751 	EXP 	vid4_q: movie = 'stims/wedding-36.4a.mp4'
592.2751 	EXP 	vid4_q: autoLog = True
592.2751 	EXP 	vid5_q: movie = 'stims/wedding-36.5.mp4'
592.2751 	EXP 	vid5_q: autoLog = True
592.2751 	EXP 	vid1a_q: autoDraw = False
592.2751 	EXP 	vid1b_q: autoDraw = False
592.2751 	EXP 	vid2_q: autoDraw = False
592.2751 	EXP 	l2q: autoDraw = False
592.2751 	EXP 	vid3_q: autoDraw = False
592.2751 	EXP 	l3q: autoDraw = False
592.2751 	EXP 	vid4_q: autoDraw = False
592.2751 	EXP 	vid5_q: autoDraw = False
592.5009 	EXP 	window1: recordFrameIntervals = False
594.0494 	DATA 	Keypress: equal
594.1195 	DATA 	Keypress: equal
594.2748 	EXP 	eggPainting1: image = 'stimsday1details/egg36.png'
594.2748 	EXP 	eggPainting2: image = 'stimsday1details/newegg9.png'
594.2748 	EXP 	character1: image = 'stimsday1details/couple36.png'
594.2748 	EXP 	character2: image = 'stimsday1details/newperson9.png'
594.2748 	EXP 	gift1: image = 'stimsday1details/gift36.png'
594.2748 	EXP 	gift2: image = 'stimsday1details/new9.png'
594.2748 	EXP 	themeQ1: image = 'stimsday1details/t36.png'
594.2748 	EXP 	themeQ2: image = 'stimsday1details/ct36.png'
594.2748 	EXP 	nameQ1: image = 'stimsday1details/n36.png'
594.2748 	EXP 	nameQ2: image = 'stimsday1details/cn36.png'
594.2748 	EXP 	nameQ1: autoDraw = True
594.2748 	EXP 	nameQ2: autoDraw = True
595.0433 	DATA 	Keypress: 1
595.6264 	DATA 	Keypress: equal
596.2582 	EXP 	nameQ1: autoDraw = False
596.2582 	EXP 	nameQ2: autoDraw = False
596.2582 	EXP 	nameQ1: autoDraw = False
596.2582 	EXP 	nameQ2: autoDraw = False
596.2582 	EXP 	eggPainting1: autoDraw = True
596.2582 	EXP 	eggPainting2: autoDraw = True
596.9431 	DATA 	Keypress: 1
597.1266 	DATA 	Keypress: equal
598.2580 	EXP 	eggPainting1: autoDraw = False
598.2580 	EXP 	eggPainting2: autoDraw = False
598.2580 	EXP 	eggPainting1: autoDraw = False
598.2580 	EXP 	eggPainting2: autoDraw = False
598.2580 	EXP 	character1: autoDraw = True
598.2580 	EXP 	character2: autoDraw = True
598.6265 	DATA 	Keypress: equal
599.0096 	DATA 	Keypress: 1
600.1265 	DATA 	Keypress: equal
600.2580 	EXP 	character1: autoDraw = False
600.2580 	EXP 	character2: autoDraw = False
600.2580 	EXP 	character1: autoDraw = False
600.2580 	EXP 	character2: autoDraw = False
600.2580 	EXP 	themeQ1: autoDraw = True
600.2580 	EXP 	themeQ2: autoDraw = True
601.1932 	DATA 	Keypress: 1
601.6263 	DATA 	Keypress: equal
602.2580 	EXP 	themeQ1: autoDraw = False
602.2580 	EXP 	themeQ2: autoDraw = False
602.2580 	EXP 	themeQ1: autoDraw = False
602.2580 	EXP 	themeQ2: autoDraw = False
602.2580 	EXP 	gift1: autoDraw = True
602.2580 	EXP 	gift2: autoDraw = True
602.9765 	DATA 	Keypress: 1
603.1263 	DATA 	Keypress: equal
604.2579 	EXP 	gift1: autoDraw = False
604.2579 	EXP 	gift2: autoDraw = False
604.2579 	EXP 	gift1: autoDraw = False
604.2579 	EXP 	gift2: autoDraw = False
604.2579 	EXP 	northorsouth1: autoDraw = True
604.2579 	EXP 	northorsouth2: autoDraw = True
604.6266 	DATA 	Keypress: equal
604.8927 	DATA 	Keypress: 2
606.1266 	DATA 	Keypress: equal
606.5063 	EXP 	New trial (rep=0, index=4): OrderedDict([('condsFile', 'videoBlock_schemaS_pathA_1.csv')])
606.5192 	EXP 	Imported videoBlock_schemaS_pathA_1.csv as conditions, 1 conditions, 17 params
606.5197 	EXP 	Created sequence: random, trialTypes=1, nReps=1, seed=None
606.5204 	EXP 	New trial (rep=0, index=0): OrderedDict([('northOrSouth', 'south.png'), ('stimFile1a', 'stims/wedding-14.1a.mp4'), ('stimFile1b', 'stims/wedding-14.1b.mp4'), ('stimFile2', 'stims/wedding-14.2a.mp4'), ('stimFile3', 'stims/wedding-14.3b.mp4'), ('stimFile4', 'stims/wedding-14.4a.mp4'), ('stimFile5', 'stims/wedding-14.5.mp4'), ('QeggPainting1', 'stimsday1details/newegg7.png'), ('Qcharacter1', 'stimsday1details/newperson7.png'), ('Qgift1', 'stimsday1details/gift14.png'), ('QeggPainting2', 'stimsday1details/egg14.png'), ('Qcharacter2', 'stimsday1details/couple14.png'), ('Qgift2', 'stimsday1details/new7.png'), ('Qname1', 'stimsday1details/n14.png'), ('Qtheme1', 'stimsday1details/t14.png'), ('Qname2', 'stimsday1details/cn14.png'), ('Qtheme2', 'stimsday1details/ct14.png')])
606.5246 	EXP 	northorsouth1: autoDraw = False
606.5246 	EXP 	northorsouth2: autoDraw = False
606.5246 	EXP 	northorsouth1: autoDraw = False
606.5246 	EXP 	northorsouth2: autoDraw = False
606.5246 	EXP 	image_2: autoDraw = True
607.6267 	DATA 	Keypress: equal
608.5258 	EXP 	Created sequence: random, trialTypes=1, nReps=1, seed=None
608.5260 	EXP 	New trial (rep=0, index=0): None
609.1348 	EXP 	Created vid1a = MovieStim3(__class__=<class 'psychopy.visual.movie3.MovieStim3'>, autoLog=True, color=UNKNOWN, colorSpace=UNKNOWN, depth=-1.0, filename='stims/wedding-14.1a.mp4', flipHoriz=False, flipVert=False, fps=UNKNOWN, interpolate=True, loop=False, name='vid1a', noAudio=False, opacity=1.0, ori=0, pos=array([0., 0.]), size=array([1280.,  720.]), units='pix', vframe_callback=UNKNOWN, volume=UNKNOWN, win=Window(...))
609.4963 	EXP 	Created vid1b = MovieStim3(__class__=<class 'psychopy.visual.movie3.MovieStim3'>, autoLog=True, color=UNKNOWN, colorSpace=UNKNOWN, depth=-2.0, filename='stims/wedding-14.1b.mp4', flipHoriz=False, flipVert=False, fps=UNKNOWN, interpolate=True, loop=False, name='vid1b', noAudio=False, opacity=1.0, ori=0, pos=array([0., 0.]), size=array([1280.,  720.]), units='pix', vframe_callback=UNKNOWN, volume=UNKNOWN, win=Window(...))
609.9245 	EXP 	Created vid2 = MovieStim3(__class__=<class 'psychopy.visual.movie3.MovieStim3'>, autoLog=True, color=UNKNOWN, colorSpace=UNKNOWN, depth=-3.0, filename='stims/wedding-14.2a.mp4', flipHoriz=False, flipVert=False, fps=UNKNOWN, interpolate=True, loop=False, name='vid2', noAudio=False, opacity=1.0, ori=0, pos=array([0., 0.]), size=array([1280.,  720.]), units='pix', vframe_callback=UNKNOWN, volume=UNKNOWN, win=Window(...))
610.5335 	EXP 	Created vid3 = MovieStim3(__class__=<class 'psychopy.visual.movie3.MovieStim3'>, autoLog=True, color=UNKNOWN, colorSpace=UNKNOWN, depth=-4.0, filename='stims/wedding-14.3b.mp4', flipHoriz=False, flipVert=False, fps=UNKNOWN, interpolate=True, loop=False, name='vid3', noAudio=False, opacity=1.0, ori=0, pos=array([0., 0.]), size=array([1280.,  720.]), units='pix', vframe_callback=UNKNOWN, volume=UNKNOWN, win=Window(...))
611.1367 	EXP 	Created vid4 = MovieStim3(__class__=<class 'psychopy.visual.movie3.MovieStim3'>, autoLog=True, color=UNKNOWN, colorSpace=UNKNOWN, depth=-5.0, filename='stims/wedding-14.4a.mp4', flipHoriz=False, flipVert=False, fps=UNKNOWN, interpolate=True, loop=False, name='vid4', noAudio=False, opacity=1.0, ori=0, pos=array([0., 0.]), size=array([1280.,  720.]), units='pix', vframe_callback=UNKNOWN, volume=UNKNOWN, win=Window(...))
611.5718 	EXP 	Created vid5 = MovieStim3(__class__=<class 'psychopy.visual.movie3.MovieStim3'>, autoLog=True, color=UNKNOWN, colorSpace=UNKNOWN, depth=-6.0, filename='stims/wedding-14.5.mp4', flipHoriz=False, flipVert=False, fps=UNKNOWN, interpolate=True, loop=False, name='vid5', noAudio=False, opacity=1.0, ori=0, pos=array([0., 0.]), size=array([1280.,  720.]), units='pix', vframe_callback=UNKNOWN, volume=UNKNOWN, win=Window(...))
611.6623 	EXP 	window1: recordFrameIntervals = False
611.6657 	DATA 	Keypress: equal
611.6680 	DATA 	Keypress: equal
611.6794 	EXP 	image_2: autoDraw = False
611.6794 	EXP 	image_2: autoDraw = False
611.6794 	EXP 	vid1a: movie = 'stims/wedding-14.1a.mp4'
611.6794 	EXP 	vid1a: autoLog = True
611.6794 	EXP 	vid1b: movie = 'stims/wedding-14.1b.mp4'
611.6794 	EXP 	vid1b: autoLog = True
611.6794 	EXP 	vid2: movie = 'stims/wedding-14.2a.mp4'
611.6794 	EXP 	vid2: autoLog = True
611.6794 	EXP 	vid3: movie = 'stims/wedding-14.3b.mp4'
611.6794 	EXP 	vid3: autoLog = True
611.6794 	EXP 	vid4: movie = 'stims/wedding-14.4a.mp4'
611.6794 	EXP 	vid4: autoLog = True
611.6794 	EXP 	vid5: movie = 'stims/wedding-14.5.mp4'
611.6794 	EXP 	vid5: autoLog = True
614.5237 	EXP 	window1: recordFrameIntervals = False
615.9502 	DATA 	Keypress: equal
615.9573 	DATA 	Keypress: equal
615.9595 	DATA 	Keypress: equal
616.1579 	EXP 	vid1a: movie = 'stims/wedding-14.1a.mp4'
616.1579 	EXP 	vid1b: movie = 'stims/wedding-14.1b.mp4'
616.1579 	EXP 	vid2: movie = 'stims/wedding-14.2a.mp4'
616.1579 	EXP 	vid3: movie = 'stims/wedding-14.3b.mp4'
616.1579 	EXP 	vid4: movie = 'stims/wedding-14.4a.mp4'
616.1579 	EXP 	vid5: movie = 'stims/wedding-14.5.mp4'
616.1784 	EXP 	vid1a: autoDraw = True
616.6267 	DATA 	Keypress: equal
618.1267 	DATA 	Keypress: equal
619.6268 	DATA 	Keypress: equal
621.1264 	DATA 	Keypress: equal
622.6266 	DATA 	Keypress: equal
624.1266 	DATA 	Keypress: equal
625.6263 	DATA 	Keypress: equal
627.1263 	DATA 	Keypress: equal
628.6267 	DATA 	Keypress: equal
630.1263 	DATA 	Keypress: equal
631.6285 	DATA 	Keypress: equal
633.1263 	DATA 	Keypress: equal
634.6261 	DATA 	Keypress: equal
636.1262 	DATA 	Keypress: equal
637.6261 	DATA 	Keypress: equal
639.1266 	DATA 	Keypress: equal
640.6262 	DATA 	Keypress: equal
642.1262 	DATA 	Keypress: equal
643.6266 	DATA 	Keypress: equal
645.1268 	DATA 	Keypress: equal
645.5408 	EXP 	vid1a: autoDraw = False
645.5574 	EXP 	vid1b: autoDraw = True
646.6258 	DATA 	Keypress: equal
648.1262 	DATA 	Keypress: equal
649.6260 	DATA 	Keypress: equal
651.1261 	DATA 	Keypress: equal
652.6260 	DATA 	Keypress: equal
653.6573 	EXP 	Set vid1b finished
654.1261 	DATA 	Keypress: equal
654.5573 	EXP 	vid2: autoDraw = True
655.6261 	DATA 	Keypress: equal
657.1260 	DATA 	Keypress: equal
658.6262 	DATA 	Keypress: equal
660.1259 	DATA 	Keypress: equal
661.6261 	DATA 	Keypress: equal
663.1258 	DATA 	Keypress: equal
664.6173 	DATA 	Keypress: equal
666.1172 	DATA 	Keypress: equal
667.6259 	DATA 	Keypress: equal
669.1174 	DATA 	Keypress: equal
670.6261 	DATA 	Keypress: equal
671.3073 	EXP 	Set vid2 finished
671.5570 	EXP 	vid3: autoDraw = True
672.1256 	DATA 	Keypress: equal
673.6262 	DATA 	Keypress: equal
675.1258 	DATA 	Keypress: equal
676.6272 	DATA 	Keypress: equal
678.1256 	DATA 	Keypress: equal
679.6259 	DATA 	Keypress: equal
681.1171 	DATA 	Keypress: equal
682.6173 	DATA 	Keypress: equal
684.1168 	DATA 	Keypress: equal
685.6176 	DATA 	Keypress: equal
687.1170 	DATA 	Keypress: equal
688.6172 	DATA 	Keypress: equal
690.1257 	DATA 	Keypress: equal
691.6166 	DATA 	Keypress: equal
693.1170 	DATA 	Keypress: equal
694.5403 	EXP 	vid3: autoDraw = False
694.5570 	EXP 	vid4: autoDraw = True
694.6255 	DATA 	Keypress: equal
696.1254 	DATA 	Keypress: equal
697.6256 	DATA 	Keypress: equal
699.1256 	DATA 	Keypress: equal
700.6252 	DATA 	Keypress: equal
702.1257 	DATA 	Keypress: equal
703.6255 	DATA 	Keypress: equal
705.1256 	DATA 	Keypress: equal
706.6254 	DATA 	Keypress: equal
708.1253 	DATA 	Keypress: equal
709.6173 	DATA 	Keypress: equal
711.1150 	DATA 	Keypress: equal
712.6169 	DATA 	Keypress: equal
714.1158 	DATA 	Keypress: equal
715.6157 	DATA 	Keypress: equal
717.1169 	DATA 	Keypress: equal
718.5398 	EXP 	vid4: autoDraw = False
718.5567 	EXP 	vid5: autoDraw = True
718.6251 	DATA 	Keypress: equal
720.1249 	DATA 	Keypress: equal
721.6253 	DATA 	Keypress: equal
723.1250 	DATA 	Keypress: equal
724.6254 	DATA 	Keypress: equal
726.1249 	DATA 	Keypress: equal
727.6168 	DATA 	Keypress: equal
729.1164 	DATA 	Keypress: equal
730.6153 	DATA 	Keypress: equal
731.0065 	EXP 	Set vid5 finished
731.2158 	EXP 	Created sequence: random, trialTypes=1, nReps=1, seed=None
731.2161 	EXP 	New trial (rep=0, index=0): None
731.7885 	EXP 	Created vid1a_q = MovieStim3(__class__=<class 'psychopy.visual.movie3.MovieStim3'>, autoLog=True, color=UNKNOWN, colorSpace=UNKNOWN, depth=-1.0, filename='stims/wedding-14.1a.mp4', flipHoriz=False, flipVert=False, fps=UNKNOWN, interpolate=True, loop=False, name='vid1a_q', noAudio=False, opacity=1.0, ori=0, pos=array([0., 0.]), size=array([1280.,  720.]), units='pix', vframe_callback=UNKNOWN, volume=UNKNOWN, win=Window(...))
732.1308 	EXP 	Created vid1b_q = MovieStim3(__class__=<class 'psychopy.visual.movie3.MovieStim3'>, autoLog=True, color=UNKNOWN, colorSpace=UNKNOWN, depth=-2.0, filename='stims/wedding-14.1b.mp4', flipHoriz=False, flipVert=False, fps=UNKNOWN, interpolate=True, loop=False, name='vid1b_q', noAudio=False, opacity=1.0, ori=0, pos=array([0., 0.]), size=array([1280.,  720.]), units='pix', vframe_callback=UNKNOWN, volume=UNKNOWN, win=Window(...))
732.5550 	EXP 	Created vid2_q = MovieStim3(__class__=<class 'psychopy.visual.movie3.MovieStim3'>, autoLog=True, color=UNKNOWN, colorSpace=UNKNOWN, depth=-3.0, filename='stims/wedding-14.2a.mp4', flipHoriz=False, flipVert=False, fps=UNKNOWN, interpolate=True, loop=False, name='vid2_q', noAudio=False, opacity=1.0, ori=0, pos=array([0., 0.]), size=array([1280.,  720.]), units='pix', vframe_callback=UNKNOWN, volume=UNKNOWN, win=Window(...))
733.1005 	EXP 	Created vid3_q = MovieStim3(__class__=<class 'psychopy.visual.movie3.MovieStim3'>, autoLog=True, color=UNKNOWN, colorSpace=UNKNOWN, depth=-5.0, filename='stims/wedding-14.3b.mp4', flipHoriz=False, flipVert=False, fps=UNKNOWN, interpolate=True, loop=False, name='vid3_q', noAudio=False, opacity=1.0, ori=0, pos=array([0., 0.]), size=array([1280.,  720.]), units='pix', vframe_callback=UNKNOWN, volume=UNKNOWN, win=Window(...))
733.6454 	EXP 	Created vid4_q = MovieStim3(__class__=<class 'psychopy.visual.movie3.MovieStim3'>, autoLog=True, color=UNKNOWN, colorSpace=UNKNOWN, depth=-7.0, filename='stims/wedding-14.4a.mp4', flipHoriz=False, flipVert=False, fps=UNKNOWN, interpolate=True, loop=False, name='vid4_q', noAudio=False, opacity=1.0, ori=0, pos=array([0., 0.]), size=array([1280.,  720.]), units='pix', vframe_callback=UNKNOWN, volume=UNKNOWN, win=Window(...))
734.0418 	EXP 	Created vid5_q = MovieStim3(__class__=<class 'psychopy.visual.movie3.MovieStim3'>, autoLog=True, color=UNKNOWN, colorSpace=UNKNOWN, depth=-8.0, filename='stims/wedding-14.5.mp4', flipHoriz=False, flipVert=False, fps=UNKNOWN, interpolate=True, loop=False, name='vid5_q', noAudio=False, opacity=1.0, ori=0, pos=array([0., 0.]), size=array([1280.,  720.]), units='pix', vframe_callback=UNKNOWN, volume=UNKNOWN, win=Window(...))
734.3508 	EXP 	window1: recordFrameIntervals = False
734.3542 	DATA 	Keypress: equal
734.3565 	DATA 	Keypress: equal
734.3730 	EXP 	vid1a: autoDraw = False
734.3730 	EXP 	vid1b: autoDraw = False
734.3730 	EXP 	vid2: autoDraw = False
734.3730 	EXP 	vid3: autoDraw = False
734.3730 	EXP 	vid4: autoDraw = False
734.3730 	EXP 	vid5: autoDraw = False
734.3730 	EXP 	vid1a_q: movie = 'stims/wedding-14.1a.mp4'
734.3730 	EXP 	vid1a_q: autoLog = True
734.3730 	EXP 	vid1b_q: movie = 'stims/wedding-14.1b.mp4'
734.3730 	EXP 	vid1b_q: autoLog = True
734.3730 	EXP 	vid2_q: movie = 'stims/wedding-14.2a.mp4'
734.3730 	EXP 	vid2_q: autoLog = True
734.3730 	EXP 	vid3_q: movie = 'stims/wedding-14.3b.mp4'
734.3730 	EXP 	vid3_q: autoLog = True
734.3730 	EXP 	vid4_q: movie = 'stims/wedding-14.4a.mp4'
734.3730 	EXP 	vid4_q: autoLog = True
734.3730 	EXP 	vid5_q: movie = 'stims/wedding-14.5.mp4'
734.3730 	EXP 	vid5_q: autoLog = True
734.3730 	EXP 	vid1a_q: autoDraw = False
734.3730 	EXP 	vid1b_q: autoDraw = False
734.3730 	EXP 	vid2_q: autoDraw = False
734.3730 	EXP 	l2q: autoDraw = False
734.3730 	EXP 	vid3_q: autoDraw = False
734.3730 	EXP 	l3q: autoDraw = False
734.3730 	EXP 	vid4_q: autoDraw = False
734.3730 	EXP 	vid5_q: autoDraw = False
734.5843 	EXP 	window1: recordFrameIntervals = False
736.1374 	DATA 	Keypress: equal
736.3563 	EXP 	eggPainting1: image = 'stimsday1details/newegg7.png'
736.3563 	EXP 	eggPainting2: image = 'stimsday1details/egg14.png'
736.3563 	EXP 	character1: image = 'stimsday1details/newperson7.png'
736.3563 	EXP 	character2: image = 'stimsday1details/couple14.png'
736.3563 	EXP 	gift1: image = 'stimsday1details/gift14.png'
736.3563 	EXP 	gift2: image = 'stimsday1details/new7.png'
736.3563 	EXP 	themeQ1: image = 'stimsday1details/t14.png'
736.3563 	EXP 	themeQ2: image = 'stimsday1details/ct14.png'
736.3563 	EXP 	nameQ1: image = 'stimsday1details/n14.png'
736.3563 	EXP 	nameQ2: image = 'stimsday1details/cn14.png'
736.3563 	EXP 	nameQ1: autoDraw = True
736.3563 	EXP 	nameQ2: autoDraw = True
736.6248 	DATA 	Keypress: equal
737.1078 	DATA 	Keypress: 1
738.1251 	DATA 	Keypress: equal
738.3563 	EXP 	nameQ1: autoDraw = False
738.3563 	EXP 	nameQ2: autoDraw = False
738.3563 	EXP 	nameQ1: autoDraw = False
738.3563 	EXP 	nameQ2: autoDraw = False
738.3563 	EXP 	eggPainting1: autoDraw = True
738.3563 	EXP 	eggPainting2: autoDraw = True
739.1749 	DATA 	Keypress: 2
739.6246 	DATA 	Keypress: equal
740.3564 	EXP 	eggPainting1: autoDraw = False
740.3564 	EXP 	eggPainting2: autoDraw = False
740.3564 	EXP 	eggPainting1: autoDraw = False
740.3564 	EXP 	eggPainting2: autoDraw = False
740.3564 	EXP 	character1: autoDraw = True
740.3564 	EXP 	character2: autoDraw = True
741.1250 	DATA 	Keypress: equal
741.2912 	DATA 	Keypress: 2
742.3562 	EXP 	character1: autoDraw = False
742.3562 	EXP 	character2: autoDraw = False
742.3562 	EXP 	character1: autoDraw = False
742.3562 	EXP 	character2: autoDraw = False
742.3562 	EXP 	themeQ1: autoDraw = True
742.3562 	EXP 	themeQ2: autoDraw = True
742.6252 	DATA 	Keypress: equal
743.2589 	DATA 	Keypress: 1
744.1248 	DATA 	Keypress: equal
744.3562 	EXP 	themeQ1: autoDraw = False
744.3562 	EXP 	themeQ2: autoDraw = False
744.3562 	EXP 	themeQ1: autoDraw = False
744.3562 	EXP 	themeQ2: autoDraw = False
744.3562 	EXP 	gift1: autoDraw = True
744.3562 	EXP 	gift2: autoDraw = True
745.2082 	DATA 	Keypress: 1
745.6244 	DATA 	Keypress: equal
746.3562 	EXP 	gift1: autoDraw = False
746.3562 	EXP 	gift2: autoDraw = False
746.3562 	EXP 	gift1: autoDraw = False
746.3562 	EXP 	gift2: autoDraw = False
746.3562 	EXP 	northorsouth1: autoDraw = True
746.3562 	EXP 	northorsouth2: autoDraw = True
747.0246 	DATA 	Keypress: 2
747.1249 	DATA 	Keypress: equal
748.6371 	EXP 	New trial (rep=0, index=5): OrderedDict([('condsFile', 'videoBlock_schemaS_pathB_2.csv')])
748.6505 	EXP 	Imported videoBlock_schemaS_pathB_2.csv as conditions, 1 conditions, 17 params
748.6510 	EXP 	Created sequence: random, trialTypes=1, nReps=1, seed=None
748.6517 	EXP 	New trial (rep=0, index=0): OrderedDict([('northOrSouth', 'south.png'), ('stimFile1a', 'stims/wedding-32.1a.mp4'), ('stimFile1b', 'stims/wedding-32.1b.mp4'), ('stimFile2', 'stims/wedding-32.2b.mp4'), ('stimFile3', 'stims/wedding-32.3a.mp4'), ('stimFile4', 'stims/wedding-32.4b.mp4'), ('stimFile5', 'stims/wedding-32.5.mp4'), ('QeggPainting1', 'stimsday1details/newpainting8.png'), ('Qcharacter1', 'stimsday1details/newperson20.png'), ('Qgift1', 'stimsday1details/new20.png'), ('QeggPainting2', 'stimsday1details/painting32.png'), ('Qcharacter2', 'stimsday1details/couple32.png'), ('Qgift2', 'stimsday1details/gift32.png'), ('Qname1', 'stimsday1details/n32.png'), ('Qtheme1', 'stimsday1details/t32.png'), ('Qname2', 'stimsday1details/cn32.png'), ('Qtheme2', 'stimsday1details/ct32.png')])
748.6544 	DATA 	Keypress: equal
748.6728 	EXP 	northorsouth1: autoDraw = False
748.6728 	EXP 	northorsouth2: autoDraw = False
748.6728 	EXP 	northorsouth1: autoDraw = False
748.6728 	EXP 	northorsouth2: autoDraw = False
748.6728 	EXP 	image_2: autoDraw = True
750.1249 	DATA 	Keypress: equal
750.6574 	EXP 	Created sequence: random, trialTypes=1, nReps=1, seed=None
750.6577 	EXP 	New trial (rep=0, index=0): None
751.2883 	EXP 	Created vid1a = MovieStim3(__class__=<class 'psychopy.visual.movie3.MovieStim3'>, autoLog=True, color=UNKNOWN, colorSpace=UNKNOWN, depth=-1.0, filename='stims/wedding-32.1a.mp4', flipHoriz=False, flipVert=False, fps=UNKNOWN, interpolate=True, loop=False, name='vid1a', noAudio=False, opacity=1.0, ori=0, pos=array([0., 0.]), size=array([1280.,  720.]), units='pix', vframe_callback=UNKNOWN, volume=UNKNOWN, win=Window(...))
751.6978 	EXP 	Created vid1b = MovieStim3(__class__=<class 'psychopy.visual.movie3.MovieStim3'>, autoLog=True, color=UNKNOWN, colorSpace=UNKNOWN, depth=-2.0, filename='stims/wedding-32.1b.mp4', flipHoriz=False, flipVert=False, fps=UNKNOWN, interpolate=True, loop=False, name='vid1b', noAudio=False, opacity=1.0, ori=0, pos=array([0., 0.]), size=array([1280.,  720.]), units='pix', vframe_callback=UNKNOWN, volume=UNKNOWN, win=Window(...))
752.1260 	EXP 	Created vid2 = MovieStim3(__class__=<class 'psychopy.visual.movie3.MovieStim3'>, autoLog=True, color=UNKNOWN, colorSpace=UNKNOWN, depth=-3.0, filename='stims/wedding-32.2b.mp4', flipHoriz=False, flipVert=False, fps=UNKNOWN, interpolate=True, loop=False, name='vid2', noAudio=False, opacity=1.0, ori=0, pos=array([0., 0.]), size=array([1280.,  720.]), units='pix', vframe_callback=UNKNOWN, volume=UNKNOWN, win=Window(...))
752.6131 	EXP 	Created vid3 = MovieStim3(__class__=<class 'psychopy.visual.movie3.MovieStim3'>, autoLog=True, color=UNKNOWN, colorSpace=UNKNOWN, depth=-4.0, filename='stims/wedding-32.3a.mp4', flipHoriz=False, flipVert=False, fps=UNKNOWN, interpolate=True, loop=False, name='vid3', noAudio=False, opacity=1.0, ori=0, pos=array([0., 0.]), size=array([1280.,  720.]), units='pix', vframe_callback=UNKNOWN, volume=UNKNOWN, win=Window(...))
753.2100 	EXP 	Created vid4 = MovieStim3(__class__=<class 'psychopy.visual.movie3.MovieStim3'>, autoLog=True, color=UNKNOWN, colorSpace=UNKNOWN, depth=-5.0, filename='stims/wedding-32.4b.mp4', flipHoriz=False, flipVert=False, fps=UNKNOWN, interpolate=True, loop=False, name='vid4', noAudio=False, opacity=1.0, ori=0, pos=array([0., 0.]), size=array([1280.,  720.]), units='pix', vframe_callback=UNKNOWN, volume=UNKNOWN, win=Window(...))
753.5718 	EXP 	Created vid5 = MovieStim3(__class__=<class 'psychopy.visual.movie3.MovieStim3'>, autoLog=True, color=UNKNOWN, colorSpace=UNKNOWN, depth=-6.0, filename='stims/wedding-32.5.mp4', flipHoriz=False, flipVert=False, fps=UNKNOWN, interpolate=True, loop=False, name='vid5', noAudio=False, opacity=1.0, ori=0, pos=array([0., 0.]), size=array([1280.,  720.]), units='pix', vframe_callback=UNKNOWN, volume=UNKNOWN, win=Window(...))
753.8643 	EXP 	Created sequence: random, trialTypes=1, nReps=1, seed=None
753.8647 	EXP 	New trial (rep=0, index=0): None
754.4364 	EXP 	Created vid1a_q = MovieStim3(__class__=<class 'psychopy.visual.movie3.MovieStim3'>, autoLog=True, color=UNKNOWN, colorSpace=UNKNOWN, depth=-1.0, filename='stims/wedding-32.1a.mp4', flipHoriz=False, flipVert=False, fps=UNKNOWN, interpolate=True, loop=False, name='vid1a_q', noAudio=False, opacity=1.0, ori=0, pos=array([0., 0.]), size=array([1280.,  720.]), units='pix', vframe_callback=UNKNOWN, volume=UNKNOWN, win=Window(...))
754.8193 	EXP 	Created vid1b_q = MovieStim3(__class__=<class 'psychopy.visual.movie3.MovieStim3'>, autoLog=True, color=UNKNOWN, colorSpace=UNKNOWN, depth=-2.0, filename='stims/wedding-32.1b.mp4', flipHoriz=False, flipVert=False, fps=UNKNOWN, interpolate=True, loop=False, name='vid1b_q', noAudio=False, opacity=1.0, ori=0, pos=array([0., 0.]), size=array([1280.,  720.]), units='pix', vframe_callback=UNKNOWN, volume=UNKNOWN, win=Window(...))
755.2456 	EXP 	Created vid2_q = MovieStim3(__class__=<class 'psychopy.visual.movie3.MovieStim3'>, autoLog=True, color=UNKNOWN, colorSpace=UNKNOWN, depth=-3.0, filename='stims/wedding-32.2b.mp4', flipHoriz=False, flipVert=False, fps=UNKNOWN, interpolate=True, loop=False, name='vid2_q', noAudio=False, opacity=1.0, ori=0, pos=array([0., 0.]), size=array([1280.,  720.]), units='pix', vframe_callback=UNKNOWN, volume=UNKNOWN, win=Window(...))
755.7229 	EXP 	Created vid3_q = MovieStim3(__class__=<class 'psychopy.visual.movie3.MovieStim3'>, autoLog=True, color=UNKNOWN, colorSpace=UNKNOWN, depth=-5.0, filename='stims/wedding-32.3a.mp4', flipHoriz=False, flipVert=False, fps=UNKNOWN, interpolate=True, loop=False, name='vid3_q', noAudio=False, opacity=1.0, ori=0, pos=array([0., 0.]), size=array([1280.,  720.]), units='pix', vframe_callback=UNKNOWN, volume=UNKNOWN, win=Window(...))
756.2547 	EXP 	Created vid4_q = MovieStim3(__class__=<class 'psychopy.visual.movie3.MovieStim3'>, autoLog=True, color=UNKNOWN, colorSpace=UNKNOWN, depth=-7.0, filename='stims/wedding-32.4b.mp4', flipHoriz=False, flipVert=False, fps=UNKNOWN, interpolate=True, loop=False, name='vid4_q', noAudio=False, opacity=1.0, ori=0, pos=array([0., 0.]), size=array([1280.,  720.]), units='pix', vframe_callback=UNKNOWN, volume=UNKNOWN, win=Window(...))
756.6080 	EXP 	Created vid5_q = MovieStim3(__class__=<class 'psychopy.visual.movie3.MovieStim3'>, autoLog=True, color=UNKNOWN, colorSpace=UNKNOWN, depth=-8.0, filename='stims/wedding-32.5.mp4', flipHoriz=False, flipVert=False, fps=UNKNOWN, interpolate=True, loop=False, name='vid5_q', noAudio=False, opacity=1.0, ori=0, pos=array([0., 0.]), size=array([1280.,  720.]), units='pix', vframe_callback=UNKNOWN, volume=UNKNOWN, win=Window(...))
756.7310 	EXP 	window1: recordFrameIntervals = False
756.7345 	DATA 	Keypress: equal
756.7369 	DATA 	Keypress: equal
756.7391 	DATA 	Keypress: equal
756.7419 	DATA 	Keypress: equal
756.7561 	EXP 	image_2: autoDraw = False
756.7561 	EXP 	image_2: autoDraw = False
756.7561 	EXP 	vid1a: movie = 'stims/wedding-32.1a.mp4'
756.7561 	EXP 	vid1a: autoLog = True
756.7561 	EXP 	vid1b: movie = 'stims/wedding-32.1b.mp4'
756.7561 	EXP 	vid1b: autoLog = True
756.7561 	EXP 	vid2: movie = 'stims/wedding-32.2b.mp4'
756.7561 	EXP 	vid2: autoLog = True
756.7561 	EXP 	vid3: movie = 'stims/wedding-32.3a.mp4'
756.7561 	EXP 	vid3: autoLog = True
756.7561 	EXP 	vid4: movie = 'stims/wedding-32.4b.mp4'
756.7561 	EXP 	vid4: autoLog = True
756.7561 	EXP 	vid5: movie = 'stims/wedding-32.5.mp4'
756.7561 	EXP 	vid5: autoLog = True
756.7561 	EXP 	vid1a: autoDraw = False
756.7561 	EXP 	vid1b: autoDraw = False
756.7561 	EXP 	vid2: autoDraw = False
756.7561 	EXP 	vid3: autoDraw = False
756.7561 	EXP 	vid4: autoDraw = False
756.7561 	EXP 	vid5: autoDraw = False
756.7561 	EXP 	vid1a_q: movie = 'stims/wedding-32.1a.mp4'
756.7561 	EXP 	vid1a_q: autoLog = True
756.7561 	EXP 	vid1b_q: movie = 'stims/wedding-32.1b.mp4'
756.7561 	EXP 	vid1b_q: autoLog = True
756.7561 	EXP 	vid2_q: movie = 'stims/wedding-32.2b.mp4'
756.7561 	EXP 	vid2_q: autoLog = True
756.7561 	EXP 	vid3_q: movie = 'stims/wedding-32.3a.mp4'
756.7561 	EXP 	vid3_q: autoLog = True
756.7561 	EXP 	vid4_q: movie = 'stims/wedding-32.4b.mp4'
756.7561 	EXP 	vid4_q: autoLog = True
756.7561 	EXP 	vid5_q: movie = 'stims/wedding-32.5.mp4'
756.7561 	EXP 	vid5_q: autoLog = True
759.5066 	EXP 	window1: recordFrameIntervals = False
761.0184 	DATA 	Keypress: equal
761.0258 	DATA 	Keypress: equal
761.0280 	DATA 	Keypress: equal
761.2261 	EXP 	vid1a_q: movie = 'stims/wedding-32.1a.mp4'
761.2261 	EXP 	vid1b_q: movie = 'stims/wedding-32.1b.mp4'
761.2261 	EXP 	vid2_q: movie = 'stims/wedding-32.2b.mp4'
761.2261 	EXP 	vid3_q: movie = 'stims/wedding-32.3a.mp4'
761.2261 	EXP 	vid4_q: movie = 'stims/wedding-32.4b.mp4'
761.2261 	EXP 	vid5_q: movie = 'stims/wedding-32.5.mp4'
761.2393 	EXP 	vid1a_q: autoDraw = True
762.1154 	DATA 	Keypress: equal
763.6148 	DATA 	Keypress: equal
765.1160 	DATA 	Keypress: equal
766.6163 	DATA 	Keypress: equal
768.1249 	DATA 	Keypress: equal
769.6244 	DATA 	Keypress: equal
771.1247 	DATA 	Keypress: equal
772.6243 	DATA 	Keypress: equal
774.1244 	DATA 	Keypress: equal
775.6246 	DATA 	Keypress: equal
777.1248 	DATA 	Keypress: equal
778.6244 	DATA 	Keypress: equal
780.1247 	DATA 	Keypress: equal
781.6246 	DATA 	Keypress: equal
783.1130 	DATA 	Keypress: equal
784.6164 	DATA 	Keypress: equal
786.1442 	DATA 	Keypress: equal
787.6148 	DATA 	Keypress: equal
789.1153 	DATA 	Keypress: equal
790.6152 	DATA 	Keypress: equal
790.8725 	EXP 	vid1a_q: autoDraw = False
790.8893 	EXP 	vid1b_q: autoDraw = True
792.1241 	DATA 	Keypress: equal
793.6244 	DATA 	Keypress: equal
795.1242 	DATA 	Keypress: equal
796.6243 	DATA 	Keypress: equal
798.1243 	DATA 	Keypress: equal
799.6148 	DATA 	Keypress: equal
799.8388 	EXP 	Set vid1b_q finished
799.8890 	EXP 	vid2_q: autoDraw = True
801.1242 	DATA 	Keypress: equal
802.6240 	DATA 	Keypress: equal
804.1240 	DATA 	Keypress: equal
805.6240 	DATA 	Keypress: equal
807.1239 	DATA 	Keypress: equal
808.6140 	DATA 	Keypress: equal
810.1148 	DATA 	Keypress: equal
811.6132 	DATA 	Keypress: equal
813.1140 	DATA 	Keypress: equal
814.6131 	DATA 	Keypress: equal
816.1148 	DATA 	Keypress: equal
816.6054 	EXP 	Set vid2_q finished
816.8886 	EXP 	l2q: autoDraw = True
817.6239 	DATA 	Keypress: equal
818.9238 	DATA 	Keypress: 1
819.1239 	DATA 	Keypress: equal
820.6239 	DATA 	Keypress: equal
820.8719 	EXP 	l2q: autoDraw = False
820.8888 	EXP 	vid3_q: autoDraw = True
822.1243 	DATA 	Keypress: equal
823.6237 	DATA 	Keypress: equal
825.1239 	DATA 	Keypress: equal
826.6242 	DATA 	Keypress: equal
828.1238 	DATA 	Keypress: equal
829.6239 	DATA 	Keypress: equal
831.1431 	DATA 	Keypress: equal
832.6154 	DATA 	Keypress: equal
834.1150 	DATA 	Keypress: equal
835.6156 	DATA 	Keypress: equal
837.1135 	DATA 	Keypress: equal
838.6147 	DATA 	Keypress: equal
840.1153 	DATA 	Keypress: equal
841.6160 	DATA 	Keypress: equal
843.1160 	DATA 	Keypress: equal
843.8716 	EXP 	vid3_q: autoDraw = False
843.8883 	EXP 	l3q: autoDraw = True
844.6240 	DATA 	Keypress: equal
845.4568 	DATA 	Keypress: 2
846.1235 	DATA 	Keypress: equal
847.6235 	DATA 	Keypress: equal
847.8716 	EXP 	l3q: autoDraw = False
847.8882 	EXP 	vid4_q: autoDraw = True
849.1236 	DATA 	Keypress: equal
850.6236 	DATA 	Keypress: equal
852.1240 	DATA 	Keypress: equal
853.6235 	DATA 	Keypress: equal
855.1234 	DATA 	Keypress: equal
856.6149 	DATA 	Keypress: equal
858.1147 	DATA 	Keypress: equal
859.6142 	DATA 	Keypress: equal
861.1147 	DATA 	Keypress: equal
862.6153 	DATA 	Keypress: equal
864.1145 	DATA 	Keypress: equal
865.6151 	DATA 	Keypress: equal
867.1130 	DATA 	Keypress: equal
868.6142 	DATA 	Keypress: equal
870.1146 	DATA 	Keypress: equal
871.6151 	DATA 	Keypress: equal
871.8713 	EXP 	vid4_q: autoDraw = False
871.8879 	EXP 	vid5_q: autoDraw = True
873.1233 	DATA 	Keypress: equal
874.6231 	DATA 	Keypress: equal
876.1233 	DATA 	Keypress: equal
877.6231 	DATA 	Keypress: equal
879.1233 	DATA 	Keypress: equal
880.6233 	DATA 	Keypress: equal
882.1129 	DATA 	Keypress: equal
882.5378 	EXP 	Set vid5_q finished
882.8131 	EXP 	window1: recordFrameIntervals = False
882.8213 	EXP 	vid1a_q: autoDraw = False
882.8213 	EXP 	vid1b_q: autoDraw = False
882.8213 	EXP 	vid2_q: autoDraw = False
882.8213 	EXP 	l2q: autoDraw = False
882.8213 	EXP 	vid3_q: autoDraw = False
882.8213 	EXP 	l3q: autoDraw = False
882.8213 	EXP 	vid4_q: autoDraw = False
882.8213 	EXP 	vid5_q: autoDraw = False
883.0147 	EXP 	window1: recordFrameIntervals = False
884.5987 	DATA 	Keypress: equal
884.8211 	EXP 	eggPainting1: image = 'stimsday1details/newpainting8.png'
884.8211 	EXP 	eggPainting2: image = 'stimsday1details/painting32.png'
884.8211 	EXP 	character1: image = 'stimsday1details/newperson20.png'
884.8211 	EXP 	character2: image = 'stimsday1details/couple32.png'
884.8211 	EXP 	gift1: image = 'stimsday1details/new20.png'
884.8211 	EXP 	gift2: image = 'stimsday1details/gift32.png'
884.8211 	EXP 	themeQ1: image = 'stimsday1details/t32.png'
884.8211 	EXP 	themeQ2: image = 'stimsday1details/ct32.png'
884.8211 	EXP 	nameQ1: image = 'stimsday1details/n32.png'
884.8211 	EXP 	nameQ2: image = 'stimsday1details/cn32.png'
884.8211 	EXP 	nameQ1: autoDraw = True
884.8211 	EXP 	nameQ2: autoDraw = True
885.1232 	DATA 	Keypress: equal
885.7062 	DATA 	Keypress: 1
886.6233 	DATA 	Keypress: equal
886.8044 	EXP 	nameQ1: autoDraw = False
886.8044 	EXP 	nameQ2: autoDraw = False
886.8044 	EXP 	nameQ1: autoDraw = False
886.8044 	EXP 	nameQ2: autoDraw = False
886.8044 	EXP 	eggPainting1: autoDraw = True
886.8044 	EXP 	eggPainting2: autoDraw = True
887.8230 	DATA 	Keypress: 2
888.1228 	DATA 	Keypress: equal
888.8044 	EXP 	eggPainting1: autoDraw = False
888.8044 	EXP 	eggPainting2: autoDraw = False
888.8044 	EXP 	eggPainting1: autoDraw = False
888.8044 	EXP 	eggPainting2: autoDraw = False
888.8044 	EXP 	character1: autoDraw = True
888.8044 	EXP 	character2: autoDraw = True
889.6229 	DATA 	Keypress: equal
889.9394 	DATA 	Keypress: 2
890.8045 	EXP 	character1: autoDraw = False
890.8045 	EXP 	character2: autoDraw = False
890.8045 	EXP 	character1: autoDraw = False
890.8045 	EXP 	character2: autoDraw = False
890.8045 	EXP 	themeQ1: autoDraw = True
890.8045 	EXP 	themeQ2: autoDraw = True
891.1229 	DATA 	Keypress: equal
892.0731 	DATA 	Keypress: 1
892.6226 	DATA 	Keypress: equal
892.8044 	EXP 	themeQ1: autoDraw = False
892.8044 	EXP 	themeQ2: autoDraw = False
892.8044 	EXP 	themeQ1: autoDraw = False
892.8044 	EXP 	themeQ2: autoDraw = False
892.8044 	EXP 	gift1: autoDraw = True
892.8044 	EXP 	gift2: autoDraw = True
893.6893 	DATA 	Keypress: 2
894.1225 	DATA 	Keypress: equal
894.8043 	EXP 	gift1: autoDraw = False
894.8043 	EXP 	gift2: autoDraw = False
894.8043 	EXP 	gift1: autoDraw = False
894.8043 	EXP 	gift2: autoDraw = False
894.8043 	EXP 	northorsouth1: autoDraw = True
894.8043 	EXP 	northorsouth2: autoDraw = True
895.4564 	DATA 	Keypress: 2
895.6074 	DATA 	Keypress: equal
897.2815 	DATA 	Keypress: equal
897.2876 	EXP 	northorsouth1: autoDraw = False
897.2876 	EXP 	northorsouth2: autoDraw = False
897.2876 	EXP 	northorsouth1: autoDraw = False
897.2876 	EXP 	northorsouth2: autoDraw = False
897.5957 	EXP 	window1: mouseVisible = True
