1.8323 	WARNING 	Import Error: No module named 'psychtoolbox'. Using event module for keyboard component.
6.3454 	WARNING 	User requested fullscreen with size [2560 1440], but screen is actually [1920, 1080]. Using actual size
7.0149 	EXP 	Created window1 = Window(allowGUI=False, allowStencil=False, args=UNKNOWN, autoLog=True, bitsMode=UNKNOWN, blendMode='avg', color=array([0., 0., 0.]), colorSpace='rgb', fullscr=<method-wrapper '__getattribute__' of attributeSetter object at 0x1323f617f0>, gamma=None, kwargs=UNKNOWN, lms=UNKNOWN, monitor=<psychopy.monitors.calibTools.Monitor object at 0x1321f1c390>, multiSample=False, name='window1', numSamples=2, pos=[0.0, 0.0], screen=0, size=array([1920, 1080]), stereo=False, units='norm', useFBO=True, useRetina=False, viewOri=0.0, viewPos=None, viewScale=None, waitBlanking=True, winType='pyglet')
7.0149 	EXP 	window1: recordFrameIntervals = False
7.1810 	EXP 	window1: recordFrameIntervals = True
7.3646 	EXP 	window1: recordFrameIntervals = False
7.4874 	EXP 	Created text_2 = TextStim(__class__=<class 'psychopy.visual.text.TextStim'>, alignHoriz='center', alignVert='center', antialias=True, autoLog=True, bold=False, color='white', colorSpace='named', contrast=1.0, depth=-1.0, flipHoriz=False, flipVert=False, font='Arial', fontFiles=[], height=0.1, italic=False, languageStyle='LTR', name='text_2', opacity=1.0, ori=0, pos=array([0., 0.]), rgb=array([255., 255., 255.]), text='Waiting for experimenter...', units='norm', win=Window(...), wrapWidth=1)
7.4962 	EXP 	Created waiting = TextStim(__class__=<class 'psychopy.visual.text.TextStim'>, alignHoriz='center', alignVert='center', antialias=True, autoLog=True, bold=False, color='white', colorSpace='named', contrast=1.0, depth=0.0, flipHoriz=False, flipVert=False, font='Arial', fontFiles=[], height=0.1, italic=False, languageStyle='LTR', name='waiting', opacity=1.0, ori=0, pos=array([0., 0.]), rgb=array([255., 255., 255.]), text='Waiting for scanner...', units='norm', win=Window(...), wrapWidth=1)
7.5033 	EXP 	Created cueImage = ImageStim(__class__=<class 'psychopy.visual.image.ImageStim'>, autoLog=True, color=array([1., 1., 1.]), colorSpace='rgb', contrast=1.0, depth=0.0, flipHoriz=False, flipVert=False, image='sin', interpolate=True, mask=None, maskParams=None, name='cueImage', opacity=1.0, ori=0.0, pos=array([0. , 0.2]), size=array([0.8, 0.8]), texRes=128, units='norm', win=Window(...))
7.5361 	EXP 	Created text = TextStim(__class__=<class 'psychopy.visual.text.TextStim'>, alignHoriz='center', alignVert='center', antialias=True, autoLog=True, bold=False, color='white', colorSpace='named', contrast=1.0, depth=-2.0, flipHoriz=False, flipVert=False, font='Arial', fontFiles=[], height=0.1, italic=False, languageStyle='LTR', name='text', opacity=1.0, ori=0, pos=array([ 0. , -0.5]), rgb=array([255., 255., 255.]), text=str(...), units='norm', win=Window(...), wrapWidth=1)
7.5809 	EXP 	text_2: autoDraw = True
8.4510 	DATA 	Keypress: g
8.4641 	EXP 	text_2: autoDraw = False
8.4641 	EXP 	waiting: autoDraw = True
27.3992 	DATA 	Keypress: equal
27.4104 	EXP 	Imported recall.csv as conditions, 12 conditions, 1 params
27.4109 	EXP 	Created sequence: random, trialTypes=12, nReps=1, seed=None
27.4113 	EXP 	New trial (rep=0, index=0): OrderedDict([('cue', 'stimsday2details/C17.png')])
27.4512 	EXP 	waiting: autoDraw = False
27.4512 	EXP 	cueImage: image = 'stimsday2details/C17.png'
27.4512 	EXP 	cueImage: autoDraw = True
27.4512 	EXP 	text: autoDraw = True
28.8989 	DATA 	Keypress: equal
30.3989 	DATA 	Keypress: equal
31.8990 	DATA 	Keypress: equal
33.3992 	DATA 	Keypress: equal
34.8988 	DATA 	Keypress: equal
36.3990 	DATA 	Keypress: equal
37.8989 	DATA 	Keypress: equal
39.3988 	DATA 	Keypress: equal
40.8989 	DATA 	Keypress: equal
42.3988 	DATA 	Keypress: equal
43.8988 	DATA 	Keypress: equal
45.3990 	DATA 	Keypress: equal
46.8988 	DATA 	Keypress: equal
48.3988 	DATA 	Keypress: equal
49.8987 	DATA 	Keypress: equal
51.3988 	DATA 	Keypress: equal
52.8988 	DATA 	Keypress: equal
54.3989 	DATA 	Keypress: equal
55.8989 	DATA 	Keypress: equal
57.3986 	DATA 	Keypress: equal
58.8989 	DATA 	Keypress: equal
60.3987 	DATA 	Keypress: equal
61.8986 	DATA 	Keypress: equal
63.3987 	DATA 	Keypress: equal
64.8985 	DATA 	Keypress: equal
66.3985 	DATA 	Keypress: equal
67.8991 	DATA 	Keypress: equal
69.3987 	DATA 	Keypress: equal
70.8988 	DATA 	Keypress: equal
72.3985 	DATA 	Keypress: equal
73.8984 	DATA 	Keypress: equal
75.3982 	DATA 	Keypress: equal
76.8984 	DATA 	Keypress: equal
78.3983 	DATA 	Keypress: equal
79.8986 	DATA 	Keypress: equal
81.3984 	DATA 	Keypress: equal
82.8985 	DATA 	Keypress: equal
84.3983 	DATA 	Keypress: equal
85.8982 	DATA 	Keypress: equal
87.3984 	DATA 	Keypress: equal
88.8985 	DATA 	Keypress: equal
90.3983 	DATA 	Keypress: equal
91.8985 	DATA 	Keypress: equal
93.3982 	DATA 	Keypress: equal
94.8983 	DATA 	Keypress: equal
96.3985 	DATA 	Keypress: equal
97.8981 	DATA 	Keypress: equal
99.3981 	DATA 	Keypress: equal
100.8983 	DATA 	Keypress: equal
102.3980 	DATA 	Keypress: equal
103.8979 	DATA 	Keypress: equal
105.3980 	DATA 	Keypress: equal
106.8982 	DATA 	Keypress: equal
108.3980 	DATA 	Keypress: equal
109.8978 	DATA 	Keypress: equal
111.3979 	DATA 	Keypress: equal
112.8979 	DATA 	Keypress: equal
114.3978 	DATA 	Keypress: equal
115.8979 	DATA 	Keypress: equal
117.3979 	DATA 	Keypress: equal
118.8980 	DATA 	Keypress: equal
120.3979 	DATA 	Keypress: equal
121.8980 	DATA 	Keypress: equal
123.3978 	DATA 	Keypress: equal
124.8980 	DATA 	Keypress: equal
126.3977 	DATA 	Keypress: equal
127.8979 	DATA 	Keypress: equal
129.3977 	DATA 	Keypress: equal
130.8977 	DATA 	Keypress: equal
132.0643 	DATA 	Keypress: space
132.1992 	EXP 	New trial (rep=0, index=1): OrderedDict([('cue', 'stimsday2details/C38.png')])
132.2292 	EXP 	cueImage: autoDraw = False
132.2292 	EXP 	text: autoDraw = False
132.2292 	EXP 	cueImage: image = 'stimsday2details/C38.png'
132.2292 	EXP 	cueImage: autoDraw = True
132.2292 	EXP 	text: autoDraw = True
132.3976 	DATA 	Keypress: equal
133.8978 	DATA 	Keypress: equal
135.3976 	DATA 	Keypress: equal
136.8976 	DATA 	Keypress: equal
138.3976 	DATA 	Keypress: equal
139.8976 	DATA 	Keypress: equal
141.3978 	DATA 	Keypress: equal
142.8975 	DATA 	Keypress: equal
144.3978 	DATA 	Keypress: equal
145.8976 	DATA 	Keypress: equal
147.3977 	DATA 	Keypress: equal
148.8975 	DATA 	Keypress: equal
150.3974 	DATA 	Keypress: equal
151.8975 	DATA 	Keypress: equal
153.3974 	DATA 	Keypress: equal
154.8975 	DATA 	Keypress: equal
156.3977 	DATA 	Keypress: equal
157.8975 	DATA 	Keypress: equal
159.3973 	DATA 	Keypress: equal
160.8973 	DATA 	Keypress: equal
162.3973 	DATA 	Keypress: equal
163.8974 	DATA 	Keypress: equal
165.3975 	DATA 	Keypress: equal
166.8972 	DATA 	Keypress: equal
168.3973 	DATA 	Keypress: equal
169.8974 	DATA 	Keypress: equal
171.3972 	DATA 	Keypress: equal
172.8973 	DATA 	Keypress: equal
174.3972 	DATA 	Keypress: equal
175.8971 	DATA 	Keypress: equal
177.3971 	DATA 	Keypress: equal
178.8973 	DATA 	Keypress: equal
180.3971 	DATA 	Keypress: equal
181.8977 	DATA 	Keypress: equal
183.3970 	DATA 	Keypress: equal
184.8969 	DATA 	Keypress: equal
186.3969 	DATA 	Keypress: equal
187.8969 	DATA 	Keypress: equal
189.3972 	DATA 	Keypress: equal
190.8969 	DATA 	Keypress: equal
192.3969 	DATA 	Keypress: equal
193.8971 	DATA 	Keypress: equal
195.3968 	DATA 	Keypress: equal
196.8968 	DATA 	Keypress: equal
198.3968 	DATA 	Keypress: equal
199.8969 	DATA 	Keypress: equal
201.3968 	DATA 	Keypress: equal
202.8969 	DATA 	Keypress: equal
204.3968 	DATA 	Keypress: equal
205.8968 	DATA 	Keypress: equal
207.3967 	DATA 	Keypress: equal
208.8967 	DATA 	Keypress: equal
210.3967 	DATA 	Keypress: equal
211.8967 	DATA 	Keypress: equal
213.3969 	DATA 	Keypress: equal
214.8966 	DATA 	Keypress: equal
216.3965 	DATA 	Keypress: equal
217.8968 	DATA 	Keypress: equal
219.3966 	DATA 	Keypress: equal
220.8967 	DATA 	Keypress: equal
222.3968 	DATA 	Keypress: equal
223.8967 	DATA 	Keypress: equal
225.3820 	DATA 	Keypress: equal
226.8965 	DATA 	Keypress: equal
228.3968 	DATA 	Keypress: equal
229.8966 	DATA 	Keypress: equal
231.3821 	DATA 	Keypress: equal
232.8964 	DATA 	Keypress: equal
234.3964 	DATA 	Keypress: equal
235.8964 	DATA 	Keypress: equal
237.3965 	DATA 	Keypress: equal
238.8963 	DATA 	Keypress: equal
240.3963 	DATA 	Keypress: equal
241.8967 	DATA 	Keypress: equal
243.3964 	DATA 	Keypress: equal
244.8962 	DATA 	Keypress: equal
246.3965 	DATA 	Keypress: equal
247.8962 	DATA 	Keypress: equal
249.3813 	DATA 	Keypress: equal
250.8812 	DATA 	Keypress: equal
252.3301 	DATA 	Keypress: space
252.4786 	EXP 	New trial (rep=0, index=2): OrderedDict([('cue', 'stimsday2details/C2.png')])
252.4928 	DATA 	Keypress: equal
252.5111 	EXP 	cueImage: autoDraw = False
252.5111 	EXP 	text: autoDraw = False
252.5111 	EXP 	cueImage: image = 'stimsday2details/C2.png'
252.5111 	EXP 	cueImage: autoDraw = True
252.5111 	EXP 	text: autoDraw = True
253.8815 	DATA 	Keypress: equal
255.3811 	DATA 	Keypress: equal
256.8809 	DATA 	Keypress: equal
258.3810 	DATA 	Keypress: equal
259.8809 	DATA 	Keypress: equal
261.3812 	DATA 	Keypress: equal
262.8814 	DATA 	Keypress: equal
264.3809 	DATA 	Keypress: equal
265.8812 	DATA 	Keypress: equal
267.3813 	DATA 	Keypress: equal
268.8814 	DATA 	Keypress: equal
270.3811 	DATA 	Keypress: equal
271.8962 	DATA 	Keypress: equal
273.3809 	DATA 	Keypress: equal
274.8808 	DATA 	Keypress: equal
276.3811 	DATA 	Keypress: equal
277.8800 	DATA 	Keypress: equal
279.3807 	DATA 	Keypress: equal
280.8809 	DATA 	Keypress: equal
282.3809 	DATA 	Keypress: equal
283.8810 	DATA 	Keypress: equal
285.3809 	DATA 	Keypress: equal
286.8806 	DATA 	Keypress: equal
288.3809 	DATA 	Keypress: equal
289.8808 	DATA 	Keypress: equal
291.3807 	DATA 	Keypress: equal
292.8805 	DATA 	Keypress: equal
294.3806 	DATA 	Keypress: equal
295.8805 	DATA 	Keypress: equal
297.3804 	DATA 	Keypress: equal
298.8789 	DATA 	Keypress: equal
300.3788 	DATA 	Keypress: equal
301.8792 	DATA 	Keypress: equal
303.3789 	DATA 	Keypress: equal
304.8791 	DATA 	Keypress: equal
306.3791 	DATA 	Keypress: equal
307.8793 	DATA 	Keypress: equal
309.3792 	DATA 	Keypress: equal
310.8793 	DATA 	Keypress: equal
312.3794 	DATA 	Keypress: equal
313.8795 	DATA 	Keypress: equal
315.3792 	DATA 	Keypress: equal
316.8792 	DATA 	Keypress: equal
318.3791 	DATA 	Keypress: equal
319.8793 	DATA 	Keypress: equal
321.3792 	DATA 	Keypress: equal
322.8792 	DATA 	Keypress: equal
324.3787 	DATA 	Keypress: equal
325.8787 	DATA 	Keypress: equal
327.3785 	DATA 	Keypress: equal
328.8785 	DATA 	Keypress: equal
330.3785 	DATA 	Keypress: equal
331.8786 	DATA 	Keypress: equal
333.3788 	DATA 	Keypress: equal
334.8785 	DATA 	Keypress: equal
336.3785 	DATA 	Keypress: equal
337.8785 	DATA 	Keypress: equal
339.3783 	DATA 	Keypress: equal
340.8785 	DATA 	Keypress: equal
342.3785 	DATA 	Keypress: equal
343.8784 	DATA 	Keypress: equal
345.3784 	DATA 	Keypress: equal
346.8784 	DATA 	Keypress: equal
348.3782 	DATA 	Keypress: equal
349.8784 	DATA 	Keypress: equal
351.3784 	DATA 	Keypress: equal
352.8786 	DATA 	Keypress: equal
354.3784 	DATA 	Keypress: equal
355.8785 	DATA 	Keypress: equal
357.3785 	DATA 	Keypress: equal
358.8781 	DATA 	Keypress: equal
360.3781 	DATA 	Keypress: equal
361.8783 	DATA 	Keypress: equal
363.3781 	DATA 	Keypress: equal
364.8779 	DATA 	Keypress: equal
366.3781 	DATA 	Keypress: equal
367.8782 	DATA 	Keypress: equal
369.3779 	DATA 	Keypress: equal
370.8779 	DATA 	Keypress: equal
372.3782 	DATA 	Keypress: equal
373.8779 	DATA 	Keypress: equal
375.3779 	DATA 	Keypress: equal
376.8779 	DATA 	Keypress: equal
378.3778 	DATA 	Keypress: equal
379.8780 	DATA 	Keypress: equal
381.3781 	DATA 	Keypress: equal
382.8779 	DATA 	Keypress: equal
384.3779 	DATA 	Keypress: equal
385.8779 	DATA 	Keypress: equal
387.3780 	DATA 	Keypress: equal
388.8777 	DATA 	Keypress: equal
390.3779 	DATA 	Keypress: equal
391.1611 	DATA 	Keypress: space
391.3056 	EXP 	New trial (rep=0, index=3): OrderedDict([('cue', 'stimsday2details/C19.png')])
391.3260 	EXP 	cueImage: autoDraw = False
391.3260 	EXP 	text: autoDraw = False
391.3260 	EXP 	cueImage: image = 'stimsday2details/C19.png'
391.3260 	EXP 	cueImage: autoDraw = True
391.3260 	EXP 	text: autoDraw = True
391.8779 	DATA 	Keypress: equal
393.3778 	DATA 	Keypress: equal
394.8779 	DATA 	Keypress: equal
396.3777 	DATA 	Keypress: equal
397.8777 	DATA 	Keypress: equal
399.3778 	DATA 	Keypress: equal
400.8776 	DATA 	Keypress: equal
402.3776 	DATA 	Keypress: equal
403.8776 	DATA 	Keypress: equal
405.3776 	DATA 	Keypress: equal
406.8776 	DATA 	Keypress: equal
408.3775 	DATA 	Keypress: equal
409.8777 	DATA 	Keypress: equal
411.3775 	DATA 	Keypress: equal
412.8774 	DATA 	Keypress: equal
414.3775 	DATA 	Keypress: equal
415.8775 	DATA 	Keypress: equal
417.3776 	DATA 	Keypress: equal
418.8774 	DATA 	Keypress: equal
420.3774 	DATA 	Keypress: equal
421.8774 	DATA 	Keypress: equal
423.3773 	DATA 	Keypress: equal
424.8774 	DATA 	Keypress: equal
426.3777 	DATA 	Keypress: equal
427.8774 	DATA 	Keypress: equal
429.3772 	DATA 	Keypress: equal
430.8773 	DATA 	Keypress: equal
432.3773 	DATA 	Keypress: equal
433.8773 	DATA 	Keypress: equal
435.3774 	DATA 	Keypress: equal
436.8774 	DATA 	Keypress: equal
438.3773 	DATA 	Keypress: equal
439.8773 	DATA 	Keypress: equal
441.3773 	DATA 	Keypress: equal
442.8772 	DATA 	Keypress: equal
444.3772 	DATA 	Keypress: equal
445.8772 	DATA 	Keypress: equal
447.3771 	DATA 	Keypress: equal
448.8770 	DATA 	Keypress: equal
450.3771 	DATA 	Keypress: equal
451.8770 	DATA 	Keypress: equal
453.3770 	DATA 	Keypress: equal
454.8769 	DATA 	Keypress: equal
456.3770 	DATA 	Keypress: equal
457.8769 	DATA 	Keypress: equal
459.3769 	DATA 	Keypress: equal
460.8769 	DATA 	Keypress: equal
462.3772 	DATA 	Keypress: equal
463.8769 	DATA 	Keypress: equal
465.3768 	DATA 	Keypress: equal
466.8769 	DATA 	Keypress: equal
468.3769 	DATA 	Keypress: equal
469.8770 	DATA 	Keypress: equal
471.3768 	DATA 	Keypress: equal
472.8768 	DATA 	Keypress: equal
474.3771 	DATA 	Keypress: equal
475.8768 	DATA 	Keypress: equal
477.3769 	DATA 	Keypress: equal
478.8769 	DATA 	Keypress: equal
480.3767 	DATA 	Keypress: equal
481.8768 	DATA 	Keypress: equal
483.3770 	DATA 	Keypress: equal
484.8767 	DATA 	Keypress: equal
486.3766 	DATA 	Keypress: equal
487.8766 	DATA 	Keypress: equal
489.3766 	DATA 	Keypress: equal
490.8766 	DATA 	Keypress: equal
492.3768 	DATA 	Keypress: equal
493.8768 	DATA 	Keypress: equal
495.3765 	DATA 	Keypress: equal
496.8768 	DATA 	Keypress: equal
498.3770 	DATA 	Keypress: equal
499.8765 	DATA 	Keypress: equal
501.3767 	DATA 	Keypress: equal
502.8764 	DATA 	Keypress: equal
504.3767 	DATA 	Keypress: equal
505.8764 	DATA 	Keypress: equal
507.3764 	DATA 	Keypress: equal
508.8763 	DATA 	Keypress: equal
510.3768 	DATA 	Keypress: equal
511.8763 	DATA 	Keypress: equal
513.3763 	DATA 	Keypress: equal
514.8763 	DATA 	Keypress: equal
516.3763 	DATA 	Keypress: equal
517.8764 	DATA 	Keypress: equal
519.3762 	DATA 	Keypress: equal
520.8762 	DATA 	Keypress: equal
522.3762 	DATA 	Keypress: equal
523.8761 	DATA 	Keypress: equal
525.3760 	DATA 	Keypress: equal
526.0093 	DATA 	Keypress: space
526.1431 	EXP 	New trial (rep=0, index=4): OrderedDict([('cue', 'stimsday2details/C20.png')])
526.1742 	EXP 	cueImage: autoDraw = False
526.1742 	EXP 	text: autoDraw = False
526.1742 	EXP 	cueImage: image = 'stimsday2details/C20.png'
526.1742 	EXP 	cueImage: autoDraw = True
526.1742 	EXP 	text: autoDraw = True
526.8761 	DATA 	Keypress: equal
528.3761 	DATA 	Keypress: equal
529.8761 	DATA 	Keypress: equal
531.3761 	DATA 	Keypress: equal
532.8759 	DATA 	Keypress: equal
534.3760 	DATA 	Keypress: equal
535.8761 	DATA 	Keypress: equal
537.3762 	DATA 	Keypress: equal
538.8761 	DATA 	Keypress: equal
540.3759 	DATA 	Keypress: equal
541.8760 	DATA 	Keypress: equal
543.3763 	DATA 	Keypress: equal
544.8760 	DATA 	Keypress: equal
546.3759 	DATA 	Keypress: equal
547.8758 	DATA 	Keypress: equal
549.3761 	DATA 	Keypress: equal
550.8759 	DATA 	Keypress: equal
552.3757 	DATA 	Keypress: equal
553.8760 	DATA 	Keypress: equal
555.3757 	DATA 	Keypress: equal
556.8758 	DATA 	Keypress: equal
558.3757 	DATA 	Keypress: equal
559.8759 	DATA 	Keypress: equal
561.3759 	DATA 	Keypress: equal
562.8756 	DATA 	Keypress: equal
564.3756 	DATA 	Keypress: equal
565.8756 	DATA 	Keypress: equal
567.3756 	DATA 	Keypress: equal
568.8755 	DATA 	Keypress: equal
570.3756 	DATA 	Keypress: equal
571.8758 	DATA 	Keypress: equal
573.3756 	DATA 	Keypress: equal
574.8757 	DATA 	Keypress: equal
576.3755 	DATA 	Keypress: equal
577.8755 	DATA 	Keypress: equal
579.3755 	DATA 	Keypress: equal
580.8755 	DATA 	Keypress: equal
582.3754 	DATA 	Keypress: equal
583.8754 	DATA 	Keypress: equal
585.3755 	DATA 	Keypress: equal
586.8753 	DATA 	Keypress: equal
588.3757 	DATA 	Keypress: equal
589.8753 	DATA 	Keypress: equal
591.3756 	DATA 	Keypress: equal
592.8754 	DATA 	Keypress: equal
594.3752 	DATA 	Keypress: equal
595.8752 	DATA 	Keypress: equal
597.3756 	DATA 	Keypress: equal
598.8753 	DATA 	Keypress: equal
600.3751 	DATA 	Keypress: equal
601.8752 	DATA 	Keypress: equal
603.3755 	DATA 	Keypress: equal
604.8752 	DATA 	Keypress: equal
606.3754 	DATA 	Keypress: equal
607.8750 	DATA 	Keypress: equal
609.3752 	DATA 	Keypress: equal
610.8753 	DATA 	Keypress: equal
612.3749 	DATA 	Keypress: equal
613.8750 	DATA 	Keypress: equal
615.3749 	DATA 	Keypress: equal
616.8750 	DATA 	Keypress: equal
618.3750 	DATA 	Keypress: equal
619.8753 	DATA 	Keypress: equal
621.3751 	DATA 	Keypress: equal
622.8749 	DATA 	Keypress: equal
624.3749 	DATA 	Keypress: equal
625.8749 	DATA 	Keypress: equal
627.3749 	DATA 	Keypress: equal
628.8751 	DATA 	Keypress: equal
630.3749 	DATA 	Keypress: equal
631.8749 	DATA 	Keypress: equal
633.3748 	DATA 	Keypress: equal
634.8748 	DATA 	Keypress: equal
636.3748 	DATA 	Keypress: equal
637.8747 	DATA 	Keypress: equal
639.3749 	DATA 	Keypress: equal
640.8748 	DATA 	Keypress: equal
642.3747 	DATA 	Keypress: equal
643.8746 	DATA 	Keypress: equal
645.3746 	DATA 	Keypress: equal
646.8747 	DATA 	Keypress: equal
648.3746 	DATA 	Keypress: equal
649.8746 	DATA 	Keypress: equal
651.3746 	DATA 	Keypress: equal
652.2247 	DATA 	Keypress: space
652.3634 	EXP 	New trial (rep=0, index=5): OrderedDict([('cue', 'stimsday2details/C1.png')])
652.3894 	EXP 	cueImage: autoDraw = False
652.3894 	EXP 	text: autoDraw = False
652.3894 	EXP 	cueImage: image = 'stimsday2details/C1.png'
652.3894 	EXP 	cueImage: autoDraw = True
652.3894 	EXP 	text: autoDraw = True
652.8747 	DATA 	Keypress: equal
654.3745 	DATA 	Keypress: equal
655.8744 	DATA 	Keypress: equal
657.3748 	DATA 	Keypress: equal
658.8744 	DATA 	Keypress: equal
660.3745 	DATA 	Keypress: equal
661.8745 	DATA 	Keypress: equal
663.3747 	DATA 	Keypress: equal
664.8745 	DATA 	Keypress: equal
666.3744 	DATA 	Keypress: equal
667.8743 	DATA 	Keypress: equal
669.3743 	DATA 	Keypress: equal
670.8744 	DATA 	Keypress: equal
672.3747 	DATA 	Keypress: equal
673.8743 	DATA 	Keypress: equal
675.3742 	DATA 	Keypress: equal
676.8742 	DATA 	Keypress: equal
678.3743 	DATA 	Keypress: equal
679.8742 	DATA 	Keypress: equal
681.3741 	DATA 	Keypress: equal
682.8741 	DATA 	Keypress: equal
684.3741 	DATA 	Keypress: equal
685.8743 	DATA 	Keypress: equal
687.3740 	DATA 	Keypress: equal
688.8742 	DATA 	Keypress: equal
690.3742 	DATA 	Keypress: equal
691.8742 	DATA 	Keypress: equal
693.3739 	DATA 	Keypress: equal
694.8742 	DATA 	Keypress: equal
696.3741 	DATA 	Keypress: equal
697.8740 	DATA 	Keypress: equal
699.3742 	DATA 	Keypress: equal
700.8740 	DATA 	Keypress: equal
702.3739 	DATA 	Keypress: equal
703.8738 	DATA 	Keypress: equal
705.3739 	DATA 	Keypress: equal
706.8739 	DATA 	Keypress: equal
708.3742 	DATA 	Keypress: equal
709.8738 	DATA 	Keypress: equal
711.3737 	DATA 	Keypress: equal
712.8739 	DATA 	Keypress: equal
714.3738 	DATA 	Keypress: equal
715.8738 	DATA 	Keypress: equal
717.3739 	DATA 	Keypress: equal
718.8736 	DATA 	Keypress: equal
720.3742 	DATA 	Keypress: equal
721.8737 	DATA 	Keypress: equal
723.3738 	DATA 	Keypress: equal
724.8735 	DATA 	Keypress: equal
726.3736 	DATA 	Keypress: equal
727.8739 	DATA 	Keypress: equal
729.3736 	DATA 	Keypress: equal
730.8736 	DATA 	Keypress: equal
732.3736 	DATA 	Keypress: equal
733.8736 	DATA 	Keypress: equal
735.3735 	DATA 	Keypress: equal
736.8735 	DATA 	Keypress: equal
738.3734 	DATA 	Keypress: equal
739.8736 	DATA 	Keypress: equal
741.3734 	DATA 	Keypress: equal
742.8734 	DATA 	Keypress: equal
744.3735 	DATA 	Keypress: equal
745.8737 	DATA 	Keypress: equal
747.3734 	DATA 	Keypress: equal
748.8736 	DATA 	Keypress: equal
750.3733 	DATA 	Keypress: equal
751.8735 	DATA 	Keypress: equal
753.3734 	DATA 	Keypress: equal
754.8732 	DATA 	Keypress: equal
756.3733 	DATA 	Keypress: equal
757.8735 	DATA 	Keypress: equal
759.3732 	DATA 	Keypress: equal
760.8732 	DATA 	Keypress: equal
762.3732 	DATA 	Keypress: equal
763.8734 	DATA 	Keypress: equal
765.3731 	DATA 	Keypress: equal
766.8731 	DATA 	Keypress: equal
768.3730 	DATA 	Keypress: equal
769.8731 	DATA 	Keypress: equal
771.3731 	DATA 	Keypress: equal
772.8730 	DATA 	Keypress: equal
774.3730 	DATA 	Keypress: equal
775.8732 	DATA 	Keypress: equal
777.3731 	DATA 	Keypress: equal
778.8732 	DATA 	Keypress: equal
779.2559 	DATA 	Keypress: space
779.4054 	EXP 	New trial (rep=0, index=6): OrderedDict([('cue', 'stimsday2details/C6.png')])
779.4211 	EXP 	cueImage: autoDraw = False
779.4211 	EXP 	text: autoDraw = False
779.4211 	EXP 	cueImage: image = 'stimsday2details/C6.png'
779.4211 	EXP 	cueImage: autoDraw = True
779.4211 	EXP 	text: autoDraw = True
780.3730 	DATA 	Keypress: equal
781.8728 	DATA 	Keypress: equal
783.3729 	DATA 	Keypress: equal
784.8729 	DATA 	Keypress: equal
786.3727 	DATA 	Keypress: equal
787.8728 	DATA 	Keypress: equal
789.3729 	DATA 	Keypress: equal
790.8729 	DATA 	Keypress: equal
792.3728 	DATA 	Keypress: equal
793.8727 	DATA 	Keypress: equal
795.3728 	DATA 	Keypress: equal
796.8727 	DATA 	Keypress: equal
798.3728 	DATA 	Keypress: equal
799.8731 	DATA 	Keypress: equal
801.3727 	DATA 	Keypress: equal
802.8728 	DATA 	Keypress: equal
804.3726 	DATA 	Keypress: equal
805.8726 	DATA 	Keypress: equal
807.3727 	DATA 	Keypress: equal
808.8728 	DATA 	Keypress: equal
810.3727 	DATA 	Keypress: equal
811.8726 	DATA 	Keypress: equal
813.3726 	DATA 	Keypress: equal
814.8729 	DATA 	Keypress: equal
816.3724 	DATA 	Keypress: equal
817.8725 	DATA 	Keypress: equal
819.3727 	DATA 	Keypress: equal
820.8725 	DATA 	Keypress: equal
822.3725 	DATA 	Keypress: equal
823.8724 	DATA 	Keypress: equal
825.3724 	DATA 	Keypress: equal
826.8729 	DATA 	Keypress: equal
828.3723 	DATA 	Keypress: equal
829.8723 	DATA 	Keypress: equal
831.3725 	DATA 	Keypress: equal
832.8723 	DATA 	Keypress: equal
834.3729 	DATA 	Keypress: equal
835.8722 	DATA 	Keypress: equal
837.3722 	DATA 	Keypress: equal
838.8734 	DATA 	Keypress: equal
840.3721 	DATA 	Keypress: equal
841.8722 	DATA 	Keypress: equal
843.3724 	DATA 	Keypress: equal
844.8723 	DATA 	Keypress: equal
846.3725 	DATA 	Keypress: equal
847.8721 	DATA 	Keypress: equal
849.3570 	DATA 	Keypress: equal
850.8573 	DATA 	Keypress: equal
852.3571 	DATA 	Keypress: equal
853.8571 	DATA 	Keypress: equal
855.3719 	DATA 	Keypress: equal
856.8720 	DATA 	Keypress: equal
858.3570 	DATA 	Keypress: equal
859.8574 	DATA 	Keypress: equal
861.3719 	DATA 	Keypress: equal
862.8571 	DATA 	Keypress: equal
864.3569 	DATA 	Keypress: equal
865.8718 	DATA 	Keypress: equal
867.3719 	DATA 	Keypress: equal
868.8571 	DATA 	Keypress: equal
870.3720 	DATA 	Keypress: equal
871.8718 	DATA 	Keypress: equal
873.3718 	DATA 	Keypress: equal
874.8571 	DATA 	Keypress: equal
876.3563 	DATA 	Keypress: equal
877.8569 	DATA 	Keypress: equal
879.3567 	DATA 	Keypress: equal
880.8566 	DATA 	Keypress: equal
882.3564 	DATA 	Keypress: equal
883.8567 	DATA 	Keypress: equal
885.3564 	DATA 	Keypress: equal
885.8712 	DATA 	Keypress: space
886.0077 	EXP 	New trial (rep=0, index=7): OrderedDict([('cue', 'stimsday2details/C34.png')])
886.0365 	EXP 	cueImage: autoDraw = False
886.0365 	EXP 	text: autoDraw = False
886.0365 	EXP 	cueImage: image = 'stimsday2details/C34.png'
886.0365 	EXP 	cueImage: autoDraw = True
886.0365 	EXP 	text: autoDraw = True
886.8567 	DATA 	Keypress: equal
888.3571 	DATA 	Keypress: equal
889.8564 	DATA 	Keypress: equal
891.3569 	DATA 	Keypress: equal
892.8568 	DATA 	Keypress: equal
894.3567 	DATA 	Keypress: equal
895.8564 	DATA 	Keypress: equal
897.3563 	DATA 	Keypress: equal
898.8564 	DATA 	Keypress: equal
900.3554 	DATA 	Keypress: equal
901.8552 	DATA 	Keypress: equal
903.3555 	DATA 	Keypress: equal
904.8553 	DATA 	Keypress: equal
906.3552 	DATA 	Keypress: equal
907.8552 	DATA 	Keypress: equal
909.3551 	DATA 	Keypress: equal
910.8552 	DATA 	Keypress: equal
912.3550 	DATA 	Keypress: equal
913.8550 	DATA 	Keypress: equal
915.3552 	DATA 	Keypress: equal
916.8550 	DATA 	Keypress: equal
918.3552 	DATA 	Keypress: equal
919.8551 	DATA 	Keypress: equal
921.3562 	DATA 	Keypress: equal
922.8553 	DATA 	Keypress: equal
924.3561 	DATA 	Keypress: equal
925.8544 	DATA 	Keypress: equal
927.3546 	DATA 	Keypress: equal
928.8544 	DATA 	Keypress: equal
930.3544 	DATA 	Keypress: equal
931.8543 	DATA 	Keypress: equal
933.3544 	DATA 	Keypress: equal
934.8543 	DATA 	Keypress: equal
936.3543 	DATA 	Keypress: equal
937.8544 	DATA 	Keypress: equal
939.3542 	DATA 	Keypress: equal
940.8544 	DATA 	Keypress: equal
942.3543 	DATA 	Keypress: equal
943.8541 	DATA 	Keypress: equal
945.3543 	DATA 	Keypress: equal
946.8541 	DATA 	Keypress: equal
948.3545 	DATA 	Keypress: equal
949.8541 	DATA 	Keypress: equal
951.3541 	DATA 	Keypress: equal
952.8540 	DATA 	Keypress: equal
954.3540 	DATA 	Keypress: equal
955.8541 	DATA 	Keypress: equal
957.3541 	DATA 	Keypress: equal
958.8542 	DATA 	Keypress: equal
960.3541 	DATA 	Keypress: equal
961.8540 	DATA 	Keypress: equal
963.3540 	DATA 	Keypress: equal
964.8540 	DATA 	Keypress: equal
966.3540 	DATA 	Keypress: equal
967.8538 	DATA 	Keypress: equal
969.3539 	DATA 	Keypress: equal
970.8538 	DATA 	Keypress: equal
972.3541 	DATA 	Keypress: equal
973.8543 	DATA 	Keypress: equal
975.3538 	DATA 	Keypress: equal
976.8538 	DATA 	Keypress: equal
978.3538 	DATA 	Keypress: equal
979.8538 	DATA 	Keypress: equal
981.3537 	DATA 	Keypress: equal
982.8539 	DATA 	Keypress: equal
984.3541 	DATA 	Keypress: equal
985.8536 	DATA 	Keypress: equal
987.3536 	DATA 	Keypress: equal
988.8537 	DATA 	Keypress: equal
990.3537 	DATA 	Keypress: equal
991.8537 	DATA 	Keypress: equal
993.3536 	DATA 	Keypress: equal
994.8536 	DATA 	Keypress: equal
996.3535 	DATA 	Keypress: equal
997.8535 	DATA 	Keypress: equal
999.3535 	DATA 	Keypress: equal
1000.8538 	DATA 	Keypress: equal
1002.3535 	DATA 	Keypress: equal
1003.8536 	DATA 	Keypress: equal
1005.3534 	DATA 	Keypress: equal
1006.8535 	DATA 	Keypress: equal
1007.8368 	DATA 	Keypress: space
1007.9744 	EXP 	New trial (rep=0, index=8): OrderedDict([('cue', 'stimsday2details/C29.png')])
1008.0016 	EXP 	cueImage: autoDraw = False
1008.0016 	EXP 	text: autoDraw = False
1008.0016 	EXP 	cueImage: image = 'stimsday2details/C29.png'
1008.0016 	EXP 	cueImage: autoDraw = True
1008.0016 	EXP 	text: autoDraw = True
1008.3534 	DATA 	Keypress: equal
1009.8533 	DATA 	Keypress: equal
1011.3534 	DATA 	Keypress: equal
1012.8537 	DATA 	Keypress: equal
1014.3534 	DATA 	Keypress: equal
1015.8536 	DATA 	Keypress: equal
1017.3533 	DATA 	Keypress: equal
1018.8533 	DATA 	Keypress: equal
1020.3533 	DATA 	Keypress: equal
1021.8535 	DATA 	Keypress: equal
1023.3536 	DATA 	Keypress: equal
1024.8534 	DATA 	Keypress: equal
1026.3533 	DATA 	Keypress: equal
1027.8531 	DATA 	Keypress: equal
1029.3532 	DATA 	Keypress: equal
1030.8532 	DATA 	Keypress: equal
1032.3532 	DATA 	Keypress: equal
1033.8534 	DATA 	Keypress: equal
1035.3530 	DATA 	Keypress: equal
1036.8530 	DATA 	Keypress: equal
1038.3532 	DATA 	Keypress: equal
1039.8532 	DATA 	Keypress: equal
1041.3531 	DATA 	Keypress: equal
1042.8529 	DATA 	Keypress: equal
1044.3530 	DATA 	Keypress: equal
1045.8531 	DATA 	Keypress: equal
1047.3529 	DATA 	Keypress: equal
1048.8529 	DATA 	Keypress: equal
1050.3532 	DATA 	Keypress: equal
1051.8529 	DATA 	Keypress: equal
1053.3530 	DATA 	Keypress: equal
1054.8528 	DATA 	Keypress: equal
1056.3528 	DATA 	Keypress: equal
1057.8532 	DATA 	Keypress: equal
1059.3528 	DATA 	Keypress: equal
1060.8528 	DATA 	Keypress: equal
1062.3530 	DATA 	Keypress: equal
1063.8527 	DATA 	Keypress: equal
1065.3527 	DATA 	Keypress: equal
1066.8527 	DATA 	Keypress: equal
1068.3527 	DATA 	Keypress: equal
1069.8529 	DATA 	Keypress: equal
1071.3526 	DATA 	Keypress: equal
1072.8524 	DATA 	Keypress: equal
1074.3526 	DATA 	Keypress: equal
1075.8526 	DATA 	Keypress: equal
1077.3526 	DATA 	Keypress: equal
1078.8526 	DATA 	Keypress: equal
1080.3526 	DATA 	Keypress: equal
1081.8529 	DATA 	Keypress: equal
1083.3528 	DATA 	Keypress: equal
1084.8526 	DATA 	Keypress: equal
1086.3525 	DATA 	Keypress: equal
1087.8524 	DATA 	Keypress: equal
1089.3525 	DATA 	Keypress: equal
1090.8525 	DATA 	Keypress: equal
1092.3525 	DATA 	Keypress: equal
1093.8526 	DATA 	Keypress: equal
1095.3523 	DATA 	Keypress: equal
1096.8522 	DATA 	Keypress: equal
1098.3523 	DATA 	Keypress: equal
1099.8526 	DATA 	Keypress: equal
1101.3524 	DATA 	Keypress: equal
1102.8523 	DATA 	Keypress: equal
1104.3523 	DATA 	Keypress: equal
1105.8523 	DATA 	Keypress: equal
1107.3525 	DATA 	Keypress: equal
1108.8521 	DATA 	Keypress: equal
1110.3521 	DATA 	Keypress: equal
1111.8520 	DATA 	Keypress: equal
1113.3520 	DATA 	Keypress: equal
1114.8520 	DATA 	Keypress: equal
1116.3521 	DATA 	Keypress: equal
1117.8523 	DATA 	Keypress: equal
1119.3520 	DATA 	Keypress: equal
1120.8520 	DATA 	Keypress: equal
1122.3520 	DATA 	Keypress: equal
1123.8520 	DATA 	Keypress: equal
1125.3520 	DATA 	Keypress: equal
1126.8521 	DATA 	Keypress: equal
1128.3521 	DATA 	Keypress: equal
1129.8522 	DATA 	Keypress: equal
1131.3519 	DATA 	Keypress: equal
1132.8519 	DATA 	Keypress: equal
1134.3518 	DATA 	Keypress: equal
1135.8518 	DATA 	Keypress: equal
1137.3519 	DATA 	Keypress: equal
1138.8518 	DATA 	Keypress: equal
1140.3517 	DATA 	Keypress: equal
1141.8521 	DATA 	Keypress: equal
1143.3517 	DATA 	Keypress: equal
1144.8517 	DATA 	Keypress: equal
1146.3517 	DATA 	Keypress: equal
1147.8517 	DATA 	Keypress: equal
1149.3518 	DATA 	Keypress: equal
1150.5849 	DATA 	Keypress: space
1150.7151 	EXP 	New trial (rep=0, index=9): OrderedDict([('cue', 'stimsday2details/C23.png')])
1150.7333 	EXP 	cueImage: autoDraw = False
1150.7333 	EXP 	text: autoDraw = False
1150.7333 	EXP 	cueImage: image = 'stimsday2details/C23.png'
1150.7333 	EXP 	cueImage: autoDraw = True
1150.7333 	EXP 	text: autoDraw = True
1150.8516 	DATA 	Keypress: equal
1152.3516 	DATA 	Keypress: equal
1153.8518 	DATA 	Keypress: equal
1155.3516 	DATA 	Keypress: equal
1156.8516 	DATA 	Keypress: equal
1158.3517 	DATA 	Keypress: equal
1159.8516 	DATA 	Keypress: equal
1161.3515 	DATA 	Keypress: equal
1162.8515 	DATA 	Keypress: equal
1164.3515 	DATA 	Keypress: equal
1165.8515 	DATA 	Keypress: equal
1167.3515 	DATA 	Keypress: equal
1168.8517 	DATA 	Keypress: equal
1170.3513 	DATA 	Keypress: equal
1171.8515 	DATA 	Keypress: equal
1173.3514 	DATA 	Keypress: equal
1174.8513 	DATA 	Keypress: equal
1176.3513 	DATA 	Keypress: equal
1177.8512 	DATA 	Keypress: equal
1179.3514 	DATA 	Keypress: equal
1180.8514 	DATA 	Keypress: equal
1182.3513 	DATA 	Keypress: equal
1183.8512 	DATA 	Keypress: equal
1185.3515 	DATA 	Keypress: equal
1186.8512 	DATA 	Keypress: equal
1188.3511 	DATA 	Keypress: equal
1189.8511 	DATA 	Keypress: equal
1191.3511 	DATA 	Keypress: equal
1192.8512 	DATA 	Keypress: equal
1194.3511 	DATA 	Keypress: equal
1195.8510 	DATA 	Keypress: equal
1197.3510 	DATA 	Keypress: equal
1198.8510 	DATA 	Keypress: equal
1200.3513 	DATA 	Keypress: equal
1201.8510 	DATA 	Keypress: equal
1203.3510 	DATA 	Keypress: equal
1204.8511 	DATA 	Keypress: equal
1206.3509 	DATA 	Keypress: equal
1207.8509 	DATA 	Keypress: equal
1209.3510 	DATA 	Keypress: equal
1210.8513 	DATA 	Keypress: equal
1212.3511 	DATA 	Keypress: equal
1213.8509 	DATA 	Keypress: equal
1215.3509 	DATA 	Keypress: equal
1216.8512 	DATA 	Keypress: equal
1218.3509 	DATA 	Keypress: equal
1219.8507 	DATA 	Keypress: equal
1221.3508 	DATA 	Keypress: equal
1222.8507 	DATA 	Keypress: equal
1224.3511 	DATA 	Keypress: equal
1225.8507 	DATA 	Keypress: equal
1227.3508 	DATA 	Keypress: equal
1228.8510 	DATA 	Keypress: equal
1230.3507 	DATA 	Keypress: equal
1231.8506 	DATA 	Keypress: equal
1233.3507 	DATA 	Keypress: equal
1234.8506 	DATA 	Keypress: equal
1236.3508 	DATA 	Keypress: equal
1237.8506 	DATA 	Keypress: equal
1239.3505 	DATA 	Keypress: equal
1240.8508 	DATA 	Keypress: equal
1242.3505 	DATA 	Keypress: equal
1243.8504 	DATA 	Keypress: equal
1245.3505 	DATA 	Keypress: equal
1246.8505 	DATA 	Keypress: equal
1248.3507 	DATA 	Keypress: equal
1249.8505 	DATA 	Keypress: equal
1251.3504 	DATA 	Keypress: equal
1252.8506 	DATA 	Keypress: equal
1254.3504 	DATA 	Keypress: equal
1254.4667 	DATA 	Keypress: space
1254.6072 	EXP 	New trial (rep=0, index=10): OrderedDict([('cue', 'stimsday2details/C22.png')])
1254.6318 	EXP 	cueImage: autoDraw = False
1254.6318 	EXP 	text: autoDraw = False
1254.6318 	EXP 	cueImage: image = 'stimsday2details/C22.png'
1254.6318 	EXP 	cueImage: autoDraw = True
1254.6318 	EXP 	text: autoDraw = True
1255.8507 	DATA 	Keypress: equal
1257.3504 	DATA 	Keypress: equal
1258.8504 	DATA 	Keypress: equal
1260.3503 	DATA 	Keypress: equal
1261.8505 	DATA 	Keypress: equal
1263.3503 	DATA 	Keypress: equal
1264.8502 	DATA 	Keypress: equal
1266.3504 	DATA 	Keypress: equal
1267.8502 	DATA 	Keypress: equal
1269.3503 	DATA 	Keypress: equal
1270.8501 	DATA 	Keypress: equal
1272.3501 	DATA 	Keypress: equal
1273.8502 	DATA 	Keypress: equal
1275.3501 	DATA 	Keypress: equal
1276.8504 	DATA 	Keypress: equal
1278.3502 	DATA 	Keypress: equal
1279.8501 	DATA 	Keypress: equal
1281.3501 	DATA 	Keypress: equal
1282.8500 	DATA 	Keypress: equal
1284.3500 	DATA 	Keypress: equal
1285.8501 	DATA 	Keypress: equal
1287.3499 	DATA 	Keypress: equal
1288.8500 	DATA 	Keypress: equal
1290.3501 	DATA 	Keypress: equal
1291.8500 	DATA 	Keypress: equal
1293.3501 	DATA 	Keypress: equal
1294.8499 	DATA 	Keypress: equal
1296.3498 	DATA 	Keypress: equal
1297.8499 	DATA 	Keypress: equal
1299.3498 	DATA 	Keypress: equal
1300.8498 	DATA 	Keypress: equal
1302.3498 	DATA 	Keypress: equal
1303.8497 	DATA 	Keypress: equal
1305.3497 	DATA 	Keypress: equal
1306.8496 	DATA 	Keypress: equal
1308.3497 	DATA 	Keypress: equal
1309.8499 	DATA 	Keypress: equal
1311.3497 	DATA 	Keypress: equal
1312.8497 	DATA 	Keypress: equal
1314.3496 	DATA 	Keypress: equal
1315.8498 	DATA 	Keypress: equal
1317.3496 	DATA 	Keypress: equal
1318.8496 	DATA 	Keypress: equal
1320.3496 	DATA 	Keypress: equal
1321.8500 	DATA 	Keypress: equal
1323.3495 	DATA 	Keypress: equal
1324.8495 	DATA 	Keypress: equal
1326.3495 	DATA 	Keypress: equal
1327.8494 	DATA 	Keypress: equal
1329.3495 	DATA 	Keypress: equal
1330.8495 	DATA 	Keypress: equal
1332.3495 	DATA 	Keypress: equal
1333.8496 	DATA 	Keypress: equal
1335.3493 	DATA 	Keypress: equal
1336.8494 	DATA 	Keypress: equal
1338.3494 	DATA 	Keypress: equal
1339.8495 	DATA 	Keypress: equal
1341.3492 	DATA 	Keypress: equal
1342.8492 	DATA 	Keypress: equal
1344.3493 	DATA 	Keypress: equal
1345.8497 	DATA 	Keypress: equal
1347.3493 	DATA 	Keypress: equal
1348.8492 	DATA 	Keypress: equal
1350.3492 	DATA 	Keypress: equal
1351.8491 	DATA 	Keypress: equal
1353.3491 	DATA 	Keypress: equal
1354.8491 	DATA 	Keypress: equal
1356.3491 	DATA 	Keypress: equal
1357.8494 	DATA 	Keypress: equal
1359.3490 	DATA 	Keypress: equal
1360.8490 	DATA 	Keypress: equal
1362.3491 	DATA 	Keypress: equal
1363.8491 	DATA 	Keypress: equal
1365.3494 	DATA 	Keypress: equal
1366.8490 	DATA 	Keypress: equal
1368.3489 	DATA 	Keypress: equal
1369.8493 	DATA 	Keypress: equal
1371.3492 	DATA 	Keypress: equal
1372.8488 	DATA 	Keypress: equal
1374.3490 	DATA 	Keypress: equal
1375.8492 	DATA 	Keypress: equal
1377.3490 	DATA 	Keypress: equal
1378.8490 	DATA 	Keypress: equal
1380.3487 	DATA 	Keypress: equal
1381.8494 	DATA 	Keypress: equal
1383.3488 	DATA 	Keypress: equal
1384.8490 	DATA 	Keypress: equal
1386.3487 	DATA 	Keypress: equal
1387.8487 	DATA 	Keypress: equal
1389.3489 	DATA 	Keypress: equal
1390.8487 	DATA 	Keypress: equal
1392.3486 	DATA 	Keypress: equal
1393.3652 	DATA 	Keypress: space
1393.4974 	EXP 	New trial (rep=0, index=11): OrderedDict([('cue', 'stimsday2details/C28.png')])
1393.5134 	EXP 	cueImage: autoDraw = False
1393.5134 	EXP 	text: autoDraw = False
1393.5134 	EXP 	cueImage: image = 'stimsday2details/C28.png'
1393.5134 	EXP 	cueImage: autoDraw = True
1393.5134 	EXP 	text: autoDraw = True
1393.8486 	DATA 	Keypress: equal
1395.3487 	DATA 	Keypress: equal
1396.8487 	DATA 	Keypress: equal
1398.3486 	DATA 	Keypress: equal
1399.8486 	DATA 	Keypress: equal
1401.3487 	DATA 	Keypress: equal
1402.8485 	DATA 	Keypress: equal
1404.3485 	DATA 	Keypress: equal
1405.8485 	DATA 	Keypress: equal
1407.3485 	DATA 	Keypress: equal
1408.8485 	DATA 	Keypress: equal
1410.3485 	DATA 	Keypress: equal
1411.8488 	DATA 	Keypress: equal
1413.3486 	DATA 	Keypress: equal
1414.8484 	DATA 	Keypress: equal
1416.3483 	DATA 	Keypress: equal
1417.8484 	DATA 	Keypress: equal
1419.3484 	DATA 	Keypress: equal
1420.8485 	DATA 	Keypress: equal
1422.3483 	DATA 	Keypress: equal
1423.8483 	DATA 	Keypress: equal
1425.3482 	DATA 	Keypress: equal
1426.8484 	DATA 	Keypress: equal
1428.3483 	DATA 	Keypress: equal
1429.8485 	DATA 	Keypress: equal
1431.3481 	DATA 	Keypress: equal
1432.8484 	DATA 	Keypress: equal
1434.3481 	DATA 	Keypress: equal
1435.8482 	DATA 	Keypress: equal
1437.3482 	DATA 	Keypress: equal
1438.8481 	DATA 	Keypress: equal
1440.3481 	DATA 	Keypress: equal
1441.8480 	DATA 	Keypress: equal
1443.3481 	DATA 	Keypress: equal
1444.8483 	DATA 	Keypress: equal
1446.3480 	DATA 	Keypress: equal
1447.8481 	DATA 	Keypress: equal
1449.3480 	DATA 	Keypress: equal
1450.8329 	DATA 	Keypress: equal
1452.3478 	DATA 	Keypress: equal
1453.8481 	DATA 	Keypress: equal
1455.3482 	DATA 	Keypress: equal
1456.8333 	DATA 	Keypress: equal
1458.3331 	DATA 	Keypress: equal
1459.8478 	DATA 	Keypress: equal
1461.3479 	DATA 	Keypress: equal
1462.8477 	DATA 	Keypress: equal
1464.3477 	DATA 	Keypress: equal
1465.8477 	DATA 	Keypress: equal
1467.3478 	DATA 	Keypress: equal
1468.8479 	DATA 	Keypress: equal
1470.3477 	DATA 	Keypress: equal
1471.8477 	DATA 	Keypress: equal
1473.3480 	DATA 	Keypress: equal
1474.8324 	DATA 	Keypress: equal
1476.3325 	DATA 	Keypress: equal
1477.8331 	DATA 	Keypress: equal
1479.3328 	DATA 	Keypress: equal
1480.8323 	DATA 	Keypress: equal
1482.3328 	DATA 	Keypress: equal
1483.8325 	DATA 	Keypress: equal
1485.3325 	DATA 	Keypress: equal
1486.8324 	DATA 	Keypress: equal
1488.3325 	DATA 	Keypress: equal
1489.8329 	DATA 	Keypress: equal
1491.3328 	DATA 	Keypress: equal
1492.8325 	DATA 	Keypress: equal
1494.3330 	DATA 	Keypress: equal
1495.8328 	DATA 	Keypress: equal
1497.3322 	DATA 	Keypress: equal
1498.8476 	DATA 	Keypress: equal
1500.3314 	DATA 	Keypress: equal
1501.8312 	DATA 	Keypress: equal
1503.3322 	DATA 	Keypress: equal
1504.8322 	DATA 	Keypress: equal
1506.3311 	DATA 	Keypress: equal
1507.8321 	DATA 	Keypress: equal
1509.3312 	DATA 	Keypress: equal
1510.8325 	DATA 	Keypress: equal
1512.3321 	DATA 	Keypress: equal
1513.8323 	DATA 	Keypress: equal
1515.3318 	DATA 	Keypress: equal
1516.8320 	DATA 	Keypress: equal
1518.3320 	DATA 	Keypress: equal
1519.8322 	DATA 	Keypress: equal
1521.3322 	DATA 	Keypress: equal
1522.8320 	DATA 	Keypress: equal
1524.3319 	DATA 	Keypress: equal
1525.8302 	DATA 	Keypress: equal
1527.3303 	DATA 	Keypress: equal
1528.8304 	DATA 	Keypress: equal
1530.3303 	DATA 	Keypress: equal
1531.8302 	DATA 	Keypress: equal
1533.3303 	DATA 	Keypress: equal
1534.8302 	DATA 	Keypress: equal
1536.1634 	DATA 	Keypress: space
1536.3818 	DATA 	Keypress: equal
1536.3950 	EXP 	cueImage: autoDraw = False
1536.3950 	EXP 	text: autoDraw = False
1536.6790 	EXP 	window1: mouseVisible = True
