2.1906 	WARNING 	Import Error: No module named 'psychtoolbox'. Using event module for keyboard component.
5.4327 	WARNING 	User requested fullscreen with size [2560 1440], but screen is actually [1920, 1080]. Using actual size
6.0902 	EXP 	Created window1 = Window(allowGUI=False, allowStencil=False, args=UNKNOWN, autoLog=True, bitsMode=UNKNOWN, blendMode='avg', color=array([0., 0., 0.]), colorSpace='rgb', fullscr=<method-wrapper '__getattribute__' of attributeSetter object at 0x131fbb3198>, gamma=None, kwargs=UNKNOWN, lms=UNKNOWN, monitor=<psychopy.monitors.calibTools.Monitor object at 0x1321888cc0>, multiSample=False, name='window1', numSamples=2, pos=[0.0, 0.0], screen=0, size=array([1920, 1080]), stereo=False, units='norm', useFBO=True, useRetina=False, viewOri=0.0, viewPos=None, viewScale=None, waitBlanking=True, winType='pyglet')
6.0903 	EXP 	window1: recordFrameIntervals = False
6.2558 	EXP 	window1: recordFrameIntervals = True
6.4398 	EXP 	window1: recordFrameIntervals = False
6.5742 	EXP 	Created text = TextStim(__class__=<class 'psychopy.visual.text.TextStim'>, alignHoriz='center', alignVert='center', antialias=True, autoLog=True, bold=False, color='white', colorSpace='named', contrast=1.0, depth=0.0, flipHoriz=False, flipVert=False, font='Arial', fontFiles=[], height=0.1, italic=False, languageStyle='LTR', name='text', opacity=1.0, ori=0, pos=array([0., 0.]), rgb=array([255., 255., 255.]), text='Waiting for experimenter...', units='norm', win=Window(...), wrapWidth=1)
6.5831 	EXP 	Created waiting = TextStim(__class__=<class 'psychopy.visual.text.TextStim'>, alignHoriz='center', alignVert='center', antialias=True, autoLog=True, bold=False, color='white', colorSpace='named', contrast=1.0, depth=0.0, flipHoriz=False, flipVert=False, font='Arial', fontFiles=[], height=0.1, italic=False, languageStyle='LTR', name='waiting', opacity=1.0, ori=0, pos=array([0., 0.]), rgb=array([255., 255., 255.]), text='Waiting for scanner...', units='norm', win=Window(...), wrapWidth=1)
6.6085 	EXP 	Created image_3 = ImageStim(__class__=<class 'psychopy.visual.image.ImageStim'>, autoLog=True, color=array([1., 1., 1.]), colorSpace='rgb', contrast=1.0, depth=0.0, flipHoriz=False, flipVert=False, image='north.png', interpolate=True, mask=None, maskParams=None, name='image_3', opacity=1.0, ori=0.0, pos=array([0., 0.]), size=array([0.5, 0.5]), texRes=128, units='norm', win=Window(...))
6.6193 	EXP 	Created l2q = ImageStim(__class__=<class 'psychopy.visual.image.ImageStim'>, autoLog=True, color=array([1., 1., 1.]), colorSpace='rgb', contrast=1.0, depth=-4.0, flipHoriz=False, flipVert=False, image='LAYER2Q.png', interpolate=True, mask=None, maskParams=None, name='l2q', opacity=1.0, ori=0.0, pos=array([0., 0.]), size=array([0.5, 0.5]), texRes=128, units='norm', win=Window(...))
6.6301 	EXP 	Created l3q = ImageStim(__class__=<class 'psychopy.visual.image.ImageStim'>, autoLog=True, color=array([1., 1., 1.]), colorSpace='rgb', contrast=1.0, depth=-6.0, flipHoriz=False, flipVert=False, image='LAYER3Q.png', interpolate=True, mask=None, maskParams=None, name='l3q', opacity=1.0, ori=0.0, pos=array([0., 0.]), size=array([0.5, 0.5]), texRes=128, units='norm', win=Window(...))
6.6362 	EXP 	Created nameQ1 = ImageStim(__class__=<class 'psychopy.visual.image.ImageStim'>, autoLog=True, color=array([1., 1., 1.]), colorSpace='rgb', contrast=1.0, depth=-1.0, flipHoriz=False, flipVert=False, image='sin', interpolate=True, mask=None, maskParams=None, name='nameQ1', opacity=1.0, ori=0.0, pos=array([-0.5, -0.2]), size=array([0.5, 0.5]), texRes=128, units='norm', win=Window(...))
6.6386 	EXP 	Created nameQ2 = ImageStim(__class__=<class 'psychopy.visual.image.ImageStim'>, autoLog=True, color=array([1., 1., 1.]), colorSpace='rgb', contrast=1.0, depth=-2.0, flipHoriz=False, flipVert=False, image='sin', interpolate=True, mask=None, maskParams=None, name='nameQ2', opacity=1.0, ori=0.0, pos=array([ 0.5, -0.2]), size=array([0.5, 0.5]), texRes=128, units='norm', win=Window(...))
6.6410 	EXP 	Created eggPainting1 = ImageStim(__class__=<class 'psychopy.visual.image.ImageStim'>, autoLog=True, color=array([1., 1., 1.]), colorSpace='rgb', contrast=1.0, depth=0.0, flipHoriz=False, flipVert=False, image='sin', interpolate=True, mask=None, maskParams=None, name='eggPainting1', opacity=1.0, ori=0.0, pos=array([-0.5, -0.2]), size=array([0.7, 1. ]), texRes=128, units='norm', win=Window(...))
6.6433 	EXP 	Created eggPainting2 = ImageStim(__class__=<class 'psychopy.visual.image.ImageStim'>, autoLog=True, color=array([1., 1., 1.]), colorSpace='rgb', contrast=1.0, depth=-2.0, flipHoriz=False, flipVert=False, image='sin', interpolate=True, mask=None, maskParams=None, name='eggPainting2', opacity=1.0, ori=0.0, pos=array([ 0.5, -0.2]), size=array([0.7, 1. ]), texRes=128, units='norm', win=Window(...))
6.6456 	EXP 	Created character1 = ImageStim(__class__=<class 'psychopy.visual.image.ImageStim'>, autoLog=True, color=array([1., 1., 1.]), colorSpace='rgb', contrast=1.0, depth=0.0, flipHoriz=False, flipVert=False, image='sin', interpolate=True, mask=None, maskParams=None, name='character1', opacity=1.0, ori=0.0, pos=array([-0.5, -0.2]), size=array([0.5, 1. ]), texRes=128, units='norm', win=Window(...))
6.6480 	EXP 	Created character2 = ImageStim(__class__=<class 'psychopy.visual.image.ImageStim'>, autoLog=True, color=array([1., 1., 1.]), colorSpace='rgb', contrast=1.0, depth=-1.0, flipHoriz=False, flipVert=False, image='sin', interpolate=True, mask=None, maskParams=None, name='character2', opacity=1.0, ori=0.0, pos=array([ 0.5, -0.2]), size=array([0.5, 1. ]), texRes=128, units='norm', win=Window(...))
6.6503 	EXP 	Created themeQ1 = ImageStim(__class__=<class 'psychopy.visual.image.ImageStim'>, autoLog=True, color=array([1., 1., 1.]), colorSpace='rgb', contrast=1.0, depth=-1.0, flipHoriz=False, flipVert=False, image='sin', interpolate=True, mask=None, maskParams=None, name='themeQ1', opacity=1.0, ori=0.0, pos=array([-0.5, -0.2]), size=array([0.5, 0.5]), texRes=128, units='norm', win=Window(...))
6.6527 	EXP 	Created themeQ2 = ImageStim(__class__=<class 'psychopy.visual.image.ImageStim'>, autoLog=True, color=array([1., 1., 1.]), colorSpace='rgb', contrast=1.0, depth=-2.0, flipHoriz=False, flipVert=False, image='sin', interpolate=True, mask=None, maskParams=None, name='themeQ2', opacity=1.0, ori=0.0, pos=array([ 0.5, -0.2]), size=array([0.5, 0.5]), texRes=128, units='norm', win=Window(...))
6.6550 	EXP 	Created gift1 = ImageStim(__class__=<class 'psychopy.visual.image.ImageStim'>, autoLog=True, color=array([1., 1., 1.]), colorSpace='rgb', contrast=1.0, depth=0.0, flipHoriz=False, flipVert=False, image='sin', interpolate=True, mask=None, maskParams=None, name='gift1', opacity=1.0, ori=0.0, pos=array([-0.5, -0.2]), size=array([0.5, 0.5]), texRes=128, units='norm', win=Window(...))
6.6573 	EXP 	Created gift2 = ImageStim(__class__=<class 'psychopy.visual.image.ImageStim'>, autoLog=True, color=array([1., 1., 1.]), colorSpace='rgb', contrast=1.0, depth=-1.0, flipHoriz=False, flipVert=False, image='sin', interpolate=True, mask=None, maskParams=None, name='gift2', opacity=1.0, ori=0.0, pos=array([ 0.5, -0.2]), size=array([0.5, 0.5]), texRes=128, units='norm', win=Window(...))
6.6613 	EXP 	Created northorsouth1 = ImageStim(__class__=<class 'psychopy.visual.image.ImageStim'>, autoLog=True, color=array([1., 1., 1.]), colorSpace='rgb', contrast=1.0, depth=0.0, flipHoriz=False, flipVert=False, image='northorsouth1.png', interpolate=True, mask=None, maskParams=None, name='northorsouth1', opacity=1.0, ori=0.0, pos=array([-0.5, -0.2]), size=array([0.5, 0.5]), texRes=128, units='norm', win=Window(...))
6.6657 	EXP 	Created northorsouth2 = ImageStim(__class__=<class 'psychopy.visual.image.ImageStim'>, autoLog=True, color=array([1., 1., 1.]), colorSpace='rgb', contrast=1.0, depth=-2.0, flipHoriz=False, flipVert=False, image='northorsouth2.png', interpolate=True, mask=None, maskParams=None, name='northorsouth2', opacity=1.0, ori=0.0, pos=array([ 0.5, -0.2]), size=array([0.5, 0.5]), texRes=128, units='norm', win=Window(...))
6.6890 	EXP 	text: autoDraw = True
7.4425 	DATA 	Keypress: g
7.4557 	EXP 	text: autoDraw = False
7.4557 	EXP 	waiting: autoDraw = True
28.5784 	DATA 	Keypress: equal
28.5897 	EXP 	Imported chooseBlock1.csv as conditions, 6 conditions, 1 params
28.5902 	EXP 	Created sequence: random, trialTypes=6, nReps=1, seed=None
28.5906 	EXP 	New trial (rep=0, index=0): OrderedDict([('condsFile', 'videoBlock_schemaN_pathA_1.csv')])
28.6000 	EXP 	Imported videoBlock_schemaN_pathA_1.csv as conditions, 1 conditions, 17 params
28.6004 	EXP 	Created sequence: random, trialTypes=1, nReps=1, seed=None
28.6010 	EXP 	New trial (rep=0, index=0): OrderedDict([('northOrSouth', 'north.png'), ('stimFile1a', 'stims/wedding-3.1a.mp4'), ('stimFile1b', 'stims/wedding-3.1b.mp4'), ('stimFile2', 'stims/wedding-3.2a.mp4'), ('stimFile3', 'stims/wedding-3.3a.mp4'), ('stimFile4', 'stims/wedding-3.4a.mp4'), ('stimFile5', 'stims/wedding-3.5.mp4'), ('QeggPainting1', 'stimsday1details/egg3.png'), ('Qcharacter1', 'stimsday1details/couple3.png'), ('Qgift1', 'stimsday1details/new1.png'), ('QeggPainting2', 'stimsday1details/newegg1.png'), ('Qcharacter2', 'stimsday1details/newperson1.png'), ('Qgift2', 'stimsday1details/gift3.png'), ('Qname1', 'stimsday1details/cn3.png'), ('Qtheme1', 'stimsday1details/t3.png'), ('Qname2', 'stimsday1details/n3.png'), ('Qtheme2', 'stimsday1details/ct3.png')])
28.6118 	EXP 	waiting: autoDraw = False
28.6118 	EXP 	image_3: autoDraw = True
30.0781 	DATA 	Keypress: equal
30.5986 	EXP 	Created sequence: random, trialTypes=1, nReps=1, seed=None
30.5989 	EXP 	New trial (rep=0, index=0): None
31.1519 	EXP 	Created vid1a = MovieStim3(__class__=<class 'psychopy.visual.movie3.MovieStim3'>, autoLog=True, color=UNKNOWN, colorSpace=UNKNOWN, depth=-1.0, filename='stims/wedding-3.1a.mp4', flipHoriz=False, flipVert=False, fps=UNKNOWN, interpolate=True, loop=False, name='vid1a', noAudio=False, opacity=1.0, ori=0, pos=array([0., 0.]), size=array([1280.,  720.]), units='pix', vframe_callback=UNKNOWN, volume=UNKNOWN, win=Window(...))
31.4889 	EXP 	Created vid1b = MovieStim3(__class__=<class 'psychopy.visual.movie3.MovieStim3'>, autoLog=True, color=UNKNOWN, colorSpace=UNKNOWN, depth=-2.0, filename='stims/wedding-3.1b.mp4', flipHoriz=False, flipVert=False, fps=UNKNOWN, interpolate=True, loop=False, name='vid1b', noAudio=False, opacity=1.0, ori=0, pos=array([0., 0.]), size=array([1280.,  720.]), units='pix', vframe_callback=UNKNOWN, volume=UNKNOWN, win=Window(...))
31.9673 	EXP 	Created vid2 = MovieStim3(__class__=<class 'psychopy.visual.movie3.MovieStim3'>, autoLog=True, color=UNKNOWN, colorSpace=UNKNOWN, depth=-3.0, filename='stims/wedding-3.2a.mp4', flipHoriz=False, flipVert=False, fps=UNKNOWN, interpolate=True, loop=False, name='vid2', noAudio=False, opacity=1.0, ori=0, pos=array([0., 0.]), size=array([1280.,  720.]), units='pix', vframe_callback=UNKNOWN, volume=UNKNOWN, win=Window(...))
32.4294 	EXP 	Created vid3 = MovieStim3(__class__=<class 'psychopy.visual.movie3.MovieStim3'>, autoLog=True, color=UNKNOWN, colorSpace=UNKNOWN, depth=-4.0, filename='stims/wedding-3.3a.mp4', flipHoriz=False, flipVert=False, fps=UNKNOWN, interpolate=True, loop=False, name='vid3', noAudio=False, opacity=1.0, ori=0, pos=array([0., 0.]), size=array([1280.,  720.]), units='pix', vframe_callback=UNKNOWN, volume=UNKNOWN, win=Window(...))
32.9004 	EXP 	Created vid4 = MovieStim3(__class__=<class 'psychopy.visual.movie3.MovieStim3'>, autoLog=True, color=UNKNOWN, colorSpace=UNKNOWN, depth=-5.0, filename='stims/wedding-3.4a.mp4', flipHoriz=False, flipVert=False, fps=UNKNOWN, interpolate=True, loop=False, name='vid4', noAudio=False, opacity=1.0, ori=0, pos=array([0., 0.]), size=array([1280.,  720.]), units='pix', vframe_callback=UNKNOWN, volume=UNKNOWN, win=Window(...))
33.2891 	EXP 	Created vid5 = MovieStim3(__class__=<class 'psychopy.visual.movie3.MovieStim3'>, autoLog=True, color=UNKNOWN, colorSpace=UNKNOWN, depth=-6.0, filename='stims/wedding-3.5.mp4', flipHoriz=False, flipVert=False, fps=UNKNOWN, interpolate=True, loop=False, name='vid5', noAudio=False, opacity=1.0, ori=0, pos=array([0., 0.]), size=array([1280.,  720.]), units='pix', vframe_callback=UNKNOWN, volume=UNKNOWN, win=Window(...))
33.3314 	EXP 	Created sequence: random, trialTypes=1, nReps=1, seed=None
33.3318 	EXP 	New trial (rep=0, index=0): None
33.7506 	EXP 	Created vid1a_q = MovieStim3(__class__=<class 'psychopy.visual.movie3.MovieStim3'>, autoLog=True, color=UNKNOWN, colorSpace=UNKNOWN, depth=-1.0, filename='stims/wedding-3.1a.mp4', flipHoriz=False, flipVert=False, fps=UNKNOWN, interpolate=True, loop=False, name='vid1a_q', noAudio=False, opacity=1.0, ori=0, pos=array([0., 0.]), size=array([1280.,  720.]), units='pix', vframe_callback=UNKNOWN, volume=UNKNOWN, win=Window(...))
34.0865 	EXP 	Created vid1b_q = MovieStim3(__class__=<class 'psychopy.visual.movie3.MovieStim3'>, autoLog=True, color=UNKNOWN, colorSpace=UNKNOWN, depth=-2.0, filename='stims/wedding-3.1b.mp4', flipHoriz=False, flipVert=False, fps=UNKNOWN, interpolate=True, loop=False, name='vid1b_q', noAudio=False, opacity=1.0, ori=0, pos=array([0., 0.]), size=array([1280.,  720.]), units='pix', vframe_callback=UNKNOWN, volume=UNKNOWN, win=Window(...))
34.5506 	EXP 	Created vid2_q = MovieStim3(__class__=<class 'psychopy.visual.movie3.MovieStim3'>, autoLog=True, color=UNKNOWN, colorSpace=UNKNOWN, depth=-3.0, filename='stims/wedding-3.2a.mp4', flipHoriz=False, flipVert=False, fps=UNKNOWN, interpolate=True, loop=False, name='vid2_q', noAudio=False, opacity=1.0, ori=0, pos=array([0., 0.]), size=array([1280.,  720.]), units='pix', vframe_callback=UNKNOWN, volume=UNKNOWN, win=Window(...))
35.0120 	EXP 	Created vid3_q = MovieStim3(__class__=<class 'psychopy.visual.movie3.MovieStim3'>, autoLog=True, color=UNKNOWN, colorSpace=UNKNOWN, depth=-5.0, filename='stims/wedding-3.3a.mp4', flipHoriz=False, flipVert=False, fps=UNKNOWN, interpolate=True, loop=False, name='vid3_q', noAudio=False, opacity=1.0, ori=0, pos=array([0., 0.]), size=array([1280.,  720.]), units='pix', vframe_callback=UNKNOWN, volume=UNKNOWN, win=Window(...))
35.4733 	EXP 	Created vid4_q = MovieStim3(__class__=<class 'psychopy.visual.movie3.MovieStim3'>, autoLog=True, color=UNKNOWN, colorSpace=UNKNOWN, depth=-7.0, filename='stims/wedding-3.4a.mp4', flipHoriz=False, flipVert=False, fps=UNKNOWN, interpolate=True, loop=False, name='vid4_q', noAudio=False, opacity=1.0, ori=0, pos=array([0., 0.]), size=array([1280.,  720.]), units='pix', vframe_callback=UNKNOWN, volume=UNKNOWN, win=Window(...))
35.8521 	EXP 	Created vid5_q = MovieStim3(__class__=<class 'psychopy.visual.movie3.MovieStim3'>, autoLog=True, color=UNKNOWN, colorSpace=UNKNOWN, depth=-8.0, filename='stims/wedding-3.5.mp4', flipHoriz=False, flipVert=False, fps=UNKNOWN, interpolate=True, loop=False, name='vid5_q', noAudio=False, opacity=1.0, ori=0, pos=array([0., 0.]), size=array([1280.,  720.]), units='pix', vframe_callback=UNKNOWN, volume=UNKNOWN, win=Window(...))
35.8527 	EXP 	window1: recordFrameIntervals = False
35.8564 	DATA 	Keypress: equal
35.8590 	DATA 	Keypress: equal
35.8616 	DATA 	Keypress: equal
35.8717 	EXP 	image_3: autoDraw = False
35.8717 	EXP 	vid1a: movie = 'stims/wedding-3.1a.mp4'
35.8717 	EXP 	vid1a: autoLog = True
35.8717 	EXP 	vid1b: movie = 'stims/wedding-3.1b.mp4'
35.8717 	EXP 	vid1b: autoLog = True
35.8717 	EXP 	vid2: movie = 'stims/wedding-3.2a.mp4'
35.8717 	EXP 	vid2: autoLog = True
35.8717 	EXP 	vid3: movie = 'stims/wedding-3.3a.mp4'
35.8717 	EXP 	vid3: autoLog = True
35.8717 	EXP 	vid4: movie = 'stims/wedding-3.4a.mp4'
35.8717 	EXP 	vid4: autoLog = True
35.8717 	EXP 	vid5: movie = 'stims/wedding-3.5.mp4'
35.8717 	EXP 	vid5: autoLog = True
35.8717 	EXP 	vid1a: autoDraw = False
35.8717 	EXP 	vid1b: autoDraw = False
35.8717 	EXP 	vid2: autoDraw = False
35.8717 	EXP 	vid3: autoDraw = False
35.8717 	EXP 	vid4: autoDraw = False
35.8717 	EXP 	vid5: autoDraw = False
35.8717 	EXP 	vid1a_q: movie = 'stims/wedding-3.1a.mp4'
35.8717 	EXP 	vid1a_q: autoLog = True
35.8717 	EXP 	vid1b_q: movie = 'stims/wedding-3.1b.mp4'
35.8717 	EXP 	vid1b_q: autoLog = True
35.8717 	EXP 	vid2_q: movie = 'stims/wedding-3.2a.mp4'
35.8717 	EXP 	vid2_q: autoLog = True
35.8717 	EXP 	vid3_q: movie = 'stims/wedding-3.3a.mp4'
35.8717 	EXP 	vid3_q: autoLog = True
35.8717 	EXP 	vid4_q: movie = 'stims/wedding-3.4a.mp4'
35.8717 	EXP 	vid4_q: autoLog = True
35.8717 	EXP 	vid5_q: movie = 'stims/wedding-3.5.mp4'
35.8717 	EXP 	vid5_q: autoLog = True
38.3967 	EXP 	window1: recordFrameIntervals = False
40.6403 	DATA 	Keypress: equal
40.6429 	DATA 	Keypress: equal
40.6449 	DATA 	Keypress: equal
40.6470 	DATA 	Keypress: equal
40.8553 	EXP 	vid1a_q: movie = 'stims/wedding-3.1a.mp4'
40.8553 	EXP 	vid1b_q: movie = 'stims/wedding-3.1b.mp4'
40.8553 	EXP 	vid2_q: movie = 'stims/wedding-3.2a.mp4'
40.8553 	EXP 	vid3_q: movie = 'stims/wedding-3.3a.mp4'
40.8553 	EXP 	vid4_q: movie = 'stims/wedding-3.4a.mp4'
40.8553 	EXP 	vid5_q: movie = 'stims/wedding-3.5.mp4'
40.8720 	EXP 	vid1a_q: autoDraw = True
42.0745 	DATA 	Keypress: equal
43.5742 	DATA 	Keypress: equal
45.0737 	DATA 	Keypress: equal
46.5788 	DATA 	Keypress: equal
48.0736 	DATA 	Keypress: equal
49.5734 	DATA 	Keypress: equal
51.0741 	DATA 	Keypress: equal
52.5745 	DATA 	Keypress: equal
54.0734 	DATA 	Keypress: equal
55.3425 	EXP 	vid1a_q: autoDraw = False
55.3550 	EXP 	vid1b_q: autoDraw = True
55.5731 	DATA 	Keypress: equal
57.0703 	DATA 	Keypress: equal
58.5745 	DATA 	Keypress: equal
60.0713 	DATA 	Keypress: equal
61.5743 	DATA 	Keypress: equal
63.0773 	DATA 	Keypress: equal
63.8376 	EXP 	Set vid1b_q finished
64.3548 	EXP 	vid2_q: autoDraw = True
64.5657 	DATA 	Keypress: equal
66.0735 	DATA 	Keypress: equal
67.5729 	DATA 	Keypress: equal
69.0735 	DATA 	Keypress: equal
70.5729 	DATA 	Keypress: equal
72.0729 	DATA 	Keypress: equal
73.5685 	DATA 	Keypress: equal
75.0680 	DATA 	Keypress: equal
76.5659 	DATA 	Keypress: equal
78.0695 	DATA 	Keypress: equal
79.5746 	DATA 	Keypress: equal
81.0774 	DATA 	Keypress: equal
81.3423 	EXP 	vid2_q: autoDraw = False
81.3548 	EXP 	l2q: autoDraw = True
82.5736 	DATA 	Keypress: equal
83.9441 	DATA 	Keypress: 2
84.0819 	DATA 	Keypress: equal
85.0313 	DATA 	Keypress: 2
85.3421 	EXP 	l2q: autoDraw = False
85.3590 	EXP 	vid3_q: autoDraw = True
85.5685 	DATA 	Keypress: equal
87.0683 	DATA 	Keypress: equal
88.5730 	DATA 	Keypress: equal
90.0654 	DATA 	Keypress: equal
91.5739 	DATA 	Keypress: equal
93.0737 	DATA 	Keypress: equal
94.5735 	DATA 	Keypress: equal
96.0726 	DATA 	Keypress: equal
97.5780 	DATA 	Keypress: equal
99.0775 	DATA 	Keypress: equal
100.5731 	DATA 	Keypress: equal
102.0776 	DATA 	Keypress: equal
103.5737 	DATA 	Keypress: equal
105.0777 	DATA 	Keypress: equal
106.5784 	DATA 	Keypress: equal
108.0693 	DATA 	Keypress: equal
108.3416 	EXP 	vid3_q: autoDraw = False
108.3548 	EXP 	l3q: autoDraw = True
109.5731 	DATA 	Keypress: equal
110.8938 	DATA 	Keypress: 1
111.0722 	DATA 	Keypress: equal
112.3408 	EXP 	l3q: autoDraw = False
112.3549 	EXP 	vid4_q: autoDraw = True
112.5653 	DATA 	Keypress: equal
114.0681 	DATA 	Keypress: equal
115.5643 	DATA 	Keypress: equal
117.0634 	DATA 	Keypress: equal
118.5769 	DATA 	Keypress: equal
120.0721 	DATA 	Keypress: equal
121.5736 	DATA 	Keypress: equal
123.0775 	DATA 	Keypress: equal
124.5732 	DATA 	Keypress: equal
126.0767 	DATA 	Keypress: equal
127.5728 	DATA 	Keypress: equal
129.0745 	DATA 	Keypress: equal
130.5739 	DATA 	Keypress: equal
132.0652 	DATA 	Keypress: equal
133.5730 	DATA 	Keypress: equal
135.0641 	DATA 	Keypress: equal
135.5209 	EXP 	Set vid4_q finished
136.3542 	EXP 	vid5_q: autoDraw = True
136.5647 	DATA 	Keypress: equal
138.0722 	DATA 	Keypress: equal
139.5722 	DATA 	Keypress: equal
141.0761 	DATA 	Keypress: equal
142.5769 	DATA 	Keypress: equal
144.0721 	DATA 	Keypress: equal
145.5727 	DATA 	Keypress: equal
147.0716 	DATA 	Keypress: equal
148.5772 	DATA 	Keypress: equal
148.6704 	EXP 	Set vid5_q finished
148.7984 	EXP 	window1: recordFrameIntervals = False
148.8042 	EXP 	vid1a_q: autoDraw = False
148.8042 	EXP 	vid1b_q: autoDraw = False
148.8042 	EXP 	vid2_q: autoDraw = False
148.8042 	EXP 	l2q: autoDraw = False
148.8042 	EXP 	vid3_q: autoDraw = False
148.8042 	EXP 	l3q: autoDraw = False
148.8042 	EXP 	vid4_q: autoDraw = False
148.8042 	EXP 	vid5_q: autoDraw = False
148.9824 	EXP 	window1: recordFrameIntervals = False
150.5848 	DATA 	Keypress: equal
150.8033 	EXP 	eggPainting1: image = 'stimsday1details/egg3.png'
150.8033 	EXP 	eggPainting2: image = 'stimsday1details/newegg1.png'
150.8033 	EXP 	character1: image = 'stimsday1details/couple3.png'
150.8033 	EXP 	character2: image = 'stimsday1details/newperson1.png'
150.8033 	EXP 	gift1: image = 'stimsday1details/new1.png'
150.8033 	EXP 	gift2: image = 'stimsday1details/gift3.png'
150.8033 	EXP 	themeQ1: image = 'stimsday1details/t3.png'
150.8033 	EXP 	themeQ2: image = 'stimsday1details/ct3.png'
150.8033 	EXP 	nameQ1: image = 'stimsday1details/cn3.png'
150.8033 	EXP 	nameQ2: image = 'stimsday1details/n3.png'
150.8033 	EXP 	nameQ1: autoDraw = True
150.8033 	EXP 	nameQ2: autoDraw = True
151.5763 	DATA 	Keypress: equal
152.7871 	EXP 	nameQ1: autoDraw = False
152.7871 	EXP 	nameQ2: autoDraw = False
152.7871 	EXP 	nameQ1: autoDraw = False
152.7871 	EXP 	nameQ2: autoDraw = False
152.7871 	EXP 	eggPainting1: autoDraw = True
152.7871 	EXP 	eggPainting2: autoDraw = True
153.0767 	DATA 	Keypress: equal
154.5762 	DATA 	Keypress: equal
154.7913 	EXP 	eggPainting1: autoDraw = False
154.7913 	EXP 	eggPainting2: autoDraw = False
154.7913 	EXP 	eggPainting1: autoDraw = False
154.7913 	EXP 	eggPainting2: autoDraw = False
154.7913 	EXP 	character1: autoDraw = True
154.7913 	EXP 	character2: autoDraw = True
156.0725 	DATA 	Keypress: equal
156.7914 	EXP 	character1: autoDraw = False
156.7914 	EXP 	character2: autoDraw = False
156.7914 	EXP 	character1: autoDraw = False
156.7914 	EXP 	character2: autoDraw = False
156.7914 	EXP 	themeQ1: autoDraw = True
156.7914 	EXP 	themeQ2: autoDraw = True
157.5722 	DATA 	Keypress: equal
158.0394 	DATA 	Keypress: 1
158.7867 	EXP 	themeQ1: autoDraw = False
158.7867 	EXP 	themeQ2: autoDraw = False
158.7867 	EXP 	themeQ1: autoDraw = False
158.7867 	EXP 	themeQ2: autoDraw = False
158.7867 	EXP 	gift1: autoDraw = True
158.7867 	EXP 	gift2: autoDraw = True
159.0763 	DATA 	Keypress: equal
160.5768 	DATA 	Keypress: equal
160.7876 	EXP 	gift1: autoDraw = False
160.7876 	EXP 	gift2: autoDraw = False
160.7876 	EXP 	gift1: autoDraw = False
160.7876 	EXP 	gift2: autoDraw = False
160.7876 	EXP 	northorsouth1: autoDraw = True
160.7876 	EXP 	northorsouth2: autoDraw = True
162.0767 	DATA 	Keypress: equal
162.9322 	EXP 	New trial (rep=0, index=1): OrderedDict([('condsFile', 'videoBlock_schemaN_pathB_1.csv')])
162.9447 	EXP 	Imported videoBlock_schemaN_pathB_1.csv as conditions, 1 conditions, 17 params
162.9452 	EXP 	Created sequence: random, trialTypes=1, nReps=1, seed=None
162.9459 	EXP 	New trial (rep=0, index=0): OrderedDict([('northOrSouth', 'north.png'), ('stimFile1a', 'stims/wedding-4.1a.mp4'), ('stimFile1b', 'stims/wedding-4.1b.mp4'), ('stimFile2', 'stims/wedding-4.2b.mp4'), ('stimFile3', 'stims/wedding-4.3b.mp4'), ('stimFile4', 'stims/wedding-4.4b.mp4'), ('stimFile5', 'stims/wedding-4.5.mp4'), ('QeggPainting1', 'stimsday1details/newpainting1.png'), ('Qcharacter1', 'stimsday1details/newperson13.png'), ('Qgift1', 'stimsday1details/gift4.png'), ('QeggPainting2', 'stimsday1details/painting4.png'), ('Qcharacter2', 'stimsday1details/couple4.png'), ('Qgift2', 'stimsday1details/new13.png'), ('Qname1', 'stimsday1details/n4.png'), ('Qtheme1', 'stimsday1details/ct4.png'), ('Qname2', 'stimsday1details/cn4.png'), ('Qtheme2', 'stimsday1details/t4.png')])
162.9538 	EXP 	northorsouth1: autoDraw = False
162.9538 	EXP 	northorsouth2: autoDraw = False
162.9538 	EXP 	northorsouth1: autoDraw = False
162.9538 	EXP 	northorsouth2: autoDraw = False
162.9538 	EXP 	image_3: autoDraw = True
163.5715 	DATA 	Keypress: equal
164.9416 	EXP 	Created sequence: random, trialTypes=1, nReps=1, seed=None
164.9418 	EXP 	New trial (rep=0, index=0): None
165.3604 	EXP 	Created vid1a = MovieStim3(__class__=<class 'psychopy.visual.movie3.MovieStim3'>, autoLog=True, color=UNKNOWN, colorSpace=UNKNOWN, depth=-1.0, filename='stims/wedding-4.1a.mp4', flipHoriz=False, flipVert=False, fps=UNKNOWN, interpolate=True, loop=False, name='vid1a', noAudio=False, opacity=1.0, ori=0, pos=array([0., 0.]), size=array([1280.,  720.]), units='pix', vframe_callback=UNKNOWN, volume=UNKNOWN, win=Window(...))
165.7468 	EXP 	Created vid1b = MovieStim3(__class__=<class 'psychopy.visual.movie3.MovieStim3'>, autoLog=True, color=UNKNOWN, colorSpace=UNKNOWN, depth=-2.0, filename='stims/wedding-4.1b.mp4', flipHoriz=False, flipVert=False, fps=UNKNOWN, interpolate=True, loop=False, name='vid1b', noAudio=False, opacity=1.0, ori=0, pos=array([0., 0.]), size=array([1280.,  720.]), units='pix', vframe_callback=UNKNOWN, volume=UNKNOWN, win=Window(...))
166.1506 	EXP 	Created vid2 = MovieStim3(__class__=<class 'psychopy.visual.movie3.MovieStim3'>, autoLog=True, color=UNKNOWN, colorSpace=UNKNOWN, depth=-3.0, filename='stims/wedding-4.2b.mp4', flipHoriz=False, flipVert=False, fps=UNKNOWN, interpolate=True, loop=False, name='vid2', noAudio=False, opacity=1.0, ori=0, pos=array([0., 0.]), size=array([1280.,  720.]), units='pix', vframe_callback=UNKNOWN, volume=UNKNOWN, win=Window(...))
166.6327 	EXP 	Created vid3 = MovieStim3(__class__=<class 'psychopy.visual.movie3.MovieStim3'>, autoLog=True, color=UNKNOWN, colorSpace=UNKNOWN, depth=-4.0, filename='stims/wedding-4.3b.mp4', flipHoriz=False, flipVert=False, fps=UNKNOWN, interpolate=True, loop=False, name='vid3', noAudio=False, opacity=1.0, ori=0, pos=array([0., 0.]), size=array([1280.,  720.]), units='pix', vframe_callback=UNKNOWN, volume=UNKNOWN, win=Window(...))
167.1635 	EXP 	Created vid4 = MovieStim3(__class__=<class 'psychopy.visual.movie3.MovieStim3'>, autoLog=True, color=UNKNOWN, colorSpace=UNKNOWN, depth=-5.0, filename='stims/wedding-4.4b.mp4', flipHoriz=False, flipVert=False, fps=UNKNOWN, interpolate=True, loop=False, name='vid4', noAudio=False, opacity=1.0, ori=0, pos=array([0., 0.]), size=array([1280.,  720.]), units='pix', vframe_callback=UNKNOWN, volume=UNKNOWN, win=Window(...))
167.5588 	EXP 	Created vid5 = MovieStim3(__class__=<class 'psychopy.visual.movie3.MovieStim3'>, autoLog=True, color=UNKNOWN, colorSpace=UNKNOWN, depth=-6.0, filename='stims/wedding-4.5.mp4', flipHoriz=False, flipVert=False, fps=UNKNOWN, interpolate=True, loop=False, name='vid5', noAudio=False, opacity=1.0, ori=0, pos=array([0., 0.]), size=array([1280.,  720.]), units='pix', vframe_callback=UNKNOWN, volume=UNKNOWN, win=Window(...))
167.6710 	EXP 	window1: recordFrameIntervals = False
167.6748 	DATA 	Keypress: equal
167.6785 	DATA 	Keypress: equal
167.6870 	EXP 	image_3: autoDraw = False
167.6870 	EXP 	image_3: autoDraw = False
167.6870 	EXP 	vid1a: movie = 'stims/wedding-4.1a.mp4'
167.6870 	EXP 	vid1a: autoLog = True
167.6870 	EXP 	vid1b: movie = 'stims/wedding-4.1b.mp4'
167.6870 	EXP 	vid1b: autoLog = True
167.6870 	EXP 	vid2: movie = 'stims/wedding-4.2b.mp4'
167.6870 	EXP 	vid2: autoLog = True
167.6870 	EXP 	vid3: movie = 'stims/wedding-4.3b.mp4'
167.6870 	EXP 	vid3: autoLog = True
167.6870 	EXP 	vid4: movie = 'stims/wedding-4.4b.mp4'
167.6870 	EXP 	vid4: autoLog = True
167.6870 	EXP 	vid5: movie = 'stims/wedding-4.5.mp4'
167.6870 	EXP 	vid5: autoLog = True
170.2548 	EXP 	window1: recordFrameIntervals = False
172.4594 	DATA 	Keypress: equal
172.4618 	DATA 	Keypress: equal
172.4638 	DATA 	Keypress: equal
172.5607 	DATA 	Keypress: equal
172.6706 	EXP 	vid1a: movie = 'stims/wedding-4.1a.mp4'
172.6706 	EXP 	vid1b: movie = 'stims/wedding-4.1b.mp4'
172.6706 	EXP 	vid2: movie = 'stims/wedding-4.2b.mp4'
172.6706 	EXP 	vid3: movie = 'stims/wedding-4.3b.mp4'
172.6706 	EXP 	vid4: movie = 'stims/wedding-4.4b.mp4'
172.6706 	EXP 	vid5: movie = 'stims/wedding-4.5.mp4'
172.6867 	EXP 	vid1a: autoDraw = True
174.0624 	DATA 	Keypress: equal
175.5635 	DATA 	Keypress: equal
177.0650 	DATA 	Keypress: equal
178.5639 	DATA 	Keypress: equal
180.0683 	DATA 	Keypress: equal
181.5759 	DATA 	Keypress: equal
183.0716 	DATA 	Keypress: equal
184.5718 	DATA 	Keypress: equal
186.0719 	DATA 	Keypress: equal
186.9537 	EXP 	vid1a: autoDraw = False
186.9695 	EXP 	vid1b: autoDraw = True
187.5726 	DATA 	Keypress: equal
189.0760 	DATA 	Keypress: equal
190.5724 	DATA 	Keypress: equal
192.0720 	DATA 	Keypress: equal
193.5977 	DATA 	Keypress: equal
195.0668 	DATA 	Keypress: equal
195.8531 	EXP 	Set vid1b finished
195.9702 	EXP 	vid2: autoDraw = True
196.5717 	DATA 	Keypress: equal
198.0733 	DATA 	Keypress: equal
199.5769 	DATA 	Keypress: equal
201.0772 	DATA 	Keypress: equal
202.5724 	DATA 	Keypress: equal
204.0714 	DATA 	Keypress: equal
205.5603 	DATA 	Keypress: equal
207.0625 	DATA 	Keypress: equal
208.5639 	DATA 	Keypress: equal
210.0602 	DATA 	Keypress: equal
211.5637 	DATA 	Keypress: equal
212.4865 	EXP 	Set vid2 finished
212.9699 	EXP 	vid3: autoDraw = True
213.0716 	DATA 	Keypress: equal
214.5719 	DATA 	Keypress: equal
216.0768 	DATA 	Keypress: equal
217.5717 	DATA 	Keypress: equal
219.0713 	DATA 	Keypress: equal
220.5718 	DATA 	Keypress: equal
222.0767 	DATA 	Keypress: equal
223.5613 	DATA 	Keypress: equal
225.0617 	DATA 	Keypress: equal
226.5621 	DATA 	Keypress: equal
228.0615 	DATA 	Keypress: equal
229.5625 	DATA 	Keypress: equal
231.0591 	DATA 	Keypress: equal
232.5630 	DATA 	Keypress: equal
234.0635 	DATA 	Keypress: equal
235.5619 	DATA 	Keypress: equal
235.9522 	EXP 	vid3: autoDraw = False
235.9688 	EXP 	vid4: autoDraw = True
237.0716 	DATA 	Keypress: equal
238.5727 	DATA 	Keypress: equal
240.0762 	DATA 	Keypress: equal
241.5755 	DATA 	Keypress: equal
243.0715 	DATA 	Keypress: equal
244.5716 	DATA 	Keypress: equal
246.0600 	DATA 	Keypress: equal
247.5609 	DATA 	Keypress: equal
249.0626 	DATA 	Keypress: equal
250.5596 	DATA 	Keypress: equal
252.0592 	DATA 	Keypress: equal
253.5606 	DATA 	Keypress: equal
255.0610 	DATA 	Keypress: equal
256.5602 	DATA 	Keypress: equal
258.0631 	DATA 	Keypress: equal
259.5905 	DATA 	Keypress: equal
259.8863 	EXP 	Set vid4 finished
259.9696 	EXP 	vid5: autoDraw = True
261.0752 	DATA 	Keypress: equal
262.5716 	DATA 	Keypress: equal
264.0760 	DATA 	Keypress: equal
265.5614 	DATA 	Keypress: equal
267.0630 	DATA 	Keypress: equal
268.5631 	DATA 	Keypress: equal
270.0589 	DATA 	Keypress: equal
271.5624 	DATA 	Keypress: equal
272.5194 	EXP 	Set vid5 finished
272.6256 	EXP 	Created sequence: random, trialTypes=1, nReps=1, seed=None
272.6259 	EXP 	New trial (rep=0, index=0): None
273.0319 	EXP 	Created vid1a_q = MovieStim3(__class__=<class 'psychopy.visual.movie3.MovieStim3'>, autoLog=True, color=UNKNOWN, colorSpace=UNKNOWN, depth=-1.0, filename='stims/wedding-4.1a.mp4', flipHoriz=False, flipVert=False, fps=UNKNOWN, interpolate=True, loop=False, name='vid1a_q', noAudio=False, opacity=1.0, ori=0, pos=array([0., 0.]), size=array([1280.,  720.]), units='pix', vframe_callback=UNKNOWN, volume=UNKNOWN, win=Window(...))
273.4080 	EXP 	Created vid1b_q = MovieStim3(__class__=<class 'psychopy.visual.movie3.MovieStim3'>, autoLog=True, color=UNKNOWN, colorSpace=UNKNOWN, depth=-2.0, filename='stims/wedding-4.1b.mp4', flipHoriz=False, flipVert=False, fps=UNKNOWN, interpolate=True, loop=False, name='vid1b_q', noAudio=False, opacity=1.0, ori=0, pos=array([0., 0.]), size=array([1280.,  720.]), units='pix', vframe_callback=UNKNOWN, volume=UNKNOWN, win=Window(...))
273.8113 	EXP 	Created vid2_q = MovieStim3(__class__=<class 'psychopy.visual.movie3.MovieStim3'>, autoLog=True, color=UNKNOWN, colorSpace=UNKNOWN, depth=-3.0, filename='stims/wedding-4.2b.mp4', flipHoriz=False, flipVert=False, fps=UNKNOWN, interpolate=True, loop=False, name='vid2_q', noAudio=False, opacity=1.0, ori=0, pos=array([0., 0.]), size=array([1280.,  720.]), units='pix', vframe_callback=UNKNOWN, volume=UNKNOWN, win=Window(...))
274.2836 	EXP 	Created vid3_q = MovieStim3(__class__=<class 'psychopy.visual.movie3.MovieStim3'>, autoLog=True, color=UNKNOWN, colorSpace=UNKNOWN, depth=-5.0, filename='stims/wedding-4.3b.mp4', flipHoriz=False, flipVert=False, fps=UNKNOWN, interpolate=True, loop=False, name='vid3_q', noAudio=False, opacity=1.0, ori=0, pos=array([0., 0.]), size=array([1280.,  720.]), units='pix', vframe_callback=UNKNOWN, volume=UNKNOWN, win=Window(...))
274.7964 	EXP 	Created vid4_q = MovieStim3(__class__=<class 'psychopy.visual.movie3.MovieStim3'>, autoLog=True, color=UNKNOWN, colorSpace=UNKNOWN, depth=-7.0, filename='stims/wedding-4.4b.mp4', flipHoriz=False, flipVert=False, fps=UNKNOWN, interpolate=True, loop=False, name='vid4_q', noAudio=False, opacity=1.0, ori=0, pos=array([0., 0.]), size=array([1280.,  720.]), units='pix', vframe_callback=UNKNOWN, volume=UNKNOWN, win=Window(...))
275.1806 	EXP 	Created vid5_q = MovieStim3(__class__=<class 'psychopy.visual.movie3.MovieStim3'>, autoLog=True, color=UNKNOWN, colorSpace=UNKNOWN, depth=-8.0, filename='stims/wedding-4.5.mp4', flipHoriz=False, flipVert=False, fps=UNKNOWN, interpolate=True, loop=False, name='vid5_q', noAudio=False, opacity=1.0, ori=0, pos=array([0., 0.]), size=array([1280.,  720.]), units='pix', vframe_callback=UNKNOWN, volume=UNKNOWN, win=Window(...))
275.3496 	EXP 	window1: recordFrameIntervals = False
275.3529 	DATA 	Keypress: equal
275.3551 	DATA 	Keypress: equal
275.3694 	EXP 	vid1a: autoDraw = False
275.3694 	EXP 	vid1b: autoDraw = False
275.3694 	EXP 	vid2: autoDraw = False
275.3694 	EXP 	vid3: autoDraw = False
275.3694 	EXP 	vid4: autoDraw = False
275.3694 	EXP 	vid5: autoDraw = False
275.3694 	EXP 	vid1a_q: movie = 'stims/wedding-4.1a.mp4'
275.3694 	EXP 	vid1a_q: autoLog = True
275.3694 	EXP 	vid1b_q: movie = 'stims/wedding-4.1b.mp4'
275.3694 	EXP 	vid1b_q: autoLog = True
275.3694 	EXP 	vid2_q: movie = 'stims/wedding-4.2b.mp4'
275.3694 	EXP 	vid2_q: autoLog = True
275.3694 	EXP 	vid3_q: movie = 'stims/wedding-4.3b.mp4'
275.3694 	EXP 	vid3_q: autoLog = True
275.3694 	EXP 	vid4_q: movie = 'stims/wedding-4.4b.mp4'
275.3694 	EXP 	vid4_q: autoLog = True
275.3694 	EXP 	vid5_q: movie = 'stims/wedding-4.5.mp4'
275.3694 	EXP 	vid5_q: autoLog = True
275.3694 	EXP 	vid1a_q: autoDraw = False
275.3694 	EXP 	vid1b_q: autoDraw = False
275.3694 	EXP 	vid2_q: autoDraw = False
275.3694 	EXP 	l2q: autoDraw = False
275.3694 	EXP 	vid3_q: autoDraw = False
275.3694 	EXP 	l3q: autoDraw = False
275.3694 	EXP 	vid4_q: autoDraw = False
275.3694 	EXP 	vid5_q: autoDraw = False
275.6138 	EXP 	window1: recordFrameIntervals = False
277.1360 	DATA 	Keypress: equal
277.3525 	EXP 	eggPainting1: image = 'stimsday1details/newpainting1.png'
277.3525 	EXP 	eggPainting2: image = 'stimsday1details/painting4.png'
277.3525 	EXP 	character1: image = 'stimsday1details/newperson13.png'
277.3525 	EXP 	character2: image = 'stimsday1details/couple4.png'
277.3525 	EXP 	gift1: image = 'stimsday1details/gift4.png'
277.3525 	EXP 	gift2: image = 'stimsday1details/new13.png'
277.3525 	EXP 	themeQ1: image = 'stimsday1details/ct4.png'
277.3525 	EXP 	themeQ2: image = 'stimsday1details/t4.png'
277.3525 	EXP 	nameQ1: image = 'stimsday1details/n4.png'
277.3525 	EXP 	nameQ2: image = 'stimsday1details/cn4.png'
277.3525 	EXP 	nameQ1: autoDraw = True
277.3525 	EXP 	nameQ2: autoDraw = True
277.5704 	DATA 	Keypress: equal
279.0698 	DATA 	Keypress: equal
279.3515 	EXP 	nameQ1: autoDraw = False
279.3515 	EXP 	nameQ2: autoDraw = False
279.3515 	EXP 	nameQ1: autoDraw = False
279.3515 	EXP 	nameQ2: autoDraw = False
279.3515 	EXP 	eggPainting1: autoDraw = True
279.3515 	EXP 	eggPainting2: autoDraw = True
280.5581 	DATA 	Keypress: equal
281.3559 	EXP 	eggPainting1: autoDraw = False
281.3559 	EXP 	eggPainting2: autoDraw = False
281.3559 	EXP 	eggPainting1: autoDraw = False
281.3559 	EXP 	eggPainting2: autoDraw = False
281.3559 	EXP 	character1: autoDraw = True
281.3559 	EXP 	character2: autoDraw = True
282.0584 	DATA 	Keypress: equal
283.3560 	EXP 	character1: autoDraw = False
283.3560 	EXP 	character2: autoDraw = False
283.3560 	EXP 	character1: autoDraw = False
283.3560 	EXP 	character2: autoDraw = False
283.3560 	EXP 	themeQ1: autoDraw = True
283.3560 	EXP 	themeQ2: autoDraw = True
283.5585 	DATA 	Keypress: equal
285.0706 	DATA 	Keypress: equal
285.3515 	EXP 	themeQ1: autoDraw = False
285.3515 	EXP 	themeQ2: autoDraw = False
285.3515 	EXP 	themeQ1: autoDraw = False
285.3515 	EXP 	themeQ2: autoDraw = False
285.3515 	EXP 	gift1: autoDraw = True
285.3515 	EXP 	gift2: autoDraw = True
286.5746 	DATA 	Keypress: equal
287.3525 	EXP 	gift1: autoDraw = False
287.3525 	EXP 	gift2: autoDraw = False
287.3525 	EXP 	gift1: autoDraw = False
287.3525 	EXP 	gift2: autoDraw = False
287.3525 	EXP 	northorsouth1: autoDraw = True
287.3525 	EXP 	northorsouth2: autoDraw = True
288.0742 	DATA 	Keypress: equal
289.5175 	EXP 	New trial (rep=0, index=2): OrderedDict([('condsFile', 'videoBlock_schemaN_pathA_3.csv')])
289.5301 	EXP 	Imported videoBlock_schemaN_pathA_3.csv as conditions, 1 conditions, 17 params
289.5306 	EXP 	Created sequence: random, trialTypes=1, nReps=1, seed=None
289.5313 	EXP 	New trial (rep=0, index=0): OrderedDict([('northOrSouth', 'north.png'), ('stimFile1a', 'stims/wedding-9.1a.mp4'), ('stimFile1b', 'stims/wedding-9.1b.mp4'), ('stimFile2', 'stims/wedding-9.2a.mp4'), ('stimFile3', 'stims/wedding-9.3a.mp4'), ('stimFile4', 'stims/wedding-9.4a.mp4'), ('stimFile5', 'stims/wedding-9.5.mp4'), ('QeggPainting1', 'stimsday1details/newegg3.png'), ('Qcharacter1', 'stimsday1details/newperson3.png'), ('Qgift1', 'stimsday1details/gift9.png'), ('QeggPainting2', 'stimsday1details/egg9.png'), ('Qcharacter2', 'stimsday1details/couple9.png'), ('Qgift2', 'stimsday1details/new3.png'), ('Qname1', 'stimsday1details/n9.png'), ('Qtheme1', 'stimsday1details/t9.png'), ('Qname2', 'stimsday1details/cn9.png'), ('Qtheme2', 'stimsday1details/ct9.png')])
289.5357 	EXP 	northorsouth1: autoDraw = False
289.5357 	EXP 	northorsouth2: autoDraw = False
289.5357 	EXP 	northorsouth1: autoDraw = False
289.5357 	EXP 	northorsouth2: autoDraw = False
289.5357 	EXP 	image_3: autoDraw = True
289.5744 	DATA 	Keypress: equal
291.0747 	DATA 	Keypress: equal
291.5250 	EXP 	Created sequence: random, trialTypes=1, nReps=1, seed=None
291.5252 	EXP 	New trial (rep=0, index=0): None
291.9335 	EXP 	Created vid1a = MovieStim3(__class__=<class 'psychopy.visual.movie3.MovieStim3'>, autoLog=True, color=UNKNOWN, colorSpace=UNKNOWN, depth=-1.0, filename='stims/wedding-9.1a.mp4', flipHoriz=False, flipVert=False, fps=UNKNOWN, interpolate=True, loop=False, name='vid1a', noAudio=False, opacity=1.0, ori=0, pos=array([0., 0.]), size=array([1280.,  720.]), units='pix', vframe_callback=UNKNOWN, volume=UNKNOWN, win=Window(...))
292.3287 	EXP 	Created vid1b = MovieStim3(__class__=<class 'psychopy.visual.movie3.MovieStim3'>, autoLog=True, color=UNKNOWN, colorSpace=UNKNOWN, depth=-2.0, filename='stims/wedding-9.1b.mp4', flipHoriz=False, flipVert=False, fps=UNKNOWN, interpolate=True, loop=False, name='vid1b', noAudio=False, opacity=1.0, ori=0, pos=array([0., 0.]), size=array([1280.,  720.]), units='pix', vframe_callback=UNKNOWN, volume=UNKNOWN, win=Window(...))
292.8178 	EXP 	Created vid2 = MovieStim3(__class__=<class 'psychopy.visual.movie3.MovieStim3'>, autoLog=True, color=UNKNOWN, colorSpace=UNKNOWN, depth=-3.0, filename='stims/wedding-9.2a.mp4', flipHoriz=False, flipVert=False, fps=UNKNOWN, interpolate=True, loop=False, name='vid2', noAudio=False, opacity=1.0, ori=0, pos=array([0., 0.]), size=array([1280.,  720.]), units='pix', vframe_callback=UNKNOWN, volume=UNKNOWN, win=Window(...))
293.2945 	EXP 	Created vid3 = MovieStim3(__class__=<class 'psychopy.visual.movie3.MovieStim3'>, autoLog=True, color=UNKNOWN, colorSpace=UNKNOWN, depth=-4.0, filename='stims/wedding-9.3a.mp4', flipHoriz=False, flipVert=False, fps=UNKNOWN, interpolate=True, loop=False, name='vid3', noAudio=False, opacity=1.0, ori=0, pos=array([0., 0.]), size=array([1280.,  720.]), units='pix', vframe_callback=UNKNOWN, volume=UNKNOWN, win=Window(...))
293.8505 	EXP 	Created vid4 = MovieStim3(__class__=<class 'psychopy.visual.movie3.MovieStim3'>, autoLog=True, color=UNKNOWN, colorSpace=UNKNOWN, depth=-5.0, filename='stims/wedding-9.4a.mp4', flipHoriz=False, flipVert=False, fps=UNKNOWN, interpolate=True, loop=False, name='vid4', noAudio=False, opacity=1.0, ori=0, pos=array([0., 0.]), size=array([1280.,  720.]), units='pix', vframe_callback=UNKNOWN, volume=UNKNOWN, win=Window(...))
294.2591 	EXP 	Created vid5 = MovieStim3(__class__=<class 'psychopy.visual.movie3.MovieStim3'>, autoLog=True, color=UNKNOWN, colorSpace=UNKNOWN, depth=-6.0, filename='stims/wedding-9.5.mp4', flipHoriz=False, flipVert=False, fps=UNKNOWN, interpolate=True, loop=False, name='vid5', noAudio=False, opacity=1.0, ori=0, pos=array([0., 0.]), size=array([1280.,  720.]), units='pix', vframe_callback=UNKNOWN, volume=UNKNOWN, win=Window(...))
294.3282 	EXP 	window1: recordFrameIntervals = False
294.3316 	DATA 	Keypress: equal
294.3339 	DATA 	Keypress: equal
294.3524 	EXP 	image_3: autoDraw = False
294.3524 	EXP 	image_3: autoDraw = False
294.3524 	EXP 	vid1a: movie = 'stims/wedding-9.1a.mp4'
294.3524 	EXP 	vid1a: autoLog = True
294.3524 	EXP 	vid1b: movie = 'stims/wedding-9.1b.mp4'
294.3524 	EXP 	vid1b: autoLog = True
294.3524 	EXP 	vid2: movie = 'stims/wedding-9.2a.mp4'
294.3524 	EXP 	vid2: autoLog = True
294.3524 	EXP 	vid3: movie = 'stims/wedding-9.3a.mp4'
294.3524 	EXP 	vid3: autoLog = True
294.3524 	EXP 	vid4: movie = 'stims/wedding-9.4a.mp4'
294.3524 	EXP 	vid4: autoLog = True
294.3524 	EXP 	vid5: movie = 'stims/wedding-9.5.mp4'
294.3524 	EXP 	vid5: autoLog = True
297.0181 	EXP 	window1: recordFrameIntervals = False
299.1165 	DATA 	Keypress: equal
299.1189 	DATA 	Keypress: equal
299.1209 	DATA 	Keypress: equal
299.3193 	EXP 	vid1a: movie = 'stims/wedding-9.1a.mp4'
299.3193 	EXP 	vid1b: movie = 'stims/wedding-9.1b.mp4'
299.3193 	EXP 	vid2: movie = 'stims/wedding-9.2a.mp4'
299.3193 	EXP 	vid3: movie = 'stims/wedding-9.3a.mp4'
299.3193 	EXP 	vid4: movie = 'stims/wedding-9.4a.mp4'
299.3193 	EXP 	vid5: movie = 'stims/wedding-9.5.mp4'
299.3353 	EXP 	vid1a: autoDraw = True
300.0704 	DATA 	Keypress: equal
301.5710 	DATA 	Keypress: equal
303.0711 	DATA 	Keypress: equal
304.5698 	DATA 	Keypress: equal
306.0754 	DATA 	Keypress: equal
307.5586 	DATA 	Keypress: equal
309.0632 	DATA 	Keypress: equal
310.5624 	DATA 	Keypress: equal
312.0589 	DATA 	Keypress: equal
313.5403 	EXP 	vid1a: autoDraw = False
313.5520 	EXP 	vid1b: autoDraw = True
313.5711 	DATA 	Keypress: equal
315.0581 	DATA 	Keypress: equal
316.5612 	DATA 	Keypress: equal
318.0703 	DATA 	Keypress: equal
319.5550 	DATA 	Keypress: equal
321.0550 	DATA 	Keypress: equal
322.5358 	EXP 	vid1b: autoDraw = False
322.5524 	EXP 	vid2: autoDraw = True
322.5548 	DATA 	Keypress: equal
324.0548 	DATA 	Keypress: equal
325.5574 	DATA 	Keypress: equal
327.0592 	DATA 	Keypress: equal
328.5612 	DATA 	Keypress: equal
330.0615 	DATA 	Keypress: equal
331.5820 	DATA 	Keypress: equal
333.0553 	DATA 	Keypress: equal
334.5706 	DATA 	Keypress: equal
336.0705 	DATA 	Keypress: equal
337.5751 	DATA 	Keypress: equal
339.0551 	DATA 	Keypress: equal
339.5346 	EXP 	vid2: autoDraw = False
339.5519 	EXP 	vid3: autoDraw = True
340.5619 	DATA 	Keypress: equal
342.0608 	DATA 	Keypress: equal
343.5600 	DATA 	Keypress: equal
345.0598 	DATA 	Keypress: equal
346.5613 	DATA 	Keypress: equal
348.0617 	DATA 	Keypress: equal
349.5553 	DATA 	Keypress: equal
351.0548 	DATA 	Keypress: equal
352.5551 	DATA 	Keypress: equal
354.0743 	DATA 	Keypress: equal
355.5542 	DATA 	Keypress: equal
357.0537 	DATA 	Keypress: equal
358.5739 	DATA 	Keypress: equal
360.0545 	DATA 	Keypress: equal
361.5543 	DATA 	Keypress: equal
362.4695 	EXP 	Set vid3 finished
362.5521 	EXP 	vid4: autoDraw = True
363.0549 	DATA 	Keypress: equal
364.5609 	DATA 	Keypress: equal
366.0613 	DATA 	Keypress: equal
367.5537 	DATA 	Keypress: equal
369.0539 	DATA 	Keypress: equal
370.5533 	DATA 	Keypress: equal
372.0534 	DATA 	Keypress: equal
373.5535 	DATA 	Keypress: equal
375.0527 	DATA 	Keypress: equal
376.5538 	DATA 	Keypress: equal
378.0533 	DATA 	Keypress: equal
379.5529 	DATA 	Keypress: equal
381.0530 	DATA 	Keypress: equal
382.5534 	DATA 	Keypress: equal
384.0531 	DATA 	Keypress: equal
385.5533 	DATA 	Keypress: equal
386.5383 	EXP 	vid4: autoDraw = False
386.5504 	EXP 	vid5: autoDraw = True
387.0532 	DATA 	Keypress: equal
388.5533 	DATA 	Keypress: equal
390.0528 	DATA 	Keypress: equal
391.5533 	DATA 	Keypress: equal
393.0521 	DATA 	Keypress: equal
394.5538 	DATA 	Keypress: equal
396.0534 	DATA 	Keypress: equal
397.5528 	DATA 	Keypress: equal
399.0547 	DATA 	Keypress: equal
399.1011 	EXP 	Set vid5 finished
399.2537 	EXP 	Created sequence: random, trialTypes=1, nReps=1, seed=None
399.2540 	EXP 	New trial (rep=0, index=0): None
399.6625 	EXP 	Created vid1a_q = MovieStim3(__class__=<class 'psychopy.visual.movie3.MovieStim3'>, autoLog=True, color=UNKNOWN, colorSpace=UNKNOWN, depth=-1.0, filename='stims/wedding-9.1a.mp4', flipHoriz=False, flipVert=False, fps=UNKNOWN, interpolate=True, loop=False, name='vid1a_q', noAudio=False, opacity=1.0, ori=0, pos=array([0., 0.]), size=array([1280.,  720.]), units='pix', vframe_callback=UNKNOWN, volume=UNKNOWN, win=Window(...))
400.0466 	EXP 	Created vid1b_q = MovieStim3(__class__=<class 'psychopy.visual.movie3.MovieStim3'>, autoLog=True, color=UNKNOWN, colorSpace=UNKNOWN, depth=-2.0, filename='stims/wedding-9.1b.mp4', flipHoriz=False, flipVert=False, fps=UNKNOWN, interpolate=True, loop=False, name='vid1b_q', noAudio=False, opacity=1.0, ori=0, pos=array([0., 0.]), size=array([1280.,  720.]), units='pix', vframe_callback=UNKNOWN, volume=UNKNOWN, win=Window(...))
400.5228 	EXP 	Created vid2_q = MovieStim3(__class__=<class 'psychopy.visual.movie3.MovieStim3'>, autoLog=True, color=UNKNOWN, colorSpace=UNKNOWN, depth=-3.0, filename='stims/wedding-9.2a.mp4', flipHoriz=False, flipVert=False, fps=UNKNOWN, interpolate=True, loop=False, name='vid2_q', noAudio=False, opacity=1.0, ori=0, pos=array([0., 0.]), size=array([1280.,  720.]), units='pix', vframe_callback=UNKNOWN, volume=UNKNOWN, win=Window(...))
400.9936 	EXP 	Created vid3_q = MovieStim3(__class__=<class 'psychopy.visual.movie3.MovieStim3'>, autoLog=True, color=UNKNOWN, colorSpace=UNKNOWN, depth=-5.0, filename='stims/wedding-9.3a.mp4', flipHoriz=False, flipVert=False, fps=UNKNOWN, interpolate=True, loop=False, name='vid3_q', noAudio=False, opacity=1.0, ori=0, pos=array([0., 0.]), size=array([1280.,  720.]), units='pix', vframe_callback=UNKNOWN, volume=UNKNOWN, win=Window(...))
401.5337 	EXP 	Created vid4_q = MovieStim3(__class__=<class 'psychopy.visual.movie3.MovieStim3'>, autoLog=True, color=UNKNOWN, colorSpace=UNKNOWN, depth=-7.0, filename='stims/wedding-9.4a.mp4', flipHoriz=False, flipVert=False, fps=UNKNOWN, interpolate=True, loop=False, name='vid4_q', noAudio=False, opacity=1.0, ori=0, pos=array([0., 0.]), size=array([1280.,  720.]), units='pix', vframe_callback=UNKNOWN, volume=UNKNOWN, win=Window(...))
401.9292 	EXP 	Created vid5_q = MovieStim3(__class__=<class 'psychopy.visual.movie3.MovieStim3'>, autoLog=True, color=UNKNOWN, colorSpace=UNKNOWN, depth=-8.0, filename='stims/wedding-9.5.mp4', flipHoriz=False, flipVert=False, fps=UNKNOWN, interpolate=True, loop=False, name='vid5_q', noAudio=False, opacity=1.0, ori=0, pos=array([0., 0.]), size=array([1280.,  720.]), units='pix', vframe_callback=UNKNOWN, volume=UNKNOWN, win=Window(...))
402.1730 	EXP 	window1: recordFrameIntervals = False
402.1761 	DATA 	Keypress: equal
402.1782 	DATA 	Keypress: equal
402.1842 	EXP 	vid1a: autoDraw = False
402.1842 	EXP 	vid1b: autoDraw = False
402.1842 	EXP 	vid2: autoDraw = False
402.1842 	EXP 	vid3: autoDraw = False
402.1842 	EXP 	vid4: autoDraw = False
402.1842 	EXP 	vid5: autoDraw = False
402.1842 	EXP 	vid1a_q: movie = 'stims/wedding-9.1a.mp4'
402.1842 	EXP 	vid1a_q: autoLog = True
402.1842 	EXP 	vid1b_q: movie = 'stims/wedding-9.1b.mp4'
402.1842 	EXP 	vid1b_q: autoLog = True
402.1842 	EXP 	vid2_q: movie = 'stims/wedding-9.2a.mp4'
402.1842 	EXP 	vid2_q: autoLog = True
402.1842 	EXP 	vid3_q: movie = 'stims/wedding-9.3a.mp4'
402.1842 	EXP 	vid3_q: autoLog = True
402.1842 	EXP 	vid4_q: movie = 'stims/wedding-9.4a.mp4'
402.1842 	EXP 	vid4_q: autoLog = True
402.1842 	EXP 	vid5_q: movie = 'stims/wedding-9.5.mp4'
402.1842 	EXP 	vid5_q: autoLog = True
402.1842 	EXP 	vid1a_q: autoDraw = False
402.1842 	EXP 	vid1b_q: autoDraw = False
402.1842 	EXP 	vid2_q: autoDraw = False
402.1842 	EXP 	l2q: autoDraw = False
402.1842 	EXP 	vid3_q: autoDraw = False
402.1842 	EXP 	l3q: autoDraw = False
402.1842 	EXP 	vid4_q: autoDraw = False
402.1842 	EXP 	vid5_q: autoDraw = False
402.3409 	EXP 	window1: recordFrameIntervals = False
403.9594 	DATA 	Keypress: equal
404.1733 	EXP 	eggPainting1: image = 'stimsday1details/newegg3.png'
404.1733 	EXP 	eggPainting2: image = 'stimsday1details/egg9.png'
404.1733 	EXP 	character1: image = 'stimsday1details/newperson3.png'
404.1733 	EXP 	character2: image = 'stimsday1details/couple9.png'
404.1733 	EXP 	gift1: image = 'stimsday1details/gift9.png'
404.1733 	EXP 	gift2: image = 'stimsday1details/new3.png'
404.1733 	EXP 	themeQ1: image = 'stimsday1details/t9.png'
404.1733 	EXP 	themeQ2: image = 'stimsday1details/ct9.png'
404.1733 	EXP 	nameQ1: image = 'stimsday1details/n9.png'
404.1733 	EXP 	nameQ2: image = 'stimsday1details/cn9.png'
404.1733 	EXP 	nameQ1: autoDraw = True
404.1733 	EXP 	nameQ2: autoDraw = True
405.0519 	DATA 	Keypress: equal
406.1674 	EXP 	nameQ1: autoDraw = False
406.1674 	EXP 	nameQ2: autoDraw = False
406.1674 	EXP 	nameQ1: autoDraw = False
406.1674 	EXP 	nameQ2: autoDraw = False
406.1674 	EXP 	eggPainting1: autoDraw = True
406.1674 	EXP 	eggPainting2: autoDraw = True
406.5526 	DATA 	Keypress: equal
408.0522 	DATA 	Keypress: equal
408.1719 	EXP 	eggPainting1: autoDraw = False
408.1719 	EXP 	eggPainting2: autoDraw = False
408.1719 	EXP 	eggPainting1: autoDraw = False
408.1719 	EXP 	eggPainting2: autoDraw = False
408.1719 	EXP 	character1: autoDraw = True
408.1719 	EXP 	character2: autoDraw = True
409.5517 	DATA 	Keypress: equal
410.1666 	EXP 	character1: autoDraw = False
410.1666 	EXP 	character2: autoDraw = False
410.1666 	EXP 	character1: autoDraw = False
410.1666 	EXP 	character2: autoDraw = False
410.1666 	EXP 	themeQ1: autoDraw = True
410.1666 	EXP 	themeQ2: autoDraw = True
411.0516 	DATA 	Keypress: equal
412.1670 	EXP 	themeQ1: autoDraw = False
412.1670 	EXP 	themeQ2: autoDraw = False
412.1670 	EXP 	themeQ1: autoDraw = False
412.1670 	EXP 	themeQ2: autoDraw = False
412.1670 	EXP 	gift1: autoDraw = True
412.1670 	EXP 	gift2: autoDraw = True
412.5563 	DATA 	Keypress: equal
414.0566 	DATA 	Keypress: equal
414.1677 	EXP 	gift1: autoDraw = False
414.1677 	EXP 	gift2: autoDraw = False
414.1677 	EXP 	gift1: autoDraw = False
414.1677 	EXP 	gift2: autoDraw = False
414.1677 	EXP 	northorsouth1: autoDraw = True
414.1677 	EXP 	northorsouth2: autoDraw = True
415.5562 	DATA 	Keypress: equal
416.3691 	EXP 	New trial (rep=0, index=3): OrderedDict([('condsFile', 'videoBlock_schemaN_pathB_2.csv')])
416.3828 	EXP 	Imported videoBlock_schemaN_pathB_2.csv as conditions, 1 conditions, 17 params
416.3833 	EXP 	Created sequence: random, trialTypes=1, nReps=1, seed=None
416.3841 	EXP 	New trial (rep=0, index=0): OrderedDict([('northOrSouth', 'north.png'), ('stimFile1a', 'stims/wedding-8.1a.mp4'), ('stimFile1b', 'stims/wedding-8.1b.mp4'), ('stimFile2', 'stims/wedding-8.2b.mp4'), ('stimFile3', 'stims/wedding-8.3b.mp4'), ('stimFile4', 'stims/wedding-8.4b.mp4'), ('stimFile5', 'stims/wedding-8.5.mp4'), ('QeggPainting1', 'stimsday1details/newpainting2.png'), ('Qcharacter1', 'stimsday1details/newperson14.png'), ('Qgift1', 'stimsday1details/new14.png'), ('QeggPainting2', 'stimsday1details/painting8.png'), ('Qcharacter2', 'stimsday1details/couple8.png'), ('Qgift2', 'stimsday1details/gift8.png'), ('Qname1', 'stimsday1details/n8.png'), ('Qtheme1', 'stimsday1details/t8.png'), ('Qname2', 'stimsday1details/cn8.png'), ('Qtheme2', 'stimsday1details/ct8.png')])
416.4010 	EXP 	northorsouth1: autoDraw = False
416.4010 	EXP 	northorsouth2: autoDraw = False
416.4010 	EXP 	northorsouth1: autoDraw = False
416.4010 	EXP 	northorsouth2: autoDraw = False
416.4010 	EXP 	image_3: autoDraw = True
416.6685 	DATA 	Keypress: 1
417.0518 	DATA 	Keypress: equal
418.3844 	EXP 	Created sequence: random, trialTypes=1, nReps=1, seed=None
418.3847 	EXP 	New trial (rep=0, index=0): None
418.7932 	EXP 	Created vid1a = MovieStim3(__class__=<class 'psychopy.visual.movie3.MovieStim3'>, autoLog=True, color=UNKNOWN, colorSpace=UNKNOWN, depth=-1.0, filename='stims/wedding-8.1a.mp4', flipHoriz=False, flipVert=False, fps=UNKNOWN, interpolate=True, loop=False, name='vid1a', noAudio=False, opacity=1.0, ori=0, pos=array([0., 0.]), size=array([1280.,  720.]), units='pix', vframe_callback=UNKNOWN, volume=UNKNOWN, win=Window(...))
419.1868 	EXP 	Created vid1b = MovieStim3(__class__=<class 'psychopy.visual.movie3.MovieStim3'>, autoLog=True, color=UNKNOWN, colorSpace=UNKNOWN, depth=-2.0, filename='stims/wedding-8.1b.mp4', flipHoriz=False, flipVert=False, fps=UNKNOWN, interpolate=True, loop=False, name='vid1b', noAudio=False, opacity=1.0, ori=0, pos=array([0., 0.]), size=array([1280.,  720.]), units='pix', vframe_callback=UNKNOWN, volume=UNKNOWN, win=Window(...))
419.6473 	EXP 	Created vid2 = MovieStim3(__class__=<class 'psychopy.visual.movie3.MovieStim3'>, autoLog=True, color=UNKNOWN, colorSpace=UNKNOWN, depth=-3.0, filename='stims/wedding-8.2b.mp4', flipHoriz=False, flipVert=False, fps=UNKNOWN, interpolate=True, loop=False, name='vid2', noAudio=False, opacity=1.0, ori=0, pos=array([0., 0.]), size=array([1280.,  720.]), units='pix', vframe_callback=UNKNOWN, volume=UNKNOWN, win=Window(...))
420.1831 	EXP 	Created vid3 = MovieStim3(__class__=<class 'psychopy.visual.movie3.MovieStim3'>, autoLog=True, color=UNKNOWN, colorSpace=UNKNOWN, depth=-4.0, filename='stims/wedding-8.3b.mp4', flipHoriz=False, flipVert=False, fps=UNKNOWN, interpolate=True, loop=False, name='vid3', noAudio=False, opacity=1.0, ori=0, pos=array([0., 0.]), size=array([1280.,  720.]), units='pix', vframe_callback=UNKNOWN, volume=UNKNOWN, win=Window(...))
420.6554 	EXP 	Created vid4 = MovieStim3(__class__=<class 'psychopy.visual.movie3.MovieStim3'>, autoLog=True, color=UNKNOWN, colorSpace=UNKNOWN, depth=-5.0, filename='stims/wedding-8.4b.mp4', flipHoriz=False, flipVert=False, fps=UNKNOWN, interpolate=True, loop=False, name='vid4', noAudio=False, opacity=1.0, ori=0, pos=array([0., 0.]), size=array([1280.,  720.]), units='pix', vframe_callback=UNKNOWN, volume=UNKNOWN, win=Window(...))
421.0562 	EXP 	Created vid5 = MovieStim3(__class__=<class 'psychopy.visual.movie3.MovieStim3'>, autoLog=True, color=UNKNOWN, colorSpace=UNKNOWN, depth=-6.0, filename='stims/wedding-8.5.mp4', flipHoriz=False, flipVert=False, fps=UNKNOWN, interpolate=True, loop=False, name='vid5', noAudio=False, opacity=1.0, ori=0, pos=array([0., 0.]), size=array([1280.,  720.]), units='pix', vframe_callback=UNKNOWN, volume=UNKNOWN, win=Window(...))
421.1546 	EXP 	window1: recordFrameIntervals = False
421.1582 	DATA 	Keypress: equal
421.1615 	DATA 	Keypress: equal
421.1675 	EXP 	image_3: autoDraw = False
421.1675 	EXP 	image_3: autoDraw = False
421.1675 	EXP 	vid1a: movie = 'stims/wedding-8.1a.mp4'
421.1675 	EXP 	vid1a: autoLog = True
421.1675 	EXP 	vid1b: movie = 'stims/wedding-8.1b.mp4'
421.1675 	EXP 	vid1b: autoLog = True
421.1675 	EXP 	vid2: movie = 'stims/wedding-8.2b.mp4'
421.1675 	EXP 	vid2: autoLog = True
421.1675 	EXP 	vid3: movie = 'stims/wedding-8.3b.mp4'
421.1675 	EXP 	vid3: autoLog = True
421.1675 	EXP 	vid4: movie = 'stims/wedding-8.4b.mp4'
421.1675 	EXP 	vid4: autoLog = True
421.1675 	EXP 	vid5: movie = 'stims/wedding-8.5.mp4'
421.1675 	EXP 	vid5: autoLog = True
423.7862 	EXP 	window1: recordFrameIntervals = False
425.9432 	DATA 	Keypress: equal
425.9454 	DATA 	Keypress: equal
425.9475 	DATA 	Keypress: equal
426.0509 	DATA 	Keypress: equal
426.1513 	EXP 	vid1a: movie = 'stims/wedding-8.1a.mp4'
426.1513 	EXP 	vid1b: movie = 'stims/wedding-8.1b.mp4'
426.1513 	EXP 	vid2: movie = 'stims/wedding-8.2b.mp4'
426.1513 	EXP 	vid3: movie = 'stims/wedding-8.3b.mp4'
426.1513 	EXP 	vid4: movie = 'stims/wedding-8.4b.mp4'
426.1513 	EXP 	vid5: movie = 'stims/wedding-8.5.mp4'
426.1672 	EXP 	vid1a: autoDraw = True
427.5522 	DATA 	Keypress: equal
429.0526 	DATA 	Keypress: equal
430.5525 	DATA 	Keypress: equal
432.0523 	DATA 	Keypress: equal
433.5526 	DATA 	Keypress: equal
435.0524 	DATA 	Keypress: equal
436.5533 	DATA 	Keypress: equal
438.0525 	DATA 	Keypress: equal
439.5529 	DATA 	Keypress: equal
440.4044 	EXP 	vid1a: autoDraw = False
440.4176 	EXP 	vid1b: autoDraw = True
441.0523 	DATA 	Keypress: equal
442.5527 	DATA 	Keypress: equal
444.0526 	DATA 	Keypress: equal
445.5526 	DATA 	Keypress: equal
447.0518 	DATA 	Keypress: equal
448.5523 	DATA 	Keypress: equal
449.3995 	EXP 	vid1b: autoDraw = False
449.4166 	EXP 	vid2: autoDraw = True
450.0515 	DATA 	Keypress: equal
451.5522 	DATA 	Keypress: equal
453.0513 	DATA 	Keypress: equal
454.5528 	DATA 	Keypress: equal
456.0516 	DATA 	Keypress: equal
457.5517 	DATA 	Keypress: equal
459.0518 	DATA 	Keypress: equal
460.5517 	DATA 	Keypress: equal
462.0516 	DATA 	Keypress: equal
463.5519 	DATA 	Keypress: equal
465.0516 	DATA 	Keypress: equal
465.9993 	EXP 	Set vid2 finished
466.4169 	EXP 	vid3: autoDraw = True
466.5514 	DATA 	Keypress: equal
468.0568 	DATA 	Keypress: equal
469.5519 	DATA 	Keypress: equal
471.0556 	DATA 	Keypress: equal
472.5516 	DATA 	Keypress: equal
474.0515 	DATA 	Keypress: equal
475.5557 	DATA 	Keypress: equal
477.0559 	DATA 	Keypress: equal
478.5560 	DATA 	Keypress: equal
480.0519 	DATA 	Keypress: equal
481.5518 	DATA 	Keypress: equal
483.0516 	DATA 	Keypress: equal
484.5518 	DATA 	Keypress: equal
486.0517 	DATA 	Keypress: equal
487.5523 	DATA 	Keypress: equal
489.0519 	DATA 	Keypress: equal
489.3668 	EXP 	Set vid3 finished
489.4166 	EXP 	vid4: autoDraw = True
490.5562 	DATA 	Keypress: equal
492.0557 	DATA 	Keypress: equal
493.5518 	DATA 	Keypress: equal
495.0521 	DATA 	Keypress: equal
496.5519 	DATA 	Keypress: equal
498.0519 	DATA 	Keypress: equal
499.5523 	DATA 	Keypress: equal
501.0482 	DATA 	Keypress: equal
502.5545 	DATA 	Keypress: equal
504.0519 	DATA 	Keypress: equal
505.5521 	DATA 	Keypress: equal
507.0518 	DATA 	Keypress: equal
508.5522 	DATA 	Keypress: equal
510.0523 	DATA 	Keypress: equal
511.5551 	DATA 	Keypress: equal
512.5496 	EXP 	Set vid4 finished
513.0516 	DATA 	Keypress: equal
513.4167 	EXP 	vid5: autoDraw = True
514.5560 	DATA 	Keypress: equal
516.0773 	DATA 	Keypress: equal
517.5559 	DATA 	Keypress: equal
519.0562 	DATA 	Keypress: equal
520.5556 	DATA 	Keypress: equal
522.0558 	DATA 	Keypress: equal
523.5471 	DATA 	Keypress: equal
525.0508 	DATA 	Keypress: equal
525.6659 	EXP 	Set vid5 finished
525.8285 	EXP 	Created sequence: random, trialTypes=1, nReps=1, seed=None
525.8288 	EXP 	New trial (rep=0, index=0): None
526.2361 	EXP 	Created vid1a_q = MovieStim3(__class__=<class 'psychopy.visual.movie3.MovieStim3'>, autoLog=True, color=UNKNOWN, colorSpace=UNKNOWN, depth=-1.0, filename='stims/wedding-8.1a.mp4', flipHoriz=False, flipVert=False, fps=UNKNOWN, interpolate=True, loop=False, name='vid1a_q', noAudio=False, opacity=1.0, ori=0, pos=array([0., 0.]), size=array([1280.,  720.]), units='pix', vframe_callback=UNKNOWN, volume=UNKNOWN, win=Window(...))
526.6193 	EXP 	Created vid1b_q = MovieStim3(__class__=<class 'psychopy.visual.movie3.MovieStim3'>, autoLog=True, color=UNKNOWN, colorSpace=UNKNOWN, depth=-2.0, filename='stims/wedding-8.1b.mp4', flipHoriz=False, flipVert=False, fps=UNKNOWN, interpolate=True, loop=False, name='vid1b_q', noAudio=False, opacity=1.0, ori=0, pos=array([0., 0.]), size=array([1280.,  720.]), units='pix', vframe_callback=UNKNOWN, volume=UNKNOWN, win=Window(...))
527.0684 	EXP 	Created vid2_q = MovieStim3(__class__=<class 'psychopy.visual.movie3.MovieStim3'>, autoLog=True, color=UNKNOWN, colorSpace=UNKNOWN, depth=-3.0, filename='stims/wedding-8.2b.mp4', flipHoriz=False, flipVert=False, fps=UNKNOWN, interpolate=True, loop=False, name='vid2_q', noAudio=False, opacity=1.0, ori=0, pos=array([0., 0.]), size=array([1280.,  720.]), units='pix', vframe_callback=UNKNOWN, volume=UNKNOWN, win=Window(...))
527.5922 	EXP 	Created vid3_q = MovieStim3(__class__=<class 'psychopy.visual.movie3.MovieStim3'>, autoLog=True, color=UNKNOWN, colorSpace=UNKNOWN, depth=-5.0, filename='stims/wedding-8.3b.mp4', flipHoriz=False, flipVert=False, fps=UNKNOWN, interpolate=True, loop=False, name='vid3_q', noAudio=False, opacity=1.0, ori=0, pos=array([0., 0.]), size=array([1280.,  720.]), units='pix', vframe_callback=UNKNOWN, volume=UNKNOWN, win=Window(...))
528.0521 	EXP 	Created vid4_q = MovieStim3(__class__=<class 'psychopy.visual.movie3.MovieStim3'>, autoLog=True, color=UNKNOWN, colorSpace=UNKNOWN, depth=-7.0, filename='stims/wedding-8.4b.mp4', flipHoriz=False, flipVert=False, fps=UNKNOWN, interpolate=True, loop=False, name='vid4_q', noAudio=False, opacity=1.0, ori=0, pos=array([0., 0.]), size=array([1280.,  720.]), units='pix', vframe_callback=UNKNOWN, volume=UNKNOWN, win=Window(...))
528.4349 	EXP 	Created vid5_q = MovieStim3(__class__=<class 'psychopy.visual.movie3.MovieStim3'>, autoLog=True, color=UNKNOWN, colorSpace=UNKNOWN, depth=-8.0, filename='stims/wedding-8.5.mp4', flipHoriz=False, flipVert=False, fps=UNKNOWN, interpolate=True, loop=False, name='vid5_q', noAudio=False, opacity=1.0, ori=0, pos=array([0., 0.]), size=array([1280.,  720.]), units='pix', vframe_callback=UNKNOWN, volume=UNKNOWN, win=Window(...))
528.7093 	EXP 	window1: recordFrameIntervals = False
528.7128 	DATA 	Keypress: equal
528.7156 	DATA 	Keypress: equal
528.7322 	EXP 	vid1a: autoDraw = False
528.7322 	EXP 	vid1b: autoDraw = False
528.7322 	EXP 	vid2: autoDraw = False
528.7322 	EXP 	vid3: autoDraw = False
528.7322 	EXP 	vid4: autoDraw = False
528.7322 	EXP 	vid5: autoDraw = False
528.7322 	EXP 	vid1a_q: movie = 'stims/wedding-8.1a.mp4'
528.7322 	EXP 	vid1a_q: autoLog = True
528.7322 	EXP 	vid1b_q: movie = 'stims/wedding-8.1b.mp4'
528.7322 	EXP 	vid1b_q: autoLog = True
528.7322 	EXP 	vid2_q: movie = 'stims/wedding-8.2b.mp4'
528.7322 	EXP 	vid2_q: autoLog = True
528.7322 	EXP 	vid3_q: movie = 'stims/wedding-8.3b.mp4'
528.7322 	EXP 	vid3_q: autoLog = True
528.7322 	EXP 	vid4_q: movie = 'stims/wedding-8.4b.mp4'
528.7322 	EXP 	vid4_q: autoLog = True
528.7322 	EXP 	vid5_q: movie = 'stims/wedding-8.5.mp4'
528.7322 	EXP 	vid5_q: autoLog = True
528.7322 	EXP 	vid1a_q: autoDraw = False
528.7322 	EXP 	vid1b_q: autoDraw = False
528.7322 	EXP 	vid2_q: autoDraw = False
528.7322 	EXP 	l2q: autoDraw = False
528.7322 	EXP 	vid3_q: autoDraw = False
528.7322 	EXP 	l3q: autoDraw = False
528.7322 	EXP 	vid4_q: autoDraw = False
528.7322 	EXP 	vid5_q: autoDraw = False
528.9647 	EXP 	window1: recordFrameIntervals = False
530.4958 	DATA 	Keypress: equal
530.7156 	EXP 	eggPainting1: image = 'stimsday1details/newpainting2.png'
530.7156 	EXP 	eggPainting2: image = 'stimsday1details/painting8.png'
530.7156 	EXP 	character1: image = 'stimsday1details/newperson14.png'
530.7156 	EXP 	character2: image = 'stimsday1details/couple8.png'
530.7156 	EXP 	gift1: image = 'stimsday1details/new14.png'
530.7156 	EXP 	gift2: image = 'stimsday1details/gift8.png'
530.7156 	EXP 	themeQ1: image = 'stimsday1details/t8.png'
530.7156 	EXP 	themeQ2: image = 'stimsday1details/ct8.png'
530.7156 	EXP 	nameQ1: image = 'stimsday1details/n8.png'
530.7156 	EXP 	nameQ2: image = 'stimsday1details/cn8.png'
530.7156 	EXP 	nameQ1: autoDraw = True
530.7156 	EXP 	nameQ2: autoDraw = True
531.0505 	DATA 	Keypress: equal
531.9165 	DATA 	Keypress: 1
532.5502 	DATA 	Keypress: equal
532.7155 	EXP 	nameQ1: autoDraw = False
532.7155 	EXP 	nameQ2: autoDraw = False
532.7155 	EXP 	nameQ1: autoDraw = False
532.7155 	EXP 	nameQ2: autoDraw = False
532.7155 	EXP 	eggPainting1: autoDraw = True
532.7155 	EXP 	eggPainting2: autoDraw = True
532.8165 	DATA 	Keypress: 1
533.4169 	DATA 	Keypress: 2
534.0503 	DATA 	Keypress: equal
534.1677 	DATA 	Keypress: 2
534.7195 	EXP 	eggPainting1: autoDraw = False
534.7195 	EXP 	eggPainting2: autoDraw = False
534.7195 	EXP 	eggPainting1: autoDraw = False
534.7195 	EXP 	eggPainting2: autoDraw = False
534.7195 	EXP 	character1: autoDraw = True
534.7195 	EXP 	character2: autoDraw = True
535.5012 	DATA 	Keypress: 2
535.5501 	DATA 	Keypress: equal
536.4047 	DATA 	Keypress: 2
536.7164 	EXP 	character1: autoDraw = False
536.7164 	EXP 	character2: autoDraw = False
536.7164 	EXP 	character1: autoDraw = False
536.7164 	EXP 	character2: autoDraw = False
536.7164 	EXP 	themeQ1: autoDraw = True
536.7164 	EXP 	themeQ2: autoDraw = True
537.0551 	DATA 	Keypress: equal
537.8713 	DATA 	Keypress: 1
538.3709 	DATA 	Keypress: 1
538.5510 	DATA 	Keypress: equal
538.7160 	EXP 	themeQ1: autoDraw = False
538.7160 	EXP 	themeQ2: autoDraw = False
538.7160 	EXP 	themeQ1: autoDraw = False
538.7160 	EXP 	themeQ2: autoDraw = False
538.7160 	EXP 	gift1: autoDraw = True
538.7160 	EXP 	gift2: autoDraw = True
539.6087 	DATA 	Keypress: 2
540.0586 	DATA 	Keypress: equal
540.1213 	DATA 	Keypress: 2
540.7205 	EXP 	gift1: autoDraw = False
540.7205 	EXP 	gift2: autoDraw = False
540.7205 	EXP 	gift1: autoDraw = False
540.7205 	EXP 	gift2: autoDraw = False
540.7205 	EXP 	northorsouth1: autoDraw = True
540.7205 	EXP 	northorsouth2: autoDraw = True
541.5594 	DATA 	Keypress: equal
541.8210 	DATA 	Keypress: 1
542.5448 	DATA 	Keypress: 1
542.9703 	EXP 	New trial (rep=0, index=4): OrderedDict([('condsFile', 'videoBlock_schemaN_pathA_2.csv')])
542.9837 	EXP 	Imported videoBlock_schemaN_pathA_2.csv as conditions, 1 conditions, 17 params
542.9842 	EXP 	Created sequence: random, trialTypes=1, nReps=1, seed=None
542.9849 	EXP 	New trial (rep=0, index=0): OrderedDict([('northOrSouth', 'north.png'), ('stimFile1a', 'stims/wedding-5.1a.mp4'), ('stimFile1b', 'stims/wedding-5.1b.mp4'), ('stimFile2', 'stims/wedding-5.2a.mp4'), ('stimFile3', 'stims/wedding-5.3a.mp4'), ('stimFile4', 'stims/wedding-5.4a.mp4'), ('stimFile5', 'stims/wedding-5.5.mp4'), ('QeggPainting1', 'stimsday1details/newegg2.png'), ('Qcharacter1', 'stimsday1details/couple5.png'), ('Qgift1', 'stimsday1details/gift5.png'), ('QeggPainting2', 'stimsday1details/egg5.png'), ('Qcharacter2', 'stimsday1details/newperson2.png'), ('Qgift2', 'stimsday1details/new2.png'), ('Qname1', 'stimsday1details/cn5.png'), ('Qtheme1', 'stimsday1details/ct5.png'), ('Qname2', 'stimsday1details/n5.png'), ('Qtheme2', 'stimsday1details/t5.png')])
542.9998 	EXP 	northorsouth1: autoDraw = False
542.9998 	EXP 	northorsouth2: autoDraw = False
542.9998 	EXP 	northorsouth1: autoDraw = False
542.9998 	EXP 	northorsouth2: autoDraw = False
542.9998 	EXP 	image_3: autoDraw = True
543.0565 	DATA 	Keypress: equal
544.5568 	DATA 	Keypress: equal
544.9838 	EXP 	Created sequence: random, trialTypes=1, nReps=1, seed=None
544.9841 	EXP 	New trial (rep=0, index=0): None
545.3888 	EXP 	Created vid1a = MovieStim3(__class__=<class 'psychopy.visual.movie3.MovieStim3'>, autoLog=True, color=UNKNOWN, colorSpace=UNKNOWN, depth=-1.0, filename='stims/wedding-5.1a.mp4', flipHoriz=False, flipVert=False, fps=UNKNOWN, interpolate=True, loop=False, name='vid1a', noAudio=False, opacity=1.0, ori=0, pos=array([0., 0.]), size=array([1280.,  720.]), units='pix', vframe_callback=UNKNOWN, volume=UNKNOWN, win=Window(...))
545.7631 	EXP 	Created vid1b = MovieStim3(__class__=<class 'psychopy.visual.movie3.MovieStim3'>, autoLog=True, color=UNKNOWN, colorSpace=UNKNOWN, depth=-2.0, filename='stims/wedding-5.1b.mp4', flipHoriz=False, flipVert=False, fps=UNKNOWN, interpolate=True, loop=False, name='vid1b', noAudio=False, opacity=1.0, ori=0, pos=array([0., 0.]), size=array([1280.,  720.]), units='pix', vframe_callback=UNKNOWN, volume=UNKNOWN, win=Window(...))
546.2153 	EXP 	Created vid2 = MovieStim3(__class__=<class 'psychopy.visual.movie3.MovieStim3'>, autoLog=True, color=UNKNOWN, colorSpace=UNKNOWN, depth=-3.0, filename='stims/wedding-5.2a.mp4', flipHoriz=False, flipVert=False, fps=UNKNOWN, interpolate=True, loop=False, name='vid2', noAudio=False, opacity=1.0, ori=0, pos=array([0., 0.]), size=array([1280.,  720.]), units='pix', vframe_callback=UNKNOWN, volume=UNKNOWN, win=Window(...))
546.6843 	EXP 	Created vid3 = MovieStim3(__class__=<class 'psychopy.visual.movie3.MovieStim3'>, autoLog=True, color=UNKNOWN, colorSpace=UNKNOWN, depth=-4.0, filename='stims/wedding-5.3a.mp4', flipHoriz=False, flipVert=False, fps=UNKNOWN, interpolate=True, loop=False, name='vid3', noAudio=False, opacity=1.0, ori=0, pos=array([0., 0.]), size=array([1280.,  720.]), units='pix', vframe_callback=UNKNOWN, volume=UNKNOWN, win=Window(...))
547.2306 	EXP 	Created vid4 = MovieStim3(__class__=<class 'psychopy.visual.movie3.MovieStim3'>, autoLog=True, color=UNKNOWN, colorSpace=UNKNOWN, depth=-5.0, filename='stims/wedding-5.4a.mp4', flipHoriz=False, flipVert=False, fps=UNKNOWN, interpolate=True, loop=False, name='vid4', noAudio=False, opacity=1.0, ori=0, pos=array([0., 0.]), size=array([1280.,  720.]), units='pix', vframe_callback=UNKNOWN, volume=UNKNOWN, win=Window(...))
547.6290 	EXP 	Created vid5 = MovieStim3(__class__=<class 'psychopy.visual.movie3.MovieStim3'>, autoLog=True, color=UNKNOWN, colorSpace=UNKNOWN, depth=-6.0, filename='stims/wedding-5.5.mp4', flipHoriz=False, flipVert=False, fps=UNKNOWN, interpolate=True, loop=False, name='vid5', noAudio=False, opacity=1.0, ori=0, pos=array([0., 0.]), size=array([1280.,  720.]), units='pix', vframe_callback=UNKNOWN, volume=UNKNOWN, win=Window(...))
547.6964 	EXP 	window1: recordFrameIntervals = False
547.7015 	DATA 	Keypress: equal
547.7054 	DATA 	Keypress: equal
547.7163 	EXP 	image_3: autoDraw = False
547.7163 	EXP 	image_3: autoDraw = False
547.7163 	EXP 	vid1a: movie = 'stims/wedding-5.1a.mp4'
547.7163 	EXP 	vid1a: autoLog = True
547.7163 	EXP 	vid1b: movie = 'stims/wedding-5.1b.mp4'
547.7163 	EXP 	vid1b: autoLog = True
547.7163 	EXP 	vid2: movie = 'stims/wedding-5.2a.mp4'
547.7163 	EXP 	vid2: autoLog = True
547.7163 	EXP 	vid3: movie = 'stims/wedding-5.3a.mp4'
547.7163 	EXP 	vid3: autoLog = True
547.7163 	EXP 	vid4: movie = 'stims/wedding-5.4a.mp4'
547.7163 	EXP 	vid4: autoLog = True
547.7163 	EXP 	vid5: movie = 'stims/wedding-5.5.mp4'
547.7163 	EXP 	vid5: autoLog = True
550.3846 	EXP 	window1: recordFrameIntervals = False
552.4854 	DATA 	Keypress: equal
552.4889 	DATA 	Keypress: equal
552.4921 	DATA 	Keypress: equal
552.6991 	EXP 	vid1a: movie = 'stims/wedding-5.1a.mp4'
552.6991 	EXP 	vid1b: movie = 'stims/wedding-5.1b.mp4'
552.6991 	EXP 	vid2: movie = 'stims/wedding-5.2a.mp4'
552.6991 	EXP 	vid3: movie = 'stims/wedding-5.3a.mp4'
552.6991 	EXP 	vid4: movie = 'stims/wedding-5.4a.mp4'
552.6991 	EXP 	vid5: movie = 'stims/wedding-5.5.mp4'
552.7159 	EXP 	vid1a: autoDraw = True
553.5565 	DATA 	Keypress: equal
555.0523 	DATA 	Keypress: equal
556.5523 	DATA 	Keypress: equal
558.0541 	DATA 	Keypress: equal
559.5530 	DATA 	Keypress: equal
561.0525 	DATA 	Keypress: equal
562.5589 	DATA 	Keypress: equal
564.0502 	DATA 	Keypress: equal
565.5478 	DATA 	Keypress: equal
566.9990 	EXP 	vid1a: autoDraw = False
567.0153 	EXP 	vid1b: autoDraw = True
567.0525 	DATA 	Keypress: equal
568.5558 	DATA 	Keypress: equal
570.0524 	DATA 	Keypress: equal
571.5524 	DATA 	Keypress: equal
573.0575 	DATA 	Keypress: equal
574.5529 	DATA 	Keypress: equal
575.9979 	EXP 	vid1b: autoDraw = False
576.0157 	EXP 	vid2: autoDraw = True
576.0568 	DATA 	Keypress: equal
577.5558 	DATA 	Keypress: equal
579.0523 	DATA 	Keypress: equal
580.5522 	DATA 	Keypress: equal
582.0514 	DATA 	Keypress: equal
583.5524 	DATA 	Keypress: equal
585.0564 	DATA 	Keypress: equal
586.5510 	DATA 	Keypress: equal
588.0525 	DATA 	Keypress: equal
589.5465 	DATA 	Keypress: equal
591.0467 	DATA 	Keypress: equal
592.5531 	DATA 	Keypress: equal
593.0025 	EXP 	vid2: autoDraw = False
593.0153 	EXP 	vid3: autoDraw = True
594.0572 	DATA 	Keypress: equal
595.5513 	DATA 	Keypress: equal
597.0468 	DATA 	Keypress: equal
598.5476 	DATA 	Keypress: equal
600.0530 	DATA 	Keypress: equal
601.5453 	DATA 	Keypress: equal
603.0529 	DATA 	Keypress: equal
604.5532 	DATA 	Keypress: equal
606.0515 	DATA 	Keypress: equal
607.5457 	DATA 	Keypress: equal
609.0515 	DATA 	Keypress: equal
610.5449 	DATA 	Keypress: equal
612.0540 	DATA 	Keypress: equal
613.5539 	DATA 	Keypress: equal
615.0514 	DATA 	Keypress: equal
616.0029 	EXP 	vid3: autoDraw = False
616.0150 	EXP 	vid4: autoDraw = True
616.5517 	DATA 	Keypress: equal
618.0516 	DATA 	Keypress: equal
619.5521 	DATA 	Keypress: equal
621.0519 	DATA 	Keypress: equal
622.5517 	DATA 	Keypress: equal
624.0474 	DATA 	Keypress: equal
625.5786 	DATA 	Keypress: equal
627.0476 	DATA 	Keypress: equal
628.5517 	DATA 	Keypress: equal
630.0461 	DATA 	Keypress: equal
631.5522 	DATA 	Keypress: equal
633.0516 	DATA 	Keypress: equal
634.5519 	DATA 	Keypress: equal
636.0560 	DATA 	Keypress: equal
637.5517 	DATA 	Keypress: equal
639.0520 	DATA 	Keypress: equal
640.0019 	EXP 	vid4: autoDraw = False
640.0150 	EXP 	vid5: autoDraw = True
640.5517 	DATA 	Keypress: equal
642.0516 	DATA 	Keypress: equal
643.5517 	DATA 	Keypress: equal
645.0449 	DATA 	Keypress: equal
646.5518 	DATA 	Keypress: equal
648.0520 	DATA 	Keypress: equal
649.5513 	DATA 	Keypress: equal
651.0511 	DATA 	Keypress: equal
652.5507 	DATA 	Keypress: equal
652.9638 	EXP 	Set vid5 finished
653.1864 	EXP 	Created sequence: random, trialTypes=1, nReps=1, seed=None
653.1867 	EXP 	New trial (rep=0, index=0): None
653.5963 	EXP 	Created vid1a_q = MovieStim3(__class__=<class 'psychopy.visual.movie3.MovieStim3'>, autoLog=True, color=UNKNOWN, colorSpace=UNKNOWN, depth=-1.0, filename='stims/wedding-5.1a.mp4', flipHoriz=False, flipVert=False, fps=UNKNOWN, interpolate=True, loop=False, name='vid1a_q', noAudio=False, opacity=1.0, ori=0, pos=array([0., 0.]), size=array([1280.,  720.]), units='pix', vframe_callback=UNKNOWN, volume=UNKNOWN, win=Window(...))
653.9751 	EXP 	Created vid1b_q = MovieStim3(__class__=<class 'psychopy.visual.movie3.MovieStim3'>, autoLog=True, color=UNKNOWN, colorSpace=UNKNOWN, depth=-2.0, filename='stims/wedding-5.1b.mp4', flipHoriz=False, flipVert=False, fps=UNKNOWN, interpolate=True, loop=False, name='vid1b_q', noAudio=False, opacity=1.0, ori=0, pos=array([0., 0.]), size=array([1280.,  720.]), units='pix', vframe_callback=UNKNOWN, volume=UNKNOWN, win=Window(...))
654.4294 	EXP 	Created vid2_q = MovieStim3(__class__=<class 'psychopy.visual.movie3.MovieStim3'>, autoLog=True, color=UNKNOWN, colorSpace=UNKNOWN, depth=-3.0, filename='stims/wedding-5.2a.mp4', flipHoriz=False, flipVert=False, fps=UNKNOWN, interpolate=True, loop=False, name='vid2_q', noAudio=False, opacity=1.0, ori=0, pos=array([0., 0.]), size=array([1280.,  720.]), units='pix', vframe_callback=UNKNOWN, volume=UNKNOWN, win=Window(...))
654.8954 	EXP 	Created vid3_q = MovieStim3(__class__=<class 'psychopy.visual.movie3.MovieStim3'>, autoLog=True, color=UNKNOWN, colorSpace=UNKNOWN, depth=-5.0, filename='stims/wedding-5.3a.mp4', flipHoriz=False, flipVert=False, fps=UNKNOWN, interpolate=True, loop=False, name='vid3_q', noAudio=False, opacity=1.0, ori=0, pos=array([0., 0.]), size=array([1280.,  720.]), units='pix', vframe_callback=UNKNOWN, volume=UNKNOWN, win=Window(...))
655.4382 	EXP 	Created vid4_q = MovieStim3(__class__=<class 'psychopy.visual.movie3.MovieStim3'>, autoLog=True, color=UNKNOWN, colorSpace=UNKNOWN, depth=-7.0, filename='stims/wedding-5.4a.mp4', flipHoriz=False, flipVert=False, fps=UNKNOWN, interpolate=True, loop=False, name='vid4_q', noAudio=False, opacity=1.0, ori=0, pos=array([0., 0.]), size=array([1280.,  720.]), units='pix', vframe_callback=UNKNOWN, volume=UNKNOWN, win=Window(...))
655.8388 	EXP 	Created vid5_q = MovieStim3(__class__=<class 'psychopy.visual.movie3.MovieStim3'>, autoLog=True, color=UNKNOWN, colorSpace=UNKNOWN, depth=-8.0, filename='stims/wedding-5.5.mp4', flipHoriz=False, flipVert=False, fps=UNKNOWN, interpolate=True, loop=False, name='vid5_q', noAudio=False, opacity=1.0, ori=0, pos=array([0., 0.]), size=array([1280.,  720.]), units='pix', vframe_callback=UNKNOWN, volume=UNKNOWN, win=Window(...))
656.1449 	EXP 	window1: recordFrameIntervals = False
656.1498 	DATA 	Keypress: equal
656.1536 	DATA 	Keypress: equal
656.1639 	EXP 	vid1a: autoDraw = False
656.1639 	EXP 	vid1b: autoDraw = False
656.1639 	EXP 	vid2: autoDraw = False
656.1639 	EXP 	vid3: autoDraw = False
656.1639 	EXP 	vid4: autoDraw = False
656.1639 	EXP 	vid5: autoDraw = False
656.1639 	EXP 	vid1a_q: movie = 'stims/wedding-5.1a.mp4'
656.1639 	EXP 	vid1a_q: autoLog = True
656.1639 	EXP 	vid1b_q: movie = 'stims/wedding-5.1b.mp4'
656.1639 	EXP 	vid1b_q: autoLog = True
656.1639 	EXP 	vid2_q: movie = 'stims/wedding-5.2a.mp4'
656.1639 	EXP 	vid2_q: autoLog = True
656.1639 	EXP 	vid3_q: movie = 'stims/wedding-5.3a.mp4'
656.1639 	EXP 	vid3_q: autoLog = True
656.1639 	EXP 	vid4_q: movie = 'stims/wedding-5.4a.mp4'
656.1639 	EXP 	vid4_q: autoLog = True
656.1639 	EXP 	vid5_q: movie = 'stims/wedding-5.5.mp4'
656.1639 	EXP 	vid5_q: autoLog = True
656.1639 	EXP 	vid1a_q: autoDraw = False
656.1639 	EXP 	vid1b_q: autoDraw = False
656.1639 	EXP 	vid2_q: autoDraw = False
656.1639 	EXP 	l2q: autoDraw = False
656.1639 	EXP 	vid3_q: autoDraw = False
656.1639 	EXP 	l3q: autoDraw = False
656.1639 	EXP 	vid4_q: autoDraw = False
656.1639 	EXP 	vid5_q: autoDraw = False
656.3634 	EXP 	window1: recordFrameIntervals = False
657.9326 	DATA 	Keypress: equal
658.1478 	EXP 	eggPainting1: image = 'stimsday1details/newegg2.png'
658.1478 	EXP 	eggPainting2: image = 'stimsday1details/egg5.png'
658.1478 	EXP 	character1: image = 'stimsday1details/couple5.png'
658.1478 	EXP 	character2: image = 'stimsday1details/newperson2.png'
658.1478 	EXP 	gift1: image = 'stimsday1details/gift5.png'
658.1478 	EXP 	gift2: image = 'stimsday1details/new2.png'
658.1478 	EXP 	themeQ1: image = 'stimsday1details/ct5.png'
658.1478 	EXP 	themeQ2: image = 'stimsday1details/t5.png'
658.1478 	EXP 	nameQ1: image = 'stimsday1details/cn5.png'
658.1478 	EXP 	nameQ2: image = 'stimsday1details/n5.png'
658.1478 	EXP 	nameQ1: autoDraw = True
658.1478 	EXP 	nameQ2: autoDraw = True
658.5501 	DATA 	Keypress: equal
659.3337 	DATA 	Keypress: 2
659.8326 	DATA 	Keypress: 2
660.0499 	DATA 	Keypress: equal
660.1473 	EXP 	nameQ1: autoDraw = False
660.1473 	EXP 	nameQ2: autoDraw = False
660.1473 	EXP 	nameQ1: autoDraw = False
660.1473 	EXP 	nameQ2: autoDraw = False
660.1473 	EXP 	eggPainting1: autoDraw = True
660.1473 	EXP 	eggPainting2: autoDraw = True
661.0044 	DATA 	Keypress: 2
661.5545 	DATA 	Keypress: 2
661.5572 	DATA 	Keypress: equal
662.1512 	EXP 	eggPainting1: autoDraw = False
662.1512 	EXP 	eggPainting2: autoDraw = False
662.1512 	EXP 	eggPainting1: autoDraw = False
662.1512 	EXP 	eggPainting2: autoDraw = False
662.1512 	EXP 	character1: autoDraw = True
662.1512 	EXP 	character2: autoDraw = True
662.9674 	DATA 	Keypress: 1
663.0511 	DATA 	Keypress: equal
663.6329 	DATA 	Keypress: 1
664.1515 	EXP 	character1: autoDraw = False
664.1515 	EXP 	character2: autoDraw = False
664.1515 	EXP 	character1: autoDraw = False
664.1515 	EXP 	character2: autoDraw = False
664.1515 	EXP 	themeQ1: autoDraw = True
664.1515 	EXP 	themeQ2: autoDraw = True
664.5549 	DATA 	Keypress: equal
665.7721 	DATA 	Keypress: 2
666.0496 	DATA 	Keypress: equal
666.1475 	EXP 	themeQ1: autoDraw = False
666.1475 	EXP 	themeQ2: autoDraw = False
666.1475 	EXP 	themeQ1: autoDraw = False
666.1475 	EXP 	themeQ2: autoDraw = False
666.1475 	EXP 	gift1: autoDraw = True
666.1475 	EXP 	gift2: autoDraw = True
666.2339 	DATA 	Keypress: 2
666.8716 	DATA 	Keypress: 1
667.2212 	DATA 	Keypress: 1
667.5508 	DATA 	Keypress: equal
667.5839 	DATA 	Keypress: 1
668.1478 	EXP 	gift1: autoDraw = False
668.1478 	EXP 	gift2: autoDraw = False
668.1478 	EXP 	gift1: autoDraw = False
668.1478 	EXP 	gift2: autoDraw = False
668.1478 	EXP 	northorsouth1: autoDraw = True
668.1478 	EXP 	northorsouth2: autoDraw = True
668.2709 	DATA 	Keypress: 1
669.0016 	DATA 	Keypress: 1
669.0500 	DATA 	Keypress: equal
669.2704 	DATA 	Keypress: 1
670.0210 	DATA 	Keypress: 1
670.4286 	EXP 	New trial (rep=0, index=5): OrderedDict([('condsFile', 'videoBlock_schemaN_pathB_3.csv')])
670.4420 	EXP 	Imported videoBlock_schemaN_pathB_3.csv as conditions, 1 conditions, 17 params
670.4424 	EXP 	Created sequence: random, trialTypes=1, nReps=1, seed=None
670.4432 	EXP 	New trial (rep=0, index=0): OrderedDict([('northOrSouth', 'north.png'), ('stimFile1a', 'stims/wedding-11.1a.mp4'), ('stimFile1b', 'stims/wedding-11.1b.mp4'), ('stimFile2', 'stims/wedding-11.2b.mp4'), ('stimFile3', 'stims/wedding-11.3b.mp4'), ('stimFile4', 'stims/wedding-11.4b.mp4'), ('stimFile5', 'stims/wedding-11.5.mp4'), ('QeggPainting1', 'stimsday1details/painting11.png'), ('Qcharacter1', 'stimsday1details/couple11.png'), ('Qgift1', 'stimsday1details/gift11.png'), ('QeggPainting2', 'stimsday1details/newpainting3.png'), ('Qcharacter2', 'stimsday1details/newperson15.png'), ('Qgift2', 'stimsday1details/new15.png'), ('Qname1', 'stimsday1details/cn11.png'), ('Qtheme1', 'stimsday1details/ct11.png'), ('Qname2', 'stimsday1details/n11.png'), ('Qtheme2', 'stimsday1details/t11.png')])
670.4638 	EXP 	northorsouth1: autoDraw = False
670.4638 	EXP 	northorsouth2: autoDraw = False
670.4638 	EXP 	northorsouth1: autoDraw = False
670.4638 	EXP 	northorsouth2: autoDraw = False
670.4638 	EXP 	image_3: autoDraw = True
670.5504 	DATA 	Keypress: equal
672.0542 	DATA 	Keypress: equal
672.4528 	EXP 	Created sequence: random, trialTypes=1, nReps=1, seed=None
672.4531 	EXP 	New trial (rep=0, index=0): None
672.8658 	EXP 	Created vid1a = MovieStim3(__class__=<class 'psychopy.visual.movie3.MovieStim3'>, autoLog=True, color=UNKNOWN, colorSpace=UNKNOWN, depth=-1.0, filename='stims/wedding-11.1a.mp4', flipHoriz=False, flipVert=False, fps=UNKNOWN, interpolate=True, loop=False, name='vid1a', noAudio=False, opacity=1.0, ori=0, pos=array([0., 0.]), size=array([1280.,  720.]), units='pix', vframe_callback=UNKNOWN, volume=UNKNOWN, win=Window(...))
673.2160 	EXP 	Created vid1b = MovieStim3(__class__=<class 'psychopy.visual.movie3.MovieStim3'>, autoLog=True, color=UNKNOWN, colorSpace=UNKNOWN, depth=-2.0, filename='stims/wedding-11.1b.mp4', flipHoriz=False, flipVert=False, fps=UNKNOWN, interpolate=True, loop=False, name='vid1b', noAudio=False, opacity=1.0, ori=0, pos=array([0., 0.]), size=array([1280.,  720.]), units='pix', vframe_callback=UNKNOWN, volume=UNKNOWN, win=Window(...))
673.6888 	EXP 	Created vid2 = MovieStim3(__class__=<class 'psychopy.visual.movie3.MovieStim3'>, autoLog=True, color=UNKNOWN, colorSpace=UNKNOWN, depth=-3.0, filename='stims/wedding-11.2b.mp4', flipHoriz=False, flipVert=False, fps=UNKNOWN, interpolate=True, loop=False, name='vid2', noAudio=False, opacity=1.0, ori=0, pos=array([0., 0.]), size=array([1280.,  720.]), units='pix', vframe_callback=UNKNOWN, volume=UNKNOWN, win=Window(...))
674.2320 	EXP 	Created vid3 = MovieStim3(__class__=<class 'psychopy.visual.movie3.MovieStim3'>, autoLog=True, color=UNKNOWN, colorSpace=UNKNOWN, depth=-4.0, filename='stims/wedding-11.3b.mp4', flipHoriz=False, flipVert=False, fps=UNKNOWN, interpolate=True, loop=False, name='vid3', noAudio=False, opacity=1.0, ori=0, pos=array([0., 0.]), size=array([1280.,  720.]), units='pix', vframe_callback=UNKNOWN, volume=UNKNOWN, win=Window(...))
674.7634 	EXP 	Created vid4 = MovieStim3(__class__=<class 'psychopy.visual.movie3.MovieStim3'>, autoLog=True, color=UNKNOWN, colorSpace=UNKNOWN, depth=-5.0, filename='stims/wedding-11.4b.mp4', flipHoriz=False, flipVert=False, fps=UNKNOWN, interpolate=True, loop=False, name='vid4', noAudio=False, opacity=1.0, ori=0, pos=array([0., 0.]), size=array([1280.,  720.]), units='pix', vframe_callback=UNKNOWN, volume=UNKNOWN, win=Window(...))
675.1740 	EXP 	Created vid5 = MovieStim3(__class__=<class 'psychopy.visual.movie3.MovieStim3'>, autoLog=True, color=UNKNOWN, colorSpace=UNKNOWN, depth=-6.0, filename='stims/wedding-11.5.mp4', flipHoriz=False, flipVert=False, fps=UNKNOWN, interpolate=True, loop=False, name='vid5', noAudio=False, opacity=1.0, ori=0, pos=array([0., 0.]), size=array([1280.,  720.]), units='pix', vframe_callback=UNKNOWN, volume=UNKNOWN, win=Window(...))
675.4921 	EXP 	Created sequence: random, trialTypes=1, nReps=1, seed=None
675.4924 	EXP 	New trial (rep=0, index=0): None
675.9007 	EXP 	Created vid1a_q = MovieStim3(__class__=<class 'psychopy.visual.movie3.MovieStim3'>, autoLog=True, color=UNKNOWN, colorSpace=UNKNOWN, depth=-1.0, filename='stims/wedding-11.1a.mp4', flipHoriz=False, flipVert=False, fps=UNKNOWN, interpolate=True, loop=False, name='vid1a_q', noAudio=False, opacity=1.0, ori=0, pos=array([0., 0.]), size=array([1280.,  720.]), units='pix', vframe_callback=UNKNOWN, volume=UNKNOWN, win=Window(...))
676.2385 	EXP 	Created vid1b_q = MovieStim3(__class__=<class 'psychopy.visual.movie3.MovieStim3'>, autoLog=True, color=UNKNOWN, colorSpace=UNKNOWN, depth=-2.0, filename='stims/wedding-11.1b.mp4', flipHoriz=False, flipVert=False, fps=UNKNOWN, interpolate=True, loop=False, name='vid1b_q', noAudio=False, opacity=1.0, ori=0, pos=array([0., 0.]), size=array([1280.,  720.]), units='pix', vframe_callback=UNKNOWN, volume=UNKNOWN, win=Window(...))
676.6953 	EXP 	Created vid2_q = MovieStim3(__class__=<class 'psychopy.visual.movie3.MovieStim3'>, autoLog=True, color=UNKNOWN, colorSpace=UNKNOWN, depth=-3.0, filename='stims/wedding-11.2b.mp4', flipHoriz=False, flipVert=False, fps=UNKNOWN, interpolate=True, loop=False, name='vid2_q', noAudio=False, opacity=1.0, ori=0, pos=array([0., 0.]), size=array([1280.,  720.]), units='pix', vframe_callback=UNKNOWN, volume=UNKNOWN, win=Window(...))
677.2258 	EXP 	Created vid3_q = MovieStim3(__class__=<class 'psychopy.visual.movie3.MovieStim3'>, autoLog=True, color=UNKNOWN, colorSpace=UNKNOWN, depth=-5.0, filename='stims/wedding-11.3b.mp4', flipHoriz=False, flipVert=False, fps=UNKNOWN, interpolate=True, loop=False, name='vid3_q', noAudio=False, opacity=1.0, ori=0, pos=array([0., 0.]), size=array([1280.,  720.]), units='pix', vframe_callback=UNKNOWN, volume=UNKNOWN, win=Window(...))
677.7384 	EXP 	Created vid4_q = MovieStim3(__class__=<class 'psychopy.visual.movie3.MovieStim3'>, autoLog=True, color=UNKNOWN, colorSpace=UNKNOWN, depth=-7.0, filename='stims/wedding-11.4b.mp4', flipHoriz=False, flipVert=False, fps=UNKNOWN, interpolate=True, loop=False, name='vid4_q', noAudio=False, opacity=1.0, ori=0, pos=array([0., 0.]), size=array([1280.,  720.]), units='pix', vframe_callback=UNKNOWN, volume=UNKNOWN, win=Window(...))
678.1350 	EXP 	Created vid5_q = MovieStim3(__class__=<class 'psychopy.visual.movie3.MovieStim3'>, autoLog=True, color=UNKNOWN, colorSpace=UNKNOWN, depth=-8.0, filename='stims/wedding-11.5.mp4', flipHoriz=False, flipVert=False, fps=UNKNOWN, interpolate=True, loop=False, name='vid5_q', noAudio=False, opacity=1.0, ori=0, pos=array([0., 0.]), size=array([1280.,  720.]), units='pix', vframe_callback=UNKNOWN, volume=UNKNOWN, win=Window(...))
678.2507 	EXP 	window1: recordFrameIntervals = False
678.2563 	DATA 	Keypress: equal
678.2607 	DATA 	Keypress: equal
678.2640 	DATA 	Keypress: equal
678.2674 	DATA 	Keypress: equal
678.2806 	EXP 	image_3: autoDraw = False
678.2806 	EXP 	image_3: autoDraw = False
678.2806 	EXP 	vid1a: movie = 'stims/wedding-11.1a.mp4'
678.2806 	EXP 	vid1a: autoLog = True
678.2806 	EXP 	vid1b: movie = 'stims/wedding-11.1b.mp4'
678.2806 	EXP 	vid1b: autoLog = True
678.2806 	EXP 	vid2: movie = 'stims/wedding-11.2b.mp4'
678.2806 	EXP 	vid2: autoLog = True
678.2806 	EXP 	vid3: movie = 'stims/wedding-11.3b.mp4'
678.2806 	EXP 	vid3: autoLog = True
678.2806 	EXP 	vid4: movie = 'stims/wedding-11.4b.mp4'
678.2806 	EXP 	vid4: autoLog = True
678.2806 	EXP 	vid5: movie = 'stims/wedding-11.5.mp4'
678.2806 	EXP 	vid5: autoLog = True
678.2806 	EXP 	vid1a: autoDraw = False
678.2806 	EXP 	vid1b: autoDraw = False
678.2806 	EXP 	vid2: autoDraw = False
678.2806 	EXP 	vid3: autoDraw = False
678.2806 	EXP 	vid4: autoDraw = False
678.2806 	EXP 	vid5: autoDraw = False
678.2806 	EXP 	vid1a_q: movie = 'stims/wedding-11.1a.mp4'
678.2806 	EXP 	vid1a_q: autoLog = True
678.2806 	EXP 	vid1b_q: movie = 'stims/wedding-11.1b.mp4'
678.2806 	EXP 	vid1b_q: autoLog = True
678.2806 	EXP 	vid2_q: movie = 'stims/wedding-11.2b.mp4'
678.2806 	EXP 	vid2_q: autoLog = True
678.2806 	EXP 	vid3_q: movie = 'stims/wedding-11.3b.mp4'
678.2806 	EXP 	vid3_q: autoLog = True
678.2806 	EXP 	vid4_q: movie = 'stims/wedding-11.4b.mp4'
678.2806 	EXP 	vid4_q: autoLog = True
678.2806 	EXP 	vid5_q: movie = 'stims/wedding-11.5.mp4'
678.2806 	EXP 	vid5_q: autoLog = True
680.9313 	EXP 	window1: recordFrameIntervals = False
683.0419 	DATA 	Keypress: equal
683.0506 	DATA 	Keypress: equal
683.0543 	DATA 	Keypress: equal
683.2473 	EXP 	vid1a_q: movie = 'stims/wedding-11.1a.mp4'
683.2473 	EXP 	vid1b_q: movie = 'stims/wedding-11.1b.mp4'
683.2473 	EXP 	vid2_q: movie = 'stims/wedding-11.2b.mp4'
683.2473 	EXP 	vid3_q: movie = 'stims/wedding-11.3b.mp4'
683.2473 	EXP 	vid4_q: movie = 'stims/wedding-11.4b.mp4'
683.2473 	EXP 	vid5_q: movie = 'stims/wedding-11.5.mp4'
683.2644 	EXP 	vid1a_q: autoDraw = True
684.0453 	DATA 	Keypress: equal
685.5507 	DATA 	Keypress: equal
687.0455 	DATA 	Keypress: equal
688.5427 	DATA 	Keypress: equal
690.0509 	DATA 	Keypress: equal
691.5426 	DATA 	Keypress: equal
693.0500 	DATA 	Keypress: equal
694.5506 	DATA 	Keypress: equal
696.0508 	DATA 	Keypress: equal
697.5143 	EXP 	vid1a_q: autoDraw = False
697.5143 	EXP 	vid1b_q: autoDraw = True
697.5505 	DATA 	Keypress: equal
699.0555 	DATA 	Keypress: equal
700.5502 	DATA 	Keypress: equal
702.0510 	DATA 	Keypress: equal
703.5501 	DATA 	Keypress: equal
705.0506 	DATA 	Keypress: equal
705.9130 	EXP 	Set vid1b_q finished
706.5136 	EXP 	vid2_q: autoDraw = True
706.5549 	DATA 	Keypress: equal
708.0549 	DATA 	Keypress: equal
709.5503 	DATA 	Keypress: equal
711.0512 	DATA 	Keypress: equal
712.5509 	DATA 	Keypress: equal
714.0517 	DATA 	Keypress: equal
715.5544 	DATA 	Keypress: equal
717.0462 	DATA 	Keypress: equal
718.5516 	DATA 	Keypress: equal
720.0413 	DATA 	Keypress: equal
721.5500 	DATA 	Keypress: equal
723.0401 	DATA 	Keypress: equal
723.3963 	EXP 	Set vid2_q finished
723.5172 	EXP 	l2q: autoDraw = True
724.5496 	DATA 	Keypress: equal
725.6037 	DATA 	Keypress: 2
726.0548 	DATA 	Keypress: equal
726.3246 	DATA 	Keypress: 2
727.5019 	EXP 	l2q: autoDraw = False
727.5184 	EXP 	vid3_q: autoDraw = True
727.5593 	DATA 	Keypress: equal
729.0547 	DATA 	Keypress: equal
730.5422 	DATA 	Keypress: equal
732.0439 	DATA 	Keypress: equal
733.5401 	DATA 	Keypress: equal
735.0503 	DATA 	Keypress: equal
736.5408 	DATA 	Keypress: equal
738.0497 	DATA 	Keypress: equal
739.5414 	DATA 	Keypress: equal
741.0516 	DATA 	Keypress: equal
742.5405 	DATA 	Keypress: equal
744.0406 	DATA 	Keypress: equal
745.5416 	DATA 	Keypress: equal
747.0464 	DATA 	Keypress: equal
748.5547 	DATA 	Keypress: equal
750.0512 	DATA 	Keypress: equal
750.5007 	EXP 	vid3_q: autoDraw = False
750.5134 	EXP 	l3q: autoDraw = True
751.5534 	DATA 	Keypress: equal
751.9823 	DATA 	Keypress: 2
752.5537 	DATA 	Keypress: 2
753.0533 	DATA 	Keypress: equal
753.5329 	DATA 	Keypress: 2
754.5137 	EXP 	l3q: autoDraw = False
754.5137 	EXP 	vid4_q: autoDraw = True
754.5538 	DATA 	Keypress: equal
756.0505 	DATA 	Keypress: equal
757.5550 	DATA 	Keypress: equal
759.0459 	DATA 	Keypress: equal
760.5399 	DATA 	Keypress: equal
762.0410 	DATA 	Keypress: equal
763.5410 	DATA 	Keypress: equal
765.0405 	DATA 	Keypress: equal
766.5397 	DATA 	Keypress: equal
768.0406 	DATA 	Keypress: equal
769.5398 	DATA 	Keypress: equal
771.0394 	DATA 	Keypress: equal
772.5412 	DATA 	Keypress: equal
774.0402 	DATA 	Keypress: equal
775.5415 	DATA 	Keypress: equal
777.0493 	DATA 	Keypress: equal
777.7788 	EXP 	Set vid4_q finished
778.5128 	EXP 	vid5_q: autoDraw = True
778.5541 	DATA 	Keypress: equal
780.0602 	DATA 	Keypress: equal
781.5490 	DATA 	Keypress: equal
783.0491 	DATA 	Keypress: equal
784.5458 	DATA 	Keypress: equal
786.0408 	DATA 	Keypress: equal
787.5398 	DATA 	Keypress: equal
789.0404 	DATA 	Keypress: equal
790.5402 	DATA 	Keypress: equal
791.7642 	EXP 	window1: recordFrameIntervals = False
791.7794 	EXP 	vid5_q: autoDraw = False
791.7794 	EXP 	vid1a_q: autoDraw = False
791.7794 	EXP 	vid1b_q: autoDraw = False
791.7794 	EXP 	vid2_q: autoDraw = False
791.7794 	EXP 	l2q: autoDraw = False
791.7794 	EXP 	vid3_q: autoDraw = False
791.7794 	EXP 	l3q: autoDraw = False
791.7794 	EXP 	vid4_q: autoDraw = False
791.7794 	EXP 	vid5_q: autoDraw = False
792.0577 	EXP 	window1: recordFrameIntervals = False
793.5519 	DATA 	Keypress: equal
793.5551 	DATA 	Keypress: equal
793.7688 	EXP 	eggPainting1: image = 'stimsday1details/painting11.png'
793.7688 	EXP 	eggPainting2: image = 'stimsday1details/newpainting3.png'
793.7688 	EXP 	character1: image = 'stimsday1details/couple11.png'
793.7688 	EXP 	character2: image = 'stimsday1details/newperson15.png'
793.7688 	EXP 	gift1: image = 'stimsday1details/gift11.png'
793.7688 	EXP 	gift2: image = 'stimsday1details/new15.png'
793.7688 	EXP 	themeQ1: image = 'stimsday1details/ct11.png'
793.7688 	EXP 	themeQ2: image = 'stimsday1details/t11.png'
793.7688 	EXP 	nameQ1: image = 'stimsday1details/cn11.png'
793.7688 	EXP 	nameQ2: image = 'stimsday1details/n11.png'
793.7688 	EXP 	nameQ1: autoDraw = True
793.7688 	EXP 	nameQ2: autoDraw = True
794.5982 	DATA 	Keypress: 2
795.0479 	DATA 	Keypress: equal
795.1155 	DATA 	Keypress: 2
795.7624 	EXP 	nameQ1: autoDraw = False
795.7624 	EXP 	nameQ2: autoDraw = False
795.7624 	EXP 	nameQ1: autoDraw = False
795.7624 	EXP 	nameQ2: autoDraw = False
795.7624 	EXP 	eggPainting1: autoDraw = True
795.7624 	EXP 	eggPainting2: autoDraw = True
796.5466 	DATA 	Keypress: equal
796.6302 	DATA 	Keypress: 1
797.5979 	DATA 	Keypress: 1
797.7623 	EXP 	eggPainting1: autoDraw = False
797.7623 	EXP 	eggPainting2: autoDraw = False
797.7623 	EXP 	eggPainting1: autoDraw = False
797.7623 	EXP 	eggPainting2: autoDraw = False
797.7623 	EXP 	character1: autoDraw = True
797.7623 	EXP 	character2: autoDraw = True
798.0354 	DATA 	Keypress: equal
798.6144 	DATA 	Keypress: 1
799.0802 	DATA 	Keypress: 1
799.5468 	DATA 	Keypress: equal
799.7669 	EXP 	character1: autoDraw = False
799.7669 	EXP 	character2: autoDraw = False
799.7669 	EXP 	character1: autoDraw = False
799.7669 	EXP 	character2: autoDraw = False
799.7669 	EXP 	themeQ1: autoDraw = True
799.7669 	EXP 	themeQ2: autoDraw = True
801.0511 	DATA 	Keypress: equal
801.1304 	DATA 	Keypress: 2
801.6307 	DATA 	Keypress: 2
801.7628 	EXP 	themeQ1: autoDraw = False
801.7628 	EXP 	themeQ2: autoDraw = False
801.7628 	EXP 	themeQ1: autoDraw = False
801.7628 	EXP 	themeQ2: autoDraw = False
801.7628 	EXP 	gift1: autoDraw = True
801.7628 	EXP 	gift2: autoDraw = True
802.5516 	DATA 	Keypress: equal
802.6305 	DATA 	Keypress: 1
803.0022 	DATA 	Keypress: 1
803.7631 	EXP 	gift1: autoDraw = False
803.7631 	EXP 	gift2: autoDraw = False
803.7631 	EXP 	gift1: autoDraw = False
803.7631 	EXP 	gift2: autoDraw = False
803.7631 	EXP 	northorsouth1: autoDraw = True
803.7631 	EXP 	northorsouth2: autoDraw = True
804.0513 	DATA 	Keypress: equal
804.5010 	DATA 	Keypress: 1
804.8137 	DATA 	Keypress: 1
805.5512 	DATA 	Keypress: equal
806.0837 	EXP 	northorsouth1: autoDraw = False
806.0837 	EXP 	northorsouth2: autoDraw = False
806.0837 	EXP 	northorsouth1: autoDraw = False
806.0837 	EXP 	northorsouth2: autoDraw = False
806.3914 	EXP 	window1: mouseVisible = True
