1.8417 	WARNING 	Import Error: No module named 'psychtoolbox'. Using event module for keyboard component.
6.7287 	WARNING 	User requested fullscreen with size [2560 1440], but screen is actually [1920, 1080]. Using actual size
7.3875 	EXP 	Created window1 = Window(allowGUI=False, allowStencil=False, args=UNKNOWN, autoLog=True, bitsMode=UNKNOWN, blendMode='avg', color=array([0., 0., 0.]), colorSpace='rgb', fullscr=<method-wrapper '__getattribute__' of attributeSetter object at 0x1320269278>, gamma=None, kwargs=UNKNOWN, lms=UNKNOWN, monitor=<psychopy.monitors.calibTools.Monitor object at 0x1321eeada0>, multiSample=False, name='window1', numSamples=2, pos=[0.0, 0.0], screen=0, size=array([1920, 1080]), stereo=False, units='norm', useFBO=True, useRetina=False, viewOri=0.0, viewPos=None, viewScale=None, waitBlanking=True, winType='pyglet')
7.3876 	EXP 	window1: recordFrameIntervals = False
7.5535 	EXP 	window1: recordFrameIntervals = True
7.7369 	EXP 	window1: recordFrameIntervals = False
7.8604 	EXP 	Created text = TextStim(__class__=<class 'psychopy.visual.text.TextStim'>, alignHoriz='center', alignVert='center', antialias=True, autoLog=True, bold=False, color='white', colorSpace='named', contrast=1.0, depth=0.0, flipHoriz=False, flipVert=False, font='Arial', fontFiles=[], height=0.1, italic=False, languageStyle='LTR', name='text', opacity=1.0, ori=0, pos=array([0., 0.]), rgb=array([255., 255., 255.]), text='Waiting for experimenter...', units='norm', win=Window(...), wrapWidth=1)
7.8699 	EXP 	Created waiting = TextStim(__class__=<class 'psychopy.visual.text.TextStim'>, alignHoriz='center', alignVert='center', antialias=True, autoLog=True, bold=False, color='white', colorSpace='named', contrast=1.0, depth=0.0, flipHoriz=False, flipVert=False, font='Arial', fontFiles=[], height=0.1, italic=False, languageStyle='LTR', name='waiting', opacity=1.0, ori=0, pos=array([0., 0.]), rgb=array([255., 255., 255.]), text='waiting for scanner', units='norm', win=Window(...), wrapWidth=1)
7.8903 	EXP 	Created image_2 = ImageStim(__class__=<class 'psychopy.visual.image.ImageStim'>, autoLog=True, color=array([1., 1., 1.]), colorSpace='rgb', contrast=1.0, depth=0.0, flipHoriz=False, flipVert=False, image='south.png', interpolate=True, mask=None, maskParams=None, name='image_2', opacity=1.0, ori=0.0, pos=array([0., 0.]), size=array([0.8, 0.8]), texRes=128, units='norm', win=Window(...))
7.8960 	EXP 	Created image = ImageStim(__class__=<class 'psychopy.visual.image.ImageStim'>, autoLog=True, color=array([1., 1., 1.]), colorSpace='rgb', contrast=1.0, depth=-8.0, flipHoriz=False, flipVert=False, image='sin', interpolate=True, mask=None, maskParams=None, name='image', opacity=1.0, ori=0.0, pos=array([0., 0.]), size=array([0.5, 0.5]), texRes=128, units='norm', win=Window(...))
7.9072 	EXP 	Created l2q = ImageStim(__class__=<class 'psychopy.visual.image.ImageStim'>, autoLog=True, color=array([1., 1., 1.]), colorSpace='rgb', contrast=1.0, depth=-4.0, flipHoriz=False, flipVert=False, image='LAYER2Q.png', interpolate=True, mask=None, maskParams=None, name='l2q', opacity=1.0, ori=0.0, pos=array([0., 0.]), size=array([0.8, 0.8]), texRes=128, units='norm', win=Window(...))
7.9181 	EXP 	Created l3q = ImageStim(__class__=<class 'psychopy.visual.image.ImageStim'>, autoLog=True, color=array([1., 1., 1.]), colorSpace='rgb', contrast=1.0, depth=-6.0, flipHoriz=False, flipVert=False, image='LAYER3Q.png', interpolate=True, mask=None, maskParams=None, name='l3q', opacity=1.0, ori=0.0, pos=array([0., 0.]), size=array([0.8, 0.8]), texRes=128, units='norm', win=Window(...))
7.9205 	EXP 	Created reveal = ImageStim(__class__=<class 'psychopy.visual.image.ImageStim'>, autoLog=True, color=array([1., 1., 1.]), colorSpace='rgb', contrast=1.0, depth=-12.0, flipHoriz=False, flipVert=False, image='sin', interpolate=True, mask=None, maskParams=None, name='reveal', opacity=1.0, ori=0.0, pos=array([0., 0.]), size=array([0.5, 0.5]), texRes=128, units='norm', win=Window(...))
7.9228 	EXP 	Created nameQ1 = ImageStim(__class__=<class 'psychopy.visual.image.ImageStim'>, autoLog=True, color=array([1., 1., 1.]), colorSpace='rgb', contrast=1.0, depth=-1.0, flipHoriz=False, flipVert=False, image='sin', interpolate=True, mask=None, maskParams=None, name='nameQ1', opacity=1.0, ori=0.0, pos=array([-0.5, -0.2]), size=array([0.5, 0.5]), texRes=128, units='norm', win=Window(...))
7.9253 	EXP 	Created nameQ2 = ImageStim(__class__=<class 'psychopy.visual.image.ImageStim'>, autoLog=True, color=array([1., 1., 1.]), colorSpace='rgb', contrast=1.0, depth=-2.0, flipHoriz=False, flipVert=False, image='sin', interpolate=True, mask=None, maskParams=None, name='nameQ2', opacity=1.0, ori=0.0, pos=array([ 0.5, -0.2]), size=array([0.5, 0.5]), texRes=128, units='norm', win=Window(...))
7.9281 	EXP 	Created eggPainting1 = ImageStim(__class__=<class 'psychopy.visual.image.ImageStim'>, autoLog=True, color=array([1., 1., 1.]), colorSpace='rgb', contrast=1.0, depth=0.0, flipHoriz=False, flipVert=False, image='sin', interpolate=True, mask=None, maskParams=None, name='eggPainting1', opacity=1.0, ori=0.0, pos=array([-0.5, -0.2]), size=array([0.7, 1. ]), texRes=128, units='norm', win=Window(...))
7.9312 	EXP 	Created eggPainting2 = ImageStim(__class__=<class 'psychopy.visual.image.ImageStim'>, autoLog=True, color=array([1., 1., 1.]), colorSpace='rgb', contrast=1.0, depth=-2.0, flipHoriz=False, flipVert=False, image='sin', interpolate=True, mask=None, maskParams=None, name='eggPainting2', opacity=1.0, ori=0.0, pos=array([ 0.5, -0.2]), size=array([0.7, 1. ]), texRes=128, units='norm', win=Window(...))
7.9342 	EXP 	Created character1 = ImageStim(__class__=<class 'psychopy.visual.image.ImageStim'>, autoLog=True, color=array([1., 1., 1.]), colorSpace='rgb', contrast=1.0, depth=0.0, flipHoriz=False, flipVert=False, image='sin', interpolate=True, mask=None, maskParams=None, name='character1', opacity=1.0, ori=0.0, pos=array([-0.5, -0.2]), size=array([0.5, 1. ]), texRes=128, units='norm', win=Window(...))
7.9367 	EXP 	Created character2 = ImageStim(__class__=<class 'psychopy.visual.image.ImageStim'>, autoLog=True, color=array([1., 1., 1.]), colorSpace='rgb', contrast=1.0, depth=-1.0, flipHoriz=False, flipVert=False, image='sin', interpolate=True, mask=None, maskParams=None, name='character2', opacity=1.0, ori=0.0, pos=array([ 0.5, -0.2]), size=array([0.5, 1. ]), texRes=128, units='norm', win=Window(...))
7.9390 	EXP 	Created themeQ1 = ImageStim(__class__=<class 'psychopy.visual.image.ImageStim'>, autoLog=True, color=array([1., 1., 1.]), colorSpace='rgb', contrast=1.0, depth=-1.0, flipHoriz=False, flipVert=False, image='sin', interpolate=True, mask=None, maskParams=None, name='themeQ1', opacity=1.0, ori=0.0, pos=array([-0.5, -0.2]), size=array([0.5, 0.5]), texRes=128, units='norm', win=Window(...))
7.9414 	EXP 	Created themeQ2 = ImageStim(__class__=<class 'psychopy.visual.image.ImageStim'>, autoLog=True, color=array([1., 1., 1.]), colorSpace='rgb', contrast=1.0, depth=-2.0, flipHoriz=False, flipVert=False, image='sin', interpolate=True, mask=None, maskParams=None, name='themeQ2', opacity=1.0, ori=0.0, pos=array([ 0.5, -0.2]), size=array([0.5, 0.5]), texRes=128, units='norm', win=Window(...))
7.9437 	EXP 	Created gift1 = ImageStim(__class__=<class 'psychopy.visual.image.ImageStim'>, autoLog=True, color=array([1., 1., 1.]), colorSpace='rgb', contrast=1.0, depth=0.0, flipHoriz=False, flipVert=False, image='sin', interpolate=True, mask=None, maskParams=None, name='gift1', opacity=1.0, ori=0.0, pos=array([-0.5, -0.2]), size=array([0.5, 0.5]), texRes=128, units='norm', win=Window(...))
7.9461 	EXP 	Created gift2 = ImageStim(__class__=<class 'psychopy.visual.image.ImageStim'>, autoLog=True, color=array([1., 1., 1.]), colorSpace='rgb', contrast=1.0, depth=-1.0, flipHoriz=False, flipVert=False, image='sin', interpolate=True, mask=None, maskParams=None, name='gift2', opacity=1.0, ori=0.0, pos=array([ 0.5, -0.2]), size=array([0.5, 0.5]), texRes=128, units='norm', win=Window(...))
7.9498 	EXP 	Created northorsouth1 = ImageStim(__class__=<class 'psychopy.visual.image.ImageStim'>, autoLog=True, color=array([1., 1., 1.]), colorSpace='rgb', contrast=1.0, depth=0.0, flipHoriz=False, flipVert=False, image='northorsouth1.png', interpolate=True, mask=None, maskParams=None, name='northorsouth1', opacity=1.0, ori=0.0, pos=array([-0.5, -0.2]), size=array([0.5, 0.5]), texRes=128, units='norm', win=Window(...))
7.9532 	EXP 	Created northorsouth2 = ImageStim(__class__=<class 'psychopy.visual.image.ImageStim'>, autoLog=True, color=array([1., 1., 1.]), colorSpace='rgb', contrast=1.0, depth=-2.0, flipHoriz=False, flipVert=False, image='northorsouth2.png', interpolate=True, mask=None, maskParams=None, name='northorsouth2', opacity=1.0, ori=0.0, pos=array([ 0.5, -0.2]), size=array([0.5, 0.5]), texRes=128, units='norm', win=Window(...))
7.9699 	EXP 	text: autoDraw = True
9.5237 	DATA 	Keypress: g
9.5366 	EXP 	text: autoDraw = False
9.5366 	EXP 	waiting: autoDraw = True
27.4550 	DATA 	Keypress: equal
27.4673 	EXP 	Imported chooseBlock4.csv as conditions, 6 conditions, 1 params
27.4677 	EXP 	Created sequence: random, trialTypes=6, nReps=1, seed=None
27.4681 	EXP 	New trial (rep=0, index=0): OrderedDict([('condsFile', 'videoBlock_schemaS_pathB_6.csv')])
27.4774 	EXP 	Imported videoBlock_schemaS_pathB_6.csv as conditions, 1 conditions, 17 params
27.4777 	EXP 	Created sequence: random, trialTypes=1, nReps=1, seed=None
27.4784 	EXP 	New trial (rep=0, index=0): OrderedDict([('northOrSouth', 'south.png'), ('stimFile1a', 'stims/wedding-37.1a.mp4'), ('stimFile1b', 'stims/wedding-37.1b.mp4'), ('stimFile2', 'stims/wedding-37.2b.mp4'), ('stimFile3', 'stims/wedding-37.3a.mp4'), ('stimFile4', 'stims/wedding-37.4b.mp4'), ('stimFile5', 'stims/wedding-37.5.mp4'), ('QeggPainting1', 'stimsday1details/painting37.png'), ('Qcharacter1', 'stimsday1details/couple37.png'), ('Qgift1', 'stimsday1details/gift37.png'), ('QeggPainting2', 'stimsday1details/newpainting12.png'), ('Qcharacter2', 'stimsday1details/newperson24.png'), ('Qgift2', 'stimsday1details/new24.png'), ('Qname1', 'stimsday1details/n37.png'), ('Qtheme1', 'stimsday1details/t37.png'), ('Qname2', 'stimsday1details/cn37.png'), ('Qtheme2', 'stimsday1details/ct37.png')])
27.4900 	EXP 	waiting: autoDraw = False
27.4900 	EXP 	image_2: autoDraw = True
28.9548 	DATA 	Keypress: equal
29.4706 	EXP 	Created sequence: random, trialTypes=1, nReps=1, seed=None
29.4709 	EXP 	New trial (rep=0, index=0): None
30.0731 	EXP 	Created vid1a = MovieStim3(__class__=<class 'psychopy.visual.movie3.MovieStim3'>, autoLog=True, color=UNKNOWN, colorSpace=UNKNOWN, depth=-1.0, filename='stims/wedding-37.1a.mp4', flipHoriz=False, flipVert=False, fps=UNKNOWN, interpolate=True, loop=False, name='vid1a', noAudio=False, opacity=1.0, ori=0, pos=array([0., 0.]), size=array([1280.,  720.]), units='pix', vframe_callback=UNKNOWN, volume=UNKNOWN, win=Window(...))
30.4514 	EXP 	Created vid1b = MovieStim3(__class__=<class 'psychopy.visual.movie3.MovieStim3'>, autoLog=True, color=UNKNOWN, colorSpace=UNKNOWN, depth=-2.0, filename='stims/wedding-37.1b.mp4', flipHoriz=False, flipVert=False, fps=UNKNOWN, interpolate=True, loop=False, name='vid1b', noAudio=False, opacity=1.0, ori=0, pos=array([0., 0.]), size=array([1280.,  720.]), units='pix', vframe_callback=UNKNOWN, volume=UNKNOWN, win=Window(...))
30.8660 	EXP 	Created vid2 = MovieStim3(__class__=<class 'psychopy.visual.movie3.MovieStim3'>, autoLog=True, color=UNKNOWN, colorSpace=UNKNOWN, depth=-3.0, filename='stims/wedding-37.2b.mp4', flipHoriz=False, flipVert=False, fps=UNKNOWN, interpolate=True, loop=False, name='vid2', noAudio=False, opacity=1.0, ori=0, pos=array([0., 0.]), size=array([1280.,  720.]), units='pix', vframe_callback=UNKNOWN, volume=UNKNOWN, win=Window(...))
31.3293 	EXP 	Created vid3 = MovieStim3(__class__=<class 'psychopy.visual.movie3.MovieStim3'>, autoLog=True, color=UNKNOWN, colorSpace=UNKNOWN, depth=-4.0, filename='stims/wedding-37.3a.mp4', flipHoriz=False, flipVert=False, fps=UNKNOWN, interpolate=True, loop=False, name='vid3', noAudio=False, opacity=1.0, ori=0, pos=array([0., 0.]), size=array([1280.,  720.]), units='pix', vframe_callback=UNKNOWN, volume=UNKNOWN, win=Window(...))
31.8040 	EXP 	Created vid4 = MovieStim3(__class__=<class 'psychopy.visual.movie3.MovieStim3'>, autoLog=True, color=UNKNOWN, colorSpace=UNKNOWN, depth=-5.0, filename='stims/wedding-37.4b.mp4', flipHoriz=False, flipVert=False, fps=UNKNOWN, interpolate=True, loop=False, name='vid4', noAudio=False, opacity=1.0, ori=0, pos=array([0., 0.]), size=array([1280.,  720.]), units='pix', vframe_callback=UNKNOWN, volume=UNKNOWN, win=Window(...))
32.2102 	EXP 	Created vid5 = MovieStim3(__class__=<class 'psychopy.visual.movie3.MovieStim3'>, autoLog=True, color=UNKNOWN, colorSpace=UNKNOWN, depth=-6.0, filename='stims/wedding-37.5.mp4', flipHoriz=False, flipVert=False, fps=UNKNOWN, interpolate=True, loop=False, name='vid5', noAudio=False, opacity=1.0, ori=0, pos=array([0., 0.]), size=array([1280.,  720.]), units='pix', vframe_callback=UNKNOWN, volume=UNKNOWN, win=Window(...))
32.2543 	EXP 	Created sequence: random, trialTypes=1, nReps=1, seed=None
32.2547 	EXP 	New trial (rep=0, index=0): None
32.7346 	EXP 	Created vid1a_q = MovieStim3(__class__=<class 'psychopy.visual.movie3.MovieStim3'>, autoLog=True, color=UNKNOWN, colorSpace=UNKNOWN, depth=-1.0, filename='stims/wedding-37.1a.mp4', flipHoriz=False, flipVert=False, fps=UNKNOWN, interpolate=True, loop=False, name='vid1a_q', noAudio=False, opacity=1.0, ori=0, pos=array([0., 0.]), size=array([1280.,  720.]), units='pix', vframe_callback=UNKNOWN, volume=UNKNOWN, win=Window(...))
33.1039 	EXP 	Created vid1b_q = MovieStim3(__class__=<class 'psychopy.visual.movie3.MovieStim3'>, autoLog=True, color=UNKNOWN, colorSpace=UNKNOWN, depth=-2.0, filename='stims/wedding-37.1b.mp4', flipHoriz=False, flipVert=False, fps=UNKNOWN, interpolate=True, loop=False, name='vid1b_q', noAudio=False, opacity=1.0, ori=0, pos=array([0., 0.]), size=array([1280.,  720.]), units='pix', vframe_callback=UNKNOWN, volume=UNKNOWN, win=Window(...))
33.5079 	EXP 	Created vid2_q = MovieStim3(__class__=<class 'psychopy.visual.movie3.MovieStim3'>, autoLog=True, color=UNKNOWN, colorSpace=UNKNOWN, depth=-3.0, filename='stims/wedding-37.2b.mp4', flipHoriz=False, flipVert=False, fps=UNKNOWN, interpolate=True, loop=False, name='vid2_q', noAudio=False, opacity=1.0, ori=0, pos=array([0., 0.]), size=array([1280.,  720.]), units='pix', vframe_callback=UNKNOWN, volume=UNKNOWN, win=Window(...))
33.9679 	EXP 	Created vid3_q = MovieStim3(__class__=<class 'psychopy.visual.movie3.MovieStim3'>, autoLog=True, color=UNKNOWN, colorSpace=UNKNOWN, depth=-5.0, filename='stims/wedding-37.3a.mp4', flipHoriz=False, flipVert=False, fps=UNKNOWN, interpolate=True, loop=False, name='vid3_q', noAudio=False, opacity=1.0, ori=0, pos=array([0., 0.]), size=array([1280.,  720.]), units='pix', vframe_callback=UNKNOWN, volume=UNKNOWN, win=Window(...))
34.4284 	EXP 	Created vid4_q = MovieStim3(__class__=<class 'psychopy.visual.movie3.MovieStim3'>, autoLog=True, color=UNKNOWN, colorSpace=UNKNOWN, depth=-7.0, filename='stims/wedding-37.4b.mp4', flipHoriz=False, flipVert=False, fps=UNKNOWN, interpolate=True, loop=False, name='vid4_q', noAudio=False, opacity=1.0, ori=0, pos=array([0., 0.]), size=array([1280.,  720.]), units='pix', vframe_callback=UNKNOWN, volume=UNKNOWN, win=Window(...))
34.8193 	EXP 	Created vid5_q = MovieStim3(__class__=<class 'psychopy.visual.movie3.MovieStim3'>, autoLog=True, color=UNKNOWN, colorSpace=UNKNOWN, depth=-8.0, filename='stims/wedding-37.5.mp4', flipHoriz=False, flipVert=False, fps=UNKNOWN, interpolate=True, loop=False, name='vid5_q', noAudio=False, opacity=1.0, ori=0, pos=array([0., 0.]), size=array([1280.,  720.]), units='pix', vframe_callback=UNKNOWN, volume=UNKNOWN, win=Window(...))
34.8201 	EXP 	window1: recordFrameIntervals = False
34.8247 	DATA 	Keypress: equal
34.8272 	DATA 	Keypress: equal
34.8293 	DATA 	Keypress: equal
34.8412 	EXP 	image_2: autoDraw = False
34.8412 	EXP 	vid1a: movie = 'stims/wedding-37.1a.mp4'
34.8412 	EXP 	vid1a: autoLog = True
34.8412 	EXP 	vid1b: movie = 'stims/wedding-37.1b.mp4'
34.8412 	EXP 	vid1b: autoLog = True
34.8412 	EXP 	vid2: movie = 'stims/wedding-37.2b.mp4'
34.8412 	EXP 	vid2: autoLog = True
34.8412 	EXP 	vid3: movie = 'stims/wedding-37.3a.mp4'
34.8412 	EXP 	vid3: autoLog = True
34.8412 	EXP 	vid4: movie = 'stims/wedding-37.4b.mp4'
34.8412 	EXP 	vid4: autoLog = True
34.8412 	EXP 	vid5: movie = 'stims/wedding-37.5.mp4'
34.8412 	EXP 	vid5: autoLog = True
34.8412 	EXP 	vid1a: autoDraw = False
34.8412 	EXP 	vid1b: autoDraw = False
34.8412 	EXP 	vid2: autoDraw = False
34.8412 	EXP 	vid3: autoDraw = False
34.8412 	EXP 	vid4: autoDraw = False
34.8412 	EXP 	vid5: autoDraw = False
34.8412 	EXP 	image: autoDraw = False
34.8412 	EXP 	vid1a_q: movie = 'stims/wedding-37.1a.mp4'
34.8412 	EXP 	vid1a_q: autoLog = True
34.8412 	EXP 	vid1b_q: movie = 'stims/wedding-37.1b.mp4'
34.8412 	EXP 	vid1b_q: autoLog = True
34.8412 	EXP 	vid2_q: movie = 'stims/wedding-37.2b.mp4'
34.8412 	EXP 	vid2_q: autoLog = True
34.8412 	EXP 	vid3_q: movie = 'stims/wedding-37.3a.mp4'
34.8412 	EXP 	vid3_q: autoLog = True
34.8412 	EXP 	vid4_q: movie = 'stims/wedding-37.4b.mp4'
34.8412 	EXP 	vid4_q: autoLog = True
34.8412 	EXP 	vid5_q: movie = 'stims/wedding-37.5.mp4'
34.8412 	EXP 	vid5_q: autoLog = True
37.4469 	EXP 	window1: recordFrameIntervals = False
39.1081 	DATA 	Keypress: equal
39.1106 	DATA 	Keypress: equal
39.1128 	DATA 	Keypress: equal
39.3197 	EXP 	vid1a_q: movie = 'stims/wedding-37.1a.mp4'
39.3197 	EXP 	vid1b_q: movie = 'stims/wedding-37.1b.mp4'
39.3197 	EXP 	vid2_q: movie = 'stims/wedding-37.2b.mp4'
39.3197 	EXP 	vid3_q: movie = 'stims/wedding-37.3a.mp4'
39.3197 	EXP 	vid4_q: movie = 'stims/wedding-37.4b.mp4'
39.3197 	EXP 	vid5_q: movie = 'stims/wedding-37.5.mp4'
39.3197 	EXP 	reveal: image = 'south.png'
39.3528 	EXP 	vid1a_q: autoDraw = True
39.3528 	EXP 	reveal: autoDraw = True
39.3528 	EXP 	reveal: autoDraw = False
39.4458 	DATA 	Keypress: equal
40.9550 	DATA 	Keypress: equal
42.4464 	DATA 	Keypress: equal
43.9550 	DATA 	Keypress: equal
45.4459 	DATA 	Keypress: equal
46.9551 	DATA 	Keypress: equal
48.4549 	DATA 	Keypress: equal
49.9664 	DATA 	Keypress: equal
51.4547 	DATA 	Keypress: equal
52.9549 	DATA 	Keypress: equal
54.4548 	DATA 	Keypress: equal
55.9548 	DATA 	Keypress: equal
57.4546 	DATA 	Keypress: equal
58.9550 	DATA 	Keypress: equal
60.4547 	DATA 	Keypress: equal
61.9547 	DATA 	Keypress: equal
62.0859 	EXP 	Set vid1a_q finished
62.2859 	EXP 	vid1b_q: autoDraw = True
63.4546 	DATA 	Keypress: equal
64.9547 	DATA 	Keypress: equal
66.4545 	DATA 	Keypress: equal
67.9545 	DATA 	Keypress: equal
69.4544 	DATA 	Keypress: equal
70.7358 	EXP 	Set vid1b_q finished
70.9547 	DATA 	Keypress: equal
71.2858 	EXP 	vid2_q: autoDraw = True
72.4545 	DATA 	Keypress: equal
73.9545 	DATA 	Keypress: equal
75.4544 	DATA 	Keypress: equal
76.9548 	DATA 	Keypress: equal
78.4544 	DATA 	Keypress: equal
79.9544 	DATA 	Keypress: equal
81.4440 	DATA 	Keypress: equal
82.9445 	DATA 	Keypress: equal
84.4460 	DATA 	Keypress: equal
85.9465 	DATA 	Keypress: equal
87.4466 	DATA 	Keypress: equal
87.9358 	EXP 	Set vid2_q finished
88.2858 	EXP 	l2q: autoDraw = True
88.9540 	DATA 	Keypress: equal
89.0705 	DATA 	Keypress: 1
90.4543 	DATA 	Keypress: equal
91.9540 	DATA 	Keypress: equal
92.2689 	EXP 	l2q: autoDraw = False
92.2855 	EXP 	vid3_q: autoDraw = True
93.4540 	DATA 	Keypress: equal
94.9544 	DATA 	Keypress: equal
96.4544 	DATA 	Keypress: equal
97.9544 	DATA 	Keypress: equal
99.4540 	DATA 	Keypress: equal
100.9544 	DATA 	Keypress: equal
102.4430 	DATA 	Keypress: equal
103.9458 	DATA 	Keypress: equal
105.4543 	DATA 	Keypress: equal
106.9453 	DATA 	Keypress: equal
108.4544 	DATA 	Keypress: equal
109.9446 	DATA 	Keypress: equal
111.4541 	DATA 	Keypress: equal
112.9446 	DATA 	Keypress: equal
114.4735 	DATA 	Keypress: equal
115.1686 	EXP 	Set vid3_q finished
115.2853 	EXP 	l3q: autoDraw = True
115.9537 	DATA 	Keypress: equal
116.8370 	DATA 	Keypress: 2
117.4535 	DATA 	Keypress: equal
118.9536 	DATA 	Keypress: equal
119.2687 	EXP 	l3q: autoDraw = False
119.2853 	EXP 	vid4_q: autoDraw = True
120.4539 	DATA 	Keypress: equal
121.9537 	DATA 	Keypress: equal
123.4537 	DATA 	Keypress: equal
124.9541 	DATA 	Keypress: equal
126.4538 	DATA 	Keypress: equal
127.9431 	DATA 	Keypress: equal
129.4448 	DATA 	Keypress: equal
130.9729 	DATA 	Keypress: equal
132.4444 	DATA 	Keypress: equal
133.9455 	DATA 	Keypress: equal
135.4453 	DATA 	Keypress: equal
136.9442 	DATA 	Keypress: equal
138.4445 	DATA 	Keypress: equal
139.9457 	DATA 	Keypress: equal
141.4454 	DATA 	Keypress: equal
142.9017 	EXP 	Set vid4_q finished
142.9538 	DATA 	Keypress: equal
143.2850 	EXP 	vid5_q: autoDraw = True
144.4536 	DATA 	Keypress: equal
145.9534 	DATA 	Keypress: equal
147.4538 	DATA 	Keypress: equal
148.9533 	DATA 	Keypress: equal
150.4537 	DATA 	Keypress: equal
151.9534 	DATA 	Keypress: equal
153.4432 	DATA 	Keypress: equal
154.9440 	DATA 	Keypress: equal
155.7017 	EXP 	Set vid5_q finished
155.8460 	EXP 	window1: recordFrameIntervals = False
155.8514 	EXP 	vid1a_q: autoDraw = False
155.8514 	EXP 	vid1b_q: autoDraw = False
155.8514 	EXP 	vid2_q: autoDraw = False
155.8514 	EXP 	l2q: autoDraw = False
155.8514 	EXP 	vid3_q: autoDraw = False
155.8514 	EXP 	l3q: autoDraw = False
155.8514 	EXP 	vid4_q: autoDraw = False
155.8514 	EXP 	vid5_q: autoDraw = False
155.8514 	EXP 	reveal: autoDraw = False
156.0248 	EXP 	window1: recordFrameIntervals = False
157.6325 	DATA 	Keypress: equal
157.8515 	EXP 	eggPainting1: image = 'stimsday1details/painting37.png'
157.8515 	EXP 	eggPainting2: image = 'stimsday1details/newpainting12.png'
157.8515 	EXP 	character1: image = 'stimsday1details/couple37.png'
157.8515 	EXP 	character2: image = 'stimsday1details/newperson24.png'
157.8515 	EXP 	gift1: image = 'stimsday1details/gift37.png'
157.8515 	EXP 	gift2: image = 'stimsday1details/new24.png'
157.8515 	EXP 	themeQ1: image = 'stimsday1details/t37.png'
157.8515 	EXP 	themeQ2: image = 'stimsday1details/ct37.png'
157.8515 	EXP 	nameQ1: image = 'stimsday1details/n37.png'
157.8515 	EXP 	nameQ2: image = 'stimsday1details/cn37.png'
157.8515 	EXP 	nameQ1: autoDraw = True
157.8515 	EXP 	nameQ2: autoDraw = True
157.9532 	DATA 	Keypress: equal
159.0365 	DATA 	Keypress: 1
159.4534 	DATA 	Keypress: equal
159.8513 	EXP 	nameQ1: autoDraw = False
159.8513 	EXP 	nameQ2: autoDraw = False
159.8513 	EXP 	nameQ1: autoDraw = False
159.8513 	EXP 	nameQ2: autoDraw = False
159.8513 	EXP 	eggPainting1: autoDraw = True
159.8513 	EXP 	eggPainting2: autoDraw = True
160.6038 	DATA 	Keypress: 1
160.9532 	DATA 	Keypress: equal
161.8513 	EXP 	eggPainting1: autoDraw = False
161.8513 	EXP 	eggPainting2: autoDraw = False
161.8513 	EXP 	eggPainting1: autoDraw = False
161.8513 	EXP 	eggPainting2: autoDraw = False
161.8513 	EXP 	character1: autoDraw = True
161.8513 	EXP 	character2: autoDraw = True
162.4534 	DATA 	Keypress: equal
163.0872 	DATA 	Keypress: 1
163.8515 	EXP 	character1: autoDraw = False
163.8515 	EXP 	character2: autoDraw = False
163.8515 	EXP 	character1: autoDraw = False
163.8515 	EXP 	character2: autoDraw = False
163.8515 	EXP 	themeQ1: autoDraw = True
163.8515 	EXP 	themeQ2: autoDraw = True
163.9532 	DATA 	Keypress: equal
165.1866 	DATA 	Keypress: 1
165.4528 	DATA 	Keypress: equal
165.8514 	EXP 	themeQ1: autoDraw = False
165.8514 	EXP 	themeQ2: autoDraw = False
165.8514 	EXP 	themeQ1: autoDraw = False
165.8514 	EXP 	themeQ2: autoDraw = False
165.8514 	EXP 	gift1: autoDraw = True
165.8514 	EXP 	gift2: autoDraw = True
166.5531 	DATA 	Keypress: 1
166.9531 	DATA 	Keypress: equal
167.8512 	EXP 	gift1: autoDraw = False
167.8512 	EXP 	gift2: autoDraw = False
167.8512 	EXP 	gift1: autoDraw = False
167.8512 	EXP 	gift2: autoDraw = False
167.8512 	EXP 	northorsouth1: autoDraw = True
167.8512 	EXP 	northorsouth2: autoDraw = True
168.3863 	DATA 	Keypress: 2
168.4527 	DATA 	Keypress: equal
170.0132 	EXP 	New trial (rep=0, index=1): OrderedDict([('condsFile', 'videoBlock_schemaS_pathA_4.csv')])
170.0258 	EXP 	Imported videoBlock_schemaS_pathA_4.csv as conditions, 1 conditions, 17 params
170.0263 	EXP 	Created sequence: random, trialTypes=1, nReps=1, seed=None
170.0270 	EXP 	New trial (rep=0, index=0): OrderedDict([('northOrSouth', 'south.png'), ('stimFile1a', 'stims/wedding-21.1a.mp4'), ('stimFile1b', 'stims/wedding-21.1b.mp4'), ('stimFile2', 'stims/wedding-21.2a.mp4'), ('stimFile3', 'stims/wedding-21.3b.mp4'), ('stimFile4', 'stims/wedding-21.4a.mp4'), ('stimFile5', 'stims/wedding-21.5.mp4'), ('QeggPainting1', 'stimsday1details/egg21.png'), ('Qcharacter1', 'stimsday1details/newperson10.png'), ('Qgift1', 'stimsday1details/gift21.png'), ('QeggPainting2', 'stimsday1details/newegg10.png'), ('Qcharacter2', 'stimsday1details/couple21.png'), ('Qgift2', 'stimsday1details/new10.png'), ('Qname1', 'stimsday1details/n21.png'), ('Qtheme1', 'stimsday1details/ct21.png'), ('Qname2', 'stimsday1details/cn21.png'), ('Qtheme2', 'stimsday1details/t21.png')])
170.0298 	DATA 	Keypress: equal
170.0345 	EXP 	northorsouth1: autoDraw = False
170.0345 	EXP 	northorsouth2: autoDraw = False
170.0345 	EXP 	northorsouth1: autoDraw = False
170.0345 	EXP 	northorsouth2: autoDraw = False
170.0345 	EXP 	image_2: autoDraw = True
171.4535 	DATA 	Keypress: equal
172.0191 	EXP 	Created sequence: random, trialTypes=1, nReps=1, seed=None
172.0194 	EXP 	New trial (rep=0, index=0): None
172.5128 	EXP 	Created vid1a = MovieStim3(__class__=<class 'psychopy.visual.movie3.MovieStim3'>, autoLog=True, color=UNKNOWN, colorSpace=UNKNOWN, depth=-1.0, filename='stims/wedding-21.1a.mp4', flipHoriz=False, flipVert=False, fps=UNKNOWN, interpolate=True, loop=False, name='vid1a', noAudio=False, opacity=1.0, ori=0, pos=array([0., 0.]), size=array([1280.,  720.]), units='pix', vframe_callback=UNKNOWN, volume=UNKNOWN, win=Window(...))
172.8609 	EXP 	Created vid1b = MovieStim3(__class__=<class 'psychopy.visual.movie3.MovieStim3'>, autoLog=True, color=UNKNOWN, colorSpace=UNKNOWN, depth=-2.0, filename='stims/wedding-21.1b.mp4', flipHoriz=False, flipVert=False, fps=UNKNOWN, interpolate=True, loop=False, name='vid1b', noAudio=False, opacity=1.0, ori=0, pos=array([0., 0.]), size=array([1280.,  720.]), units='pix', vframe_callback=UNKNOWN, volume=UNKNOWN, win=Window(...))
173.3505 	EXP 	Created vid2 = MovieStim3(__class__=<class 'psychopy.visual.movie3.MovieStim3'>, autoLog=True, color=UNKNOWN, colorSpace=UNKNOWN, depth=-3.0, filename='stims/wedding-21.2a.mp4', flipHoriz=False, flipVert=False, fps=UNKNOWN, interpolate=True, loop=False, name='vid2', noAudio=False, opacity=1.0, ori=0, pos=array([0., 0.]), size=array([1280.,  720.]), units='pix', vframe_callback=UNKNOWN, volume=UNKNOWN, win=Window(...))
173.8902 	EXP 	Created vid3 = MovieStim3(__class__=<class 'psychopy.visual.movie3.MovieStim3'>, autoLog=True, color=UNKNOWN, colorSpace=UNKNOWN, depth=-4.0, filename='stims/wedding-21.3b.mp4', flipHoriz=False, flipVert=False, fps=UNKNOWN, interpolate=True, loop=False, name='vid3', noAudio=False, opacity=1.0, ori=0, pos=array([0., 0.]), size=array([1280.,  720.]), units='pix', vframe_callback=UNKNOWN, volume=UNKNOWN, win=Window(...))
174.4406 	EXP 	Created vid4 = MovieStim3(__class__=<class 'psychopy.visual.movie3.MovieStim3'>, autoLog=True, color=UNKNOWN, colorSpace=UNKNOWN, depth=-5.0, filename='stims/wedding-21.4a.mp4', flipHoriz=False, flipVert=False, fps=UNKNOWN, interpolate=True, loop=False, name='vid4', noAudio=False, opacity=1.0, ori=0, pos=array([0., 0.]), size=array([1280.,  720.]), units='pix', vframe_callback=UNKNOWN, volume=UNKNOWN, win=Window(...))
174.8194 	EXP 	Created vid5 = MovieStim3(__class__=<class 'psychopy.visual.movie3.MovieStim3'>, autoLog=True, color=UNKNOWN, colorSpace=UNKNOWN, depth=-6.0, filename='stims/wedding-21.5.mp4', flipHoriz=False, flipVert=False, fps=UNKNOWN, interpolate=True, loop=False, name='vid5', noAudio=False, opacity=1.0, ori=0, pos=array([0., 0.]), size=array([1280.,  720.]), units='pix', vframe_callback=UNKNOWN, volume=UNKNOWN, win=Window(...))
174.9384 	EXP 	window1: recordFrameIntervals = False
174.9418 	DATA 	Keypress: equal
174.9441 	DATA 	Keypress: equal
174.9556 	EXP 	image_2: autoDraw = False
174.9556 	EXP 	image_2: autoDraw = False
174.9556 	EXP 	vid1a: movie = 'stims/wedding-21.1a.mp4'
174.9556 	EXP 	vid1a: autoLog = True
174.9556 	EXP 	vid1b: movie = 'stims/wedding-21.1b.mp4'
174.9556 	EXP 	vid1b: autoLog = True
174.9556 	EXP 	vid2: movie = 'stims/wedding-21.2a.mp4'
174.9556 	EXP 	vid2: autoLog = True
174.9556 	EXP 	vid3: movie = 'stims/wedding-21.3b.mp4'
174.9556 	EXP 	vid3: autoLog = True
174.9556 	EXP 	vid4: movie = 'stims/wedding-21.4a.mp4'
174.9556 	EXP 	vid4: autoLog = True
174.9556 	EXP 	vid5: movie = 'stims/wedding-21.5.mp4'
174.9556 	EXP 	vid5: autoLog = True
177.7019 	EXP 	window1: recordFrameIntervals = False
179.2269 	DATA 	Keypress: equal
179.2293 	DATA 	Keypress: equal
179.2316 	DATA 	Keypress: equal
179.4346 	EXP 	vid1a: movie = 'stims/wedding-21.1a.mp4'
179.4346 	EXP 	vid1b: movie = 'stims/wedding-21.1b.mp4'
179.4346 	EXP 	vid2: movie = 'stims/wedding-21.2a.mp4'
179.4346 	EXP 	vid3: movie = 'stims/wedding-21.3b.mp4'
179.4346 	EXP 	vid4: movie = 'stims/wedding-21.4a.mp4'
179.4346 	EXP 	vid5: movie = 'stims/wedding-21.5.mp4'
179.4346 	EXP 	image: image = 'south.png'
179.4555 	EXP 	vid1a: autoDraw = True
179.4555 	EXP 	image: autoDraw = True
179.4555 	EXP 	image: autoDraw = False
180.4537 	DATA 	Keypress: equal
181.9535 	DATA 	Keypress: equal
183.4534 	DATA 	Keypress: equal
184.9532 	DATA 	Keypress: equal
186.4531 	DATA 	Keypress: equal
187.9412 	DATA 	Keypress: equal
189.4450 	DATA 	Keypress: equal
190.9533 	DATA 	Keypress: equal
192.4445 	DATA 	Keypress: equal
193.9445 	DATA 	Keypress: equal
195.4436 	DATA 	Keypress: equal
196.9442 	DATA 	Keypress: equal
198.4449 	DATA 	Keypress: equal
199.9442 	DATA 	Keypress: equal
201.4444 	DATA 	Keypress: equal
202.0341 	EXP 	vid1a: autoDraw = False
202.0507 	EXP 	vid1b: autoDraw = True
202.9529 	DATA 	Keypress: equal
204.4529 	DATA 	Keypress: equal
205.9527 	DATA 	Keypress: equal
207.4526 	DATA 	Keypress: equal
208.9529 	DATA 	Keypress: equal
210.4526 	DATA 	Keypress: equal
210.5842 	EXP 	Set vid1b finished
211.0507 	EXP 	vid2: autoDraw = True
211.9529 	DATA 	Keypress: equal
213.4527 	DATA 	Keypress: equal
214.9527 	DATA 	Keypress: equal
216.4529 	DATA 	Keypress: equal
217.9525 	DATA 	Keypress: equal
219.4528 	DATA 	Keypress: equal
220.9438 	DATA 	Keypress: equal
222.4427 	DATA 	Keypress: equal
223.9438 	DATA 	Keypress: equal
225.4717 	DATA 	Keypress: equal
226.9441 	DATA 	Keypress: equal
228.0338 	EXP 	vid2: autoDraw = False
228.0505 	EXP 	vid3: autoDraw = True
228.4527 	DATA 	Keypress: equal
229.9527 	DATA 	Keypress: equal
231.4524 	DATA 	Keypress: equal
232.9527 	DATA 	Keypress: equal
234.4524 	DATA 	Keypress: equal
235.9527 	DATA 	Keypress: equal
237.4437 	DATA 	Keypress: equal
238.9446 	DATA 	Keypress: equal
240.4433 	DATA 	Keypress: equal
241.9442 	DATA 	Keypress: equal
243.4438 	DATA 	Keypress: equal
244.9442 	DATA 	Keypress: equal
246.4428 	DATA 	Keypress: equal
247.9418 	DATA 	Keypress: equal
249.4432 	DATA 	Keypress: equal
250.9427 	DATA 	Keypress: equal
251.0337 	EXP 	vid3: autoDraw = False
251.0504 	EXP 	vid4: autoDraw = True
252.4521 	DATA 	Keypress: equal
253.9523 	DATA 	Keypress: equal
255.4521 	DATA 	Keypress: equal
256.9525 	DATA 	Keypress: equal
258.4519 	DATA 	Keypress: equal
259.9425 	DATA 	Keypress: equal
261.4438 	DATA 	Keypress: equal
262.9438 	DATA 	Keypress: equal
264.4435 	DATA 	Keypress: equal
265.9431 	DATA 	Keypress: equal
267.4434 	DATA 	Keypress: equal
268.9428 	DATA 	Keypress: equal
270.4441 	DATA 	Keypress: equal
271.9439 	DATA 	Keypress: equal
273.4433 	DATA 	Keypress: equal
274.9436 	DATA 	Keypress: equal
275.0334 	EXP 	vid4: autoDraw = False
275.0499 	EXP 	vid5: autoDraw = True
276.4356 	DATA 	Keypress: equal
277.9357 	DATA 	Keypress: equal
279.4521 	DATA 	Keypress: equal
280.9359 	DATA 	Keypress: equal
282.4357 	DATA 	Keypress: equal
283.9433 	DATA 	Keypress: equal
285.4414 	DATA 	Keypress: equal
286.9425 	DATA 	Keypress: equal
288.1644 	EXP 	Created sequence: random, trialTypes=1, nReps=1, seed=None
288.1647 	EXP 	New trial (rep=0, index=0): None
288.6512 	EXP 	Created vid1a_q = MovieStim3(__class__=<class 'psychopy.visual.movie3.MovieStim3'>, autoLog=True, color=UNKNOWN, colorSpace=UNKNOWN, depth=-1.0, filename='stims/wedding-21.1a.mp4', flipHoriz=False, flipVert=False, fps=UNKNOWN, interpolate=True, loop=False, name='vid1a_q', noAudio=False, opacity=1.0, ori=0, pos=array([0., 0.]), size=array([1280.,  720.]), units='pix', vframe_callback=UNKNOWN, volume=UNKNOWN, win=Window(...))
288.9884 	EXP 	Created vid1b_q = MovieStim3(__class__=<class 'psychopy.visual.movie3.MovieStim3'>, autoLog=True, color=UNKNOWN, colorSpace=UNKNOWN, depth=-2.0, filename='stims/wedding-21.1b.mp4', flipHoriz=False, flipVert=False, fps=UNKNOWN, interpolate=True, loop=False, name='vid1b_q', noAudio=False, opacity=1.0, ori=0, pos=array([0., 0.]), size=array([1280.,  720.]), units='pix', vframe_callback=UNKNOWN, volume=UNKNOWN, win=Window(...))
289.4590 	EXP 	Created vid2_q = MovieStim3(__class__=<class 'psychopy.visual.movie3.MovieStim3'>, autoLog=True, color=UNKNOWN, colorSpace=UNKNOWN, depth=-3.0, filename='stims/wedding-21.2a.mp4', flipHoriz=False, flipVert=False, fps=UNKNOWN, interpolate=True, loop=False, name='vid2_q', noAudio=False, opacity=1.0, ori=0, pos=array([0., 0.]), size=array([1280.,  720.]), units='pix', vframe_callback=UNKNOWN, volume=UNKNOWN, win=Window(...))
289.9812 	EXP 	Created vid3_q = MovieStim3(__class__=<class 'psychopy.visual.movie3.MovieStim3'>, autoLog=True, color=UNKNOWN, colorSpace=UNKNOWN, depth=-5.0, filename='stims/wedding-21.3b.mp4', flipHoriz=False, flipVert=False, fps=UNKNOWN, interpolate=True, loop=False, name='vid3_q', noAudio=False, opacity=1.0, ori=0, pos=array([0., 0.]), size=array([1280.,  720.]), units='pix', vframe_callback=UNKNOWN, volume=UNKNOWN, win=Window(...))
290.5130 	EXP 	Created vid4_q = MovieStim3(__class__=<class 'psychopy.visual.movie3.MovieStim3'>, autoLog=True, color=UNKNOWN, colorSpace=UNKNOWN, depth=-7.0, filename='stims/wedding-21.4a.mp4', flipHoriz=False, flipVert=False, fps=UNKNOWN, interpolate=True, loop=False, name='vid4_q', noAudio=False, opacity=1.0, ori=0, pos=array([0., 0.]), size=array([1280.,  720.]), units='pix', vframe_callback=UNKNOWN, volume=UNKNOWN, win=Window(...))
290.8867 	EXP 	Created vid5_q = MovieStim3(__class__=<class 'psychopy.visual.movie3.MovieStim3'>, autoLog=True, color=UNKNOWN, colorSpace=UNKNOWN, depth=-8.0, filename='stims/wedding-21.5.mp4', flipHoriz=False, flipVert=False, fps=UNKNOWN, interpolate=True, loop=False, name='vid5_q', noAudio=False, opacity=1.0, ori=0, pos=array([0., 0.]), size=array([1280.,  720.]), units='pix', vframe_callback=UNKNOWN, volume=UNKNOWN, win=Window(...))
291.0327 	EXP 	window1: recordFrameIntervals = False
291.0361 	DATA 	Keypress: equal
291.0392 	DATA 	Keypress: equal
291.0507 	EXP 	vid5: autoDraw = False
291.0507 	EXP 	vid1a: autoDraw = False
291.0507 	EXP 	vid1b: autoDraw = False
291.0507 	EXP 	vid2: autoDraw = False
291.0507 	EXP 	vid3: autoDraw = False
291.0507 	EXP 	vid4: autoDraw = False
291.0507 	EXP 	vid5: autoDraw = False
291.0507 	EXP 	image: autoDraw = False
291.0507 	EXP 	vid1a_q: movie = 'stims/wedding-21.1a.mp4'
291.0507 	EXP 	vid1a_q: autoLog = True
291.0507 	EXP 	vid1b_q: movie = 'stims/wedding-21.1b.mp4'
291.0507 	EXP 	vid1b_q: autoLog = True
291.0507 	EXP 	vid2_q: movie = 'stims/wedding-21.2a.mp4'
291.0507 	EXP 	vid2_q: autoLog = True
291.0507 	EXP 	vid3_q: movie = 'stims/wedding-21.3b.mp4'
291.0507 	EXP 	vid3_q: autoLog = True
291.0507 	EXP 	vid4_q: movie = 'stims/wedding-21.4a.mp4'
291.0507 	EXP 	vid4_q: autoLog = True
291.0507 	EXP 	vid5_q: movie = 'stims/wedding-21.5.mp4'
291.0507 	EXP 	vid5_q: autoLog = True
291.0507 	EXP 	vid1a_q: autoDraw = False
291.0507 	EXP 	vid1b_q: autoDraw = False
291.0507 	EXP 	vid2_q: autoDraw = False
291.0507 	EXP 	l2q: autoDraw = False
291.0507 	EXP 	vid3_q: autoDraw = False
291.0507 	EXP 	l3q: autoDraw = False
291.0507 	EXP 	vid4_q: autoDraw = False
291.0507 	EXP 	vid5_q: autoDraw = False
291.0507 	EXP 	reveal: autoDraw = False
291.2467 	EXP 	window1: recordFrameIntervals = False
292.8190 	DATA 	Keypress: equal
292.9355 	DATA 	Keypress: equal
293.0513 	EXP 	eggPainting1: image = 'stimsday1details/egg21.png'
293.0513 	EXP 	eggPainting2: image = 'stimsday1details/newegg10.png'
293.0513 	EXP 	character1: image = 'stimsday1details/newperson10.png'
293.0513 	EXP 	character2: image = 'stimsday1details/couple21.png'
293.0513 	EXP 	gift1: image = 'stimsday1details/gift21.png'
293.0513 	EXP 	gift2: image = 'stimsday1details/new10.png'
293.0513 	EXP 	themeQ1: image = 'stimsday1details/ct21.png'
293.0513 	EXP 	themeQ2: image = 'stimsday1details/t21.png'
293.0513 	EXP 	nameQ1: image = 'stimsday1details/n21.png'
293.0513 	EXP 	nameQ2: image = 'stimsday1details/cn21.png'
293.0513 	EXP 	nameQ1: autoDraw = True
293.0513 	EXP 	nameQ2: autoDraw = True
293.6350 	DATA 	Keypress: 1
294.4357 	DATA 	Keypress: equal
295.0330 	EXP 	nameQ1: autoDraw = False
295.0330 	EXP 	nameQ2: autoDraw = False
295.0330 	EXP 	nameQ1: autoDraw = False
295.0330 	EXP 	nameQ2: autoDraw = False
295.0330 	EXP 	eggPainting1: autoDraw = True
295.0330 	EXP 	eggPainting2: autoDraw = True
295.9356 	DATA 	Keypress: equal
296.4029 	DATA 	Keypress: 1
297.0329 	EXP 	eggPainting1: autoDraw = False
297.0329 	EXP 	eggPainting2: autoDraw = False
297.0329 	EXP 	eggPainting1: autoDraw = False
297.0329 	EXP 	eggPainting2: autoDraw = False
297.0329 	EXP 	character1: autoDraw = True
297.0329 	EXP 	character2: autoDraw = True
297.4355 	DATA 	Keypress: equal
298.8182 	DATA 	Keypress: 2
298.9343 	DATA 	Keypress: equal
299.0329 	EXP 	character1: autoDraw = False
299.0329 	EXP 	character2: autoDraw = False
299.0329 	EXP 	character1: autoDraw = False
299.0329 	EXP 	character2: autoDraw = False
299.0329 	EXP 	themeQ1: autoDraw = True
299.0329 	EXP 	themeQ2: autoDraw = True
300.1348 	DATA 	Keypress: 2
300.4347 	DATA 	Keypress: equal
301.0331 	EXP 	themeQ1: autoDraw = False
301.0331 	EXP 	themeQ2: autoDraw = False
301.0331 	EXP 	themeQ1: autoDraw = False
301.0331 	EXP 	themeQ2: autoDraw = False
301.0331 	EXP 	gift1: autoDraw = True
301.0331 	EXP 	gift2: autoDraw = True
301.7681 	DATA 	Keypress: 1
301.9344 	DATA 	Keypress: equal
303.0329 	EXP 	gift1: autoDraw = False
303.0329 	EXP 	gift2: autoDraw = False
303.0329 	EXP 	gift1: autoDraw = False
303.0329 	EXP 	gift2: autoDraw = False
303.0329 	EXP 	northorsouth1: autoDraw = True
303.0329 	EXP 	northorsouth2: autoDraw = True
303.4350 	DATA 	Keypress: equal
303.7512 	DATA 	Keypress: 2
304.9346 	DATA 	Keypress: equal
305.2310 	EXP 	New trial (rep=0, index=2): OrderedDict([('condsFile', 'videoBlock_schemaS_pathA_5.csv')])
305.2460 	EXP 	Imported videoBlock_schemaS_pathA_5.csv as conditions, 1 conditions, 17 params
305.2465 	EXP 	Created sequence: random, trialTypes=1, nReps=1, seed=None
305.2473 	EXP 	New trial (rep=0, index=0): OrderedDict([('northOrSouth', 'south.png'), ('stimFile1a', 'stims/wedding-26.1a.mp4'), ('stimFile1b', 'stims/wedding-26.1b.mp4'), ('stimFile2', 'stims/wedding-26.2a.mp4'), ('stimFile3', 'stims/wedding-26.3b.mp4'), ('stimFile4', 'stims/wedding-26.4a.mp4'), ('stimFile5', 'stims/wedding-26.5.mp4'), ('QeggPainting1', 'stimsday1details/egg26.png'), ('Qcharacter1', 'stimsday1details/couple26.png'), ('Qgift1', 'stimsday1details/gift26.png'), ('QeggPainting2', 'stimsday1details/newegg11.png'), ('Qcharacter2', 'stimsday1details/newperson11.png'), ('Qgift2', 'stimsday1details/new11.png'), ('Qname1', 'stimsday1details/cn26.png'), ('Qtheme1', 'stimsday1details/ct26.png'), ('Qname2', 'stimsday1details/n26.png'), ('Qtheme2', 'stimsday1details/t26.png')])
305.2662 	EXP 	northorsouth1: autoDraw = False
305.2662 	EXP 	northorsouth2: autoDraw = False
305.2662 	EXP 	northorsouth1: autoDraw = False
305.2662 	EXP 	northorsouth2: autoDraw = False
305.2662 	EXP 	image_2: autoDraw = True
306.4346 	DATA 	Keypress: equal
307.2507 	EXP 	Created sequence: random, trialTypes=1, nReps=1, seed=None
307.2513 	EXP 	New trial (rep=0, index=0): None
307.7387 	EXP 	Created vid1a = MovieStim3(__class__=<class 'psychopy.visual.movie3.MovieStim3'>, autoLog=True, color=UNKNOWN, colorSpace=UNKNOWN, depth=-1.0, filename='stims/wedding-26.1a.mp4', flipHoriz=False, flipVert=False, fps=UNKNOWN, interpolate=True, loop=False, name='vid1a', noAudio=False, opacity=1.0, ori=0, pos=array([0., 0.]), size=array([1280.,  720.]), units='pix', vframe_callback=UNKNOWN, volume=UNKNOWN, win=Window(...))
308.1301 	EXP 	Created vid1b = MovieStim3(__class__=<class 'psychopy.visual.movie3.MovieStim3'>, autoLog=True, color=UNKNOWN, colorSpace=UNKNOWN, depth=-2.0, filename='stims/wedding-26.1b.mp4', flipHoriz=False, flipVert=False, fps=UNKNOWN, interpolate=True, loop=False, name='vid1b', noAudio=False, opacity=1.0, ori=0, pos=array([0., 0.]), size=array([1280.,  720.]), units='pix', vframe_callback=UNKNOWN, volume=UNKNOWN, win=Window(...))
308.6018 	EXP 	Created vid2 = MovieStim3(__class__=<class 'psychopy.visual.movie3.MovieStim3'>, autoLog=True, color=UNKNOWN, colorSpace=UNKNOWN, depth=-3.0, filename='stims/wedding-26.2a.mp4', flipHoriz=False, flipVert=False, fps=UNKNOWN, interpolate=True, loop=False, name='vid2', noAudio=False, opacity=1.0, ori=0, pos=array([0., 0.]), size=array([1280.,  720.]), units='pix', vframe_callback=UNKNOWN, volume=UNKNOWN, win=Window(...))
309.1556 	EXP 	Created vid3 = MovieStim3(__class__=<class 'psychopy.visual.movie3.MovieStim3'>, autoLog=True, color=UNKNOWN, colorSpace=UNKNOWN, depth=-4.0, filename='stims/wedding-26.3b.mp4', flipHoriz=False, flipVert=False, fps=UNKNOWN, interpolate=True, loop=False, name='vid3', noAudio=False, opacity=1.0, ori=0, pos=array([0., 0.]), size=array([1280.,  720.]), units='pix', vframe_callback=UNKNOWN, volume=UNKNOWN, win=Window(...))
309.7197 	EXP 	Created vid4 = MovieStim3(__class__=<class 'psychopy.visual.movie3.MovieStim3'>, autoLog=True, color=UNKNOWN, colorSpace=UNKNOWN, depth=-5.0, filename='stims/wedding-26.4a.mp4', flipHoriz=False, flipVert=False, fps=UNKNOWN, interpolate=True, loop=False, name='vid4', noAudio=False, opacity=1.0, ori=0, pos=array([0., 0.]), size=array([1280.,  720.]), units='pix', vframe_callback=UNKNOWN, volume=UNKNOWN, win=Window(...))
310.1197 	EXP 	Created vid5 = MovieStim3(__class__=<class 'psychopy.visual.movie3.MovieStim3'>, autoLog=True, color=UNKNOWN, colorSpace=UNKNOWN, depth=-6.0, filename='stims/wedding-26.5.mp4', flipHoriz=False, flipVert=False, fps=UNKNOWN, interpolate=True, loop=False, name='vid5', noAudio=False, opacity=1.0, ori=0, pos=array([0., 0.]), size=array([1280.,  720.]), units='pix', vframe_callback=UNKNOWN, volume=UNKNOWN, win=Window(...))
310.2232 	EXP 	window1: recordFrameIntervals = False
310.2265 	DATA 	Keypress: equal
310.2289 	DATA 	Keypress: equal
310.2329 	EXP 	image_2: autoDraw = False
310.2329 	EXP 	image_2: autoDraw = False
310.2329 	EXP 	vid1a: movie = 'stims/wedding-26.1a.mp4'
310.2329 	EXP 	vid1a: autoLog = True
310.2329 	EXP 	vid1b: movie = 'stims/wedding-26.1b.mp4'
310.2329 	EXP 	vid1b: autoLog = True
310.2329 	EXP 	vid2: movie = 'stims/wedding-26.2a.mp4'
310.2329 	EXP 	vid2: autoLog = True
310.2329 	EXP 	vid3: movie = 'stims/wedding-26.3b.mp4'
310.2329 	EXP 	vid3: autoLog = True
310.2329 	EXP 	vid4: movie = 'stims/wedding-26.4a.mp4'
310.2329 	EXP 	vid4: autoLog = True
310.2329 	EXP 	vid5: movie = 'stims/wedding-26.5.mp4'
310.2329 	EXP 	vid5: autoLog = True
313.0359 	EXP 	window1: recordFrameIntervals = False
314.5109 	DATA 	Keypress: equal
314.5134 	DATA 	Keypress: equal
314.5159 	DATA 	Keypress: equal
314.7185 	EXP 	vid1a: movie = 'stims/wedding-26.1a.mp4'
314.7185 	EXP 	vid1b: movie = 'stims/wedding-26.1b.mp4'
314.7185 	EXP 	vid2: movie = 'stims/wedding-26.2a.mp4'
314.7185 	EXP 	vid3: movie = 'stims/wedding-26.3b.mp4'
314.7185 	EXP 	vid4: movie = 'stims/wedding-26.4a.mp4'
314.7185 	EXP 	vid5: movie = 'stims/wedding-26.5.mp4'
314.7185 	EXP 	image: image = 'south.png'
314.7329 	EXP 	vid1a: autoDraw = True
314.7329 	EXP 	image: autoDraw = True
314.7329 	EXP 	image: autoDraw = False
315.4421 	DATA 	Keypress: equal
316.9347 	DATA 	Keypress: equal
318.4348 	DATA 	Keypress: equal
319.9421 	DATA 	Keypress: equal
321.4353 	DATA 	Keypress: equal
322.9346 	DATA 	Keypress: equal
324.4346 	DATA 	Keypress: equal
325.9346 	DATA 	Keypress: equal
327.4346 	DATA 	Keypress: equal
328.9347 	DATA 	Keypress: equal
330.4345 	DATA 	Keypress: equal
331.9346 	DATA 	Keypress: equal
333.4349 	DATA 	Keypress: equal
334.9345 	DATA 	Keypress: equal
336.4344 	DATA 	Keypress: equal
336.7493 	EXP 	Set vid1a finished
337.2826 	EXP 	vid1b: autoDraw = True
337.9344 	DATA 	Keypress: equal
339.4345 	DATA 	Keypress: equal
340.9343 	DATA 	Keypress: equal
342.4345 	DATA 	Keypress: equal
343.9347 	DATA 	Keypress: equal
345.4346 	DATA 	Keypress: equal
346.2657 	EXP 	vid1b: autoDraw = False
346.2825 	EXP 	vid2: autoDraw = True
346.9344 	DATA 	Keypress: equal
348.4342 	DATA 	Keypress: equal
349.9346 	DATA 	Keypress: equal
351.4346 	DATA 	Keypress: equal
352.9342 	DATA 	Keypress: equal
354.4344 	DATA 	Keypress: equal
355.9340 	DATA 	Keypress: equal
357.4345 	DATA 	Keypress: equal
358.9341 	DATA 	Keypress: equal
360.4341 	DATA 	Keypress: equal
361.9344 	DATA 	Keypress: equal
362.0988 	EXP 	Set vid2 finished
363.2821 	EXP 	vid3: autoDraw = True
363.4340 	DATA 	Keypress: equal
364.9341 	DATA 	Keypress: equal
366.4345 	DATA 	Keypress: equal
367.9343 	DATA 	Keypress: equal
369.4342 	DATA 	Keypress: equal
370.9341 	DATA 	Keypress: equal
372.4340 	DATA 	Keypress: equal
373.9342 	DATA 	Keypress: equal
375.4338 	DATA 	Keypress: equal
376.9338 	DATA 	Keypress: equal
378.4340 	DATA 	Keypress: equal
379.9339 	DATA 	Keypress: equal
381.4340 	DATA 	Keypress: equal
382.9618 	DATA 	Keypress: equal
384.4339 	DATA 	Keypress: equal
385.9341 	DATA 	Keypress: equal
386.2653 	EXP 	vid3: autoDraw = False
386.2818 	EXP 	vid4: autoDraw = True
387.4342 	DATA 	Keypress: equal
388.9339 	DATA 	Keypress: equal
390.4341 	DATA 	Keypress: equal
391.9338 	DATA 	Keypress: equal
393.4343 	DATA 	Keypress: equal
394.9334 	DATA 	Keypress: equal
396.4337 	DATA 	Keypress: equal
397.9338 	DATA 	Keypress: equal
399.4336 	DATA 	Keypress: equal
400.9338 	DATA 	Keypress: equal
402.4336 	DATA 	Keypress: equal
403.9336 	DATA 	Keypress: equal
405.4338 	DATA 	Keypress: equal
406.9338 	DATA 	Keypress: equal
408.4339 	DATA 	Keypress: equal
409.9334 	DATA 	Keypress: equal
410.2650 	EXP 	vid4: autoDraw = False
410.2817 	EXP 	vid5: autoDraw = True
411.4338 	DATA 	Keypress: equal
412.9338 	DATA 	Keypress: equal
414.4338 	DATA 	Keypress: equal
415.9333 	DATA 	Keypress: equal
417.4528 	DATA 	Keypress: equal
418.9332 	DATA 	Keypress: equal
420.4335 	DATA 	Keypress: equal
421.9336 	DATA 	Keypress: equal
422.8982 	EXP 	Set vid5 finished
423.0674 	EXP 	Created sequence: random, trialTypes=1, nReps=1, seed=None
423.0677 	EXP 	New trial (rep=0, index=0): None
423.5432 	EXP 	Created vid1a_q = MovieStim3(__class__=<class 'psychopy.visual.movie3.MovieStim3'>, autoLog=True, color=UNKNOWN, colorSpace=UNKNOWN, depth=-1.0, filename='stims/wedding-26.1a.mp4', flipHoriz=False, flipVert=False, fps=UNKNOWN, interpolate=True, loop=False, name='vid1a_q', noAudio=False, opacity=1.0, ori=0, pos=array([0., 0.]), size=array([1280.,  720.]), units='pix', vframe_callback=UNKNOWN, volume=UNKNOWN, win=Window(...))
423.9234 	EXP 	Created vid1b_q = MovieStim3(__class__=<class 'psychopy.visual.movie3.MovieStim3'>, autoLog=True, color=UNKNOWN, colorSpace=UNKNOWN, depth=-2.0, filename='stims/wedding-26.1b.mp4', flipHoriz=False, flipVert=False, fps=UNKNOWN, interpolate=True, loop=False, name='vid1b_q', noAudio=False, opacity=1.0, ori=0, pos=array([0., 0.]), size=array([1280.,  720.]), units='pix', vframe_callback=UNKNOWN, volume=UNKNOWN, win=Window(...))
424.3791 	EXP 	Created vid2_q = MovieStim3(__class__=<class 'psychopy.visual.movie3.MovieStim3'>, autoLog=True, color=UNKNOWN, colorSpace=UNKNOWN, depth=-3.0, filename='stims/wedding-26.2a.mp4', flipHoriz=False, flipVert=False, fps=UNKNOWN, interpolate=True, loop=False, name='vid2_q', noAudio=False, opacity=1.0, ori=0, pos=array([0., 0.]), size=array([1280.,  720.]), units='pix', vframe_callback=UNKNOWN, volume=UNKNOWN, win=Window(...))
424.9103 	EXP 	Created vid3_q = MovieStim3(__class__=<class 'psychopy.visual.movie3.MovieStim3'>, autoLog=True, color=UNKNOWN, colorSpace=UNKNOWN, depth=-5.0, filename='stims/wedding-26.3b.mp4', flipHoriz=False, flipVert=False, fps=UNKNOWN, interpolate=True, loop=False, name='vid3_q', noAudio=False, opacity=1.0, ori=0, pos=array([0., 0.]), size=array([1280.,  720.]), units='pix', vframe_callback=UNKNOWN, volume=UNKNOWN, win=Window(...))
425.4509 	EXP 	Created vid4_q = MovieStim3(__class__=<class 'psychopy.visual.movie3.MovieStim3'>, autoLog=True, color=UNKNOWN, colorSpace=UNKNOWN, depth=-7.0, filename='stims/wedding-26.4a.mp4', flipHoriz=False, flipVert=False, fps=UNKNOWN, interpolate=True, loop=False, name='vid4_q', noAudio=False, opacity=1.0, ori=0, pos=array([0., 0.]), size=array([1280.,  720.]), units='pix', vframe_callback=UNKNOWN, volume=UNKNOWN, win=Window(...))
425.8369 	EXP 	Created vid5_q = MovieStim3(__class__=<class 'psychopy.visual.movie3.MovieStim3'>, autoLog=True, color=UNKNOWN, colorSpace=UNKNOWN, depth=-8.0, filename='stims/wedding-26.5.mp4', flipHoriz=False, flipVert=False, fps=UNKNOWN, interpolate=True, loop=False, name='vid5_q', noAudio=False, opacity=1.0, ori=0, pos=array([0., 0.]), size=array([1280.,  720.]), units='pix', vframe_callback=UNKNOWN, volume=UNKNOWN, win=Window(...))
426.0967 	EXP 	window1: recordFrameIntervals = False
426.0998 	DATA 	Keypress: equal
426.1021 	DATA 	Keypress: equal
426.1148 	EXP 	vid1a: autoDraw = False
426.1148 	EXP 	vid1b: autoDraw = False
426.1148 	EXP 	vid2: autoDraw = False
426.1148 	EXP 	vid3: autoDraw = False
426.1148 	EXP 	vid4: autoDraw = False
426.1148 	EXP 	vid5: autoDraw = False
426.1148 	EXP 	image: autoDraw = False
426.1148 	EXP 	vid1a_q: movie = 'stims/wedding-26.1a.mp4'
426.1148 	EXP 	vid1a_q: autoLog = True
426.1148 	EXP 	vid1b_q: movie = 'stims/wedding-26.1b.mp4'
426.1148 	EXP 	vid1b_q: autoLog = True
426.1148 	EXP 	vid2_q: movie = 'stims/wedding-26.2a.mp4'
426.1148 	EXP 	vid2_q: autoLog = True
426.1148 	EXP 	vid3_q: movie = 'stims/wedding-26.3b.mp4'
426.1148 	EXP 	vid3_q: autoLog = True
426.1148 	EXP 	vid4_q: movie = 'stims/wedding-26.4a.mp4'
426.1148 	EXP 	vid4_q: autoLog = True
426.1148 	EXP 	vid5_q: movie = 'stims/wedding-26.5.mp4'
426.1148 	EXP 	vid5_q: autoLog = True
426.1148 	EXP 	vid1a_q: autoDraw = False
426.1148 	EXP 	vid1b_q: autoDraw = False
426.1148 	EXP 	vid2_q: autoDraw = False
426.1148 	EXP 	l2q: autoDraw = False
426.1148 	EXP 	vid3_q: autoDraw = False
426.1148 	EXP 	l3q: autoDraw = False
426.1148 	EXP 	vid4_q: autoDraw = False
426.1148 	EXP 	vid5_q: autoDraw = False
426.1148 	EXP 	reveal: autoDraw = False
426.2941 	EXP 	window1: recordFrameIntervals = False
427.8824 	DATA 	Keypress: equal
427.9293 	DATA 	Keypress: equal
428.0982 	EXP 	eggPainting1: image = 'stimsday1details/egg26.png'
428.0982 	EXP 	eggPainting2: image = 'stimsday1details/newegg11.png'
428.0982 	EXP 	character1: image = 'stimsday1details/couple26.png'
428.0982 	EXP 	character2: image = 'stimsday1details/newperson11.png'
428.0982 	EXP 	gift1: image = 'stimsday1details/gift26.png'
428.0982 	EXP 	gift2: image = 'stimsday1details/new11.png'
428.0982 	EXP 	themeQ1: image = 'stimsday1details/ct26.png'
428.0982 	EXP 	themeQ2: image = 'stimsday1details/t26.png'
428.0982 	EXP 	nameQ1: image = 'stimsday1details/cn26.png'
428.0982 	EXP 	nameQ2: image = 'stimsday1details/n26.png'
428.0982 	EXP 	nameQ1: autoDraw = True
428.0982 	EXP 	nameQ2: autoDraw = True
429.0665 	DATA 	Keypress: 2
429.4331 	DATA 	Keypress: equal
430.0979 	EXP 	nameQ1: autoDraw = False
430.0979 	EXP 	nameQ2: autoDraw = False
430.0979 	EXP 	nameQ1: autoDraw = False
430.0979 	EXP 	nameQ2: autoDraw = False
430.0979 	EXP 	eggPainting1: autoDraw = True
430.0979 	EXP 	eggPainting2: autoDraw = True
430.6832 	DATA 	Keypress: 1
430.9338 	DATA 	Keypress: equal
432.0981 	EXP 	eggPainting1: autoDraw = False
432.0981 	EXP 	eggPainting2: autoDraw = False
432.0981 	EXP 	eggPainting1: autoDraw = False
432.0981 	EXP 	eggPainting2: autoDraw = False
432.0981 	EXP 	character1: autoDraw = True
432.0981 	EXP 	character2: autoDraw = True
432.4331 	DATA 	Keypress: equal
433.3332 	DATA 	Keypress: 1
433.9331 	DATA 	Keypress: equal
434.0980 	EXP 	character1: autoDraw = False
434.0980 	EXP 	character2: autoDraw = False
434.0980 	EXP 	character1: autoDraw = False
434.0980 	EXP 	character2: autoDraw = False
434.0980 	EXP 	themeQ1: autoDraw = True
434.0980 	EXP 	themeQ2: autoDraw = True
435.0329 	DATA 	Keypress: 2
435.4328 	DATA 	Keypress: equal
436.0979 	EXP 	themeQ1: autoDraw = False
436.0979 	EXP 	themeQ2: autoDraw = False
436.0979 	EXP 	themeQ1: autoDraw = False
436.0979 	EXP 	themeQ2: autoDraw = False
436.0979 	EXP 	gift1: autoDraw = True
436.0979 	EXP 	gift2: autoDraw = True
436.9334 	DATA 	Keypress: equal
437.7495 	DATA 	Keypress: 1
438.0978 	EXP 	gift1: autoDraw = False
438.0978 	EXP 	gift2: autoDraw = False
438.0978 	EXP 	gift1: autoDraw = False
438.0978 	EXP 	gift2: autoDraw = False
438.0978 	EXP 	northorsouth1: autoDraw = True
438.0978 	EXP 	northorsouth2: autoDraw = True
438.4328 	DATA 	Keypress: equal
438.9159 	DATA 	Keypress: 2
439.9331 	DATA 	Keypress: equal
440.3225 	EXP 	New trial (rep=0, index=3): OrderedDict([('condsFile', 'videoBlock_schemaS_pathA_6.csv')])
440.3372 	EXP 	Imported videoBlock_schemaS_pathA_6.csv as conditions, 1 conditions, 17 params
440.3377 	EXP 	Created sequence: random, trialTypes=1, nReps=1, seed=None
440.3385 	EXP 	New trial (rep=0, index=0): OrderedDict([('northOrSouth', 'south.png'), ('stimFile1a', 'stims/wedding-30.1a.mp4'), ('stimFile1b', 'stims/wedding-30.1b.mp4'), ('stimFile2', 'stims/wedding-30.2a.mp4'), ('stimFile3', 'stims/wedding-30.3b.mp4'), ('stimFile4', 'stims/wedding-30.4a.mp4'), ('stimFile5', 'stims/wedding-30.5.mp4'), ('QeggPainting1', 'stimsday1details/newegg12.png'), ('Qcharacter1', 'stimsday1details/couple30.png'), ('Qgift1', 'stimsday1details/new12.png'), ('QeggPainting2', 'stimsday1details/egg30.png'), ('Qcharacter2', 'stimsday1details/newperson12.png'), ('Qgift2', 'stimsday1details/gift30.png'), ('Qname1', 'stimsday1details/n30.png'), ('Qtheme1', 'stimsday1details/t30.png'), ('Qname2', 'stimsday1details/cn30.png'), ('Qtheme2', 'stimsday1details/ct30.png')])
440.3478 	EXP 	northorsouth1: autoDraw = False
440.3478 	EXP 	northorsouth2: autoDraw = False
440.3478 	EXP 	northorsouth1: autoDraw = False
440.3478 	EXP 	northorsouth2: autoDraw = False
440.3478 	EXP 	image_2: autoDraw = True
441.4333 	DATA 	Keypress: equal
442.3324 	EXP 	Created sequence: random, trialTypes=1, nReps=1, seed=None
442.3327 	EXP 	New trial (rep=0, index=0): None
442.8306 	EXP 	Created vid1a = MovieStim3(__class__=<class 'psychopy.visual.movie3.MovieStim3'>, autoLog=True, color=UNKNOWN, colorSpace=UNKNOWN, depth=-1.0, filename='stims/wedding-30.1a.mp4', flipHoriz=False, flipVert=False, fps=UNKNOWN, interpolate=True, loop=False, name='vid1a', noAudio=False, opacity=1.0, ori=0, pos=array([0., 0.]), size=array([1280.,  720.]), units='pix', vframe_callback=UNKNOWN, volume=UNKNOWN, win=Window(...))
443.2095 	EXP 	Created vid1b = MovieStim3(__class__=<class 'psychopy.visual.movie3.MovieStim3'>, autoLog=True, color=UNKNOWN, colorSpace=UNKNOWN, depth=-2.0, filename='stims/wedding-30.1b.mp4', flipHoriz=False, flipVert=False, fps=UNKNOWN, interpolate=True, loop=False, name='vid1b', noAudio=False, opacity=1.0, ori=0, pos=array([0., 0.]), size=array([1280.,  720.]), units='pix', vframe_callback=UNKNOWN, volume=UNKNOWN, win=Window(...))
443.6936 	EXP 	Created vid2 = MovieStim3(__class__=<class 'psychopy.visual.movie3.MovieStim3'>, autoLog=True, color=UNKNOWN, colorSpace=UNKNOWN, depth=-3.0, filename='stims/wedding-30.2a.mp4', flipHoriz=False, flipVert=False, fps=UNKNOWN, interpolate=True, loop=False, name='vid2', noAudio=False, opacity=1.0, ori=0, pos=array([0., 0.]), size=array([1280.,  720.]), units='pix', vframe_callback=UNKNOWN, volume=UNKNOWN, win=Window(...))
444.2352 	EXP 	Created vid3 = MovieStim3(__class__=<class 'psychopy.visual.movie3.MovieStim3'>, autoLog=True, color=UNKNOWN, colorSpace=UNKNOWN, depth=-4.0, filename='stims/wedding-30.3b.mp4', flipHoriz=False, flipVert=False, fps=UNKNOWN, interpolate=True, loop=False, name='vid3', noAudio=False, opacity=1.0, ori=0, pos=array([0., 0.]), size=array([1280.,  720.]), units='pix', vframe_callback=UNKNOWN, volume=UNKNOWN, win=Window(...))
444.7957 	EXP 	Created vid4 = MovieStim3(__class__=<class 'psychopy.visual.movie3.MovieStim3'>, autoLog=True, color=UNKNOWN, colorSpace=UNKNOWN, depth=-5.0, filename='stims/wedding-30.4a.mp4', flipHoriz=False, flipVert=False, fps=UNKNOWN, interpolate=True, loop=False, name='vid4', noAudio=False, opacity=1.0, ori=0, pos=array([0., 0.]), size=array([1280.,  720.]), units='pix', vframe_callback=UNKNOWN, volume=UNKNOWN, win=Window(...))
445.1972 	EXP 	Created vid5 = MovieStim3(__class__=<class 'psychopy.visual.movie3.MovieStim3'>, autoLog=True, color=UNKNOWN, colorSpace=UNKNOWN, depth=-6.0, filename='stims/wedding-30.5.mp4', flipHoriz=False, flipVert=False, fps=UNKNOWN, interpolate=True, loop=False, name='vid5', noAudio=False, opacity=1.0, ori=0, pos=array([0., 0.]), size=array([1280.,  720.]), units='pix', vframe_callback=UNKNOWN, volume=UNKNOWN, win=Window(...))
445.2855 	EXP 	window1: recordFrameIntervals = False
445.2888 	DATA 	Keypress: equal
445.2910 	DATA 	Keypress: equal
445.3027 	EXP 	image_2: autoDraw = False
445.3027 	EXP 	image_2: autoDraw = False
445.3027 	EXP 	vid1a: movie = 'stims/wedding-30.1a.mp4'
445.3027 	EXP 	vid1a: autoLog = True
445.3027 	EXP 	vid1b: movie = 'stims/wedding-30.1b.mp4'
445.3027 	EXP 	vid1b: autoLog = True
445.3027 	EXP 	vid2: movie = 'stims/wedding-30.2a.mp4'
445.3027 	EXP 	vid2: autoLog = True
445.3027 	EXP 	vid3: movie = 'stims/wedding-30.3b.mp4'
445.3027 	EXP 	vid3: autoLog = True
445.3027 	EXP 	vid4: movie = 'stims/wedding-30.4a.mp4'
445.3027 	EXP 	vid4: autoLog = True
445.3027 	EXP 	vid5: movie = 'stims/wedding-30.5.mp4'
445.3027 	EXP 	vid5: autoLog = True
448.1027 	EXP 	window1: recordFrameIntervals = False
449.5733 	DATA 	Keypress: equal
449.5756 	DATA 	Keypress: equal
449.5776 	DATA 	Keypress: equal
449.7813 	EXP 	vid1a: movie = 'stims/wedding-30.1a.mp4'
449.7813 	EXP 	vid1b: movie = 'stims/wedding-30.1b.mp4'
449.7813 	EXP 	vid2: movie = 'stims/wedding-30.2a.mp4'
449.7813 	EXP 	vid3: movie = 'stims/wedding-30.3b.mp4'
449.7813 	EXP 	vid4: movie = 'stims/wedding-30.4a.mp4'
449.7813 	EXP 	vid5: movie = 'stims/wedding-30.5.mp4'
449.7813 	EXP 	image: image = 'south.png'
449.8019 	EXP 	vid1a: autoDraw = True
449.8019 	EXP 	image: autoDraw = True
449.8019 	EXP 	image: autoDraw = False
450.4335 	DATA 	Keypress: equal
451.9331 	DATA 	Keypress: equal
453.4329 	DATA 	Keypress: equal
454.9329 	DATA 	Keypress: equal
456.4329 	DATA 	Keypress: equal
457.9330 	DATA 	Keypress: equal
459.4328 	DATA 	Keypress: equal
460.9332 	DATA 	Keypress: equal
462.4330 	DATA 	Keypress: equal
463.9329 	DATA 	Keypress: equal
465.4328 	DATA 	Keypress: equal
466.9328 	DATA 	Keypress: equal
468.4330 	DATA 	Keypress: equal
469.9333 	DATA 	Keypress: equal
471.4326 	DATA 	Keypress: equal
472.3476 	EXP 	vid1a: autoDraw = False
472.3640 	EXP 	vid1b: autoDraw = True
472.9332 	DATA 	Keypress: equal
474.4330 	DATA 	Keypress: equal
475.9329 	DATA 	Keypress: equal
477.4328 	DATA 	Keypress: equal
478.9326 	DATA 	Keypress: equal
480.4330 	DATA 	Keypress: equal
480.9306 	EXP 	Set vid1b finished
481.3640 	EXP 	vid2: autoDraw = True
481.9327 	DATA 	Keypress: equal
483.4326 	DATA 	Keypress: equal
484.9326 	DATA 	Keypress: equal
486.4326 	DATA 	Keypress: equal
487.9323 	DATA 	Keypress: equal
489.4324 	DATA 	Keypress: equal
490.9329 	DATA 	Keypress: equal
492.4325 	DATA 	Keypress: equal
493.9324 	DATA 	Keypress: equal
495.4325 	DATA 	Keypress: equal
496.9327 	DATA 	Keypress: equal
498.3472 	EXP 	vid2: autoDraw = False
498.3639 	EXP 	vid3: autoDraw = True
498.4325 	DATA 	Keypress: equal
499.9322 	DATA 	Keypress: equal
501.4325 	DATA 	Keypress: equal
502.9327 	DATA 	Keypress: equal
504.4326 	DATA 	Keypress: equal
505.9324 	DATA 	Keypress: equal
507.4327 	DATA 	Keypress: equal
508.9323 	DATA 	Keypress: equal
510.4601 	DATA 	Keypress: equal
511.9324 	DATA 	Keypress: equal
513.4323 	DATA 	Keypress: equal
514.9326 	DATA 	Keypress: equal
516.4324 	DATA 	Keypress: equal
517.9324 	DATA 	Keypress: equal
519.4322 	DATA 	Keypress: equal
520.9323 	DATA 	Keypress: equal
521.3470 	EXP 	vid3: autoDraw = False
521.3634 	EXP 	vid4: autoDraw = True
522.4321 	DATA 	Keypress: equal
523.9321 	DATA 	Keypress: equal
525.4322 	DATA 	Keypress: equal
526.9319 	DATA 	Keypress: equal
528.4319 	DATA 	Keypress: equal
529.9323 	DATA 	Keypress: equal
531.4321 	DATA 	Keypress: equal
532.9322 	DATA 	Keypress: equal
534.4323 	DATA 	Keypress: equal
535.9321 	DATA 	Keypress: equal
537.4318 	DATA 	Keypress: equal
538.9321 	DATA 	Keypress: equal
540.4319 	DATA 	Keypress: equal
541.9323 	DATA 	Keypress: equal
543.4323 	DATA 	Keypress: equal
544.9528 	DATA 	Keypress: equal
545.3466 	EXP 	vid4: autoDraw = False
545.3631 	EXP 	vid5: autoDraw = True
546.4317 	DATA 	Keypress: equal
547.9317 	DATA 	Keypress: equal
549.4319 	DATA 	Keypress: equal
550.9318 	DATA 	Keypress: equal
552.4323 	DATA 	Keypress: equal
553.9318 	DATA 	Keypress: equal
555.4319 	DATA 	Keypress: equal
556.9322 	DATA 	Keypress: equal
557.7797 	EXP 	Set vid5 finished
557.9614 	EXP 	Created sequence: random, trialTypes=1, nReps=1, seed=None
557.9617 	EXP 	New trial (rep=0, index=0): None
558.4451 	EXP 	Created vid1a_q = MovieStim3(__class__=<class 'psychopy.visual.movie3.MovieStim3'>, autoLog=True, color=UNKNOWN, colorSpace=UNKNOWN, depth=-1.0, filename='stims/wedding-30.1a.mp4', flipHoriz=False, flipVert=False, fps=UNKNOWN, interpolate=True, loop=False, name='vid1a_q', noAudio=False, opacity=1.0, ori=0, pos=array([0., 0.]), size=array([1280.,  720.]), units='pix', vframe_callback=UNKNOWN, volume=UNKNOWN, win=Window(...))
558.8180 	EXP 	Created vid1b_q = MovieStim3(__class__=<class 'psychopy.visual.movie3.MovieStim3'>, autoLog=True, color=UNKNOWN, colorSpace=UNKNOWN, depth=-2.0, filename='stims/wedding-30.1b.mp4', flipHoriz=False, flipVert=False, fps=UNKNOWN, interpolate=True, loop=False, name='vid1b_q', noAudio=False, opacity=1.0, ori=0, pos=array([0., 0.]), size=array([1280.,  720.]), units='pix', vframe_callback=UNKNOWN, volume=UNKNOWN, win=Window(...))
559.2902 	EXP 	Created vid2_q = MovieStim3(__class__=<class 'psychopy.visual.movie3.MovieStim3'>, autoLog=True, color=UNKNOWN, colorSpace=UNKNOWN, depth=-3.0, filename='stims/wedding-30.2a.mp4', flipHoriz=False, flipVert=False, fps=UNKNOWN, interpolate=True, loop=False, name='vid2_q', noAudio=False, opacity=1.0, ori=0, pos=array([0., 0.]), size=array([1280.,  720.]), units='pix', vframe_callback=UNKNOWN, volume=UNKNOWN, win=Window(...))
559.8100 	EXP 	Created vid3_q = MovieStim3(__class__=<class 'psychopy.visual.movie3.MovieStim3'>, autoLog=True, color=UNKNOWN, colorSpace=UNKNOWN, depth=-5.0, filename='stims/wedding-30.3b.mp4', flipHoriz=False, flipVert=False, fps=UNKNOWN, interpolate=True, loop=False, name='vid3_q', noAudio=False, opacity=1.0, ori=0, pos=array([0., 0.]), size=array([1280.,  720.]), units='pix', vframe_callback=UNKNOWN, volume=UNKNOWN, win=Window(...))
560.3487 	EXP 	Created vid4_q = MovieStim3(__class__=<class 'psychopy.visual.movie3.MovieStim3'>, autoLog=True, color=UNKNOWN, colorSpace=UNKNOWN, depth=-7.0, filename='stims/wedding-30.4a.mp4', flipHoriz=False, flipVert=False, fps=UNKNOWN, interpolate=True, loop=False, name='vid4_q', noAudio=False, opacity=1.0, ori=0, pos=array([0., 0.]), size=array([1280.,  720.]), units='pix', vframe_callback=UNKNOWN, volume=UNKNOWN, win=Window(...))
560.7357 	EXP 	Created vid5_q = MovieStim3(__class__=<class 'psychopy.visual.movie3.MovieStim3'>, autoLog=True, color=UNKNOWN, colorSpace=UNKNOWN, depth=-8.0, filename='stims/wedding-30.5.mp4', flipHoriz=False, flipVert=False, fps=UNKNOWN, interpolate=True, loop=False, name='vid5_q', noAudio=False, opacity=1.0, ori=0, pos=array([0., 0.]), size=array([1280.,  720.]), units='pix', vframe_callback=UNKNOWN, volume=UNKNOWN, win=Window(...))
561.0230 	EXP 	window1: recordFrameIntervals = False
561.0261 	DATA 	Keypress: equal
561.0283 	DATA 	Keypress: equal
561.0464 	EXP 	vid1a: autoDraw = False
561.0464 	EXP 	vid1b: autoDraw = False
561.0464 	EXP 	vid2: autoDraw = False
561.0464 	EXP 	vid3: autoDraw = False
561.0464 	EXP 	vid4: autoDraw = False
561.0464 	EXP 	vid5: autoDraw = False
561.0464 	EXP 	image: autoDraw = False
561.0464 	EXP 	vid1a_q: movie = 'stims/wedding-30.1a.mp4'
561.0464 	EXP 	vid1a_q: autoLog = True
561.0464 	EXP 	vid1b_q: movie = 'stims/wedding-30.1b.mp4'
561.0464 	EXP 	vid1b_q: autoLog = True
561.0464 	EXP 	vid2_q: movie = 'stims/wedding-30.2a.mp4'
561.0464 	EXP 	vid2_q: autoLog = True
561.0464 	EXP 	vid3_q: movie = 'stims/wedding-30.3b.mp4'
561.0464 	EXP 	vid3_q: autoLog = True
561.0464 	EXP 	vid4_q: movie = 'stims/wedding-30.4a.mp4'
561.0464 	EXP 	vid4_q: autoLog = True
561.0464 	EXP 	vid5_q: movie = 'stims/wedding-30.5.mp4'
561.0464 	EXP 	vid5_q: autoLog = True
561.0464 	EXP 	vid1a_q: autoDraw = False
561.0464 	EXP 	vid1b_q: autoDraw = False
561.0464 	EXP 	vid2_q: autoDraw = False
561.0464 	EXP 	l2q: autoDraw = False
561.0464 	EXP 	vid3_q: autoDraw = False
561.0464 	EXP 	l3q: autoDraw = False
561.0464 	EXP 	vid4_q: autoDraw = False
561.0464 	EXP 	vid5_q: autoDraw = False
561.0464 	EXP 	reveal: autoDraw = False
561.2289 	EXP 	window1: recordFrameIntervals = False
562.8092 	DATA 	Keypress: equal
562.9245 	DATA 	Keypress: equal
563.0296 	EXP 	eggPainting1: image = 'stimsday1details/newegg12.png'
563.0296 	EXP 	eggPainting2: image = 'stimsday1details/egg30.png'
563.0296 	EXP 	character1: image = 'stimsday1details/couple30.png'
563.0296 	EXP 	character2: image = 'stimsday1details/newperson12.png'
563.0296 	EXP 	gift1: image = 'stimsday1details/new12.png'
563.0296 	EXP 	gift2: image = 'stimsday1details/gift30.png'
563.0296 	EXP 	themeQ1: image = 'stimsday1details/t30.png'
563.0296 	EXP 	themeQ2: image = 'stimsday1details/ct30.png'
563.0296 	EXP 	nameQ1: image = 'stimsday1details/n30.png'
563.0296 	EXP 	nameQ2: image = 'stimsday1details/cn30.png'
563.0296 	EXP 	nameQ1: autoDraw = True
563.0296 	EXP 	nameQ2: autoDraw = True
563.6650 	DATA 	Keypress: 1
564.4315 	DATA 	Keypress: equal
565.0129 	EXP 	nameQ1: autoDraw = False
565.0129 	EXP 	nameQ2: autoDraw = False
565.0129 	EXP 	nameQ1: autoDraw = False
565.0129 	EXP 	nameQ2: autoDraw = False
565.0129 	EXP 	eggPainting1: autoDraw = True
565.0129 	EXP 	eggPainting2: autoDraw = True
565.6810 	DATA 	Keypress: 2
565.9315 	DATA 	Keypress: equal
567.0129 	EXP 	eggPainting1: autoDraw = False
567.0129 	EXP 	eggPainting2: autoDraw = False
567.0129 	EXP 	eggPainting1: autoDraw = False
567.0129 	EXP 	eggPainting2: autoDraw = False
567.0129 	EXP 	character1: autoDraw = True
567.0129 	EXP 	character2: autoDraw = True
567.4317 	DATA 	Keypress: equal
567.5644 	DATA 	Keypress: 1
568.9315 	DATA 	Keypress: equal
569.0129 	EXP 	character1: autoDraw = False
569.0129 	EXP 	character2: autoDraw = False
569.0129 	EXP 	character1: autoDraw = False
569.0129 	EXP 	character2: autoDraw = False
569.0129 	EXP 	themeQ1: autoDraw = True
569.0129 	EXP 	themeQ2: autoDraw = True
570.1145 	DATA 	Keypress: 1
570.4310 	DATA 	Keypress: equal
571.0128 	EXP 	themeQ1: autoDraw = False
571.0128 	EXP 	themeQ2: autoDraw = False
571.0128 	EXP 	themeQ1: autoDraw = False
571.0128 	EXP 	themeQ2: autoDraw = False
571.0128 	EXP 	gift1: autoDraw = True
571.0128 	EXP 	gift2: autoDraw = True
571.6812 	DATA 	Keypress: 2
571.9313 	DATA 	Keypress: equal
573.0130 	EXP 	gift1: autoDraw = False
573.0130 	EXP 	gift2: autoDraw = False
573.0130 	EXP 	gift1: autoDraw = False
573.0130 	EXP 	gift2: autoDraw = False
573.0130 	EXP 	northorsouth1: autoDraw = True
573.0130 	EXP 	northorsouth2: autoDraw = True
573.4319 	DATA 	Keypress: equal
573.7812 	DATA 	Keypress: 2
574.9314 	DATA 	Keypress: equal
575.2710 	EXP 	New trial (rep=0, index=4): OrderedDict([('condsFile', 'videoBlock_schemaS_pathB_5.csv')])
575.2860 	EXP 	Imported videoBlock_schemaS_pathB_5.csv as conditions, 1 conditions, 17 params
575.2864 	EXP 	Created sequence: random, trialTypes=1, nReps=1, seed=None
575.2872 	EXP 	New trial (rep=0, index=0): OrderedDict([('northOrSouth', 'south.png'), ('stimFile1a', 'stims/wedding-31.1a.mp4'), ('stimFile1b', 'stims/wedding-31.1b.mp4'), ('stimFile2', 'stims/wedding-31.2b.mp4'), ('stimFile3', 'stims/wedding-31.3a.mp4'), ('stimFile4', 'stims/wedding-31.4b.mp4'), ('stimFile5', 'stims/wedding-31.5.mp4'), ('QeggPainting1', 'stimsday1details/painting31.png'), ('Qcharacter1', 'stimsday1details/couple31.png'), ('Qgift1', 'stimsday1details/gift31.png'), ('QeggPainting2', 'stimsday1details/newpainting11.png'), ('Qcharacter2', 'stimsday1details/newperson23.png'), ('Qgift2', 'stimsday1details/new23.png'), ('Qname1', 'stimsday1details/cn31.png'), ('Qtheme1', 'stimsday1details/ct31.png'), ('Qname2', 'stimsday1details/n31.png'), ('Qtheme2', 'stimsday1details/t31.png')])
575.2964 	EXP 	northorsouth1: autoDraw = False
575.2964 	EXP 	northorsouth2: autoDraw = False
575.2964 	EXP 	northorsouth1: autoDraw = False
575.2964 	EXP 	northorsouth2: autoDraw = False
575.2964 	EXP 	image_2: autoDraw = True
576.4315 	DATA 	Keypress: equal
577.2809 	EXP 	Created sequence: random, trialTypes=1, nReps=1, seed=None
577.2811 	EXP 	New trial (rep=0, index=0): None
577.7798 	EXP 	Created vid1a = MovieStim3(__class__=<class 'psychopy.visual.movie3.MovieStim3'>, autoLog=True, color=UNKNOWN, colorSpace=UNKNOWN, depth=-1.0, filename='stims/wedding-31.1a.mp4', flipHoriz=False, flipVert=False, fps=UNKNOWN, interpolate=True, loop=False, name='vid1a', noAudio=False, opacity=1.0, ori=0, pos=array([0., 0.]), size=array([1280.,  720.]), units='pix', vframe_callback=UNKNOWN, volume=UNKNOWN, win=Window(...))
578.1784 	EXP 	Created vid1b = MovieStim3(__class__=<class 'psychopy.visual.movie3.MovieStim3'>, autoLog=True, color=UNKNOWN, colorSpace=UNKNOWN, depth=-2.0, filename='stims/wedding-31.1b.mp4', flipHoriz=False, flipVert=False, fps=UNKNOWN, interpolate=True, loop=False, name='vid1b', noAudio=False, opacity=1.0, ori=0, pos=array([0., 0.]), size=array([1280.,  720.]), units='pix', vframe_callback=UNKNOWN, volume=UNKNOWN, win=Window(...))
578.6417 	EXP 	Created vid2 = MovieStim3(__class__=<class 'psychopy.visual.movie3.MovieStim3'>, autoLog=True, color=UNKNOWN, colorSpace=UNKNOWN, depth=-3.0, filename='stims/wedding-31.2b.mp4', flipHoriz=False, flipVert=False, fps=UNKNOWN, interpolate=True, loop=False, name='vid2', noAudio=False, opacity=1.0, ori=0, pos=array([0., 0.]), size=array([1280.,  720.]), units='pix', vframe_callback=UNKNOWN, volume=UNKNOWN, win=Window(...))
579.1147 	EXP 	Created vid3 = MovieStim3(__class__=<class 'psychopy.visual.movie3.MovieStim3'>, autoLog=True, color=UNKNOWN, colorSpace=UNKNOWN, depth=-4.0, filename='stims/wedding-31.3a.mp4', flipHoriz=False, flipVert=False, fps=UNKNOWN, interpolate=True, loop=False, name='vid3', noAudio=False, opacity=1.0, ori=0, pos=array([0., 0.]), size=array([1280.,  720.]), units='pix', vframe_callback=UNKNOWN, volume=UNKNOWN, win=Window(...))
579.6003 	EXP 	Created vid4 = MovieStim3(__class__=<class 'psychopy.visual.movie3.MovieStim3'>, autoLog=True, color=UNKNOWN, colorSpace=UNKNOWN, depth=-5.0, filename='stims/wedding-31.4b.mp4', flipHoriz=False, flipVert=False, fps=UNKNOWN, interpolate=True, loop=False, name='vid4', noAudio=False, opacity=1.0, ori=0, pos=array([0., 0.]), size=array([1280.,  720.]), units='pix', vframe_callback=UNKNOWN, volume=UNKNOWN, win=Window(...))
580.0083 	EXP 	Created vid5 = MovieStim3(__class__=<class 'psychopy.visual.movie3.MovieStim3'>, autoLog=True, color=UNKNOWN, colorSpace=UNKNOWN, depth=-6.0, filename='stims/wedding-31.5.mp4', flipHoriz=False, flipVert=False, fps=UNKNOWN, interpolate=True, loop=False, name='vid5', noAudio=False, opacity=1.0, ori=0, pos=array([0., 0.]), size=array([1280.,  720.]), units='pix', vframe_callback=UNKNOWN, volume=UNKNOWN, win=Window(...))
580.1108 	EXP 	window1: recordFrameIntervals = False
580.1145 	DATA 	Keypress: equal
580.1173 	DATA 	Keypress: equal
580.1294 	EXP 	image_2: autoDraw = False
580.1294 	EXP 	image_2: autoDraw = False
580.1294 	EXP 	vid1a: movie = 'stims/wedding-31.1a.mp4'
580.1294 	EXP 	vid1a: autoLog = True
580.1294 	EXP 	vid1b: movie = 'stims/wedding-31.1b.mp4'
580.1294 	EXP 	vid1b: autoLog = True
580.1294 	EXP 	vid2: movie = 'stims/wedding-31.2b.mp4'
580.1294 	EXP 	vid2: autoLog = True
580.1294 	EXP 	vid3: movie = 'stims/wedding-31.3a.mp4'
580.1294 	EXP 	vid3: autoLog = True
580.1294 	EXP 	vid4: movie = 'stims/wedding-31.4b.mp4'
580.1294 	EXP 	vid4: autoLog = True
580.1294 	EXP 	vid5: movie = 'stims/wedding-31.5.mp4'
580.1294 	EXP 	vid5: autoLog = True
582.8334 	EXP 	window1: recordFrameIntervals = False
584.3981 	DATA 	Keypress: equal
584.4005 	DATA 	Keypress: equal
584.4026 	DATA 	Keypress: equal
584.6129 	EXP 	vid1a: movie = 'stims/wedding-31.1a.mp4'
584.6129 	EXP 	vid1b: movie = 'stims/wedding-31.1b.mp4'
584.6129 	EXP 	vid2: movie = 'stims/wedding-31.2b.mp4'
584.6129 	EXP 	vid3: movie = 'stims/wedding-31.3a.mp4'
584.6129 	EXP 	vid4: movie = 'stims/wedding-31.4b.mp4'
584.6129 	EXP 	vid5: movie = 'stims/wedding-31.5.mp4'
584.6129 	EXP 	image: image = 'south.png'
584.6296 	EXP 	vid1a: autoDraw = True
584.6296 	EXP 	image: autoDraw = True
584.6296 	EXP 	image: autoDraw = False
585.4367 	DATA 	Keypress: equal
586.9317 	DATA 	Keypress: equal
588.4590 	DATA 	Keypress: equal
589.9312 	DATA 	Keypress: equal
591.4311 	DATA 	Keypress: equal
592.9313 	DATA 	Keypress: equal
594.4316 	DATA 	Keypress: equal
595.9314 	DATA 	Keypress: equal
597.4312 	DATA 	Keypress: equal
598.9231 	DATA 	Keypress: equal
600.4313 	DATA 	Keypress: equal
601.9314 	DATA 	Keypress: equal
603.4314 	DATA 	Keypress: equal
604.9314 	DATA 	Keypress: equal
606.4310 	DATA 	Keypress: equal
607.2959 	EXP 	vid1a: autoDraw = False
607.3124 	EXP 	vid1b: autoDraw = True
607.9227 	DATA 	Keypress: equal
609.4314 	DATA 	Keypress: equal
610.9227 	DATA 	Keypress: equal
612.4309 	DATA 	Keypress: equal
613.9313 	DATA 	Keypress: equal
615.4309 	DATA 	Keypress: equal
616.2956 	EXP 	vid1b: autoDraw = False
616.3124 	EXP 	vid2: autoDraw = True
616.9313 	DATA 	Keypress: equal
618.4308 	DATA 	Keypress: equal
619.9312 	DATA 	Keypress: equal
621.4310 	DATA 	Keypress: equal
622.9506 	DATA 	Keypress: equal
624.4309 	DATA 	Keypress: equal
625.9309 	DATA 	Keypress: equal
627.4309 	DATA 	Keypress: equal
628.9309 	DATA 	Keypress: equal
630.4312 	DATA 	Keypress: equal
631.9309 	DATA 	Keypress: equal
632.7956 	EXP 	Set vid2 finished
633.3120 	EXP 	vid3: autoDraw = True
633.4310 	DATA 	Keypress: equal
634.9306 	DATA 	Keypress: equal
636.4308 	DATA 	Keypress: equal
637.9307 	DATA 	Keypress: equal
639.4308 	DATA 	Keypress: equal
640.9308 	DATA 	Keypress: equal
642.4306 	DATA 	Keypress: equal
643.9309 	DATA 	Keypress: equal
645.4308 	DATA 	Keypress: equal
646.9307 	DATA 	Keypress: equal
648.4306 	DATA 	Keypress: equal
649.9307 	DATA 	Keypress: equal
651.4303 	DATA 	Keypress: equal
652.9306 	DATA 	Keypress: equal
654.4304 	DATA 	Keypress: equal
655.9305 	DATA 	Keypress: equal
656.2951 	EXP 	vid3: autoDraw = False
656.3119 	EXP 	vid4: autoDraw = True
657.4223 	DATA 	Keypress: equal
658.9305 	DATA 	Keypress: equal
660.4306 	DATA 	Keypress: equal
661.9306 	DATA 	Keypress: equal
663.4213 	DATA 	Keypress: equal
664.9302 	DATA 	Keypress: equal
666.4307 	DATA 	Keypress: equal
667.9306 	DATA 	Keypress: equal
669.4304 	DATA 	Keypress: equal
670.9303 	DATA 	Keypress: equal
672.4304 	DATA 	Keypress: equal
673.9306 	DATA 	Keypress: equal
675.4303 	DATA 	Keypress: equal
676.9301 	DATA 	Keypress: equal
678.4303 	DATA 	Keypress: equal
679.9303 	DATA 	Keypress: equal
680.2950 	EXP 	vid4: autoDraw = False
680.3116 	EXP 	vid5: autoDraw = True
681.4215 	DATA 	Keypress: equal
682.9497 	DATA 	Keypress: equal
684.4217 	DATA 	Keypress: equal
685.9204 	DATA 	Keypress: equal
687.4203 	DATA 	Keypress: equal
688.9302 	DATA 	Keypress: equal
690.4299 	DATA 	Keypress: equal
691.9300 	DATA 	Keypress: equal
692.4613 	EXP 	Set vid5 finished
692.6785 	EXP 	Created sequence: random, trialTypes=1, nReps=1, seed=None
692.6788 	EXP 	New trial (rep=0, index=0): None
693.1709 	EXP 	Created vid1a_q = MovieStim3(__class__=<class 'psychopy.visual.movie3.MovieStim3'>, autoLog=True, color=UNKNOWN, colorSpace=UNKNOWN, depth=-1.0, filename='stims/wedding-31.1a.mp4', flipHoriz=False, flipVert=False, fps=UNKNOWN, interpolate=True, loop=False, name='vid1a_q', noAudio=False, opacity=1.0, ori=0, pos=array([0., 0.]), size=array([1280.,  720.]), units='pix', vframe_callback=UNKNOWN, volume=UNKNOWN, win=Window(...))
693.5562 	EXP 	Created vid1b_q = MovieStim3(__class__=<class 'psychopy.visual.movie3.MovieStim3'>, autoLog=True, color=UNKNOWN, colorSpace=UNKNOWN, depth=-2.0, filename='stims/wedding-31.1b.mp4', flipHoriz=False, flipVert=False, fps=UNKNOWN, interpolate=True, loop=False, name='vid1b_q', noAudio=False, opacity=1.0, ori=0, pos=array([0., 0.]), size=array([1280.,  720.]), units='pix', vframe_callback=UNKNOWN, volume=UNKNOWN, win=Window(...))
694.0101 	EXP 	Created vid2_q = MovieStim3(__class__=<class 'psychopy.visual.movie3.MovieStim3'>, autoLog=True, color=UNKNOWN, colorSpace=UNKNOWN, depth=-3.0, filename='stims/wedding-31.2b.mp4', flipHoriz=False, flipVert=False, fps=UNKNOWN, interpolate=True, loop=False, name='vid2_q', noAudio=False, opacity=1.0, ori=0, pos=array([0., 0.]), size=array([1280.,  720.]), units='pix', vframe_callback=UNKNOWN, volume=UNKNOWN, win=Window(...))
694.4745 	EXP 	Created vid3_q = MovieStim3(__class__=<class 'psychopy.visual.movie3.MovieStim3'>, autoLog=True, color=UNKNOWN, colorSpace=UNKNOWN, depth=-5.0, filename='stims/wedding-31.3a.mp4', flipHoriz=False, flipVert=False, fps=UNKNOWN, interpolate=True, loop=False, name='vid3_q', noAudio=False, opacity=1.0, ori=0, pos=array([0., 0.]), size=array([1280.,  720.]), units='pix', vframe_callback=UNKNOWN, volume=UNKNOWN, win=Window(...))
694.9513 	EXP 	Created vid4_q = MovieStim3(__class__=<class 'psychopy.visual.movie3.MovieStim3'>, autoLog=True, color=UNKNOWN, colorSpace=UNKNOWN, depth=-7.0, filename='stims/wedding-31.4b.mp4', flipHoriz=False, flipVert=False, fps=UNKNOWN, interpolate=True, loop=False, name='vid4_q', noAudio=False, opacity=1.0, ori=0, pos=array([0., 0.]), size=array([1280.,  720.]), units='pix', vframe_callback=UNKNOWN, volume=UNKNOWN, win=Window(...))
695.3446 	EXP 	Created vid5_q = MovieStim3(__class__=<class 'psychopy.visual.movie3.MovieStim3'>, autoLog=True, color=UNKNOWN, colorSpace=UNKNOWN, depth=-8.0, filename='stims/wedding-31.5.mp4', flipHoriz=False, flipVert=False, fps=UNKNOWN, interpolate=True, loop=False, name='vid5_q', noAudio=False, opacity=1.0, ori=0, pos=array([0., 0.]), size=array([1280.,  720.]), units='pix', vframe_callback=UNKNOWN, volume=UNKNOWN, win=Window(...))
695.6656 	EXP 	window1: recordFrameIntervals = False
695.6687 	DATA 	Keypress: equal
695.6713 	DATA 	Keypress: equal
695.6828 	EXP 	vid1a: autoDraw = False
695.6828 	EXP 	vid1b: autoDraw = False
695.6828 	EXP 	vid2: autoDraw = False
695.6828 	EXP 	vid3: autoDraw = False
695.6828 	EXP 	vid4: autoDraw = False
695.6828 	EXP 	vid5: autoDraw = False
695.6828 	EXP 	image: autoDraw = False
695.6828 	EXP 	vid1a_q: movie = 'stims/wedding-31.1a.mp4'
695.6828 	EXP 	vid1a_q: autoLog = True
695.6828 	EXP 	vid1b_q: movie = 'stims/wedding-31.1b.mp4'
695.6828 	EXP 	vid1b_q: autoLog = True
695.6828 	EXP 	vid2_q: movie = 'stims/wedding-31.2b.mp4'
695.6828 	EXP 	vid2_q: autoLog = True
695.6828 	EXP 	vid3_q: movie = 'stims/wedding-31.3a.mp4'
695.6828 	EXP 	vid3_q: autoLog = True
695.6828 	EXP 	vid4_q: movie = 'stims/wedding-31.4b.mp4'
695.6828 	EXP 	vid4_q: autoLog = True
695.6828 	EXP 	vid5_q: movie = 'stims/wedding-31.5.mp4'
695.6828 	EXP 	vid5_q: autoLog = True
695.6828 	EXP 	vid1a_q: autoDraw = False
695.6828 	EXP 	vid1b_q: autoDraw = False
695.6828 	EXP 	vid2_q: autoDraw = False
695.6828 	EXP 	l2q: autoDraw = False
695.6828 	EXP 	vid3_q: autoDraw = False
695.6828 	EXP 	l3q: autoDraw = False
695.6828 	EXP 	vid4_q: autoDraw = False
695.6828 	EXP 	vid5_q: autoDraw = False
695.6828 	EXP 	reveal: autoDraw = False
695.8587 	EXP 	window1: recordFrameIntervals = False
697.4522 	DATA 	Keypress: equal
697.6828 	EXP 	eggPainting1: image = 'stimsday1details/painting31.png'
697.6828 	EXP 	eggPainting2: image = 'stimsday1details/newpainting11.png'
697.6828 	EXP 	character1: image = 'stimsday1details/couple31.png'
697.6828 	EXP 	character2: image = 'stimsday1details/newperson23.png'
697.6828 	EXP 	gift1: image = 'stimsday1details/gift31.png'
697.6828 	EXP 	gift2: image = 'stimsday1details/new23.png'
697.6828 	EXP 	themeQ1: image = 'stimsday1details/ct31.png'
697.6828 	EXP 	themeQ2: image = 'stimsday1details/t31.png'
697.6828 	EXP 	nameQ1: image = 'stimsday1details/cn31.png'
697.6828 	EXP 	nameQ2: image = 'stimsday1details/n31.png'
697.6828 	EXP 	nameQ1: autoDraw = True
697.6828 	EXP 	nameQ2: autoDraw = True
697.9299 	DATA 	Keypress: equal
698.4964 	DATA 	Keypress: 2
699.4298 	DATA 	Keypress: equal
699.6612 	EXP 	nameQ1: autoDraw = False
699.6612 	EXP 	nameQ2: autoDraw = False
699.6612 	EXP 	nameQ1: autoDraw = False
699.6612 	EXP 	nameQ2: autoDraw = False
699.6612 	EXP 	eggPainting1: autoDraw = True
699.6612 	EXP 	eggPainting2: autoDraw = True
700.3963 	DATA 	Keypress: 1
700.9300 	DATA 	Keypress: equal
701.6612 	EXP 	eggPainting1: autoDraw = False
701.6612 	EXP 	eggPainting2: autoDraw = False
701.6612 	EXP 	eggPainting1: autoDraw = False
701.6612 	EXP 	eggPainting2: autoDraw = False
701.6612 	EXP 	character1: autoDraw = True
701.6612 	EXP 	character2: autoDraw = True
702.4296 	DATA 	Keypress: equal
702.6628 	DATA 	Keypress: 1
703.6613 	EXP 	character1: autoDraw = False
703.6613 	EXP 	character2: autoDraw = False
703.6613 	EXP 	character1: autoDraw = False
703.6613 	EXP 	character2: autoDraw = False
703.6613 	EXP 	themeQ1: autoDraw = True
703.6613 	EXP 	themeQ2: autoDraw = True
703.9301 	DATA 	Keypress: equal
704.5797 	DATA 	Keypress: 2
705.4295 	DATA 	Keypress: equal
705.6611 	EXP 	themeQ1: autoDraw = False
705.6611 	EXP 	themeQ2: autoDraw = False
705.6611 	EXP 	themeQ1: autoDraw = False
705.6611 	EXP 	themeQ2: autoDraw = False
705.6611 	EXP 	gift1: autoDraw = True
705.6611 	EXP 	gift2: autoDraw = True
706.3961 	DATA 	Keypress: 1
706.9300 	DATA 	Keypress: equal
707.6611 	EXP 	gift1: autoDraw = False
707.6611 	EXP 	gift2: autoDraw = False
707.6611 	EXP 	gift1: autoDraw = False
707.6611 	EXP 	gift2: autoDraw = False
707.6611 	EXP 	northorsouth1: autoDraw = True
707.6611 	EXP 	northorsouth2: autoDraw = True
708.3297 	DATA 	Keypress: 2
708.4293 	DATA 	Keypress: equal
709.9488 	EXP 	New trial (rep=0, index=5): OrderedDict([('condsFile', 'videoBlock_schemaS_pathB_4.csv')])
709.9619 	EXP 	Imported videoBlock_schemaS_pathB_4.csv as conditions, 1 conditions, 17 params
709.9624 	EXP 	Created sequence: random, trialTypes=1, nReps=1, seed=None
709.9631 	EXP 	New trial (rep=0, index=0): OrderedDict([('northOrSouth', 'south.png'), ('stimFile1a', 'stims/wedding-35.1a.mp4'), ('stimFile1b', 'stims/wedding-35.1b.mp4'), ('stimFile2', 'stims/wedding-35.2b.mp4'), ('stimFile3', 'stims/wedding-35.3a.mp4'), ('stimFile4', 'stims/wedding-35.4b.mp4'), ('stimFile5', 'stims/wedding-35.5.mp4'), ('QeggPainting1', 'stimsday1details/newpainting10.png'), ('Qcharacter1', 'stimsday1details/newperson22.png'), ('Qgift1', 'stimsday1details/gift35.png'), ('QeggPainting2', 'stimsday1details/painting35.png'), ('Qcharacter2', 'stimsday1details/couple35.png'), ('Qgift2', 'stimsday1details/new22.png'), ('Qname1', 'stimsday1details/n35.png'), ('Qtheme1', 'stimsday1details/t35.png'), ('Qname2', 'stimsday1details/cn35.png'), ('Qtheme2', 'stimsday1details/ct35.png')])
709.9657 	DATA 	Keypress: equal
709.9777 	EXP 	northorsouth1: autoDraw = False
709.9777 	EXP 	northorsouth2: autoDraw = False
709.9777 	EXP 	northorsouth1: autoDraw = False
709.9777 	EXP 	northorsouth2: autoDraw = False
709.9777 	EXP 	image_2: autoDraw = True
711.4298 	DATA 	Keypress: equal
711.9625 	EXP 	Created sequence: random, trialTypes=1, nReps=1, seed=None
711.9628 	EXP 	New trial (rep=0, index=0): None
712.4635 	EXP 	Created vid1a = MovieStim3(__class__=<class 'psychopy.visual.movie3.MovieStim3'>, autoLog=True, color=UNKNOWN, colorSpace=UNKNOWN, depth=-1.0, filename='stims/wedding-35.1a.mp4', flipHoriz=False, flipVert=False, fps=UNKNOWN, interpolate=True, loop=False, name='vid1a', noAudio=False, opacity=1.0, ori=0, pos=array([0., 0.]), size=array([1280.,  720.]), units='pix', vframe_callback=UNKNOWN, volume=UNKNOWN, win=Window(...))
712.8488 	EXP 	Created vid1b = MovieStim3(__class__=<class 'psychopy.visual.movie3.MovieStim3'>, autoLog=True, color=UNKNOWN, colorSpace=UNKNOWN, depth=-2.0, filename='stims/wedding-35.1b.mp4', flipHoriz=False, flipVert=False, fps=UNKNOWN, interpolate=True, loop=False, name='vid1b', noAudio=False, opacity=1.0, ori=0, pos=array([0., 0.]), size=array([1280.,  720.]), units='pix', vframe_callback=UNKNOWN, volume=UNKNOWN, win=Window(...))
713.2719 	EXP 	Created vid2 = MovieStim3(__class__=<class 'psychopy.visual.movie3.MovieStim3'>, autoLog=True, color=UNKNOWN, colorSpace=UNKNOWN, depth=-3.0, filename='stims/wedding-35.2b.mp4', flipHoriz=False, flipVert=False, fps=UNKNOWN, interpolate=True, loop=False, name='vid2', noAudio=False, opacity=1.0, ori=0, pos=array([0., 0.]), size=array([1280.,  720.]), units='pix', vframe_callback=UNKNOWN, volume=UNKNOWN, win=Window(...))
713.7494 	EXP 	Created vid3 = MovieStim3(__class__=<class 'psychopy.visual.movie3.MovieStim3'>, autoLog=True, color=UNKNOWN, colorSpace=UNKNOWN, depth=-4.0, filename='stims/wedding-35.3a.mp4', flipHoriz=False, flipVert=False, fps=UNKNOWN, interpolate=True, loop=False, name='vid3', noAudio=False, opacity=1.0, ori=0, pos=array([0., 0.]), size=array([1280.,  720.]), units='pix', vframe_callback=UNKNOWN, volume=UNKNOWN, win=Window(...))
714.2246 	EXP 	Created vid4 = MovieStim3(__class__=<class 'psychopy.visual.movie3.MovieStim3'>, autoLog=True, color=UNKNOWN, colorSpace=UNKNOWN, depth=-5.0, filename='stims/wedding-35.4b.mp4', flipHoriz=False, flipVert=False, fps=UNKNOWN, interpolate=True, loop=False, name='vid4', noAudio=False, opacity=1.0, ori=0, pos=array([0., 0.]), size=array([1280.,  720.]), units='pix', vframe_callback=UNKNOWN, volume=UNKNOWN, win=Window(...))
714.6418 	EXP 	Created vid5 = MovieStim3(__class__=<class 'psychopy.visual.movie3.MovieStim3'>, autoLog=True, color=UNKNOWN, colorSpace=UNKNOWN, depth=-6.0, filename='stims/wedding-35.5.mp4', flipHoriz=False, flipVert=False, fps=UNKNOWN, interpolate=True, loop=False, name='vid5', noAudio=False, opacity=1.0, ori=0, pos=array([0., 0.]), size=array([1280.,  720.]), units='pix', vframe_callback=UNKNOWN, volume=UNKNOWN, win=Window(...))
714.9398 	EXP 	Created sequence: random, trialTypes=1, nReps=1, seed=None
714.9401 	EXP 	New trial (rep=0, index=0): None
715.4281 	EXP 	Created vid1a_q = MovieStim3(__class__=<class 'psychopy.visual.movie3.MovieStim3'>, autoLog=True, color=UNKNOWN, colorSpace=UNKNOWN, depth=-1.0, filename='stims/wedding-35.1a.mp4', flipHoriz=False, flipVert=False, fps=UNKNOWN, interpolate=True, loop=False, name='vid1a_q', noAudio=False, opacity=1.0, ori=0, pos=array([0., 0.]), size=array([1280.,  720.]), units='pix', vframe_callback=UNKNOWN, volume=UNKNOWN, win=Window(...))
715.8049 	EXP 	Created vid1b_q = MovieStim3(__class__=<class 'psychopy.visual.movie3.MovieStim3'>, autoLog=True, color=UNKNOWN, colorSpace=UNKNOWN, depth=-2.0, filename='stims/wedding-35.1b.mp4', flipHoriz=False, flipVert=False, fps=UNKNOWN, interpolate=True, loop=False, name='vid1b_q', noAudio=False, opacity=1.0, ori=0, pos=array([0., 0.]), size=array([1280.,  720.]), units='pix', vframe_callback=UNKNOWN, volume=UNKNOWN, win=Window(...))
716.2210 	EXP 	Created vid2_q = MovieStim3(__class__=<class 'psychopy.visual.movie3.MovieStim3'>, autoLog=True, color=UNKNOWN, colorSpace=UNKNOWN, depth=-3.0, filename='stims/wedding-35.2b.mp4', flipHoriz=False, flipVert=False, fps=UNKNOWN, interpolate=True, loop=False, name='vid2_q', noAudio=False, opacity=1.0, ori=0, pos=array([0., 0.]), size=array([1280.,  720.]), units='pix', vframe_callback=UNKNOWN, volume=UNKNOWN, win=Window(...))
716.6920 	EXP 	Created vid3_q = MovieStim3(__class__=<class 'psychopy.visual.movie3.MovieStim3'>, autoLog=True, color=UNKNOWN, colorSpace=UNKNOWN, depth=-5.0, filename='stims/wedding-35.3a.mp4', flipHoriz=False, flipVert=False, fps=UNKNOWN, interpolate=True, loop=False, name='vid3_q', noAudio=False, opacity=1.0, ori=0, pos=array([0., 0.]), size=array([1280.,  720.]), units='pix', vframe_callback=UNKNOWN, volume=UNKNOWN, win=Window(...))
717.1563 	EXP 	Created vid4_q = MovieStim3(__class__=<class 'psychopy.visual.movie3.MovieStim3'>, autoLog=True, color=UNKNOWN, colorSpace=UNKNOWN, depth=-7.0, filename='stims/wedding-35.4b.mp4', flipHoriz=False, flipVert=False, fps=UNKNOWN, interpolate=True, loop=False, name='vid4_q', noAudio=False, opacity=1.0, ori=0, pos=array([0., 0.]), size=array([1280.,  720.]), units='pix', vframe_callback=UNKNOWN, volume=UNKNOWN, win=Window(...))
717.5616 	EXP 	Created vid5_q = MovieStim3(__class__=<class 'psychopy.visual.movie3.MovieStim3'>, autoLog=True, color=UNKNOWN, colorSpace=UNKNOWN, depth=-8.0, filename='stims/wedding-35.5.mp4', flipHoriz=False, flipVert=False, fps=UNKNOWN, interpolate=True, loop=False, name='vid5_q', noAudio=False, opacity=1.0, ori=0, pos=array([0., 0.]), size=array([1280.,  720.]), units='pix', vframe_callback=UNKNOWN, volume=UNKNOWN, win=Window(...))
717.6826 	EXP 	window1: recordFrameIntervals = False
717.6861 	DATA 	Keypress: equal
717.6884 	DATA 	Keypress: equal
717.6906 	DATA 	Keypress: equal
717.6927 	DATA 	Keypress: equal
717.7111 	EXP 	image_2: autoDraw = False
717.7111 	EXP 	image_2: autoDraw = False
717.7111 	EXP 	vid1a: movie = 'stims/wedding-35.1a.mp4'
717.7111 	EXP 	vid1a: autoLog = True
717.7111 	EXP 	vid1b: movie = 'stims/wedding-35.1b.mp4'
717.7111 	EXP 	vid1b: autoLog = True
717.7111 	EXP 	vid2: movie = 'stims/wedding-35.2b.mp4'
717.7111 	EXP 	vid2: autoLog = True
717.7111 	EXP 	vid3: movie = 'stims/wedding-35.3a.mp4'
717.7111 	EXP 	vid3: autoLog = True
717.7111 	EXP 	vid4: movie = 'stims/wedding-35.4b.mp4'
717.7111 	EXP 	vid4: autoLog = True
717.7111 	EXP 	vid5: movie = 'stims/wedding-35.5.mp4'
717.7111 	EXP 	vid5: autoLog = True
717.7111 	EXP 	vid1a: autoDraw = False
717.7111 	EXP 	vid1b: autoDraw = False
717.7111 	EXP 	vid2: autoDraw = False
717.7111 	EXP 	vid3: autoDraw = False
717.7111 	EXP 	vid4: autoDraw = False
717.7111 	EXP 	vid5: autoDraw = False
717.7111 	EXP 	image: autoDraw = False
717.7111 	EXP 	vid1a_q: movie = 'stims/wedding-35.1a.mp4'
717.7111 	EXP 	vid1a_q: autoLog = True
717.7111 	EXP 	vid1b_q: movie = 'stims/wedding-35.1b.mp4'
717.7111 	EXP 	vid1b_q: autoLog = True
717.7111 	EXP 	vid2_q: movie = 'stims/wedding-35.2b.mp4'
717.7111 	EXP 	vid2_q: autoLog = True
717.7111 	EXP 	vid3_q: movie = 'stims/wedding-35.3a.mp4'
717.7111 	EXP 	vid3_q: autoLog = True
717.7111 	EXP 	vid4_q: movie = 'stims/wedding-35.4b.mp4'
717.7111 	EXP 	vid4_q: autoLog = True
717.7111 	EXP 	vid5_q: movie = 'stims/wedding-35.5.mp4'
717.7111 	EXP 	vid5_q: autoLog = True
720.3502 	EXP 	window1: recordFrameIntervals = False
721.9752 	DATA 	Keypress: equal
721.9782 	DATA 	Keypress: equal
721.9804 	DATA 	Keypress: equal
722.1779 	EXP 	vid1a_q: movie = 'stims/wedding-35.1a.mp4'
722.1779 	EXP 	vid1b_q: movie = 'stims/wedding-35.1b.mp4'
722.1779 	EXP 	vid2_q: movie = 'stims/wedding-35.2b.mp4'
722.1779 	EXP 	vid3_q: movie = 'stims/wedding-35.3a.mp4'
722.1779 	EXP 	vid4_q: movie = 'stims/wedding-35.4b.mp4'
722.1779 	EXP 	vid5_q: movie = 'stims/wedding-35.5.mp4'
722.1779 	EXP 	reveal: image = 'south.png'
722.1986 	EXP 	vid1a_q: autoDraw = True
722.1986 	EXP 	reveal: autoDraw = True
722.1986 	EXP 	reveal: autoDraw = False
723.4299 	DATA 	Keypress: equal
724.9295 	DATA 	Keypress: equal
726.4297 	DATA 	Keypress: equal
727.9297 	DATA 	Keypress: equal
729.4294 	DATA 	Keypress: equal
730.9217 	DATA 	Keypress: equal
732.4210 	DATA 	Keypress: equal
733.9216 	DATA 	Keypress: equal
735.4210 	DATA 	Keypress: equal
736.9189 	DATA 	Keypress: equal
738.4202 	DATA 	Keypress: equal
739.9213 	DATA 	Keypress: equal
741.4199 	DATA 	Keypress: equal
742.9190 	DATA 	Keypress: equal
744.4183 	DATA 	Keypress: equal
744.9606 	EXP 	vid1a_q: autoDraw = False
744.9606 	EXP 	vid1b_q: autoDraw = True
745.9296 	DATA 	Keypress: equal
747.4294 	DATA 	Keypress: equal
748.9292 	DATA 	Keypress: equal
750.4293 	DATA 	Keypress: equal
751.9293 	DATA 	Keypress: equal
753.4295 	DATA 	Keypress: equal
753.6439 	EXP 	Set vid1b_q finished
753.9608 	EXP 	vid2_q: autoDraw = True
754.9293 	DATA 	Keypress: equal
756.4293 	DATA 	Keypress: equal
757.9296 	DATA 	Keypress: equal
759.4294 	DATA 	Keypress: equal
760.9292 	DATA 	Keypress: equal
762.4290 	DATA 	Keypress: equal
763.9190 	DATA 	Keypress: equal
765.4185 	DATA 	Keypress: equal
766.9195 	DATA 	Keypress: equal
768.4237 	DATA 	Keypress: equal
769.9207 	DATA 	Keypress: equal
770.9436 	EXP 	Set vid2_q finished
770.9605 	EXP 	l2q: autoDraw = True
771.4289 	DATA 	Keypress: equal
772.9291 	DATA 	Keypress: equal
773.0118 	DATA 	Keypress: 1
774.4289 	DATA 	Keypress: equal
774.9605 	EXP 	l2q: autoDraw = False
774.9605 	EXP 	vid3_q: autoDraw = True
775.9293 	DATA 	Keypress: equal
777.4289 	DATA 	Keypress: equal
778.9291 	DATA 	Keypress: equal
780.4286 	DATA 	Keypress: equal
781.9289 	DATA 	Keypress: equal
783.4289 	DATA 	Keypress: equal
784.9169 	DATA 	Keypress: equal
786.4183 	DATA 	Keypress: equal
787.9235 	DATA 	Keypress: equal
789.4199 	DATA 	Keypress: equal
790.9196 	DATA 	Keypress: equal
792.4204 	DATA 	Keypress: equal
793.9189 	DATA 	Keypress: equal
795.4199 	DATA 	Keypress: equal
796.9202 	DATA 	Keypress: equal
797.9435 	EXP 	Set vid3_q finished
797.9600 	EXP 	l3q: autoDraw = True
798.4289 	DATA 	Keypress: equal
799.7282 	DATA 	Keypress: 2
799.9285 	DATA 	Keypress: equal
801.4285 	DATA 	Keypress: equal
801.9599 	EXP 	l3q: autoDraw = False
801.9599 	EXP 	vid4_q: autoDraw = True
802.9286 	DATA 	Keypress: equal
804.4285 	DATA 	Keypress: equal
805.9284 	DATA 	Keypress: equal
807.4286 	DATA 	Keypress: equal
808.9286 	DATA 	Keypress: equal
810.4284 	DATA 	Keypress: equal
811.9202 	DATA 	Keypress: equal
813.4201 	DATA 	Keypress: equal
814.9200 	DATA 	Keypress: equal
816.4196 	DATA 	Keypress: equal
817.9203 	DATA 	Keypress: equal
819.4202 	DATA 	Keypress: equal
820.9205 	DATA 	Keypress: equal
822.4190 	DATA 	Keypress: equal
823.9199 	DATA 	Keypress: equal
824.8763 	EXP 	Set vid4_q finished
825.4284 	DATA 	Keypress: equal
825.9596 	EXP 	vid5_q: autoDraw = True
826.9283 	DATA 	Keypress: equal
828.4286 	DATA 	Keypress: equal
829.9282 	DATA 	Keypress: equal
831.4281 	DATA 	Keypress: equal
832.9282 	DATA 	Keypress: equal
834.4199 	DATA 	Keypress: equal
835.9194 	DATA 	Keypress: equal
837.4196 	DATA 	Keypress: equal
838.2761 	EXP 	Set vid5_q finished
838.5735 	EXP 	window1: recordFrameIntervals = False
838.5762 	EXP 	vid1a_q: autoDraw = False
838.5762 	EXP 	vid1b_q: autoDraw = False
838.5762 	EXP 	vid2_q: autoDraw = False
838.5762 	EXP 	l2q: autoDraw = False
838.5762 	EXP 	vid3_q: autoDraw = False
838.5762 	EXP 	l3q: autoDraw = False
838.5762 	EXP 	vid4_q: autoDraw = False
838.5762 	EXP 	vid5_q: autoDraw = False
838.5762 	EXP 	reveal: autoDraw = False
838.7585 	EXP 	window1: recordFrameIntervals = False
840.3591 	DATA 	Keypress: equal
840.4135 	DATA 	Keypress: equal
840.5761 	EXP 	eggPainting1: image = 'stimsday1details/newpainting10.png'
840.5761 	EXP 	eggPainting2: image = 'stimsday1details/painting35.png'
840.5761 	EXP 	character1: image = 'stimsday1details/newperson22.png'
840.5761 	EXP 	character2: image = 'stimsday1details/couple35.png'
840.5761 	EXP 	gift1: image = 'stimsday1details/gift35.png'
840.5761 	EXP 	gift2: image = 'stimsday1details/new22.png'
840.5761 	EXP 	themeQ1: image = 'stimsday1details/t35.png'
840.5761 	EXP 	themeQ2: image = 'stimsday1details/ct35.png'
840.5761 	EXP 	nameQ1: image = 'stimsday1details/n35.png'
840.5761 	EXP 	nameQ2: image = 'stimsday1details/cn35.png'
840.5761 	EXP 	nameQ1: autoDraw = True
840.5761 	EXP 	nameQ2: autoDraw = True
841.1948 	DATA 	Keypress: 1
841.9278 	DATA 	Keypress: equal
842.5763 	EXP 	nameQ1: autoDraw = False
842.5763 	EXP 	nameQ2: autoDraw = False
842.5763 	EXP 	nameQ1: autoDraw = False
842.5763 	EXP 	nameQ2: autoDraw = False
842.5763 	EXP 	eggPainting1: autoDraw = True
842.5763 	EXP 	eggPainting2: autoDraw = True
843.3111 	DATA 	Keypress: 2
843.4277 	DATA 	Keypress: equal
844.5761 	EXP 	eggPainting1: autoDraw = False
844.5761 	EXP 	eggPainting2: autoDraw = False
844.5761 	EXP 	eggPainting1: autoDraw = False
844.5761 	EXP 	eggPainting2: autoDraw = False
844.5761 	EXP 	character1: autoDraw = True
844.5761 	EXP 	character2: autoDraw = True
844.9280 	DATA 	Keypress: equal
845.4110 	DATA 	Keypress: 2
846.4279 	DATA 	Keypress: equal
846.5762 	EXP 	character1: autoDraw = False
846.5762 	EXP 	character2: autoDraw = False
846.5762 	EXP 	character1: autoDraw = False
846.5762 	EXP 	character2: autoDraw = False
846.5762 	EXP 	themeQ1: autoDraw = True
846.5762 	EXP 	themeQ2: autoDraw = True
847.4781 	DATA 	Keypress: 1
847.9279 	DATA 	Keypress: equal
848.5760 	EXP 	themeQ1: autoDraw = False
848.5760 	EXP 	themeQ2: autoDraw = False
848.5760 	EXP 	themeQ1: autoDraw = False
848.5760 	EXP 	themeQ2: autoDraw = False
848.5760 	EXP 	gift1: autoDraw = True
848.5760 	EXP 	gift2: autoDraw = True
849.2443 	DATA 	Keypress: 1
849.4281 	DATA 	Keypress: equal
850.5760 	EXP 	gift1: autoDraw = False
850.5760 	EXP 	gift2: autoDraw = False
850.5760 	EXP 	gift1: autoDraw = False
850.5760 	EXP 	gift2: autoDraw = False
850.5760 	EXP 	northorsouth1: autoDraw = True
850.5760 	EXP 	northorsouth2: autoDraw = True
850.9279 	DATA 	Keypress: equal
851.1777 	DATA 	Keypress: 2
852.4280 	DATA 	Keypress: equal
852.9095 	EXP 	northorsouth1: autoDraw = False
852.9095 	EXP 	northorsouth2: autoDraw = False
852.9095 	EXP 	northorsouth1: autoDraw = False
852.9095 	EXP 	northorsouth2: autoDraw = False
853.2177 	EXP 	window1: mouseVisible = True
