1.8311 	WARNING 	Import Error: No module named 'psychtoolbox'. Using event module for keyboard component.
4.7549 	EXP 	Created window1 = Window(allowGUI=False, allowStencil=False, args=UNKNOWN, autoLog=True, bitsMode=UNKNOWN, blendMode='avg', color=array([0., 0., 0.]), colorSpace='rgb', fullscr=<method-wrapper '__getattribute__' of attributeSetter object at 0x1328d45278>, gamma=None, kwargs=UNKNOWN, lms=UNKNOWN, monitor=<psychopy.monitors.calibTools.Monitor object at 0x132aa04da0>, multiSample=False, name='window1', numSamples=2, pos=[0.0, 0.0], screen=0, size=array([1920, 1080]), stereo=False, units='norm', useFBO=True, useRetina=False, viewOri=0.0, viewPos=None, viewScale=None, waitBlanking=True, winType='pyglet')
4.7549 	EXP 	window1: recordFrameIntervals = False
4.9208 	EXP 	window1: recordFrameIntervals = True
5.1043 	EXP 	window1: recordFrameIntervals = False
5.2269 	EXP 	Created text = TextStim(__class__=<class 'psychopy.visual.text.TextStim'>, alignHoriz='center', alignVert='center', antialias=True, autoLog=True, bold=False, color='white', colorSpace='named', contrast=1.0, depth=0.0, flipHoriz=False, flipVert=False, font='Arial', fontFiles=[], height=0.1, italic=False, languageStyle='LTR', name='text', opacity=1.0, ori=0, pos=array([0., 0.]), rgb=array([255., 255., 255.]), text='Waiting for experimenter...', units='norm', win=Window(...), wrapWidth=1)
5.2363 	EXP 	Created waiting = TextStim(__class__=<class 'psychopy.visual.text.TextStim'>, alignHoriz='center', alignVert='center', antialias=True, autoLog=True, bold=False, color='white', colorSpace='named', contrast=1.0, depth=0.0, flipHoriz=False, flipVert=False, font='Arial', fontFiles=[], height=0.1, italic=False, languageStyle='LTR', name='waiting', opacity=1.0, ori=0, pos=array([0., 0.]), rgb=array([255., 255., 255.]), text='waiting for scanner', units='norm', win=Window(...), wrapWidth=1)
5.2570 	EXP 	Created image_2 = ImageStim(__class__=<class 'psychopy.visual.image.ImageStim'>, autoLog=True, color=array([1., 1., 1.]), colorSpace='rgb', contrast=1.0, depth=0.0, flipHoriz=False, flipVert=False, image='south.png', interpolate=True, mask=None, maskParams=None, name='image_2', opacity=1.0, ori=0.0, pos=array([0., 0.]), size=array([0.5, 0.5]), texRes=128, units='norm', win=Window(...))
5.2626 	EXP 	Created image = ImageStim(__class__=<class 'psychopy.visual.image.ImageStim'>, autoLog=True, color=array([1., 1., 1.]), colorSpace='rgb', contrast=1.0, depth=-8.0, flipHoriz=False, flipVert=False, image='sin', interpolate=True, mask=None, maskParams=None, name='image', opacity=1.0, ori=0.0, pos=array([0., 0.]), size=array([0.5, 0.5]), texRes=128, units='norm', win=Window(...))
5.2739 	EXP 	Created l2q = ImageStim(__class__=<class 'psychopy.visual.image.ImageStim'>, autoLog=True, color=array([1., 1., 1.]), colorSpace='rgb', contrast=1.0, depth=-4.0, flipHoriz=False, flipVert=False, image='LAYER2Q.png', interpolate=True, mask=None, maskParams=None, name='l2q', opacity=1.0, ori=0.0, pos=array([0., 0.]), size=array([0.5, 0.5]), texRes=128, units='norm', win=Window(...))
5.2845 	EXP 	Created l3q = ImageStim(__class__=<class 'psychopy.visual.image.ImageStim'>, autoLog=True, color=array([1., 1., 1.]), colorSpace='rgb', contrast=1.0, depth=-6.0, flipHoriz=False, flipVert=False, image='LAYER3Q.png', interpolate=True, mask=None, maskParams=None, name='l3q', opacity=1.0, ori=0.0, pos=array([0., 0.]), size=array([0.5, 0.5]), texRes=128, units='norm', win=Window(...))
5.2869 	EXP 	Created reveal = ImageStim(__class__=<class 'psychopy.visual.image.ImageStim'>, autoLog=True, color=array([1., 1., 1.]), colorSpace='rgb', contrast=1.0, depth=-12.0, flipHoriz=False, flipVert=False, image='sin', interpolate=True, mask=None, maskParams=None, name='reveal', opacity=1.0, ori=0.0, pos=array([0., 0.]), size=array([0.5, 0.5]), texRes=128, units='norm', win=Window(...))
5.2893 	EXP 	Created nameQ1 = ImageStim(__class__=<class 'psychopy.visual.image.ImageStim'>, autoLog=True, color=array([1., 1., 1.]), colorSpace='rgb', contrast=1.0, depth=-1.0, flipHoriz=False, flipVert=False, image='sin', interpolate=True, mask=None, maskParams=None, name='nameQ1', opacity=1.0, ori=0.0, pos=array([-0.5, -0.2]), size=array([0.5, 0.5]), texRes=128, units='norm', win=Window(...))
5.2916 	EXP 	Created nameQ2 = ImageStim(__class__=<class 'psychopy.visual.image.ImageStim'>, autoLog=True, color=array([1., 1., 1.]), colorSpace='rgb', contrast=1.0, depth=-2.0, flipHoriz=False, flipVert=False, image='sin', interpolate=True, mask=None, maskParams=None, name='nameQ2', opacity=1.0, ori=0.0, pos=array([ 0.5, -0.2]), size=array([0.5, 0.5]), texRes=128, units='norm', win=Window(...))
5.2940 	EXP 	Created eggPainting1 = ImageStim(__class__=<class 'psychopy.visual.image.ImageStim'>, autoLog=True, color=array([1., 1., 1.]), colorSpace='rgb', contrast=1.0, depth=0.0, flipHoriz=False, flipVert=False, image='sin', interpolate=True, mask=None, maskParams=None, name='eggPainting1', opacity=1.0, ori=0.0, pos=array([-0.5, -0.2]), size=array([0.7, 1. ]), texRes=128, units='norm', win=Window(...))
5.2963 	EXP 	Created eggPainting2 = ImageStim(__class__=<class 'psychopy.visual.image.ImageStim'>, autoLog=True, color=array([1., 1., 1.]), colorSpace='rgb', contrast=1.0, depth=-2.0, flipHoriz=False, flipVert=False, image='sin', interpolate=True, mask=None, maskParams=None, name='eggPainting2', opacity=1.0, ori=0.0, pos=array([ 0.5, -0.2]), size=array([0.7, 1. ]), texRes=128, units='norm', win=Window(...))
5.2987 	EXP 	Created character1 = ImageStim(__class__=<class 'psychopy.visual.image.ImageStim'>, autoLog=True, color=array([1., 1., 1.]), colorSpace='rgb', contrast=1.0, depth=0.0, flipHoriz=False, flipVert=False, image='sin', interpolate=True, mask=None, maskParams=None, name='character1', opacity=1.0, ori=0.0, pos=array([-0.5, -0.2]), size=array([0.5, 1. ]), texRes=128, units='norm', win=Window(...))
5.3011 	EXP 	Created character2 = ImageStim(__class__=<class 'psychopy.visual.image.ImageStim'>, autoLog=True, color=array([1., 1., 1.]), colorSpace='rgb', contrast=1.0, depth=-1.0, flipHoriz=False, flipVert=False, image='sin', interpolate=True, mask=None, maskParams=None, name='character2', opacity=1.0, ori=0.0, pos=array([ 0.5, -0.2]), size=array([0.5, 1. ]), texRes=128, units='norm', win=Window(...))
5.3034 	EXP 	Created themeQ1 = ImageStim(__class__=<class 'psychopy.visual.image.ImageStim'>, autoLog=True, color=array([1., 1., 1.]), colorSpace='rgb', contrast=1.0, depth=-1.0, flipHoriz=False, flipVert=False, image='sin', interpolate=True, mask=None, maskParams=None, name='themeQ1', opacity=1.0, ori=0.0, pos=array([-0.5, -0.2]), size=array([0.5, 0.5]), texRes=128, units='norm', win=Window(...))
5.3058 	EXP 	Created themeQ2 = ImageStim(__class__=<class 'psychopy.visual.image.ImageStim'>, autoLog=True, color=array([1., 1., 1.]), colorSpace='rgb', contrast=1.0, depth=-2.0, flipHoriz=False, flipVert=False, image='sin', interpolate=True, mask=None, maskParams=None, name='themeQ2', opacity=1.0, ori=0.0, pos=array([ 0.5, -0.2]), size=array([0.5, 0.5]), texRes=128, units='norm', win=Window(...))
5.3081 	EXP 	Created gift1 = ImageStim(__class__=<class 'psychopy.visual.image.ImageStim'>, autoLog=True, color=array([1., 1., 1.]), colorSpace='rgb', contrast=1.0, depth=0.0, flipHoriz=False, flipVert=False, image='sin', interpolate=True, mask=None, maskParams=None, name='gift1', opacity=1.0, ori=0.0, pos=array([-0.5, -0.2]), size=array([0.5, 0.5]), texRes=128, units='norm', win=Window(...))
5.3105 	EXP 	Created gift2 = ImageStim(__class__=<class 'psychopy.visual.image.ImageStim'>, autoLog=True, color=array([1., 1., 1.]), colorSpace='rgb', contrast=1.0, depth=-1.0, flipHoriz=False, flipVert=False, image='sin', interpolate=True, mask=None, maskParams=None, name='gift2', opacity=1.0, ori=0.0, pos=array([ 0.5, -0.2]), size=array([0.5, 0.5]), texRes=128, units='norm', win=Window(...))
5.3140 	EXP 	Created northorsouth1 = ImageStim(__class__=<class 'psychopy.visual.image.ImageStim'>, autoLog=True, color=array([1., 1., 1.]), colorSpace='rgb', contrast=1.0, depth=0.0, flipHoriz=False, flipVert=False, image='northorsouth1.png', interpolate=True, mask=None, maskParams=None, name='northorsouth1', opacity=1.0, ori=0.0, pos=array([-0.5, -0.2]), size=array([0.5, 0.5]), texRes=128, units='norm', win=Window(...))
5.3174 	EXP 	Created northorsouth2 = ImageStim(__class__=<class 'psychopy.visual.image.ImageStim'>, autoLog=True, color=array([1., 1., 1.]), colorSpace='rgb', contrast=1.0, depth=-2.0, flipHoriz=False, flipVert=False, image='northorsouth2.png', interpolate=True, mask=None, maskParams=None, name='northorsouth2', opacity=1.0, ori=0.0, pos=array([ 0.5, -0.2]), size=array([0.5, 0.5]), texRes=128, units='norm', win=Window(...))
5.3374 	EXP 	text: autoDraw = True
34.1575 	DATA 	Keypress: g
34.1704 	EXP 	text: autoDraw = False
34.1704 	EXP 	waiting: autoDraw = True
51.4719 	DATA 	Keypress: equal
51.4869 	EXP 	Imported chooseBlock4.csv as conditions, 6 conditions, 1 params
51.4873 	EXP 	Created sequence: random, trialTypes=6, nReps=1, seed=None
51.4877 	EXP 	New trial (rep=0, index=0): OrderedDict([('condsFile', 'videoBlock_schemaS_pathA_6.csv')])
51.4969 	EXP 	Imported videoBlock_schemaS_pathA_6.csv as conditions, 1 conditions, 17 params
51.4972 	EXP 	Created sequence: random, trialTypes=1, nReps=1, seed=None
51.4978 	EXP 	New trial (rep=0, index=0): OrderedDict([('northOrSouth', 'south.png'), ('stimFile1a', 'stims/wedding-30.1a.mp4'), ('stimFile1b', 'stims/wedding-30.1b.mp4'), ('stimFile2', 'stims/wedding-30.2a.mp4'), ('stimFile3', 'stims/wedding-30.3b.mp4'), ('stimFile4', 'stims/wedding-30.4a.mp4'), ('stimFile5', 'stims/wedding-30.5.mp4'), ('QeggPainting1', 'stimsday1details/newegg12.png'), ('Qcharacter1', 'stimsday1details/couple30.png'), ('Qgift1', 'stimsday1details/new12.png'), ('QeggPainting2', 'stimsday1details/egg30.png'), ('Qcharacter2', 'stimsday1details/newperson12.png'), ('Qgift2', 'stimsday1details/gift30.png'), ('Qname1', 'stimsday1details/n30.png'), ('Qtheme1', 'stimsday1details/t30.png'), ('Qname2', 'stimsday1details/cn30.png'), ('Qtheme2', 'stimsday1details/ct30.png')])
51.5202 	EXP 	waiting: autoDraw = False
51.5202 	EXP 	image_2: autoDraw = True
52.9720 	DATA 	Keypress: equal
53.4878 	EXP 	Created sequence: random, trialTypes=1, nReps=1, seed=None
53.4880 	EXP 	New trial (rep=0, index=0): None
54.0740 	EXP 	Created vid1a = MovieStim3(__class__=<class 'psychopy.visual.movie3.MovieStim3'>, autoLog=True, color=UNKNOWN, colorSpace=UNKNOWN, depth=-1.0, filename='stims/wedding-30.1a.mp4', flipHoriz=False, flipVert=False, fps=UNKNOWN, interpolate=True, loop=False, name='vid1a', noAudio=False, opacity=1.0, ori=0, pos=array([0., 0.]), size=array([1280.,  720.]), units='pix', vframe_callback=UNKNOWN, volume=UNKNOWN, win=Window(...))
54.4419 	EXP 	Created vid1b = MovieStim3(__class__=<class 'psychopy.visual.movie3.MovieStim3'>, autoLog=True, color=UNKNOWN, colorSpace=UNKNOWN, depth=-2.0, filename='stims/wedding-30.1b.mp4', flipHoriz=False, flipVert=False, fps=UNKNOWN, interpolate=True, loop=False, name='vid1b', noAudio=False, opacity=1.0, ori=0, pos=array([0., 0.]), size=array([1280.,  720.]), units='pix', vframe_callback=UNKNOWN, volume=UNKNOWN, win=Window(...))
54.9129 	EXP 	Created vid2 = MovieStim3(__class__=<class 'psychopy.visual.movie3.MovieStim3'>, autoLog=True, color=UNKNOWN, colorSpace=UNKNOWN, depth=-3.0, filename='stims/wedding-30.2a.mp4', flipHoriz=False, flipVert=False, fps=UNKNOWN, interpolate=True, loop=False, name='vid2', noAudio=False, opacity=1.0, ori=0, pos=array([0., 0.]), size=array([1280.,  720.]), units='pix', vframe_callback=UNKNOWN, volume=UNKNOWN, win=Window(...))
55.4410 	EXP 	Created vid3 = MovieStim3(__class__=<class 'psychopy.visual.movie3.MovieStim3'>, autoLog=True, color=UNKNOWN, colorSpace=UNKNOWN, depth=-4.0, filename='stims/wedding-30.3b.mp4', flipHoriz=False, flipVert=False, fps=UNKNOWN, interpolate=True, loop=False, name='vid3', noAudio=False, opacity=1.0, ori=0, pos=array([0., 0.]), size=array([1280.,  720.]), units='pix', vframe_callback=UNKNOWN, volume=UNKNOWN, win=Window(...))
55.9836 	EXP 	Created vid4 = MovieStim3(__class__=<class 'psychopy.visual.movie3.MovieStim3'>, autoLog=True, color=UNKNOWN, colorSpace=UNKNOWN, depth=-5.0, filename='stims/wedding-30.4a.mp4', flipHoriz=False, flipVert=False, fps=UNKNOWN, interpolate=True, loop=False, name='vid4', noAudio=False, opacity=1.0, ori=0, pos=array([0., 0.]), size=array([1280.,  720.]), units='pix', vframe_callback=UNKNOWN, volume=UNKNOWN, win=Window(...))
56.3738 	EXP 	Created vid5 = MovieStim3(__class__=<class 'psychopy.visual.movie3.MovieStim3'>, autoLog=True, color=UNKNOWN, colorSpace=UNKNOWN, depth=-6.0, filename='stims/wedding-30.5.mp4', flipHoriz=False, flipVert=False, fps=UNKNOWN, interpolate=True, loop=False, name='vid5', noAudio=False, opacity=1.0, ori=0, pos=array([0., 0.]), size=array([1280.,  720.]), units='pix', vframe_callback=UNKNOWN, volume=UNKNOWN, win=Window(...))
56.4180 	EXP 	Created sequence: random, trialTypes=1, nReps=1, seed=None
56.4183 	EXP 	New trial (rep=0, index=0): None
56.8914 	EXP 	Created vid1a_q = MovieStim3(__class__=<class 'psychopy.visual.movie3.MovieStim3'>, autoLog=True, color=UNKNOWN, colorSpace=UNKNOWN, depth=-1.0, filename='stims/wedding-30.1a.mp4', flipHoriz=False, flipVert=False, fps=UNKNOWN, interpolate=True, loop=False, name='vid1a_q', noAudio=False, opacity=1.0, ori=0, pos=array([0., 0.]), size=array([1280.,  720.]), units='pix', vframe_callback=UNKNOWN, volume=UNKNOWN, win=Window(...))
57.2510 	EXP 	Created vid1b_q = MovieStim3(__class__=<class 'psychopy.visual.movie3.MovieStim3'>, autoLog=True, color=UNKNOWN, colorSpace=UNKNOWN, depth=-2.0, filename='stims/wedding-30.1b.mp4', flipHoriz=False, flipVert=False, fps=UNKNOWN, interpolate=True, loop=False, name='vid1b_q', noAudio=False, opacity=1.0, ori=0, pos=array([0., 0.]), size=array([1280.,  720.]), units='pix', vframe_callback=UNKNOWN, volume=UNKNOWN, win=Window(...))
57.7133 	EXP 	Created vid2_q = MovieStim3(__class__=<class 'psychopy.visual.movie3.MovieStim3'>, autoLog=True, color=UNKNOWN, colorSpace=UNKNOWN, depth=-3.0, filename='stims/wedding-30.2a.mp4', flipHoriz=False, flipVert=False, fps=UNKNOWN, interpolate=True, loop=False, name='vid2_q', noAudio=False, opacity=1.0, ori=0, pos=array([0., 0.]), size=array([1280.,  720.]), units='pix', vframe_callback=UNKNOWN, volume=UNKNOWN, win=Window(...))
58.2219 	EXP 	Created vid3_q = MovieStim3(__class__=<class 'psychopy.visual.movie3.MovieStim3'>, autoLog=True, color=UNKNOWN, colorSpace=UNKNOWN, depth=-5.0, filename='stims/wedding-30.3b.mp4', flipHoriz=False, flipVert=False, fps=UNKNOWN, interpolate=True, loop=False, name='vid3_q', noAudio=False, opacity=1.0, ori=0, pos=array([0., 0.]), size=array([1280.,  720.]), units='pix', vframe_callback=UNKNOWN, volume=UNKNOWN, win=Window(...))
58.7459 	EXP 	Created vid4_q = MovieStim3(__class__=<class 'psychopy.visual.movie3.MovieStim3'>, autoLog=True, color=UNKNOWN, colorSpace=UNKNOWN, depth=-7.0, filename='stims/wedding-30.4a.mp4', flipHoriz=False, flipVert=False, fps=UNKNOWN, interpolate=True, loop=False, name='vid4_q', noAudio=False, opacity=1.0, ori=0, pos=array([0., 0.]), size=array([1280.,  720.]), units='pix', vframe_callback=UNKNOWN, volume=UNKNOWN, win=Window(...))
59.1248 	EXP 	Created vid5_q = MovieStim3(__class__=<class 'psychopy.visual.movie3.MovieStim3'>, autoLog=True, color=UNKNOWN, colorSpace=UNKNOWN, depth=-8.0, filename='stims/wedding-30.5.mp4', flipHoriz=False, flipVert=False, fps=UNKNOWN, interpolate=True, loop=False, name='vid5_q', noAudio=False, opacity=1.0, ori=0, pos=array([0., 0.]), size=array([1280.,  720.]), units='pix', vframe_callback=UNKNOWN, volume=UNKNOWN, win=Window(...))
59.1253 	EXP 	window1: recordFrameIntervals = False
59.1292 	DATA 	Keypress: equal
59.1335 	DATA 	Keypress: equal
59.1369 	DATA 	Keypress: equal
59.1404 	DATA 	Keypress: equal
59.1541 	EXP 	image_2: autoDraw = False
59.1541 	EXP 	vid1a: movie = 'stims/wedding-30.1a.mp4'
59.1541 	EXP 	vid1a: autoLog = True
59.1541 	EXP 	vid1b: movie = 'stims/wedding-30.1b.mp4'
59.1541 	EXP 	vid1b: autoLog = True
59.1541 	EXP 	vid2: movie = 'stims/wedding-30.2a.mp4'
59.1541 	EXP 	vid2: autoLog = True
59.1541 	EXP 	vid3: movie = 'stims/wedding-30.3b.mp4'
59.1541 	EXP 	vid3: autoLog = True
59.1541 	EXP 	vid4: movie = 'stims/wedding-30.4a.mp4'
59.1541 	EXP 	vid4: autoLog = True
59.1541 	EXP 	vid5: movie = 'stims/wedding-30.5.mp4'
59.1541 	EXP 	vid5: autoLog = True
59.1541 	EXP 	vid1a: autoDraw = False
59.1541 	EXP 	vid1b: autoDraw = False
59.1541 	EXP 	vid2: autoDraw = False
59.1541 	EXP 	vid3: autoDraw = False
59.1541 	EXP 	vid4: autoDraw = False
59.1541 	EXP 	vid5: autoDraw = False
59.1541 	EXP 	image: autoDraw = False
59.1541 	EXP 	vid1a_q: movie = 'stims/wedding-30.1a.mp4'
59.1541 	EXP 	vid1a_q: autoLog = True
59.1541 	EXP 	vid1b_q: movie = 'stims/wedding-30.1b.mp4'
59.1541 	EXP 	vid1b_q: autoLog = True
59.1541 	EXP 	vid2_q: movie = 'stims/wedding-30.2a.mp4'
59.1541 	EXP 	vid2_q: autoLog = True
59.1541 	EXP 	vid3_q: movie = 'stims/wedding-30.3b.mp4'
59.1541 	EXP 	vid3_q: autoLog = True
59.1541 	EXP 	vid4_q: movie = 'stims/wedding-30.4a.mp4'
59.1541 	EXP 	vid4_q: autoLog = True
59.1541 	EXP 	vid5_q: movie = 'stims/wedding-30.5.mp4'
59.1541 	EXP 	vid5_q: autoLog = True
61.8972 	EXP 	window1: recordFrameIntervals = False
63.4131 	DATA 	Keypress: equal
63.4166 	DATA 	Keypress: equal
63.4662 	DATA 	Keypress: equal
63.6208 	EXP 	vid1a_q: movie = 'stims/wedding-30.1a.mp4'
63.6208 	EXP 	vid1b_q: movie = 'stims/wedding-30.1b.mp4'
63.6208 	EXP 	vid2_q: movie = 'stims/wedding-30.2a.mp4'
63.6208 	EXP 	vid3_q: movie = 'stims/wedding-30.3b.mp4'
63.6208 	EXP 	vid4_q: movie = 'stims/wedding-30.4a.mp4'
63.6208 	EXP 	vid5_q: movie = 'stims/wedding-30.5.mp4'
63.6208 	EXP 	reveal: image = 'south.png'
63.6415 	EXP 	vid1a_q: autoDraw = True
63.6415 	EXP 	reveal: autoDraw = True
63.6415 	EXP 	reveal: autoDraw = False
64.9720 	DATA 	Keypress: equal
66.4720 	DATA 	Keypress: equal
67.9718 	DATA 	Keypress: equal
69.4719 	DATA 	Keypress: equal
70.9720 	DATA 	Keypress: equal
72.4721 	DATA 	Keypress: equal
73.9718 	DATA 	Keypress: equal
75.4719 	DATA 	Keypress: equal
76.9721 	DATA 	Keypress: equal
78.4721 	DATA 	Keypress: equal
79.9717 	DATA 	Keypress: equal
81.4718 	DATA 	Keypress: equal
82.9718 	DATA 	Keypress: equal
84.4721 	DATA 	Keypress: equal
85.9718 	DATA 	Keypress: equal
86.2531 	EXP 	Set vid1a_q finished
86.4364 	EXP 	vid1b_q: autoDraw = True
87.4717 	DATA 	Keypress: equal
88.9717 	DATA 	Keypress: equal
90.4716 	DATA 	Keypress: equal
91.9715 	DATA 	Keypress: equal
93.4720 	DATA 	Keypress: equal
94.9718 	DATA 	Keypress: equal
95.0029 	EXP 	Set vid1b_q finished
95.4363 	EXP 	vid2_q: autoDraw = True
96.4714 	DATA 	Keypress: equal
97.9715 	DATA 	Keypress: equal
99.4716 	DATA 	Keypress: equal
100.9716 	DATA 	Keypress: equal
102.4713 	DATA 	Keypress: equal
103.9715 	DATA 	Keypress: equal
105.4714 	DATA 	Keypress: equal
106.9715 	DATA 	Keypress: equal
108.4715 	DATA 	Keypress: equal
109.9715 	DATA 	Keypress: equal
111.4716 	DATA 	Keypress: equal
112.4361 	EXP 	vid2_q: autoDraw = False
112.4361 	EXP 	l2q: autoDraw = True
112.9712 	DATA 	Keypress: equal
113.8876 	DATA 	Keypress: 2
114.4708 	DATA 	Keypress: equal
115.9711 	DATA 	Keypress: equal
116.4360 	EXP 	l2q: autoDraw = False
116.4360 	EXP 	vid3_q: autoDraw = True
117.4714 	DATA 	Keypress: equal
118.9713 	DATA 	Keypress: equal
120.4712 	DATA 	Keypress: equal
121.9711 	DATA 	Keypress: equal
123.4712 	DATA 	Keypress: equal
124.9714 	DATA 	Keypress: equal
126.4713 	DATA 	Keypress: equal
127.9711 	DATA 	Keypress: equal
129.4715 	DATA 	Keypress: equal
130.9714 	DATA 	Keypress: equal
132.4711 	DATA 	Keypress: equal
133.9709 	DATA 	Keypress: equal
135.4712 	DATA 	Keypress: equal
136.9710 	DATA 	Keypress: equal
138.4714 	DATA 	Keypress: equal
139.4357 	EXP 	vid3_q: autoDraw = False
139.4357 	EXP 	l3q: autoDraw = True
139.9708 	DATA 	Keypress: equal
140.1705 	DATA 	Keypress: 1
141.4709 	DATA 	Keypress: equal
142.9708 	DATA 	Keypress: equal
143.4356 	EXP 	l3q: autoDraw = False
143.4356 	EXP 	vid4_q: autoDraw = True
144.4709 	DATA 	Keypress: equal
145.9710 	DATA 	Keypress: equal
147.4710 	DATA 	Keypress: equal
148.9710 	DATA 	Keypress: equal
150.4708 	DATA 	Keypress: equal
151.9712 	DATA 	Keypress: equal
153.4710 	DATA 	Keypress: equal
154.9709 	DATA 	Keypress: equal
156.4708 	DATA 	Keypress: equal
157.9976 	DATA 	Keypress: equal
159.4707 	DATA 	Keypress: equal
160.9707 	DATA 	Keypress: equal
162.4627 	DATA 	Keypress: equal
163.9707 	DATA 	Keypress: equal
165.4708 	DATA 	Keypress: equal
166.9709 	DATA 	Keypress: equal
167.4354 	EXP 	vid4_q: autoDraw = False
167.4354 	EXP 	vid5_q: autoDraw = True
168.4706 	DATA 	Keypress: equal
169.9706 	DATA 	Keypress: equal
171.4707 	DATA 	Keypress: equal
172.9707 	DATA 	Keypress: equal
174.4708 	DATA 	Keypress: equal
175.9706 	DATA 	Keypress: equal
177.4707 	DATA 	Keypress: equal
178.9708 	DATA 	Keypress: equal
179.8519 	EXP 	Set vid5_q finished
180.0066 	EXP 	window1: recordFrameIntervals = False
180.0185 	EXP 	vid1a_q: autoDraw = False
180.0185 	EXP 	vid1b_q: autoDraw = False
180.0185 	EXP 	vid2_q: autoDraw = False
180.0185 	EXP 	l2q: autoDraw = False
180.0185 	EXP 	vid3_q: autoDraw = False
180.0185 	EXP 	l3q: autoDraw = False
180.0185 	EXP 	vid4_q: autoDraw = False
180.0185 	EXP 	vid5_q: autoDraw = False
180.0185 	EXP 	reveal: autoDraw = False
180.2116 	EXP 	window1: recordFrameIntervals = False
181.7930 	DATA 	Keypress: equal
181.9614 	DATA 	Keypress: equal
182.0185 	EXP 	eggPainting1: image = 'stimsday1details/newegg12.png'
182.0185 	EXP 	eggPainting2: image = 'stimsday1details/egg30.png'
182.0185 	EXP 	character1: image = 'stimsday1details/couple30.png'
182.0185 	EXP 	character2: image = 'stimsday1details/newperson12.png'
182.0185 	EXP 	gift1: image = 'stimsday1details/new12.png'
182.0185 	EXP 	gift2: image = 'stimsday1details/gift30.png'
182.0185 	EXP 	themeQ1: image = 'stimsday1details/t30.png'
182.0185 	EXP 	themeQ2: image = 'stimsday1details/ct30.png'
182.0185 	EXP 	nameQ1: image = 'stimsday1details/n30.png'
182.0185 	EXP 	nameQ2: image = 'stimsday1details/cn30.png'
182.0185 	EXP 	nameQ1: autoDraw = True
182.0185 	EXP 	nameQ2: autoDraw = True
182.7870 	DATA 	Keypress: 1
183.4702 	DATA 	Keypress: equal
184.0019 	EXP 	nameQ1: autoDraw = False
184.0019 	EXP 	nameQ2: autoDraw = False
184.0019 	EXP 	nameQ1: autoDraw = False
184.0019 	EXP 	nameQ2: autoDraw = False
184.0019 	EXP 	eggPainting1: autoDraw = True
184.0019 	EXP 	eggPainting2: autoDraw = True
184.9705 	DATA 	Keypress: equal
185.1536 	DATA 	Keypress: 2
186.0018 	EXP 	eggPainting1: autoDraw = False
186.0018 	EXP 	eggPainting2: autoDraw = False
186.0018 	EXP 	eggPainting1: autoDraw = False
186.0018 	EXP 	eggPainting2: autoDraw = False
186.0018 	EXP 	character1: autoDraw = True
186.0018 	EXP 	character2: autoDraw = True
186.4700 	DATA 	Keypress: equal
187.1534 	DATA 	Keypress: 1
187.9699 	DATA 	Keypress: equal
188.0018 	EXP 	character1: autoDraw = False
188.0018 	EXP 	character2: autoDraw = False
188.0018 	EXP 	character1: autoDraw = False
188.0018 	EXP 	character2: autoDraw = False
188.0018 	EXP 	themeQ1: autoDraw = True
188.0018 	EXP 	themeQ2: autoDraw = True
188.9365 	DATA 	Keypress: 1
189.4698 	DATA 	Keypress: equal
190.0018 	EXP 	themeQ1: autoDraw = False
190.0018 	EXP 	themeQ2: autoDraw = False
190.0018 	EXP 	themeQ1: autoDraw = False
190.0018 	EXP 	themeQ2: autoDraw = False
190.0018 	EXP 	gift1: autoDraw = True
190.0018 	EXP 	gift2: autoDraw = True
190.8533 	DATA 	Keypress: 2
190.9701 	DATA 	Keypress: equal
192.0018 	EXP 	gift1: autoDraw = False
192.0018 	EXP 	gift2: autoDraw = False
192.0018 	EXP 	gift1: autoDraw = False
192.0018 	EXP 	gift2: autoDraw = False
192.0018 	EXP 	northorsouth1: autoDraw = True
192.0018 	EXP 	northorsouth2: autoDraw = True
192.4701 	DATA 	Keypress: equal
192.9200 	DATA 	Keypress: 2
193.9703 	DATA 	Keypress: equal
194.1669 	EXP 	New trial (rep=0, index=1): OrderedDict([('condsFile', 'videoBlock_schemaS_pathB_6.csv')])
194.1793 	EXP 	Imported videoBlock_schemaS_pathB_6.csv as conditions, 1 conditions, 17 params
194.1797 	EXP 	Created sequence: random, trialTypes=1, nReps=1, seed=None
194.1805 	EXP 	New trial (rep=0, index=0): OrderedDict([('northOrSouth', 'south.png'), ('stimFile1a', 'stims/wedding-37.1a.mp4'), ('stimFile1b', 'stims/wedding-37.1b.mp4'), ('stimFile2', 'stims/wedding-37.2b.mp4'), ('stimFile3', 'stims/wedding-37.3a.mp4'), ('stimFile4', 'stims/wedding-37.4b.mp4'), ('stimFile5', 'stims/wedding-37.5.mp4'), ('QeggPainting1', 'stimsday1details/painting37.png'), ('Qcharacter1', 'stimsday1details/couple37.png'), ('Qgift1', 'stimsday1details/gift37.png'), ('QeggPainting2', 'stimsday1details/newpainting12.png'), ('Qcharacter2', 'stimsday1details/newperson24.png'), ('Qgift2', 'stimsday1details/new24.png'), ('Qname1', 'stimsday1details/n37.png'), ('Qtheme1', 'stimsday1details/t37.png'), ('Qname2', 'stimsday1details/cn37.png'), ('Qtheme2', 'stimsday1details/ct37.png')])
194.1851 	EXP 	northorsouth1: autoDraw = False
194.1851 	EXP 	northorsouth2: autoDraw = False
194.1851 	EXP 	northorsouth1: autoDraw = False
194.1851 	EXP 	northorsouth2: autoDraw = False
194.1851 	EXP 	image_2: autoDraw = True
195.4702 	DATA 	Keypress: equal
196.1696 	EXP 	Created sequence: random, trialTypes=1, nReps=1, seed=None
196.1699 	EXP 	New trial (rep=0, index=0): None
196.6583 	EXP 	Created vid1a = MovieStim3(__class__=<class 'psychopy.visual.movie3.MovieStim3'>, autoLog=True, color=UNKNOWN, colorSpace=UNKNOWN, depth=-1.0, filename='stims/wedding-37.1a.mp4', flipHoriz=False, flipVert=False, fps=UNKNOWN, interpolate=True, loop=False, name='vid1a', noAudio=False, opacity=1.0, ori=0, pos=array([0., 0.]), size=array([1280.,  720.]), units='pix', vframe_callback=UNKNOWN, volume=UNKNOWN, win=Window(...))
197.0346 	EXP 	Created vid1b = MovieStim3(__class__=<class 'psychopy.visual.movie3.MovieStim3'>, autoLog=True, color=UNKNOWN, colorSpace=UNKNOWN, depth=-2.0, filename='stims/wedding-37.1b.mp4', flipHoriz=False, flipVert=False, fps=UNKNOWN, interpolate=True, loop=False, name='vid1b', noAudio=False, opacity=1.0, ori=0, pos=array([0., 0.]), size=array([1280.,  720.]), units='pix', vframe_callback=UNKNOWN, volume=UNKNOWN, win=Window(...))
197.4422 	EXP 	Created vid2 = MovieStim3(__class__=<class 'psychopy.visual.movie3.MovieStim3'>, autoLog=True, color=UNKNOWN, colorSpace=UNKNOWN, depth=-3.0, filename='stims/wedding-37.2b.mp4', flipHoriz=False, flipVert=False, fps=UNKNOWN, interpolate=True, loop=False, name='vid2', noAudio=False, opacity=1.0, ori=0, pos=array([0., 0.]), size=array([1280.,  720.]), units='pix', vframe_callback=UNKNOWN, volume=UNKNOWN, win=Window(...))
197.9009 	EXP 	Created vid3 = MovieStim3(__class__=<class 'psychopy.visual.movie3.MovieStim3'>, autoLog=True, color=UNKNOWN, colorSpace=UNKNOWN, depth=-4.0, filename='stims/wedding-37.3a.mp4', flipHoriz=False, flipVert=False, fps=UNKNOWN, interpolate=True, loop=False, name='vid3', noAudio=False, opacity=1.0, ori=0, pos=array([0., 0.]), size=array([1280.,  720.]), units='pix', vframe_callback=UNKNOWN, volume=UNKNOWN, win=Window(...))
198.3707 	EXP 	Created vid4 = MovieStim3(__class__=<class 'psychopy.visual.movie3.MovieStim3'>, autoLog=True, color=UNKNOWN, colorSpace=UNKNOWN, depth=-5.0, filename='stims/wedding-37.4b.mp4', flipHoriz=False, flipVert=False, fps=UNKNOWN, interpolate=True, loop=False, name='vid4', noAudio=False, opacity=1.0, ori=0, pos=array([0., 0.]), size=array([1280.,  720.]), units='pix', vframe_callback=UNKNOWN, volume=UNKNOWN, win=Window(...))
198.7716 	EXP 	Created vid5 = MovieStim3(__class__=<class 'psychopy.visual.movie3.MovieStim3'>, autoLog=True, color=UNKNOWN, colorSpace=UNKNOWN, depth=-6.0, filename='stims/wedding-37.5.mp4', flipHoriz=False, flipVert=False, fps=UNKNOWN, interpolate=True, loop=False, name='vid5', noAudio=False, opacity=1.0, ori=0, pos=array([0., 0.]), size=array([1280.,  720.]), units='pix', vframe_callback=UNKNOWN, volume=UNKNOWN, win=Window(...))
198.8888 	EXP 	window1: recordFrameIntervals = False
198.8924 	DATA 	Keypress: equal
198.8966 	DATA 	Keypress: equal
198.9183 	EXP 	image_2: autoDraw = False
198.9183 	EXP 	image_2: autoDraw = False
198.9183 	EXP 	vid1a: movie = 'stims/wedding-37.1a.mp4'
198.9183 	EXP 	vid1a: autoLog = True
198.9183 	EXP 	vid1b: movie = 'stims/wedding-37.1b.mp4'
198.9183 	EXP 	vid1b: autoLog = True
198.9183 	EXP 	vid2: movie = 'stims/wedding-37.2b.mp4'
198.9183 	EXP 	vid2: autoLog = True
198.9183 	EXP 	vid3: movie = 'stims/wedding-37.3a.mp4'
198.9183 	EXP 	vid3: autoLog = True
198.9183 	EXP 	vid4: movie = 'stims/wedding-37.4b.mp4'
198.9183 	EXP 	vid4: autoLog = True
198.9183 	EXP 	vid5: movie = 'stims/wedding-37.5.mp4'
198.9183 	EXP 	vid5: autoLog = True
201.5015 	EXP 	window1: recordFrameIntervals = False
203.1766 	DATA 	Keypress: equal
203.1793 	DATA 	Keypress: equal
203.1824 	DATA 	Keypress: equal
203.3850 	EXP 	vid1a: movie = 'stims/wedding-37.1a.mp4'
203.3850 	EXP 	vid1b: movie = 'stims/wedding-37.1b.mp4'
203.3850 	EXP 	vid2: movie = 'stims/wedding-37.2b.mp4'
203.3850 	EXP 	vid3: movie = 'stims/wedding-37.3a.mp4'
203.3850 	EXP 	vid4: movie = 'stims/wedding-37.4b.mp4'
203.3850 	EXP 	vid5: movie = 'stims/wedding-37.5.mp4'
203.3850 	EXP 	image: image = 'south.png'
203.4050 	EXP 	vid1a: autoDraw = True
203.4050 	EXP 	image: autoDraw = True
203.4050 	EXP 	image: autoDraw = False
204.4704 	DATA 	Keypress: equal
205.9704 	DATA 	Keypress: equal
207.4704 	DATA 	Keypress: equal
208.9701 	DATA 	Keypress: equal
210.4702 	DATA 	Keypress: equal
211.9701 	DATA 	Keypress: equal
213.4608 	DATA 	Keypress: equal
214.9705 	DATA 	Keypress: equal
216.4606 	DATA 	Keypress: equal
217.9704 	DATA 	Keypress: equal
219.4702 	DATA 	Keypress: equal
220.9657 	DATA 	Keypress: equal
222.4619 	DATA 	Keypress: equal
223.9699 	DATA 	Keypress: equal
225.4616 	DATA 	Keypress: equal
226.1513 	EXP 	Set vid1a finished
226.2013 	EXP 	vid1b: autoDraw = True
226.9959 	DATA 	Keypress: equal
228.4702 	DATA 	Keypress: equal
229.9700 	DATA 	Keypress: equal
231.4698 	DATA 	Keypress: equal
232.9699 	DATA 	Keypress: equal
234.4700 	DATA 	Keypress: equal
234.6345 	EXP 	Set vid1b finished
235.2012 	EXP 	vid2: autoDraw = True
235.9699 	DATA 	Keypress: equal
237.4699 	DATA 	Keypress: equal
238.9697 	DATA 	Keypress: equal
240.4698 	DATA 	Keypress: equal
241.9698 	DATA 	Keypress: equal
243.4697 	DATA 	Keypress: equal
244.9613 	DATA 	Keypress: equal
246.4698 	DATA 	Keypress: equal
247.9695 	DATA 	Keypress: equal
249.4699 	DATA 	Keypress: equal
250.9613 	DATA 	Keypress: equal
251.8510 	EXP 	Set vid2 finished
252.2010 	EXP 	vid3: autoDraw = True
252.4697 	DATA 	Keypress: equal
253.9696 	DATA 	Keypress: equal
255.4698 	DATA 	Keypress: equal
256.9700 	DATA 	Keypress: equal
258.4697 	DATA 	Keypress: equal
259.9695 	DATA 	Keypress: equal
261.4608 	DATA 	Keypress: equal
262.9605 	DATA 	Keypress: equal
264.4606 	DATA 	Keypress: equal
265.9602 	DATA 	Keypress: equal
267.4595 	DATA 	Keypress: equal
268.9697 	DATA 	Keypress: equal
270.4592 	DATA 	Keypress: equal
271.9600 	DATA 	Keypress: equal
273.4604 	DATA 	Keypress: equal
274.9697 	DATA 	Keypress: equal
275.0841 	EXP 	Set vid3 finished
275.2007 	EXP 	vid4: autoDraw = True
276.4693 	DATA 	Keypress: equal
277.9697 	DATA 	Keypress: equal
279.4692 	DATA 	Keypress: equal
280.9692 	DATA 	Keypress: equal
282.4695 	DATA 	Keypress: equal
283.9614 	DATA 	Keypress: equal
285.4608 	DATA 	Keypress: equal
286.9599 	DATA 	Keypress: equal
288.4596 	DATA 	Keypress: equal
289.9601 	DATA 	Keypress: equal
291.4591 	DATA 	Keypress: equal
292.9604 	DATA 	Keypress: equal
294.4608 	DATA 	Keypress: equal
295.9605 	DATA 	Keypress: equal
297.4602 	DATA 	Keypress: equal
298.8171 	EXP 	Set vid4 finished
298.9688 	DATA 	Keypress: equal
299.2004 	EXP 	vid5: autoDraw = True
300.4690 	DATA 	Keypress: equal
301.9691 	DATA 	Keypress: equal
303.4689 	DATA 	Keypress: equal
304.9689 	DATA 	Keypress: equal
306.4690 	DATA 	Keypress: equal
307.9600 	DATA 	Keypress: equal
309.4872 	DATA 	Keypress: equal
310.9600 	DATA 	Keypress: equal
311.6169 	EXP 	Set vid5 finished
311.7407 	EXP 	Created sequence: random, trialTypes=1, nReps=1, seed=None
311.7410 	EXP 	New trial (rep=0, index=0): None
312.2325 	EXP 	Created vid1a_q = MovieStim3(__class__=<class 'psychopy.visual.movie3.MovieStim3'>, autoLog=True, color=UNKNOWN, colorSpace=UNKNOWN, depth=-1.0, filename='stims/wedding-37.1a.mp4', flipHoriz=False, flipVert=False, fps=UNKNOWN, interpolate=True, loop=False, name='vid1a_q', noAudio=False, opacity=1.0, ori=0, pos=array([0., 0.]), size=array([1280.,  720.]), units='pix', vframe_callback=UNKNOWN, volume=UNKNOWN, win=Window(...))
312.5953 	EXP 	Created vid1b_q = MovieStim3(__class__=<class 'psychopy.visual.movie3.MovieStim3'>, autoLog=True, color=UNKNOWN, colorSpace=UNKNOWN, depth=-2.0, filename='stims/wedding-37.1b.mp4', flipHoriz=False, flipVert=False, fps=UNKNOWN, interpolate=True, loop=False, name='vid1b_q', noAudio=False, opacity=1.0, ori=0, pos=array([0., 0.]), size=array([1280.,  720.]), units='pix', vframe_callback=UNKNOWN, volume=UNKNOWN, win=Window(...))
313.0018 	EXP 	Created vid2_q = MovieStim3(__class__=<class 'psychopy.visual.movie3.MovieStim3'>, autoLog=True, color=UNKNOWN, colorSpace=UNKNOWN, depth=-3.0, filename='stims/wedding-37.2b.mp4', flipHoriz=False, flipVert=False, fps=UNKNOWN, interpolate=True, loop=False, name='vid2_q', noAudio=False, opacity=1.0, ori=0, pos=array([0., 0.]), size=array([1280.,  720.]), units='pix', vframe_callback=UNKNOWN, volume=UNKNOWN, win=Window(...))
313.4656 	EXP 	Created vid3_q = MovieStim3(__class__=<class 'psychopy.visual.movie3.MovieStim3'>, autoLog=True, color=UNKNOWN, colorSpace=UNKNOWN, depth=-5.0, filename='stims/wedding-37.3a.mp4', flipHoriz=False, flipVert=False, fps=UNKNOWN, interpolate=True, loop=False, name='vid3_q', noAudio=False, opacity=1.0, ori=0, pos=array([0., 0.]), size=array([1280.,  720.]), units='pix', vframe_callback=UNKNOWN, volume=UNKNOWN, win=Window(...))
313.9291 	EXP 	Created vid4_q = MovieStim3(__class__=<class 'psychopy.visual.movie3.MovieStim3'>, autoLog=True, color=UNKNOWN, colorSpace=UNKNOWN, depth=-7.0, filename='stims/wedding-37.4b.mp4', flipHoriz=False, flipVert=False, fps=UNKNOWN, interpolate=True, loop=False, name='vid4_q', noAudio=False, opacity=1.0, ori=0, pos=array([0., 0.]), size=array([1280.,  720.]), units='pix', vframe_callback=UNKNOWN, volume=UNKNOWN, win=Window(...))
314.3175 	EXP 	Created vid5_q = MovieStim3(__class__=<class 'psychopy.visual.movie3.MovieStim3'>, autoLog=True, color=UNKNOWN, colorSpace=UNKNOWN, depth=-8.0, filename='stims/wedding-37.5.mp4', flipHoriz=False, flipVert=False, fps=UNKNOWN, interpolate=True, loop=False, name='vid5_q', noAudio=False, opacity=1.0, ori=0, pos=array([0., 0.]), size=array([1280.,  720.]), units='pix', vframe_callback=UNKNOWN, volume=UNKNOWN, win=Window(...))
314.5057 	EXP 	window1: recordFrameIntervals = False
314.5087 	DATA 	Keypress: equal
314.5123 	DATA 	Keypress: equal
314.5336 	EXP 	vid1a: autoDraw = False
314.5336 	EXP 	vid1b: autoDraw = False
314.5336 	EXP 	vid2: autoDraw = False
314.5336 	EXP 	vid3: autoDraw = False
314.5336 	EXP 	vid4: autoDraw = False
314.5336 	EXP 	vid5: autoDraw = False
314.5336 	EXP 	image: autoDraw = False
314.5336 	EXP 	vid1a_q: movie = 'stims/wedding-37.1a.mp4'
314.5336 	EXP 	vid1a_q: autoLog = True
314.5336 	EXP 	vid1b_q: movie = 'stims/wedding-37.1b.mp4'
314.5336 	EXP 	vid1b_q: autoLog = True
314.5336 	EXP 	vid2_q: movie = 'stims/wedding-37.2b.mp4'
314.5336 	EXP 	vid2_q: autoLog = True
314.5336 	EXP 	vid3_q: movie = 'stims/wedding-37.3a.mp4'
314.5336 	EXP 	vid3_q: autoLog = True
314.5336 	EXP 	vid4_q: movie = 'stims/wedding-37.4b.mp4'
314.5336 	EXP 	vid4_q: autoLog = True
314.5336 	EXP 	vid5_q: movie = 'stims/wedding-37.5.mp4'
314.5336 	EXP 	vid5_q: autoLog = True
314.5336 	EXP 	vid1a_q: autoDraw = False
314.5336 	EXP 	vid1b_q: autoDraw = False
314.5336 	EXP 	vid2_q: autoDraw = False
314.5336 	EXP 	l2q: autoDraw = False
314.5336 	EXP 	vid3_q: autoDraw = False
314.5336 	EXP 	l3q: autoDraw = False
314.5336 	EXP 	vid4_q: autoDraw = False
314.5336 	EXP 	vid5_q: autoDraw = False
314.5336 	EXP 	reveal: autoDraw = False
314.7182 	EXP 	window1: recordFrameIntervals = False
316.2922 	DATA 	Keypress: equal
316.5168 	EXP 	eggPainting1: image = 'stimsday1details/painting37.png'
316.5168 	EXP 	eggPainting2: image = 'stimsday1details/newpainting12.png'
316.5168 	EXP 	character1: image = 'stimsday1details/couple37.png'
316.5168 	EXP 	character2: image = 'stimsday1details/newperson24.png'
316.5168 	EXP 	gift1: image = 'stimsday1details/gift37.png'
316.5168 	EXP 	gift2: image = 'stimsday1details/new24.png'
316.5168 	EXP 	themeQ1: image = 'stimsday1details/t37.png'
316.5168 	EXP 	themeQ2: image = 'stimsday1details/ct37.png'
316.5168 	EXP 	nameQ1: image = 'stimsday1details/n37.png'
316.5168 	EXP 	nameQ2: image = 'stimsday1details/cn37.png'
316.5168 	EXP 	nameQ1: autoDraw = True
316.5168 	EXP 	nameQ2: autoDraw = True
316.9686 	DATA 	Keypress: equal
317.4848 	DATA 	Keypress: 1
318.4683 	DATA 	Keypress: equal
318.5002 	EXP 	nameQ1: autoDraw = False
318.5002 	EXP 	nameQ2: autoDraw = False
318.5002 	EXP 	nameQ1: autoDraw = False
318.5002 	EXP 	nameQ2: autoDraw = False
318.5002 	EXP 	eggPainting1: autoDraw = True
318.5002 	EXP 	eggPainting2: autoDraw = True
319.3184 	DATA 	Keypress: 1
319.9684 	DATA 	Keypress: equal
320.5002 	EXP 	eggPainting1: autoDraw = False
320.5002 	EXP 	eggPainting2: autoDraw = False
320.5002 	EXP 	eggPainting1: autoDraw = False
320.5002 	EXP 	eggPainting2: autoDraw = False
320.5002 	EXP 	character1: autoDraw = True
320.5002 	EXP 	character2: autoDraw = True
321.2849 	DATA 	Keypress: 1
321.4683 	DATA 	Keypress: equal
322.5001 	EXP 	character1: autoDraw = False
322.5001 	EXP 	character2: autoDraw = False
322.5001 	EXP 	character1: autoDraw = False
322.5001 	EXP 	character2: autoDraw = False
322.5001 	EXP 	themeQ1: autoDraw = True
322.5001 	EXP 	themeQ2: autoDraw = True
322.9686 	DATA 	Keypress: equal
323.3848 	DATA 	Keypress: 1
324.4682 	DATA 	Keypress: equal
324.5001 	EXP 	themeQ1: autoDraw = False
324.5001 	EXP 	themeQ2: autoDraw = False
324.5001 	EXP 	themeQ1: autoDraw = False
324.5001 	EXP 	themeQ2: autoDraw = False
324.5001 	EXP 	gift1: autoDraw = True
324.5001 	EXP 	gift2: autoDraw = True
325.7352 	DATA 	Keypress: 1
325.9682 	DATA 	Keypress: equal
326.5001 	EXP 	gift1: autoDraw = False
326.5001 	EXP 	gift2: autoDraw = False
326.5001 	EXP 	gift1: autoDraw = False
326.5001 	EXP 	gift2: autoDraw = False
326.5001 	EXP 	northorsouth1: autoDraw = True
326.5001 	EXP 	northorsouth2: autoDraw = True
327.3847 	DATA 	Keypress: 2
327.4682 	DATA 	Keypress: equal
328.6914 	EXP 	New trial (rep=0, index=2): OrderedDict([('condsFile', 'videoBlock_schemaS_pathB_5.csv')])
328.7044 	EXP 	Imported videoBlock_schemaS_pathB_5.csv as conditions, 1 conditions, 17 params
328.7048 	EXP 	Created sequence: random, trialTypes=1, nReps=1, seed=None
328.7056 	EXP 	New trial (rep=0, index=0): OrderedDict([('northOrSouth', 'south.png'), ('stimFile1a', 'stims/wedding-31.1a.mp4'), ('stimFile1b', 'stims/wedding-31.1b.mp4'), ('stimFile2', 'stims/wedding-31.2b.mp4'), ('stimFile3', 'stims/wedding-31.3a.mp4'), ('stimFile4', 'stims/wedding-31.4b.mp4'), ('stimFile5', 'stims/wedding-31.5.mp4'), ('QeggPainting1', 'stimsday1details/painting31.png'), ('Qcharacter1', 'stimsday1details/couple31.png'), ('Qgift1', 'stimsday1details/gift31.png'), ('QeggPainting2', 'stimsday1details/newpainting11.png'), ('Qcharacter2', 'stimsday1details/newperson23.png'), ('Qgift2', 'stimsday1details/new23.png'), ('Qname1', 'stimsday1details/cn31.png'), ('Qtheme1', 'stimsday1details/ct31.png'), ('Qname2', 'stimsday1details/n31.png'), ('Qtheme2', 'stimsday1details/t31.png')])
328.7167 	EXP 	northorsouth1: autoDraw = False
328.7167 	EXP 	northorsouth2: autoDraw = False
328.7167 	EXP 	northorsouth1: autoDraw = False
328.7167 	EXP 	northorsouth2: autoDraw = False
328.7167 	EXP 	image_2: autoDraw = True
328.9685 	DATA 	Keypress: equal
330.4687 	DATA 	Keypress: equal
330.7013 	EXP 	Created sequence: random, trialTypes=1, nReps=1, seed=None
330.7016 	EXP 	New trial (rep=0, index=0): None
331.2090 	EXP 	Created vid1a = MovieStim3(__class__=<class 'psychopy.visual.movie3.MovieStim3'>, autoLog=True, color=UNKNOWN, colorSpace=UNKNOWN, depth=-1.0, filename='stims/wedding-31.1a.mp4', flipHoriz=False, flipVert=False, fps=UNKNOWN, interpolate=True, loop=False, name='vid1a', noAudio=False, opacity=1.0, ori=0, pos=array([0., 0.]), size=array([1280.,  720.]), units='pix', vframe_callback=UNKNOWN, volume=UNKNOWN, win=Window(...))
331.6091 	EXP 	Created vid1b = MovieStim3(__class__=<class 'psychopy.visual.movie3.MovieStim3'>, autoLog=True, color=UNKNOWN, colorSpace=UNKNOWN, depth=-2.0, filename='stims/wedding-31.1b.mp4', flipHoriz=False, flipVert=False, fps=UNKNOWN, interpolate=True, loop=False, name='vid1b', noAudio=False, opacity=1.0, ori=0, pos=array([0., 0.]), size=array([1280.,  720.]), units='pix', vframe_callback=UNKNOWN, volume=UNKNOWN, win=Window(...))
332.0976 	EXP 	Created vid2 = MovieStim3(__class__=<class 'psychopy.visual.movie3.MovieStim3'>, autoLog=True, color=UNKNOWN, colorSpace=UNKNOWN, depth=-3.0, filename='stims/wedding-31.2b.mp4', flipHoriz=False, flipVert=False, fps=UNKNOWN, interpolate=True, loop=False, name='vid2', noAudio=False, opacity=1.0, ori=0, pos=array([0., 0.]), size=array([1280.,  720.]), units='pix', vframe_callback=UNKNOWN, volume=UNKNOWN, win=Window(...))
332.5642 	EXP 	Created vid3 = MovieStim3(__class__=<class 'psychopy.visual.movie3.MovieStim3'>, autoLog=True, color=UNKNOWN, colorSpace=UNKNOWN, depth=-4.0, filename='stims/wedding-31.3a.mp4', flipHoriz=False, flipVert=False, fps=UNKNOWN, interpolate=True, loop=False, name='vid3', noAudio=False, opacity=1.0, ori=0, pos=array([0., 0.]), size=array([1280.,  720.]), units='pix', vframe_callback=UNKNOWN, volume=UNKNOWN, win=Window(...))
333.0580 	EXP 	Created vid4 = MovieStim3(__class__=<class 'psychopy.visual.movie3.MovieStim3'>, autoLog=True, color=UNKNOWN, colorSpace=UNKNOWN, depth=-5.0, filename='stims/wedding-31.4b.mp4', flipHoriz=False, flipVert=False, fps=UNKNOWN, interpolate=True, loop=False, name='vid4', noAudio=False, opacity=1.0, ori=0, pos=array([0., 0.]), size=array([1280.,  720.]), units='pix', vframe_callback=UNKNOWN, volume=UNKNOWN, win=Window(...))
333.4790 	EXP 	Created vid5 = MovieStim3(__class__=<class 'psychopy.visual.movie3.MovieStim3'>, autoLog=True, color=UNKNOWN, colorSpace=UNKNOWN, depth=-6.0, filename='stims/wedding-31.5.mp4', flipHoriz=False, flipVert=False, fps=UNKNOWN, interpolate=True, loop=False, name='vid5', noAudio=False, opacity=1.0, ori=0, pos=array([0., 0.]), size=array([1280.,  720.]), units='pix', vframe_callback=UNKNOWN, volume=UNKNOWN, win=Window(...))
333.5167 	EXP 	window1: recordFrameIntervals = False
333.5200 	DATA 	Keypress: equal
333.5240 	DATA 	Keypress: equal
333.5370 	EXP 	image_2: autoDraw = False
333.5370 	EXP 	image_2: autoDraw = False
333.5370 	EXP 	vid1a: movie = 'stims/wedding-31.1a.mp4'
333.5370 	EXP 	vid1a: autoLog = True
333.5370 	EXP 	vid1b: movie = 'stims/wedding-31.1b.mp4'
333.5370 	EXP 	vid1b: autoLog = True
333.5370 	EXP 	vid2: movie = 'stims/wedding-31.2b.mp4'
333.5370 	EXP 	vid2: autoLog = True
333.5370 	EXP 	vid3: movie = 'stims/wedding-31.3a.mp4'
333.5370 	EXP 	vid3: autoLog = True
333.5370 	EXP 	vid4: movie = 'stims/wedding-31.4b.mp4'
333.5370 	EXP 	vid4: autoLog = True
333.5370 	EXP 	vid5: movie = 'stims/wedding-31.5.mp4'
333.5370 	EXP 	vid5: autoLog = True
336.1820 	EXP 	window1: recordFrameIntervals = False
337.8046 	DATA 	Keypress: equal
337.8082 	DATA 	Keypress: equal
337.9558 	DATA 	Keypress: equal
338.0167 	EXP 	vid1a: movie = 'stims/wedding-31.1a.mp4'
338.0167 	EXP 	vid1b: movie = 'stims/wedding-31.1b.mp4'
338.0167 	EXP 	vid2: movie = 'stims/wedding-31.2b.mp4'
338.0167 	EXP 	vid3: movie = 'stims/wedding-31.3a.mp4'
338.0167 	EXP 	vid4: movie = 'stims/wedding-31.4b.mp4'
338.0167 	EXP 	vid5: movie = 'stims/wedding-31.5.mp4'
338.0167 	EXP 	image: image = 'south.png'
338.0333 	EXP 	vid1a: autoDraw = True
338.0333 	EXP 	image: autoDraw = True
338.0333 	EXP 	image: autoDraw = False
339.4688 	DATA 	Keypress: equal
340.9685 	DATA 	Keypress: equal
342.4687 	DATA 	Keypress: equal
343.9684 	DATA 	Keypress: equal
345.4688 	DATA 	Keypress: equal
346.9589 	DATA 	Keypress: equal
348.4569 	DATA 	Keypress: equal
349.9588 	DATA 	Keypress: equal
351.4569 	DATA 	Keypress: equal
352.9593 	DATA 	Keypress: equal
354.4857 	DATA 	Keypress: equal
355.9597 	DATA 	Keypress: equal
357.4595 	DATA 	Keypress: equal
358.9598 	DATA 	Keypress: equal
360.4586 	DATA 	Keypress: equal
360.7331 	EXP 	vid1a: autoDraw = False
360.7331 	EXP 	vid1b: autoDraw = True
361.9684 	DATA 	Keypress: equal
363.4684 	DATA 	Keypress: equal
364.9684 	DATA 	Keypress: equal
366.4684 	DATA 	Keypress: equal
367.9682 	DATA 	Keypress: equal
369.4584 	DATA 	Keypress: equal
369.7162 	EXP 	vid1b: autoDraw = False
369.7329 	EXP 	vid2: autoDraw = True
370.9682 	DATA 	Keypress: equal
372.4682 	DATA 	Keypress: equal
373.9682 	DATA 	Keypress: equal
375.4683 	DATA 	Keypress: equal
376.9680 	DATA 	Keypress: equal
378.4585 	DATA 	Keypress: equal
379.9570 	DATA 	Keypress: equal
381.4603 	DATA 	Keypress: equal
382.9575 	DATA 	Keypress: equal
384.4592 	DATA 	Keypress: equal
385.9557 	DATA 	Keypress: equal
386.2160 	EXP 	Set vid2 finished
386.7327 	EXP 	vid3: autoDraw = True
387.4678 	DATA 	Keypress: equal
388.9680 	DATA 	Keypress: equal
390.4681 	DATA 	Keypress: equal
391.9679 	DATA 	Keypress: equal
393.4679 	DATA 	Keypress: equal
394.9677 	DATA 	Keypress: equal
396.4586 	DATA 	Keypress: equal
397.9596 	DATA 	Keypress: equal
399.4582 	DATA 	Keypress: equal
400.9603 	DATA 	Keypress: equal
402.4576 	DATA 	Keypress: equal
403.9579 	DATA 	Keypress: equal
405.4574 	DATA 	Keypress: equal
406.9579 	DATA 	Keypress: equal
408.4568 	DATA 	Keypress: equal
409.7157 	EXP 	vid3: autoDraw = False
409.7324 	EXP 	vid4: autoDraw = True
409.9679 	DATA 	Keypress: equal
411.4678 	DATA 	Keypress: equal
412.9675 	DATA 	Keypress: equal
414.4694 	DATA 	Keypress: equal
415.9675 	DATA 	Keypress: equal
417.4677 	DATA 	Keypress: equal
418.9588 	DATA 	Keypress: equal
420.4586 	DATA 	Keypress: equal
421.9583 	DATA 	Keypress: equal
423.4590 	DATA 	Keypress: equal
424.9590 	DATA 	Keypress: equal
426.4587 	DATA 	Keypress: equal
427.9592 	DATA 	Keypress: equal
429.4594 	DATA 	Keypress: equal
430.9583 	DATA 	Keypress: equal
432.4593 	DATA 	Keypress: equal
433.7154 	EXP 	vid4: autoDraw = False
433.7321 	EXP 	vid5: autoDraw = True
433.9674 	DATA 	Keypress: equal
435.4675 	DATA 	Keypress: equal
436.9516 	DATA 	Keypress: equal
438.4517 	DATA 	Keypress: equal
439.9672 	DATA 	Keypress: equal
441.4674 	DATA 	Keypress: equal
442.9574 	DATA 	Keypress: equal
444.4584 	DATA 	Keypress: equal
445.8820 	EXP 	Set vid5 finished
446.0299 	EXP 	Created sequence: random, trialTypes=1, nReps=1, seed=None
446.0302 	EXP 	New trial (rep=0, index=0): None
446.5133 	EXP 	Created vid1a_q = MovieStim3(__class__=<class 'psychopy.visual.movie3.MovieStim3'>, autoLog=True, color=UNKNOWN, colorSpace=UNKNOWN, depth=-1.0, filename='stims/wedding-31.1a.mp4', flipHoriz=False, flipVert=False, fps=UNKNOWN, interpolate=True, loop=False, name='vid1a_q', noAudio=False, opacity=1.0, ori=0, pos=array([0., 0.]), size=array([1280.,  720.]), units='pix', vframe_callback=UNKNOWN, volume=UNKNOWN, win=Window(...))
446.8916 	EXP 	Created vid1b_q = MovieStim3(__class__=<class 'psychopy.visual.movie3.MovieStim3'>, autoLog=True, color=UNKNOWN, colorSpace=UNKNOWN, depth=-2.0, filename='stims/wedding-31.1b.mp4', flipHoriz=False, flipVert=False, fps=UNKNOWN, interpolate=True, loop=False, name='vid1b_q', noAudio=False, opacity=1.0, ori=0, pos=array([0., 0.]), size=array([1280.,  720.]), units='pix', vframe_callback=UNKNOWN, volume=UNKNOWN, win=Window(...))
447.3399 	EXP 	Created vid2_q = MovieStim3(__class__=<class 'psychopy.visual.movie3.MovieStim3'>, autoLog=True, color=UNKNOWN, colorSpace=UNKNOWN, depth=-3.0, filename='stims/wedding-31.2b.mp4', flipHoriz=False, flipVert=False, fps=UNKNOWN, interpolate=True, loop=False, name='vid2_q', noAudio=False, opacity=1.0, ori=0, pos=array([0., 0.]), size=array([1280.,  720.]), units='pix', vframe_callback=UNKNOWN, volume=UNKNOWN, win=Window(...))
447.7962 	EXP 	Created vid3_q = MovieStim3(__class__=<class 'psychopy.visual.movie3.MovieStim3'>, autoLog=True, color=UNKNOWN, colorSpace=UNKNOWN, depth=-5.0, filename='stims/wedding-31.3a.mp4', flipHoriz=False, flipVert=False, fps=UNKNOWN, interpolate=True, loop=False, name='vid3_q', noAudio=False, opacity=1.0, ori=0, pos=array([0., 0.]), size=array([1280.,  720.]), units='pix', vframe_callback=UNKNOWN, volume=UNKNOWN, win=Window(...))
448.2624 	EXP 	Created vid4_q = MovieStim3(__class__=<class 'psychopy.visual.movie3.MovieStim3'>, autoLog=True, color=UNKNOWN, colorSpace=UNKNOWN, depth=-7.0, filename='stims/wedding-31.4b.mp4', flipHoriz=False, flipVert=False, fps=UNKNOWN, interpolate=True, loop=False, name='vid4_q', noAudio=False, opacity=1.0, ori=0, pos=array([0., 0.]), size=array([1280.,  720.]), units='pix', vframe_callback=UNKNOWN, volume=UNKNOWN, win=Window(...))
448.6485 	EXP 	Created vid5_q = MovieStim3(__class__=<class 'psychopy.visual.movie3.MovieStim3'>, autoLog=True, color=UNKNOWN, colorSpace=UNKNOWN, depth=-8.0, filename='stims/wedding-31.5.mp4', flipHoriz=False, flipVert=False, fps=UNKNOWN, interpolate=True, loop=False, name='vid5_q', noAudio=False, opacity=1.0, ori=0, pos=array([0., 0.]), size=array([1280.,  720.]), units='pix', vframe_callback=UNKNOWN, volume=UNKNOWN, win=Window(...))
448.9001 	EXP 	window1: recordFrameIntervals = False
448.9032 	DATA 	Keypress: equal
448.9065 	DATA 	Keypress: equal
448.9192 	EXP 	vid1a: autoDraw = False
448.9192 	EXP 	vid1b: autoDraw = False
448.9192 	EXP 	vid2: autoDraw = False
448.9192 	EXP 	vid3: autoDraw = False
448.9192 	EXP 	vid4: autoDraw = False
448.9192 	EXP 	vid5: autoDraw = False
448.9192 	EXP 	image: autoDraw = False
448.9192 	EXP 	vid1a_q: movie = 'stims/wedding-31.1a.mp4'
448.9192 	EXP 	vid1a_q: autoLog = True
448.9192 	EXP 	vid1b_q: movie = 'stims/wedding-31.1b.mp4'
448.9192 	EXP 	vid1b_q: autoLog = True
448.9192 	EXP 	vid2_q: movie = 'stims/wedding-31.2b.mp4'
448.9192 	EXP 	vid2_q: autoLog = True
448.9192 	EXP 	vid3_q: movie = 'stims/wedding-31.3a.mp4'
448.9192 	EXP 	vid3_q: autoLog = True
448.9192 	EXP 	vid4_q: movie = 'stims/wedding-31.4b.mp4'
448.9192 	EXP 	vid4_q: autoLog = True
448.9192 	EXP 	vid5_q: movie = 'stims/wedding-31.5.mp4'
448.9192 	EXP 	vid5_q: autoLog = True
448.9192 	EXP 	vid1a_q: autoDraw = False
448.9192 	EXP 	vid1b_q: autoDraw = False
448.9192 	EXP 	vid2_q: autoDraw = False
448.9192 	EXP 	l2q: autoDraw = False
448.9192 	EXP 	vid3_q: autoDraw = False
448.9192 	EXP 	l3q: autoDraw = False
448.9192 	EXP 	vid4_q: autoDraw = False
448.9192 	EXP 	vid5_q: autoDraw = False
448.9192 	EXP 	reveal: autoDraw = False
449.1100 	EXP 	window1: recordFrameIntervals = False
450.6868 	DATA 	Keypress: equal
450.6901 	DATA 	Keypress: equal
450.9188 	EXP 	eggPainting1: image = 'stimsday1details/painting31.png'
450.9188 	EXP 	eggPainting2: image = 'stimsday1details/newpainting11.png'
450.9188 	EXP 	character1: image = 'stimsday1details/couple31.png'
450.9188 	EXP 	character2: image = 'stimsday1details/newperson23.png'
450.9188 	EXP 	gift1: image = 'stimsday1details/gift31.png'
450.9188 	EXP 	gift2: image = 'stimsday1details/new23.png'
450.9188 	EXP 	themeQ1: image = 'stimsday1details/ct31.png'
450.9188 	EXP 	themeQ2: image = 'stimsday1details/t31.png'
450.9188 	EXP 	nameQ1: image = 'stimsday1details/cn31.png'
450.9188 	EXP 	nameQ2: image = 'stimsday1details/n31.png'
450.9188 	EXP 	nameQ1: autoDraw = True
450.9188 	EXP 	nameQ2: autoDraw = True
451.9670 	DATA 	Keypress: equal
451.9701 	DATA 	Keypress: 2
452.8986 	EXP 	nameQ1: autoDraw = False
452.8986 	EXP 	nameQ2: autoDraw = False
452.8986 	EXP 	nameQ1: autoDraw = False
452.8986 	EXP 	nameQ2: autoDraw = False
452.8986 	EXP 	eggPainting1: autoDraw = True
452.8986 	EXP 	eggPainting2: autoDraw = True
453.4666 	DATA 	Keypress: equal
453.6665 	DATA 	Keypress: 1
454.8985 	EXP 	eggPainting1: autoDraw = False
454.8985 	EXP 	eggPainting2: autoDraw = False
454.8985 	EXP 	eggPainting1: autoDraw = False
454.8985 	EXP 	eggPainting2: autoDraw = False
454.8985 	EXP 	character1: autoDraw = True
454.8985 	EXP 	character2: autoDraw = True
454.9670 	DATA 	Keypress: equal
455.6170 	DATA 	Keypress: 1
456.4669 	DATA 	Keypress: equal
456.8984 	EXP 	character1: autoDraw = False
456.8984 	EXP 	character2: autoDraw = False
456.8984 	EXP 	character1: autoDraw = False
456.8984 	EXP 	character2: autoDraw = False
456.8984 	EXP 	themeQ1: autoDraw = True
456.8984 	EXP 	themeQ2: autoDraw = True
457.8674 	DATA 	Keypress: 2
457.9505 	DATA 	Keypress: equal
458.8984 	EXP 	themeQ1: autoDraw = False
458.8984 	EXP 	themeQ2: autoDraw = False
458.8984 	EXP 	themeQ1: autoDraw = False
458.8984 	EXP 	themeQ2: autoDraw = False
458.8984 	EXP 	gift1: autoDraw = True
458.8984 	EXP 	gift2: autoDraw = True
459.4505 	DATA 	Keypress: equal
460.8984 	EXP 	gift1: autoDraw = False
460.8984 	EXP 	gift2: autoDraw = False
460.8984 	EXP 	gift1: autoDraw = False
460.8984 	EXP 	gift2: autoDraw = False
460.8984 	EXP 	northorsouth1: autoDraw = True
460.8984 	EXP 	northorsouth2: autoDraw = True
460.9504 	DATA 	Keypress: equal
461.7170 	DATA 	Keypress: 2
462.4506 	DATA 	Keypress: equal
463.1193 	EXP 	New trial (rep=0, index=3): OrderedDict([('condsFile', 'videoBlock_schemaS_pathA_5.csv')])
463.1330 	EXP 	Imported videoBlock_schemaS_pathA_5.csv as conditions, 1 conditions, 17 params
463.1335 	EXP 	Created sequence: random, trialTypes=1, nReps=1, seed=None
463.1343 	EXP 	New trial (rep=0, index=0): OrderedDict([('northOrSouth', 'south.png'), ('stimFile1a', 'stims/wedding-26.1a.mp4'), ('stimFile1b', 'stims/wedding-26.1b.mp4'), ('stimFile2', 'stims/wedding-26.2a.mp4'), ('stimFile3', 'stims/wedding-26.3b.mp4'), ('stimFile4', 'stims/wedding-26.4a.mp4'), ('stimFile5', 'stims/wedding-26.5.mp4'), ('QeggPainting1', 'stimsday1details/egg26.png'), ('Qcharacter1', 'stimsday1details/couple26.png'), ('Qgift1', 'stimsday1details/gift26.png'), ('QeggPainting2', 'stimsday1details/newegg11.png'), ('Qcharacter2', 'stimsday1details/newperson11.png'), ('Qgift2', 'stimsday1details/new11.png'), ('Qname1', 'stimsday1details/cn26.png'), ('Qtheme1', 'stimsday1details/ct26.png'), ('Qname2', 'stimsday1details/n26.png'), ('Qtheme2', 'stimsday1details/t26.png')])
463.1484 	EXP 	northorsouth1: autoDraw = False
463.1484 	EXP 	northorsouth2: autoDraw = False
463.1484 	EXP 	northorsouth1: autoDraw = False
463.1484 	EXP 	northorsouth2: autoDraw = False
463.1484 	EXP 	image_2: autoDraw = True
463.9508 	DATA 	Keypress: equal
465.1329 	EXP 	Created sequence: random, trialTypes=1, nReps=1, seed=None
465.1332 	EXP 	New trial (rep=0, index=0): None
465.6281 	EXP 	Created vid1a = MovieStim3(__class__=<class 'psychopy.visual.movie3.MovieStim3'>, autoLog=True, color=UNKNOWN, colorSpace=UNKNOWN, depth=-1.0, filename='stims/wedding-26.1a.mp4', flipHoriz=False, flipVert=False, fps=UNKNOWN, interpolate=True, loop=False, name='vid1a', noAudio=False, opacity=1.0, ori=0, pos=array([0., 0.]), size=array([1280.,  720.]), units='pix', vframe_callback=UNKNOWN, volume=UNKNOWN, win=Window(...))
466.0217 	EXP 	Created vid1b = MovieStim3(__class__=<class 'psychopy.visual.movie3.MovieStim3'>, autoLog=True, color=UNKNOWN, colorSpace=UNKNOWN, depth=-2.0, filename='stims/wedding-26.1b.mp4', flipHoriz=False, flipVert=False, fps=UNKNOWN, interpolate=True, loop=False, name='vid1b', noAudio=False, opacity=1.0, ori=0, pos=array([0., 0.]), size=array([1280.,  720.]), units='pix', vframe_callback=UNKNOWN, volume=UNKNOWN, win=Window(...))
466.5179 	EXP 	Created vid2 = MovieStim3(__class__=<class 'psychopy.visual.movie3.MovieStim3'>, autoLog=True, color=UNKNOWN, colorSpace=UNKNOWN, depth=-3.0, filename='stims/wedding-26.2a.mp4', flipHoriz=False, flipVert=False, fps=UNKNOWN, interpolate=True, loop=False, name='vid2', noAudio=False, opacity=1.0, ori=0, pos=array([0., 0.]), size=array([1280.,  720.]), units='pix', vframe_callback=UNKNOWN, volume=UNKNOWN, win=Window(...))
467.1089 	EXP 	Created vid3 = MovieStim3(__class__=<class 'psychopy.visual.movie3.MovieStim3'>, autoLog=True, color=UNKNOWN, colorSpace=UNKNOWN, depth=-4.0, filename='stims/wedding-26.3b.mp4', flipHoriz=False, flipVert=False, fps=UNKNOWN, interpolate=True, loop=False, name='vid3', noAudio=False, opacity=1.0, ori=0, pos=array([0., 0.]), size=array([1280.,  720.]), units='pix', vframe_callback=UNKNOWN, volume=UNKNOWN, win=Window(...))
467.6934 	EXP 	Created vid4 = MovieStim3(__class__=<class 'psychopy.visual.movie3.MovieStim3'>, autoLog=True, color=UNKNOWN, colorSpace=UNKNOWN, depth=-5.0, filename='stims/wedding-26.4a.mp4', flipHoriz=False, flipVert=False, fps=UNKNOWN, interpolate=True, loop=False, name='vid4', noAudio=False, opacity=1.0, ori=0, pos=array([0., 0.]), size=array([1280.,  720.]), units='pix', vframe_callback=UNKNOWN, volume=UNKNOWN, win=Window(...))
468.1135 	EXP 	Created vid5 = MovieStim3(__class__=<class 'psychopy.visual.movie3.MovieStim3'>, autoLog=True, color=UNKNOWN, colorSpace=UNKNOWN, depth=-6.0, filename='stims/wedding-26.5.mp4', flipHoriz=False, flipVert=False, fps=UNKNOWN, interpolate=True, loop=False, name='vid5', noAudio=False, opacity=1.0, ori=0, pos=array([0., 0.]), size=array([1280.,  720.]), units='pix', vframe_callback=UNKNOWN, volume=UNKNOWN, win=Window(...))
468.1961 	EXP 	window1: recordFrameIntervals = False
468.1997 	DATA 	Keypress: equal
468.2033 	DATA 	Keypress: equal
468.2166 	EXP 	image_2: autoDraw = False
468.2166 	EXP 	image_2: autoDraw = False
468.2166 	EXP 	vid1a: movie = 'stims/wedding-26.1a.mp4'
468.2166 	EXP 	vid1a: autoLog = True
468.2166 	EXP 	vid1b: movie = 'stims/wedding-26.1b.mp4'
468.2166 	EXP 	vid1b: autoLog = True
468.2166 	EXP 	vid2: movie = 'stims/wedding-26.2a.mp4'
468.2166 	EXP 	vid2: autoLog = True
468.2166 	EXP 	vid3: movie = 'stims/wedding-26.3b.mp4'
468.2166 	EXP 	vid3: autoLog = True
468.2166 	EXP 	vid4: movie = 'stims/wedding-26.4a.mp4'
468.2166 	EXP 	vid4: autoLog = True
468.2166 	EXP 	vid5: movie = 'stims/wedding-26.5.mp4'
468.2166 	EXP 	vid5: autoLog = True
470.9591 	EXP 	window1: recordFrameIntervals = False
472.4842 	DATA 	Keypress: equal
472.4880 	DATA 	Keypress: equal
472.4915 	DATA 	Keypress: equal
472.6983 	EXP 	vid1a: movie = 'stims/wedding-26.1a.mp4'
472.6983 	EXP 	vid1b: movie = 'stims/wedding-26.1b.mp4'
472.6983 	EXP 	vid2: movie = 'stims/wedding-26.2a.mp4'
472.6983 	EXP 	vid3: movie = 'stims/wedding-26.3b.mp4'
472.6983 	EXP 	vid4: movie = 'stims/wedding-26.4a.mp4'
472.6983 	EXP 	vid5: movie = 'stims/wedding-26.5.mp4'
472.6983 	EXP 	image: image = 'south.png'
472.7149 	EXP 	vid1a: autoDraw = True
472.7149 	EXP 	image: autoDraw = True
472.7149 	EXP 	image: autoDraw = False
472.9587 	DATA 	Keypress: equal
474.4584 	DATA 	Keypress: equal
475.9573 	DATA 	Keypress: equal
477.4580 	DATA 	Keypress: equal
478.9585 	DATA 	Keypress: equal
480.4590 	DATA 	Keypress: equal
481.9510 	DATA 	Keypress: equal
483.4502 	DATA 	Keypress: equal
484.9502 	DATA 	Keypress: equal
486.4501 	DATA 	Keypress: equal
487.9502 	DATA 	Keypress: equal
489.4500 	DATA 	Keypress: equal
490.9500 	DATA 	Keypress: equal
492.4503 	DATA 	Keypress: equal
493.9501 	DATA 	Keypress: equal
494.7313 	EXP 	Set vid1a finished
495.1647 	EXP 	vid1b: autoDraw = True
495.4499 	DATA 	Keypress: equal
496.9501 	DATA 	Keypress: equal
498.4499 	DATA 	Keypress: equal
499.9500 	DATA 	Keypress: equal
501.4498 	DATA 	Keypress: equal
502.9502 	DATA 	Keypress: equal
504.1479 	EXP 	vid1b: autoDraw = False
504.1646 	EXP 	vid2: autoDraw = True
504.4501 	DATA 	Keypress: equal
505.9501 	DATA 	Keypress: equal
507.4498 	DATA 	Keypress: equal
508.9503 	DATA 	Keypress: equal
510.4499 	DATA 	Keypress: equal
511.9501 	DATA 	Keypress: equal
513.4498 	DATA 	Keypress: equal
514.9500 	DATA 	Keypress: equal
516.4497 	DATA 	Keypress: equal
517.9496 	DATA 	Keypress: equal
519.4498 	DATA 	Keypress: equal
519.9810 	EXP 	Set vid2 finished
520.9495 	DATA 	Keypress: equal
521.1643 	EXP 	vid3: autoDraw = True
522.4497 	DATA 	Keypress: equal
523.9497 	DATA 	Keypress: equal
525.4495 	DATA 	Keypress: equal
526.9495 	DATA 	Keypress: equal
528.4496 	DATA 	Keypress: equal
529.9494 	DATA 	Keypress: equal
531.4494 	DATA 	Keypress: equal
532.9495 	DATA 	Keypress: equal
534.4496 	DATA 	Keypress: equal
535.9494 	DATA 	Keypress: equal
537.4496 	DATA 	Keypress: equal
538.9495 	DATA 	Keypress: equal
540.4493 	DATA 	Keypress: equal
541.9495 	DATA 	Keypress: equal
543.4492 	DATA 	Keypress: equal
544.1473 	EXP 	vid3: autoDraw = False
544.1640 	EXP 	vid4: autoDraw = True
544.9497 	DATA 	Keypress: equal
546.4496 	DATA 	Keypress: equal
547.9493 	DATA 	Keypress: equal
549.4492 	DATA 	Keypress: equal
550.9493 	DATA 	Keypress: equal
552.4496 	DATA 	Keypress: equal
553.9494 	DATA 	Keypress: equal
555.4493 	DATA 	Keypress: equal
556.9494 	DATA 	Keypress: equal
558.4491 	DATA 	Keypress: equal
559.9491 	DATA 	Keypress: equal
561.4490 	DATA 	Keypress: equal
562.9490 	DATA 	Keypress: equal
564.4490 	DATA 	Keypress: equal
565.9493 	DATA 	Keypress: equal
567.4491 	DATA 	Keypress: equal
568.1470 	EXP 	vid4: autoDraw = False
568.1637 	EXP 	vid5: autoDraw = True
568.9752 	DATA 	Keypress: equal
570.4490 	DATA 	Keypress: equal
571.9493 	DATA 	Keypress: equal
573.4491 	DATA 	Keypress: equal
574.9489 	DATA 	Keypress: equal
576.4491 	DATA 	Keypress: equal
577.9489 	DATA 	Keypress: equal
579.4492 	DATA 	Keypress: equal
580.7803 	EXP 	Set vid5 finished
580.9782 	EXP 	Created sequence: random, trialTypes=1, nReps=1, seed=None
580.9785 	EXP 	New trial (rep=0, index=0): None
581.4493 	EXP 	Created vid1a_q = MovieStim3(__class__=<class 'psychopy.visual.movie3.MovieStim3'>, autoLog=True, color=UNKNOWN, colorSpace=UNKNOWN, depth=-1.0, filename='stims/wedding-26.1a.mp4', flipHoriz=False, flipVert=False, fps=UNKNOWN, interpolate=True, loop=False, name='vid1a_q', noAudio=False, opacity=1.0, ori=0, pos=array([0., 0.]), size=array([1280.,  720.]), units='pix', vframe_callback=UNKNOWN, volume=UNKNOWN, win=Window(...))
581.8217 	EXP 	Created vid1b_q = MovieStim3(__class__=<class 'psychopy.visual.movie3.MovieStim3'>, autoLog=True, color=UNKNOWN, colorSpace=UNKNOWN, depth=-2.0, filename='stims/wedding-26.1b.mp4', flipHoriz=False, flipVert=False, fps=UNKNOWN, interpolate=True, loop=False, name='vid1b_q', noAudio=False, opacity=1.0, ori=0, pos=array([0., 0.]), size=array([1280.,  720.]), units='pix', vframe_callback=UNKNOWN, volume=UNKNOWN, win=Window(...))
582.2693 	EXP 	Created vid2_q = MovieStim3(__class__=<class 'psychopy.visual.movie3.MovieStim3'>, autoLog=True, color=UNKNOWN, colorSpace=UNKNOWN, depth=-3.0, filename='stims/wedding-26.2a.mp4', flipHoriz=False, flipVert=False, fps=UNKNOWN, interpolate=True, loop=False, name='vid2_q', noAudio=False, opacity=1.0, ori=0, pos=array([0., 0.]), size=array([1280.,  720.]), units='pix', vframe_callback=UNKNOWN, volume=UNKNOWN, win=Window(...))
582.7897 	EXP 	Created vid3_q = MovieStim3(__class__=<class 'psychopy.visual.movie3.MovieStim3'>, autoLog=True, color=UNKNOWN, colorSpace=UNKNOWN, depth=-5.0, filename='stims/wedding-26.3b.mp4', flipHoriz=False, flipVert=False, fps=UNKNOWN, interpolate=True, loop=False, name='vid3_q', noAudio=False, opacity=1.0, ori=0, pos=array([0., 0.]), size=array([1280.,  720.]), units='pix', vframe_callback=UNKNOWN, volume=UNKNOWN, win=Window(...))
583.3249 	EXP 	Created vid4_q = MovieStim3(__class__=<class 'psychopy.visual.movie3.MovieStim3'>, autoLog=True, color=UNKNOWN, colorSpace=UNKNOWN, depth=-7.0, filename='stims/wedding-26.4a.mp4', flipHoriz=False, flipVert=False, fps=UNKNOWN, interpolate=True, loop=False, name='vid4_q', noAudio=False, opacity=1.0, ori=0, pos=array([0., 0.]), size=array([1280.,  720.]), units='pix', vframe_callback=UNKNOWN, volume=UNKNOWN, win=Window(...))
583.7051 	EXP 	Created vid5_q = MovieStim3(__class__=<class 'psychopy.visual.movie3.MovieStim3'>, autoLog=True, color=UNKNOWN, colorSpace=UNKNOWN, depth=-8.0, filename='stims/wedding-26.5.mp4', flipHoriz=False, flipVert=False, fps=UNKNOWN, interpolate=True, loop=False, name='vid5_q', noAudio=False, opacity=1.0, ori=0, pos=array([0., 0.]), size=array([1280.,  720.]), units='pix', vframe_callback=UNKNOWN, volume=UNKNOWN, win=Window(...))
583.9875 	EXP 	window1: recordFrameIntervals = False
583.9906 	DATA 	Keypress: equal
583.9939 	DATA 	Keypress: equal
583.9972 	DATA 	Keypress: equal
584.0136 	EXP 	vid1a: autoDraw = False
584.0136 	EXP 	vid1b: autoDraw = False
584.0136 	EXP 	vid2: autoDraw = False
584.0136 	EXP 	vid3: autoDraw = False
584.0136 	EXP 	vid4: autoDraw = False
584.0136 	EXP 	vid5: autoDraw = False
584.0136 	EXP 	image: autoDraw = False
584.0136 	EXP 	vid1a_q: movie = 'stims/wedding-26.1a.mp4'
584.0136 	EXP 	vid1a_q: autoLog = True
584.0136 	EXP 	vid1b_q: movie = 'stims/wedding-26.1b.mp4'
584.0136 	EXP 	vid1b_q: autoLog = True
584.0136 	EXP 	vid2_q: movie = 'stims/wedding-26.2a.mp4'
584.0136 	EXP 	vid2_q: autoLog = True
584.0136 	EXP 	vid3_q: movie = 'stims/wedding-26.3b.mp4'
584.0136 	EXP 	vid3_q: autoLog = True
584.0136 	EXP 	vid4_q: movie = 'stims/wedding-26.4a.mp4'
584.0136 	EXP 	vid4_q: autoLog = True
584.0136 	EXP 	vid5_q: movie = 'stims/wedding-26.5.mp4'
584.0136 	EXP 	vid5_q: autoLog = True
584.0136 	EXP 	vid1a_q: autoDraw = False
584.0136 	EXP 	vid1b_q: autoDraw = False
584.0136 	EXP 	vid2_q: autoDraw = False
584.0136 	EXP 	l2q: autoDraw = False
584.0136 	EXP 	vid3_q: autoDraw = False
584.0136 	EXP 	l3q: autoDraw = False
584.0136 	EXP 	vid4_q: autoDraw = False
584.0136 	EXP 	vid5_q: autoDraw = False
584.0136 	EXP 	reveal: autoDraw = False
584.2136 	EXP 	window1: recordFrameIntervals = False
585.7743 	DATA 	Keypress: equal
585.9969 	EXP 	eggPainting1: image = 'stimsday1details/egg26.png'
585.9969 	EXP 	eggPainting2: image = 'stimsday1details/newegg11.png'
585.9969 	EXP 	character1: image = 'stimsday1details/couple26.png'
585.9969 	EXP 	character2: image = 'stimsday1details/newperson11.png'
585.9969 	EXP 	gift1: image = 'stimsday1details/gift26.png'
585.9969 	EXP 	gift2: image = 'stimsday1details/new11.png'
585.9969 	EXP 	themeQ1: image = 'stimsday1details/ct26.png'
585.9969 	EXP 	themeQ2: image = 'stimsday1details/t26.png'
585.9969 	EXP 	nameQ1: image = 'stimsday1details/cn26.png'
585.9969 	EXP 	nameQ2: image = 'stimsday1details/n26.png'
585.9969 	EXP 	nameQ1: autoDraw = True
585.9969 	EXP 	nameQ2: autoDraw = True
586.9488 	DATA 	Keypress: equal
587.0985 	DATA 	Keypress: 2
587.9802 	EXP 	nameQ1: autoDraw = False
587.9802 	EXP 	nameQ2: autoDraw = False
587.9802 	EXP 	nameQ1: autoDraw = False
587.9802 	EXP 	nameQ2: autoDraw = False
587.9802 	EXP 	eggPainting1: autoDraw = True
587.9802 	EXP 	eggPainting2: autoDraw = True
588.4484 	DATA 	Keypress: equal
588.7982 	DATA 	Keypress: 1
589.9485 	DATA 	Keypress: equal
589.9801 	EXP 	eggPainting1: autoDraw = False
589.9801 	EXP 	eggPainting2: autoDraw = False
589.9801 	EXP 	eggPainting1: autoDraw = False
589.9801 	EXP 	eggPainting2: autoDraw = False
589.9801 	EXP 	character1: autoDraw = True
589.9801 	EXP 	character2: autoDraw = True
591.0150 	DATA 	Keypress: 1
591.4482 	DATA 	Keypress: equal
591.9801 	EXP 	character1: autoDraw = False
591.9801 	EXP 	character2: autoDraw = False
591.9801 	EXP 	character1: autoDraw = False
591.9801 	EXP 	character2: autoDraw = False
591.9801 	EXP 	themeQ1: autoDraw = True
591.9801 	EXP 	themeQ2: autoDraw = True
592.9486 	DATA 	Keypress: equal
593.2481 	DATA 	Keypress: 2
593.9801 	EXP 	themeQ1: autoDraw = False
593.9801 	EXP 	themeQ2: autoDraw = False
593.9801 	EXP 	themeQ1: autoDraw = False
593.9801 	EXP 	themeQ2: autoDraw = False
593.9801 	EXP 	gift1: autoDraw = True
593.9801 	EXP 	gift2: autoDraw = True
594.4483 	DATA 	Keypress: equal
595.6987 	DATA 	Keypress: 1
595.9485 	DATA 	Keypress: equal
595.9801 	EXP 	gift1: autoDraw = False
595.9801 	EXP 	gift2: autoDraw = False
595.9801 	EXP 	gift1: autoDraw = False
595.9801 	EXP 	gift2: autoDraw = False
595.9801 	EXP 	northorsouth1: autoDraw = True
595.9801 	EXP 	northorsouth2: autoDraw = True
596.9317 	DATA 	Keypress: 2
597.4482 	DATA 	Keypress: equal
598.2370 	EXP 	New trial (rep=0, index=4): OrderedDict([('condsFile', 'videoBlock_schemaS_pathB_4.csv')])
598.2496 	EXP 	Imported videoBlock_schemaS_pathB_4.csv as conditions, 1 conditions, 17 params
598.2501 	EXP 	Created sequence: random, trialTypes=1, nReps=1, seed=None
598.2508 	EXP 	New trial (rep=0, index=0): OrderedDict([('northOrSouth', 'south.png'), ('stimFile1a', 'stims/wedding-35.1a.mp4'), ('stimFile1b', 'stims/wedding-35.1b.mp4'), ('stimFile2', 'stims/wedding-35.2b.mp4'), ('stimFile3', 'stims/wedding-35.3a.mp4'), ('stimFile4', 'stims/wedding-35.4b.mp4'), ('stimFile5', 'stims/wedding-35.5.mp4'), ('QeggPainting1', 'stimsday1details/newpainting10.png'), ('Qcharacter1', 'stimsday1details/newperson22.png'), ('Qgift1', 'stimsday1details/gift35.png'), ('QeggPainting2', 'stimsday1details/painting35.png'), ('Qcharacter2', 'stimsday1details/couple35.png'), ('Qgift2', 'stimsday1details/new22.png'), ('Qname1', 'stimsday1details/n35.png'), ('Qtheme1', 'stimsday1details/t35.png'), ('Qname2', 'stimsday1details/cn35.png'), ('Qtheme2', 'stimsday1details/ct35.png')])
598.2634 	EXP 	northorsouth1: autoDraw = False
598.2634 	EXP 	northorsouth2: autoDraw = False
598.2634 	EXP 	northorsouth1: autoDraw = False
598.2634 	EXP 	northorsouth2: autoDraw = False
598.2634 	EXP 	image_2: autoDraw = True
598.9486 	DATA 	Keypress: equal
600.2479 	EXP 	Created sequence: random, trialTypes=1, nReps=1, seed=None
600.2481 	EXP 	New trial (rep=0, index=0): None
600.7574 	EXP 	Created vid1a = MovieStim3(__class__=<class 'psychopy.visual.movie3.MovieStim3'>, autoLog=True, color=UNKNOWN, colorSpace=UNKNOWN, depth=-1.0, filename='stims/wedding-35.1a.mp4', flipHoriz=False, flipVert=False, fps=UNKNOWN, interpolate=True, loop=False, name='vid1a', noAudio=False, opacity=1.0, ori=0, pos=array([0., 0.]), size=array([1280.,  720.]), units='pix', vframe_callback=UNKNOWN, volume=UNKNOWN, win=Window(...))
601.1470 	EXP 	Created vid1b = MovieStim3(__class__=<class 'psychopy.visual.movie3.MovieStim3'>, autoLog=True, color=UNKNOWN, colorSpace=UNKNOWN, depth=-2.0, filename='stims/wedding-35.1b.mp4', flipHoriz=False, flipVert=False, fps=UNKNOWN, interpolate=True, loop=False, name='vid1b', noAudio=False, opacity=1.0, ori=0, pos=array([0., 0.]), size=array([1280.,  720.]), units='pix', vframe_callback=UNKNOWN, volume=UNKNOWN, win=Window(...))
601.5588 	EXP 	Created vid2 = MovieStim3(__class__=<class 'psychopy.visual.movie3.MovieStim3'>, autoLog=True, color=UNKNOWN, colorSpace=UNKNOWN, depth=-3.0, filename='stims/wedding-35.2b.mp4', flipHoriz=False, flipVert=False, fps=UNKNOWN, interpolate=True, loop=False, name='vid2', noAudio=False, opacity=1.0, ori=0, pos=array([0., 0.]), size=array([1280.,  720.]), units='pix', vframe_callback=UNKNOWN, volume=UNKNOWN, win=Window(...))
602.0414 	EXP 	Created vid3 = MovieStim3(__class__=<class 'psychopy.visual.movie3.MovieStim3'>, autoLog=True, color=UNKNOWN, colorSpace=UNKNOWN, depth=-4.0, filename='stims/wedding-35.3a.mp4', flipHoriz=False, flipVert=False, fps=UNKNOWN, interpolate=True, loop=False, name='vid3', noAudio=False, opacity=1.0, ori=0, pos=array([0., 0.]), size=array([1280.,  720.]), units='pix', vframe_callback=UNKNOWN, volume=UNKNOWN, win=Window(...))
602.5095 	EXP 	Created vid4 = MovieStim3(__class__=<class 'psychopy.visual.movie3.MovieStim3'>, autoLog=True, color=UNKNOWN, colorSpace=UNKNOWN, depth=-5.0, filename='stims/wedding-35.4b.mp4', flipHoriz=False, flipVert=False, fps=UNKNOWN, interpolate=True, loop=False, name='vid4', noAudio=False, opacity=1.0, ori=0, pos=array([0., 0.]), size=array([1280.,  720.]), units='pix', vframe_callback=UNKNOWN, volume=UNKNOWN, win=Window(...))
602.9411 	EXP 	Created vid5 = MovieStim3(__class__=<class 'psychopy.visual.movie3.MovieStim3'>, autoLog=True, color=UNKNOWN, colorSpace=UNKNOWN, depth=-6.0, filename='stims/wedding-35.5.mp4', flipHoriz=False, flipVert=False, fps=UNKNOWN, interpolate=True, loop=False, name='vid5', noAudio=False, opacity=1.0, ori=0, pos=array([0., 0.]), size=array([1280.,  720.]), units='pix', vframe_callback=UNKNOWN, volume=UNKNOWN, win=Window(...))
603.0256 	EXP 	window1: recordFrameIntervals = False
603.0292 	DATA 	Keypress: equal
603.0331 	DATA 	Keypress: equal
603.0466 	EXP 	image_2: autoDraw = False
603.0466 	EXP 	image_2: autoDraw = False
603.0466 	EXP 	vid1a: movie = 'stims/wedding-35.1a.mp4'
603.0466 	EXP 	vid1a: autoLog = True
603.0466 	EXP 	vid1b: movie = 'stims/wedding-35.1b.mp4'
603.0466 	EXP 	vid1b: autoLog = True
603.0466 	EXP 	vid2: movie = 'stims/wedding-35.2b.mp4'
603.0466 	EXP 	vid2: autoLog = True
603.0466 	EXP 	vid3: movie = 'stims/wedding-35.3a.mp4'
603.0466 	EXP 	vid3: autoLog = True
603.0466 	EXP 	vid4: movie = 'stims/wedding-35.4b.mp4'
603.0466 	EXP 	vid4: autoLog = True
603.0466 	EXP 	vid5: movie = 'stims/wedding-35.5.mp4'
603.0466 	EXP 	vid5: autoLog = True
605.6328 	EXP 	window1: recordFrameIntervals = False
607.3128 	DATA 	Keypress: equal
607.3168 	DATA 	Keypress: equal
607.3201 	DATA 	Keypress: equal
607.5135 	EXP 	vid1a: movie = 'stims/wedding-35.1a.mp4'
607.5135 	EXP 	vid1b: movie = 'stims/wedding-35.1b.mp4'
607.5135 	EXP 	vid2: movie = 'stims/wedding-35.2b.mp4'
607.5135 	EXP 	vid3: movie = 'stims/wedding-35.3a.mp4'
607.5135 	EXP 	vid4: movie = 'stims/wedding-35.4b.mp4'
607.5135 	EXP 	vid5: movie = 'stims/wedding-35.5.mp4'
607.5135 	EXP 	image: image = 'south.png'
607.5299 	EXP 	vid1a: autoDraw = True
607.5299 	EXP 	image: autoDraw = True
607.5299 	EXP 	image: autoDraw = False
607.9486 	DATA 	Keypress: equal
609.4488 	DATA 	Keypress: equal
610.9486 	DATA 	Keypress: equal
612.4487 	DATA 	Keypress: equal
613.9486 	DATA 	Keypress: equal
615.4485 	DATA 	Keypress: equal
616.9486 	DATA 	Keypress: equal
618.4484 	DATA 	Keypress: equal
619.9482 	DATA 	Keypress: equal
621.4483 	DATA 	Keypress: equal
622.9483 	DATA 	Keypress: equal
624.4483 	DATA 	Keypress: equal
625.9482 	DATA 	Keypress: equal
627.4482 	DATA 	Keypress: equal
628.9481 	DATA 	Keypress: equal
630.2630 	EXP 	vid1a: autoDraw = False
630.2796 	EXP 	vid1b: autoDraw = True
630.4482 	DATA 	Keypress: equal
631.9481 	DATA 	Keypress: equal
633.4753 	DATA 	Keypress: equal
634.9481 	DATA 	Keypress: equal
636.4480 	DATA 	Keypress: equal
637.9481 	DATA 	Keypress: equal
638.9629 	EXP 	Set vid1b finished
639.2795 	EXP 	vid2: autoDraw = True
639.4485 	DATA 	Keypress: equal
640.9482 	DATA 	Keypress: equal
642.4485 	DATA 	Keypress: equal
643.9482 	DATA 	Keypress: equal
645.4480 	DATA 	Keypress: equal
646.9483 	DATA 	Keypress: equal
648.4480 	DATA 	Keypress: equal
649.9480 	DATA 	Keypress: equal
651.4480 	DATA 	Keypress: equal
652.9485 	DATA 	Keypress: equal
654.4480 	DATA 	Keypress: equal
655.9481 	DATA 	Keypress: equal
656.2627 	EXP 	vid2: autoDraw = False
656.2793 	EXP 	vid3: autoDraw = True
657.4479 	DATA 	Keypress: equal
658.9480 	DATA 	Keypress: equal
660.4478 	DATA 	Keypress: equal
661.9489 	DATA 	Keypress: equal
663.4478 	DATA 	Keypress: equal
664.9479 	DATA 	Keypress: equal
666.4479 	DATA 	Keypress: equal
667.9478 	DATA 	Keypress: equal
669.4480 	DATA 	Keypress: equal
670.9476 	DATA 	Keypress: equal
672.4478 	DATA 	Keypress: equal
673.9477 	DATA 	Keypress: equal
675.4479 	DATA 	Keypress: equal
676.9476 	DATA 	Keypress: equal
678.4479 	DATA 	Keypress: equal
679.2624 	EXP 	vid3: autoDraw = False
679.2790 	EXP 	vid4: autoDraw = True
679.9477 	DATA 	Keypress: equal
681.4477 	DATA 	Keypress: equal
682.9479 	DATA 	Keypress: equal
684.4478 	DATA 	Keypress: equal
685.9474 	DATA 	Keypress: equal
687.4476 	DATA 	Keypress: equal
688.9477 	DATA 	Keypress: equal
690.4476 	DATA 	Keypress: equal
691.9474 	DATA 	Keypress: equal
693.4477 	DATA 	Keypress: equal
694.9474 	DATA 	Keypress: equal
696.4474 	DATA 	Keypress: equal
697.9474 	DATA 	Keypress: equal
699.4474 	DATA 	Keypress: equal
700.9473 	DATA 	Keypress: equal
702.1954 	EXP 	Set vid4 finished
702.4473 	DATA 	Keypress: equal
703.2787 	EXP 	vid5: autoDraw = True
703.9475 	DATA 	Keypress: equal
705.4472 	DATA 	Keypress: equal
706.9473 	DATA 	Keypress: equal
708.4473 	DATA 	Keypress: equal
709.9473 	DATA 	Keypress: equal
711.4471 	DATA 	Keypress: equal
712.9475 	DATA 	Keypress: equal
714.4473 	DATA 	Keypress: equal
715.5952 	EXP 	Set vid5 finished
715.8257 	EXP 	Created sequence: random, trialTypes=1, nReps=1, seed=None
715.8260 	EXP 	New trial (rep=0, index=0): None
716.3062 	EXP 	Created vid1a_q = MovieStim3(__class__=<class 'psychopy.visual.movie3.MovieStim3'>, autoLog=True, color=UNKNOWN, colorSpace=UNKNOWN, depth=-1.0, filename='stims/wedding-35.1a.mp4', flipHoriz=False, flipVert=False, fps=UNKNOWN, interpolate=True, loop=False, name='vid1a_q', noAudio=False, opacity=1.0, ori=0, pos=array([0., 0.]), size=array([1280.,  720.]), units='pix', vframe_callback=UNKNOWN, volume=UNKNOWN, win=Window(...))
716.6748 	EXP 	Created vid1b_q = MovieStim3(__class__=<class 'psychopy.visual.movie3.MovieStim3'>, autoLog=True, color=UNKNOWN, colorSpace=UNKNOWN, depth=-2.0, filename='stims/wedding-35.1b.mp4', flipHoriz=False, flipVert=False, fps=UNKNOWN, interpolate=True, loop=False, name='vid1b_q', noAudio=False, opacity=1.0, ori=0, pos=array([0., 0.]), size=array([1280.,  720.]), units='pix', vframe_callback=UNKNOWN, volume=UNKNOWN, win=Window(...))
717.0841 	EXP 	Created vid2_q = MovieStim3(__class__=<class 'psychopy.visual.movie3.MovieStim3'>, autoLog=True, color=UNKNOWN, colorSpace=UNKNOWN, depth=-3.0, filename='stims/wedding-35.2b.mp4', flipHoriz=False, flipVert=False, fps=UNKNOWN, interpolate=True, loop=False, name='vid2_q', noAudio=False, opacity=1.0, ori=0, pos=array([0., 0.]), size=array([1280.,  720.]), units='pix', vframe_callback=UNKNOWN, volume=UNKNOWN, win=Window(...))
717.5414 	EXP 	Created vid3_q = MovieStim3(__class__=<class 'psychopy.visual.movie3.MovieStim3'>, autoLog=True, color=UNKNOWN, colorSpace=UNKNOWN, depth=-5.0, filename='stims/wedding-35.3a.mp4', flipHoriz=False, flipVert=False, fps=UNKNOWN, interpolate=True, loop=False, name='vid3_q', noAudio=False, opacity=1.0, ori=0, pos=array([0., 0.]), size=array([1280.,  720.]), units='pix', vframe_callback=UNKNOWN, volume=UNKNOWN, win=Window(...))
717.9967 	EXP 	Created vid4_q = MovieStim3(__class__=<class 'psychopy.visual.movie3.MovieStim3'>, autoLog=True, color=UNKNOWN, colorSpace=UNKNOWN, depth=-7.0, filename='stims/wedding-35.4b.mp4', flipHoriz=False, flipVert=False, fps=UNKNOWN, interpolate=True, loop=False, name='vid4_q', noAudio=False, opacity=1.0, ori=0, pos=array([0., 0.]), size=array([1280.,  720.]), units='pix', vframe_callback=UNKNOWN, volume=UNKNOWN, win=Window(...))
718.3875 	EXP 	Created vid5_q = MovieStim3(__class__=<class 'psychopy.visual.movie3.MovieStim3'>, autoLog=True, color=UNKNOWN, colorSpace=UNKNOWN, depth=-8.0, filename='stims/wedding-35.5.mp4', flipHoriz=False, flipVert=False, fps=UNKNOWN, interpolate=True, loop=False, name='vid5_q', noAudio=False, opacity=1.0, ori=0, pos=array([0., 0.]), size=array([1280.,  720.]), units='pix', vframe_callback=UNKNOWN, volume=UNKNOWN, win=Window(...))
718.7003 	EXP 	window1: recordFrameIntervals = False
718.7034 	DATA 	Keypress: equal
718.7068 	DATA 	Keypress: equal
718.7121 	EXP 	vid1a: autoDraw = False
718.7121 	EXP 	vid1b: autoDraw = False
718.7121 	EXP 	vid2: autoDraw = False
718.7121 	EXP 	vid3: autoDraw = False
718.7121 	EXP 	vid4: autoDraw = False
718.7121 	EXP 	vid5: autoDraw = False
718.7121 	EXP 	image: autoDraw = False
718.7121 	EXP 	vid1a_q: movie = 'stims/wedding-35.1a.mp4'
718.7121 	EXP 	vid1a_q: autoLog = True
718.7121 	EXP 	vid1b_q: movie = 'stims/wedding-35.1b.mp4'
718.7121 	EXP 	vid1b_q: autoLog = True
718.7121 	EXP 	vid2_q: movie = 'stims/wedding-35.2b.mp4'
718.7121 	EXP 	vid2_q: autoLog = True
718.7121 	EXP 	vid3_q: movie = 'stims/wedding-35.3a.mp4'
718.7121 	EXP 	vid3_q: autoLog = True
718.7121 	EXP 	vid4_q: movie = 'stims/wedding-35.4b.mp4'
718.7121 	EXP 	vid4_q: autoLog = True
718.7121 	EXP 	vid5_q: movie = 'stims/wedding-35.5.mp4'
718.7121 	EXP 	vid5_q: autoLog = True
718.7121 	EXP 	vid1a_q: autoDraw = False
718.7121 	EXP 	vid1b_q: autoDraw = False
718.7121 	EXP 	vid2_q: autoDraw = False
718.7121 	EXP 	l2q: autoDraw = False
718.7121 	EXP 	vid3_q: autoDraw = False
718.7121 	EXP 	l3q: autoDraw = False
718.7121 	EXP 	vid4_q: autoDraw = False
718.7121 	EXP 	vid5_q: autoDraw = False
718.7121 	EXP 	reveal: autoDraw = False
718.9137 	EXP 	window1: recordFrameIntervals = False
720.4868 	DATA 	Keypress: equal
720.4907 	DATA 	Keypress: equal
720.7119 	EXP 	eggPainting1: image = 'stimsday1details/newpainting10.png'
720.7119 	EXP 	eggPainting2: image = 'stimsday1details/painting35.png'
720.7119 	EXP 	character1: image = 'stimsday1details/newperson22.png'
720.7119 	EXP 	character2: image = 'stimsday1details/couple35.png'
720.7119 	EXP 	gift1: image = 'stimsday1details/gift35.png'
720.7119 	EXP 	gift2: image = 'stimsday1details/new22.png'
720.7119 	EXP 	themeQ1: image = 'stimsday1details/t35.png'
720.7119 	EXP 	themeQ2: image = 'stimsday1details/ct35.png'
720.7119 	EXP 	nameQ1: image = 'stimsday1details/n35.png'
720.7119 	EXP 	nameQ2: image = 'stimsday1details/cn35.png'
720.7119 	EXP 	nameQ1: autoDraw = True
720.7119 	EXP 	nameQ2: autoDraw = True
721.6135 	DATA 	Keypress: 1
721.9466 	DATA 	Keypress: equal
722.6952 	EXP 	nameQ1: autoDraw = False
722.6952 	EXP 	nameQ2: autoDraw = False
722.6952 	EXP 	nameQ1: autoDraw = False
722.6952 	EXP 	nameQ2: autoDraw = False
722.6952 	EXP 	eggPainting1: autoDraw = True
722.6952 	EXP 	eggPainting2: autoDraw = True
723.4469 	DATA 	Keypress: equal
723.6299 	DATA 	Keypress: 2
724.6951 	EXP 	eggPainting1: autoDraw = False
724.6951 	EXP 	eggPainting2: autoDraw = False
724.6951 	EXP 	eggPainting1: autoDraw = False
724.6951 	EXP 	eggPainting2: autoDraw = False
724.6951 	EXP 	character1: autoDraw = True
724.6951 	EXP 	character2: autoDraw = True
724.9467 	DATA 	Keypress: equal
725.6801 	DATA 	Keypress: 2
726.4468 	DATA 	Keypress: equal
726.6951 	EXP 	character1: autoDraw = False
726.6951 	EXP 	character2: autoDraw = False
726.6951 	EXP 	character1: autoDraw = False
726.6951 	EXP 	character2: autoDraw = False
726.6951 	EXP 	themeQ1: autoDraw = True
726.6951 	EXP 	themeQ2: autoDraw = True
727.9469 	DATA 	Keypress: equal
728.6302 	DATA 	Keypress: 1
728.6952 	EXP 	themeQ1: autoDraw = False
728.6952 	EXP 	themeQ2: autoDraw = False
728.6952 	EXP 	themeQ1: autoDraw = False
728.6952 	EXP 	themeQ2: autoDraw = False
728.6952 	EXP 	gift1: autoDraw = True
728.6952 	EXP 	gift2: autoDraw = True
729.4470 	DATA 	Keypress: equal
730.1966 	DATA 	Keypress: 1
730.6950 	EXP 	gift1: autoDraw = False
730.6950 	EXP 	gift2: autoDraw = False
730.6950 	EXP 	gift1: autoDraw = False
730.6950 	EXP 	gift2: autoDraw = False
730.6950 	EXP 	northorsouth1: autoDraw = True
730.6950 	EXP 	northorsouth2: autoDraw = True
730.9465 	DATA 	Keypress: equal
731.4964 	DATA 	Keypress: 2
732.4469 	DATA 	Keypress: equal
732.9776 	EXP 	New trial (rep=0, index=5): OrderedDict([('condsFile', 'videoBlock_schemaS_pathA_4.csv')])
732.9904 	EXP 	Imported videoBlock_schemaS_pathA_4.csv as conditions, 1 conditions, 17 params
732.9909 	EXP 	Created sequence: random, trialTypes=1, nReps=1, seed=None
732.9917 	EXP 	New trial (rep=0, index=0): OrderedDict([('northOrSouth', 'south.png'), ('stimFile1a', 'stims/wedding-21.1a.mp4'), ('stimFile1b', 'stims/wedding-21.1b.mp4'), ('stimFile2', 'stims/wedding-21.2a.mp4'), ('stimFile3', 'stims/wedding-21.3b.mp4'), ('stimFile4', 'stims/wedding-21.4a.mp4'), ('stimFile5', 'stims/wedding-21.5.mp4'), ('QeggPainting1', 'stimsday1details/egg21.png'), ('Qcharacter1', 'stimsday1details/newperson10.png'), ('Qgift1', 'stimsday1details/gift21.png'), ('QeggPainting2', 'stimsday1details/newegg10.png'), ('Qcharacter2', 'stimsday1details/couple21.png'), ('Qgift2', 'stimsday1details/new10.png'), ('Qname1', 'stimsday1details/n21.png'), ('Qtheme1', 'stimsday1details/ct21.png'), ('Qname2', 'stimsday1details/cn21.png'), ('Qtheme2', 'stimsday1details/t21.png')])
732.9950 	EXP 	northorsouth1: autoDraw = False
732.9950 	EXP 	northorsouth2: autoDraw = False
732.9950 	EXP 	northorsouth1: autoDraw = False
732.9950 	EXP 	northorsouth2: autoDraw = False
732.9950 	EXP 	image_2: autoDraw = True
733.9469 	DATA 	Keypress: equal
734.9965 	EXP 	Created sequence: random, trialTypes=1, nReps=1, seed=None
734.9968 	EXP 	New trial (rep=0, index=0): None
735.4920 	EXP 	Created vid1a = MovieStim3(__class__=<class 'psychopy.visual.movie3.MovieStim3'>, autoLog=True, color=UNKNOWN, colorSpace=UNKNOWN, depth=-1.0, filename='stims/wedding-21.1a.mp4', flipHoriz=False, flipVert=False, fps=UNKNOWN, interpolate=True, loop=False, name='vid1a', noAudio=False, opacity=1.0, ori=0, pos=array([0., 0.]), size=array([1280.,  720.]), units='pix', vframe_callback=UNKNOWN, volume=UNKNOWN, win=Window(...))
735.8436 	EXP 	Created vid1b = MovieStim3(__class__=<class 'psychopy.visual.movie3.MovieStim3'>, autoLog=True, color=UNKNOWN, colorSpace=UNKNOWN, depth=-2.0, filename='stims/wedding-21.1b.mp4', flipHoriz=False, flipVert=False, fps=UNKNOWN, interpolate=True, loop=False, name='vid1b', noAudio=False, opacity=1.0, ori=0, pos=array([0., 0.]), size=array([1280.,  720.]), units='pix', vframe_callback=UNKNOWN, volume=UNKNOWN, win=Window(...))
736.3555 	EXP 	Created vid2 = MovieStim3(__class__=<class 'psychopy.visual.movie3.MovieStim3'>, autoLog=True, color=UNKNOWN, colorSpace=UNKNOWN, depth=-3.0, filename='stims/wedding-21.2a.mp4', flipHoriz=False, flipVert=False, fps=UNKNOWN, interpolate=True, loop=False, name='vid2', noAudio=False, opacity=1.0, ori=0, pos=array([0., 0.]), size=array([1280.,  720.]), units='pix', vframe_callback=UNKNOWN, volume=UNKNOWN, win=Window(...))
736.9391 	EXP 	Created vid3 = MovieStim3(__class__=<class 'psychopy.visual.movie3.MovieStim3'>, autoLog=True, color=UNKNOWN, colorSpace=UNKNOWN, depth=-4.0, filename='stims/wedding-21.3b.mp4', flipHoriz=False, flipVert=False, fps=UNKNOWN, interpolate=True, loop=False, name='vid3', noAudio=False, opacity=1.0, ori=0, pos=array([0., 0.]), size=array([1280.,  720.]), units='pix', vframe_callback=UNKNOWN, volume=UNKNOWN, win=Window(...))
737.5374 	EXP 	Created vid4 = MovieStim3(__class__=<class 'psychopy.visual.movie3.MovieStim3'>, autoLog=True, color=UNKNOWN, colorSpace=UNKNOWN, depth=-5.0, filename='stims/wedding-21.4a.mp4', flipHoriz=False, flipVert=False, fps=UNKNOWN, interpolate=True, loop=False, name='vid4', noAudio=False, opacity=1.0, ori=0, pos=array([0., 0.]), size=array([1280.,  720.]), units='pix', vframe_callback=UNKNOWN, volume=UNKNOWN, win=Window(...))
737.9122 	EXP 	Created vid5 = MovieStim3(__class__=<class 'psychopy.visual.movie3.MovieStim3'>, autoLog=True, color=UNKNOWN, colorSpace=UNKNOWN, depth=-6.0, filename='stims/wedding-21.5.mp4', flipHoriz=False, flipVert=False, fps=UNKNOWN, interpolate=True, loop=False, name='vid5', noAudio=False, opacity=1.0, ori=0, pos=array([0., 0.]), size=array([1280.,  720.]), units='pix', vframe_callback=UNKNOWN, volume=UNKNOWN, win=Window(...))
738.1749 	EXP 	Created sequence: random, trialTypes=1, nReps=1, seed=None
738.1753 	EXP 	New trial (rep=0, index=0): None
738.6488 	EXP 	Created vid1a_q = MovieStim3(__class__=<class 'psychopy.visual.movie3.MovieStim3'>, autoLog=True, color=UNKNOWN, colorSpace=UNKNOWN, depth=-1.0, filename='stims/wedding-21.1a.mp4', flipHoriz=False, flipVert=False, fps=UNKNOWN, interpolate=True, loop=False, name='vid1a_q', noAudio=False, opacity=1.0, ori=0, pos=array([0., 0.]), size=array([1280.,  720.]), units='pix', vframe_callback=UNKNOWN, volume=UNKNOWN, win=Window(...))
738.9817 	EXP 	Created vid1b_q = MovieStim3(__class__=<class 'psychopy.visual.movie3.MovieStim3'>, autoLog=True, color=UNKNOWN, colorSpace=UNKNOWN, depth=-2.0, filename='stims/wedding-21.1b.mp4', flipHoriz=False, flipVert=False, fps=UNKNOWN, interpolate=True, loop=False, name='vid1b_q', noAudio=False, opacity=1.0, ori=0, pos=array([0., 0.]), size=array([1280.,  720.]), units='pix', vframe_callback=UNKNOWN, volume=UNKNOWN, win=Window(...))
739.4478 	EXP 	Created vid2_q = MovieStim3(__class__=<class 'psychopy.visual.movie3.MovieStim3'>, autoLog=True, color=UNKNOWN, colorSpace=UNKNOWN, depth=-3.0, filename='stims/wedding-21.2a.mp4', flipHoriz=False, flipVert=False, fps=UNKNOWN, interpolate=True, loop=False, name='vid2_q', noAudio=False, opacity=1.0, ori=0, pos=array([0., 0.]), size=array([1280.,  720.]), units='pix', vframe_callback=UNKNOWN, volume=UNKNOWN, win=Window(...))
739.9645 	EXP 	Created vid3_q = MovieStim3(__class__=<class 'psychopy.visual.movie3.MovieStim3'>, autoLog=True, color=UNKNOWN, colorSpace=UNKNOWN, depth=-5.0, filename='stims/wedding-21.3b.mp4', flipHoriz=False, flipVert=False, fps=UNKNOWN, interpolate=True, loop=False, name='vid3_q', noAudio=False, opacity=1.0, ori=0, pos=array([0., 0.]), size=array([1280.,  720.]), units='pix', vframe_callback=UNKNOWN, volume=UNKNOWN, win=Window(...))
740.4919 	EXP 	Created vid4_q = MovieStim3(__class__=<class 'psychopy.visual.movie3.MovieStim3'>, autoLog=True, color=UNKNOWN, colorSpace=UNKNOWN, depth=-7.0, filename='stims/wedding-21.4a.mp4', flipHoriz=False, flipVert=False, fps=UNKNOWN, interpolate=True, loop=False, name='vid4_q', noAudio=False, opacity=1.0, ori=0, pos=array([0., 0.]), size=array([1280.,  720.]), units='pix', vframe_callback=UNKNOWN, volume=UNKNOWN, win=Window(...))
740.8589 	EXP 	Created vid5_q = MovieStim3(__class__=<class 'psychopy.visual.movie3.MovieStim3'>, autoLog=True, color=UNKNOWN, colorSpace=UNKNOWN, depth=-8.0, filename='stims/wedding-21.5.mp4', flipHoriz=False, flipVert=False, fps=UNKNOWN, interpolate=True, loop=False, name='vid5_q', noAudio=False, opacity=1.0, ori=0, pos=array([0., 0.]), size=array([1280.,  720.]), units='pix', vframe_callback=UNKNOWN, volume=UNKNOWN, win=Window(...))
740.9772 	EXP 	window1: recordFrameIntervals = False
740.9807 	DATA 	Keypress: equal
740.9844 	DATA 	Keypress: equal
740.9876 	DATA 	Keypress: equal
740.9909 	DATA 	Keypress: equal
741.0116 	EXP 	image_2: autoDraw = False
741.0116 	EXP 	image_2: autoDraw = False
741.0116 	EXP 	vid1a: movie = 'stims/wedding-21.1a.mp4'
741.0116 	EXP 	vid1a: autoLog = True
741.0116 	EXP 	vid1b: movie = 'stims/wedding-21.1b.mp4'
741.0116 	EXP 	vid1b: autoLog = True
741.0116 	EXP 	vid2: movie = 'stims/wedding-21.2a.mp4'
741.0116 	EXP 	vid2: autoLog = True
741.0116 	EXP 	vid3: movie = 'stims/wedding-21.3b.mp4'
741.0116 	EXP 	vid3: autoLog = True
741.0116 	EXP 	vid4: movie = 'stims/wedding-21.4a.mp4'
741.0116 	EXP 	vid4: autoLog = True
741.0116 	EXP 	vid5: movie = 'stims/wedding-21.5.mp4'
741.0116 	EXP 	vid5: autoLog = True
741.0116 	EXP 	vid1a: autoDraw = False
741.0116 	EXP 	vid1b: autoDraw = False
741.0116 	EXP 	vid2: autoDraw = False
741.0116 	EXP 	vid3: autoDraw = False
741.0116 	EXP 	vid4: autoDraw = False
741.0116 	EXP 	vid5: autoDraw = False
741.0116 	EXP 	image: autoDraw = False
741.0116 	EXP 	vid1a_q: movie = 'stims/wedding-21.1a.mp4'
741.0116 	EXP 	vid1a_q: autoLog = True
741.0116 	EXP 	vid1b_q: movie = 'stims/wedding-21.1b.mp4'
741.0116 	EXP 	vid1b_q: autoLog = True
741.0116 	EXP 	vid2_q: movie = 'stims/wedding-21.2a.mp4'
741.0116 	EXP 	vid2_q: autoLog = True
741.0116 	EXP 	vid3_q: movie = 'stims/wedding-21.3b.mp4'
741.0116 	EXP 	vid3_q: autoLog = True
741.0116 	EXP 	vid4_q: movie = 'stims/wedding-21.4a.mp4'
741.0116 	EXP 	vid4_q: autoLog = True
741.0116 	EXP 	vid5_q: movie = 'stims/wedding-21.5.mp4'
741.0116 	EXP 	vid5_q: autoLog = True
743.7314 	EXP 	window1: recordFrameIntervals = False
745.2697 	DATA 	Keypress: equal
745.2741 	DATA 	Keypress: equal
745.2792 	DATA 	Keypress: equal
745.4783 	EXP 	vid1a_q: movie = 'stims/wedding-21.1a.mp4'
745.4783 	EXP 	vid1b_q: movie = 'stims/wedding-21.1b.mp4'
745.4783 	EXP 	vid2_q: movie = 'stims/wedding-21.2a.mp4'
745.4783 	EXP 	vid3_q: movie = 'stims/wedding-21.3b.mp4'
745.4783 	EXP 	vid4_q: movie = 'stims/wedding-21.4a.mp4'
745.4783 	EXP 	vid5_q: movie = 'stims/wedding-21.5.mp4'
745.4783 	EXP 	reveal: image = 'south.png'
745.4949 	EXP 	vid1a_q: autoDraw = True
745.4949 	EXP 	reveal: autoDraw = True
745.4949 	EXP 	reveal: autoDraw = False
745.9473 	DATA 	Keypress: equal
747.4468 	DATA 	Keypress: equal
748.9468 	DATA 	Keypress: equal
750.4469 	DATA 	Keypress: equal
751.9470 	DATA 	Keypress: equal
753.4468 	DATA 	Keypress: equal
754.9731 	DATA 	Keypress: equal
756.4466 	DATA 	Keypress: equal
757.9469 	DATA 	Keypress: equal
759.4466 	DATA 	Keypress: equal
760.9464 	DATA 	Keypress: equal
762.4470 	DATA 	Keypress: equal
763.9468 	DATA 	Keypress: equal
765.4466 	DATA 	Keypress: equal
766.9468 	DATA 	Keypress: equal
768.1946 	EXP 	vid1a_q: autoDraw = False
768.1946 	EXP 	vid1b_q: autoDraw = True
768.4470 	DATA 	Keypress: equal
769.9467 	DATA 	Keypress: equal
771.4466 	DATA 	Keypress: equal
772.9465 	DATA 	Keypress: equal
774.4465 	DATA 	Keypress: equal
775.9464 	DATA 	Keypress: equal
776.7445 	EXP 	Set vid1b_q finished
777.1945 	EXP 	vid2_q: autoDraw = True
777.4467 	DATA 	Keypress: equal
778.9464 	DATA 	Keypress: equal
780.4465 	DATA 	Keypress: equal
781.9466 	DATA 	Keypress: equal
783.4464 	DATA 	Keypress: equal
784.9463 	DATA 	Keypress: equal
786.4466 	DATA 	Keypress: equal
787.9463 	DATA 	Keypress: equal
789.4463 	DATA 	Keypress: equal
790.9463 	DATA 	Keypress: equal
792.4464 	DATA 	Keypress: equal
793.9465 	DATA 	Keypress: equal
794.1776 	EXP 	Set vid2_q finished
794.1943 	EXP 	l2q: autoDraw = True
795.4461 	DATA 	Keypress: equal
796.4292 	DATA 	Keypress: 1
796.9459 	DATA 	Keypress: equal
798.1942 	EXP 	l2q: autoDraw = False
798.1942 	EXP 	vid3_q: autoDraw = True
798.4377 	DATA 	Keypress: equal
799.9464 	DATA 	Keypress: equal
801.4460 	DATA 	Keypress: equal
802.9460 	DATA 	Keypress: equal
804.4462 	DATA 	Keypress: equal
805.9460 	DATA 	Keypress: equal
807.4464 	DATA 	Keypress: equal
808.9459 	DATA 	Keypress: equal
810.4464 	DATA 	Keypress: equal
811.9459 	DATA 	Keypress: equal
813.4460 	DATA 	Keypress: equal
814.9459 	DATA 	Keypress: equal
816.4461 	DATA 	Keypress: equal
817.9460 	DATA 	Keypress: equal
819.4458 	DATA 	Keypress: equal
820.9459 	DATA 	Keypress: equal
821.1939 	EXP 	vid3_q: autoDraw = False
821.1939 	EXP 	l3q: autoDraw = True
822.0625 	DATA 	Keypress: 1
822.4454 	DATA 	Keypress: equal
823.9454 	DATA 	Keypress: equal
825.1939 	EXP 	l3q: autoDraw = False
825.1939 	EXP 	vid4_q: autoDraw = True
825.4368 	DATA 	Keypress: equal
826.9461 	DATA 	Keypress: equal
828.4368 	DATA 	Keypress: equal
829.9367 	DATA 	Keypress: equal
831.4461 	DATA 	Keypress: equal
832.9367 	DATA 	Keypress: equal
834.4455 	DATA 	Keypress: equal
835.9459 	DATA 	Keypress: equal
837.4459 	DATA 	Keypress: equal
838.9456 	DATA 	Keypress: equal
840.4456 	DATA 	Keypress: equal
841.9456 	DATA 	Keypress: equal
843.4455 	DATA 	Keypress: equal
844.9456 	DATA 	Keypress: equal
846.4455 	DATA 	Keypress: equal
847.9455 	DATA 	Keypress: equal
849.1937 	EXP 	vid4_q: autoDraw = False
849.1937 	EXP 	vid5_q: autoDraw = True
849.4372 	DATA 	Keypress: equal
850.9459 	DATA 	Keypress: equal
852.4362 	DATA 	Keypress: equal
853.9637 	DATA 	Keypress: equal
855.4359 	DATA 	Keypress: equal
856.9368 	DATA 	Keypress: equal
858.4456 	DATA 	Keypress: equal
859.9454 	DATA 	Keypress: equal
861.4457 	DATA 	Keypress: equal
862.4744 	EXP 	window1: recordFrameIntervals = False
862.4767 	EXP 	vid5_q: autoDraw = False
862.4767 	EXP 	vid1a_q: autoDraw = False
862.4767 	EXP 	vid1b_q: autoDraw = False
862.4767 	EXP 	vid2_q: autoDraw = False
862.4767 	EXP 	l2q: autoDraw = False
862.4767 	EXP 	vid3_q: autoDraw = False
862.4767 	EXP 	l3q: autoDraw = False
862.4767 	EXP 	vid4_q: autoDraw = False
862.4767 	EXP 	vid5_q: autoDraw = False
862.4767 	EXP 	reveal: autoDraw = False
862.6815 	EXP 	window1: recordFrameIntervals = False
864.2608 	DATA 	Keypress: equal
864.4347 	DATA 	Keypress: equal
864.4767 	EXP 	eggPainting1: image = 'stimsday1details/egg21.png'
864.4767 	EXP 	eggPainting2: image = 'stimsday1details/newegg10.png'
864.4767 	EXP 	character1: image = 'stimsday1details/newperson10.png'
864.4767 	EXP 	character2: image = 'stimsday1details/couple21.png'
864.4767 	EXP 	gift1: image = 'stimsday1details/gift21.png'
864.4767 	EXP 	gift2: image = 'stimsday1details/new10.png'
864.4767 	EXP 	themeQ1: image = 'stimsday1details/ct21.png'
864.4767 	EXP 	themeQ2: image = 'stimsday1details/t21.png'
864.4767 	EXP 	nameQ1: image = 'stimsday1details/n21.png'
864.4767 	EXP 	nameQ2: image = 'stimsday1details/cn21.png'
864.4767 	EXP 	nameQ1: autoDraw = True
864.4767 	EXP 	nameQ2: autoDraw = True
865.2616 	DATA 	Keypress: 1
865.9451 	DATA 	Keypress: equal
866.4767 	EXP 	nameQ1: autoDraw = False
866.4767 	EXP 	nameQ2: autoDraw = False
866.4767 	EXP 	nameQ1: autoDraw = False
866.4767 	EXP 	nameQ2: autoDraw = False
866.4767 	EXP 	eggPainting1: autoDraw = True
866.4767 	EXP 	eggPainting2: autoDraw = True
867.4448 	DATA 	Keypress: equal
867.4785 	DATA 	Keypress: 1
868.4766 	EXP 	eggPainting1: autoDraw = False
868.4766 	EXP 	eggPainting2: autoDraw = False
868.4766 	EXP 	eggPainting1: autoDraw = False
868.4766 	EXP 	eggPainting2: autoDraw = False
868.4766 	EXP 	character1: autoDraw = True
868.4766 	EXP 	character2: autoDraw = True
868.9448 	DATA 	Keypress: equal
869.4114 	DATA 	Keypress: 2
870.4449 	DATA 	Keypress: equal
870.4766 	EXP 	character1: autoDraw = False
870.4766 	EXP 	character2: autoDraw = False
870.4766 	EXP 	character1: autoDraw = False
870.4766 	EXP 	character2: autoDraw = False
870.4766 	EXP 	themeQ1: autoDraw = True
870.4766 	EXP 	themeQ2: autoDraw = True
871.6115 	DATA 	Keypress: 2
871.9452 	DATA 	Keypress: equal
872.4766 	EXP 	themeQ1: autoDraw = False
872.4766 	EXP 	themeQ2: autoDraw = False
872.4766 	EXP 	themeQ1: autoDraw = False
872.4766 	EXP 	themeQ2: autoDraw = False
872.4766 	EXP 	gift1: autoDraw = True
872.4766 	EXP 	gift2: autoDraw = True
873.4452 	DATA 	Keypress: equal
873.8281 	DATA 	Keypress: 1
874.4766 	EXP 	gift1: autoDraw = False
874.4766 	EXP 	gift2: autoDraw = False
874.4766 	EXP 	gift1: autoDraw = False
874.4766 	EXP 	gift2: autoDraw = False
874.4766 	EXP 	northorsouth1: autoDraw = True
874.4766 	EXP 	northorsouth2: autoDraw = True
874.9451 	DATA 	Keypress: equal
875.3114 	DATA 	Keypress: 2
876.4447 	DATA 	Keypress: equal
876.9599 	EXP 	northorsouth1: autoDraw = False
876.9599 	EXP 	northorsouth2: autoDraw = False
876.9599 	EXP 	northorsouth1: autoDraw = False
876.9599 	EXP 	northorsouth2: autoDraw = False
877.2677 	EXP 	window1: mouseVisible = True
