13.6527 	WARNING 	User requested fullscreen with size [2560 1440], but screen is actually [1440, 900]. Using actual size
14.3993 	EXP 	Created window1 = Window(allowGUI=False, allowStencil=False, args=UNKNOWN, autoLog=True, bitsMode=UNKNOWN, blendMode='avg', color=array([0., 0., 0.]), colorSpace='rgb', fullscr=<method-wrapper '__getattribute__' of attributeSetter object at 0x136da8b70>, gamma=None, kwargs=UNKNOWN, lms=UNKNOWN, monitor=<psychopy.monitors.calibTools.Monitor object at 0x136ed0e48>, multiSample=False, name='window1', numSamples=2, pos=[0.0, 0.0], screen=0, size=array([2880, 1800]), stereo=False, units='norm', useFBO=True, useRetina=True, viewOri=0.0, viewPos=None, viewScale=None, waitBlanking=True, winType='pyglet')
14.3993 	EXP 	window1: recordFrameIntervals = False
14.5829 	EXP 	window1: recordFrameIntervals = True
14.7661 	EXP 	window1: recordFrameIntervals = False
14.9951 	EXP 	Created leftimageLoc = ImageStim(__class__=<class 'psychopy.visual.image.ImageStim'>, autoLog=True, color=array([1., 1., 1.]), colorSpace='rgb', contrast=1.0, depth=0.0, flipHoriz=False, flipVert=False, image='sin', interpolate=True, mask=None, maskParams=None, name='leftimageLoc', opacity=1.0, ori=0.0, pos=array([-0.5,  0. ]), size=array([0.87, 1.  ]), texRes=128, units='norm', win=Window(...))
14.9967 	EXP 	Created rightimageLoc = ImageStim(__class__=<class 'psychopy.visual.image.ImageStim'>, autoLog=True, color=array([1., 1., 1.]), colorSpace='rgb', contrast=1.0, depth=-1.0, flipHoriz=False, flipVert=False, image='sin', interpolate=True, mask=None, maskParams=None, name='rightimageLoc', opacity=1.0, ori=0.0, pos=array([0.5, 0. ]), size=array([0.87, 1.  ]), texRes=128, units='norm', win=Window(...))
15.0976 	EXP 	Created Q = TextStim(__class__=<class 'psychopy.visual.text.TextStim'>, alignHoriz='center', alignVert='center', antialias=True, autoLog=True, bold=False, color='white', colorSpace='named', contrast=1.0, depth=-3.0, flipHoriz=False, flipVert=False, font='Arial', fontFiles=[], height=0.1, italic=False, languageStyle='LTR', name='Q', opacity=1.0, ori=0, pos=array([0. , 0.5]), rgb=array([255., 255., 255.]), text='Which one came first?', units='norm', win=Window(...), wrapWidth=1)
15.1004 	EXP 	Created ITIfixation = TextStim(__class__=<class 'psychopy.visual.text.TextStim'>, alignHoriz='center', alignVert='center', antialias=True, autoLog=True, bold=False, color='white', colorSpace='named', contrast=1.0, depth=0.0, flipHoriz=False, flipVert=False, font='Arial', fontFiles=[], height=0.1, italic=False, languageStyle='LTR', name='ITIfixation', opacity=1.0, ori=0, pos=array([0., 0.]), rgb=array([255., 255., 255.]), text='+', units='norm', win=Window(...), wrapWidth=1)
15.1098 	EXP 	Imported subj30_day2_sequence.csv as conditions, 22 conditions, 2 params
15.1102 	EXP 	Created sequence: random, trialTypes=22, nReps=1, seed=None
15.1105 	EXP 	New trial (rep=0, index=0): OrderedDict([('leftimage', 'stimsday2details/wedding2.png'), ('rightimage', 'stimsday2details/wedding34.png')])
15.5148 	EXP 	leftimageLoc: image = 'stimsday2details/wedding2.png'
15.5148 	EXP 	rightimageLoc: image = 'stimsday2details/wedding34.png'
15.5148 	EXP 	leftimageLoc: autoDraw = True
15.5148 	EXP 	rightimageLoc: autoDraw = True
15.5148 	EXP 	Q: autoDraw = True
38.0410 	DATA 	Keypress: l
38.0617 	EXP 	leftimageLoc: autoDraw = False
38.0617 	EXP 	rightimageLoc: autoDraw = False
38.0617 	EXP 	Q: autoDraw = False
38.0617 	EXP 	ITIfixation: autoDraw = True
39.5300 	EXP 	New trial (rep=0, index=1): OrderedDict([('leftimage', 'stimsday2details/wedding19.png'), ('rightimage', 'stimsday2details/wedding6.png')])
39.8952 	EXP 	ITIfixation: autoDraw = False
39.8952 	EXP 	ITIfixation: autoDraw = False
39.8952 	EXP 	leftimageLoc: image = 'stimsday2details/wedding19.png'
39.8952 	EXP 	rightimageLoc: image = 'stimsday2details/wedding6.png'
39.8952 	EXP 	leftimageLoc: autoDraw = True
39.8952 	EXP 	rightimageLoc: autoDraw = True
39.8952 	EXP 	Q: autoDraw = True
44.0352 	DATA 	Keypress: k
44.0445 	EXP 	leftimageLoc: autoDraw = False
44.0445 	EXP 	rightimageLoc: autoDraw = False
44.0445 	EXP 	Q: autoDraw = False
44.0445 	EXP 	ITIfixation: autoDraw = True
45.5297 	EXP 	New trial (rep=0, index=2): OrderedDict([('leftimage', 'stimsday2details/wedding20.png'), ('rightimage', 'stimsday2details/wedding17.png')])
45.8782 	EXP 	ITIfixation: autoDraw = False
45.8782 	EXP 	ITIfixation: autoDraw = False
45.8782 	EXP 	leftimageLoc: image = 'stimsday2details/wedding20.png'
45.8782 	EXP 	rightimageLoc: image = 'stimsday2details/wedding17.png'
45.8782 	EXP 	leftimageLoc: autoDraw = True
45.8782 	EXP 	rightimageLoc: autoDraw = True
45.8782 	EXP 	Q: autoDraw = True
48.0354 	DATA 	Keypress: l
48.0446 	EXP 	leftimageLoc: autoDraw = False
48.0446 	EXP 	rightimageLoc: autoDraw = False
48.0446 	EXP 	Q: autoDraw = False
48.0446 	EXP 	ITIfixation: autoDraw = True
49.5296 	EXP 	New trial (rep=0, index=3): OrderedDict([('leftimage', 'stimsday2details/wedding29.png'), ('rightimage', 'stimsday2details/wedding2.png')])
49.8271 	EXP 	ITIfixation: autoDraw = False
49.8271 	EXP 	ITIfixation: autoDraw = False
49.8271 	EXP 	leftimageLoc: image = 'stimsday2details/wedding29.png'
49.8271 	EXP 	rightimageLoc: image = 'stimsday2details/wedding2.png'
49.8271 	EXP 	leftimageLoc: autoDraw = True
49.8271 	EXP 	rightimageLoc: autoDraw = True
49.8271 	EXP 	Q: autoDraw = True
54.3507 	DATA 	Keypress: l
54.3611 	EXP 	leftimageLoc: autoDraw = False
54.3611 	EXP 	rightimageLoc: autoDraw = False
54.3611 	EXP 	Q: autoDraw = False
54.3611 	EXP 	ITIfixation: autoDraw = True
55.8463 	EXP 	New trial (rep=0, index=4): OrderedDict([('leftimage', 'stimsday2details/wedding1.png'), ('rightimage', 'stimsday2details/wedding28.png')])
56.1787 	EXP 	ITIfixation: autoDraw = False
56.1787 	EXP 	ITIfixation: autoDraw = False
56.1787 	EXP 	leftimageLoc: image = 'stimsday2details/wedding1.png'
56.1787 	EXP 	rightimageLoc: image = 'stimsday2details/wedding28.png'
56.1787 	EXP 	leftimageLoc: autoDraw = True
56.1787 	EXP 	rightimageLoc: autoDraw = True
56.1787 	EXP 	Q: autoDraw = True
59.5014 	DATA 	Keypress: k
59.5110 	EXP 	leftimageLoc: autoDraw = False
59.5110 	EXP 	rightimageLoc: autoDraw = False
59.5110 	EXP 	Q: autoDraw = False
59.5110 	EXP 	ITIfixation: autoDraw = True
60.9961 	EXP 	New trial (rep=0, index=5): OrderedDict([('leftimage', 'stimsday2details/wedding20.png'), ('rightimage', 'stimsday2details/wedding38.png')])
61.2834 	EXP 	ITIfixation: autoDraw = False
61.2834 	EXP 	ITIfixation: autoDraw = False
61.2834 	EXP 	leftimageLoc: image = 'stimsday2details/wedding20.png'
61.2834 	EXP 	rightimageLoc: image = 'stimsday2details/wedding38.png'
61.2834 	EXP 	leftimageLoc: autoDraw = True
61.2834 	EXP 	rightimageLoc: autoDraw = True
61.2834 	EXP 	Q: autoDraw = True
66.0135 	DATA 	Keypress: l
66.0281 	EXP 	leftimageLoc: autoDraw = False
66.0281 	EXP 	rightimageLoc: autoDraw = False
66.0281 	EXP 	Q: autoDraw = False
66.0281 	EXP 	ITIfixation: autoDraw = True
67.5125 	EXP 	New trial (rep=0, index=6): OrderedDict([('leftimage', 'stimsday2details/wedding2.png'), ('rightimage', 'stimsday2details/wedding29.png')])
67.7643 	EXP 	ITIfixation: autoDraw = False
67.7643 	EXP 	leftimageLoc: image = 'stimsday2details/wedding2.png'
67.7643 	EXP 	rightimageLoc: image = 'stimsday2details/wedding29.png'
67.7643 	EXP 	leftimageLoc: autoDraw = True
67.7643 	EXP 	rightimageLoc: autoDraw = True
67.7643 	EXP 	Q: autoDraw = True
72.5829 	DATA 	Keypress: l
72.5943 	EXP 	leftimageLoc: autoDraw = False
72.5943 	EXP 	rightimageLoc: autoDraw = False
72.5943 	EXP 	Q: autoDraw = False
72.5943 	EXP 	ITIfixation: autoDraw = True
74.0792 	EXP 	New trial (rep=0, index=7): OrderedDict([('leftimage', 'stimsday2details/wedding17.png'), ('rightimage', 'stimsday2details/wedding22.png')])
74.3607 	EXP 	ITIfixation: autoDraw = False
74.3607 	EXP 	ITIfixation: autoDraw = False
74.3607 	EXP 	leftimageLoc: image = 'stimsday2details/wedding17.png'
74.3607 	EXP 	rightimageLoc: image = 'stimsday2details/wedding22.png'
74.3607 	EXP 	leftimageLoc: autoDraw = True
74.3607 	EXP 	rightimageLoc: autoDraw = True
74.3607 	EXP 	Q: autoDraw = True
82.6147 	DATA 	Keypress: k
82.6278 	EXP 	leftimageLoc: autoDraw = False
82.6278 	EXP 	rightimageLoc: autoDraw = False
82.6278 	EXP 	Q: autoDraw = False
82.6278 	EXP 	ITIfixation: autoDraw = True
84.1124 	EXP 	New trial (rep=0, index=8): OrderedDict([('leftimage', 'stimsday2details/wedding23.png'), ('rightimage', 'stimsday2details/wedding19.png')])
84.3944 	EXP 	ITIfixation: autoDraw = False
84.3944 	EXP 	ITIfixation: autoDraw = False
84.3944 	EXP 	leftimageLoc: image = 'stimsday2details/wedding23.png'
84.3944 	EXP 	rightimageLoc: image = 'stimsday2details/wedding19.png'
84.3944 	EXP 	leftimageLoc: autoDraw = True
84.3944 	EXP 	rightimageLoc: autoDraw = True
84.3944 	EXP 	Q: autoDraw = True
89.6327 	DATA 	Keypress: k
89.6441 	EXP 	leftimageLoc: autoDraw = False
89.6441 	EXP 	rightimageLoc: autoDraw = False
89.6441 	EXP 	Q: autoDraw = False
89.6441 	EXP 	ITIfixation: autoDraw = True
91.1290 	EXP 	New trial (rep=0, index=9): OrderedDict([('leftimage', 'stimsday2details/wedding28.png'), ('rightimage', 'stimsday2details/wedding1.png')])
91.3777 	EXP 	ITIfixation: autoDraw = False
91.3777 	EXP 	ITIfixation: autoDraw = False
91.3777 	EXP 	leftimageLoc: image = 'stimsday2details/wedding28.png'
91.3777 	EXP 	rightimageLoc: image = 'stimsday2details/wedding1.png'
91.3777 	EXP 	leftimageLoc: autoDraw = True
91.3777 	EXP 	rightimageLoc: autoDraw = True
91.3777 	EXP 	Q: autoDraw = True
98.7307 	DATA 	Keypress: l
98.7439 	EXP 	leftimageLoc: autoDraw = False
98.7439 	EXP 	rightimageLoc: autoDraw = False
98.7439 	EXP 	Q: autoDraw = False
98.7439 	EXP 	ITIfixation: autoDraw = True
100.2289 	EXP 	New trial (rep=0, index=10): OrderedDict([('leftimage', 'stimsday2details/wedding34.png'), ('rightimage', 'stimsday2details/wedding1.png')])
100.4772 	EXP 	ITIfixation: autoDraw = False
100.4772 	EXP 	ITIfixation: autoDraw = False
100.4772 	EXP 	leftimageLoc: image = 'stimsday2details/wedding34.png'
100.4772 	EXP 	rightimageLoc: image = 'stimsday2details/wedding1.png'
100.4772 	EXP 	leftimageLoc: autoDraw = True
100.4772 	EXP 	rightimageLoc: autoDraw = True
100.4772 	EXP 	Q: autoDraw = True
105.3336 	DATA 	Keypress: k
105.3442 	EXP 	leftimageLoc: autoDraw = False
105.3442 	EXP 	rightimageLoc: autoDraw = False
105.3442 	EXP 	Q: autoDraw = False
105.3442 	EXP 	ITIfixation: autoDraw = True
106.8288 	EXP 	New trial (rep=0, index=11): OrderedDict([('leftimage', 'stimsday2details/wedding28.png'), ('rightimage', 'stimsday2details/wedding22.png')])
107.0768 	EXP 	ITIfixation: autoDraw = False
107.0768 	EXP 	ITIfixation: autoDraw = False
107.0768 	EXP 	leftimageLoc: image = 'stimsday2details/wedding28.png'
107.0768 	EXP 	rightimageLoc: image = 'stimsday2details/wedding22.png'
107.0768 	EXP 	leftimageLoc: autoDraw = True
107.0768 	EXP 	rightimageLoc: autoDraw = True
107.0768 	EXP 	Q: autoDraw = True
112.5827 	DATA 	Keypress: l
112.5937 	EXP 	leftimageLoc: autoDraw = False
112.5937 	EXP 	rightimageLoc: autoDraw = False
112.5937 	EXP 	Q: autoDraw = False
112.5937 	EXP 	ITIfixation: autoDraw = True
114.0787 	EXP 	New trial (rep=0, index=12): OrderedDict([('leftimage', 'stimsday2details/wedding29.png'), ('rightimage', 'stimsday2details/wedding23.png')])
114.3275 	EXP 	ITIfixation: autoDraw = False
114.3275 	EXP 	ITIfixation: autoDraw = False
114.3275 	EXP 	leftimageLoc: image = 'stimsday2details/wedding29.png'
114.3275 	EXP 	rightimageLoc: image = 'stimsday2details/wedding23.png'
114.3275 	EXP 	leftimageLoc: autoDraw = True
114.3275 	EXP 	rightimageLoc: autoDraw = True
114.3275 	EXP 	Q: autoDraw = True
116.5306 	DATA 	Keypress: l
116.5438 	EXP 	leftimageLoc: autoDraw = False
116.5438 	EXP 	rightimageLoc: autoDraw = False
116.5438 	EXP 	Q: autoDraw = False
116.5438 	EXP 	ITIfixation: autoDraw = True
118.0286 	EXP 	New trial (rep=0, index=13): OrderedDict([('leftimage', 'stimsday2details/wedding34.png'), ('rightimage', 'stimsday2details/wedding2.png')])
118.2766 	EXP 	ITIfixation: autoDraw = False
118.2766 	EXP 	ITIfixation: autoDraw = False
118.2766 	EXP 	leftimageLoc: image = 'stimsday2details/wedding34.png'
118.2766 	EXP 	rightimageLoc: image = 'stimsday2details/wedding2.png'
118.2766 	EXP 	leftimageLoc: autoDraw = True
118.2766 	EXP 	rightimageLoc: autoDraw = True
118.2766 	EXP 	Q: autoDraw = True
119.7658 	DATA 	Keypress: k
119.7769 	EXP 	leftimageLoc: autoDraw = False
119.7769 	EXP 	rightimageLoc: autoDraw = False
119.7769 	EXP 	Q: autoDraw = False
119.7769 	EXP 	ITIfixation: autoDraw = True
121.2619 	EXP 	New trial (rep=0, index=14): OrderedDict([('leftimage', 'stimsday2details/wedding17.png'), ('rightimage', 'stimsday2details/wedding20.png')])
121.5124 	EXP 	ITIfixation: autoDraw = False
121.5124 	EXP 	ITIfixation: autoDraw = False
121.5124 	EXP 	leftimageLoc: image = 'stimsday2details/wedding17.png'
121.5124 	EXP 	rightimageLoc: image = 'stimsday2details/wedding20.png'
121.5124 	EXP 	leftimageLoc: autoDraw = True
121.5124 	EXP 	rightimageLoc: autoDraw = True
121.5124 	EXP 	Q: autoDraw = True
127.4962 	DATA 	Keypress: k
127.5105 	EXP 	leftimageLoc: autoDraw = False
127.5105 	EXP 	rightimageLoc: autoDraw = False
127.5105 	EXP 	Q: autoDraw = False
127.5105 	EXP 	ITIfixation: autoDraw = True
128.9951 	EXP 	New trial (rep=0, index=15): OrderedDict([('leftimage', 'stimsday2details/wedding23.png'), ('rightimage', 'stimsday2details/wedding29.png')])
129.2431 	EXP 	ITIfixation: autoDraw = False
129.2431 	EXP 	ITIfixation: autoDraw = False
129.2431 	EXP 	leftimageLoc: image = 'stimsday2details/wedding23.png'
129.2431 	EXP 	rightimageLoc: image = 'stimsday2details/wedding29.png'
129.2431 	EXP 	leftimageLoc: autoDraw = True
129.2431 	EXP 	rightimageLoc: autoDraw = True
129.2431 	EXP 	Q: autoDraw = True
138.1335 	DATA 	Keypress: k
138.1431 	EXP 	leftimageLoc: autoDraw = False
138.1431 	EXP 	rightimageLoc: autoDraw = False
138.1431 	EXP 	Q: autoDraw = False
138.1431 	EXP 	ITIfixation: autoDraw = True
139.6283 	EXP 	New trial (rep=0, index=16): OrderedDict([('leftimage', 'stimsday2details/wedding22.png'), ('rightimage', 'stimsday2details/wedding17.png')])
139.8762 	EXP 	ITIfixation: autoDraw = False
139.8762 	EXP 	ITIfixation: autoDraw = False
139.8762 	EXP 	leftimageLoc: image = 'stimsday2details/wedding22.png'
139.8762 	EXP 	rightimageLoc: image = 'stimsday2details/wedding17.png'
139.8762 	EXP 	leftimageLoc: autoDraw = True
139.8762 	EXP 	rightimageLoc: autoDraw = True
139.8762 	EXP 	Q: autoDraw = True
142.3792 	DATA 	Keypress: l
142.3937 	EXP 	leftimageLoc: autoDraw = False
142.3937 	EXP 	rightimageLoc: autoDraw = False
142.3937 	EXP 	Q: autoDraw = False
142.3937 	EXP 	ITIfixation: autoDraw = True
143.8784 	EXP 	New trial (rep=0, index=17): OrderedDict([('leftimage', 'stimsday2details/wedding1.png'), ('rightimage', 'stimsday2details/wedding34.png')])
144.1603 	EXP 	ITIfixation: autoDraw = False
144.1603 	EXP 	leftimageLoc: image = 'stimsday2details/wedding1.png'
144.1603 	EXP 	rightimageLoc: image = 'stimsday2details/wedding34.png'
144.1603 	EXP 	leftimageLoc: autoDraw = True
144.1603 	EXP 	rightimageLoc: autoDraw = True
144.1603 	EXP 	Q: autoDraw = True
145.9156 	DATA 	Keypress: l
145.9265 	EXP 	leftimageLoc: autoDraw = False
145.9265 	EXP 	rightimageLoc: autoDraw = False
145.9265 	EXP 	Q: autoDraw = False
145.9265 	EXP 	ITIfixation: autoDraw = True
147.4116 	EXP 	New trial (rep=0, index=18): OrderedDict([('leftimage', 'stimsday2details/wedding19.png'), ('rightimage', 'stimsday2details/wedding23.png')])
147.6614 	EXP 	ITIfixation: autoDraw = False
147.6614 	EXP 	ITIfixation: autoDraw = False
147.6614 	EXP 	leftimageLoc: image = 'stimsday2details/wedding19.png'
147.6614 	EXP 	rightimageLoc: image = 'stimsday2details/wedding23.png'
147.6614 	EXP 	leftimageLoc: autoDraw = True
147.6614 	EXP 	rightimageLoc: autoDraw = True
147.6614 	EXP 	Q: autoDraw = True
153.4125 	DATA 	Keypress: k
153.4268 	EXP 	leftimageLoc: autoDraw = False
153.4268 	EXP 	rightimageLoc: autoDraw = False
153.4268 	EXP 	Q: autoDraw = False
153.4268 	EXP 	ITIfixation: autoDraw = True
154.9113 	EXP 	New trial (rep=0, index=19): OrderedDict([('leftimage', 'stimsday2details/wedding22.png'), ('rightimage', 'stimsday2details/wedding28.png')])
155.1492 	EXP 	ITIfixation: autoDraw = False
155.1492 	EXP 	leftimageLoc: image = 'stimsday2details/wedding22.png'
155.1492 	EXP 	rightimageLoc: image = 'stimsday2details/wedding28.png'
155.1492 	EXP 	leftimageLoc: autoDraw = True
155.1492 	EXP 	rightimageLoc: autoDraw = True
155.1492 	EXP 	Q: autoDraw = True
156.3140 	DATA 	Keypress: k
156.3265 	EXP 	leftimageLoc: autoDraw = False
156.3265 	EXP 	rightimageLoc: autoDraw = False
156.3265 	EXP 	Q: autoDraw = False
156.3265 	EXP 	ITIfixation: autoDraw = True
157.8115 	EXP 	New trial (rep=0, index=20): OrderedDict([('leftimage', 'stimsday2details/wedding38.png'), ('rightimage', 'stimsday2details/wedding20.png')])
158.0595 	EXP 	ITIfixation: autoDraw = False
158.0595 	EXP 	ITIfixation: autoDraw = False
158.0595 	EXP 	leftimageLoc: image = 'stimsday2details/wedding38.png'
158.0595 	EXP 	rightimageLoc: image = 'stimsday2details/wedding20.png'
158.0595 	EXP 	leftimageLoc: autoDraw = True
158.0595 	EXP 	rightimageLoc: autoDraw = True
158.0595 	EXP 	Q: autoDraw = True
160.0804 	DATA 	Keypress: k
160.0933 	EXP 	leftimageLoc: autoDraw = False
160.0933 	EXP 	rightimageLoc: autoDraw = False
160.0933 	EXP 	Q: autoDraw = False
160.0933 	EXP 	ITIfixation: autoDraw = True
161.5782 	EXP 	New trial (rep=0, index=21): OrderedDict([('leftimage', 'stimsday2details/wedding6.png'), ('rightimage', 'stimsday2details/wedding19.png')])
161.8262 	EXP 	ITIfixation: autoDraw = False
161.8262 	EXP 	ITIfixation: autoDraw = False
161.8262 	EXP 	leftimageLoc: image = 'stimsday2details/wedding6.png'
161.8262 	EXP 	rightimageLoc: image = 'stimsday2details/wedding19.png'
161.8262 	EXP 	leftimageLoc: autoDraw = True
161.8262 	EXP 	rightimageLoc: autoDraw = True
161.8262 	EXP 	Q: autoDraw = True
167.7962 	DATA 	Keypress: l
167.8100 	EXP 	leftimageLoc: autoDraw = False
167.8100 	EXP 	rightimageLoc: autoDraw = False
167.8100 	EXP 	Q: autoDraw = False
167.8100 	EXP 	ITIfixation: autoDraw = True
169.3767 	EXP 	ITIfixation: autoDraw = False
169.3767 	EXP 	ITIfixation: autoDraw = False
169.6591 	EXP 	window1: mouseVisible = True
