54.3452 	WARNING 	User requested fullscreen with size [2560 1440], but screen is actually [1440, 900]. Using actual size
55.0698 	EXP 	Created window1 = Window(allowGUI=False, allowStencil=False, args=UNKNOWN, autoLog=True, bitsMode=UNKNOWN, blendMode='avg', color=array([0., 0., 0.]), colorSpace='rgb', fullscr=<method-wrapper '__getattribute__' of attributeSetter object at 0x136ea9be0>, gamma=None, kwargs=UNKNOWN, lms=UNKNOWN, monitor=<psychopy.monitors.calibTools.Monitor object at 0x136e8feb8>, multiSample=False, name='window1', numSamples=2, pos=[0.0, 0.0], screen=0, size=array([2880, 1800]), stereo=False, units='norm', useFBO=True, useRetina=True, viewOri=0.0, viewPos=None, viewScale=None, waitBlanking=True, winType='pyglet')
55.0698 	EXP 	window1: recordFrameIntervals = False
55.2688 	EXP 	window1: recordFrameIntervals = True
55.4530 	EXP 	window1: recordFrameIntervals = False
55.6719 	EXP 	Created leftimageLoc = ImageStim(__class__=<class 'psychopy.visual.image.ImageStim'>, autoLog=True, color=array([1., 1., 1.]), colorSpace='rgb', contrast=1.0, depth=0.0, flipHoriz=False, flipVert=False, image='sin', interpolate=True, mask=None, maskParams=None, name='leftimageLoc', opacity=1.0, ori=0.0, pos=array([-0.5,  0. ]), size=array([0.87, 1.  ]), texRes=128, units='norm', win=Window(...))
55.6732 	EXP 	Created rightimageLoc = ImageStim(__class__=<class 'psychopy.visual.image.ImageStim'>, autoLog=True, color=array([1., 1., 1.]), colorSpace='rgb', contrast=1.0, depth=-1.0, flipHoriz=False, flipVert=False, image='sin', interpolate=True, mask=None, maskParams=None, name='rightimageLoc', opacity=1.0, ori=0.0, pos=array([0.5, 0. ]), size=array([0.87, 1.  ]), texRes=128, units='norm', win=Window(...))
55.7479 	EXP 	Created Q = TextStim(__class__=<class 'psychopy.visual.text.TextStim'>, alignHoriz='center', alignVert='center', antialias=True, autoLog=True, bold=False, color='white', colorSpace='named', contrast=1.0, depth=-3.0, flipHoriz=False, flipVert=False, font='Arial', fontFiles=[], height=0.1, italic=False, languageStyle='LTR', name='Q', opacity=1.0, ori=0, pos=array([0. , 0.5]), rgb=array([255., 255., 255.]), text='Which one came first?', units='norm', win=Window(...), wrapWidth=1)
55.7506 	EXP 	Created ITIfixation = TextStim(__class__=<class 'psychopy.visual.text.TextStim'>, alignHoriz='center', alignVert='center', antialias=True, autoLog=True, bold=False, color='white', colorSpace='named', contrast=1.0, depth=0.0, flipHoriz=False, flipVert=False, font='Arial', fontFiles=[], height=0.1, italic=False, languageStyle='LTR', name='ITIfixation', opacity=1.0, ori=0, pos=array([0., 0.]), rgb=array([255., 255., 255.]), text='+', units='norm', win=Window(...), wrapWidth=1)
55.7601 	EXP 	Imported subj19_day2_sequence.csv as conditions, 22 conditions, 2 params
55.7605 	EXP 	Created sequence: random, trialTypes=22, nReps=1, seed=None
55.7607 	EXP 	New trial (rep=0, index=0): OrderedDict([('leftimage', 'stimsday2details/wedding22.png'), ('rightimage', 'stimsday2details/wedding23.png')])
56.1876 	EXP 	leftimageLoc: image = 'stimsday2details/wedding22.png'
56.1876 	EXP 	rightimageLoc: image = 'stimsday2details/wedding23.png'
56.1876 	EXP 	leftimageLoc: autoDraw = True
56.1876 	EXP 	rightimageLoc: autoDraw = True
56.1876 	EXP 	Q: autoDraw = True
66.4971 	DATA 	Keypress: k
66.5067 	EXP 	leftimageLoc: autoDraw = False
66.5067 	EXP 	rightimageLoc: autoDraw = False
66.5067 	EXP 	Q: autoDraw = False
66.5067 	EXP 	ITIfixation: autoDraw = True
67.9919 	EXP 	New trial (rep=0, index=1): OrderedDict([('leftimage', 'stimsday2details/wedding22.png'), ('rightimage', 'stimsday2details/wedding2.png')])
68.2897 	EXP 	ITIfixation: autoDraw = False
68.2897 	EXP 	ITIfixation: autoDraw = False
68.2897 	EXP 	leftimageLoc: image = 'stimsday2details/wedding22.png'
68.2897 	EXP 	rightimageLoc: image = 'stimsday2details/wedding2.png'
68.2897 	EXP 	leftimageLoc: autoDraw = True
68.2897 	EXP 	rightimageLoc: autoDraw = True
68.2897 	EXP 	Q: autoDraw = True
76.2431 	DATA 	Keypress: k
76.2570 	EXP 	leftimageLoc: autoDraw = False
76.2570 	EXP 	rightimageLoc: autoDraw = False
76.2570 	EXP 	Q: autoDraw = False
76.2570 	EXP 	ITIfixation: autoDraw = True
77.7416 	EXP 	New trial (rep=0, index=2): OrderedDict([('leftimage', 'stimsday2details/wedding2.png'), ('rightimage', 'stimsday2details/wedding22.png')])
77.9910 	EXP 	ITIfixation: autoDraw = False
77.9910 	EXP 	ITIfixation: autoDraw = False
77.9910 	EXP 	leftimageLoc: image = 'stimsday2details/wedding2.png'
77.9910 	EXP 	rightimageLoc: image = 'stimsday2details/wedding22.png'
77.9910 	EXP 	leftimageLoc: autoDraw = True
77.9910 	EXP 	rightimageLoc: autoDraw = True
77.9910 	EXP 	Q: autoDraw = True
85.1179 	DATA 	Keypress: l
85.1231 	EXP 	leftimageLoc: autoDraw = False
85.1231 	EXP 	rightimageLoc: autoDraw = False
85.1231 	EXP 	Q: autoDraw = False
85.1231 	EXP 	ITIfixation: autoDraw = True
86.6081 	EXP 	New trial (rep=0, index=3): OrderedDict([('leftimage', 'stimsday2details/wedding28.png'), ('rightimage', 'stimsday2details/wedding20.png')])
86.9562 	EXP 	ITIfixation: autoDraw = False
86.9562 	EXP 	ITIfixation: autoDraw = False
86.9562 	EXP 	leftimageLoc: image = 'stimsday2details/wedding28.png'
86.9562 	EXP 	rightimageLoc: image = 'stimsday2details/wedding20.png'
86.9562 	EXP 	leftimageLoc: autoDraw = True
86.9562 	EXP 	rightimageLoc: autoDraw = True
86.9562 	EXP 	Q: autoDraw = True
92.0089 	DATA 	Keypress: k
92.0233 	EXP 	leftimageLoc: autoDraw = False
92.0233 	EXP 	rightimageLoc: autoDraw = False
92.0233 	EXP 	Q: autoDraw = False
92.0233 	EXP 	ITIfixation: autoDraw = True
93.5078 	EXP 	New trial (rep=0, index=4): OrderedDict([('leftimage', 'stimsday2details/wedding19.png'), ('rightimage', 'stimsday2details/wedding34.png')])
93.8560 	EXP 	ITIfixation: autoDraw = False
93.8560 	EXP 	leftimageLoc: image = 'stimsday2details/wedding19.png'
93.8560 	EXP 	rightimageLoc: image = 'stimsday2details/wedding34.png'
93.8560 	EXP 	leftimageLoc: autoDraw = True
93.8560 	EXP 	rightimageLoc: autoDraw = True
93.8560 	EXP 	Q: autoDraw = True
102.5278 	DATA 	Keypress: k
102.5401 	EXP 	leftimageLoc: autoDraw = False
102.5401 	EXP 	rightimageLoc: autoDraw = False
102.5401 	EXP 	Q: autoDraw = False
102.5401 	EXP 	ITIfixation: autoDraw = True
104.0245 	EXP 	New trial (rep=0, index=5): OrderedDict([('leftimage', 'stimsday2details/wedding23.png'), ('rightimage', 'stimsday2details/wedding22.png')])
104.2606 	EXP 	ITIfixation: autoDraw = False
104.2606 	EXP 	ITIfixation: autoDraw = False
104.2606 	EXP 	leftimageLoc: image = 'stimsday2details/wedding23.png'
104.2606 	EXP 	rightimageLoc: image = 'stimsday2details/wedding22.png'
104.2606 	EXP 	leftimageLoc: autoDraw = True
104.2606 	EXP 	rightimageLoc: autoDraw = True
104.2606 	EXP 	Q: autoDraw = True
106.7797 	DATA 	Keypress: l
106.7892 	EXP 	leftimageLoc: autoDraw = False
106.7892 	EXP 	rightimageLoc: autoDraw = False
106.7892 	EXP 	Q: autoDraw = False
106.7892 	EXP 	ITIfixation: autoDraw = True
108.2744 	EXP 	New trial (rep=0, index=6): OrderedDict([('leftimage', 'stimsday2details/wedding34.png'), ('rightimage', 'stimsday2details/wedding19.png')])
108.5224 	EXP 	ITIfixation: autoDraw = False
108.5224 	EXP 	ITIfixation: autoDraw = False
108.5224 	EXP 	leftimageLoc: image = 'stimsday2details/wedding34.png'
108.5224 	EXP 	rightimageLoc: image = 'stimsday2details/wedding19.png'
108.5224 	EXP 	leftimageLoc: autoDraw = True
108.5224 	EXP 	rightimageLoc: autoDraw = True
108.5224 	EXP 	Q: autoDraw = True
114.5764 	DATA 	Keypress: l
114.5896 	EXP 	leftimageLoc: autoDraw = False
114.5896 	EXP 	rightimageLoc: autoDraw = False
114.5896 	EXP 	Q: autoDraw = False
114.5896 	EXP 	ITIfixation: autoDraw = True
116.0744 	EXP 	New trial (rep=0, index=7): OrderedDict([('leftimage', 'stimsday2details/wedding6.png'), ('rightimage', 'stimsday2details/wedding34.png')])
116.3570 	EXP 	ITIfixation: autoDraw = False
116.3570 	EXP 	ITIfixation: autoDraw = False
116.3570 	EXP 	leftimageLoc: image = 'stimsday2details/wedding6.png'
116.3570 	EXP 	rightimageLoc: image = 'stimsday2details/wedding34.png'
116.3570 	EXP 	leftimageLoc: autoDraw = True
116.3570 	EXP 	rightimageLoc: autoDraw = True
116.3570 	EXP 	Q: autoDraw = True
119.0962 	DATA 	Keypress: l
119.1059 	EXP 	leftimageLoc: autoDraw = False
119.1059 	EXP 	rightimageLoc: autoDraw = False
119.1059 	EXP 	Q: autoDraw = False
119.1059 	EXP 	ITIfixation: autoDraw = True
120.5910 	EXP 	New trial (rep=0, index=8): OrderedDict([('leftimage', 'stimsday2details/wedding38.png'), ('rightimage', 'stimsday2details/wedding1.png')])
120.9056 	EXP 	ITIfixation: autoDraw = False
120.9056 	EXP 	ITIfixation: autoDraw = False
120.9056 	EXP 	leftimageLoc: image = 'stimsday2details/wedding38.png'
120.9056 	EXP 	rightimageLoc: image = 'stimsday2details/wedding1.png'
120.9056 	EXP 	leftimageLoc: autoDraw = True
120.9056 	EXP 	rightimageLoc: autoDraw = True
120.9056 	EXP 	Q: autoDraw = True
122.9609 	DATA 	Keypress: k
122.9727 	EXP 	leftimageLoc: autoDraw = False
122.9727 	EXP 	rightimageLoc: autoDraw = False
122.9727 	EXP 	Q: autoDraw = False
122.9727 	EXP 	ITIfixation: autoDraw = True
124.4577 	EXP 	New trial (rep=0, index=9): OrderedDict([('leftimage', 'stimsday2details/wedding34.png'), ('rightimage', 'stimsday2details/wedding6.png')])
124.6907 	EXP 	ITIfixation: autoDraw = False
124.6907 	EXP 	ITIfixation: autoDraw = False
124.6907 	EXP 	leftimageLoc: image = 'stimsday2details/wedding34.png'
124.6907 	EXP 	rightimageLoc: image = 'stimsday2details/wedding6.png'
124.6907 	EXP 	leftimageLoc: autoDraw = True
124.6907 	EXP 	rightimageLoc: autoDraw = True
124.6907 	EXP 	Q: autoDraw = True
128.2932 	DATA 	Keypress: k
128.3063 	EXP 	leftimageLoc: autoDraw = False
128.3063 	EXP 	rightimageLoc: autoDraw = False
128.3063 	EXP 	Q: autoDraw = False
128.3063 	EXP 	ITIfixation: autoDraw = True
129.7908 	EXP 	New trial (rep=0, index=10): OrderedDict([('leftimage', 'stimsday2details/wedding29.png'), ('rightimage', 'stimsday2details/wedding2.png')])
130.0726 	EXP 	ITIfixation: autoDraw = False
130.0726 	EXP 	ITIfixation: autoDraw = False
130.0726 	EXP 	leftimageLoc: image = 'stimsday2details/wedding29.png'
130.0726 	EXP 	rightimageLoc: image = 'stimsday2details/wedding2.png'
130.0726 	EXP 	leftimageLoc: autoDraw = True
130.0726 	EXP 	rightimageLoc: autoDraw = True
130.0726 	EXP 	Q: autoDraw = True
131.7460 	DATA 	Keypress: l
131.7561 	EXP 	leftimageLoc: autoDraw = False
131.7561 	EXP 	rightimageLoc: autoDraw = False
131.7561 	EXP 	Q: autoDraw = False
131.7561 	EXP 	ITIfixation: autoDraw = True
133.2409 	EXP 	New trial (rep=0, index=11): OrderedDict([('leftimage', 'stimsday2details/wedding6.png'), ('rightimage', 'stimsday2details/wedding23.png')])
133.4897 	EXP 	ITIfixation: autoDraw = False
133.4897 	EXP 	ITIfixation: autoDraw = False
133.4897 	EXP 	leftimageLoc: image = 'stimsday2details/wedding6.png'
133.4897 	EXP 	rightimageLoc: image = 'stimsday2details/wedding23.png'
133.4897 	EXP 	leftimageLoc: autoDraw = True
133.4897 	EXP 	rightimageLoc: autoDraw = True
133.4897 	EXP 	Q: autoDraw = True
135.4926 	DATA 	Keypress: l
135.5059 	EXP 	leftimageLoc: autoDraw = False
135.5059 	EXP 	rightimageLoc: autoDraw = False
135.5059 	EXP 	Q: autoDraw = False
135.5059 	EXP 	ITIfixation: autoDraw = True
136.9903 	EXP 	New trial (rep=0, index=12): OrderedDict([('leftimage', 'stimsday2details/wedding17.png'), ('rightimage', 'stimsday2details/wedding1.png')])
137.2893 	EXP 	ITIfixation: autoDraw = False
137.2893 	EXP 	ITIfixation: autoDraw = False
137.2893 	EXP 	leftimageLoc: image = 'stimsday2details/wedding17.png'
137.2893 	EXP 	rightimageLoc: image = 'stimsday2details/wedding1.png'
137.2893 	EXP 	leftimageLoc: autoDraw = True
137.2893 	EXP 	rightimageLoc: autoDraw = True
137.2893 	EXP 	Q: autoDraw = True
141.3594 	DATA 	Keypress: l
141.3721 	EXP 	leftimageLoc: autoDraw = False
141.3721 	EXP 	rightimageLoc: autoDraw = False
141.3721 	EXP 	Q: autoDraw = False
141.3721 	EXP 	ITIfixation: autoDraw = True
142.8574 	EXP 	New trial (rep=0, index=13): OrderedDict([('leftimage', 'stimsday2details/wedding1.png'), ('rightimage', 'stimsday2details/wedding17.png')])
143.1073 	EXP 	ITIfixation: autoDraw = False
143.1073 	EXP 	ITIfixation: autoDraw = False
143.1073 	EXP 	leftimageLoc: image = 'stimsday2details/wedding1.png'
143.1073 	EXP 	rightimageLoc: image = 'stimsday2details/wedding17.png'
143.1073 	EXP 	leftimageLoc: autoDraw = True
143.1073 	EXP 	rightimageLoc: autoDraw = True
143.1073 	EXP 	Q: autoDraw = True
145.1806 	DATA 	Keypress: l
145.1883 	EXP 	leftimageLoc: autoDraw = False
145.1883 	EXP 	rightimageLoc: autoDraw = False
145.1883 	EXP 	Q: autoDraw = False
145.1883 	EXP 	ITIfixation: autoDraw = True
146.6739 	EXP 	New trial (rep=0, index=14): OrderedDict([('leftimage', 'stimsday2details/wedding17.png'), ('rightimage', 'stimsday2details/wedding28.png')])
146.9385 	EXP 	ITIfixation: autoDraw = False
146.9385 	EXP 	ITIfixation: autoDraw = False
146.9385 	EXP 	leftimageLoc: image = 'stimsday2details/wedding17.png'
146.9385 	EXP 	rightimageLoc: image = 'stimsday2details/wedding28.png'
146.9385 	EXP 	leftimageLoc: autoDraw = True
146.9385 	EXP 	rightimageLoc: autoDraw = True
146.9385 	EXP 	Q: autoDraw = True
149.3291 	DATA 	Keypress: l
149.3389 	EXP 	leftimageLoc: autoDraw = False
149.3389 	EXP 	rightimageLoc: autoDraw = False
149.3389 	EXP 	Q: autoDraw = False
149.3389 	EXP 	ITIfixation: autoDraw = True
150.8238 	EXP 	New trial (rep=0, index=15): OrderedDict([('leftimage', 'stimsday2details/wedding38.png'), ('rightimage', 'stimsday2details/wedding29.png')])
151.0742 	EXP 	ITIfixation: autoDraw = False
151.0742 	EXP 	ITIfixation: autoDraw = False
151.0742 	EXP 	leftimageLoc: image = 'stimsday2details/wedding38.png'
151.0742 	EXP 	rightimageLoc: image = 'stimsday2details/wedding29.png'
151.0742 	EXP 	leftimageLoc: autoDraw = True
151.0742 	EXP 	rightimageLoc: autoDraw = True
151.0742 	EXP 	Q: autoDraw = True
154.6947 	DATA 	Keypress: k
154.7059 	EXP 	leftimageLoc: autoDraw = False
154.7059 	EXP 	rightimageLoc: autoDraw = False
154.7059 	EXP 	Q: autoDraw = False
154.7059 	EXP 	ITIfixation: autoDraw = True
156.1905 	EXP 	New trial (rep=0, index=16): OrderedDict([('leftimage', 'stimsday2details/wedding28.png'), ('rightimage', 'stimsday2details/wedding17.png')])
156.4555 	EXP 	ITIfixation: autoDraw = False
156.4555 	EXP 	ITIfixation: autoDraw = False
156.4555 	EXP 	leftimageLoc: image = 'stimsday2details/wedding28.png'
156.4555 	EXP 	rightimageLoc: image = 'stimsday2details/wedding17.png'
156.4555 	EXP 	leftimageLoc: autoDraw = True
156.4555 	EXP 	rightimageLoc: autoDraw = True
156.4555 	EXP 	Q: autoDraw = True
160.6091 	DATA 	Keypress: k
160.6223 	EXP 	leftimageLoc: autoDraw = False
160.6223 	EXP 	rightimageLoc: autoDraw = False
160.6223 	EXP 	Q: autoDraw = False
160.6223 	EXP 	ITIfixation: autoDraw = True
162.1072 	EXP 	New trial (rep=0, index=17): OrderedDict([('leftimage', 'stimsday2details/wedding2.png'), ('rightimage', 'stimsday2details/wedding29.png')])
162.3892 	EXP 	ITIfixation: autoDraw = False
162.3892 	EXP 	ITIfixation: autoDraw = False
162.3892 	EXP 	leftimageLoc: image = 'stimsday2details/wedding2.png'
162.3892 	EXP 	rightimageLoc: image = 'stimsday2details/wedding29.png'
162.3892 	EXP 	leftimageLoc: autoDraw = True
162.3892 	EXP 	rightimageLoc: autoDraw = True
162.3892 	EXP 	Q: autoDraw = True
165.3954 	DATA 	Keypress: k
165.4057 	EXP 	leftimageLoc: autoDraw = False
165.4057 	EXP 	rightimageLoc: autoDraw = False
165.4057 	EXP 	Q: autoDraw = False
165.4057 	EXP 	ITIfixation: autoDraw = True
166.8903 	EXP 	New trial (rep=0, index=18): OrderedDict([('leftimage', 'stimsday2details/wedding20.png'), ('rightimage', 'stimsday2details/wedding28.png')])
167.1414 	EXP 	ITIfixation: autoDraw = False
167.1414 	EXP 	ITIfixation: autoDraw = False
167.1414 	EXP 	leftimageLoc: image = 'stimsday2details/wedding20.png'
167.1414 	EXP 	rightimageLoc: image = 'stimsday2details/wedding28.png'
167.1414 	EXP 	leftimageLoc: autoDraw = True
167.1414 	EXP 	rightimageLoc: autoDraw = True
167.1414 	EXP 	Q: autoDraw = True
171.4101 	DATA 	Keypress: l
171.4223 	EXP 	leftimageLoc: autoDraw = False
171.4223 	EXP 	rightimageLoc: autoDraw = False
171.4223 	EXP 	Q: autoDraw = False
171.4223 	EXP 	ITIfixation: autoDraw = True
172.9071 	EXP 	New trial (rep=0, index=19): OrderedDict([('leftimage', 'stimsday2details/wedding23.png'), ('rightimage', 'stimsday2details/wedding6.png')])
173.1557 	EXP 	ITIfixation: autoDraw = False
173.1557 	EXP 	ITIfixation: autoDraw = False
173.1557 	EXP 	leftimageLoc: image = 'stimsday2details/wedding23.png'
173.1557 	EXP 	rightimageLoc: image = 'stimsday2details/wedding6.png'
173.1557 	EXP 	leftimageLoc: autoDraw = True
173.1557 	EXP 	rightimageLoc: autoDraw = True
173.1557 	EXP 	Q: autoDraw = True
181.5925 	DATA 	Keypress: k
181.6048 	EXP 	leftimageLoc: autoDraw = False
181.6048 	EXP 	rightimageLoc: autoDraw = False
181.6048 	EXP 	Q: autoDraw = False
181.6048 	EXP 	ITIfixation: autoDraw = True
183.0902 	EXP 	New trial (rep=0, index=20): OrderedDict([('leftimage', 'stimsday2details/wedding29.png'), ('rightimage', 'stimsday2details/wedding38.png')])
183.3383 	EXP 	ITIfixation: autoDraw = False
183.3383 	EXP 	ITIfixation: autoDraw = False
183.3383 	EXP 	leftimageLoc: image = 'stimsday2details/wedding29.png'
183.3383 	EXP 	rightimageLoc: image = 'stimsday2details/wedding38.png'
183.3383 	EXP 	leftimageLoc: autoDraw = True
183.3383 	EXP 	rightimageLoc: autoDraw = True
183.3383 	EXP 	Q: autoDraw = True
185.2454 	DATA 	Keypress: l
185.2548 	EXP 	leftimageLoc: autoDraw = False
185.2548 	EXP 	rightimageLoc: autoDraw = False
185.2548 	EXP 	Q: autoDraw = False
185.2548 	EXP 	ITIfixation: autoDraw = True
186.7402 	EXP 	New trial (rep=0, index=21): OrderedDict([('leftimage', 'stimsday2details/wedding1.png'), ('rightimage', 'stimsday2details/wedding38.png')])
186.9888 	EXP 	ITIfixation: autoDraw = False
186.9888 	EXP 	ITIfixation: autoDraw = False
186.9888 	EXP 	leftimageLoc: image = 'stimsday2details/wedding1.png'
186.9888 	EXP 	rightimageLoc: image = 'stimsday2details/wedding38.png'
186.9888 	EXP 	leftimageLoc: autoDraw = True
186.9888 	EXP 	rightimageLoc: autoDraw = True
186.9888 	EXP 	Q: autoDraw = True
188.8089 	DATA 	Keypress: l
188.8216 	EXP 	leftimageLoc: autoDraw = False
188.8216 	EXP 	rightimageLoc: autoDraw = False
188.8216 	EXP 	Q: autoDraw = False
188.8216 	EXP 	ITIfixation: autoDraw = True
190.3884 	EXP 	ITIfixation: autoDraw = False
190.3884 	EXP 	ITIfixation: autoDraw = False
190.6709 	EXP 	window1: mouseVisible = True
