1.8067 	WARNING 	Import Error: No module named 'psychtoolbox'. Using event module for keyboard component.
12.4257 	WARNING 	User requested fullscreen with size [2560 1440], but screen is actually [1920, 1080]. Using actual size
14.5658 	WARNING 	Couldn't measure a consistent frame rate.
  - Is your graphics card set to sync to vertical blank?
  - Are you running other processes on your computer?

14.5664 	EXP 	Created window1 = Window(allowGUI=False, allowStencil=False, args=UNKNOWN, autoLog=True, bitsMode=UNKNOWN, blendMode='avg', color=array([0., 0., 0.]), colorSpace='rgb', fullscr=<method-wrapper '__getattribute__' of attributeSetter object at 0x13233b3390>, gamma=None, kwargs=UNKNOWN, lms=UNKNOWN, monitor=<psychopy.monitors.calibTools.Monitor object at 0x132506bc18>, multiSample=False, name='window1', numSamples=2, pos=[0.0, 0.0], screen=0, size=array([1920, 1080]), stereo=False, units='norm', useFBO=True, useRetina=False, viewOri=0.0, viewPos=None, viewScale=None, waitBlanking=True, winType='pyglet')
14.5664 	EXP 	window1: recordFrameIntervals = False
14.7327 	EXP 	window1: recordFrameIntervals = True
14.8035 	WARNING 	t of last frame was 20.54ms (=1/48)
14.8532 	WARNING 	t of last frame was 20.62ms (=1/48)
14.9039 	WARNING 	t of last frame was 21.09ms (=1/47)
14.9528 	WARNING 	t of last frame was 20.57ms (=1/48)
15.0026 	WARNING 	Multiple dropped frames have occurred - I'll stop bothering you about them!
16.4035 	WARNING 	Couldn't measure a consistent frame rate.
  - Is your graphics card set to sync to vertical blank?
  - Are you running other processes on your computer?

16.4104 	EXP 	Created leftimageLoc = ImageStim(__class__=<class 'psychopy.visual.image.ImageStim'>, autoLog=True, color=array([1., 1., 1.]), colorSpace='rgb', contrast=1.0, depth=0.0, flipHoriz=False, flipVert=False, image='sin', interpolate=True, mask=None, maskParams=None, name='leftimageLoc', opacity=1.0, ori=0.0, pos=array([-0.5,  0. ]), size=array([0.87, 1.  ]), texRes=128, units='norm', win=Window(...))
16.4129 	EXP 	Created rightimageLoc = ImageStim(__class__=<class 'psychopy.visual.image.ImageStim'>, autoLog=True, color=array([1., 1., 1.]), colorSpace='rgb', contrast=1.0, depth=-1.0, flipHoriz=False, flipVert=False, image='sin', interpolate=True, mask=None, maskParams=None, name='rightimageLoc', opacity=1.0, ori=0.0, pos=array([0.5, 0. ]), size=array([0.87, 1.  ]), texRes=128, units='norm', win=Window(...))
16.5368 	EXP 	Created Q = TextStim(__class__=<class 'psychopy.visual.text.TextStim'>, alignHoriz='center', alignVert='center', antialias=True, autoLog=True, bold=False, color='white', colorSpace='named', contrast=1.0, depth=-3.0, flipHoriz=False, flipVert=False, font='Arial', fontFiles=[], height=0.1, italic=False, languageStyle='LTR', name='Q', opacity=1.0, ori=0, pos=array([0. , 0.5]), rgb=array([255., 255., 255.]), text='Which one came first?', units='norm', win=Window(...), wrapWidth=1)
16.5414 	EXP 	Created ITIfixation = TextStim(__class__=<class 'psychopy.visual.text.TextStim'>, alignHoriz='center', alignVert='center', antialias=True, autoLog=True, bold=False, color='white', colorSpace='named', contrast=1.0, depth=0.0, flipHoriz=False, flipVert=False, font='Arial', fontFiles=[], height=0.1, italic=False, languageStyle='LTR', name='ITIfixation', opacity=1.0, ori=0, pos=array([0., 0.]), rgb=array([255., 255., 255.]), text='+', units='norm', win=Window(...), wrapWidth=1)
16.5523 	EXP 	Imported subj2_day2_sequence.csv as conditions, 22 conditions, 2 params
16.5529 	EXP 	Created sequence: random, trialTypes=22, nReps=1, seed=None
16.5533 	EXP 	New trial (rep=0, index=0): OrderedDict([('leftimage', 'stimsday2details/wedding20.png'), ('rightimage', 'stimsday2details/wedding1.png')])
16.8445 	EXP 	leftimageLoc: image = 'stimsday2details/wedding20.png'
16.8445 	EXP 	rightimageLoc: image = 'stimsday2details/wedding1.png'
16.8445 	EXP 	leftimageLoc: autoDraw = True
16.8445 	EXP 	rightimageLoc: autoDraw = True
16.8445 	EXP 	Q: autoDraw = True
25.6372 	DATA 	Keypress: k
25.6453 	EXP 	leftimageLoc: autoDraw = False
25.6453 	EXP 	rightimageLoc: autoDraw = False
25.6453 	EXP 	Q: autoDraw = False
25.6453 	EXP 	ITIfixation: autoDraw = True
27.1461 	EXP 	New trial (rep=0, index=1): OrderedDict([('leftimage', 'stimsday2details/wedding23.png'), ('rightimage', 'stimsday2details/wedding2.png')])
27.4120 	EXP 	ITIfixation: autoDraw = False
27.4120 	EXP 	leftimageLoc: image = 'stimsday2details/wedding23.png'
27.4120 	EXP 	rightimageLoc: image = 'stimsday2details/wedding2.png'
27.4120 	EXP 	leftimageLoc: autoDraw = True
27.4120 	EXP 	rightimageLoc: autoDraw = True
27.4120 	EXP 	Q: autoDraw = True
34.8794 	DATA 	Keypress: k
34.8943 	EXP 	leftimageLoc: autoDraw = False
34.8943 	EXP 	rightimageLoc: autoDraw = False
34.8943 	EXP 	Q: autoDraw = False
34.8943 	EXP 	ITIfixation: autoDraw = True
36.3826 	EXP 	New trial (rep=0, index=2): OrderedDict([('leftimage', 'stimsday2details/wedding2.png'), ('rightimage', 'stimsday2details/wedding17.png')])
36.6279 	EXP 	ITIfixation: autoDraw = False
36.6279 	EXP 	leftimageLoc: image = 'stimsday2details/wedding2.png'
36.6279 	EXP 	rightimageLoc: image = 'stimsday2details/wedding17.png'
36.6279 	EXP 	leftimageLoc: autoDraw = True
36.6279 	EXP 	rightimageLoc: autoDraw = True
36.6279 	EXP 	Q: autoDraw = True
40.8367 	DATA 	Keypress: k
40.8616 	EXP 	leftimageLoc: autoDraw = False
40.8616 	EXP 	rightimageLoc: autoDraw = False
40.8616 	EXP 	Q: autoDraw = False
40.8616 	EXP 	ITIfixation: autoDraw = True
42.3613 	EXP 	New trial (rep=0, index=3): OrderedDict([('leftimage', 'stimsday2details/wedding6.png'), ('rightimage', 'stimsday2details/wedding19.png')])
42.5951 	EXP 	ITIfixation: autoDraw = False
42.5951 	EXP 	leftimageLoc: image = 'stimsday2details/wedding6.png'
42.5951 	EXP 	rightimageLoc: image = 'stimsday2details/wedding19.png'
42.5951 	EXP 	leftimageLoc: autoDraw = True
42.5951 	EXP 	rightimageLoc: autoDraw = True
42.5951 	EXP 	Q: autoDraw = True
46.9159 	DATA 	Keypress: l
46.9478 	EXP 	leftimageLoc: autoDraw = False
46.9478 	EXP 	rightimageLoc: autoDraw = False
46.9478 	EXP 	Q: autoDraw = False
46.9478 	EXP 	ITIfixation: autoDraw = True
48.4488 	EXP 	New trial (rep=0, index=4): OrderedDict([('leftimage', 'stimsday2details/wedding34.png'), ('rightimage', 'stimsday2details/wedding28.png')])
48.6942 	EXP 	ITIfixation: autoDraw = False
48.6942 	EXP 	leftimageLoc: image = 'stimsday2details/wedding34.png'
48.6942 	EXP 	rightimageLoc: image = 'stimsday2details/wedding28.png'
48.6942 	EXP 	leftimageLoc: autoDraw = True
48.6942 	EXP 	rightimageLoc: autoDraw = True
48.6942 	EXP 	Q: autoDraw = True
54.5484 	DATA 	Keypress: k
54.5819 	EXP 	leftimageLoc: autoDraw = False
54.5819 	EXP 	rightimageLoc: autoDraw = False
54.5819 	EXP 	Q: autoDraw = False
54.5819 	EXP 	ITIfixation: autoDraw = True
56.0820 	EXP 	New trial (rep=0, index=5): OrderedDict([('leftimage', 'stimsday2details/wedding38.png'), ('rightimage', 'stimsday2details/wedding34.png')])
56.3301 	EXP 	ITIfixation: autoDraw = False
56.3301 	EXP 	leftimageLoc: image = 'stimsday2details/wedding38.png'
56.3301 	EXP 	rightimageLoc: image = 'stimsday2details/wedding34.png'
56.3301 	EXP 	leftimageLoc: autoDraw = True
56.3301 	EXP 	rightimageLoc: autoDraw = True
56.3301 	EXP 	Q: autoDraw = True
64.1606 	DATA 	Keypress: k
64.1782 	EXP 	leftimageLoc: autoDraw = False
64.1782 	EXP 	rightimageLoc: autoDraw = False
64.1782 	EXP 	Q: autoDraw = False
64.1782 	EXP 	ITIfixation: autoDraw = True
65.6786 	EXP 	New trial (rep=0, index=6): OrderedDict([('leftimage', 'stimsday2details/wedding34.png'), ('rightimage', 'stimsday2details/wedding38.png')])
65.9113 	EXP 	ITIfixation: autoDraw = False
65.9113 	EXP 	leftimageLoc: image = 'stimsday2details/wedding34.png'
65.9113 	EXP 	rightimageLoc: image = 'stimsday2details/wedding38.png'
65.9113 	EXP 	leftimageLoc: autoDraw = True
65.9113 	EXP 	rightimageLoc: autoDraw = True
65.9113 	EXP 	Q: autoDraw = True
69.3012 	DATA 	Keypress: l
69.3114 	EXP 	leftimageLoc: autoDraw = False
69.3114 	EXP 	rightimageLoc: autoDraw = False
69.3114 	EXP 	Q: autoDraw = False
69.3114 	EXP 	ITIfixation: autoDraw = True
70.8111 	EXP 	New trial (rep=0, index=7): OrderedDict([('leftimage', 'stimsday2details/wedding19.png'), ('rightimage', 'stimsday2details/wedding6.png')])
71.0279 	EXP 	ITIfixation: autoDraw = False
71.0279 	EXP 	leftimageLoc: image = 'stimsday2details/wedding19.png'
71.0279 	EXP 	rightimageLoc: image = 'stimsday2details/wedding6.png'
71.0279 	EXP 	leftimageLoc: autoDraw = True
71.0279 	EXP 	rightimageLoc: autoDraw = True
71.0279 	EXP 	Q: autoDraw = True
77.5460 	DATA 	Keypress: k
77.5613 	EXP 	leftimageLoc: autoDraw = False
77.5613 	EXP 	rightimageLoc: autoDraw = False
77.5613 	EXP 	Q: autoDraw = False
77.5613 	EXP 	ITIfixation: autoDraw = True
79.0615 	EXP 	New trial (rep=0, index=8): OrderedDict([('leftimage', 'stimsday2details/wedding17.png'), ('rightimage', 'stimsday2details/wedding19.png')])
79.2777 	EXP 	ITIfixation: autoDraw = False
79.2777 	EXP 	leftimageLoc: image = 'stimsday2details/wedding17.png'
79.2777 	EXP 	rightimageLoc: image = 'stimsday2details/wedding19.png'
79.2777 	EXP 	leftimageLoc: autoDraw = True
79.2777 	EXP 	rightimageLoc: autoDraw = True
79.2777 	EXP 	Q: autoDraw = True
86.1451 	DATA 	Keypress: l
86.1603 	EXP 	leftimageLoc: autoDraw = False
86.1603 	EXP 	rightimageLoc: autoDraw = False
86.1603 	EXP 	Q: autoDraw = False
86.1603 	EXP 	ITIfixation: autoDraw = True
87.6486 	EXP 	New trial (rep=0, index=9): OrderedDict([('leftimage', 'stimsday2details/wedding22.png'), ('rightimage', 'stimsday2details/wedding38.png')])
87.8774 	EXP 	ITIfixation: autoDraw = False
87.8774 	EXP 	leftimageLoc: image = 'stimsday2details/wedding22.png'
87.8774 	EXP 	rightimageLoc: image = 'stimsday2details/wedding38.png'
87.8774 	EXP 	leftimageLoc: autoDraw = True
87.8774 	EXP 	rightimageLoc: autoDraw = True
87.8774 	EXP 	Q: autoDraw = True
94.7972 	DATA 	Keypress: l
94.8305 	EXP 	leftimageLoc: autoDraw = False
94.8305 	EXP 	rightimageLoc: autoDraw = False
94.8305 	EXP 	Q: autoDraw = False
94.8305 	EXP 	ITIfixation: autoDraw = True
96.3325 	EXP 	New trial (rep=0, index=10): OrderedDict([('leftimage', 'stimsday2details/wedding22.png'), ('rightimage', 'stimsday2details/wedding1.png')])
96.5485 	EXP 	ITIfixation: autoDraw = False
96.5485 	EXP 	leftimageLoc: image = 'stimsday2details/wedding22.png'
96.5485 	EXP 	rightimageLoc: image = 'stimsday2details/wedding1.png'
96.5485 	EXP 	leftimageLoc: autoDraw = True
96.5485 	EXP 	rightimageLoc: autoDraw = True
96.5485 	EXP 	Q: autoDraw = True
103.9175 	DATA 	Keypress: l
103.9274 	EXP 	leftimageLoc: autoDraw = False
103.9274 	EXP 	rightimageLoc: autoDraw = False
103.9274 	EXP 	Q: autoDraw = False
103.9274 	EXP 	ITIfixation: autoDraw = True
105.4274 	EXP 	New trial (rep=0, index=11): OrderedDict([('leftimage', 'stimsday2details/wedding28.png'), ('rightimage', 'stimsday2details/wedding29.png')])
105.6602 	EXP 	ITIfixation: autoDraw = False
105.6602 	EXP 	leftimageLoc: image = 'stimsday2details/wedding28.png'
105.6602 	EXP 	rightimageLoc: image = 'stimsday2details/wedding29.png'
105.6602 	EXP 	leftimageLoc: autoDraw = True
105.6602 	EXP 	rightimageLoc: autoDraw = True
105.6602 	EXP 	Q: autoDraw = True
107.3116 	DATA 	Keypress: k
107.3308 	EXP 	leftimageLoc: autoDraw = False
107.3308 	EXP 	rightimageLoc: autoDraw = False
107.3308 	EXP 	Q: autoDraw = False
107.3308 	EXP 	ITIfixation: autoDraw = True
108.8327 	EXP 	New trial (rep=0, index=12): OrderedDict([('leftimage', 'stimsday2details/wedding29.png'), ('rightimage', 'stimsday2details/wedding28.png')])
109.0603 	EXP 	ITIfixation: autoDraw = False
109.0603 	EXP 	leftimageLoc: image = 'stimsday2details/wedding29.png'
109.0603 	EXP 	rightimageLoc: image = 'stimsday2details/wedding28.png'
109.0603 	EXP 	leftimageLoc: autoDraw = True
109.0603 	EXP 	rightimageLoc: autoDraw = True
109.0603 	EXP 	Q: autoDraw = True
112.3620 	DATA 	Keypress: l
112.3778 	EXP 	leftimageLoc: autoDraw = False
112.3778 	EXP 	rightimageLoc: autoDraw = False
112.3778 	EXP 	Q: autoDraw = False
112.3778 	EXP 	ITIfixation: autoDraw = True
113.8653 	EXP 	New trial (rep=0, index=13): OrderedDict([('leftimage', 'stimsday2details/wedding2.png'), ('rightimage', 'stimsday2details/wedding23.png')])
114.0936 	EXP 	ITIfixation: autoDraw = False
114.0936 	EXP 	leftimageLoc: image = 'stimsday2details/wedding2.png'
114.0936 	EXP 	rightimageLoc: image = 'stimsday2details/wedding23.png'
114.0936 	EXP 	leftimageLoc: autoDraw = True
114.0936 	EXP 	rightimageLoc: autoDraw = True
114.0936 	EXP 	Q: autoDraw = True
118.0839 	DATA 	Keypress: l
118.0943 	EXP 	leftimageLoc: autoDraw = False
118.0943 	EXP 	rightimageLoc: autoDraw = False
118.0943 	EXP 	Q: autoDraw = False
118.0943 	EXP 	ITIfixation: autoDraw = True
119.5939 	EXP 	New trial (rep=0, index=14): OrderedDict([('leftimage', 'stimsday2details/wedding38.png'), ('rightimage', 'stimsday2details/wedding22.png')])
119.8105 	EXP 	ITIfixation: autoDraw = False
119.8105 	EXP 	leftimageLoc: image = 'stimsday2details/wedding38.png'
119.8105 	EXP 	rightimageLoc: image = 'stimsday2details/wedding22.png'
119.8105 	EXP 	leftimageLoc: autoDraw = True
119.8105 	EXP 	rightimageLoc: autoDraw = True
119.8105 	EXP 	Q: autoDraw = True
122.2783 	DATA 	Keypress: k
122.2928 	EXP 	leftimageLoc: autoDraw = False
122.2928 	EXP 	rightimageLoc: autoDraw = False
122.2928 	EXP 	Q: autoDraw = False
122.2928 	EXP 	ITIfixation: autoDraw = True
123.7936 	EXP 	New trial (rep=0, index=15): OrderedDict([('leftimage', 'stimsday2details/wedding1.png'), ('rightimage', 'stimsday2details/wedding20.png')])
124.0434 	EXP 	ITIfixation: autoDraw = False
124.0434 	EXP 	leftimageLoc: image = 'stimsday2details/wedding1.png'
124.0434 	EXP 	rightimageLoc: image = 'stimsday2details/wedding20.png'
124.0434 	EXP 	leftimageLoc: autoDraw = True
124.0434 	EXP 	rightimageLoc: autoDraw = True
124.0434 	EXP 	Q: autoDraw = True
129.1790 	DATA 	Keypress: k
129.1940 	EXP 	leftimageLoc: autoDraw = False
129.1940 	EXP 	rightimageLoc: autoDraw = False
129.1940 	EXP 	Q: autoDraw = False
129.1940 	EXP 	ITIfixation: autoDraw = True
130.6861 	EXP 	New trial (rep=0, index=16): OrderedDict([('leftimage', 'stimsday2details/wedding19.png'), ('rightimage', 'stimsday2details/wedding17.png')])
130.9150 	EXP 	ITIfixation: autoDraw = False
130.9150 	EXP 	leftimageLoc: image = 'stimsday2details/wedding19.png'
130.9150 	EXP 	rightimageLoc: image = 'stimsday2details/wedding17.png'
130.9150 	EXP 	leftimageLoc: autoDraw = True
130.9150 	EXP 	rightimageLoc: autoDraw = True
130.9150 	EXP 	Q: autoDraw = True
134.1004 	DATA 	Keypress: k
134.1150 	EXP 	leftimageLoc: autoDraw = False
134.1150 	EXP 	rightimageLoc: autoDraw = False
134.1150 	EXP 	Q: autoDraw = False
134.1150 	EXP 	ITIfixation: autoDraw = True
135.6102 	EXP 	New trial (rep=0, index=17): OrderedDict([('leftimage', 'stimsday2details/wedding17.png'), ('rightimage', 'stimsday2details/wedding2.png')])
135.8599 	EXP 	ITIfixation: autoDraw = False
135.8599 	EXP 	leftimageLoc: image = 'stimsday2details/wedding17.png'
135.8599 	EXP 	rightimageLoc: image = 'stimsday2details/wedding2.png'
135.8599 	EXP 	leftimageLoc: autoDraw = True
135.8599 	EXP 	rightimageLoc: autoDraw = True
135.8599 	EXP 	Q: autoDraw = True
143.6119 	DATA 	Keypress: k
143.6274 	EXP 	leftimageLoc: autoDraw = False
143.6274 	EXP 	rightimageLoc: autoDraw = False
143.6274 	EXP 	Q: autoDraw = False
143.6274 	EXP 	ITIfixation: autoDraw = True
145.1270 	EXP 	New trial (rep=0, index=18): OrderedDict([('leftimage', 'stimsday2details/wedding20.png'), ('rightimage', 'stimsday2details/wedding6.png')])
145.3631 	EXP 	ITIfixation: autoDraw = False
145.3631 	EXP 	leftimageLoc: image = 'stimsday2details/wedding20.png'
145.3631 	EXP 	rightimageLoc: image = 'stimsday2details/wedding6.png'
145.3631 	EXP 	leftimageLoc: autoDraw = True
145.3631 	EXP 	rightimageLoc: autoDraw = True
145.3631 	EXP 	Q: autoDraw = True
148.5815 	DATA 	Keypress: k
148.6143 	EXP 	leftimageLoc: autoDraw = False
148.6143 	EXP 	rightimageLoc: autoDraw = False
148.6143 	EXP 	Q: autoDraw = False
148.6143 	EXP 	ITIfixation: autoDraw = True
150.1142 	EXP 	New trial (rep=0, index=19): OrderedDict([('leftimage', 'stimsday2details/wedding6.png'), ('rightimage', 'stimsday2details/wedding20.png')])
150.3643 	EXP 	ITIfixation: autoDraw = False
150.3643 	EXP 	leftimageLoc: image = 'stimsday2details/wedding6.png'
150.3643 	EXP 	rightimageLoc: image = 'stimsday2details/wedding20.png'
150.3643 	EXP 	leftimageLoc: autoDraw = True
150.3643 	EXP 	rightimageLoc: autoDraw = True
150.3643 	EXP 	Q: autoDraw = True
153.6290 	DATA 	Keypress: l
153.6437 	EXP 	leftimageLoc: autoDraw = False
153.6437 	EXP 	rightimageLoc: autoDraw = False
153.6437 	EXP 	Q: autoDraw = False
153.6437 	EXP 	ITIfixation: autoDraw = True
155.1444 	EXP 	New trial (rep=0, index=20): OrderedDict([('leftimage', 'stimsday2details/wedding1.png'), ('rightimage', 'stimsday2details/wedding22.png')])
155.3769 	EXP 	ITIfixation: autoDraw = False
155.3769 	EXP 	leftimageLoc: image = 'stimsday2details/wedding1.png'
155.3769 	EXP 	rightimageLoc: image = 'stimsday2details/wedding22.png'
155.3769 	EXP 	leftimageLoc: autoDraw = True
155.3769 	EXP 	rightimageLoc: autoDraw = True
155.3769 	EXP 	Q: autoDraw = True
158.5287 	DATA 	Keypress: k
158.5439 	EXP 	leftimageLoc: autoDraw = False
158.5439 	EXP 	rightimageLoc: autoDraw = False
158.5439 	EXP 	Q: autoDraw = False
158.5439 	EXP 	ITIfixation: autoDraw = True
160.0435 	EXP 	New trial (rep=0, index=21): OrderedDict([('leftimage', 'stimsday2details/wedding28.png'), ('rightimage', 'stimsday2details/wedding34.png')])
160.2765 	EXP 	ITIfixation: autoDraw = False
160.2765 	EXP 	leftimageLoc: image = 'stimsday2details/wedding28.png'
160.2765 	EXP 	rightimageLoc: image = 'stimsday2details/wedding34.png'
160.2765 	EXP 	leftimageLoc: autoDraw = True
160.2765 	EXP 	rightimageLoc: autoDraw = True
160.2765 	EXP 	Q: autoDraw = True
162.0276 	DATA 	Keypress: k
162.0427 	EXP 	leftimageLoc: autoDraw = False
162.0427 	EXP 	rightimageLoc: autoDraw = False
162.0427 	EXP 	Q: autoDraw = False
162.0427 	EXP 	ITIfixation: autoDraw = True
163.6763 	EXP 	ITIfixation: autoDraw = False
163.9468 	EXP 	window1: mouseVisible = True
