1.8344 	WARNING 	Import Error: No module named 'psychtoolbox'. Using event module for keyboard component.
5.9363 	WARNING 	User requested fullscreen with size [2560 1440], but screen is actually [1920, 1080]. Using actual size
6.5752 	EXP 	Created window1 = Window(allowGUI=False, allowStencil=False, args=UNKNOWN, autoLog=True, bitsMode=UNKNOWN, blendMode='avg', color=array([0., 0., 0.]), colorSpace='rgb', fullscr=<method-wrapper '__getattribute__' of attributeSetter object at 0x1322772198>, gamma=None, kwargs=UNKNOWN, lms=UNKNOWN, monitor=<psychopy.monitors.calibTools.Monitor object at 0x1324437c50>, multiSample=False, name='window1', numSamples=2, pos=[0.0, 0.0], screen=0, size=array([1920, 1080]), stereo=False, units='norm', useFBO=True, useRetina=False, viewOri=0.0, viewPos=None, viewScale=None, waitBlanking=True, winType='pyglet')
6.5752 	EXP 	window1: recordFrameIntervals = False
6.7404 	EXP 	window1: recordFrameIntervals = True
6.9245 	EXP 	window1: recordFrameIntervals = False
7.0478 	EXP 	Created text = TextStim(__class__=<class 'psychopy.visual.text.TextStim'>, alignHoriz='center', alignVert='center', antialias=True, autoLog=True, bold=False, color='white', colorSpace='named', contrast=1.0, depth=0.0, flipHoriz=False, flipVert=False, font='Arial', fontFiles=[], height=0.1, italic=False, languageStyle='LTR', name='text', opacity=1.0, ori=0, pos=array([0., 0.]), rgb=array([255., 255., 255.]), text='waiting for experimenter...', units='norm', win=Window(...), wrapWidth=1)
7.0568 	EXP 	Created waiting = TextStim(__class__=<class 'psychopy.visual.text.TextStim'>, alignHoriz='center', alignVert='center', antialias=True, autoLog=True, bold=False, color='white', colorSpace='named', contrast=1.0, depth=0.0, flipHoriz=False, flipVert=False, font='Arial', fontFiles=[], height=0.1, italic=False, languageStyle='LTR', name='waiting', opacity=1.0, ori=0, pos=array([0., 0.]), rgb=array([255., 255., 255.]), text='waiting for scanner...', units='norm', win=Window(...), wrapWidth=1)
7.0778 	EXP 	Created image_3 = ImageStim(__class__=<class 'psychopy.visual.image.ImageStim'>, autoLog=True, color=array([1., 1., 1.]), colorSpace='rgb', contrast=1.0, depth=0.0, flipHoriz=False, flipVert=False, image='north.png', interpolate=True, mask=None, maskParams=None, name='image_3', opacity=1.0, ori=0.0, pos=array([0., 0.]), size=array([0.5, 0.5]), texRes=128, units='norm', win=Window(...))
7.0881 	EXP 	Created l2q = ImageStim(__class__=<class 'psychopy.visual.image.ImageStim'>, autoLog=True, color=array([1., 1., 1.]), colorSpace='rgb', contrast=1.0, depth=-4.0, flipHoriz=False, flipVert=False, image='LAYER2Q.png', interpolate=True, mask=None, maskParams=None, name='l2q', opacity=1.0, ori=0.0, pos=array([0., 0.]), size=array([0.5, 0.5]), texRes=128, units='norm', win=Window(...))
7.0983 	EXP 	Created l3q = ImageStim(__class__=<class 'psychopy.visual.image.ImageStim'>, autoLog=True, color=array([1., 1., 1.]), colorSpace='rgb', contrast=1.0, depth=-6.0, flipHoriz=False, flipVert=False, image='LAYER3Q.png', interpolate=True, mask=None, maskParams=None, name='l3q', opacity=1.0, ori=0.0, pos=array([0., 0.]), size=array([0.5, 0.5]), texRes=128, units='norm', win=Window(...))
7.1041 	EXP 	Created nameQ1 = ImageStim(__class__=<class 'psychopy.visual.image.ImageStim'>, autoLog=True, color=array([1., 1., 1.]), colorSpace='rgb', contrast=1.0, depth=-1.0, flipHoriz=False, flipVert=False, image='sin', interpolate=True, mask=None, maskParams=None, name='nameQ1', opacity=1.0, ori=0.0, pos=array([-0.5, -0.2]), size=array([0.5, 0.5]), texRes=128, units='norm', win=Window(...))
7.1065 	EXP 	Created nameQ2 = ImageStim(__class__=<class 'psychopy.visual.image.ImageStim'>, autoLog=True, color=array([1., 1., 1.]), colorSpace='rgb', contrast=1.0, depth=-2.0, flipHoriz=False, flipVert=False, image='sin', interpolate=True, mask=None, maskParams=None, name='nameQ2', opacity=1.0, ori=0.0, pos=array([ 0.5, -0.2]), size=array([0.5, 0.5]), texRes=128, units='norm', win=Window(...))
7.1090 	EXP 	Created eggPainting1 = ImageStim(__class__=<class 'psychopy.visual.image.ImageStim'>, autoLog=True, color=array([1., 1., 1.]), colorSpace='rgb', contrast=1.0, depth=0.0, flipHoriz=False, flipVert=False, image='sin', interpolate=True, mask=None, maskParams=None, name='eggPainting1', opacity=1.0, ori=0.0, pos=array([-0.5, -0.2]), size=array([0.7, 1. ]), texRes=128, units='norm', win=Window(...))
7.1114 	EXP 	Created eggPainting2 = ImageStim(__class__=<class 'psychopy.visual.image.ImageStim'>, autoLog=True, color=array([1., 1., 1.]), colorSpace='rgb', contrast=1.0, depth=-2.0, flipHoriz=False, flipVert=False, image='sin', interpolate=True, mask=None, maskParams=None, name='eggPainting2', opacity=1.0, ori=0.0, pos=array([ 0.5, -0.2]), size=array([0.7, 1. ]), texRes=128, units='norm', win=Window(...))
7.1138 	EXP 	Created character1 = ImageStim(__class__=<class 'psychopy.visual.image.ImageStim'>, autoLog=True, color=array([1., 1., 1.]), colorSpace='rgb', contrast=1.0, depth=0.0, flipHoriz=False, flipVert=False, image='sin', interpolate=True, mask=None, maskParams=None, name='character1', opacity=1.0, ori=0.0, pos=array([-0.5, -0.2]), size=array([0.5, 1. ]), texRes=128, units='norm', win=Window(...))
7.1166 	EXP 	Created character2 = ImageStim(__class__=<class 'psychopy.visual.image.ImageStim'>, autoLog=True, color=array([1., 1., 1.]), colorSpace='rgb', contrast=1.0, depth=-1.0, flipHoriz=False, flipVert=False, image='sin', interpolate=True, mask=None, maskParams=None, name='character2', opacity=1.0, ori=0.0, pos=array([ 0.5, -0.2]), size=array([0.5, 1. ]), texRes=128, units='norm', win=Window(...))
7.1190 	EXP 	Created themeQ1 = ImageStim(__class__=<class 'psychopy.visual.image.ImageStim'>, autoLog=True, color=array([1., 1., 1.]), colorSpace='rgb', contrast=1.0, depth=-1.0, flipHoriz=False, flipVert=False, image='sin', interpolate=True, mask=None, maskParams=None, name='themeQ1', opacity=1.0, ori=0.0, pos=array([-0.5, -0.2]), size=array([0.5, 0.5]), texRes=128, units='norm', win=Window(...))
7.1214 	EXP 	Created themeQ2 = ImageStim(__class__=<class 'psychopy.visual.image.ImageStim'>, autoLog=True, color=array([1., 1., 1.]), colorSpace='rgb', contrast=1.0, depth=-2.0, flipHoriz=False, flipVert=False, image='sin', interpolate=True, mask=None, maskParams=None, name='themeQ2', opacity=1.0, ori=0.0, pos=array([ 0.5, -0.2]), size=array([0.5, 0.5]), texRes=128, units='norm', win=Window(...))
7.1238 	EXP 	Created gift1 = ImageStim(__class__=<class 'psychopy.visual.image.ImageStim'>, autoLog=True, color=array([1., 1., 1.]), colorSpace='rgb', contrast=1.0, depth=0.0, flipHoriz=False, flipVert=False, image='sin', interpolate=True, mask=None, maskParams=None, name='gift1', opacity=1.0, ori=0.0, pos=array([-0.5, -0.2]), size=array([0.5, 0.5]), texRes=128, units='norm', win=Window(...))
7.1261 	EXP 	Created gift2 = ImageStim(__class__=<class 'psychopy.visual.image.ImageStim'>, autoLog=True, color=array([1., 1., 1.]), colorSpace='rgb', contrast=1.0, depth=-1.0, flipHoriz=False, flipVert=False, image='sin', interpolate=True, mask=None, maskParams=None, name='gift2', opacity=1.0, ori=0.0, pos=array([ 0.5, -0.2]), size=array([0.5, 0.5]), texRes=128, units='norm', win=Window(...))
7.1298 	EXP 	Created northorsouth1 = ImageStim(__class__=<class 'psychopy.visual.image.ImageStim'>, autoLog=True, color=array([1., 1., 1.]), colorSpace='rgb', contrast=1.0, depth=0.0, flipHoriz=False, flipVert=False, image='northorsouth1.png', interpolate=True, mask=None, maskParams=None, name='northorsouth1', opacity=1.0, ori=0.0, pos=array([-0.5, -0.2]), size=array([0.5, 0.5]), texRes=128, units='norm', win=Window(...))
7.1332 	EXP 	Created northorsouth2 = ImageStim(__class__=<class 'psychopy.visual.image.ImageStim'>, autoLog=True, color=array([1., 1., 1.]), colorSpace='rgb', contrast=1.0, depth=-2.0, flipHoriz=False, flipVert=False, image='northorsouth2.png', interpolate=True, mask=None, maskParams=None, name='northorsouth2', opacity=1.0, ori=0.0, pos=array([ 0.5, -0.2]), size=array([0.5, 0.5]), texRes=128, units='norm', win=Window(...))
7.1573 	EXP 	text: autoDraw = True
7.5942 	DATA 	Keypress: g
7.6073 	EXP 	text: autoDraw = False
7.6073 	EXP 	waiting: autoDraw = True
27.5930 	DATA 	Keypress: equal
27.6028 	EXP 	Imported chooseBlock2.csv as conditions, 6 conditions, 1 params
27.6033 	EXP 	Created sequence: random, trialTypes=6, nReps=1, seed=None
27.6037 	EXP 	New trial (rep=0, index=0): OrderedDict([('condsFile', 'videoBlock_schemaN_pathA_6.csv')])
27.6132 	EXP 	Imported videoBlock_schemaN_pathA_6.csv as conditions, 1 conditions, 17 params
27.6135 	EXP 	Created sequence: random, trialTypes=1, nReps=1, seed=None
27.6142 	EXP 	New trial (rep=0, index=0): OrderedDict([('northOrSouth', 'north.png'), ('stimFile1a', 'stims/wedding-40.1a.mp4'), ('stimFile1b', 'stims/wedding-40.1b.mp4'), ('stimFile2', 'stims/wedding-40.2a.mp4'), ('stimFile3', 'stims/wedding-40.3a.mp4'), ('stimFile4', 'stims/wedding-40.4a.mp4'), ('stimFile5', 'stims/wedding-40.5.mp4'), ('QeggPainting1', 'stimsday1details/newegg6.png'), ('Qcharacter1', 'stimsday1details/newperson6.png'), ('Qgift1', 'stimsday1details/new6.png'), ('QeggPainting2', 'stimsday1details/egg40.png'), ('Qcharacter2', 'stimsday1details/couple40.png'), ('Qgift2', 'stimsday1details/gift40.png'), ('Qname1', 'stimsday1details/n40.png'), ('Qtheme1', 'stimsday1details/t40.png'), ('Qname2', 'stimsday1details/cn40.png'), ('Qtheme2', 'stimsday1details/ct40.png')])
27.6268 	EXP 	waiting: autoDraw = False
27.6268 	EXP 	image_3: autoDraw = True
29.0920 	DATA 	Keypress: equal
29.6134 	EXP 	Created sequence: random, trialTypes=1, nReps=1, seed=None
29.6137 	EXP 	New trial (rep=0, index=0): None
30.1289 	EXP 	Created vid1a = MovieStim3(__class__=<class 'psychopy.visual.movie3.MovieStim3'>, autoLog=True, color=UNKNOWN, colorSpace=UNKNOWN, depth=-1.0, filename='stims/wedding-40.1a.mp4', flipHoriz=False, flipVert=False, fps=UNKNOWN, interpolate=True, loop=False, name='vid1a', noAudio=False, opacity=1.0, ori=0, pos=array([0., 0.]), size=array([1280.,  720.]), units='pix', vframe_callback=UNKNOWN, volume=UNKNOWN, win=Window(...))
30.4698 	EXP 	Created vid1b = MovieStim3(__class__=<class 'psychopy.visual.movie3.MovieStim3'>, autoLog=True, color=UNKNOWN, colorSpace=UNKNOWN, depth=-2.0, filename='stims/wedding-40.1b.mp4', flipHoriz=False, flipVert=False, fps=UNKNOWN, interpolate=True, loop=False, name='vid1b', noAudio=False, opacity=1.0, ori=0, pos=array([0., 0.]), size=array([1280.,  720.]), units='pix', vframe_callback=UNKNOWN, volume=UNKNOWN, win=Window(...))
30.9578 	EXP 	Created vid2 = MovieStim3(__class__=<class 'psychopy.visual.movie3.MovieStim3'>, autoLog=True, color=UNKNOWN, colorSpace=UNKNOWN, depth=-3.0, filename='stims/wedding-40.2a.mp4', flipHoriz=False, flipVert=False, fps=UNKNOWN, interpolate=True, loop=False, name='vid2', noAudio=False, opacity=1.0, ori=0, pos=array([0., 0.]), size=array([1280.,  720.]), units='pix', vframe_callback=UNKNOWN, volume=UNKNOWN, win=Window(...))
31.4262 	EXP 	Created vid3 = MovieStim3(__class__=<class 'psychopy.visual.movie3.MovieStim3'>, autoLog=True, color=UNKNOWN, colorSpace=UNKNOWN, depth=-4.0, filename='stims/wedding-40.3a.mp4', flipHoriz=False, flipVert=False, fps=UNKNOWN, interpolate=True, loop=False, name='vid3', noAudio=False, opacity=1.0, ori=0, pos=array([0., 0.]), size=array([1280.,  720.]), units='pix', vframe_callback=UNKNOWN, volume=UNKNOWN, win=Window(...))
31.8987 	EXP 	Created vid4 = MovieStim3(__class__=<class 'psychopy.visual.movie3.MovieStim3'>, autoLog=True, color=UNKNOWN, colorSpace=UNKNOWN, depth=-5.0, filename='stims/wedding-40.4a.mp4', flipHoriz=False, flipVert=False, fps=UNKNOWN, interpolate=True, loop=False, name='vid4', noAudio=False, opacity=1.0, ori=0, pos=array([0., 0.]), size=array([1280.,  720.]), units='pix', vframe_callback=UNKNOWN, volume=UNKNOWN, win=Window(...))
32.2897 	EXP 	Created vid5 = MovieStim3(__class__=<class 'psychopy.visual.movie3.MovieStim3'>, autoLog=True, color=UNKNOWN, colorSpace=UNKNOWN, depth=-6.0, filename='stims/wedding-40.5.mp4', flipHoriz=False, flipVert=False, fps=UNKNOWN, interpolate=True, loop=False, name='vid5', noAudio=False, opacity=1.0, ori=0, pos=array([0., 0.]), size=array([1280.,  720.]), units='pix', vframe_callback=UNKNOWN, volume=UNKNOWN, win=Window(...))
32.3317 	EXP 	Created sequence: random, trialTypes=1, nReps=1, seed=None
32.3321 	EXP 	New trial (rep=0, index=0): None
32.7427 	EXP 	Created vid1a_q = MovieStim3(__class__=<class 'psychopy.visual.movie3.MovieStim3'>, autoLog=True, color=UNKNOWN, colorSpace=UNKNOWN, depth=-1.0, filename='stims/wedding-40.1a.mp4', flipHoriz=False, flipVert=False, fps=UNKNOWN, interpolate=True, loop=False, name='vid1a_q', noAudio=False, opacity=1.0, ori=0, pos=array([0., 0.]), size=array([1280.,  720.]), units='pix', vframe_callback=UNKNOWN, volume=UNKNOWN, win=Window(...))
33.0674 	EXP 	Created vid1b_q = MovieStim3(__class__=<class 'psychopy.visual.movie3.MovieStim3'>, autoLog=True, color=UNKNOWN, colorSpace=UNKNOWN, depth=-2.0, filename='stims/wedding-40.1b.mp4', flipHoriz=False, flipVert=False, fps=UNKNOWN, interpolate=True, loop=False, name='vid1b_q', noAudio=False, opacity=1.0, ori=0, pos=array([0., 0.]), size=array([1280.,  720.]), units='pix', vframe_callback=UNKNOWN, volume=UNKNOWN, win=Window(...))
33.5118 	EXP 	Created vid2_q = MovieStim3(__class__=<class 'psychopy.visual.movie3.MovieStim3'>, autoLog=True, color=UNKNOWN, colorSpace=UNKNOWN, depth=-3.0, filename='stims/wedding-40.2a.mp4', flipHoriz=False, flipVert=False, fps=UNKNOWN, interpolate=True, loop=False, name='vid2_q', noAudio=False, opacity=1.0, ori=0, pos=array([0., 0.]), size=array([1280.,  720.]), units='pix', vframe_callback=UNKNOWN, volume=UNKNOWN, win=Window(...))
33.9699 	EXP 	Created vid3_q = MovieStim3(__class__=<class 'psychopy.visual.movie3.MovieStim3'>, autoLog=True, color=UNKNOWN, colorSpace=UNKNOWN, depth=-5.0, filename='stims/wedding-40.3a.mp4', flipHoriz=False, flipVert=False, fps=UNKNOWN, interpolate=True, loop=False, name='vid3_q', noAudio=False, opacity=1.0, ori=0, pos=array([0., 0.]), size=array([1280.,  720.]), units='pix', vframe_callback=UNKNOWN, volume=UNKNOWN, win=Window(...))
34.4365 	EXP 	Created vid4_q = MovieStim3(__class__=<class 'psychopy.visual.movie3.MovieStim3'>, autoLog=True, color=UNKNOWN, colorSpace=UNKNOWN, depth=-7.0, filename='stims/wedding-40.4a.mp4', flipHoriz=False, flipVert=False, fps=UNKNOWN, interpolate=True, loop=False, name='vid4_q', noAudio=False, opacity=1.0, ori=0, pos=array([0., 0.]), size=array([1280.,  720.]), units='pix', vframe_callback=UNKNOWN, volume=UNKNOWN, win=Window(...))
34.8336 	EXP 	Created vid5_q = MovieStim3(__class__=<class 'psychopy.visual.movie3.MovieStim3'>, autoLog=True, color=UNKNOWN, colorSpace=UNKNOWN, depth=-8.0, filename='stims/wedding-40.5.mp4', flipHoriz=False, flipVert=False, fps=UNKNOWN, interpolate=True, loop=False, name='vid5_q', noAudio=False, opacity=1.0, ori=0, pos=array([0., 0.]), size=array([1280.,  720.]), units='pix', vframe_callback=UNKNOWN, volume=UNKNOWN, win=Window(...))
34.8340 	EXP 	window1: recordFrameIntervals = False
34.8376 	DATA 	Keypress: equal
34.8407 	DATA 	Keypress: equal
34.8433 	DATA 	Keypress: equal
34.8567 	EXP 	image_3: autoDraw = False
34.8567 	EXP 	vid1a: movie = 'stims/wedding-40.1a.mp4'
34.8567 	EXP 	vid1a: autoLog = True
34.8567 	EXP 	vid1b: movie = 'stims/wedding-40.1b.mp4'
34.8567 	EXP 	vid1b: autoLog = True
34.8567 	EXP 	vid2: movie = 'stims/wedding-40.2a.mp4'
34.8567 	EXP 	vid2: autoLog = True
34.8567 	EXP 	vid3: movie = 'stims/wedding-40.3a.mp4'
34.8567 	EXP 	vid3: autoLog = True
34.8567 	EXP 	vid4: movie = 'stims/wedding-40.4a.mp4'
34.8567 	EXP 	vid4: autoLog = True
34.8567 	EXP 	vid5: movie = 'stims/wedding-40.5.mp4'
34.8567 	EXP 	vid5: autoLog = True
34.8567 	EXP 	vid1a: autoDraw = False
34.8567 	EXP 	vid1b: autoDraw = False
34.8567 	EXP 	vid2: autoDraw = False
34.8567 	EXP 	vid3: autoDraw = False
34.8567 	EXP 	vid4: autoDraw = False
34.8567 	EXP 	vid5: autoDraw = False
34.8567 	EXP 	vid1a_q: movie = 'stims/wedding-40.1a.mp4'
34.8567 	EXP 	vid1a_q: autoLog = True
34.8567 	EXP 	vid1b_q: movie = 'stims/wedding-40.1b.mp4'
34.8567 	EXP 	vid1b_q: autoLog = True
34.8567 	EXP 	vid2_q: movie = 'stims/wedding-40.2a.mp4'
34.8567 	EXP 	vid2_q: autoLog = True
34.8567 	EXP 	vid3_q: movie = 'stims/wedding-40.3a.mp4'
34.8567 	EXP 	vid3_q: autoLog = True
34.8567 	EXP 	vid4_q: movie = 'stims/wedding-40.4a.mp4'
34.8567 	EXP 	vid4_q: autoLog = True
34.8567 	EXP 	vid5_q: movie = 'stims/wedding-40.5.mp4'
34.8567 	EXP 	vid5_q: autoLog = True
37.3859 	EXP 	window1: recordFrameIntervals = False
39.6212 	DATA 	Keypress: equal
39.6236 	DATA 	Keypress: equal
39.6256 	DATA 	Keypress: equal
39.6277 	DATA 	Keypress: equal
39.8235 	EXP 	vid1a_q: movie = 'stims/wedding-40.1a.mp4'
39.8235 	EXP 	vid1b_q: movie = 'stims/wedding-40.1b.mp4'
39.8235 	EXP 	vid2_q: movie = 'stims/wedding-40.2a.mp4'
39.8235 	EXP 	vid3_q: movie = 'stims/wedding-40.3a.mp4'
39.8235 	EXP 	vid4_q: movie = 'stims/wedding-40.4a.mp4'
39.8235 	EXP 	vid5_q: movie = 'stims/wedding-40.5.mp4'
39.8399 	EXP 	vid1a_q: autoDraw = True
41.0845 	DATA 	Keypress: equal
42.5928 	DATA 	Keypress: equal
44.0929 	DATA 	Keypress: equal
45.5887 	DATA 	Keypress: equal
47.0925 	DATA 	Keypress: equal
48.5929 	DATA 	Keypress: equal
50.0968 	DATA 	Keypress: equal
51.5934 	DATA 	Keypress: equal
53.0970 	DATA 	Keypress: equal
54.5918 	DATA 	Keypress: equal
56.0927 	DATA 	Keypress: equal
56.3437 	EXP 	vid1a_q: autoDraw = False
56.3565 	EXP 	vid1b_q: autoDraw = True
57.5929 	DATA 	Keypress: equal
59.0921 	DATA 	Keypress: equal
60.5915 	DATA 	Keypress: equal
62.0918 	DATA 	Keypress: equal
63.5869 	DATA 	Keypress: equal
64.1405 	EXP 	Set vid1b_q finished
65.0916 	DATA 	Keypress: equal
65.3571 	EXP 	vid2_q: autoDraw = True
66.5914 	DATA 	Keypress: equal
68.0920 	DATA 	Keypress: equal
69.5915 	DATA 	Keypress: equal
71.0915 	DATA 	Keypress: equal
72.5923 	DATA 	Keypress: equal
74.0921 	DATA 	Keypress: equal
75.5917 	DATA 	Keypress: equal
77.0856 	DATA 	Keypress: equal
78.5911 	DATA 	Keypress: equal
80.0918 	DATA 	Keypress: equal
81.5927 	DATA 	Keypress: equal
82.0402 	EXP 	Set vid2_q finished
82.3608 	EXP 	l2q: autoDraw = True
83.0913 	DATA 	Keypress: equal
83.2252 	DATA 	Keypress: 1
84.5920 	DATA 	Keypress: equal
86.0909 	DATA 	Keypress: equal
86.3391 	EXP 	l2q: autoDraw = False
86.3566 	EXP 	vid3_q: autoDraw = True
87.5911 	DATA 	Keypress: equal
89.0915 	DATA 	Keypress: equal
90.5912 	DATA 	Keypress: equal
92.0959 	DATA 	Keypress: equal
93.5939 	DATA 	Keypress: equal
95.0918 	DATA 	Keypress: equal
96.5872 	DATA 	Keypress: equal
98.0848 	DATA 	Keypress: equal
99.5859 	DATA 	Keypress: equal
101.0917 	DATA 	Keypress: equal
102.5833 	DATA 	Keypress: equal
104.0841 	DATA 	Keypress: equal
105.5833 	DATA 	Keypress: equal
107.0873 	DATA 	Keypress: equal
108.5895 	DATA 	Keypress: equal
109.3440 	EXP 	vid3_q: autoDraw = False
109.3563 	EXP 	l3q: autoDraw = True
110.1007 	DATA 	Keypress: equal
110.3996 	DATA 	Keypress: 1
111.6008 	DATA 	Keypress: equal
113.1001 	DATA 	Keypress: equal
113.3482 	EXP 	l3q: autoDraw = False
113.3614 	EXP 	vid4_q: autoDraw = True
114.5973 	DATA 	Keypress: equal
116.0820 	DATA 	Keypress: equal
117.5825 	DATA 	Keypress: equal
119.0817 	DATA 	Keypress: equal
120.5909 	DATA 	Keypress: equal
122.0862 	DATA 	Keypress: equal
123.5875 	DATA 	Keypress: equal
125.0822 	DATA 	Keypress: equal
126.5827 	DATA 	Keypress: equal
128.0824 	DATA 	Keypress: equal
129.5887 	DATA 	Keypress: equal
131.0908 	DATA 	Keypress: equal
132.5910 	DATA 	Keypress: equal
134.0913 	DATA 	Keypress: equal
135.5950 	DATA 	Keypress: equal
137.0954 	DATA 	Keypress: equal
137.2224 	EXP 	Set vid4_q finished
137.3561 	EXP 	vid5_q: autoDraw = True
138.5959 	DATA 	Keypress: equal
140.0952 	DATA 	Keypress: equal
141.5959 	DATA 	Keypress: equal
143.0827 	DATA 	Keypress: equal
144.5821 	DATA 	Keypress: equal
146.0814 	DATA 	Keypress: equal
147.5817 	DATA 	Keypress: equal
149.0879 	DATA 	Keypress: equal
150.4644 	EXP 	window1: recordFrameIntervals = False
150.4721 	EXP 	vid5_q: autoDraw = False
150.4721 	EXP 	vid1a_q: autoDraw = False
150.4721 	EXP 	vid1b_q: autoDraw = False
150.4721 	EXP 	vid2_q: autoDraw = False
150.4721 	EXP 	l2q: autoDraw = False
150.4721 	EXP 	vid3_q: autoDraw = False
150.4721 	EXP 	l3q: autoDraw = False
150.4721 	EXP 	vid4_q: autoDraw = False
150.4721 	EXP 	vid5_q: autoDraw = False
150.6878 	EXP 	window1: recordFrameIntervals = False
152.2510 	DATA 	Keypress: equal
152.2534 	DATA 	Keypress: equal
152.4727 	EXP 	eggPainting1: image = 'stimsday1details/newegg6.png'
152.4727 	EXP 	eggPainting2: image = 'stimsday1details/egg40.png'
152.4727 	EXP 	character1: image = 'stimsday1details/newperson6.png'
152.4727 	EXP 	character2: image = 'stimsday1details/couple40.png'
152.4727 	EXP 	gift1: image = 'stimsday1details/new6.png'
152.4727 	EXP 	gift2: image = 'stimsday1details/gift40.png'
152.4727 	EXP 	themeQ1: image = 'stimsday1details/t40.png'
152.4727 	EXP 	themeQ2: image = 'stimsday1details/ct40.png'
152.4727 	EXP 	nameQ1: image = 'stimsday1details/n40.png'
152.4727 	EXP 	nameQ2: image = 'stimsday1details/cn40.png'
152.4727 	EXP 	nameQ1: autoDraw = True
152.4727 	EXP 	nameQ2: autoDraw = True
153.0906 	DATA 	Keypress: 1
153.5902 	DATA 	Keypress: equal
154.4549 	EXP 	nameQ1: autoDraw = False
154.4549 	EXP 	nameQ2: autoDraw = False
154.4549 	EXP 	nameQ1: autoDraw = False
154.4549 	EXP 	nameQ2: autoDraw = False
154.4549 	EXP 	eggPainting1: autoDraw = True
154.4549 	EXP 	eggPainting2: autoDraw = True
155.0910 	DATA 	Keypress: equal
155.3399 	DATA 	Keypress: 2
156.4548 	EXP 	eggPainting1: autoDraw = False
156.4548 	EXP 	eggPainting2: autoDraw = False
156.4548 	EXP 	eggPainting1: autoDraw = False
156.4548 	EXP 	eggPainting2: autoDraw = False
156.4548 	EXP 	character1: autoDraw = True
156.4548 	EXP 	character2: autoDraw = True
156.5899 	DATA 	Keypress: equal
157.2398 	DATA 	Keypress: 2
158.0900 	DATA 	Keypress: equal
158.4558 	EXP 	character1: autoDraw = False
158.4558 	EXP 	character2: autoDraw = False
158.4558 	EXP 	character1: autoDraw = False
158.4558 	EXP 	character2: autoDraw = False
158.4558 	EXP 	themeQ1: autoDraw = True
158.4558 	EXP 	themeQ2: autoDraw = True
159.3739 	DATA 	Keypress: 1
159.5954 	DATA 	Keypress: equal
160.4551 	EXP 	themeQ1: autoDraw = False
160.4551 	EXP 	themeQ2: autoDraw = False
160.4551 	EXP 	themeQ1: autoDraw = False
160.4551 	EXP 	themeQ2: autoDraw = False
160.4551 	EXP 	gift1: autoDraw = True
160.4551 	EXP 	gift2: autoDraw = True
161.0950 	DATA 	Keypress: equal
161.2564 	DATA 	Keypress: 2
162.4559 	EXP 	gift1: autoDraw = False
162.4559 	EXP 	gift2: autoDraw = False
162.4559 	EXP 	gift1: autoDraw = False
162.4559 	EXP 	gift2: autoDraw = False
162.4559 	EXP 	northorsouth1: autoDraw = True
162.4559 	EXP 	northorsouth2: autoDraw = True
162.5953 	DATA 	Keypress: equal
163.4233 	DATA 	Keypress: 1
164.0944 	DATA 	Keypress: equal
164.6196 	EXP 	New trial (rep=0, index=1): OrderedDict([('condsFile', 'videoBlock_schemaN_pathB_5.csv')])
164.6326 	EXP 	Imported videoBlock_schemaN_pathB_5.csv as conditions, 1 conditions, 17 params
164.6330 	EXP 	Created sequence: random, trialTypes=1, nReps=1, seed=None
164.6338 	EXP 	New trial (rep=0, index=0): OrderedDict([('northOrSouth', 'north.png'), ('stimFile1a', 'stims/wedding-18.1a.mp4'), ('stimFile1b', 'stims/wedding-18.1b.mp4'), ('stimFile2', 'stims/wedding-18.2b.mp4'), ('stimFile3', 'stims/wedding-18.3b.mp4'), ('stimFile4', 'stims/wedding-18.4b.mp4'), ('stimFile5', 'stims/wedding-18.5.mp4'), ('QeggPainting1', 'stimsday1details/newpainting5.png'), ('Qcharacter1', 'stimsday1details/couple18.png'), ('Qgift1', 'stimsday1details/new17.png'), ('QeggPainting2', 'stimsday1details/painting18.png'), ('Qcharacter2', 'stimsday1details/newperson17.png'), ('Qgift2', 'stimsday1details/gift18.png'), ('Qname1', 'stimsday1details/cn18.png'), ('Qtheme1', 'stimsday1details/t18.png'), ('Qname2', 'stimsday1details/n18.png'), ('Qtheme2', 'stimsday1details/ct18.png')])
164.6393 	EXP 	northorsouth1: autoDraw = False
164.6393 	EXP 	northorsouth2: autoDraw = False
164.6393 	EXP 	northorsouth1: autoDraw = False
164.6393 	EXP 	northorsouth2: autoDraw = False
164.6393 	EXP 	image_3: autoDraw = True
165.5951 	DATA 	Keypress: equal
166.6232 	EXP 	Created sequence: random, trialTypes=1, nReps=1, seed=None
166.6237 	EXP 	New trial (rep=0, index=0): None
167.0667 	EXP 	Created vid1a = MovieStim3(__class__=<class 'psychopy.visual.movie3.MovieStim3'>, autoLog=True, color=UNKNOWN, colorSpace=UNKNOWN, depth=-1.0, filename='stims/wedding-18.1a.mp4', flipHoriz=False, flipVert=False, fps=UNKNOWN, interpolate=True, loop=False, name='vid1a', noAudio=False, opacity=1.0, ori=0, pos=array([0., 0.]), size=array([1280.,  720.]), units='pix', vframe_callback=UNKNOWN, volume=UNKNOWN, win=Window(...))
167.4590 	EXP 	Created vid1b = MovieStim3(__class__=<class 'psychopy.visual.movie3.MovieStim3'>, autoLog=True, color=UNKNOWN, colorSpace=UNKNOWN, depth=-2.0, filename='stims/wedding-18.1b.mp4', flipHoriz=False, flipVert=False, fps=UNKNOWN, interpolate=True, loop=False, name='vid1b', noAudio=False, opacity=1.0, ori=0, pos=array([0., 0.]), size=array([1280.,  720.]), units='pix', vframe_callback=UNKNOWN, volume=UNKNOWN, win=Window(...))
167.9380 	EXP 	Created vid2 = MovieStim3(__class__=<class 'psychopy.visual.movie3.MovieStim3'>, autoLog=True, color=UNKNOWN, colorSpace=UNKNOWN, depth=-3.0, filename='stims/wedding-18.2b.mp4', flipHoriz=False, flipVert=False, fps=UNKNOWN, interpolate=True, loop=False, name='vid2', noAudio=False, opacity=1.0, ori=0, pos=array([0., 0.]), size=array([1280.,  720.]), units='pix', vframe_callback=UNKNOWN, volume=UNKNOWN, win=Window(...))
168.4529 	EXP 	Created vid3 = MovieStim3(__class__=<class 'psychopy.visual.movie3.MovieStim3'>, autoLog=True, color=UNKNOWN, colorSpace=UNKNOWN, depth=-4.0, filename='stims/wedding-18.3b.mp4', flipHoriz=False, flipVert=False, fps=UNKNOWN, interpolate=True, loop=False, name='vid3', noAudio=False, opacity=1.0, ori=0, pos=array([0., 0.]), size=array([1280.,  720.]), units='pix', vframe_callback=UNKNOWN, volume=UNKNOWN, win=Window(...))
169.0328 	EXP 	Created vid4 = MovieStim3(__class__=<class 'psychopy.visual.movie3.MovieStim3'>, autoLog=True, color=UNKNOWN, colorSpace=UNKNOWN, depth=-5.0, filename='stims/wedding-18.4b.mp4', flipHoriz=False, flipVert=False, fps=UNKNOWN, interpolate=True, loop=False, name='vid4', noAudio=False, opacity=1.0, ori=0, pos=array([0., 0.]), size=array([1280.,  720.]), units='pix', vframe_callback=UNKNOWN, volume=UNKNOWN, win=Window(...))
169.4281 	EXP 	Created vid5 = MovieStim3(__class__=<class 'psychopy.visual.movie3.MovieStim3'>, autoLog=True, color=UNKNOWN, colorSpace=UNKNOWN, depth=-6.0, filename='stims/wedding-18.5.mp4', flipHoriz=False, flipVert=False, fps=UNKNOWN, interpolate=True, loop=False, name='vid5', noAudio=False, opacity=1.0, ori=0, pos=array([0., 0.]), size=array([1280.,  720.]), units='pix', vframe_callback=UNKNOWN, volume=UNKNOWN, win=Window(...))
169.5479 	EXP 	window1: recordFrameIntervals = False
169.5518 	DATA 	Keypress: equal
169.5544 	DATA 	Keypress: equal
169.5719 	EXP 	image_3: autoDraw = False
169.5719 	EXP 	image_3: autoDraw = False
169.5719 	EXP 	vid1a: movie = 'stims/wedding-18.1a.mp4'
169.5719 	EXP 	vid1a: autoLog = True
169.5719 	EXP 	vid1b: movie = 'stims/wedding-18.1b.mp4'
169.5719 	EXP 	vid1b: autoLog = True
169.5719 	EXP 	vid2: movie = 'stims/wedding-18.2b.mp4'
169.5719 	EXP 	vid2: autoLog = True
169.5719 	EXP 	vid3: movie = 'stims/wedding-18.3b.mp4'
169.5719 	EXP 	vid3: autoLog = True
169.5719 	EXP 	vid4: movie = 'stims/wedding-18.4b.mp4'
169.5719 	EXP 	vid4: autoLog = True
169.5719 	EXP 	vid5: movie = 'stims/wedding-18.5.mp4'
169.5719 	EXP 	vid5: autoLog = True
172.2451 	EXP 	window1: recordFrameIntervals = False
174.3358 	DATA 	Keypress: equal
174.3381 	DATA 	Keypress: equal
174.3401 	DATA 	Keypress: equal
174.5386 	EXP 	vid1a: movie = 'stims/wedding-18.1a.mp4'
174.5386 	EXP 	vid1b: movie = 'stims/wedding-18.1b.mp4'
174.5386 	EXP 	vid2: movie = 'stims/wedding-18.2b.mp4'
174.5386 	EXP 	vid3: movie = 'stims/wedding-18.3b.mp4'
174.5386 	EXP 	vid4: movie = 'stims/wedding-18.4b.mp4'
174.5386 	EXP 	vid5: movie = 'stims/wedding-18.5.mp4'
174.5556 	EXP 	vid1a: autoDraw = True
174.5913 	DATA 	Keypress: equal
176.0950 	DATA 	Keypress: equal
177.5906 	DATA 	Keypress: equal
179.0956 	DATA 	Keypress: equal
180.5912 	DATA 	Keypress: equal
182.0909 	DATA 	Keypress: equal
183.5955 	DATA 	Keypress: equal
185.0818 	DATA 	Keypress: equal
186.5814 	DATA 	Keypress: equal
188.0814 	DATA 	Keypress: equal
189.5804 	DATA 	Keypress: equal
190.6427 	EXP 	vid1a: autoDraw = False
190.6560 	EXP 	vid1b: autoDraw = True
191.0900 	DATA 	Keypress: equal
192.5911 	DATA 	Keypress: equal
194.0907 	DATA 	Keypress: equal
195.5787 	DATA 	Keypress: equal
197.0786 	DATA 	Keypress: equal
198.5822 	DATA 	Keypress: equal
198.6425 	EXP 	vid1b: autoDraw = False
198.6546 	EXP 	vid2: autoDraw = True
200.0900 	DATA 	Keypress: equal
201.5899 	DATA 	Keypress: equal
203.0904 	DATA 	Keypress: equal
204.5897 	DATA 	Keypress: equal
206.0810 	DATA 	Keypress: equal
207.5798 	DATA 	Keypress: equal
209.0790 	DATA 	Keypress: equal
210.5808 	DATA 	Keypress: equal
212.0855 	DATA 	Keypress: equal
213.5813 	DATA 	Keypress: equal
215.0798 	DATA 	Keypress: equal
215.2728 	EXP 	Set vid2 finished
215.6562 	EXP 	vid3: autoDraw = True
216.5960 	DATA 	Keypress: equal
218.0914 	DATA 	Keypress: equal
219.5915 	DATA 	Keypress: equal
221.0807 	DATA 	Keypress: equal
222.5811 	DATA 	Keypress: equal
224.0799 	DATA 	Keypress: equal
225.5846 	DATA 	Keypress: equal
227.0817 	DATA 	Keypress: equal
228.5840 	DATA 	Keypress: equal
230.0814 	DATA 	Keypress: equal
231.5813 	DATA 	Keypress: equal
233.0799 	DATA 	Keypress: equal
234.5804 	DATA 	Keypress: equal
236.0894 	DATA 	Keypress: equal
237.5906 	DATA 	Keypress: equal
238.6419 	EXP 	vid3: autoDraw = False
238.6551 	EXP 	vid4: autoDraw = True
239.0951 	DATA 	Keypress: equal
240.5902 	DATA 	Keypress: equal
242.0950 	DATA 	Keypress: equal
243.5899 	DATA 	Keypress: equal
245.0806 	DATA 	Keypress: equal
246.5829 	DATA 	Keypress: equal
248.0816 	DATA 	Keypress: equal
249.5807 	DATA 	Keypress: equal
251.0803 	DATA 	Keypress: equal
252.5777 	DATA 	Keypress: equal
254.0779 	DATA 	Keypress: equal
255.5800 	DATA 	Keypress: equal
257.0801 	DATA 	Keypress: equal
258.5778 	DATA 	Keypress: equal
260.0818 	DATA 	Keypress: equal
261.5890 	DATA 	Keypress: equal
262.6376 	EXP 	vid4: autoDraw = False
262.6376 	EXP 	vid5: autoDraw = True
263.0773 	DATA 	Keypress: equal
264.5786 	DATA 	Keypress: equal
266.0816 	DATA 	Keypress: equal
267.5799 	DATA 	Keypress: equal
269.0899 	DATA 	Keypress: equal
270.5908 	DATA 	Keypress: equal
272.0895 	DATA 	Keypress: equal
273.5892 	DATA 	Keypress: equal
275.0938 	DATA 	Keypress: equal
275.7471 	EXP 	Created sequence: random, trialTypes=1, nReps=1, seed=None
275.7474 	EXP 	New trial (rep=0, index=0): None
276.1676 	EXP 	Created vid1a_q = MovieStim3(__class__=<class 'psychopy.visual.movie3.MovieStim3'>, autoLog=True, color=UNKNOWN, colorSpace=UNKNOWN, depth=-1.0, filename='stims/wedding-18.1a.mp4', flipHoriz=False, flipVert=False, fps=UNKNOWN, interpolate=True, loop=False, name='vid1a_q', noAudio=False, opacity=1.0, ori=0, pos=array([0., 0.]), size=array([1280.,  720.]), units='pix', vframe_callback=UNKNOWN, volume=UNKNOWN, win=Window(...))
276.5396 	EXP 	Created vid1b_q = MovieStim3(__class__=<class 'psychopy.visual.movie3.MovieStim3'>, autoLog=True, color=UNKNOWN, colorSpace=UNKNOWN, depth=-2.0, filename='stims/wedding-18.1b.mp4', flipHoriz=False, flipVert=False, fps=UNKNOWN, interpolate=True, loop=False, name='vid1b_q', noAudio=False, opacity=1.0, ori=0, pos=array([0., 0.]), size=array([1280.,  720.]), units='pix', vframe_callback=UNKNOWN, volume=UNKNOWN, win=Window(...))
276.9919 	EXP 	Created vid2_q = MovieStim3(__class__=<class 'psychopy.visual.movie3.MovieStim3'>, autoLog=True, color=UNKNOWN, colorSpace=UNKNOWN, depth=-3.0, filename='stims/wedding-18.2b.mp4', flipHoriz=False, flipVert=False, fps=UNKNOWN, interpolate=True, loop=False, name='vid2_q', noAudio=False, opacity=1.0, ori=0, pos=array([0., 0.]), size=array([1280.,  720.]), units='pix', vframe_callback=UNKNOWN, volume=UNKNOWN, win=Window(...))
277.5104 	EXP 	Created vid3_q = MovieStim3(__class__=<class 'psychopy.visual.movie3.MovieStim3'>, autoLog=True, color=UNKNOWN, colorSpace=UNKNOWN, depth=-5.0, filename='stims/wedding-18.3b.mp4', flipHoriz=False, flipVert=False, fps=UNKNOWN, interpolate=True, loop=False, name='vid3_q', noAudio=False, opacity=1.0, ori=0, pos=array([0., 0.]), size=array([1280.,  720.]), units='pix', vframe_callback=UNKNOWN, volume=UNKNOWN, win=Window(...))
278.0235 	EXP 	Created vid4_q = MovieStim3(__class__=<class 'psychopy.visual.movie3.MovieStim3'>, autoLog=True, color=UNKNOWN, colorSpace=UNKNOWN, depth=-7.0, filename='stims/wedding-18.4b.mp4', flipHoriz=False, flipVert=False, fps=UNKNOWN, interpolate=True, loop=False, name='vid4_q', noAudio=False, opacity=1.0, ori=0, pos=array([0., 0.]), size=array([1280.,  720.]), units='pix', vframe_callback=UNKNOWN, volume=UNKNOWN, win=Window(...))
278.4196 	EXP 	Created vid5_q = MovieStim3(__class__=<class 'psychopy.visual.movie3.MovieStim3'>, autoLog=True, color=UNKNOWN, colorSpace=UNKNOWN, depth=-8.0, filename='stims/wedding-18.5.mp4', flipHoriz=False, flipVert=False, fps=UNKNOWN, interpolate=True, loop=False, name='vid5_q', noAudio=False, opacity=1.0, ori=0, pos=array([0., 0.]), size=array([1280.,  720.]), units='pix', vframe_callback=UNKNOWN, volume=UNKNOWN, win=Window(...))
278.5881 	EXP 	window1: recordFrameIntervals = False
278.5912 	DATA 	Keypress: equal
278.5942 	DATA 	Keypress: equal
278.6047 	EXP 	vid5: autoDraw = False
278.6047 	EXP 	vid1a: autoDraw = False
278.6047 	EXP 	vid1b: autoDraw = False
278.6047 	EXP 	vid2: autoDraw = False
278.6047 	EXP 	vid3: autoDraw = False
278.6047 	EXP 	vid4: autoDraw = False
278.6047 	EXP 	vid5: autoDraw = False
278.6047 	EXP 	vid1a_q: movie = 'stims/wedding-18.1a.mp4'
278.6047 	EXP 	vid1a_q: autoLog = True
278.6047 	EXP 	vid1b_q: movie = 'stims/wedding-18.1b.mp4'
278.6047 	EXP 	vid1b_q: autoLog = True
278.6047 	EXP 	vid2_q: movie = 'stims/wedding-18.2b.mp4'
278.6047 	EXP 	vid2_q: autoLog = True
278.6047 	EXP 	vid3_q: movie = 'stims/wedding-18.3b.mp4'
278.6047 	EXP 	vid3_q: autoLog = True
278.6047 	EXP 	vid4_q: movie = 'stims/wedding-18.4b.mp4'
278.6047 	EXP 	vid4_q: autoLog = True
278.6047 	EXP 	vid5_q: movie = 'stims/wedding-18.5.mp4'
278.6047 	EXP 	vid5_q: autoLog = True
278.6047 	EXP 	vid1a_q: autoDraw = False
278.6047 	EXP 	vid1b_q: autoDraw = False
278.6047 	EXP 	vid2_q: autoDraw = False
278.6047 	EXP 	l2q: autoDraw = False
278.6047 	EXP 	vid3_q: autoDraw = False
278.6047 	EXP 	l3q: autoDraw = False
278.6047 	EXP 	vid4_q: autoDraw = False
278.6047 	EXP 	vid5_q: autoDraw = False
278.8108 	EXP 	window1: recordFrameIntervals = False
280.3742 	DATA 	Keypress: equal
280.5867 	EXP 	eggPainting1: image = 'stimsday1details/newpainting5.png'
280.5867 	EXP 	eggPainting2: image = 'stimsday1details/painting18.png'
280.5867 	EXP 	character1: image = 'stimsday1details/couple18.png'
280.5867 	EXP 	character2: image = 'stimsday1details/newperson17.png'
280.5867 	EXP 	gift1: image = 'stimsday1details/new17.png'
280.5867 	EXP 	gift2: image = 'stimsday1details/gift18.png'
280.5867 	EXP 	themeQ1: image = 'stimsday1details/t18.png'
280.5867 	EXP 	themeQ2: image = 'stimsday1details/ct18.png'
280.5867 	EXP 	nameQ1: image = 'stimsday1details/cn18.png'
280.5867 	EXP 	nameQ2: image = 'stimsday1details/n18.png'
280.5867 	EXP 	nameQ1: autoDraw = True
280.5867 	EXP 	nameQ2: autoDraw = True
281.0887 	DATA 	Keypress: equal
281.4549 	DATA 	Keypress: 2
282.5768 	DATA 	Keypress: equal
282.5869 	EXP 	nameQ1: autoDraw = False
282.5869 	EXP 	nameQ2: autoDraw = False
282.5869 	EXP 	nameQ1: autoDraw = False
282.5869 	EXP 	nameQ2: autoDraw = False
282.5869 	EXP 	eggPainting1: autoDraw = True
282.5869 	EXP 	eggPainting2: autoDraw = True
283.4260 	DATA 	Keypress: 2
284.0766 	DATA 	Keypress: equal
284.5867 	EXP 	eggPainting1: autoDraw = False
284.5867 	EXP 	eggPainting2: autoDraw = False
284.5867 	EXP 	eggPainting1: autoDraw = False
284.5867 	EXP 	eggPainting2: autoDraw = False
284.5867 	EXP 	character1: autoDraw = True
284.5867 	EXP 	character2: autoDraw = True
285.4890 	DATA 	Keypress: 1
285.5886 	DATA 	Keypress: equal
286.5873 	EXP 	character1: autoDraw = False
286.5873 	EXP 	character2: autoDraw = False
286.5873 	EXP 	character1: autoDraw = False
286.5873 	EXP 	character2: autoDraw = False
286.5873 	EXP 	themeQ1: autoDraw = True
286.5873 	EXP 	themeQ2: autoDraw = True
287.0890 	DATA 	Keypress: equal
287.6386 	DATA 	Keypress: 1
288.5753 	DATA 	Keypress: equal
288.5874 	EXP 	themeQ1: autoDraw = False
288.5874 	EXP 	themeQ2: autoDraw = False
288.5874 	EXP 	themeQ1: autoDraw = False
288.5874 	EXP 	themeQ2: autoDraw = False
288.5874 	EXP 	gift1: autoDraw = True
288.5874 	EXP 	gift2: autoDraw = True
289.4093 	DATA 	Keypress: 2
290.0765 	DATA 	Keypress: equal
290.5868 	EXP 	gift1: autoDraw = False
290.5868 	EXP 	gift2: autoDraw = False
290.5868 	EXP 	gift1: autoDraw = False
290.5868 	EXP 	gift2: autoDraw = False
290.5868 	EXP 	northorsouth1: autoDraw = True
290.5868 	EXP 	northorsouth2: autoDraw = True
291.3392 	DATA 	Keypress: 1
291.5763 	DATA 	Keypress: equal
292.7832 	EXP 	New trial (rep=0, index=2): OrderedDict([('condsFile', 'videoBlock_schemaN_pathB_4.csv')])
292.7961 	EXP 	Imported videoBlock_schemaN_pathB_4.csv as conditions, 1 conditions, 17 params
292.7966 	EXP 	Created sequence: random, trialTypes=1, nReps=1, seed=None
292.7973 	EXP 	New trial (rep=0, index=0): OrderedDict([('northOrSouth', 'north.png'), ('stimFile1a', 'stims/wedding-12.1a.mp4'), ('stimFile1b', 'stims/wedding-12.1b.mp4'), ('stimFile2', 'stims/wedding-12.2b.mp4'), ('stimFile3', 'stims/wedding-12.3b.mp4'), ('stimFile4', 'stims/wedding-12.4b.mp4'), ('stimFile5', 'stims/wedding-12.5.mp4'), ('QeggPainting1', 'stimsday1details/painting12.png'), ('Qcharacter1', 'stimsday1details/couple12.png'), ('Qgift1', 'stimsday1details/gift12.png'), ('QeggPainting2', 'stimsday1details/newpainting4.png'), ('Qcharacter2', 'stimsday1details/newperson16.png'), ('Qgift2', 'stimsday1details/new16.png'), ('Qname1', 'stimsday1details/n12.png'), ('Qtheme1', 'stimsday1details/t12.png'), ('Qname2', 'stimsday1details/cn12.png'), ('Qtheme2', 'stimsday1details/ct12.png')])
292.8039 	EXP 	northorsouth1: autoDraw = False
292.8039 	EXP 	northorsouth2: autoDraw = False
292.8039 	EXP 	northorsouth1: autoDraw = False
292.8039 	EXP 	northorsouth2: autoDraw = False
292.8039 	EXP 	image_3: autoDraw = True
293.0933 	DATA 	Keypress: equal
294.5927 	DATA 	Keypress: equal
294.7922 	EXP 	Created sequence: random, trialTypes=1, nReps=1, seed=None
294.7924 	EXP 	New trial (rep=0, index=0): None
295.2305 	EXP 	Created vid1a = MovieStim3(__class__=<class 'psychopy.visual.movie3.MovieStim3'>, autoLog=True, color=UNKNOWN, colorSpace=UNKNOWN, depth=-1.0, filename='stims/wedding-12.1a.mp4', flipHoriz=False, flipVert=False, fps=UNKNOWN, interpolate=True, loop=False, name='vid1a', noAudio=False, opacity=1.0, ori=0, pos=array([0., 0.]), size=array([1280.,  720.]), units='pix', vframe_callback=UNKNOWN, volume=UNKNOWN, win=Window(...))
295.6011 	EXP 	Created vid1b = MovieStim3(__class__=<class 'psychopy.visual.movie3.MovieStim3'>, autoLog=True, color=UNKNOWN, colorSpace=UNKNOWN, depth=-2.0, filename='stims/wedding-12.1b.mp4', flipHoriz=False, flipVert=False, fps=UNKNOWN, interpolate=True, loop=False, name='vid1b', noAudio=False, opacity=1.0, ori=0, pos=array([0., 0.]), size=array([1280.,  720.]), units='pix', vframe_callback=UNKNOWN, volume=UNKNOWN, win=Window(...))
296.0163 	EXP 	Created vid2 = MovieStim3(__class__=<class 'psychopy.visual.movie3.MovieStim3'>, autoLog=True, color=UNKNOWN, colorSpace=UNKNOWN, depth=-3.0, filename='stims/wedding-12.2b.mp4', flipHoriz=False, flipVert=False, fps=UNKNOWN, interpolate=True, loop=False, name='vid2', noAudio=False, opacity=1.0, ori=0, pos=array([0., 0.]), size=array([1280.,  720.]), units='pix', vframe_callback=UNKNOWN, volume=UNKNOWN, win=Window(...))
296.5924 	EXP 	Created vid3 = MovieStim3(__class__=<class 'psychopy.visual.movie3.MovieStim3'>, autoLog=True, color=UNKNOWN, colorSpace=UNKNOWN, depth=-4.0, filename='stims/wedding-12.3b.mp4', flipHoriz=False, flipVert=False, fps=UNKNOWN, interpolate=True, loop=False, name='vid3', noAudio=False, opacity=1.0, ori=0, pos=array([0., 0.]), size=array([1280.,  720.]), units='pix', vframe_callback=UNKNOWN, volume=UNKNOWN, win=Window(...))
297.0618 	EXP 	Created vid4 = MovieStim3(__class__=<class 'psychopy.visual.movie3.MovieStim3'>, autoLog=True, color=UNKNOWN, colorSpace=UNKNOWN, depth=-5.0, filename='stims/wedding-12.4b.mp4', flipHoriz=False, flipVert=False, fps=UNKNOWN, interpolate=True, loop=False, name='vid4', noAudio=False, opacity=1.0, ori=0, pos=array([0., 0.]), size=array([1280.,  720.]), units='pix', vframe_callback=UNKNOWN, volume=UNKNOWN, win=Window(...))
297.4770 	EXP 	Created vid5 = MovieStim3(__class__=<class 'psychopy.visual.movie3.MovieStim3'>, autoLog=True, color=UNKNOWN, colorSpace=UNKNOWN, depth=-6.0, filename='stims/wedding-12.5.mp4', flipHoriz=False, flipVert=False, fps=UNKNOWN, interpolate=True, loop=False, name='vid5', noAudio=False, opacity=1.0, ori=0, pos=array([0., 0.]), size=array([1280.,  720.]), units='pix', vframe_callback=UNKNOWN, volume=UNKNOWN, win=Window(...))
297.5945 	EXP 	window1: recordFrameIntervals = False
297.5978 	DATA 	Keypress: equal
297.6002 	DATA 	Keypress: equal
297.6201 	EXP 	image_3: autoDraw = False
297.6201 	EXP 	image_3: autoDraw = False
297.6201 	EXP 	vid1a: movie = 'stims/wedding-12.1a.mp4'
297.6201 	EXP 	vid1a: autoLog = True
297.6201 	EXP 	vid1b: movie = 'stims/wedding-12.1b.mp4'
297.6201 	EXP 	vid1b: autoLog = True
297.6201 	EXP 	vid2: movie = 'stims/wedding-12.2b.mp4'
297.6201 	EXP 	vid2: autoLog = True
297.6201 	EXP 	vid3: movie = 'stims/wedding-12.3b.mp4'
297.6201 	EXP 	vid3: autoLog = True
297.6201 	EXP 	vid4: movie = 'stims/wedding-12.4b.mp4'
297.6201 	EXP 	vid4: autoLog = True
297.6201 	EXP 	vid5: movie = 'stims/wedding-12.5.mp4'
297.6201 	EXP 	vid5: autoLog = True
300.1910 	EXP 	window1: recordFrameIntervals = False
302.3833 	DATA 	Keypress: equal
302.3856 	DATA 	Keypress: equal
302.3876 	DATA 	Keypress: equal
302.5876 	EXP 	vid1a: movie = 'stims/wedding-12.1a.mp4'
302.5876 	EXP 	vid1b: movie = 'stims/wedding-12.1b.mp4'
302.5876 	EXP 	vid2: movie = 'stims/wedding-12.2b.mp4'
302.5876 	EXP 	vid3: movie = 'stims/wedding-12.3b.mp4'
302.5876 	EXP 	vid4: movie = 'stims/wedding-12.4b.mp4'
302.5876 	EXP 	vid5: movie = 'stims/wedding-12.5.mp4'
302.6036 	EXP 	vid1a: autoDraw = True
303.5869 	DATA 	Keypress: equal
305.0807 	DATA 	Keypress: equal
306.5795 	DATA 	Keypress: equal
308.0767 	DATA 	Keypress: equal
309.5932 	DATA 	Keypress: equal
311.0884 	DATA 	Keypress: equal
312.5881 	DATA 	Keypress: equal
314.0736 	DATA 	Keypress: equal
315.5884 	DATA 	Keypress: equal
317.0881 	DATA 	Keypress: equal
318.5932 	DATA 	Keypress: equal
318.8030 	EXP 	vid1a: autoDraw = False
318.8196 	EXP 	vid1b: autoDraw = True
320.0885 	DATA 	Keypress: equal
321.5736 	DATA 	Keypress: equal
323.0735 	DATA 	Keypress: equal
324.5881 	DATA 	Keypress: equal
326.0736 	DATA 	Keypress: equal
326.8084 	EXP 	vid1b: autoDraw = False
326.8208 	EXP 	vid2: autoDraw = True
327.5738 	DATA 	Keypress: equal
329.0736 	DATA 	Keypress: equal
330.5738 	DATA 	Keypress: equal
332.0781 	DATA 	Keypress: equal
333.5805 	DATA 	Keypress: equal
335.0778 	DATA 	Keypress: equal
336.5805 	DATA 	Keypress: equal
338.0763 	DATA 	Keypress: equal
339.5794 	DATA 	Keypress: equal
341.0774 	DATA 	Keypress: equal
342.5734 	DATA 	Keypress: equal
343.7032 	EXP 	Set vid2 finished
343.8196 	EXP 	vid3: autoDraw = True
344.0724 	DATA 	Keypress: equal
345.5728 	DATA 	Keypress: equal
347.0930 	DATA 	Keypress: equal
348.5926 	DATA 	Keypress: equal
350.0723 	DATA 	Keypress: equal
351.5722 	DATA 	Keypress: equal
353.0722 	DATA 	Keypress: equal
354.5786 	DATA 	Keypress: equal
356.0757 	DATA 	Keypress: equal
357.5727 	DATA 	Keypress: equal
359.0756 	DATA 	Keypress: equal
360.5787 	DATA 	Keypress: equal
362.0806 	DATA 	Keypress: equal
363.5719 	DATA 	Keypress: equal
365.0764 	DATA 	Keypress: equal
366.5739 	DATA 	Keypress: equal
366.8049 	EXP 	vid3: autoDraw = False
366.8223 	EXP 	vid4: autoDraw = True
368.0738 	DATA 	Keypress: equal
369.5718 	DATA 	Keypress: equal
371.0718 	DATA 	Keypress: equal
372.5721 	DATA 	Keypress: equal
374.0715 	DATA 	Keypress: equal
375.5786 	DATA 	Keypress: equal
377.0797 	DATA 	Keypress: equal
378.5724 	DATA 	Keypress: equal
380.0753 	DATA 	Keypress: equal
381.5713 	DATA 	Keypress: equal
383.0761 	DATA 	Keypress: equal
384.5732 	DATA 	Keypress: equal
386.0778 	DATA 	Keypress: equal
387.5758 	DATA 	Keypress: equal
389.0708 	DATA 	Keypress: equal
389.8853 	EXP 	Set vid4 finished
390.5709 	DATA 	Keypress: equal
390.8235 	EXP 	vid5: autoDraw = True
392.1018 	DATA 	Keypress: equal
393.5758 	DATA 	Keypress: equal
395.0798 	DATA 	Keypress: equal
396.5705 	DATA 	Keypress: equal
398.0704 	DATA 	Keypress: equal
399.5708 	DATA 	Keypress: equal
401.0706 	DATA 	Keypress: equal
402.5712 	DATA 	Keypress: equal
402.8684 	EXP 	Set vid5 finished
403.0191 	EXP 	Created sequence: random, trialTypes=1, nReps=1, seed=None
403.0194 	EXP 	New trial (rep=0, index=0): None
403.4429 	EXP 	Created vid1a_q = MovieStim3(__class__=<class 'psychopy.visual.movie3.MovieStim3'>, autoLog=True, color=UNKNOWN, colorSpace=UNKNOWN, depth=-1.0, filename='stims/wedding-12.1a.mp4', flipHoriz=False, flipVert=False, fps=UNKNOWN, interpolate=True, loop=False, name='vid1a_q', noAudio=False, opacity=1.0, ori=0, pos=array([0., 0.]), size=array([1280.,  720.]), units='pix', vframe_callback=UNKNOWN, volume=UNKNOWN, win=Window(...))
403.8158 	EXP 	Created vid1b_q = MovieStim3(__class__=<class 'psychopy.visual.movie3.MovieStim3'>, autoLog=True, color=UNKNOWN, colorSpace=UNKNOWN, depth=-2.0, filename='stims/wedding-12.1b.mp4', flipHoriz=False, flipVert=False, fps=UNKNOWN, interpolate=True, loop=False, name='vid1b_q', noAudio=False, opacity=1.0, ori=0, pos=array([0., 0.]), size=array([1280.,  720.]), units='pix', vframe_callback=UNKNOWN, volume=UNKNOWN, win=Window(...))
404.2243 	EXP 	Created vid2_q = MovieStim3(__class__=<class 'psychopy.visual.movie3.MovieStim3'>, autoLog=True, color=UNKNOWN, colorSpace=UNKNOWN, depth=-3.0, filename='stims/wedding-12.2b.mp4', flipHoriz=False, flipVert=False, fps=UNKNOWN, interpolate=True, loop=False, name='vid2_q', noAudio=False, opacity=1.0, ori=0, pos=array([0., 0.]), size=array([1280.,  720.]), units='pix', vframe_callback=UNKNOWN, volume=UNKNOWN, win=Window(...))
404.7416 	EXP 	Created vid3_q = MovieStim3(__class__=<class 'psychopy.visual.movie3.MovieStim3'>, autoLog=True, color=UNKNOWN, colorSpace=UNKNOWN, depth=-5.0, filename='stims/wedding-12.3b.mp4', flipHoriz=False, flipVert=False, fps=UNKNOWN, interpolate=True, loop=False, name='vid3_q', noAudio=False, opacity=1.0, ori=0, pos=array([0., 0.]), size=array([1280.,  720.]), units='pix', vframe_callback=UNKNOWN, volume=UNKNOWN, win=Window(...))
405.2033 	EXP 	Created vid4_q = MovieStim3(__class__=<class 'psychopy.visual.movie3.MovieStim3'>, autoLog=True, color=UNKNOWN, colorSpace=UNKNOWN, depth=-7.0, filename='stims/wedding-12.4b.mp4', flipHoriz=False, flipVert=False, fps=UNKNOWN, interpolate=True, loop=False, name='vid4_q', noAudio=False, opacity=1.0, ori=0, pos=array([0., 0.]), size=array([1280.,  720.]), units='pix', vframe_callback=UNKNOWN, volume=UNKNOWN, win=Window(...))
405.5821 	EXP 	Created vid5_q = MovieStim3(__class__=<class 'psychopy.visual.movie3.MovieStim3'>, autoLog=True, color=UNKNOWN, colorSpace=UNKNOWN, depth=-8.0, filename='stims/wedding-12.5.mp4', flipHoriz=False, flipVert=False, fps=UNKNOWN, interpolate=True, loop=False, name='vid5_q', noAudio=False, opacity=1.0, ori=0, pos=array([0., 0.]), size=array([1280.,  720.]), units='pix', vframe_callback=UNKNOWN, volume=UNKNOWN, win=Window(...))
405.8314 	EXP 	window1: recordFrameIntervals = False
405.8345 	DATA 	Keypress: equal
405.8367 	DATA 	Keypress: equal
405.8530 	EXP 	vid1a: autoDraw = False
405.8530 	EXP 	vid1b: autoDraw = False
405.8530 	EXP 	vid2: autoDraw = False
405.8530 	EXP 	vid3: autoDraw = False
405.8530 	EXP 	vid4: autoDraw = False
405.8530 	EXP 	vid5: autoDraw = False
405.8530 	EXP 	vid1a_q: movie = 'stims/wedding-12.1a.mp4'
405.8530 	EXP 	vid1a_q: autoLog = True
405.8530 	EXP 	vid1b_q: movie = 'stims/wedding-12.1b.mp4'
405.8530 	EXP 	vid1b_q: autoLog = True
405.8530 	EXP 	vid2_q: movie = 'stims/wedding-12.2b.mp4'
405.8530 	EXP 	vid2_q: autoLog = True
405.8530 	EXP 	vid3_q: movie = 'stims/wedding-12.3b.mp4'
405.8530 	EXP 	vid3_q: autoLog = True
405.8530 	EXP 	vid4_q: movie = 'stims/wedding-12.4b.mp4'
405.8530 	EXP 	vid4_q: autoLog = True
405.8530 	EXP 	vid5_q: movie = 'stims/wedding-12.5.mp4'
405.8530 	EXP 	vid5_q: autoLog = True
405.8530 	EXP 	vid1a_q: autoDraw = False
405.8530 	EXP 	vid1b_q: autoDraw = False
405.8530 	EXP 	vid2_q: autoDraw = False
405.8530 	EXP 	l2q: autoDraw = False
405.8530 	EXP 	vid3_q: autoDraw = False
405.8530 	EXP 	l3q: autoDraw = False
405.8530 	EXP 	vid4_q: autoDraw = False
405.8530 	EXP 	vid5_q: autoDraw = False
406.0440 	EXP 	window1: recordFrameIntervals = False
407.6170 	DATA 	Keypress: equal
407.8351 	EXP 	eggPainting1: image = 'stimsday1details/painting12.png'
407.8351 	EXP 	eggPainting2: image = 'stimsday1details/newpainting4.png'
407.8351 	EXP 	character1: image = 'stimsday1details/couple12.png'
407.8351 	EXP 	character2: image = 'stimsday1details/newperson16.png'
407.8351 	EXP 	gift1: image = 'stimsday1details/gift12.png'
407.8351 	EXP 	gift2: image = 'stimsday1details/new16.png'
407.8351 	EXP 	themeQ1: image = 'stimsday1details/t12.png'
407.8351 	EXP 	themeQ2: image = 'stimsday1details/ct12.png'
407.8351 	EXP 	nameQ1: image = 'stimsday1details/n12.png'
407.8351 	EXP 	nameQ2: image = 'stimsday1details/cn12.png'
407.8351 	EXP 	nameQ1: autoDraw = True
407.8351 	EXP 	nameQ2: autoDraw = True
408.5712 	DATA 	Keypress: equal
408.7372 	DATA 	Keypress: 1
409.8196 	EXP 	nameQ1: autoDraw = False
409.8196 	EXP 	nameQ2: autoDraw = False
409.8196 	EXP 	nameQ1: autoDraw = False
409.8196 	EXP 	nameQ2: autoDraw = False
409.8196 	EXP 	eggPainting1: autoDraw = True
409.8196 	EXP 	eggPainting2: autoDraw = True
410.0705 	DATA 	Keypress: equal
410.6207 	DATA 	Keypress: 1
411.5705 	DATA 	Keypress: equal
411.8188 	EXP 	eggPainting1: autoDraw = False
411.8188 	EXP 	eggPainting2: autoDraw = False
411.8188 	EXP 	eggPainting1: autoDraw = False
411.8188 	EXP 	eggPainting2: autoDraw = False
411.8188 	EXP 	character1: autoDraw = True
411.8188 	EXP 	character2: autoDraw = True
412.6706 	DATA 	Keypress: 1
413.0701 	DATA 	Keypress: equal
413.8193 	EXP 	character1: autoDraw = False
413.8193 	EXP 	character2: autoDraw = False
413.8193 	EXP 	character1: autoDraw = False
413.8193 	EXP 	character2: autoDraw = False
413.8193 	EXP 	themeQ1: autoDraw = True
413.8193 	EXP 	themeQ2: autoDraw = True
414.5703 	DATA 	Keypress: equal
414.9041 	DATA 	Keypress: 1
415.8192 	EXP 	themeQ1: autoDraw = False
415.8192 	EXP 	themeQ2: autoDraw = False
415.8192 	EXP 	themeQ1: autoDraw = False
415.8192 	EXP 	themeQ2: autoDraw = False
415.8192 	EXP 	gift1: autoDraw = True
415.8192 	EXP 	gift2: autoDraw = True
416.0699 	DATA 	Keypress: equal
416.5206 	DATA 	Keypress: 1
417.5701 	DATA 	Keypress: equal
417.8193 	EXP 	gift1: autoDraw = False
417.8193 	EXP 	gift2: autoDraw = False
417.8193 	EXP 	gift1: autoDraw = False
417.8193 	EXP 	gift2: autoDraw = False
417.8193 	EXP 	northorsouth1: autoDraw = True
417.8193 	EXP 	northorsouth2: autoDraw = True
418.2710 	DATA 	Keypress: 1
419.0706 	DATA 	Keypress: equal
420.0430 	EXP 	New trial (rep=0, index=3): OrderedDict([('condsFile', 'videoBlock_schemaN_pathA_4.csv')])
420.0559 	EXP 	Imported videoBlock_schemaN_pathA_4.csv as conditions, 1 conditions, 17 params
420.0563 	EXP 	Created sequence: random, trialTypes=1, nReps=1, seed=None
420.0570 	EXP 	New trial (rep=0, index=0): OrderedDict([('northOrSouth', 'north.png'), ('stimFile1a', 'stims/wedding-13.1a.mp4'), ('stimFile1b', 'stims/wedding-13.1b.mp4'), ('stimFile2', 'stims/wedding-13.2a.mp4'), ('stimFile3', 'stims/wedding-13.3a.mp4'), ('stimFile4', 'stims/wedding-13.4a.mp4'), ('stimFile5', 'stims/wedding-13.5.mp4'), ('QeggPainting1', 'stimsday1details/egg13.png'), ('Qcharacter1', 'stimsday1details/couple13.png'), ('Qgift1', 'stimsday1details/new4.png'), ('QeggPainting2', 'stimsday1details/newegg4.png'), ('Qcharacter2', 'stimsday1details/newperson4.png'), ('Qgift2', 'stimsday1details/gift13.png'), ('Qname1', 'stimsday1details/n13.png'), ('Qtheme1', 'stimsday1details/ct13.png'), ('Qname2', 'stimsday1details/cn13.png'), ('Qtheme2', 'stimsday1details/t13.png')])
420.0694 	EXP 	northorsouth1: autoDraw = False
420.0694 	EXP 	northorsouth2: autoDraw = False
420.0694 	EXP 	northorsouth1: autoDraw = False
420.0694 	EXP 	northorsouth2: autoDraw = False
420.0694 	EXP 	image_3: autoDraw = True
420.5707 	DATA 	Keypress: equal
422.0578 	EXP 	Created sequence: random, trialTypes=1, nReps=1, seed=None
422.0582 	EXP 	New trial (rep=0, index=0): None
422.4739 	EXP 	Created vid1a = MovieStim3(__class__=<class 'psychopy.visual.movie3.MovieStim3'>, autoLog=True, color=UNKNOWN, colorSpace=UNKNOWN, depth=-1.0, filename='stims/wedding-13.1a.mp4', flipHoriz=False, flipVert=False, fps=UNKNOWN, interpolate=True, loop=False, name='vid1a', noAudio=False, opacity=1.0, ori=0, pos=array([0., 0.]), size=array([1280.,  720.]), units='pix', vframe_callback=UNKNOWN, volume=UNKNOWN, win=Window(...))
422.8056 	EXP 	Created vid1b = MovieStim3(__class__=<class 'psychopy.visual.movie3.MovieStim3'>, autoLog=True, color=UNKNOWN, colorSpace=UNKNOWN, depth=-2.0, filename='stims/wedding-13.1b.mp4', flipHoriz=False, flipVert=False, fps=UNKNOWN, interpolate=True, loop=False, name='vid1b', noAudio=False, opacity=1.0, ori=0, pos=array([0., 0.]), size=array([1280.,  720.]), units='pix', vframe_callback=UNKNOWN, volume=UNKNOWN, win=Window(...))
423.2773 	EXP 	Created vid2 = MovieStim3(__class__=<class 'psychopy.visual.movie3.MovieStim3'>, autoLog=True, color=UNKNOWN, colorSpace=UNKNOWN, depth=-3.0, filename='stims/wedding-13.2a.mp4', flipHoriz=False, flipVert=False, fps=UNKNOWN, interpolate=True, loop=False, name='vid2', noAudio=False, opacity=1.0, ori=0, pos=array([0., 0.]), size=array([1280.,  720.]), units='pix', vframe_callback=UNKNOWN, volume=UNKNOWN, win=Window(...))
423.7562 	EXP 	Created vid3 = MovieStim3(__class__=<class 'psychopy.visual.movie3.MovieStim3'>, autoLog=True, color=UNKNOWN, colorSpace=UNKNOWN, depth=-4.0, filename='stims/wedding-13.3a.mp4', flipHoriz=False, flipVert=False, fps=UNKNOWN, interpolate=True, loop=False, name='vid3', noAudio=False, opacity=1.0, ori=0, pos=array([0., 0.]), size=array([1280.,  720.]), units='pix', vframe_callback=UNKNOWN, volume=UNKNOWN, win=Window(...))
424.2357 	EXP 	Created vid4 = MovieStim3(__class__=<class 'psychopy.visual.movie3.MovieStim3'>, autoLog=True, color=UNKNOWN, colorSpace=UNKNOWN, depth=-5.0, filename='stims/wedding-13.4a.mp4', flipHoriz=False, flipVert=False, fps=UNKNOWN, interpolate=True, loop=False, name='vid4', noAudio=False, opacity=1.0, ori=0, pos=array([0., 0.]), size=array([1280.,  720.]), units='pix', vframe_callback=UNKNOWN, volume=UNKNOWN, win=Window(...))
424.6645 	EXP 	Created vid5 = MovieStim3(__class__=<class 'psychopy.visual.movie3.MovieStim3'>, autoLog=True, color=UNKNOWN, colorSpace=UNKNOWN, depth=-6.0, filename='stims/wedding-13.5.mp4', flipHoriz=False, flipVert=False, fps=UNKNOWN, interpolate=True, loop=False, name='vid5', noAudio=False, opacity=1.0, ori=0, pos=array([0., 0.]), size=array([1280.,  720.]), units='pix', vframe_callback=UNKNOWN, volume=UNKNOWN, win=Window(...))
424.7537 	EXP 	window1: recordFrameIntervals = False
424.7573 	DATA 	Keypress: equal
424.7597 	DATA 	Keypress: equal
424.7693 	EXP 	image_3: autoDraw = False
424.7693 	EXP 	image_3: autoDraw = False
424.7693 	EXP 	vid1a: movie = 'stims/wedding-13.1a.mp4'
424.7693 	EXP 	vid1a: autoLog = True
424.7693 	EXP 	vid1b: movie = 'stims/wedding-13.1b.mp4'
424.7693 	EXP 	vid1b: autoLog = True
424.7693 	EXP 	vid2: movie = 'stims/wedding-13.2a.mp4'
424.7693 	EXP 	vid2: autoLog = True
424.7693 	EXP 	vid3: movie = 'stims/wedding-13.3a.mp4'
424.7693 	EXP 	vid3: autoLog = True
424.7693 	EXP 	vid4: movie = 'stims/wedding-13.4a.mp4'
424.7693 	EXP 	vid4: autoLog = True
424.7693 	EXP 	vid5: movie = 'stims/wedding-13.5.mp4'
424.7693 	EXP 	vid5: autoLog = True
427.3363 	EXP 	window1: recordFrameIntervals = False
429.5415 	DATA 	Keypress: equal
429.5438 	DATA 	Keypress: equal
429.5461 	DATA 	Keypress: equal
429.5690 	DATA 	Keypress: equal
429.7521 	EXP 	vid1a: movie = 'stims/wedding-13.1a.mp4'
429.7521 	EXP 	vid1b: movie = 'stims/wedding-13.1b.mp4'
429.7521 	EXP 	vid2: movie = 'stims/wedding-13.2a.mp4'
429.7521 	EXP 	vid3: movie = 'stims/wedding-13.3a.mp4'
429.7521 	EXP 	vid4: movie = 'stims/wedding-13.4a.mp4'
429.7521 	EXP 	vid5: movie = 'stims/wedding-13.5.mp4'
429.7687 	EXP 	vid1a: autoDraw = True
431.0751 	DATA 	Keypress: equal
432.5755 	DATA 	Keypress: equal
434.0702 	DATA 	Keypress: equal
435.5700 	DATA 	Keypress: equal
437.0763 	DATA 	Keypress: equal
438.5708 	DATA 	Keypress: equal
440.0938 	DATA 	Keypress: equal
441.5716 	DATA 	Keypress: equal
443.0713 	DATA 	Keypress: equal
444.5714 	DATA 	Keypress: equal
444.8191 	EXP 	Set vid1a finished
446.0709 	DATA 	Keypress: equal
446.0850 	EXP 	vid1b: autoDraw = True
447.5982 	DATA 	Keypress: equal
449.0705 	DATA 	Keypress: equal
450.5702 	DATA 	Keypress: equal
452.0713 	DATA 	Keypress: equal
453.5715 	DATA 	Keypress: equal
454.0703 	EXP 	vid1b: autoDraw = False
454.0858 	EXP 	vid2: autoDraw = True
455.0715 	DATA 	Keypress: equal
456.5700 	DATA 	Keypress: equal
458.0719 	DATA 	Keypress: equal
459.5699 	DATA 	Keypress: equal
461.0701 	DATA 	Keypress: equal
462.5704 	DATA 	Keypress: equal
464.0700 	DATA 	Keypress: equal
465.5748 	DATA 	Keypress: equal
467.0751 	DATA 	Keypress: equal
468.5700 	DATA 	Keypress: equal
470.0700 	DATA 	Keypress: equal
471.0693 	EXP 	vid2: autoDraw = False
471.0860 	EXP 	vid3: autoDraw = True
471.5714 	DATA 	Keypress: equal
473.0717 	DATA 	Keypress: equal
474.5719 	DATA 	Keypress: equal
476.0706 	DATA 	Keypress: equal
477.5704 	DATA 	Keypress: equal
479.0751 	DATA 	Keypress: equal
480.5704 	DATA 	Keypress: equal
482.0737 	DATA 	Keypress: equal
483.5710 	DATA 	Keypress: equal
485.0698 	DATA 	Keypress: equal
486.5757 	DATA 	Keypress: equal
488.0713 	DATA 	Keypress: equal
489.5724 	DATA 	Keypress: equal
491.0699 	DATA 	Keypress: equal
492.5713 	DATA 	Keypress: equal
494.0731 	EXP 	vid3: autoDraw = False
494.0753 	DATA 	Keypress: equal
494.0852 	EXP 	vid4: autoDraw = True
495.5704 	DATA 	Keypress: equal
497.0704 	DATA 	Keypress: equal
498.5703 	DATA 	Keypress: equal
500.0701 	DATA 	Keypress: equal
501.5702 	DATA 	Keypress: equal
503.0701 	DATA 	Keypress: equal
504.5700 	DATA 	Keypress: equal
506.0702 	DATA 	Keypress: equal
507.5703 	DATA 	Keypress: equal
509.0713 	DATA 	Keypress: equal
510.5757 	DATA 	Keypress: equal
512.0700 	DATA 	Keypress: equal
513.5691 	DATA 	Keypress: equal
515.0696 	DATA 	Keypress: equal
516.5693 	DATA 	Keypress: equal
518.0718 	EXP 	vid4: autoDraw = False
518.0742 	DATA 	Keypress: equal
518.0839 	EXP 	vid5: autoDraw = True
519.5705 	DATA 	Keypress: equal
521.0698 	DATA 	Keypress: equal
522.5703 	DATA 	Keypress: equal
524.0716 	DATA 	Keypress: equal
525.5754 	DATA 	Keypress: equal
527.0694 	DATA 	Keypress: equal
528.5699 	DATA 	Keypress: equal
530.0691 	DATA 	Keypress: equal
530.1346 	EXP 	Set vid5 finished
530.3135 	EXP 	Created sequence: random, trialTypes=1, nReps=1, seed=None
530.3138 	EXP 	New trial (rep=0, index=0): None
530.7217 	EXP 	Created vid1a_q = MovieStim3(__class__=<class 'psychopy.visual.movie3.MovieStim3'>, autoLog=True, color=UNKNOWN, colorSpace=UNKNOWN, depth=-1.0, filename='stims/wedding-13.1a.mp4', flipHoriz=False, flipVert=False, fps=UNKNOWN, interpolate=True, loop=False, name='vid1a_q', noAudio=False, opacity=1.0, ori=0, pos=array([0., 0.]), size=array([1280.,  720.]), units='pix', vframe_callback=UNKNOWN, volume=UNKNOWN, win=Window(...))
531.0559 	EXP 	Created vid1b_q = MovieStim3(__class__=<class 'psychopy.visual.movie3.MovieStim3'>, autoLog=True, color=UNKNOWN, colorSpace=UNKNOWN, depth=-2.0, filename='stims/wedding-13.1b.mp4', flipHoriz=False, flipVert=False, fps=UNKNOWN, interpolate=True, loop=False, name='vid1b_q', noAudio=False, opacity=1.0, ori=0, pos=array([0., 0.]), size=array([1280.,  720.]), units='pix', vframe_callback=UNKNOWN, volume=UNKNOWN, win=Window(...))
531.5296 	EXP 	Created vid2_q = MovieStim3(__class__=<class 'psychopy.visual.movie3.MovieStim3'>, autoLog=True, color=UNKNOWN, colorSpace=UNKNOWN, depth=-3.0, filename='stims/wedding-13.2a.mp4', flipHoriz=False, flipVert=False, fps=UNKNOWN, interpolate=True, loop=False, name='vid2_q', noAudio=False, opacity=1.0, ori=0, pos=array([0., 0.]), size=array([1280.,  720.]), units='pix', vframe_callback=UNKNOWN, volume=UNKNOWN, win=Window(...))
531.9984 	EXP 	Created vid3_q = MovieStim3(__class__=<class 'psychopy.visual.movie3.MovieStim3'>, autoLog=True, color=UNKNOWN, colorSpace=UNKNOWN, depth=-5.0, filename='stims/wedding-13.3a.mp4', flipHoriz=False, flipVert=False, fps=UNKNOWN, interpolate=True, loop=False, name='vid3_q', noAudio=False, opacity=1.0, ori=0, pos=array([0., 0.]), size=array([1280.,  720.]), units='pix', vframe_callback=UNKNOWN, volume=UNKNOWN, win=Window(...))
532.4767 	EXP 	Created vid4_q = MovieStim3(__class__=<class 'psychopy.visual.movie3.MovieStim3'>, autoLog=True, color=UNKNOWN, colorSpace=UNKNOWN, depth=-7.0, filename='stims/wedding-13.4a.mp4', flipHoriz=False, flipVert=False, fps=UNKNOWN, interpolate=True, loop=False, name='vid4_q', noAudio=False, opacity=1.0, ori=0, pos=array([0., 0.]), size=array([1280.,  720.]), units='pix', vframe_callback=UNKNOWN, volume=UNKNOWN, win=Window(...))
532.8673 	EXP 	Created vid5_q = MovieStim3(__class__=<class 'psychopy.visual.movie3.MovieStim3'>, autoLog=True, color=UNKNOWN, colorSpace=UNKNOWN, depth=-8.0, filename='stims/wedding-13.5.mp4', flipHoriz=False, flipVert=False, fps=UNKNOWN, interpolate=True, loop=False, name='vid5_q', noAudio=False, opacity=1.0, ori=0, pos=array([0., 0.]), size=array([1280.,  720.]), units='pix', vframe_callback=UNKNOWN, volume=UNKNOWN, win=Window(...))
533.1473 	EXP 	window1: recordFrameIntervals = False
533.1505 	DATA 	Keypress: equal
533.1527 	DATA 	Keypress: equal
533.1672 	EXP 	vid1a: autoDraw = False
533.1672 	EXP 	vid1b: autoDraw = False
533.1672 	EXP 	vid2: autoDraw = False
533.1672 	EXP 	vid3: autoDraw = False
533.1672 	EXP 	vid4: autoDraw = False
533.1672 	EXP 	vid5: autoDraw = False
533.1672 	EXP 	vid1a_q: movie = 'stims/wedding-13.1a.mp4'
533.1672 	EXP 	vid1a_q: autoLog = True
533.1672 	EXP 	vid1b_q: movie = 'stims/wedding-13.1b.mp4'
533.1672 	EXP 	vid1b_q: autoLog = True
533.1672 	EXP 	vid2_q: movie = 'stims/wedding-13.2a.mp4'
533.1672 	EXP 	vid2_q: autoLog = True
533.1672 	EXP 	vid3_q: movie = 'stims/wedding-13.3a.mp4'
533.1672 	EXP 	vid3_q: autoLog = True
533.1672 	EXP 	vid4_q: movie = 'stims/wedding-13.4a.mp4'
533.1672 	EXP 	vid4_q: autoLog = True
533.1672 	EXP 	vid5_q: movie = 'stims/wedding-13.5.mp4'
533.1672 	EXP 	vid5_q: autoLog = True
533.1672 	EXP 	vid1a_q: autoDraw = False
533.1672 	EXP 	vid1b_q: autoDraw = False
533.1672 	EXP 	vid2_q: autoDraw = False
533.1672 	EXP 	l2q: autoDraw = False
533.1672 	EXP 	vid3_q: autoDraw = False
533.1672 	EXP 	l3q: autoDraw = False
533.1672 	EXP 	vid4_q: autoDraw = False
533.1672 	EXP 	vid5_q: autoDraw = False
533.3638 	EXP 	window1: recordFrameIntervals = False
534.9330 	DATA 	Keypress: equal
535.1513 	EXP 	eggPainting1: image = 'stimsday1details/egg13.png'
535.1513 	EXP 	eggPainting2: image = 'stimsday1details/newegg4.png'
535.1513 	EXP 	character1: image = 'stimsday1details/couple13.png'
535.1513 	EXP 	character2: image = 'stimsday1details/newperson4.png'
535.1513 	EXP 	gift1: image = 'stimsday1details/new4.png'
535.1513 	EXP 	gift2: image = 'stimsday1details/gift13.png'
535.1513 	EXP 	themeQ1: image = 'stimsday1details/ct13.png'
535.1513 	EXP 	themeQ2: image = 'stimsday1details/t13.png'
535.1513 	EXP 	nameQ1: image = 'stimsday1details/n13.png'
535.1513 	EXP 	nameQ2: image = 'stimsday1details/cn13.png'
535.1513 	EXP 	nameQ1: autoDraw = True
535.1513 	EXP 	nameQ2: autoDraw = True
535.7691 	DATA 	Keypress: 1
536.0686 	DATA 	Keypress: equal
537.1506 	EXP 	nameQ1: autoDraw = False
537.1506 	EXP 	nameQ2: autoDraw = False
537.1506 	EXP 	nameQ1: autoDraw = False
537.1506 	EXP 	nameQ2: autoDraw = False
537.1506 	EXP 	eggPainting1: autoDraw = True
537.1506 	EXP 	eggPainting2: autoDraw = True
537.5685 	DATA 	Keypress: equal
537.8184 	DATA 	Keypress: 1
539.0683 	DATA 	Keypress: equal
539.1506 	EXP 	eggPainting1: autoDraw = False
539.1506 	EXP 	eggPainting2: autoDraw = False
539.1506 	EXP 	eggPainting1: autoDraw = False
539.1506 	EXP 	eggPainting2: autoDraw = False
539.1506 	EXP 	character1: autoDraw = True
539.1506 	EXP 	character2: autoDraw = True
539.9074 	DATA 	Keypress: 1
540.5692 	DATA 	Keypress: equal
541.1550 	EXP 	character1: autoDraw = False
541.1550 	EXP 	character2: autoDraw = False
541.1550 	EXP 	character1: autoDraw = False
541.1550 	EXP 	character2: autoDraw = False
541.1550 	EXP 	themeQ1: autoDraw = True
541.1550 	EXP 	themeQ2: autoDraw = True
542.0776 	DATA 	Keypress: equal
542.3400 	DATA 	Keypress: 2
543.1394 	EXP 	themeQ1: autoDraw = False
543.1394 	EXP 	themeQ2: autoDraw = False
543.1394 	EXP 	themeQ1: autoDraw = False
543.1394 	EXP 	themeQ2: autoDraw = False
543.1394 	EXP 	gift1: autoDraw = True
543.1394 	EXP 	gift2: autoDraw = True
543.5779 	DATA 	Keypress: equal
543.9779 	DATA 	Keypress: 2
545.0787 	DATA 	Keypress: equal
545.1385 	EXP 	gift1: autoDraw = False
545.1385 	EXP 	gift2: autoDraw = False
545.1385 	EXP 	gift1: autoDraw = False
545.1385 	EXP 	gift2: autoDraw = False
545.1385 	EXP 	northorsouth1: autoDraw = True
545.1385 	EXP 	northorsouth2: autoDraw = True
545.7900 	DATA 	Keypress: 1
546.5692 	DATA 	Keypress: equal
547.3835 	EXP 	New trial (rep=0, index=4): OrderedDict([('condsFile', 'videoBlock_schemaN_pathB_6.csv')])
547.3960 	EXP 	Imported videoBlock_schemaN_pathB_6.csv as conditions, 1 conditions, 17 params
547.3964 	EXP 	Created sequence: random, trialTypes=1, nReps=1, seed=None
547.3972 	EXP 	New trial (rep=0, index=0): OrderedDict([('northOrSouth', 'north.png'), ('stimFile1a', 'stims/wedding-16.1a.mp4'), ('stimFile1b', 'stims/wedding-16.1b.mp4'), ('stimFile2', 'stims/wedding-16.2b.mp4'), ('stimFile3', 'stims/wedding-16.3b.mp4'), ('stimFile4', 'stims/wedding-16.4b.mp4'), ('stimFile5', 'stims/wedding-16.5.mp4'), ('QeggPainting1', 'stimsday1details/painting16.png'), ('Qcharacter1', 'stimsday1details/newperson18.png'), ('Qgift1', 'stimsday1details/gift16.png'), ('QeggPainting2', 'stimsday1details/newpainting6.png'), ('Qcharacter2', 'stimsday1details/couple16.png'), ('Qgift2', 'stimsday1details/new18.png'), ('Qname1', 'stimsday1details/n16.png'), ('Qtheme1', 'stimsday1details/ct16.png'), ('Qname2', 'stimsday1details/cn16.png'), ('Qtheme2', 'stimsday1details/t16.png')])
547.4175 	EXP 	northorsouth1: autoDraw = False
547.4175 	EXP 	northorsouth2: autoDraw = False
547.4175 	EXP 	northorsouth1: autoDraw = False
547.4175 	EXP 	northorsouth2: autoDraw = False
547.4175 	EXP 	image_3: autoDraw = True
548.0694 	DATA 	Keypress: equal
549.4023 	EXP 	Created sequence: random, trialTypes=1, nReps=1, seed=None
549.4026 	EXP 	New trial (rep=0, index=0): None
549.8135 	EXP 	Created vid1a = MovieStim3(__class__=<class 'psychopy.visual.movie3.MovieStim3'>, autoLog=True, color=UNKNOWN, colorSpace=UNKNOWN, depth=-1.0, filename='stims/wedding-16.1a.mp4', flipHoriz=False, flipVert=False, fps=UNKNOWN, interpolate=True, loop=False, name='vid1a', noAudio=False, opacity=1.0, ori=0, pos=array([0., 0.]), size=array([1280.,  720.]), units='pix', vframe_callback=UNKNOWN, volume=UNKNOWN, win=Window(...))
550.1914 	EXP 	Created vid1b = MovieStim3(__class__=<class 'psychopy.visual.movie3.MovieStim3'>, autoLog=True, color=UNKNOWN, colorSpace=UNKNOWN, depth=-2.0, filename='stims/wedding-16.1b.mp4', flipHoriz=False, flipVert=False, fps=UNKNOWN, interpolate=True, loop=False, name='vid1b', noAudio=False, opacity=1.0, ori=0, pos=array([0., 0.]), size=array([1280.,  720.]), units='pix', vframe_callback=UNKNOWN, volume=UNKNOWN, win=Window(...))
550.6833 	EXP 	Created vid2 = MovieStim3(__class__=<class 'psychopy.visual.movie3.MovieStim3'>, autoLog=True, color=UNKNOWN, colorSpace=UNKNOWN, depth=-3.0, filename='stims/wedding-16.2b.mp4', flipHoriz=False, flipVert=False, fps=UNKNOWN, interpolate=True, loop=False, name='vid2', noAudio=False, opacity=1.0, ori=0, pos=array([0., 0.]), size=array([1280.,  720.]), units='pix', vframe_callback=UNKNOWN, volume=UNKNOWN, win=Window(...))
551.2728 	EXP 	Created vid3 = MovieStim3(__class__=<class 'psychopy.visual.movie3.MovieStim3'>, autoLog=True, color=UNKNOWN, colorSpace=UNKNOWN, depth=-4.0, filename='stims/wedding-16.3b.mp4', flipHoriz=False, flipVert=False, fps=UNKNOWN, interpolate=True, loop=False, name='vid3', noAudio=False, opacity=1.0, ori=0, pos=array([0., 0.]), size=array([1280.,  720.]), units='pix', vframe_callback=UNKNOWN, volume=UNKNOWN, win=Window(...))
551.8470 	EXP 	Created vid4 = MovieStim3(__class__=<class 'psychopy.visual.movie3.MovieStim3'>, autoLog=True, color=UNKNOWN, colorSpace=UNKNOWN, depth=-5.0, filename='stims/wedding-16.4b.mp4', flipHoriz=False, flipVert=False, fps=UNKNOWN, interpolate=True, loop=False, name='vid4', noAudio=False, opacity=1.0, ori=0, pos=array([0., 0.]), size=array([1280.,  720.]), units='pix', vframe_callback=UNKNOWN, volume=UNKNOWN, win=Window(...))
552.2677 	EXP 	Created vid5 = MovieStim3(__class__=<class 'psychopy.visual.movie3.MovieStim3'>, autoLog=True, color=UNKNOWN, colorSpace=UNKNOWN, depth=-6.0, filename='stims/wedding-16.5.mp4', flipHoriz=False, flipVert=False, fps=UNKNOWN, interpolate=True, loop=False, name='vid5', noAudio=False, opacity=1.0, ori=0, pos=array([0., 0.]), size=array([1280.,  720.]), units='pix', vframe_callback=UNKNOWN, volume=UNKNOWN, win=Window(...))
552.3382 	EXP 	window1: recordFrameIntervals = False
552.3422 	DATA 	Keypress: equal
552.3449 	DATA 	Keypress: equal
552.3511 	EXP 	image_3: autoDraw = False
552.3511 	EXP 	image_3: autoDraw = False
552.3511 	EXP 	vid1a: movie = 'stims/wedding-16.1a.mp4'
552.3511 	EXP 	vid1a: autoLog = True
552.3511 	EXP 	vid1b: movie = 'stims/wedding-16.1b.mp4'
552.3511 	EXP 	vid1b: autoLog = True
552.3511 	EXP 	vid2: movie = 'stims/wedding-16.2b.mp4'
552.3511 	EXP 	vid2: autoLog = True
552.3511 	EXP 	vid3: movie = 'stims/wedding-16.3b.mp4'
552.3511 	EXP 	vid3: autoLog = True
552.3511 	EXP 	vid4: movie = 'stims/wedding-16.4b.mp4'
552.3511 	EXP 	vid4: autoLog = True
552.3511 	EXP 	vid5: movie = 'stims/wedding-16.5.mp4'
552.3511 	EXP 	vid5: autoLog = True
555.0345 	EXP 	window1: recordFrameIntervals = False
557.1329 	DATA 	Keypress: equal
557.1356 	DATA 	Keypress: equal
557.1377 	DATA 	Keypress: equal
557.1402 	DATA 	Keypress: equal
557.3337 	EXP 	vid1a: movie = 'stims/wedding-16.1a.mp4'
557.3337 	EXP 	vid1b: movie = 'stims/wedding-16.1b.mp4'
557.3337 	EXP 	vid2: movie = 'stims/wedding-16.2b.mp4'
557.3337 	EXP 	vid3: movie = 'stims/wedding-16.3b.mp4'
557.3337 	EXP 	vid4: movie = 'stims/wedding-16.4b.mp4'
557.3337 	EXP 	vid5: movie = 'stims/wedding-16.5.mp4'
557.3503 	EXP 	vid1a: autoDraw = True
558.5694 	DATA 	Keypress: equal
560.0695 	DATA 	Keypress: equal
561.5699 	DATA 	Keypress: equal
563.0636 	DATA 	Keypress: equal
564.5700 	DATA 	Keypress: equal
566.0740 	DATA 	Keypress: equal
567.5642 	DATA 	Keypress: equal
569.0640 	DATA 	Keypress: equal
570.5736 	DATA 	Keypress: equal
572.0693 	DATA 	Keypress: equal
573.2665 	EXP 	Set vid1a finished
573.4332 	EXP 	vid1b: autoDraw = True
573.5737 	DATA 	Keypress: equal
575.0695 	DATA 	Keypress: equal
576.5693 	DATA 	Keypress: equal
578.0682 	DATA 	Keypress: equal
579.5730 	DATA 	Keypress: equal
581.0642 	DATA 	Keypress: equal
581.4162 	EXP 	vid1b: autoDraw = False
581.4335 	EXP 	vid2: autoDraw = True
582.5681 	DATA 	Keypress: equal
584.0695 	DATA 	Keypress: equal
585.5685 	DATA 	Keypress: equal
587.0734 	DATA 	Keypress: equal
588.6015 	DATA 	Keypress: equal
590.0690 	DATA 	Keypress: equal
591.5696 	DATA 	Keypress: equal
593.0683 	DATA 	Keypress: equal
594.5694 	DATA 	Keypress: equal
596.0692 	DATA 	Keypress: equal
597.5688 	DATA 	Keypress: equal
598.4171 	EXP 	vid2: autoDraw = False
598.4341 	EXP 	vid3: autoDraw = True
599.0683 	DATA 	Keypress: equal
600.5729 	DATA 	Keypress: equal
602.0684 	DATA 	Keypress: equal
603.5683 	DATA 	Keypress: equal
605.0684 	DATA 	Keypress: equal
606.5696 	DATA 	Keypress: equal
608.0699 	DATA 	Keypress: equal
609.5697 	DATA 	Keypress: equal
611.0703 	DATA 	Keypress: equal
612.5686 	DATA 	Keypress: equal
614.0685 	DATA 	Keypress: equal
615.5686 	DATA 	Keypress: equal
617.0689 	DATA 	Keypress: equal
618.5691 	DATA 	Keypress: equal
620.0688 	DATA 	Keypress: equal
621.4161 	EXP 	vid3: autoDraw = False
621.4328 	EXP 	vid4: autoDraw = True
621.5688 	DATA 	Keypress: equal
623.1000 	DATA 	Keypress: equal
624.5687 	DATA 	Keypress: equal
626.0684 	DATA 	Keypress: equal
627.5736 	DATA 	Keypress: equal
629.0727 	DATA 	Keypress: equal
630.5685 	DATA 	Keypress: equal
632.0678 	DATA 	Keypress: equal
633.5690 	DATA 	Keypress: equal
635.0689 	DATA 	Keypress: equal
636.5692 	DATA 	Keypress: equal
638.0689 	DATA 	Keypress: equal
639.5678 	DATA 	Keypress: equal
641.0686 	DATA 	Keypress: equal
642.5641 	DATA 	Keypress: equal
644.0679 	DATA 	Keypress: equal
645.4162 	EXP 	vid4: autoDraw = False
645.4325 	EXP 	vid5: autoDraw = True
645.5676 	DATA 	Keypress: equal
647.0676 	DATA 	Keypress: equal
648.5733 	DATA 	Keypress: equal
650.0702 	DATA 	Keypress: equal
651.5723 	DATA 	Keypress: equal
653.0671 	DATA 	Keypress: equal
654.5675 	DATA 	Keypress: equal
656.0628 	DATA 	Keypress: equal
657.5679 	DATA 	Keypress: equal
657.9825 	EXP 	Set vid5 finished
658.1868 	EXP 	Created sequence: random, trialTypes=1, nReps=1, seed=None
658.1871 	EXP 	New trial (rep=0, index=0): None
658.6035 	EXP 	Created vid1a_q = MovieStim3(__class__=<class 'psychopy.visual.movie3.MovieStim3'>, autoLog=True, color=UNKNOWN, colorSpace=UNKNOWN, depth=-1.0, filename='stims/wedding-16.1a.mp4', flipHoriz=False, flipVert=False, fps=UNKNOWN, interpolate=True, loop=False, name='vid1a_q', noAudio=False, opacity=1.0, ori=0, pos=array([0., 0.]), size=array([1280.,  720.]), units='pix', vframe_callback=UNKNOWN, volume=UNKNOWN, win=Window(...))
658.9890 	EXP 	Created vid1b_q = MovieStim3(__class__=<class 'psychopy.visual.movie3.MovieStim3'>, autoLog=True, color=UNKNOWN, colorSpace=UNKNOWN, depth=-2.0, filename='stims/wedding-16.1b.mp4', flipHoriz=False, flipVert=False, fps=UNKNOWN, interpolate=True, loop=False, name='vid1b_q', noAudio=False, opacity=1.0, ori=0, pos=array([0., 0.]), size=array([1280.,  720.]), units='pix', vframe_callback=UNKNOWN, volume=UNKNOWN, win=Window(...))
659.4392 	EXP 	Created vid2_q = MovieStim3(__class__=<class 'psychopy.visual.movie3.MovieStim3'>, autoLog=True, color=UNKNOWN, colorSpace=UNKNOWN, depth=-3.0, filename='stims/wedding-16.2b.mp4', flipHoriz=False, flipVert=False, fps=UNKNOWN, interpolate=True, loop=False, name='vid2_q', noAudio=False, opacity=1.0, ori=0, pos=array([0., 0.]), size=array([1280.,  720.]), units='pix', vframe_callback=UNKNOWN, volume=UNKNOWN, win=Window(...))
659.9673 	EXP 	Created vid3_q = MovieStim3(__class__=<class 'psychopy.visual.movie3.MovieStim3'>, autoLog=True, color=UNKNOWN, colorSpace=UNKNOWN, depth=-5.0, filename='stims/wedding-16.3b.mp4', flipHoriz=False, flipVert=False, fps=UNKNOWN, interpolate=True, loop=False, name='vid3_q', noAudio=False, opacity=1.0, ori=0, pos=array([0., 0.]), size=array([1280.,  720.]), units='pix', vframe_callback=UNKNOWN, volume=UNKNOWN, win=Window(...))
660.4806 	EXP 	Created vid4_q = MovieStim3(__class__=<class 'psychopy.visual.movie3.MovieStim3'>, autoLog=True, color=UNKNOWN, colorSpace=UNKNOWN, depth=-7.0, filename='stims/wedding-16.4b.mp4', flipHoriz=False, flipVert=False, fps=UNKNOWN, interpolate=True, loop=False, name='vid4_q', noAudio=False, opacity=1.0, ori=0, pos=array([0., 0.]), size=array([1280.,  720.]), units='pix', vframe_callback=UNKNOWN, volume=UNKNOWN, win=Window(...))
660.8696 	EXP 	Created vid5_q = MovieStim3(__class__=<class 'psychopy.visual.movie3.MovieStim3'>, autoLog=True, color=UNKNOWN, colorSpace=UNKNOWN, depth=-8.0, filename='stims/wedding-16.5.mp4', flipHoriz=False, flipVert=False, fps=UNKNOWN, interpolate=True, loop=False, name='vid5_q', noAudio=False, opacity=1.0, ori=0, pos=array([0., 0.]), size=array([1280.,  720.]), units='pix', vframe_callback=UNKNOWN, volume=UNKNOWN, win=Window(...))
661.1832 	EXP 	window1: recordFrameIntervals = False
661.1864 	DATA 	Keypress: equal
661.1889 	DATA 	Keypress: equal
661.1996 	EXP 	vid1a: autoDraw = False
661.1996 	EXP 	vid1b: autoDraw = False
661.1996 	EXP 	vid2: autoDraw = False
661.1996 	EXP 	vid3: autoDraw = False
661.1996 	EXP 	vid4: autoDraw = False
661.1996 	EXP 	vid5: autoDraw = False
661.1996 	EXP 	vid1a_q: movie = 'stims/wedding-16.1a.mp4'
661.1996 	EXP 	vid1a_q: autoLog = True
661.1996 	EXP 	vid1b_q: movie = 'stims/wedding-16.1b.mp4'
661.1996 	EXP 	vid1b_q: autoLog = True
661.1996 	EXP 	vid2_q: movie = 'stims/wedding-16.2b.mp4'
661.1996 	EXP 	vid2_q: autoLog = True
661.1996 	EXP 	vid3_q: movie = 'stims/wedding-16.3b.mp4'
661.1996 	EXP 	vid3_q: autoLog = True
661.1996 	EXP 	vid4_q: movie = 'stims/wedding-16.4b.mp4'
661.1996 	EXP 	vid4_q: autoLog = True
661.1996 	EXP 	vid5_q: movie = 'stims/wedding-16.5.mp4'
661.1996 	EXP 	vid5_q: autoLog = True
661.1996 	EXP 	vid1a_q: autoDraw = False
661.1996 	EXP 	vid1b_q: autoDraw = False
661.1996 	EXP 	vid2_q: autoDraw = False
661.1996 	EXP 	l2q: autoDraw = False
661.1996 	EXP 	vid3_q: autoDraw = False
661.1996 	EXP 	l3q: autoDraw = False
661.1996 	EXP 	vid4_q: autoDraw = False
661.1996 	EXP 	vid5_q: autoDraw = False
661.3813 	EXP 	window1: recordFrameIntervals = False
662.9699 	DATA 	Keypress: equal
663.1843 	EXP 	eggPainting1: image = 'stimsday1details/painting16.png'
663.1843 	EXP 	eggPainting2: image = 'stimsday1details/newpainting6.png'
663.1843 	EXP 	character1: image = 'stimsday1details/newperson18.png'
663.1843 	EXP 	character2: image = 'stimsday1details/couple16.png'
663.1843 	EXP 	gift1: image = 'stimsday1details/gift16.png'
663.1843 	EXP 	gift2: image = 'stimsday1details/new18.png'
663.1843 	EXP 	themeQ1: image = 'stimsday1details/ct16.png'
663.1843 	EXP 	themeQ2: image = 'stimsday1details/t16.png'
663.1843 	EXP 	nameQ1: image = 'stimsday1details/n16.png'
663.1843 	EXP 	nameQ2: image = 'stimsday1details/cn16.png'
663.1843 	EXP 	nameQ1: autoDraw = True
663.1843 	EXP 	nameQ2: autoDraw = True
663.5673 	DATA 	Keypress: equal
663.7669 	DATA 	Keypress: 1
665.0674 	DATA 	Keypress: equal
665.1825 	EXP 	nameQ1: autoDraw = False
665.1825 	EXP 	nameQ2: autoDraw = False
665.1825 	EXP 	nameQ1: autoDraw = False
665.1825 	EXP 	nameQ2: autoDraw = False
665.1825 	EXP 	eggPainting1: autoDraw = True
665.1825 	EXP 	eggPainting2: autoDraw = True
665.8348 	DATA 	Keypress: 1
666.5670 	DATA 	Keypress: equal
667.1919 	EXP 	eggPainting1: autoDraw = False
667.1919 	EXP 	eggPainting2: autoDraw = False
667.1919 	EXP 	eggPainting1: autoDraw = False
667.1919 	EXP 	eggPainting2: autoDraw = False
667.1919 	EXP 	character1: autoDraw = True
667.1919 	EXP 	character2: autoDraw = True
668.0723 	DATA 	Keypress: equal
668.1433 	DATA 	Keypress: 2
669.1875 	EXP 	character1: autoDraw = False
669.1875 	EXP 	character2: autoDraw = False
669.1875 	EXP 	character1: autoDraw = False
669.1875 	EXP 	character2: autoDraw = False
669.1875 	EXP 	themeQ1: autoDraw = True
669.1875 	EXP 	themeQ2: autoDraw = True
669.5589 	DATA 	Keypress: equal
669.9726 	DATA 	Keypress: 2
671.0593 	DATA 	Keypress: equal
671.1871 	EXP 	themeQ1: autoDraw = False
671.1871 	EXP 	themeQ2: autoDraw = False
671.1871 	EXP 	themeQ1: autoDraw = False
671.1871 	EXP 	themeQ2: autoDraw = False
671.1871 	EXP 	gift1: autoDraw = True
671.1871 	EXP 	gift2: autoDraw = True
671.9542 	DATA 	Keypress: 1
672.5671 	DATA 	Keypress: equal
673.1818 	EXP 	gift1: autoDraw = False
673.1818 	EXP 	gift2: autoDraw = False
673.1818 	EXP 	gift1: autoDraw = False
673.1818 	EXP 	gift2: autoDraw = False
673.1818 	EXP 	northorsouth1: autoDraw = True
673.1818 	EXP 	northorsouth2: autoDraw = True
673.9717 	DATA 	Keypress: 1
674.0716 	DATA 	Keypress: equal
675.4697 	EXP 	New trial (rep=0, index=5): OrderedDict([('condsFile', 'videoBlock_schemaN_pathA_5.csv')])
675.4826 	EXP 	Imported videoBlock_schemaN_pathA_5.csv as conditions, 1 conditions, 17 params
675.4830 	EXP 	Created sequence: random, trialTypes=1, nReps=1, seed=None
675.4838 	EXP 	New trial (rep=0, index=0): OrderedDict([('northOrSouth', 'north.png'), ('stimFile1a', 'stims/wedding-15.1a.mp4'), ('stimFile1b', 'stims/wedding-15.1b.mp4'), ('stimFile2', 'stims/wedding-15.2a.mp4'), ('stimFile3', 'stims/wedding-15.3a.mp4'), ('stimFile4', 'stims/wedding-15.4a.mp4'), ('stimFile5', 'stims/wedding-15.5.mp4'), ('QeggPainting1', 'stimsday1details/egg15.png'), ('Qcharacter1', 'stimsday1details/couple15.png'), ('Qgift1', 'stimsday1details/gift15.png'), ('QeggPainting2', 'stimsday1details/newegg5.png'), ('Qcharacter2', 'stimsday1details/newperson5.png'), ('Qgift2', 'stimsday1details/new5.png'), ('Qname1', 'stimsday1details/n15.png'), ('Qtheme1', 'stimsday1details/t15.png'), ('Qname2', 'stimsday1details/cn15.png'), ('Qtheme2', 'stimsday1details/ct15.png')])
675.4997 	EXP 	northorsouth1: autoDraw = False
675.4997 	EXP 	northorsouth2: autoDraw = False
675.4997 	EXP 	northorsouth1: autoDraw = False
675.4997 	EXP 	northorsouth2: autoDraw = False
675.4997 	EXP 	image_3: autoDraw = True
675.5676 	DATA 	Keypress: equal
677.0672 	DATA 	Keypress: equal
677.4832 	EXP 	Created sequence: random, trialTypes=1, nReps=1, seed=None
677.4835 	EXP 	New trial (rep=0, index=0): None
677.9373 	EXP 	Created vid1a = MovieStim3(__class__=<class 'psychopy.visual.movie3.MovieStim3'>, autoLog=True, color=UNKNOWN, colorSpace=UNKNOWN, depth=-1.0, filename='stims/wedding-15.1a.mp4', flipHoriz=False, flipVert=False, fps=UNKNOWN, interpolate=True, loop=False, name='vid1a', noAudio=False, opacity=1.0, ori=0, pos=array([0., 0.]), size=array([1280.,  720.]), units='pix', vframe_callback=UNKNOWN, volume=UNKNOWN, win=Window(...))
678.3459 	EXP 	Created vid1b = MovieStim3(__class__=<class 'psychopy.visual.movie3.MovieStim3'>, autoLog=True, color=UNKNOWN, colorSpace=UNKNOWN, depth=-2.0, filename='stims/wedding-15.1b.mp4', flipHoriz=False, flipVert=False, fps=UNKNOWN, interpolate=True, loop=False, name='vid1b', noAudio=False, opacity=1.0, ori=0, pos=array([0., 0.]), size=array([1280.,  720.]), units='pix', vframe_callback=UNKNOWN, volume=UNKNOWN, win=Window(...))
678.8206 	EXP 	Created vid2 = MovieStim3(__class__=<class 'psychopy.visual.movie3.MovieStim3'>, autoLog=True, color=UNKNOWN, colorSpace=UNKNOWN, depth=-3.0, filename='stims/wedding-15.2a.mp4', flipHoriz=False, flipVert=False, fps=UNKNOWN, interpolate=True, loop=False, name='vid2', noAudio=False, opacity=1.0, ori=0, pos=array([0., 0.]), size=array([1280.,  720.]), units='pix', vframe_callback=UNKNOWN, volume=UNKNOWN, win=Window(...))
679.2981 	EXP 	Created vid3 = MovieStim3(__class__=<class 'psychopy.visual.movie3.MovieStim3'>, autoLog=True, color=UNKNOWN, colorSpace=UNKNOWN, depth=-4.0, filename='stims/wedding-15.3a.mp4', flipHoriz=False, flipVert=False, fps=UNKNOWN, interpolate=True, loop=False, name='vid3', noAudio=False, opacity=1.0, ori=0, pos=array([0., 0.]), size=array([1280.,  720.]), units='pix', vframe_callback=UNKNOWN, volume=UNKNOWN, win=Window(...))
679.9033 	EXP 	Created vid4 = MovieStim3(__class__=<class 'psychopy.visual.movie3.MovieStim3'>, autoLog=True, color=UNKNOWN, colorSpace=UNKNOWN, depth=-5.0, filename='stims/wedding-15.4a.mp4', flipHoriz=False, flipVert=False, fps=UNKNOWN, interpolate=True, loop=False, name='vid4', noAudio=False, opacity=1.0, ori=0, pos=array([0., 0.]), size=array([1280.,  720.]), units='pix', vframe_callback=UNKNOWN, volume=UNKNOWN, win=Window(...))
680.3494 	EXP 	Created vid5 = MovieStim3(__class__=<class 'psychopy.visual.movie3.MovieStim3'>, autoLog=True, color=UNKNOWN, colorSpace=UNKNOWN, depth=-6.0, filename='stims/wedding-15.5.mp4', flipHoriz=False, flipVert=False, fps=UNKNOWN, interpolate=True, loop=False, name='vid5', noAudio=False, opacity=1.0, ori=0, pos=array([0., 0.]), size=array([1280.,  720.]), units='pix', vframe_callback=UNKNOWN, volume=UNKNOWN, win=Window(...))
680.8450 	EXP 	Created sequence: random, trialTypes=1, nReps=1, seed=None
680.8453 	EXP 	New trial (rep=0, index=0): None
681.2652 	EXP 	Created vid1a_q = MovieStim3(__class__=<class 'psychopy.visual.movie3.MovieStim3'>, autoLog=True, color=UNKNOWN, colorSpace=UNKNOWN, depth=-1.0, filename='stims/wedding-15.1a.mp4', flipHoriz=False, flipVert=False, fps=UNKNOWN, interpolate=True, loop=False, name='vid1a_q', noAudio=False, opacity=1.0, ori=0, pos=array([0., 0.]), size=array([1280.,  720.]), units='pix', vframe_callback=UNKNOWN, volume=UNKNOWN, win=Window(...))
681.6461 	EXP 	Created vid1b_q = MovieStim3(__class__=<class 'psychopy.visual.movie3.MovieStim3'>, autoLog=True, color=UNKNOWN, colorSpace=UNKNOWN, depth=-2.0, filename='stims/wedding-15.1b.mp4', flipHoriz=False, flipVert=False, fps=UNKNOWN, interpolate=True, loop=False, name='vid1b_q', noAudio=False, opacity=1.0, ori=0, pos=array([0., 0.]), size=array([1280.,  720.]), units='pix', vframe_callback=UNKNOWN, volume=UNKNOWN, win=Window(...))
682.1174 	EXP 	Created vid2_q = MovieStim3(__class__=<class 'psychopy.visual.movie3.MovieStim3'>, autoLog=True, color=UNKNOWN, colorSpace=UNKNOWN, depth=-3.0, filename='stims/wedding-15.2a.mp4', flipHoriz=False, flipVert=False, fps=UNKNOWN, interpolate=True, loop=False, name='vid2_q', noAudio=False, opacity=1.0, ori=0, pos=array([0., 0.]), size=array([1280.,  720.]), units='pix', vframe_callback=UNKNOWN, volume=UNKNOWN, win=Window(...))
682.5860 	EXP 	Created vid3_q = MovieStim3(__class__=<class 'psychopy.visual.movie3.MovieStim3'>, autoLog=True, color=UNKNOWN, colorSpace=UNKNOWN, depth=-5.0, filename='stims/wedding-15.3a.mp4', flipHoriz=False, flipVert=False, fps=UNKNOWN, interpolate=True, loop=False, name='vid3_q', noAudio=False, opacity=1.0, ori=0, pos=array([0., 0.]), size=array([1280.,  720.]), units='pix', vframe_callback=UNKNOWN, volume=UNKNOWN, win=Window(...))
683.1202 	EXP 	Created vid4_q = MovieStim3(__class__=<class 'psychopy.visual.movie3.MovieStim3'>, autoLog=True, color=UNKNOWN, colorSpace=UNKNOWN, depth=-7.0, filename='stims/wedding-15.4a.mp4', flipHoriz=False, flipVert=False, fps=UNKNOWN, interpolate=True, loop=False, name='vid4_q', noAudio=False, opacity=1.0, ori=0, pos=array([0., 0.]), size=array([1280.,  720.]), units='pix', vframe_callback=UNKNOWN, volume=UNKNOWN, win=Window(...))
683.5270 	EXP 	Created vid5_q = MovieStim3(__class__=<class 'psychopy.visual.movie3.MovieStim3'>, autoLog=True, color=UNKNOWN, colorSpace=UNKNOWN, depth=-8.0, filename='stims/wedding-15.5.mp4', flipHoriz=False, flipVert=False, fps=UNKNOWN, interpolate=True, loop=False, name='vid5_q', noAudio=False, opacity=1.0, ori=0, pos=array([0., 0.]), size=array([1280.,  720.]), units='pix', vframe_callback=UNKNOWN, volume=UNKNOWN, win=Window(...))
683.6465 	EXP 	window1: recordFrameIntervals = False
683.6503 	DATA 	Keypress: equal
683.6528 	DATA 	Keypress: equal
683.6555 	DATA 	Keypress: equal
683.6576 	DATA 	Keypress: equal
683.6660 	EXP 	image_3: autoDraw = False
683.6660 	EXP 	image_3: autoDraw = False
683.6660 	EXP 	vid1a: movie = 'stims/wedding-15.1a.mp4'
683.6660 	EXP 	vid1a: autoLog = True
683.6660 	EXP 	vid1b: movie = 'stims/wedding-15.1b.mp4'
683.6660 	EXP 	vid1b: autoLog = True
683.6660 	EXP 	vid2: movie = 'stims/wedding-15.2a.mp4'
683.6660 	EXP 	vid2: autoLog = True
683.6660 	EXP 	vid3: movie = 'stims/wedding-15.3a.mp4'
683.6660 	EXP 	vid3: autoLog = True
683.6660 	EXP 	vid4: movie = 'stims/wedding-15.4a.mp4'
683.6660 	EXP 	vid4: autoLog = True
683.6660 	EXP 	vid5: movie = 'stims/wedding-15.5.mp4'
683.6660 	EXP 	vid5: autoLog = True
683.6660 	EXP 	vid1a: autoDraw = False
683.6660 	EXP 	vid1b: autoDraw = False
683.6660 	EXP 	vid2: autoDraw = False
683.6660 	EXP 	vid3: autoDraw = False
683.6660 	EXP 	vid4: autoDraw = False
683.6660 	EXP 	vid5: autoDraw = False
683.6660 	EXP 	vid1a_q: movie = 'stims/wedding-15.1a.mp4'
683.6660 	EXP 	vid1a_q: autoLog = True
683.6660 	EXP 	vid1b_q: movie = 'stims/wedding-15.1b.mp4'
683.6660 	EXP 	vid1b_q: autoLog = True
683.6660 	EXP 	vid2_q: movie = 'stims/wedding-15.2a.mp4'
683.6660 	EXP 	vid2_q: autoLog = True
683.6660 	EXP 	vid3_q: movie = 'stims/wedding-15.3a.mp4'
683.6660 	EXP 	vid3_q: autoLog = True
683.6660 	EXP 	vid4_q: movie = 'stims/wedding-15.4a.mp4'
683.6660 	EXP 	vid4_q: autoLog = True
683.6660 	EXP 	vid5_q: movie = 'stims/wedding-15.5.mp4'
683.6660 	EXP 	vid5_q: autoLog = True
686.3781 	EXP 	window1: recordFrameIntervals = False
688.4339 	DATA 	Keypress: equal
688.4362 	DATA 	Keypress: equal
688.4382 	DATA 	Keypress: equal
688.6486 	EXP 	vid1a_q: movie = 'stims/wedding-15.1a.mp4'
688.6486 	EXP 	vid1b_q: movie = 'stims/wedding-15.1b.mp4'
688.6486 	EXP 	vid2_q: movie = 'stims/wedding-15.2a.mp4'
688.6486 	EXP 	vid3_q: movie = 'stims/wedding-15.3a.mp4'
688.6486 	EXP 	vid4_q: movie = 'stims/wedding-15.4a.mp4'
688.6486 	EXP 	vid5_q: movie = 'stims/wedding-15.5.mp4'
688.6649 	EXP 	vid1a_q: autoDraw = True
689.0673 	DATA 	Keypress: equal
690.5681 	DATA 	Keypress: equal
692.0676 	DATA 	Keypress: equal
693.5675 	DATA 	Keypress: equal
695.0728 	DATA 	Keypress: equal
696.5730 	DATA 	Keypress: equal
698.0680 	DATA 	Keypress: equal
699.5670 	DATA 	Keypress: equal
701.0677 	DATA 	Keypress: equal
702.5676 	DATA 	Keypress: equal
704.0671 	DATA 	Keypress: equal
704.8658 	EXP 	vid1a_q: autoDraw = False
704.8658 	EXP 	vid1b_q: autoDraw = True
705.5677 	DATA 	Keypress: equal
707.0954 	DATA 	Keypress: equal
708.5683 	DATA 	Keypress: equal
710.0691 	DATA 	Keypress: equal
711.5692 	DATA 	Keypress: equal
713.0695 	DATA 	Keypress: equal
713.8492 	EXP 	Set vid1b_q finished
713.8657 	EXP 	vid2_q: autoDraw = True
714.5669 	DATA 	Keypress: equal
716.0687 	DATA 	Keypress: equal
717.5670 	DATA 	Keypress: equal
719.0675 	DATA 	Keypress: equal
720.5716 	DATA 	Keypress: equal
722.0717 	DATA 	Keypress: equal
723.5711 	DATA 	Keypress: equal
725.0724 	DATA 	Keypress: equal
726.5716 	DATA 	Keypress: equal
728.0671 	DATA 	Keypress: equal
729.5626 	DATA 	Keypress: equal
730.7817 	EXP 	Set vid2_q finished
730.8651 	EXP 	l2q: autoDraw = True
731.0675 	DATA 	Keypress: equal
731.8543 	DATA 	Keypress: 1
732.5660 	DATA 	Keypress: equal
734.0673 	DATA 	Keypress: equal
734.8650 	EXP 	l2q: autoDraw = False
734.8650 	EXP 	vid3_q: autoDraw = True
735.5673 	DATA 	Keypress: equal
737.0714 	DATA 	Keypress: equal
738.5720 	DATA 	Keypress: equal
740.0579 	DATA 	Keypress: equal
741.5574 	DATA 	Keypress: equal
743.0583 	DATA 	Keypress: equal
744.5587 	DATA 	Keypress: equal
746.0589 	DATA 	Keypress: equal
747.5580 	DATA 	Keypress: equal
749.0666 	DATA 	Keypress: equal
750.5583 	DATA 	Keypress: equal
752.0662 	DATA 	Keypress: equal
753.5579 	DATA 	Keypress: equal
755.0665 	DATA 	Keypress: equal
756.5667 	DATA 	Keypress: equal
757.8688 	EXP 	vid3_q: autoDraw = False
757.8688 	EXP 	l3q: autoDraw = True
758.0711 	DATA 	Keypress: equal
758.7331 	DATA 	Keypress: 1
759.5661 	DATA 	Keypress: equal
761.0664 	DATA 	Keypress: equal
761.8646 	EXP 	l3q: autoDraw = False
761.8646 	EXP 	vid4_q: autoDraw = True
762.5701 	DATA 	Keypress: equal
764.0699 	DATA 	Keypress: equal
765.5704 	DATA 	Keypress: equal
767.0722 	DATA 	Keypress: equal
768.5677 	DATA 	Keypress: equal
770.0617 	DATA 	Keypress: equal
771.5566 	DATA 	Keypress: equal
773.0578 	DATA 	Keypress: equal
774.5576 	DATA 	Keypress: equal
776.0567 	DATA 	Keypress: equal
777.5901 	DATA 	Keypress: equal
779.0565 	DATA 	Keypress: equal
780.5628 	DATA 	Keypress: equal
782.0584 	DATA 	Keypress: equal
783.5615 	DATA 	Keypress: equal
785.0668 	DATA 	Keypress: equal
785.8484 	EXP 	vid4_q: autoDraw = False
785.8640 	EXP 	vid5_q: autoDraw = True
786.5709 	DATA 	Keypress: equal
788.0663 	DATA 	Keypress: equal
789.5660 	DATA 	Keypress: equal
791.0663 	DATA 	Keypress: equal
792.5654 	DATA 	Keypress: equal
794.0570 	DATA 	Keypress: equal
795.5580 	DATA 	Keypress: equal
797.0571 	DATA 	Keypress: equal
798.5576 	DATA 	Keypress: equal
799.1450 	EXP 	window1: recordFrameIntervals = False
799.1489 	EXP 	vid5_q: autoDraw = False
799.1489 	EXP 	vid1a_q: autoDraw = False
799.1489 	EXP 	vid1b_q: autoDraw = False
799.1489 	EXP 	vid2_q: autoDraw = False
799.1489 	EXP 	l2q: autoDraw = False
799.1489 	EXP 	vid3_q: autoDraw = False
799.1489 	EXP 	l3q: autoDraw = False
799.1489 	EXP 	vid4_q: autoDraw = False
799.1489 	EXP 	vid5_q: autoDraw = False
799.3629 	EXP 	window1: recordFrameIntervals = False
800.9310 	DATA 	Keypress: equal
801.1473 	EXP 	eggPainting1: image = 'stimsday1details/egg15.png'
801.1473 	EXP 	eggPainting2: image = 'stimsday1details/newegg5.png'
801.1473 	EXP 	character1: image = 'stimsday1details/couple15.png'
801.1473 	EXP 	character2: image = 'stimsday1details/newperson5.png'
801.1473 	EXP 	gift1: image = 'stimsday1details/gift15.png'
801.1473 	EXP 	gift2: image = 'stimsday1details/new5.png'
801.1473 	EXP 	themeQ1: image = 'stimsday1details/t15.png'
801.1473 	EXP 	themeQ2: image = 'stimsday1details/ct15.png'
801.1473 	EXP 	nameQ1: image = 'stimsday1details/n15.png'
801.1473 	EXP 	nameQ2: image = 'stimsday1details/cn15.png'
801.1473 	EXP 	nameQ1: autoDraw = True
801.1473 	EXP 	nameQ2: autoDraw = True
801.5668 	DATA 	Keypress: equal
801.8833 	DATA 	Keypress: 1
803.0653 	DATA 	Keypress: equal
803.1466 	EXP 	nameQ1: autoDraw = False
803.1466 	EXP 	nameQ2: autoDraw = False
803.1466 	EXP 	nameQ1: autoDraw = False
803.1466 	EXP 	nameQ2: autoDraw = False
803.1466 	EXP 	eggPainting1: autoDraw = True
803.1466 	EXP 	eggPainting2: autoDraw = True
803.8160 	DATA 	Keypress: 1
804.5540 	DATA 	Keypress: equal
805.1477 	EXP 	eggPainting1: autoDraw = False
805.1477 	EXP 	eggPainting2: autoDraw = False
805.1477 	EXP 	eggPainting1: autoDraw = False
805.1477 	EXP 	eggPainting2: autoDraw = False
805.1477 	EXP 	character1: autoDraw = True
805.1477 	EXP 	character2: autoDraw = True
805.9485 	DATA 	Keypress: 1
806.0709 	DATA 	Keypress: equal
807.1469 	EXP 	character1: autoDraw = False
807.1469 	EXP 	character2: autoDraw = False
807.1469 	EXP 	character1: autoDraw = False
807.1469 	EXP 	character2: autoDraw = False
807.1469 	EXP 	themeQ1: autoDraw = True
807.1469 	EXP 	themeQ2: autoDraw = True
807.5657 	DATA 	Keypress: equal
808.4033 	DATA 	Keypress: 1
809.0649 	DATA 	Keypress: equal
809.1477 	EXP 	themeQ1: autoDraw = False
809.1477 	EXP 	themeQ2: autoDraw = False
809.1477 	EXP 	themeQ1: autoDraw = False
809.1477 	EXP 	themeQ2: autoDraw = False
809.1477 	EXP 	gift1: autoDraw = True
809.1477 	EXP 	gift2: autoDraw = True
809.9693 	DATA 	Keypress: 1
810.5698 	DATA 	Keypress: equal
811.1466 	EXP 	gift1: autoDraw = False
811.1466 	EXP 	gift2: autoDraw = False
811.1466 	EXP 	gift1: autoDraw = False
811.1466 	EXP 	gift2: autoDraw = False
811.1466 	EXP 	northorsouth1: autoDraw = True
811.1466 	EXP 	northorsouth2: autoDraw = True
811.8993 	DATA 	Keypress: 1
812.0703 	DATA 	Keypress: equal
813.4810 	EXP 	northorsouth1: autoDraw = False
813.4810 	EXP 	northorsouth2: autoDraw = False
813.4810 	EXP 	northorsouth1: autoDraw = False
813.4810 	EXP 	northorsouth2: autoDraw = False
813.7872 	EXP 	window1: mouseVisible = True
