1.8454 	WARNING 	Import Error: No module named 'psychtoolbox'. Using event module for keyboard component.
3.7606 	WARNING 	User requested fullscreen with size [2560 1440], but screen is actually [1920, 1080]. Using actual size
4.3870 	EXP 	Created window1 = Window(allowGUI=False, allowStencil=False, args=UNKNOWN, autoLog=True, bitsMode=UNKNOWN, blendMode='avg', color=array([0., 0., 0.]), colorSpace='rgb', fullscr=<method-wrapper '__getattribute__' of attributeSetter object at 0x132327b320>, gamma=None, kwargs=UNKNOWN, lms=UNKNOWN, monitor=<psychopy.monitors.calibTools.Monitor object at 0x1324f3fe48>, multiSample=False, name='window1', numSamples=2, pos=[0.0, 0.0], screen=0, size=array([1920, 1080]), stereo=False, units='norm', useFBO=True, useRetina=False, viewOri=0.0, viewPos=None, viewScale=None, waitBlanking=True, winType='pyglet')
4.3871 	EXP 	window1: recordFrameIntervals = False
4.5530 	EXP 	window1: recordFrameIntervals = True
4.7365 	EXP 	window1: recordFrameIntervals = False
4.8595 	EXP 	Created text = TextStim(__class__=<class 'psychopy.visual.text.TextStim'>, alignHoriz='center', alignVert='center', antialias=True, autoLog=True, bold=False, color='white', colorSpace='named', contrast=1.0, depth=0.0, flipHoriz=False, flipVert=False, font='Arial', fontFiles=[], height=0.1, italic=False, languageStyle='LTR', name='text', opacity=1.0, ori=0, pos=array([0., 0.]), rgb=array([255., 255., 255.]), text='Waiting for experimenter...', units='norm', win=Window(...), wrapWidth=1)
4.8690 	EXP 	Created waiting = TextStim(__class__=<class 'psychopy.visual.text.TextStim'>, alignHoriz='center', alignVert='center', antialias=True, autoLog=True, bold=False, color='white', colorSpace='named', contrast=1.0, depth=0.0, flipHoriz=False, flipVert=False, font='Arial', fontFiles=[], height=0.1, italic=False, languageStyle='LTR', name='waiting', opacity=1.0, ori=0, pos=array([0., 0.]), rgb=array([255., 255., 255.]), text='waiting for scanner', units='norm', win=Window(...), wrapWidth=1)
4.8898 	EXP 	Created image_2 = ImageStim(__class__=<class 'psychopy.visual.image.ImageStim'>, autoLog=True, color=array([1., 1., 1.]), colorSpace='rgb', contrast=1.0, depth=0.0, flipHoriz=False, flipVert=False, image='south.png', interpolate=True, mask=None, maskParams=None, name='image_2', opacity=1.0, ori=0.0, pos=array([0., 0.]), size=array([0.5, 0.5]), texRes=128, units='norm', win=Window(...))
4.8957 	EXP 	Created image = ImageStim(__class__=<class 'psychopy.visual.image.ImageStim'>, autoLog=True, color=array([1., 1., 1.]), colorSpace='rgb', contrast=1.0, depth=-8.0, flipHoriz=False, flipVert=False, image='sin', interpolate=True, mask=None, maskParams=None, name='image', opacity=1.0, ori=0.0, pos=array([0., 0.]), size=array([0.5, 0.5]), texRes=128, units='norm', win=Window(...))
4.9079 	EXP 	Created l2q = ImageStim(__class__=<class 'psychopy.visual.image.ImageStim'>, autoLog=True, color=array([1., 1., 1.]), colorSpace='rgb', contrast=1.0, depth=-4.0, flipHoriz=False, flipVert=False, image='LAYER2Q.png', interpolate=True, mask=None, maskParams=None, name='l2q', opacity=1.0, ori=0.0, pos=array([0., 0.]), size=array([0.5, 0.5]), texRes=128, units='norm', win=Window(...))
4.9186 	EXP 	Created l3q = ImageStim(__class__=<class 'psychopy.visual.image.ImageStim'>, autoLog=True, color=array([1., 1., 1.]), colorSpace='rgb', contrast=1.0, depth=-6.0, flipHoriz=False, flipVert=False, image='LAYER3Q.png', interpolate=True, mask=None, maskParams=None, name='l3q', opacity=1.0, ori=0.0, pos=array([0., 0.]), size=array([0.5, 0.5]), texRes=128, units='norm', win=Window(...))
4.9210 	EXP 	Created reveal = ImageStim(__class__=<class 'psychopy.visual.image.ImageStim'>, autoLog=True, color=array([1., 1., 1.]), colorSpace='rgb', contrast=1.0, depth=-12.0, flipHoriz=False, flipVert=False, image='sin', interpolate=True, mask=None, maskParams=None, name='reveal', opacity=1.0, ori=0.0, pos=array([0., 0.]), size=array([0.5, 0.5]), texRes=128, units='norm', win=Window(...))
4.9234 	EXP 	Created nameQ1 = ImageStim(__class__=<class 'psychopy.visual.image.ImageStim'>, autoLog=True, color=array([1., 1., 1.]), colorSpace='rgb', contrast=1.0, depth=-1.0, flipHoriz=False, flipVert=False, image='sin', interpolate=True, mask=None, maskParams=None, name='nameQ1', opacity=1.0, ori=0.0, pos=array([-0.5, -0.2]), size=array([0.5, 0.5]), texRes=128, units='norm', win=Window(...))
4.9258 	EXP 	Created nameQ2 = ImageStim(__class__=<class 'psychopy.visual.image.ImageStim'>, autoLog=True, color=array([1., 1., 1.]), colorSpace='rgb', contrast=1.0, depth=-2.0, flipHoriz=False, flipVert=False, image='sin', interpolate=True, mask=None, maskParams=None, name='nameQ2', opacity=1.0, ori=0.0, pos=array([ 0.5, -0.2]), size=array([0.5, 0.5]), texRes=128, units='norm', win=Window(...))
4.9282 	EXP 	Created eggPainting1 = ImageStim(__class__=<class 'psychopy.visual.image.ImageStim'>, autoLog=True, color=array([1., 1., 1.]), colorSpace='rgb', contrast=1.0, depth=0.0, flipHoriz=False, flipVert=False, image='sin', interpolate=True, mask=None, maskParams=None, name='eggPainting1', opacity=1.0, ori=0.0, pos=array([-0.5, -0.2]), size=array([0.7, 1. ]), texRes=128, units='norm', win=Window(...))
4.9305 	EXP 	Created eggPainting2 = ImageStim(__class__=<class 'psychopy.visual.image.ImageStim'>, autoLog=True, color=array([1., 1., 1.]), colorSpace='rgb', contrast=1.0, depth=-2.0, flipHoriz=False, flipVert=False, image='sin', interpolate=True, mask=None, maskParams=None, name='eggPainting2', opacity=1.0, ori=0.0, pos=array([ 0.5, -0.2]), size=array([0.7, 1. ]), texRes=128, units='norm', win=Window(...))
4.9329 	EXP 	Created character1 = ImageStim(__class__=<class 'psychopy.visual.image.ImageStim'>, autoLog=True, color=array([1., 1., 1.]), colorSpace='rgb', contrast=1.0, depth=0.0, flipHoriz=False, flipVert=False, image='sin', interpolate=True, mask=None, maskParams=None, name='character1', opacity=1.0, ori=0.0, pos=array([-0.5, -0.2]), size=array([0.5, 1. ]), texRes=128, units='norm', win=Window(...))
4.9352 	EXP 	Created character2 = ImageStim(__class__=<class 'psychopy.visual.image.ImageStim'>, autoLog=True, color=array([1., 1., 1.]), colorSpace='rgb', contrast=1.0, depth=-1.0, flipHoriz=False, flipVert=False, image='sin', interpolate=True, mask=None, maskParams=None, name='character2', opacity=1.0, ori=0.0, pos=array([ 0.5, -0.2]), size=array([0.5, 1. ]), texRes=128, units='norm', win=Window(...))
4.9376 	EXP 	Created themeQ1 = ImageStim(__class__=<class 'psychopy.visual.image.ImageStim'>, autoLog=True, color=array([1., 1., 1.]), colorSpace='rgb', contrast=1.0, depth=-1.0, flipHoriz=False, flipVert=False, image='sin', interpolate=True, mask=None, maskParams=None, name='themeQ1', opacity=1.0, ori=0.0, pos=array([-0.5, -0.2]), size=array([0.5, 0.5]), texRes=128, units='norm', win=Window(...))
4.9400 	EXP 	Created themeQ2 = ImageStim(__class__=<class 'psychopy.visual.image.ImageStim'>, autoLog=True, color=array([1., 1., 1.]), colorSpace='rgb', contrast=1.0, depth=-2.0, flipHoriz=False, flipVert=False, image='sin', interpolate=True, mask=None, maskParams=None, name='themeQ2', opacity=1.0, ori=0.0, pos=array([ 0.5, -0.2]), size=array([0.5, 0.5]), texRes=128, units='norm', win=Window(...))
4.9424 	EXP 	Created gift1 = ImageStim(__class__=<class 'psychopy.visual.image.ImageStim'>, autoLog=True, color=array([1., 1., 1.]), colorSpace='rgb', contrast=1.0, depth=0.0, flipHoriz=False, flipVert=False, image='sin', interpolate=True, mask=None, maskParams=None, name='gift1', opacity=1.0, ori=0.0, pos=array([-0.5, -0.2]), size=array([0.5, 0.5]), texRes=128, units='norm', win=Window(...))
4.9447 	EXP 	Created gift2 = ImageStim(__class__=<class 'psychopy.visual.image.ImageStim'>, autoLog=True, color=array([1., 1., 1.]), colorSpace='rgb', contrast=1.0, depth=-1.0, flipHoriz=False, flipVert=False, image='sin', interpolate=True, mask=None, maskParams=None, name='gift2', opacity=1.0, ori=0.0, pos=array([ 0.5, -0.2]), size=array([0.5, 0.5]), texRes=128, units='norm', win=Window(...))
4.9483 	EXP 	Created northorsouth1 = ImageStim(__class__=<class 'psychopy.visual.image.ImageStim'>, autoLog=True, color=array([1., 1., 1.]), colorSpace='rgb', contrast=1.0, depth=0.0, flipHoriz=False, flipVert=False, image='northorsouth1.png', interpolate=True, mask=None, maskParams=None, name='northorsouth1', opacity=1.0, ori=0.0, pos=array([-0.5, -0.2]), size=array([0.5, 0.5]), texRes=128, units='norm', win=Window(...))
4.9517 	EXP 	Created northorsouth2 = ImageStim(__class__=<class 'psychopy.visual.image.ImageStim'>, autoLog=True, color=array([1., 1., 1.]), colorSpace='rgb', contrast=1.0, depth=-2.0, flipHoriz=False, flipVert=False, image='northorsouth2.png', interpolate=True, mask=None, maskParams=None, name='northorsouth2', opacity=1.0, ori=0.0, pos=array([ 0.5, -0.2]), size=array([0.5, 0.5]), texRes=128, units='norm', win=Window(...))
4.9695 	EXP 	text: autoDraw = True
5.4569 	DATA 	Keypress: g
5.4696 	EXP 	text: autoDraw = False
5.4696 	EXP 	waiting: autoDraw = True
28.1378 	DATA 	Keypress: equal
28.1461 	EXP 	Imported chooseBlock4.csv as conditions, 6 conditions, 1 params
28.1466 	EXP 	Created sequence: random, trialTypes=6, nReps=1, seed=None
28.1469 	EXP 	New trial (rep=0, index=0): OrderedDict([('condsFile', 'videoBlock_schemaS_pathA_6.csv')])
28.1592 	EXP 	Imported videoBlock_schemaS_pathA_6.csv as conditions, 1 conditions, 17 params
28.1595 	EXP 	Created sequence: random, trialTypes=1, nReps=1, seed=None
28.1602 	EXP 	New trial (rep=0, index=0): OrderedDict([('northOrSouth', 'south.png'), ('stimFile1a', 'stims/wedding-30.1a.mp4'), ('stimFile1b', 'stims/wedding-30.1b.mp4'), ('stimFile2', 'stims/wedding-30.2a.mp4'), ('stimFile3', 'stims/wedding-30.3b.mp4'), ('stimFile4', 'stims/wedding-30.4a.mp4'), ('stimFile5', 'stims/wedding-30.5.mp4'), ('QeggPainting1', 'stimsday1details/newegg12.png'), ('Qcharacter1', 'stimsday1details/couple30.png'), ('Qgift1', 'stimsday1details/new12.png'), ('QeggPainting2', 'stimsday1details/egg30.png'), ('Qcharacter2', 'stimsday1details/newperson12.png'), ('Qgift2', 'stimsday1details/gift30.png'), ('Qname1', 'stimsday1details/n30.png'), ('Qtheme1', 'stimsday1details/t30.png'), ('Qname2', 'stimsday1details/cn30.png'), ('Qtheme2', 'stimsday1details/ct30.png')])
28.1717 	EXP 	waiting: autoDraw = False
28.1717 	EXP 	image_2: autoDraw = True
29.6378 	DATA 	Keypress: equal
30.1535 	EXP 	Created sequence: random, trialTypes=1, nReps=1, seed=None
30.1538 	EXP 	New trial (rep=0, index=0): None
30.7505 	EXP 	Created vid1a = MovieStim3(__class__=<class 'psychopy.visual.movie3.MovieStim3'>, autoLog=True, color=UNKNOWN, colorSpace=UNKNOWN, depth=-1.0, filename='stims/wedding-30.1a.mp4', flipHoriz=False, flipVert=False, fps=UNKNOWN, interpolate=True, loop=False, name='vid1a', noAudio=False, opacity=1.0, ori=0, pos=array([0., 0.]), size=array([1280.,  720.]), units='pix', vframe_callback=UNKNOWN, volume=UNKNOWN, win=Window(...))
31.1114 	EXP 	Created vid1b = MovieStim3(__class__=<class 'psychopy.visual.movie3.MovieStim3'>, autoLog=True, color=UNKNOWN, colorSpace=UNKNOWN, depth=-2.0, filename='stims/wedding-30.1b.mp4', flipHoriz=False, flipVert=False, fps=UNKNOWN, interpolate=True, loop=False, name='vid1b', noAudio=False, opacity=1.0, ori=0, pos=array([0., 0.]), size=array([1280.,  720.]), units='pix', vframe_callback=UNKNOWN, volume=UNKNOWN, win=Window(...))
31.5740 	EXP 	Created vid2 = MovieStim3(__class__=<class 'psychopy.visual.movie3.MovieStim3'>, autoLog=True, color=UNKNOWN, colorSpace=UNKNOWN, depth=-3.0, filename='stims/wedding-30.2a.mp4', flipHoriz=False, flipVert=False, fps=UNKNOWN, interpolate=True, loop=False, name='vid2', noAudio=False, opacity=1.0, ori=0, pos=array([0., 0.]), size=array([1280.,  720.]), units='pix', vframe_callback=UNKNOWN, volume=UNKNOWN, win=Window(...))
32.1011 	EXP 	Created vid3 = MovieStim3(__class__=<class 'psychopy.visual.movie3.MovieStim3'>, autoLog=True, color=UNKNOWN, colorSpace=UNKNOWN, depth=-4.0, filename='stims/wedding-30.3b.mp4', flipHoriz=False, flipVert=False, fps=UNKNOWN, interpolate=True, loop=False, name='vid3', noAudio=False, opacity=1.0, ori=0, pos=array([0., 0.]), size=array([1280.,  720.]), units='pix', vframe_callback=UNKNOWN, volume=UNKNOWN, win=Window(...))
32.6472 	EXP 	Created vid4 = MovieStim3(__class__=<class 'psychopy.visual.movie3.MovieStim3'>, autoLog=True, color=UNKNOWN, colorSpace=UNKNOWN, depth=-5.0, filename='stims/wedding-30.4a.mp4', flipHoriz=False, flipVert=False, fps=UNKNOWN, interpolate=True, loop=False, name='vid4', noAudio=False, opacity=1.0, ori=0, pos=array([0., 0.]), size=array([1280.,  720.]), units='pix', vframe_callback=UNKNOWN, volume=UNKNOWN, win=Window(...))
33.0287 	EXP 	Created vid5 = MovieStim3(__class__=<class 'psychopy.visual.movie3.MovieStim3'>, autoLog=True, color=UNKNOWN, colorSpace=UNKNOWN, depth=-6.0, filename='stims/wedding-30.5.mp4', flipHoriz=False, flipVert=False, fps=UNKNOWN, interpolate=True, loop=False, name='vid5', noAudio=False, opacity=1.0, ori=0, pos=array([0., 0.]), size=array([1280.,  720.]), units='pix', vframe_callback=UNKNOWN, volume=UNKNOWN, win=Window(...))
33.0765 	EXP 	Created sequence: random, trialTypes=1, nReps=1, seed=None
33.0768 	EXP 	New trial (rep=0, index=0): None
33.5574 	EXP 	Created vid1a_q = MovieStim3(__class__=<class 'psychopy.visual.movie3.MovieStim3'>, autoLog=True, color=UNKNOWN, colorSpace=UNKNOWN, depth=-1.0, filename='stims/wedding-30.1a.mp4', flipHoriz=False, flipVert=False, fps=UNKNOWN, interpolate=True, loop=False, name='vid1a_q', noAudio=False, opacity=1.0, ori=0, pos=array([0., 0.]), size=array([1280.,  720.]), units='pix', vframe_callback=UNKNOWN, volume=UNKNOWN, win=Window(...))
33.9190 	EXP 	Created vid1b_q = MovieStim3(__class__=<class 'psychopy.visual.movie3.MovieStim3'>, autoLog=True, color=UNKNOWN, colorSpace=UNKNOWN, depth=-2.0, filename='stims/wedding-30.1b.mp4', flipHoriz=False, flipVert=False, fps=UNKNOWN, interpolate=True, loop=False, name='vid1b_q', noAudio=False, opacity=1.0, ori=0, pos=array([0., 0.]), size=array([1280.,  720.]), units='pix', vframe_callback=UNKNOWN, volume=UNKNOWN, win=Window(...))
34.3841 	EXP 	Created vid2_q = MovieStim3(__class__=<class 'psychopy.visual.movie3.MovieStim3'>, autoLog=True, color=UNKNOWN, colorSpace=UNKNOWN, depth=-3.0, filename='stims/wedding-30.2a.mp4', flipHoriz=False, flipVert=False, fps=UNKNOWN, interpolate=True, loop=False, name='vid2_q', noAudio=False, opacity=1.0, ori=0, pos=array([0., 0.]), size=array([1280.,  720.]), units='pix', vframe_callback=UNKNOWN, volume=UNKNOWN, win=Window(...))
34.9002 	EXP 	Created vid3_q = MovieStim3(__class__=<class 'psychopy.visual.movie3.MovieStim3'>, autoLog=True, color=UNKNOWN, colorSpace=UNKNOWN, depth=-5.0, filename='stims/wedding-30.3b.mp4', flipHoriz=False, flipVert=False, fps=UNKNOWN, interpolate=True, loop=False, name='vid3_q', noAudio=False, opacity=1.0, ori=0, pos=array([0., 0.]), size=array([1280.,  720.]), units='pix', vframe_callback=UNKNOWN, volume=UNKNOWN, win=Window(...))
35.4335 	EXP 	Created vid4_q = MovieStim3(__class__=<class 'psychopy.visual.movie3.MovieStim3'>, autoLog=True, color=UNKNOWN, colorSpace=UNKNOWN, depth=-7.0, filename='stims/wedding-30.4a.mp4', flipHoriz=False, flipVert=False, fps=UNKNOWN, interpolate=True, loop=False, name='vid4_q', noAudio=False, opacity=1.0, ori=0, pos=array([0., 0.]), size=array([1280.,  720.]), units='pix', vframe_callback=UNKNOWN, volume=UNKNOWN, win=Window(...))
35.8161 	EXP 	Created vid5_q = MovieStim3(__class__=<class 'psychopy.visual.movie3.MovieStim3'>, autoLog=True, color=UNKNOWN, colorSpace=UNKNOWN, depth=-8.0, filename='stims/wedding-30.5.mp4', flipHoriz=False, flipVert=False, fps=UNKNOWN, interpolate=True, loop=False, name='vid5_q', noAudio=False, opacity=1.0, ori=0, pos=array([0., 0.]), size=array([1280.,  720.]), units='pix', vframe_callback=UNKNOWN, volume=UNKNOWN, win=Window(...))
35.8165 	EXP 	window1: recordFrameIntervals = False
35.8206 	DATA 	Keypress: equal
35.8233 	DATA 	Keypress: equal
35.8256 	DATA 	Keypress: equal
35.8277 	DATA 	Keypress: equal
35.8400 	EXP 	image_2: autoDraw = False
35.8400 	EXP 	vid1a: movie = 'stims/wedding-30.1a.mp4'
35.8400 	EXP 	vid1a: autoLog = True
35.8400 	EXP 	vid1b: movie = 'stims/wedding-30.1b.mp4'
35.8400 	EXP 	vid1b: autoLog = True
35.8400 	EXP 	vid2: movie = 'stims/wedding-30.2a.mp4'
35.8400 	EXP 	vid2: autoLog = True
35.8400 	EXP 	vid3: movie = 'stims/wedding-30.3b.mp4'
35.8400 	EXP 	vid3: autoLog = True
35.8400 	EXP 	vid4: movie = 'stims/wedding-30.4a.mp4'
35.8400 	EXP 	vid4: autoLog = True
35.8400 	EXP 	vid5: movie = 'stims/wedding-30.5.mp4'
35.8400 	EXP 	vid5: autoLog = True
35.8400 	EXP 	vid1a: autoDraw = False
35.8400 	EXP 	vid1b: autoDraw = False
35.8400 	EXP 	vid2: autoDraw = False
35.8400 	EXP 	vid3: autoDraw = False
35.8400 	EXP 	vid4: autoDraw = False
35.8400 	EXP 	vid5: autoDraw = False
35.8400 	EXP 	image: autoDraw = False
35.8400 	EXP 	vid1a_q: movie = 'stims/wedding-30.1a.mp4'
35.8400 	EXP 	vid1a_q: autoLog = True
35.8400 	EXP 	vid1b_q: movie = 'stims/wedding-30.1b.mp4'
35.8400 	EXP 	vid1b_q: autoLog = True
35.8400 	EXP 	vid2_q: movie = 'stims/wedding-30.2a.mp4'
35.8400 	EXP 	vid2_q: autoLog = True
35.8400 	EXP 	vid3_q: movie = 'stims/wedding-30.3b.mp4'
35.8400 	EXP 	vid3_q: autoLog = True
35.8400 	EXP 	vid4_q: movie = 'stims/wedding-30.4a.mp4'
35.8400 	EXP 	vid4_q: autoLog = True
35.8400 	EXP 	vid5_q: movie = 'stims/wedding-30.5.mp4'
35.8400 	EXP 	vid5_q: autoLog = True
38.6078 	EXP 	window1: recordFrameIntervals = False
40.1046 	DATA 	Keypress: equal
40.1072 	DATA 	Keypress: equal
40.1316 	DATA 	Keypress: equal
40.3192 	EXP 	vid1a_q: movie = 'stims/wedding-30.1a.mp4'
40.3192 	EXP 	vid1b_q: movie = 'stims/wedding-30.1b.mp4'
40.3192 	EXP 	vid2_q: movie = 'stims/wedding-30.2a.mp4'
40.3192 	EXP 	vid3_q: movie = 'stims/wedding-30.3b.mp4'
40.3192 	EXP 	vid4_q: movie = 'stims/wedding-30.4a.mp4'
40.3192 	EXP 	vid5_q: movie = 'stims/wedding-30.5.mp4'
40.3192 	EXP 	reveal: image = 'south.png'
40.3358 	EXP 	vid1a_q: autoDraw = True
40.3358 	EXP 	reveal: autoDraw = True
40.3358 	EXP 	reveal: autoDraw = False
41.6379 	DATA 	Keypress: equal
43.1381 	DATA 	Keypress: equal
44.6377 	DATA 	Keypress: equal
46.1380 	DATA 	Keypress: equal
47.6380 	DATA 	Keypress: equal
49.1376 	DATA 	Keypress: equal
50.6378 	DATA 	Keypress: equal
52.1381 	DATA 	Keypress: equal
53.6380 	DATA 	Keypress: equal
55.1377 	DATA 	Keypress: equal
56.6378 	DATA 	Keypress: equal
58.1377 	DATA 	Keypress: equal
59.6377 	DATA 	Keypress: equal
61.1378 	DATA 	Keypress: equal
62.6377 	DATA 	Keypress: equal
62.9522 	EXP 	Set vid1a_q finished
63.1022 	EXP 	vid1b_q: autoDraw = True
64.1374 	DATA 	Keypress: equal
65.6376 	DATA 	Keypress: equal
67.1374 	DATA 	Keypress: equal
68.6374 	DATA 	Keypress: equal
70.1378 	DATA 	Keypress: equal
71.6373 	DATA 	Keypress: equal
71.6688 	EXP 	Set vid1b_q finished
72.1021 	EXP 	vid2_q: autoDraw = True
73.1378 	DATA 	Keypress: equal
74.6376 	DATA 	Keypress: equal
76.1373 	DATA 	Keypress: equal
77.6373 	DATA 	Keypress: equal
79.1375 	DATA 	Keypress: equal
80.6373 	DATA 	Keypress: equal
82.1375 	DATA 	Keypress: equal
83.6375 	DATA 	Keypress: equal
85.1372 	DATA 	Keypress: equal
86.6375 	DATA 	Keypress: equal
88.1375 	DATA 	Keypress: equal
89.0852 	EXP 	vid2_q: autoDraw = False
89.1019 	EXP 	l2q: autoDraw = True
89.6372 	DATA 	Keypress: equal
90.0036 	DATA 	Keypress: 2
91.1370 	DATA 	Keypress: equal
92.6369 	DATA 	Keypress: equal
93.0852 	EXP 	l2q: autoDraw = False
93.1018 	EXP 	vid3_q: autoDraw = True
94.1371 	DATA 	Keypress: equal
95.6373 	DATA 	Keypress: equal
97.1372 	DATA 	Keypress: equal
98.6371 	DATA 	Keypress: equal
100.1373 	DATA 	Keypress: equal
101.6370 	DATA 	Keypress: equal
103.1369 	DATA 	Keypress: equal
104.6374 	DATA 	Keypress: equal
106.1371 	DATA 	Keypress: equal
107.6371 	DATA 	Keypress: equal
109.1371 	DATA 	Keypress: equal
110.6369 	DATA 	Keypress: equal
112.1371 	DATA 	Keypress: equal
113.6371 	DATA 	Keypress: equal
115.1368 	DATA 	Keypress: equal
116.0848 	EXP 	vid3_q: autoDraw = False
116.1015 	EXP 	l3q: autoDraw = True
116.6367 	DATA 	Keypress: equal
117.0364 	DATA 	Keypress: 1
118.1364 	DATA 	Keypress: equal
119.6365 	DATA 	Keypress: equal
120.0848 	EXP 	l3q: autoDraw = False
120.1015 	EXP 	vid4_q: autoDraw = True
121.1368 	DATA 	Keypress: equal
122.6371 	DATA 	Keypress: equal
124.1369 	DATA 	Keypress: equal
125.6367 	DATA 	Keypress: equal
127.1367 	DATA 	Keypress: equal
128.6366 	DATA 	Keypress: equal
130.1366 	DATA 	Keypress: equal
131.6370 	DATA 	Keypress: equal
133.1368 	DATA 	Keypress: equal
134.6368 	DATA 	Keypress: equal
136.1367 	DATA 	Keypress: equal
137.6645 	DATA 	Keypress: equal
139.1369 	DATA 	Keypress: equal
140.6365 	DATA 	Keypress: equal
142.1368 	DATA 	Keypress: equal
143.6364 	DATA 	Keypress: equal
144.0845 	EXP 	vid4_q: autoDraw = False
144.1011 	EXP 	vid5_q: autoDraw = True
145.1365 	DATA 	Keypress: equal
146.6364 	DATA 	Keypress: equal
148.1367 	DATA 	Keypress: equal
149.6366 	DATA 	Keypress: equal
151.1366 	DATA 	Keypress: equal
152.6364 	DATA 	Keypress: equal
154.1367 	DATA 	Keypress: equal
155.6365 	DATA 	Keypress: equal
156.5344 	EXP 	Set vid5_q finished
156.6685 	EXP 	window1: recordFrameIntervals = False
156.6843 	EXP 	vid1a_q: autoDraw = False
156.6843 	EXP 	vid1b_q: autoDraw = False
156.6843 	EXP 	vid2_q: autoDraw = False
156.6843 	EXP 	l2q: autoDraw = False
156.6843 	EXP 	vid3_q: autoDraw = False
156.6843 	EXP 	l3q: autoDraw = False
156.6843 	EXP 	vid4_q: autoDraw = False
156.6843 	EXP 	vid5_q: autoDraw = False
156.6843 	EXP 	reveal: autoDraw = False
156.8816 	EXP 	window1: recordFrameIntervals = False
158.4550 	DATA 	Keypress: equal
158.6279 	DATA 	Keypress: equal
158.6677 	EXP 	eggPainting1: image = 'stimsday1details/newegg12.png'
158.6677 	EXP 	eggPainting2: image = 'stimsday1details/egg30.png'
158.6677 	EXP 	character1: image = 'stimsday1details/couple30.png'
158.6677 	EXP 	character2: image = 'stimsday1details/newperson12.png'
158.6677 	EXP 	gift1: image = 'stimsday1details/new12.png'
158.6677 	EXP 	gift2: image = 'stimsday1details/gift30.png'
158.6677 	EXP 	themeQ1: image = 'stimsday1details/t30.png'
158.6677 	EXP 	themeQ2: image = 'stimsday1details/ct30.png'
158.6677 	EXP 	nameQ1: image = 'stimsday1details/n30.png'
158.6677 	EXP 	nameQ2: image = 'stimsday1details/cn30.png'
158.6677 	EXP 	nameQ1: autoDraw = True
158.6677 	EXP 	nameQ2: autoDraw = True
159.3692 	DATA 	Keypress: 1
160.1358 	DATA 	Keypress: equal
160.6676 	EXP 	nameQ1: autoDraw = False
160.6676 	EXP 	nameQ2: autoDraw = False
160.6676 	EXP 	nameQ1: autoDraw = False
160.6676 	EXP 	nameQ2: autoDraw = False
160.6676 	EXP 	eggPainting1: autoDraw = True
160.6676 	EXP 	eggPainting2: autoDraw = True
161.2194 	DATA 	Keypress: 2
161.6359 	DATA 	Keypress: equal
162.6676 	EXP 	eggPainting1: autoDraw = False
162.6676 	EXP 	eggPainting2: autoDraw = False
162.6676 	EXP 	eggPainting1: autoDraw = False
162.6676 	EXP 	eggPainting2: autoDraw = False
162.6676 	EXP 	character1: autoDraw = True
162.6676 	EXP 	character2: autoDraw = True
163.1358 	DATA 	Keypress: equal
163.3523 	DATA 	Keypress: 1
164.6363 	DATA 	Keypress: equal
164.6676 	EXP 	character1: autoDraw = False
164.6676 	EXP 	character2: autoDraw = False
164.6676 	EXP 	character1: autoDraw = False
164.6676 	EXP 	character2: autoDraw = False
164.6676 	EXP 	themeQ1: autoDraw = True
164.6676 	EXP 	themeQ2: autoDraw = True
165.5358 	DATA 	Keypress: 1
166.1357 	DATA 	Keypress: equal
166.6676 	EXP 	themeQ1: autoDraw = False
166.6676 	EXP 	themeQ2: autoDraw = False
166.6676 	EXP 	themeQ1: autoDraw = False
166.6676 	EXP 	themeQ2: autoDraw = False
166.6676 	EXP 	gift1: autoDraw = True
166.6676 	EXP 	gift2: autoDraw = True
167.3859 	DATA 	Keypress: 2
167.6358 	DATA 	Keypress: equal
168.6675 	EXP 	gift1: autoDraw = False
168.6675 	EXP 	gift2: autoDraw = False
168.6675 	EXP 	gift1: autoDraw = False
168.6675 	EXP 	gift2: autoDraw = False
168.6675 	EXP 	northorsouth1: autoDraw = True
168.6675 	EXP 	northorsouth2: autoDraw = True
169.1360 	DATA 	Keypress: equal
169.2188 	DATA 	Keypress: 2
170.6361 	DATA 	Keypress: equal
170.8326 	EXP 	New trial (rep=0, index=1): OrderedDict([('condsFile', 'videoBlock_schemaS_pathB_6.csv')])
170.8461 	EXP 	Imported videoBlock_schemaS_pathB_6.csv as conditions, 1 conditions, 17 params
170.8466 	EXP 	Created sequence: random, trialTypes=1, nReps=1, seed=None
170.8473 	EXP 	New trial (rep=0, index=0): OrderedDict([('northOrSouth', 'south.png'), ('stimFile1a', 'stims/wedding-37.1a.mp4'), ('stimFile1b', 'stims/wedding-37.1b.mp4'), ('stimFile2', 'stims/wedding-37.2b.mp4'), ('stimFile3', 'stims/wedding-37.3a.mp4'), ('stimFile4', 'stims/wedding-37.4b.mp4'), ('stimFile5', 'stims/wedding-37.5.mp4'), ('QeggPainting1', 'stimsday1details/painting37.png'), ('Qcharacter1', 'stimsday1details/couple37.png'), ('Qgift1', 'stimsday1details/gift37.png'), ('QeggPainting2', 'stimsday1details/newpainting12.png'), ('Qcharacter2', 'stimsday1details/newperson24.png'), ('Qgift2', 'stimsday1details/new24.png'), ('Qname1', 'stimsday1details/n37.png'), ('Qtheme1', 'stimsday1details/t37.png'), ('Qname2', 'stimsday1details/cn37.png'), ('Qtheme2', 'stimsday1details/ct37.png')])
170.8509 	EXP 	northorsouth1: autoDraw = False
170.8509 	EXP 	northorsouth2: autoDraw = False
170.8509 	EXP 	northorsouth1: autoDraw = False
170.8509 	EXP 	northorsouth2: autoDraw = False
170.8509 	EXP 	image_2: autoDraw = True
172.1360 	DATA 	Keypress: equal
172.8524 	EXP 	Created sequence: random, trialTypes=1, nReps=1, seed=None
172.8526 	EXP 	New trial (rep=0, index=0): None
173.3354 	EXP 	Created vid1a = MovieStim3(__class__=<class 'psychopy.visual.movie3.MovieStim3'>, autoLog=True, color=UNKNOWN, colorSpace=UNKNOWN, depth=-1.0, filename='stims/wedding-37.1a.mp4', flipHoriz=False, flipVert=False, fps=UNKNOWN, interpolate=True, loop=False, name='vid1a', noAudio=False, opacity=1.0, ori=0, pos=array([0., 0.]), size=array([1280.,  720.]), units='pix', vframe_callback=UNKNOWN, volume=UNKNOWN, win=Window(...))
173.7036 	EXP 	Created vid1b = MovieStim3(__class__=<class 'psychopy.visual.movie3.MovieStim3'>, autoLog=True, color=UNKNOWN, colorSpace=UNKNOWN, depth=-2.0, filename='stims/wedding-37.1b.mp4', flipHoriz=False, flipVert=False, fps=UNKNOWN, interpolate=True, loop=False, name='vid1b', noAudio=False, opacity=1.0, ori=0, pos=array([0., 0.]), size=array([1280.,  720.]), units='pix', vframe_callback=UNKNOWN, volume=UNKNOWN, win=Window(...))
174.1109 	EXP 	Created vid2 = MovieStim3(__class__=<class 'psychopy.visual.movie3.MovieStim3'>, autoLog=True, color=UNKNOWN, colorSpace=UNKNOWN, depth=-3.0, filename='stims/wedding-37.2b.mp4', flipHoriz=False, flipVert=False, fps=UNKNOWN, interpolate=True, loop=False, name='vid2', noAudio=False, opacity=1.0, ori=0, pos=array([0., 0.]), size=array([1280.,  720.]), units='pix', vframe_callback=UNKNOWN, volume=UNKNOWN, win=Window(...))
174.5710 	EXP 	Created vid3 = MovieStim3(__class__=<class 'psychopy.visual.movie3.MovieStim3'>, autoLog=True, color=UNKNOWN, colorSpace=UNKNOWN, depth=-4.0, filename='stims/wedding-37.3a.mp4', flipHoriz=False, flipVert=False, fps=UNKNOWN, interpolate=True, loop=False, name='vid3', noAudio=False, opacity=1.0, ori=0, pos=array([0., 0.]), size=array([1280.,  720.]), units='pix', vframe_callback=UNKNOWN, volume=UNKNOWN, win=Window(...))
175.0361 	EXP 	Created vid4 = MovieStim3(__class__=<class 'psychopy.visual.movie3.MovieStim3'>, autoLog=True, color=UNKNOWN, colorSpace=UNKNOWN, depth=-5.0, filename='stims/wedding-37.4b.mp4', flipHoriz=False, flipVert=False, fps=UNKNOWN, interpolate=True, loop=False, name='vid4', noAudio=False, opacity=1.0, ori=0, pos=array([0., 0.]), size=array([1280.,  720.]), units='pix', vframe_callback=UNKNOWN, volume=UNKNOWN, win=Window(...))
175.4312 	EXP 	Created vid5 = MovieStim3(__class__=<class 'psychopy.visual.movie3.MovieStim3'>, autoLog=True, color=UNKNOWN, colorSpace=UNKNOWN, depth=-6.0, filename='stims/wedding-37.5.mp4', flipHoriz=False, flipVert=False, fps=UNKNOWN, interpolate=True, loop=False, name='vid5', noAudio=False, opacity=1.0, ori=0, pos=array([0., 0.]), size=array([1280.,  720.]), units='pix', vframe_callback=UNKNOWN, volume=UNKNOWN, win=Window(...))
175.5518 	EXP 	window1: recordFrameIntervals = False
175.5553 	DATA 	Keypress: equal
175.5576 	DATA 	Keypress: equal
175.5689 	EXP 	image_2: autoDraw = False
175.5689 	EXP 	image_2: autoDraw = False
175.5689 	EXP 	vid1a: movie = 'stims/wedding-37.1a.mp4'
175.5689 	EXP 	vid1a: autoLog = True
175.5689 	EXP 	vid1b: movie = 'stims/wedding-37.1b.mp4'
175.5689 	EXP 	vid1b: autoLog = True
175.5689 	EXP 	vid2: movie = 'stims/wedding-37.2b.mp4'
175.5689 	EXP 	vid2: autoLog = True
175.5689 	EXP 	vid3: movie = 'stims/wedding-37.3a.mp4'
175.5689 	EXP 	vid3: autoLog = True
175.5689 	EXP 	vid4: movie = 'stims/wedding-37.4b.mp4'
175.5689 	EXP 	vid4: autoLog = True
175.5689 	EXP 	vid5: movie = 'stims/wedding-37.5.mp4'
175.5689 	EXP 	vid5: autoLog = True
178.1879 	EXP 	window1: recordFrameIntervals = False
179.8393 	DATA 	Keypress: equal
179.8418 	DATA 	Keypress: equal
179.8438 	DATA 	Keypress: equal
180.0508 	EXP 	vid1a: movie = 'stims/wedding-37.1a.mp4'
180.0508 	EXP 	vid1b: movie = 'stims/wedding-37.1b.mp4'
180.0508 	EXP 	vid2: movie = 'stims/wedding-37.2b.mp4'
180.0508 	EXP 	vid3: movie = 'stims/wedding-37.3a.mp4'
180.0508 	EXP 	vid4: movie = 'stims/wedding-37.4b.mp4'
180.0508 	EXP 	vid5: movie = 'stims/wedding-37.5.mp4'
180.0508 	EXP 	image: image = 'south.png'
180.0676 	EXP 	vid1a: autoDraw = True
180.0676 	EXP 	image: autoDraw = True
180.0676 	EXP 	image: autoDraw = False
181.1363 	DATA 	Keypress: equal
182.6363 	DATA 	Keypress: equal
184.1361 	DATA 	Keypress: equal
185.6360 	DATA 	Keypress: equal
187.1364 	DATA 	Keypress: equal
188.6262 	DATA 	Keypress: equal
190.1361 	DATA 	Keypress: equal
191.6361 	DATA 	Keypress: equal
193.1270 	DATA 	Keypress: equal
194.6361 	DATA 	Keypress: equal
196.1273 	DATA 	Keypress: equal
197.6312 	DATA 	Keypress: equal
199.1273 	DATA 	Keypress: equal
200.6361 	DATA 	Keypress: equal
202.1358 	DATA 	Keypress: equal
202.8171 	EXP 	Set vid1a finished
202.8838 	EXP 	vid1b: autoDraw = True
203.6631 	DATA 	Keypress: equal
205.1272 	DATA 	Keypress: equal
206.6273 	DATA 	Keypress: equal
208.1357 	DATA 	Keypress: equal
209.6267 	DATA 	Keypress: equal
211.1360 	DATA 	Keypress: equal
211.3170 	EXP 	Set vid1b finished
211.8837 	EXP 	vid2: autoDraw = True
212.6356 	DATA 	Keypress: equal
214.1357 	DATA 	Keypress: equal
215.6267 	DATA 	Keypress: equal
217.1259 	DATA 	Keypress: equal
218.6258 	DATA 	Keypress: equal
220.1357 	DATA 	Keypress: equal
221.6355 	DATA 	Keypress: equal
223.1353 	DATA 	Keypress: equal
224.6356 	DATA 	Keypress: equal
226.1383 	DATA 	Keypress: equal
227.6356 	DATA 	Keypress: equal
228.5335 	EXP 	Set vid2 finished
228.8834 	EXP 	vid3: autoDraw = True
229.1265 	DATA 	Keypress: equal
230.6268 	DATA 	Keypress: equal
232.1268 	DATA 	Keypress: equal
233.6264 	DATA 	Keypress: equal
235.1254 	DATA 	Keypress: equal
236.6261 	DATA 	Keypress: equal
238.1351 	DATA 	Keypress: equal
239.6355 	DATA 	Keypress: equal
241.1354 	DATA 	Keypress: equal
242.6355 	DATA 	Keypress: equal
244.1351 	DATA 	Keypress: equal
245.6352 	DATA 	Keypress: equal
247.1351 	DATA 	Keypress: equal
248.6355 	DATA 	Keypress: equal
250.1353 	DATA 	Keypress: equal
251.6353 	DATA 	Keypress: equal
251.7665 	EXP 	Set vid3 finished
251.8831 	EXP 	vid4: autoDraw = True
253.1253 	DATA 	Keypress: equal
254.6255 	DATA 	Keypress: equal
256.1254 	DATA 	Keypress: equal
257.6260 	DATA 	Keypress: equal
259.1259 	DATA 	Keypress: equal
260.6265 	DATA 	Keypress: equal
262.1352 	DATA 	Keypress: equal
263.6348 	DATA 	Keypress: equal
265.1350 	DATA 	Keypress: equal
266.6351 	DATA 	Keypress: equal
268.1351 	DATA 	Keypress: equal
269.6349 	DATA 	Keypress: equal
271.1348 	DATA 	Keypress: equal
272.6348 	DATA 	Keypress: equal
274.1351 	DATA 	Keypress: equal
275.4995 	EXP 	Set vid4 finished
275.6346 	DATA 	Keypress: equal
275.8828 	EXP 	vid5: autoDraw = True
277.1349 	DATA 	Keypress: equal
278.6259 	DATA 	Keypress: equal
280.1537 	DATA 	Keypress: equal
281.6244 	DATA 	Keypress: equal
283.1259 	DATA 	Keypress: equal
284.6348 	DATA 	Keypress: equal
286.1347 	DATA 	Keypress: equal
287.6346 	DATA 	Keypress: equal
288.2994 	EXP 	Set vid5 finished
288.4252 	EXP 	Created sequence: random, trialTypes=1, nReps=1, seed=None
288.4255 	EXP 	New trial (rep=0, index=0): None
288.9135 	EXP 	Created vid1a_q = MovieStim3(__class__=<class 'psychopy.visual.movie3.MovieStim3'>, autoLog=True, color=UNKNOWN, colorSpace=UNKNOWN, depth=-1.0, filename='stims/wedding-37.1a.mp4', flipHoriz=False, flipVert=False, fps=UNKNOWN, interpolate=True, loop=False, name='vid1a_q', noAudio=False, opacity=1.0, ori=0, pos=array([0., 0.]), size=array([1280.,  720.]), units='pix', vframe_callback=UNKNOWN, volume=UNKNOWN, win=Window(...))
289.2873 	EXP 	Created vid1b_q = MovieStim3(__class__=<class 'psychopy.visual.movie3.MovieStim3'>, autoLog=True, color=UNKNOWN, colorSpace=UNKNOWN, depth=-2.0, filename='stims/wedding-37.1b.mp4', flipHoriz=False, flipVert=False, fps=UNKNOWN, interpolate=True, loop=False, name='vid1b_q', noAudio=False, opacity=1.0, ori=0, pos=array([0., 0.]), size=array([1280.,  720.]), units='pix', vframe_callback=UNKNOWN, volume=UNKNOWN, win=Window(...))
289.6987 	EXP 	Created vid2_q = MovieStim3(__class__=<class 'psychopy.visual.movie3.MovieStim3'>, autoLog=True, color=UNKNOWN, colorSpace=UNKNOWN, depth=-3.0, filename='stims/wedding-37.2b.mp4', flipHoriz=False, flipVert=False, fps=UNKNOWN, interpolate=True, loop=False, name='vid2_q', noAudio=False, opacity=1.0, ori=0, pos=array([0., 0.]), size=array([1280.,  720.]), units='pix', vframe_callback=UNKNOWN, volume=UNKNOWN, win=Window(...))
290.1641 	EXP 	Created vid3_q = MovieStim3(__class__=<class 'psychopy.visual.movie3.MovieStim3'>, autoLog=True, color=UNKNOWN, colorSpace=UNKNOWN, depth=-5.0, filename='stims/wedding-37.3a.mp4', flipHoriz=False, flipVert=False, fps=UNKNOWN, interpolate=True, loop=False, name='vid3_q', noAudio=False, opacity=1.0, ori=0, pos=array([0., 0.]), size=array([1280.,  720.]), units='pix', vframe_callback=UNKNOWN, volume=UNKNOWN, win=Window(...))
290.6334 	EXP 	Created vid4_q = MovieStim3(__class__=<class 'psychopy.visual.movie3.MovieStim3'>, autoLog=True, color=UNKNOWN, colorSpace=UNKNOWN, depth=-7.0, filename='stims/wedding-37.4b.mp4', flipHoriz=False, flipVert=False, fps=UNKNOWN, interpolate=True, loop=False, name='vid4_q', noAudio=False, opacity=1.0, ori=0, pos=array([0., 0.]), size=array([1280.,  720.]), units='pix', vframe_callback=UNKNOWN, volume=UNKNOWN, win=Window(...))
291.0302 	EXP 	Created vid5_q = MovieStim3(__class__=<class 'psychopy.visual.movie3.MovieStim3'>, autoLog=True, color=UNKNOWN, colorSpace=UNKNOWN, depth=-8.0, filename='stims/wedding-37.5.mp4', flipHoriz=False, flipVert=False, fps=UNKNOWN, interpolate=True, loop=False, name='vid5_q', noAudio=False, opacity=1.0, ori=0, pos=array([0., 0.]), size=array([1280.,  720.]), units='pix', vframe_callback=UNKNOWN, volume=UNKNOWN, win=Window(...))
291.2252 	EXP 	window1: recordFrameIntervals = False
291.2283 	DATA 	Keypress: equal
291.2305 	DATA 	Keypress: equal
291.2494 	EXP 	vid1a: autoDraw = False
291.2494 	EXP 	vid1b: autoDraw = False
291.2494 	EXP 	vid2: autoDraw = False
291.2494 	EXP 	vid3: autoDraw = False
291.2494 	EXP 	vid4: autoDraw = False
291.2494 	EXP 	vid5: autoDraw = False
291.2494 	EXP 	image: autoDraw = False
291.2494 	EXP 	vid1a_q: movie = 'stims/wedding-37.1a.mp4'
291.2494 	EXP 	vid1a_q: autoLog = True
291.2494 	EXP 	vid1b_q: movie = 'stims/wedding-37.1b.mp4'
291.2494 	EXP 	vid1b_q: autoLog = True
291.2494 	EXP 	vid2_q: movie = 'stims/wedding-37.2b.mp4'
291.2494 	EXP 	vid2_q: autoLog = True
291.2494 	EXP 	vid3_q: movie = 'stims/wedding-37.3a.mp4'
291.2494 	EXP 	vid3_q: autoLog = True
291.2494 	EXP 	vid4_q: movie = 'stims/wedding-37.4b.mp4'
291.2494 	EXP 	vid4_q: autoLog = True
291.2494 	EXP 	vid5_q: movie = 'stims/wedding-37.5.mp4'
291.2494 	EXP 	vid5_q: autoLog = True
291.2494 	EXP 	vid1a_q: autoDraw = False
291.2494 	EXP 	vid1b_q: autoDraw = False
291.2494 	EXP 	vid2_q: autoDraw = False
291.2494 	EXP 	l2q: autoDraw = False
291.2494 	EXP 	vid3_q: autoDraw = False
291.2494 	EXP 	l3q: autoDraw = False
291.2494 	EXP 	vid4_q: autoDraw = False
291.2494 	EXP 	vid5_q: autoDraw = False
291.2494 	EXP 	reveal: autoDraw = False
291.4179 	EXP 	window1: recordFrameIntervals = False
293.0120 	DATA 	Keypress: equal
293.2326 	EXP 	eggPainting1: image = 'stimsday1details/painting37.png'
293.2326 	EXP 	eggPainting2: image = 'stimsday1details/newpainting12.png'
293.2326 	EXP 	character1: image = 'stimsday1details/couple37.png'
293.2326 	EXP 	character2: image = 'stimsday1details/newperson24.png'
293.2326 	EXP 	gift1: image = 'stimsday1details/gift37.png'
293.2326 	EXP 	gift2: image = 'stimsday1details/new24.png'
293.2326 	EXP 	themeQ1: image = 'stimsday1details/t37.png'
293.2326 	EXP 	themeQ2: image = 'stimsday1details/ct37.png'
293.2326 	EXP 	nameQ1: image = 'stimsday1details/n37.png'
293.2326 	EXP 	nameQ2: image = 'stimsday1details/cn37.png'
293.2326 	EXP 	nameQ1: autoDraw = True
293.2326 	EXP 	nameQ2: autoDraw = True
293.6344 	DATA 	Keypress: equal
294.0176 	DATA 	Keypress: 1
295.1345 	DATA 	Keypress: equal
295.2160 	EXP 	nameQ1: autoDraw = False
295.2160 	EXP 	nameQ2: autoDraw = False
295.2160 	EXP 	nameQ1: autoDraw = False
295.2160 	EXP 	nameQ2: autoDraw = False
295.2160 	EXP 	eggPainting1: autoDraw = True
295.2160 	EXP 	eggPainting2: autoDraw = True
295.8509 	DATA 	Keypress: 1
296.6341 	DATA 	Keypress: equal
297.2159 	EXP 	eggPainting1: autoDraw = False
297.2159 	EXP 	eggPainting2: autoDraw = False
297.2159 	EXP 	eggPainting1: autoDraw = False
297.2159 	EXP 	eggPainting2: autoDraw = False
297.2159 	EXP 	character1: autoDraw = True
297.2159 	EXP 	character2: autoDraw = True
297.8842 	DATA 	Keypress: 1
298.1341 	DATA 	Keypress: equal
299.2159 	EXP 	character1: autoDraw = False
299.2159 	EXP 	character2: autoDraw = False
299.2159 	EXP 	character1: autoDraw = False
299.2159 	EXP 	character2: autoDraw = False
299.2159 	EXP 	themeQ1: autoDraw = True
299.2159 	EXP 	themeQ2: autoDraw = True
299.6342 	DATA 	Keypress: equal
300.0505 	DATA 	Keypress: 1
301.1342 	DATA 	Keypress: equal
301.2159 	EXP 	themeQ1: autoDraw = False
301.2159 	EXP 	themeQ2: autoDraw = False
301.2159 	EXP 	themeQ1: autoDraw = False
301.2159 	EXP 	themeQ2: autoDraw = False
301.2159 	EXP 	gift1: autoDraw = True
301.2159 	EXP 	gift2: autoDraw = True
301.9339 	DATA 	Keypress: 1
302.6340 	DATA 	Keypress: equal
303.2158 	EXP 	gift1: autoDraw = False
303.2158 	EXP 	gift2: autoDraw = False
303.2158 	EXP 	gift1: autoDraw = False
303.2158 	EXP 	gift2: autoDraw = False
303.2158 	EXP 	northorsouth1: autoDraw = True
303.2158 	EXP 	northorsouth2: autoDraw = True
303.6676 	DATA 	Keypress: 2
304.1339 	DATA 	Keypress: equal
305.4108 	EXP 	New trial (rep=0, index=2): OrderedDict([('condsFile', 'videoBlock_schemaS_pathA_4.csv')])
305.4234 	EXP 	Imported videoBlock_schemaS_pathA_4.csv as conditions, 1 conditions, 17 params
305.4238 	EXP 	Created sequence: random, trialTypes=1, nReps=1, seed=None
305.4246 	EXP 	New trial (rep=0, index=0): OrderedDict([('northOrSouth', 'south.png'), ('stimFile1a', 'stims/wedding-21.1a.mp4'), ('stimFile1b', 'stims/wedding-21.1b.mp4'), ('stimFile2', 'stims/wedding-21.2a.mp4'), ('stimFile3', 'stims/wedding-21.3b.mp4'), ('stimFile4', 'stims/wedding-21.4a.mp4'), ('stimFile5', 'stims/wedding-21.5.mp4'), ('QeggPainting1', 'stimsday1details/egg21.png'), ('Qcharacter1', 'stimsday1details/newperson10.png'), ('Qgift1', 'stimsday1details/gift21.png'), ('QeggPainting2', 'stimsday1details/newegg10.png'), ('Qcharacter2', 'stimsday1details/couple21.png'), ('Qgift2', 'stimsday1details/new10.png'), ('Qname1', 'stimsday1details/n21.png'), ('Qtheme1', 'stimsday1details/ct21.png'), ('Qname2', 'stimsday1details/cn21.png'), ('Qtheme2', 'stimsday1details/t21.png')])
305.4325 	EXP 	northorsouth1: autoDraw = False
305.4325 	EXP 	northorsouth2: autoDraw = False
305.4325 	EXP 	northorsouth1: autoDraw = False
305.4325 	EXP 	northorsouth2: autoDraw = False
305.4325 	EXP 	image_2: autoDraw = True
305.6345 	DATA 	Keypress: equal
307.1343 	DATA 	Keypress: equal
307.4169 	EXP 	Created sequence: random, trialTypes=1, nReps=1, seed=None
307.4172 	EXP 	New trial (rep=0, index=0): None
307.9041 	EXP 	Created vid1a = MovieStim3(__class__=<class 'psychopy.visual.movie3.MovieStim3'>, autoLog=True, color=UNKNOWN, colorSpace=UNKNOWN, depth=-1.0, filename='stims/wedding-21.1a.mp4', flipHoriz=False, flipVert=False, fps=UNKNOWN, interpolate=True, loop=False, name='vid1a', noAudio=False, opacity=1.0, ori=0, pos=array([0., 0.]), size=array([1280.,  720.]), units='pix', vframe_callback=UNKNOWN, volume=UNKNOWN, win=Window(...))
308.2513 	EXP 	Created vid1b = MovieStim3(__class__=<class 'psychopy.visual.movie3.MovieStim3'>, autoLog=True, color=UNKNOWN, colorSpace=UNKNOWN, depth=-2.0, filename='stims/wedding-21.1b.mp4', flipHoriz=False, flipVert=False, fps=UNKNOWN, interpolate=True, loop=False, name='vid1b', noAudio=False, opacity=1.0, ori=0, pos=array([0., 0.]), size=array([1280.,  720.]), units='pix', vframe_callback=UNKNOWN, volume=UNKNOWN, win=Window(...))
308.7389 	EXP 	Created vid2 = MovieStim3(__class__=<class 'psychopy.visual.movie3.MovieStim3'>, autoLog=True, color=UNKNOWN, colorSpace=UNKNOWN, depth=-3.0, filename='stims/wedding-21.2a.mp4', flipHoriz=False, flipVert=False, fps=UNKNOWN, interpolate=True, loop=False, name='vid2', noAudio=False, opacity=1.0, ori=0, pos=array([0., 0.]), size=array([1280.,  720.]), units='pix', vframe_callback=UNKNOWN, volume=UNKNOWN, win=Window(...))
309.2824 	EXP 	Created vid3 = MovieStim3(__class__=<class 'psychopy.visual.movie3.MovieStim3'>, autoLog=True, color=UNKNOWN, colorSpace=UNKNOWN, depth=-4.0, filename='stims/wedding-21.3b.mp4', flipHoriz=False, flipVert=False, fps=UNKNOWN, interpolate=True, loop=False, name='vid3', noAudio=False, opacity=1.0, ori=0, pos=array([0., 0.]), size=array([1280.,  720.]), units='pix', vframe_callback=UNKNOWN, volume=UNKNOWN, win=Window(...))
309.8339 	EXP 	Created vid4 = MovieStim3(__class__=<class 'psychopy.visual.movie3.MovieStim3'>, autoLog=True, color=UNKNOWN, colorSpace=UNKNOWN, depth=-5.0, filename='stims/wedding-21.4a.mp4', flipHoriz=False, flipVert=False, fps=UNKNOWN, interpolate=True, loop=False, name='vid4', noAudio=False, opacity=1.0, ori=0, pos=array([0., 0.]), size=array([1280.,  720.]), units='pix', vframe_callback=UNKNOWN, volume=UNKNOWN, win=Window(...))
310.2187 	EXP 	Created vid5 = MovieStim3(__class__=<class 'psychopy.visual.movie3.MovieStim3'>, autoLog=True, color=UNKNOWN, colorSpace=UNKNOWN, depth=-6.0, filename='stims/wedding-21.5.mp4', flipHoriz=False, flipVert=False, fps=UNKNOWN, interpolate=True, loop=False, name='vid5', noAudio=False, opacity=1.0, ori=0, pos=array([0., 0.]), size=array([1280.,  720.]), units='pix', vframe_callback=UNKNOWN, volume=UNKNOWN, win=Window(...))
310.2616 	EXP 	window1: recordFrameIntervals = False
310.2648 	DATA 	Keypress: equal
310.2673 	DATA 	Keypress: equal
310.2824 	EXP 	image_2: autoDraw = False
310.2824 	EXP 	image_2: autoDraw = False
310.2824 	EXP 	vid1a: movie = 'stims/wedding-21.1a.mp4'
310.2824 	EXP 	vid1a: autoLog = True
310.2824 	EXP 	vid1b: movie = 'stims/wedding-21.1b.mp4'
310.2824 	EXP 	vid1b: autoLog = True
310.2824 	EXP 	vid2: movie = 'stims/wedding-21.2a.mp4'
310.2824 	EXP 	vid2: autoLog = True
310.2824 	EXP 	vid3: movie = 'stims/wedding-21.3b.mp4'
310.2824 	EXP 	vid3: autoLog = True
310.2824 	EXP 	vid4: movie = 'stims/wedding-21.4a.mp4'
310.2824 	EXP 	vid4: autoLog = True
310.2824 	EXP 	vid5: movie = 'stims/wedding-21.5.mp4'
310.2824 	EXP 	vid5: autoLog = True
313.0503 	EXP 	window1: recordFrameIntervals = False
314.5489 	DATA 	Keypress: equal
314.5513 	DATA 	Keypress: equal
314.6217 	DATA 	Keypress: equal
314.7658 	EXP 	vid1a: movie = 'stims/wedding-21.1a.mp4'
314.7658 	EXP 	vid1b: movie = 'stims/wedding-21.1b.mp4'
314.7658 	EXP 	vid2: movie = 'stims/wedding-21.2a.mp4'
314.7658 	EXP 	vid3: movie = 'stims/wedding-21.3b.mp4'
314.7658 	EXP 	vid4: movie = 'stims/wedding-21.4a.mp4'
314.7658 	EXP 	vid5: movie = 'stims/wedding-21.5.mp4'
314.7658 	EXP 	image: image = 'south.png'
314.7823 	EXP 	vid1a: autoDraw = True
314.7823 	EXP 	image: autoDraw = True
314.7823 	EXP 	image: autoDraw = False
316.1241 	DATA 	Keypress: equal
317.6247 	DATA 	Keypress: equal
319.1240 	DATA 	Keypress: equal
320.6249 	DATA 	Keypress: equal
322.1236 	DATA 	Keypress: equal
323.6341 	DATA 	Keypress: equal
325.1342 	DATA 	Keypress: equal
326.6340 	DATA 	Keypress: equal
328.1459 	DATA 	Keypress: equal
329.6342 	DATA 	Keypress: equal
331.1341 	DATA 	Keypress: equal
332.6340 	DATA 	Keypress: equal
334.1341 	DATA 	Keypress: equal
335.6343 	DATA 	Keypress: equal
337.1341 	DATA 	Keypress: equal
337.4321 	EXP 	vid1a: autoDraw = False
337.4487 	EXP 	vid1b: autoDraw = True
338.6242 	DATA 	Keypress: equal
340.1245 	DATA 	Keypress: equal
341.6262 	DATA 	Keypress: equal
343.1244 	DATA 	Keypress: equal
344.6247 	DATA 	Keypress: equal
345.9820 	EXP 	Set vid1b finished
346.1341 	DATA 	Keypress: equal
346.4485 	EXP 	vid2: autoDraw = True
347.6230 	DATA 	Keypress: equal
349.1247 	DATA 	Keypress: equal
350.6213 	DATA 	Keypress: equal
352.1257 	DATA 	Keypress: equal
353.6340 	DATA 	Keypress: equal
355.1339 	DATA 	Keypress: equal
356.6340 	DATA 	Keypress: equal
358.1340 	DATA 	Keypress: equal
359.6337 	DATA 	Keypress: equal
361.1340 	DATA 	Keypress: equal
362.6338 	DATA 	Keypress: equal
363.4317 	EXP 	vid2: autoDraw = False
363.4484 	EXP 	vid3: autoDraw = True
364.1240 	DATA 	Keypress: equal
365.6249 	DATA 	Keypress: equal
367.1245 	DATA 	Keypress: equal
368.6232 	DATA 	Keypress: equal
370.1252 	DATA 	Keypress: equal
371.6238 	DATA 	Keypress: equal
373.1338 	DATA 	Keypress: equal
374.6335 	DATA 	Keypress: equal
376.1338 	DATA 	Keypress: equal
377.6335 	DATA 	Keypress: equal
379.1335 	DATA 	Keypress: equal
380.6335 	DATA 	Keypress: equal
382.1336 	DATA 	Keypress: equal
383.6332 	DATA 	Keypress: equal
385.1334 	DATA 	Keypress: equal
386.4314 	EXP 	vid3: autoDraw = False
386.4481 	EXP 	vid4: autoDraw = True
386.6241 	DATA 	Keypress: equal
388.1233 	DATA 	Keypress: equal
389.6253 	DATA 	Keypress: equal
391.1238 	DATA 	Keypress: equal
392.6241 	DATA 	Keypress: equal
394.1245 	DATA 	Keypress: equal
395.6334 	DATA 	Keypress: equal
397.1334 	DATA 	Keypress: equal
398.6332 	DATA 	Keypress: equal
400.1331 	DATA 	Keypress: equal
401.6333 	DATA 	Keypress: equal
403.1332 	DATA 	Keypress: equal
404.6334 	DATA 	Keypress: equal
406.1331 	DATA 	Keypress: equal
407.6335 	DATA 	Keypress: equal
409.1330 	DATA 	Keypress: equal
410.4311 	EXP 	vid4: autoDraw = False
410.4478 	EXP 	vid5: autoDraw = True
410.6246 	DATA 	Keypress: equal
412.1240 	DATA 	Keypress: equal
413.6219 	DATA 	Keypress: equal
415.1237 	DATA 	Keypress: equal
416.6222 	DATA 	Keypress: equal
418.1246 	DATA 	Keypress: equal
419.6171 	DATA 	Keypress: equal
421.1331 	DATA 	Keypress: equal
422.6329 	DATA 	Keypress: equal
423.5701 	EXP 	Created sequence: random, trialTypes=1, nReps=1, seed=None
423.5705 	EXP 	New trial (rep=0, index=0): None
424.0561 	EXP 	Created vid1a_q = MovieStim3(__class__=<class 'psychopy.visual.movie3.MovieStim3'>, autoLog=True, color=UNKNOWN, colorSpace=UNKNOWN, depth=-1.0, filename='stims/wedding-21.1a.mp4', flipHoriz=False, flipVert=False, fps=UNKNOWN, interpolate=True, loop=False, name='vid1a_q', noAudio=False, opacity=1.0, ori=0, pos=array([0., 0.]), size=array([1280.,  720.]), units='pix', vframe_callback=UNKNOWN, volume=UNKNOWN, win=Window(...))
424.3974 	EXP 	Created vid1b_q = MovieStim3(__class__=<class 'psychopy.visual.movie3.MovieStim3'>, autoLog=True, color=UNKNOWN, colorSpace=UNKNOWN, depth=-2.0, filename='stims/wedding-21.1b.mp4', flipHoriz=False, flipVert=False, fps=UNKNOWN, interpolate=True, loop=False, name='vid1b_q', noAudio=False, opacity=1.0, ori=0, pos=array([0., 0.]), size=array([1280.,  720.]), units='pix', vframe_callback=UNKNOWN, volume=UNKNOWN, win=Window(...))
424.8702 	EXP 	Created vid2_q = MovieStim3(__class__=<class 'psychopy.visual.movie3.MovieStim3'>, autoLog=True, color=UNKNOWN, colorSpace=UNKNOWN, depth=-3.0, filename='stims/wedding-21.2a.mp4', flipHoriz=False, flipVert=False, fps=UNKNOWN, interpolate=True, loop=False, name='vid2_q', noAudio=False, opacity=1.0, ori=0, pos=array([0., 0.]), size=array([1280.,  720.]), units='pix', vframe_callback=UNKNOWN, volume=UNKNOWN, win=Window(...))
425.3945 	EXP 	Created vid3_q = MovieStim3(__class__=<class 'psychopy.visual.movie3.MovieStim3'>, autoLog=True, color=UNKNOWN, colorSpace=UNKNOWN, depth=-5.0, filename='stims/wedding-21.3b.mp4', flipHoriz=False, flipVert=False, fps=UNKNOWN, interpolate=True, loop=False, name='vid3_q', noAudio=False, opacity=1.0, ori=0, pos=array([0., 0.]), size=array([1280.,  720.]), units='pix', vframe_callback=UNKNOWN, volume=UNKNOWN, win=Window(...))
425.9314 	EXP 	Created vid4_q = MovieStim3(__class__=<class 'psychopy.visual.movie3.MovieStim3'>, autoLog=True, color=UNKNOWN, colorSpace=UNKNOWN, depth=-7.0, filename='stims/wedding-21.4a.mp4', flipHoriz=False, flipVert=False, fps=UNKNOWN, interpolate=True, loop=False, name='vid4_q', noAudio=False, opacity=1.0, ori=0, pos=array([0., 0.]), size=array([1280.,  720.]), units='pix', vframe_callback=UNKNOWN, volume=UNKNOWN, win=Window(...))
426.3068 	EXP 	Created vid5_q = MovieStim3(__class__=<class 'psychopy.visual.movie3.MovieStim3'>, autoLog=True, color=UNKNOWN, colorSpace=UNKNOWN, depth=-8.0, filename='stims/wedding-21.5.mp4', flipHoriz=False, flipVert=False, fps=UNKNOWN, interpolate=True, loop=False, name='vid5_q', noAudio=False, opacity=1.0, ori=0, pos=array([0., 0.]), size=array([1280.,  720.]), units='pix', vframe_callback=UNKNOWN, volume=UNKNOWN, win=Window(...))
426.5615 	EXP 	window1: recordFrameIntervals = False
426.5646 	DATA 	Keypress: equal
426.5673 	DATA 	Keypress: equal
426.5810 	EXP 	vid5: autoDraw = False
426.5810 	EXP 	vid1a: autoDraw = False
426.5810 	EXP 	vid1b: autoDraw = False
426.5810 	EXP 	vid2: autoDraw = False
426.5810 	EXP 	vid3: autoDraw = False
426.5810 	EXP 	vid4: autoDraw = False
426.5810 	EXP 	vid5: autoDraw = False
426.5810 	EXP 	image: autoDraw = False
426.5810 	EXP 	vid1a_q: movie = 'stims/wedding-21.1a.mp4'
426.5810 	EXP 	vid1a_q: autoLog = True
426.5810 	EXP 	vid1b_q: movie = 'stims/wedding-21.1b.mp4'
426.5810 	EXP 	vid1b_q: autoLog = True
426.5810 	EXP 	vid2_q: movie = 'stims/wedding-21.2a.mp4'
426.5810 	EXP 	vid2_q: autoLog = True
426.5810 	EXP 	vid3_q: movie = 'stims/wedding-21.3b.mp4'
426.5810 	EXP 	vid3_q: autoLog = True
426.5810 	EXP 	vid4_q: movie = 'stims/wedding-21.4a.mp4'
426.5810 	EXP 	vid4_q: autoLog = True
426.5810 	EXP 	vid5_q: movie = 'stims/wedding-21.5.mp4'
426.5810 	EXP 	vid5_q: autoLog = True
426.5810 	EXP 	vid1a_q: autoDraw = False
426.5810 	EXP 	vid1b_q: autoDraw = False
426.5810 	EXP 	vid2_q: autoDraw = False
426.5810 	EXP 	l2q: autoDraw = False
426.5810 	EXP 	vid3_q: autoDraw = False
426.5810 	EXP 	l3q: autoDraw = False
426.5810 	EXP 	vid4_q: autoDraw = False
426.5810 	EXP 	vid5_q: autoDraw = False
426.5810 	EXP 	reveal: autoDraw = False
426.7849 	EXP 	window1: recordFrameIntervals = False
428.3482 	DATA 	Keypress: equal
428.5643 	EXP 	eggPainting1: image = 'stimsday1details/egg21.png'
428.5643 	EXP 	eggPainting2: image = 'stimsday1details/newegg10.png'
428.5643 	EXP 	character1: image = 'stimsday1details/newperson10.png'
428.5643 	EXP 	character2: image = 'stimsday1details/couple21.png'
428.5643 	EXP 	gift1: image = 'stimsday1details/gift21.png'
428.5643 	EXP 	gift2: image = 'stimsday1details/new10.png'
428.5643 	EXP 	themeQ1: image = 'stimsday1details/ct21.png'
428.5643 	EXP 	themeQ2: image = 'stimsday1details/t21.png'
428.5643 	EXP 	nameQ1: image = 'stimsday1details/n21.png'
428.5643 	EXP 	nameQ2: image = 'stimsday1details/cn21.png'
428.5643 	EXP 	nameQ1: autoDraw = True
428.5643 	EXP 	nameQ2: autoDraw = True
428.6172 	DATA 	Keypress: equal
429.2659 	DATA 	Keypress: 1
430.1326 	DATA 	Keypress: equal
430.5642 	EXP 	nameQ1: autoDraw = False
430.5642 	EXP 	nameQ2: autoDraw = False
430.5642 	EXP 	nameQ1: autoDraw = False
430.5642 	EXP 	nameQ2: autoDraw = False
430.5642 	EXP 	eggPainting1: autoDraw = True
430.5642 	EXP 	eggPainting2: autoDraw = True
431.0661 	DATA 	Keypress: 1
431.6168 	DATA 	Keypress: equal
432.5642 	EXP 	eggPainting1: autoDraw = False
432.5642 	EXP 	eggPainting2: autoDraw = False
432.5642 	EXP 	eggPainting1: autoDraw = False
432.5642 	EXP 	eggPainting2: autoDraw = False
432.5642 	EXP 	character1: autoDraw = True
432.5642 	EXP 	character2: autoDraw = True
433.1323 	DATA 	Keypress: equal
433.3490 	DATA 	Keypress: 2
434.5642 	EXP 	character1: autoDraw = False
434.5642 	EXP 	character2: autoDraw = False
434.5642 	EXP 	character1: autoDraw = False
434.5642 	EXP 	character2: autoDraw = False
434.5642 	EXP 	themeQ1: autoDraw = True
434.5642 	EXP 	themeQ2: autoDraw = True
434.6325 	DATA 	Keypress: equal
435.7324 	DATA 	Keypress: 2
436.1323 	DATA 	Keypress: equal
436.5641 	EXP 	themeQ1: autoDraw = False
436.5641 	EXP 	themeQ2: autoDraw = False
436.5641 	EXP 	themeQ1: autoDraw = False
436.5641 	EXP 	themeQ2: autoDraw = False
436.5641 	EXP 	gift1: autoDraw = True
436.5641 	EXP 	gift2: autoDraw = True
437.2490 	DATA 	Keypress: 1
437.6159 	DATA 	Keypress: equal
438.5641 	EXP 	gift1: autoDraw = False
438.5641 	EXP 	gift2: autoDraw = False
438.5641 	EXP 	gift1: autoDraw = False
438.5641 	EXP 	gift2: autoDraw = False
438.5641 	EXP 	northorsouth1: autoDraw = True
438.5641 	EXP 	northorsouth2: autoDraw = True
438.8823 	DATA 	Keypress: 2
439.1162 	DATA 	Keypress: equal
440.7873 	EXP 	New trial (rep=0, index=3): OrderedDict([('condsFile', 'videoBlock_schemaS_pathB_5.csv')])
440.8017 	EXP 	Imported videoBlock_schemaS_pathB_5.csv as conditions, 1 conditions, 17 params
440.8022 	EXP 	Created sequence: random, trialTypes=1, nReps=1, seed=None
440.8029 	EXP 	New trial (rep=0, index=0): OrderedDict([('northOrSouth', 'south.png'), ('stimFile1a', 'stims/wedding-31.1a.mp4'), ('stimFile1b', 'stims/wedding-31.1b.mp4'), ('stimFile2', 'stims/wedding-31.2b.mp4'), ('stimFile3', 'stims/wedding-31.3a.mp4'), ('stimFile4', 'stims/wedding-31.4b.mp4'), ('stimFile5', 'stims/wedding-31.5.mp4'), ('QeggPainting1', 'stimsday1details/painting31.png'), ('Qcharacter1', 'stimsday1details/couple31.png'), ('Qgift1', 'stimsday1details/gift31.png'), ('QeggPainting2', 'stimsday1details/newpainting11.png'), ('Qcharacter2', 'stimsday1details/newperson23.png'), ('Qgift2', 'stimsday1details/new23.png'), ('Qname1', 'stimsday1details/cn31.png'), ('Qtheme1', 'stimsday1details/ct31.png'), ('Qname2', 'stimsday1details/n31.png'), ('Qtheme2', 'stimsday1details/t31.png')])
440.8055 	DATA 	Keypress: equal
440.8141 	EXP 	northorsouth1: autoDraw = False
440.8141 	EXP 	northorsouth2: autoDraw = False
440.8141 	EXP 	northorsouth1: autoDraw = False
440.8141 	EXP 	northorsouth2: autoDraw = False
440.8141 	EXP 	image_2: autoDraw = True
442.1162 	DATA 	Keypress: equal
442.7988 	EXP 	Created sequence: random, trialTypes=1, nReps=1, seed=None
442.7991 	EXP 	New trial (rep=0, index=0): None
443.2820 	EXP 	Created vid1a = MovieStim3(__class__=<class 'psychopy.visual.movie3.MovieStim3'>, autoLog=True, color=UNKNOWN, colorSpace=UNKNOWN, depth=-1.0, filename='stims/wedding-31.1a.mp4', flipHoriz=False, flipVert=False, fps=UNKNOWN, interpolate=True, loop=False, name='vid1a', noAudio=False, opacity=1.0, ori=0, pos=array([0., 0.]), size=array([1280.,  720.]), units='pix', vframe_callback=UNKNOWN, volume=UNKNOWN, win=Window(...))
443.6858 	EXP 	Created vid1b = MovieStim3(__class__=<class 'psychopy.visual.movie3.MovieStim3'>, autoLog=True, color=UNKNOWN, colorSpace=UNKNOWN, depth=-2.0, filename='stims/wedding-31.1b.mp4', flipHoriz=False, flipVert=False, fps=UNKNOWN, interpolate=True, loop=False, name='vid1b', noAudio=False, opacity=1.0, ori=0, pos=array([0., 0.]), size=array([1280.,  720.]), units='pix', vframe_callback=UNKNOWN, volume=UNKNOWN, win=Window(...))
444.1396 	EXP 	Created vid2 = MovieStim3(__class__=<class 'psychopy.visual.movie3.MovieStim3'>, autoLog=True, color=UNKNOWN, colorSpace=UNKNOWN, depth=-3.0, filename='stims/wedding-31.2b.mp4', flipHoriz=False, flipVert=False, fps=UNKNOWN, interpolate=True, loop=False, name='vid2', noAudio=False, opacity=1.0, ori=0, pos=array([0., 0.]), size=array([1280.,  720.]), units='pix', vframe_callback=UNKNOWN, volume=UNKNOWN, win=Window(...))
444.6070 	EXP 	Created vid3 = MovieStim3(__class__=<class 'psychopy.visual.movie3.MovieStim3'>, autoLog=True, color=UNKNOWN, colorSpace=UNKNOWN, depth=-4.0, filename='stims/wedding-31.3a.mp4', flipHoriz=False, flipVert=False, fps=UNKNOWN, interpolate=True, loop=False, name='vid3', noAudio=False, opacity=1.0, ori=0, pos=array([0., 0.]), size=array([1280.,  720.]), units='pix', vframe_callback=UNKNOWN, volume=UNKNOWN, win=Window(...))
445.1060 	EXP 	Created vid4 = MovieStim3(__class__=<class 'psychopy.visual.movie3.MovieStim3'>, autoLog=True, color=UNKNOWN, colorSpace=UNKNOWN, depth=-5.0, filename='stims/wedding-31.4b.mp4', flipHoriz=False, flipVert=False, fps=UNKNOWN, interpolate=True, loop=False, name='vid4', noAudio=False, opacity=1.0, ori=0, pos=array([0., 0.]), size=array([1280.,  720.]), units='pix', vframe_callback=UNKNOWN, volume=UNKNOWN, win=Window(...))
445.4962 	EXP 	Created vid5 = MovieStim3(__class__=<class 'psychopy.visual.movie3.MovieStim3'>, autoLog=True, color=UNKNOWN, colorSpace=UNKNOWN, depth=-6.0, filename='stims/wedding-31.5.mp4', flipHoriz=False, flipVert=False, fps=UNKNOWN, interpolate=True, loop=False, name='vid5', noAudio=False, opacity=1.0, ori=0, pos=array([0., 0.]), size=array([1280.,  720.]), units='pix', vframe_callback=UNKNOWN, volume=UNKNOWN, win=Window(...))
445.6002 	EXP 	window1: recordFrameIntervals = False
445.6035 	DATA 	Keypress: equal
445.6059 	DATA 	Keypress: equal
445.6171 	EXP 	image_2: autoDraw = False
445.6171 	EXP 	image_2: autoDraw = False
445.6171 	EXP 	vid1a: movie = 'stims/wedding-31.1a.mp4'
445.6171 	EXP 	vid1a: autoLog = True
445.6171 	EXP 	vid1b: movie = 'stims/wedding-31.1b.mp4'
445.6171 	EXP 	vid1b: autoLog = True
445.6171 	EXP 	vid2: movie = 'stims/wedding-31.2b.mp4'
445.6171 	EXP 	vid2: autoLog = True
445.6171 	EXP 	vid3: movie = 'stims/wedding-31.3a.mp4'
445.6171 	EXP 	vid3: autoLog = True
445.6171 	EXP 	vid4: movie = 'stims/wedding-31.4b.mp4'
445.6171 	EXP 	vid4: autoLog = True
445.6171 	EXP 	vid5: movie = 'stims/wedding-31.5.mp4'
445.6171 	EXP 	vid5: autoLog = True
448.3013 	EXP 	window1: recordFrameIntervals = False
449.8878 	DATA 	Keypress: equal
449.8901 	DATA 	Keypress: equal
449.8921 	DATA 	Keypress: equal
450.0974 	EXP 	vid1a: movie = 'stims/wedding-31.1a.mp4'
450.0974 	EXP 	vid1b: movie = 'stims/wedding-31.1b.mp4'
450.0974 	EXP 	vid2: movie = 'stims/wedding-31.2b.mp4'
450.0974 	EXP 	vid3: movie = 'stims/wedding-31.3a.mp4'
450.0974 	EXP 	vid4: movie = 'stims/wedding-31.4b.mp4'
450.0974 	EXP 	vid5: movie = 'stims/wedding-31.5.mp4'
450.0974 	EXP 	image: image = 'south.png'
450.1167 	EXP 	vid1a: autoDraw = True
450.1167 	EXP 	image: autoDraw = True
450.1167 	EXP 	image: autoDraw = False
451.1212 	DATA 	Keypress: equal
452.6247 	DATA 	Keypress: equal
454.1270 	DATA 	Keypress: equal
455.6236 	DATA 	Keypress: equal
457.1240 	DATA 	Keypress: equal
458.6165 	DATA 	Keypress: equal
460.1161 	DATA 	Keypress: equal
461.6163 	DATA 	Keypress: equal
463.1158 	DATA 	Keypress: equal
464.6158 	DATA 	Keypress: equal
466.1158 	DATA 	Keypress: equal
467.6158 	DATA 	Keypress: equal
469.1159 	DATA 	Keypress: equal
470.6156 	DATA 	Keypress: equal
472.1159 	DATA 	Keypress: equal
472.8137 	EXP 	vid1a: autoDraw = False
472.8303 	EXP 	vid1b: autoDraw = True
473.6156 	DATA 	Keypress: equal
475.1156 	DATA 	Keypress: equal
476.6155 	DATA 	Keypress: equal
478.1157 	DATA 	Keypress: equal
479.6156 	DATA 	Keypress: equal
481.1154 	DATA 	Keypress: equal
481.8136 	EXP 	vid1b: autoDraw = False
481.8302 	EXP 	vid2: autoDraw = True
482.6155 	DATA 	Keypress: equal
484.1155 	DATA 	Keypress: equal
485.6155 	DATA 	Keypress: equal
487.1154 	DATA 	Keypress: equal
488.6443 	DATA 	Keypress: equal
490.1154 	DATA 	Keypress: equal
491.6155 	DATA 	Keypress: equal
493.1154 	DATA 	Keypress: equal
494.6152 	DATA 	Keypress: equal
496.1155 	DATA 	Keypress: equal
497.6156 	DATA 	Keypress: equal
498.3134 	EXP 	Set vid2 finished
498.8300 	EXP 	vid3: autoDraw = True
499.1156 	DATA 	Keypress: equal
500.6156 	DATA 	Keypress: equal
502.1152 	DATA 	Keypress: equal
503.6154 	DATA 	Keypress: equal
505.1152 	DATA 	Keypress: equal
506.6153 	DATA 	Keypress: equal
508.1153 	DATA 	Keypress: equal
509.6151 	DATA 	Keypress: equal
511.1178 	DATA 	Keypress: equal
512.6152 	DATA 	Keypress: equal
514.1153 	DATA 	Keypress: equal
515.6153 	DATA 	Keypress: equal
517.1151 	DATA 	Keypress: equal
518.6153 	DATA 	Keypress: equal
520.1150 	DATA 	Keypress: equal
521.6151 	DATA 	Keypress: equal
521.8131 	EXP 	vid3: autoDraw = False
521.8297 	EXP 	vid4: autoDraw = True
523.1152 	DATA 	Keypress: equal
524.6154 	DATA 	Keypress: equal
526.1151 	DATA 	Keypress: equal
527.6155 	DATA 	Keypress: equal
529.1150 	DATA 	Keypress: equal
530.6149 	DATA 	Keypress: equal
532.1150 	DATA 	Keypress: equal
533.6148 	DATA 	Keypress: equal
535.1149 	DATA 	Keypress: equal
536.6150 	DATA 	Keypress: equal
538.1148 	DATA 	Keypress: equal
539.6148 	DATA 	Keypress: equal
541.1147 	DATA 	Keypress: equal
542.6149 	DATA 	Keypress: equal
544.1149 	DATA 	Keypress: equal
545.6162 	DATA 	Keypress: equal
545.8128 	EXP 	vid4: autoDraw = False
545.8294 	EXP 	vid5: autoDraw = True
547.1150 	DATA 	Keypress: equal
548.6148 	DATA 	Keypress: equal
550.1149 	DATA 	Keypress: equal
551.6146 	DATA 	Keypress: equal
553.1147 	DATA 	Keypress: equal
554.6147 	DATA 	Keypress: equal
556.1145 	DATA 	Keypress: equal
557.6146 	DATA 	Keypress: equal
557.9793 	EXP 	Set vid5 finished
558.1874 	EXP 	Created sequence: random, trialTypes=1, nReps=1, seed=None
558.1877 	EXP 	New trial (rep=0, index=0): None
558.6835 	EXP 	Created vid1a_q = MovieStim3(__class__=<class 'psychopy.visual.movie3.MovieStim3'>, autoLog=True, color=UNKNOWN, colorSpace=UNKNOWN, depth=-1.0, filename='stims/wedding-31.1a.mp4', flipHoriz=False, flipVert=False, fps=UNKNOWN, interpolate=True, loop=False, name='vid1a_q', noAudio=False, opacity=1.0, ori=0, pos=array([0., 0.]), size=array([1280.,  720.]), units='pix', vframe_callback=UNKNOWN, volume=UNKNOWN, win=Window(...))
559.0711 	EXP 	Created vid1b_q = MovieStim3(__class__=<class 'psychopy.visual.movie3.MovieStim3'>, autoLog=True, color=UNKNOWN, colorSpace=UNKNOWN, depth=-2.0, filename='stims/wedding-31.1b.mp4', flipHoriz=False, flipVert=False, fps=UNKNOWN, interpolate=True, loop=False, name='vid1b_q', noAudio=False, opacity=1.0, ori=0, pos=array([0., 0.]), size=array([1280.,  720.]), units='pix', vframe_callback=UNKNOWN, volume=UNKNOWN, win=Window(...))
559.5269 	EXP 	Created vid2_q = MovieStim3(__class__=<class 'psychopy.visual.movie3.MovieStim3'>, autoLog=True, color=UNKNOWN, colorSpace=UNKNOWN, depth=-3.0, filename='stims/wedding-31.2b.mp4', flipHoriz=False, flipVert=False, fps=UNKNOWN, interpolate=True, loop=False, name='vid2_q', noAudio=False, opacity=1.0, ori=0, pos=array([0., 0.]), size=array([1280.,  720.]), units='pix', vframe_callback=UNKNOWN, volume=UNKNOWN, win=Window(...))
559.9930 	EXP 	Created vid3_q = MovieStim3(__class__=<class 'psychopy.visual.movie3.MovieStim3'>, autoLog=True, color=UNKNOWN, colorSpace=UNKNOWN, depth=-5.0, filename='stims/wedding-31.3a.mp4', flipHoriz=False, flipVert=False, fps=UNKNOWN, interpolate=True, loop=False, name='vid3_q', noAudio=False, opacity=1.0, ori=0, pos=array([0., 0.]), size=array([1280.,  720.]), units='pix', vframe_callback=UNKNOWN, volume=UNKNOWN, win=Window(...))
560.4700 	EXP 	Created vid4_q = MovieStim3(__class__=<class 'psychopy.visual.movie3.MovieStim3'>, autoLog=True, color=UNKNOWN, colorSpace=UNKNOWN, depth=-7.0, filename='stims/wedding-31.4b.mp4', flipHoriz=False, flipVert=False, fps=UNKNOWN, interpolate=True, loop=False, name='vid4_q', noAudio=False, opacity=1.0, ori=0, pos=array([0., 0.]), size=array([1280.,  720.]), units='pix', vframe_callback=UNKNOWN, volume=UNKNOWN, win=Window(...))
560.8618 	EXP 	Created vid5_q = MovieStim3(__class__=<class 'psychopy.visual.movie3.MovieStim3'>, autoLog=True, color=UNKNOWN, colorSpace=UNKNOWN, depth=-8.0, filename='stims/wedding-31.5.mp4', flipHoriz=False, flipVert=False, fps=UNKNOWN, interpolate=True, loop=False, name='vid5_q', noAudio=False, opacity=1.0, ori=0, pos=array([0., 0.]), size=array([1280.,  720.]), units='pix', vframe_callback=UNKNOWN, volume=UNKNOWN, win=Window(...))
561.1476 	EXP 	window1: recordFrameIntervals = False
561.1511 	DATA 	Keypress: equal
561.1533 	DATA 	Keypress: equal
561.1652 	EXP 	vid1a: autoDraw = False
561.1652 	EXP 	vid1b: autoDraw = False
561.1652 	EXP 	vid2: autoDraw = False
561.1652 	EXP 	vid3: autoDraw = False
561.1652 	EXP 	vid4: autoDraw = False
561.1652 	EXP 	vid5: autoDraw = False
561.1652 	EXP 	image: autoDraw = False
561.1652 	EXP 	vid1a_q: movie = 'stims/wedding-31.1a.mp4'
561.1652 	EXP 	vid1a_q: autoLog = True
561.1652 	EXP 	vid1b_q: movie = 'stims/wedding-31.1b.mp4'
561.1652 	EXP 	vid1b_q: autoLog = True
561.1652 	EXP 	vid2_q: movie = 'stims/wedding-31.2b.mp4'
561.1652 	EXP 	vid2_q: autoLog = True
561.1652 	EXP 	vid3_q: movie = 'stims/wedding-31.3a.mp4'
561.1652 	EXP 	vid3_q: autoLog = True
561.1652 	EXP 	vid4_q: movie = 'stims/wedding-31.4b.mp4'
561.1652 	EXP 	vid4_q: autoLog = True
561.1652 	EXP 	vid5_q: movie = 'stims/wedding-31.5.mp4'
561.1652 	EXP 	vid5_q: autoLog = True
561.1652 	EXP 	vid1a_q: autoDraw = False
561.1652 	EXP 	vid1b_q: autoDraw = False
561.1652 	EXP 	vid2_q: autoDraw = False
561.1652 	EXP 	l2q: autoDraw = False
561.1652 	EXP 	vid3_q: autoDraw = False
561.1652 	EXP 	l3q: autoDraw = False
561.1652 	EXP 	vid4_q: autoDraw = False
561.1652 	EXP 	vid5_q: autoDraw = False
561.1652 	EXP 	reveal: autoDraw = False
561.3579 	EXP 	window1: recordFrameIntervals = False
562.9344 	DATA 	Keypress: equal
563.1659 	EXP 	eggPainting1: image = 'stimsday1details/painting31.png'
563.1659 	EXP 	eggPainting2: image = 'stimsday1details/newpainting11.png'
563.1659 	EXP 	character1: image = 'stimsday1details/couple31.png'
563.1659 	EXP 	character2: image = 'stimsday1details/newperson23.png'
563.1659 	EXP 	gift1: image = 'stimsday1details/gift31.png'
563.1659 	EXP 	gift2: image = 'stimsday1details/new23.png'
563.1659 	EXP 	themeQ1: image = 'stimsday1details/ct31.png'
563.1659 	EXP 	themeQ2: image = 'stimsday1details/t31.png'
563.1659 	EXP 	nameQ1: image = 'stimsday1details/cn31.png'
563.1659 	EXP 	nameQ2: image = 'stimsday1details/n31.png'
563.1659 	EXP 	nameQ1: autoDraw = True
563.1659 	EXP 	nameQ2: autoDraw = True
563.6144 	DATA 	Keypress: equal
563.9141 	DATA 	Keypress: 2
565.1141 	DATA 	Keypress: equal
565.1458 	EXP 	nameQ1: autoDraw = False
565.1458 	EXP 	nameQ2: autoDraw = False
565.1458 	EXP 	nameQ1: autoDraw = False
565.1458 	EXP 	nameQ2: autoDraw = False
565.1458 	EXP 	eggPainting1: autoDraw = True
565.1458 	EXP 	eggPainting2: autoDraw = True
565.7973 	DATA 	Keypress: 1
566.6143 	DATA 	Keypress: equal
567.1458 	EXP 	eggPainting1: autoDraw = False
567.1458 	EXP 	eggPainting2: autoDraw = False
567.1458 	EXP 	eggPainting1: autoDraw = False
567.1458 	EXP 	eggPainting2: autoDraw = False
567.1458 	EXP 	character1: autoDraw = True
567.1458 	EXP 	character2: autoDraw = True
567.9307 	DATA 	Keypress: 1
568.1140 	DATA 	Keypress: equal
569.1458 	EXP 	character1: autoDraw = False
569.1458 	EXP 	character2: autoDraw = False
569.1458 	EXP 	character1: autoDraw = False
569.1458 	EXP 	character2: autoDraw = False
569.1458 	EXP 	themeQ1: autoDraw = True
569.1458 	EXP 	themeQ2: autoDraw = True
569.6142 	DATA 	Keypress: equal
570.1140 	DATA 	Keypress: 2
571.1142 	DATA 	Keypress: equal
571.1458 	EXP 	themeQ1: autoDraw = False
571.1458 	EXP 	themeQ2: autoDraw = False
571.1458 	EXP 	themeQ1: autoDraw = False
571.1458 	EXP 	themeQ2: autoDraw = False
571.1458 	EXP 	gift1: autoDraw = True
571.1458 	EXP 	gift2: autoDraw = True
571.8639 	DATA 	Keypress: 1
572.6141 	DATA 	Keypress: equal
573.1457 	EXP 	gift1: autoDraw = False
573.1457 	EXP 	gift2: autoDraw = False
573.1457 	EXP 	gift1: autoDraw = False
573.1457 	EXP 	gift2: autoDraw = False
573.1457 	EXP 	northorsouth1: autoDraw = True
573.1457 	EXP 	northorsouth2: autoDraw = True
573.8976 	DATA 	Keypress: 2
574.1142 	DATA 	Keypress: equal
575.4040 	EXP 	New trial (rep=0, index=4): OrderedDict([('condsFile', 'videoBlock_schemaS_pathB_4.csv')])
575.4169 	EXP 	Imported videoBlock_schemaS_pathB_4.csv as conditions, 1 conditions, 17 params
575.4174 	EXP 	Created sequence: random, trialTypes=1, nReps=1, seed=None
575.4182 	EXP 	New trial (rep=0, index=0): OrderedDict([('northOrSouth', 'south.png'), ('stimFile1a', 'stims/wedding-35.1a.mp4'), ('stimFile1b', 'stims/wedding-35.1b.mp4'), ('stimFile2', 'stims/wedding-35.2b.mp4'), ('stimFile3', 'stims/wedding-35.3a.mp4'), ('stimFile4', 'stims/wedding-35.4b.mp4'), ('stimFile5', 'stims/wedding-35.5.mp4'), ('QeggPainting1', 'stimsday1details/newpainting10.png'), ('Qcharacter1', 'stimsday1details/newperson22.png'), ('Qgift1', 'stimsday1details/gift35.png'), ('QeggPainting2', 'stimsday1details/painting35.png'), ('Qcharacter2', 'stimsday1details/couple35.png'), ('Qgift2', 'stimsday1details/new22.png'), ('Qname1', 'stimsday1details/n35.png'), ('Qtheme1', 'stimsday1details/t35.png'), ('Qname2', 'stimsday1details/cn35.png'), ('Qtheme2', 'stimsday1details/ct35.png')])
575.4290 	EXP 	northorsouth1: autoDraw = False
575.4290 	EXP 	northorsouth2: autoDraw = False
575.4290 	EXP 	northorsouth1: autoDraw = False
575.4290 	EXP 	northorsouth2: autoDraw = False
575.4290 	EXP 	image_2: autoDraw = True
575.6143 	DATA 	Keypress: equal
577.1143 	DATA 	Keypress: equal
577.4136 	EXP 	Created sequence: random, trialTypes=1, nReps=1, seed=None
577.4141 	EXP 	New trial (rep=0, index=0): None
577.9248 	EXP 	Created vid1a = MovieStim3(__class__=<class 'psychopy.visual.movie3.MovieStim3'>, autoLog=True, color=UNKNOWN, colorSpace=UNKNOWN, depth=-1.0, filename='stims/wedding-35.1a.mp4', flipHoriz=False, flipVert=False, fps=UNKNOWN, interpolate=True, loop=False, name='vid1a', noAudio=False, opacity=1.0, ori=0, pos=array([0., 0.]), size=array([1280.,  720.]), units='pix', vframe_callback=UNKNOWN, volume=UNKNOWN, win=Window(...))
578.3264 	EXP 	Created vid1b = MovieStim3(__class__=<class 'psychopy.visual.movie3.MovieStim3'>, autoLog=True, color=UNKNOWN, colorSpace=UNKNOWN, depth=-2.0, filename='stims/wedding-35.1b.mp4', flipHoriz=False, flipVert=False, fps=UNKNOWN, interpolate=True, loop=False, name='vid1b', noAudio=False, opacity=1.0, ori=0, pos=array([0., 0.]), size=array([1280.,  720.]), units='pix', vframe_callback=UNKNOWN, volume=UNKNOWN, win=Window(...))
578.7545 	EXP 	Created vid2 = MovieStim3(__class__=<class 'psychopy.visual.movie3.MovieStim3'>, autoLog=True, color=UNKNOWN, colorSpace=UNKNOWN, depth=-3.0, filename='stims/wedding-35.2b.mp4', flipHoriz=False, flipVert=False, fps=UNKNOWN, interpolate=True, loop=False, name='vid2', noAudio=False, opacity=1.0, ori=0, pos=array([0., 0.]), size=array([1280.,  720.]), units='pix', vframe_callback=UNKNOWN, volume=UNKNOWN, win=Window(...))
579.2218 	EXP 	Created vid3 = MovieStim3(__class__=<class 'psychopy.visual.movie3.MovieStim3'>, autoLog=True, color=UNKNOWN, colorSpace=UNKNOWN, depth=-4.0, filename='stims/wedding-35.3a.mp4', flipHoriz=False, flipVert=False, fps=UNKNOWN, interpolate=True, loop=False, name='vid3', noAudio=False, opacity=1.0, ori=0, pos=array([0., 0.]), size=array([1280.,  720.]), units='pix', vframe_callback=UNKNOWN, volume=UNKNOWN, win=Window(...))
579.6866 	EXP 	Created vid4 = MovieStim3(__class__=<class 'psychopy.visual.movie3.MovieStim3'>, autoLog=True, color=UNKNOWN, colorSpace=UNKNOWN, depth=-5.0, filename='stims/wedding-35.4b.mp4', flipHoriz=False, flipVert=False, fps=UNKNOWN, interpolate=True, loop=False, name='vid4', noAudio=False, opacity=1.0, ori=0, pos=array([0., 0.]), size=array([1280.,  720.]), units='pix', vframe_callback=UNKNOWN, volume=UNKNOWN, win=Window(...))
580.1265 	EXP 	Created vid5 = MovieStim3(__class__=<class 'psychopy.visual.movie3.MovieStim3'>, autoLog=True, color=UNKNOWN, colorSpace=UNKNOWN, depth=-6.0, filename='stims/wedding-35.5.mp4', flipHoriz=False, flipVert=False, fps=UNKNOWN, interpolate=True, loop=False, name='vid5', noAudio=False, opacity=1.0, ori=0, pos=array([0., 0.]), size=array([1280.,  720.]), units='pix', vframe_callback=UNKNOWN, volume=UNKNOWN, win=Window(...))
580.2099 	EXP 	window1: recordFrameIntervals = False
580.2132 	DATA 	Keypress: equal
580.2155 	DATA 	Keypress: equal
580.2290 	EXP 	image_2: autoDraw = False
580.2290 	EXP 	image_2: autoDraw = False
580.2290 	EXP 	vid1a: movie = 'stims/wedding-35.1a.mp4'
580.2290 	EXP 	vid1a: autoLog = True
580.2290 	EXP 	vid1b: movie = 'stims/wedding-35.1b.mp4'
580.2290 	EXP 	vid1b: autoLog = True
580.2290 	EXP 	vid2: movie = 'stims/wedding-35.2b.mp4'
580.2290 	EXP 	vid2: autoLog = True
580.2290 	EXP 	vid3: movie = 'stims/wedding-35.3a.mp4'
580.2290 	EXP 	vid3: autoLog = True
580.2290 	EXP 	vid4: movie = 'stims/wedding-35.4b.mp4'
580.2290 	EXP 	vid4: autoLog = True
580.2290 	EXP 	vid5: movie = 'stims/wedding-35.5.mp4'
580.2290 	EXP 	vid5: autoLog = True
582.8776 	EXP 	window1: recordFrameIntervals = False
584.4978 	DATA 	Keypress: equal
584.5002 	DATA 	Keypress: equal
584.6114 	DATA 	Keypress: equal
584.7123 	EXP 	vid1a: movie = 'stims/wedding-35.1a.mp4'
584.7123 	EXP 	vid1b: movie = 'stims/wedding-35.1b.mp4'
584.7123 	EXP 	vid2: movie = 'stims/wedding-35.2b.mp4'
584.7123 	EXP 	vid3: movie = 'stims/wedding-35.3a.mp4'
584.7123 	EXP 	vid4: movie = 'stims/wedding-35.4b.mp4'
584.7123 	EXP 	vid5: movie = 'stims/wedding-35.5.mp4'
584.7123 	EXP 	image: image = 'south.png'
584.7289 	EXP 	vid1a: autoDraw = True
584.7289 	EXP 	image: autoDraw = True
584.7289 	EXP 	image: autoDraw = False
586.1145 	DATA 	Keypress: equal
587.6142 	DATA 	Keypress: equal
589.1143 	DATA 	Keypress: equal
590.6144 	DATA 	Keypress: equal
592.1143 	DATA 	Keypress: equal
593.6144 	DATA 	Keypress: equal
595.1143 	DATA 	Keypress: equal
596.6141 	DATA 	Keypress: equal
598.1143 	DATA 	Keypress: equal
599.6142 	DATA 	Keypress: equal
601.1422 	DATA 	Keypress: equal
602.6140 	DATA 	Keypress: equal
604.1141 	DATA 	Keypress: equal
605.6139 	DATA 	Keypress: equal
607.1139 	DATA 	Keypress: equal
607.4453 	EXP 	vid1a: autoDraw = False
607.4453 	EXP 	vid1b: autoDraw = True
608.6141 	DATA 	Keypress: equal
610.1141 	DATA 	Keypress: equal
611.6141 	DATA 	Keypress: equal
613.1139 	DATA 	Keypress: equal
614.6141 	DATA 	Keypress: equal
616.1138 	DATA 	Keypress: equal
616.1285 	EXP 	Set vid1b finished
616.4452 	EXP 	vid2: autoDraw = True
617.6142 	DATA 	Keypress: equal
619.1139 	DATA 	Keypress: equal
620.6138 	DATA 	Keypress: equal
622.1138 	DATA 	Keypress: equal
623.6137 	DATA 	Keypress: equal
625.1140 	DATA 	Keypress: equal
626.6141 	DATA 	Keypress: equal
628.1137 	DATA 	Keypress: equal
629.6424 	DATA 	Keypress: equal
631.1138 	DATA 	Keypress: equal
632.6136 	DATA 	Keypress: equal
633.4283 	EXP 	vid2: autoDraw = False
633.4450 	EXP 	vid3: autoDraw = True
634.1136 	DATA 	Keypress: equal
635.6135 	DATA 	Keypress: equal
637.1134 	DATA 	Keypress: equal
638.6138 	DATA 	Keypress: equal
640.1138 	DATA 	Keypress: equal
641.6134 	DATA 	Keypress: equal
643.1138 	DATA 	Keypress: equal
644.6135 	DATA 	Keypress: equal
646.1137 	DATA 	Keypress: equal
647.6138 	DATA 	Keypress: equal
649.1134 	DATA 	Keypress: equal
650.6136 	DATA 	Keypress: equal
652.1135 	DATA 	Keypress: equal
653.6137 	DATA 	Keypress: equal
655.1135 	DATA 	Keypress: equal
656.4280 	EXP 	vid3: autoDraw = False
656.4447 	EXP 	vid4: autoDraw = True
656.6133 	DATA 	Keypress: equal
658.1134 	DATA 	Keypress: equal
659.6132 	DATA 	Keypress: equal
661.1134 	DATA 	Keypress: equal
662.6131 	DATA 	Keypress: equal
664.1412 	DATA 	Keypress: equal
665.6135 	DATA 	Keypress: equal
667.1133 	DATA 	Keypress: equal
668.6136 	DATA 	Keypress: equal
670.1132 	DATA 	Keypress: equal
671.6134 	DATA 	Keypress: equal
673.1131 	DATA 	Keypress: equal
674.6131 	DATA 	Keypress: equal
676.1133 	DATA 	Keypress: equal
677.6132 	DATA 	Keypress: equal
679.1132 	DATA 	Keypress: equal
679.3611 	EXP 	Set vid4 finished
680.4444 	EXP 	vid5: autoDraw = True
680.6130 	DATA 	Keypress: equal
682.1131 	DATA 	Keypress: equal
683.6130 	DATA 	Keypress: equal
685.1129 	DATA 	Keypress: equal
686.6130 	DATA 	Keypress: equal
688.1129 	DATA 	Keypress: equal
689.6131 	DATA 	Keypress: equal
691.1129 	DATA 	Keypress: equal
692.6129 	DATA 	Keypress: equal
692.7609 	EXP 	Set vid5 finished
692.9958 	EXP 	Created sequence: random, trialTypes=1, nReps=1, seed=None
692.9961 	EXP 	New trial (rep=0, index=0): None
693.4865 	EXP 	Created vid1a_q = MovieStim3(__class__=<class 'psychopy.visual.movie3.MovieStim3'>, autoLog=True, color=UNKNOWN, colorSpace=UNKNOWN, depth=-1.0, filename='stims/wedding-35.1a.mp4', flipHoriz=False, flipVert=False, fps=UNKNOWN, interpolate=True, loop=False, name='vid1a_q', noAudio=False, opacity=1.0, ori=0, pos=array([0., 0.]), size=array([1280.,  720.]), units='pix', vframe_callback=UNKNOWN, volume=UNKNOWN, win=Window(...))
693.8640 	EXP 	Created vid1b_q = MovieStim3(__class__=<class 'psychopy.visual.movie3.MovieStim3'>, autoLog=True, color=UNKNOWN, colorSpace=UNKNOWN, depth=-2.0, filename='stims/wedding-35.1b.mp4', flipHoriz=False, flipVert=False, fps=UNKNOWN, interpolate=True, loop=False, name='vid1b_q', noAudio=False, opacity=1.0, ori=0, pos=array([0., 0.]), size=array([1280.,  720.]), units='pix', vframe_callback=UNKNOWN, volume=UNKNOWN, win=Window(...))
694.2788 	EXP 	Created vid2_q = MovieStim3(__class__=<class 'psychopy.visual.movie3.MovieStim3'>, autoLog=True, color=UNKNOWN, colorSpace=UNKNOWN, depth=-3.0, filename='stims/wedding-35.2b.mp4', flipHoriz=False, flipVert=False, fps=UNKNOWN, interpolate=True, loop=False, name='vid2_q', noAudio=False, opacity=1.0, ori=0, pos=array([0., 0.]), size=array([1280.,  720.]), units='pix', vframe_callback=UNKNOWN, volume=UNKNOWN, win=Window(...))
694.7433 	EXP 	Created vid3_q = MovieStim3(__class__=<class 'psychopy.visual.movie3.MovieStim3'>, autoLog=True, color=UNKNOWN, colorSpace=UNKNOWN, depth=-5.0, filename='stims/wedding-35.3a.mp4', flipHoriz=False, flipVert=False, fps=UNKNOWN, interpolate=True, loop=False, name='vid3_q', noAudio=False, opacity=1.0, ori=0, pos=array([0., 0.]), size=array([1280.,  720.]), units='pix', vframe_callback=UNKNOWN, volume=UNKNOWN, win=Window(...))
695.2071 	EXP 	Created vid4_q = MovieStim3(__class__=<class 'psychopy.visual.movie3.MovieStim3'>, autoLog=True, color=UNKNOWN, colorSpace=UNKNOWN, depth=-7.0, filename='stims/wedding-35.4b.mp4', flipHoriz=False, flipVert=False, fps=UNKNOWN, interpolate=True, loop=False, name='vid4_q', noAudio=False, opacity=1.0, ori=0, pos=array([0., 0.]), size=array([1280.,  720.]), units='pix', vframe_callback=UNKNOWN, volume=UNKNOWN, win=Window(...))
695.6097 	EXP 	Created vid5_q = MovieStim3(__class__=<class 'psychopy.visual.movie3.MovieStim3'>, autoLog=True, color=UNKNOWN, colorSpace=UNKNOWN, depth=-8.0, filename='stims/wedding-35.5.mp4', flipHoriz=False, flipVert=False, fps=UNKNOWN, interpolate=True, loop=False, name='vid5_q', noAudio=False, opacity=1.0, ori=0, pos=array([0., 0.]), size=array([1280.,  720.]), units='pix', vframe_callback=UNKNOWN, volume=UNKNOWN, win=Window(...))
695.9317 	EXP 	window1: recordFrameIntervals = False
695.9347 	DATA 	Keypress: equal
695.9370 	DATA 	Keypress: equal
695.9488 	EXP 	vid1a: autoDraw = False
695.9488 	EXP 	vid1b: autoDraw = False
695.9488 	EXP 	vid2: autoDraw = False
695.9488 	EXP 	vid3: autoDraw = False
695.9488 	EXP 	vid4: autoDraw = False
695.9488 	EXP 	vid5: autoDraw = False
695.9488 	EXP 	image: autoDraw = False
695.9488 	EXP 	vid1a_q: movie = 'stims/wedding-35.1a.mp4'
695.9488 	EXP 	vid1a_q: autoLog = True
695.9488 	EXP 	vid1b_q: movie = 'stims/wedding-35.1b.mp4'
695.9488 	EXP 	vid1b_q: autoLog = True
695.9488 	EXP 	vid2_q: movie = 'stims/wedding-35.2b.mp4'
695.9488 	EXP 	vid2_q: autoLog = True
695.9488 	EXP 	vid3_q: movie = 'stims/wedding-35.3a.mp4'
695.9488 	EXP 	vid3_q: autoLog = True
695.9488 	EXP 	vid4_q: movie = 'stims/wedding-35.4b.mp4'
695.9488 	EXP 	vid4_q: autoLog = True
695.9488 	EXP 	vid5_q: movie = 'stims/wedding-35.5.mp4'
695.9488 	EXP 	vid5_q: autoLog = True
695.9488 	EXP 	vid1a_q: autoDraw = False
695.9488 	EXP 	vid1b_q: autoDraw = False
695.9488 	EXP 	vid2_q: autoDraw = False
695.9488 	EXP 	l2q: autoDraw = False
695.9488 	EXP 	vid3_q: autoDraw = False
695.9488 	EXP 	l3q: autoDraw = False
695.9488 	EXP 	vid4_q: autoDraw = False
695.9488 	EXP 	vid5_q: autoDraw = False
695.9488 	EXP 	reveal: autoDraw = False
696.1417 	EXP 	window1: recordFrameIntervals = False
697.7175 	DATA 	Keypress: equal
697.9442 	EXP 	eggPainting1: image = 'stimsday1details/newpainting10.png'
697.9442 	EXP 	eggPainting2: image = 'stimsday1details/painting35.png'
697.9442 	EXP 	character1: image = 'stimsday1details/newperson22.png'
697.9442 	EXP 	character2: image = 'stimsday1details/couple35.png'
697.9442 	EXP 	gift1: image = 'stimsday1details/gift35.png'
697.9442 	EXP 	gift2: image = 'stimsday1details/new22.png'
697.9442 	EXP 	themeQ1: image = 'stimsday1details/t35.png'
697.9442 	EXP 	themeQ2: image = 'stimsday1details/ct35.png'
697.9442 	EXP 	nameQ1: image = 'stimsday1details/n35.png'
697.9442 	EXP 	nameQ2: image = 'stimsday1details/cn35.png'
697.9442 	EXP 	nameQ1: autoDraw = True
697.9442 	EXP 	nameQ2: autoDraw = True
698.4461 	DATA 	Keypress: 1
698.6126 	DATA 	Keypress: equal
699.9275 	EXP 	nameQ1: autoDraw = False
699.9275 	EXP 	nameQ2: autoDraw = False
699.9275 	EXP 	nameQ1: autoDraw = False
699.9275 	EXP 	nameQ2: autoDraw = False
699.9275 	EXP 	eggPainting1: autoDraw = True
699.9275 	EXP 	eggPainting2: autoDraw = True
700.1124 	DATA 	Keypress: equal
700.6289 	DATA 	Keypress: 2
701.6126 	DATA 	Keypress: equal
701.9274 	EXP 	eggPainting1: autoDraw = False
701.9274 	EXP 	eggPainting2: autoDraw = False
701.9274 	EXP 	eggPainting1: autoDraw = False
701.9274 	EXP 	eggPainting2: autoDraw = False
701.9274 	EXP 	character1: autoDraw = True
701.9274 	EXP 	character2: autoDraw = True
702.7122 	DATA 	Keypress: 2
703.1126 	DATA 	Keypress: equal
703.9274 	EXP 	character1: autoDraw = False
703.9274 	EXP 	character2: autoDraw = False
703.9274 	EXP 	character1: autoDraw = False
703.9274 	EXP 	character2: autoDraw = False
703.9274 	EXP 	themeQ1: autoDraw = True
703.9274 	EXP 	themeQ2: autoDraw = True
704.6126 	DATA 	Keypress: equal
704.9289 	DATA 	Keypress: 1
705.9274 	EXP 	themeQ1: autoDraw = False
705.9274 	EXP 	themeQ2: autoDraw = False
705.9274 	EXP 	themeQ1: autoDraw = False
705.9274 	EXP 	themeQ2: autoDraw = False
705.9274 	EXP 	gift1: autoDraw = True
705.9274 	EXP 	gift2: autoDraw = True
706.1125 	DATA 	Keypress: equal
706.6624 	DATA 	Keypress: 1
707.6125 	DATA 	Keypress: equal
707.9274 	EXP 	gift1: autoDraw = False
707.9274 	EXP 	gift2: autoDraw = False
707.9274 	EXP 	gift1: autoDraw = False
707.9274 	EXP 	gift2: autoDraw = False
707.9274 	EXP 	northorsouth1: autoDraw = True
707.9274 	EXP 	northorsouth2: autoDraw = True
708.4790 	DATA 	Keypress: 2
709.1125 	DATA 	Keypress: equal
710.2167 	EXP 	New trial (rep=0, index=5): OrderedDict([('condsFile', 'videoBlock_schemaS_pathA_5.csv')])
710.2307 	EXP 	Imported videoBlock_schemaS_pathA_5.csv as conditions, 1 conditions, 17 params
710.2312 	EXP 	Created sequence: random, trialTypes=1, nReps=1, seed=None
710.2320 	EXP 	New trial (rep=0, index=0): OrderedDict([('northOrSouth', 'south.png'), ('stimFile1a', 'stims/wedding-26.1a.mp4'), ('stimFile1b', 'stims/wedding-26.1b.mp4'), ('stimFile2', 'stims/wedding-26.2a.mp4'), ('stimFile3', 'stims/wedding-26.3b.mp4'), ('stimFile4', 'stims/wedding-26.4a.mp4'), ('stimFile5', 'stims/wedding-26.5.mp4'), ('QeggPainting1', 'stimsday1details/egg26.png'), ('Qcharacter1', 'stimsday1details/couple26.png'), ('Qgift1', 'stimsday1details/gift26.png'), ('QeggPainting2', 'stimsday1details/newegg11.png'), ('Qcharacter2', 'stimsday1details/newperson11.png'), ('Qgift2', 'stimsday1details/new11.png'), ('Qname1', 'stimsday1details/cn26.png'), ('Qtheme1', 'stimsday1details/ct26.png'), ('Qname2', 'stimsday1details/n26.png'), ('Qtheme2', 'stimsday1details/t26.png')])
710.2440 	EXP 	northorsouth1: autoDraw = False
710.2440 	EXP 	northorsouth2: autoDraw = False
710.2440 	EXP 	northorsouth1: autoDraw = False
710.2440 	EXP 	northorsouth2: autoDraw = False
710.2440 	EXP 	image_2: autoDraw = True
710.6127 	DATA 	Keypress: equal
712.1125 	DATA 	Keypress: equal
712.2287 	EXP 	Created sequence: random, trialTypes=1, nReps=1, seed=None
712.2290 	EXP 	New trial (rep=0, index=0): None
712.7319 	EXP 	Created vid1a = MovieStim3(__class__=<class 'psychopy.visual.movie3.MovieStim3'>, autoLog=True, color=UNKNOWN, colorSpace=UNKNOWN, depth=-1.0, filename='stims/wedding-26.1a.mp4', flipHoriz=False, flipVert=False, fps=UNKNOWN, interpolate=True, loop=False, name='vid1a', noAudio=False, opacity=1.0, ori=0, pos=array([0., 0.]), size=array([1280.,  720.]), units='pix', vframe_callback=UNKNOWN, volume=UNKNOWN, win=Window(...))
713.1114 	EXP 	Created vid1b = MovieStim3(__class__=<class 'psychopy.visual.movie3.MovieStim3'>, autoLog=True, color=UNKNOWN, colorSpace=UNKNOWN, depth=-2.0, filename='stims/wedding-26.1b.mp4', flipHoriz=False, flipVert=False, fps=UNKNOWN, interpolate=True, loop=False, name='vid1b', noAudio=False, opacity=1.0, ori=0, pos=array([0., 0.]), size=array([1280.,  720.]), units='pix', vframe_callback=UNKNOWN, volume=UNKNOWN, win=Window(...))
713.5647 	EXP 	Created vid2 = MovieStim3(__class__=<class 'psychopy.visual.movie3.MovieStim3'>, autoLog=True, color=UNKNOWN, colorSpace=UNKNOWN, depth=-3.0, filename='stims/wedding-26.2a.mp4', flipHoriz=False, flipVert=False, fps=UNKNOWN, interpolate=True, loop=False, name='vid2', noAudio=False, opacity=1.0, ori=0, pos=array([0., 0.]), size=array([1280.,  720.]), units='pix', vframe_callback=UNKNOWN, volume=UNKNOWN, win=Window(...))
714.0983 	EXP 	Created vid3 = MovieStim3(__class__=<class 'psychopy.visual.movie3.MovieStim3'>, autoLog=True, color=UNKNOWN, colorSpace=UNKNOWN, depth=-4.0, filename='stims/wedding-26.3b.mp4', flipHoriz=False, flipVert=False, fps=UNKNOWN, interpolate=True, loop=False, name='vid3', noAudio=False, opacity=1.0, ori=0, pos=array([0., 0.]), size=array([1280.,  720.]), units='pix', vframe_callback=UNKNOWN, volume=UNKNOWN, win=Window(...))
714.6961 	EXP 	Created vid4 = MovieStim3(__class__=<class 'psychopy.visual.movie3.MovieStim3'>, autoLog=True, color=UNKNOWN, colorSpace=UNKNOWN, depth=-5.0, filename='stims/wedding-26.4a.mp4', flipHoriz=False, flipVert=False, fps=UNKNOWN, interpolate=True, loop=False, name='vid4', noAudio=False, opacity=1.0, ori=0, pos=array([0., 0.]), size=array([1280.,  720.]), units='pix', vframe_callback=UNKNOWN, volume=UNKNOWN, win=Window(...))
715.1277 	EXP 	Created vid5 = MovieStim3(__class__=<class 'psychopy.visual.movie3.MovieStim3'>, autoLog=True, color=UNKNOWN, colorSpace=UNKNOWN, depth=-6.0, filename='stims/wedding-26.5.mp4', flipHoriz=False, flipVert=False, fps=UNKNOWN, interpolate=True, loop=False, name='vid5', noAudio=False, opacity=1.0, ori=0, pos=array([0., 0.]), size=array([1280.,  720.]), units='pix', vframe_callback=UNKNOWN, volume=UNKNOWN, win=Window(...))
715.3972 	EXP 	Created sequence: random, trialTypes=1, nReps=1, seed=None
715.3976 	EXP 	New trial (rep=0, index=0): None
715.8761 	EXP 	Created vid1a_q = MovieStim3(__class__=<class 'psychopy.visual.movie3.MovieStim3'>, autoLog=True, color=UNKNOWN, colorSpace=UNKNOWN, depth=-1.0, filename='stims/wedding-26.1a.mp4', flipHoriz=False, flipVert=False, fps=UNKNOWN, interpolate=True, loop=False, name='vid1a_q', noAudio=False, opacity=1.0, ori=0, pos=array([0., 0.]), size=array([1280.,  720.]), units='pix', vframe_callback=UNKNOWN, volume=UNKNOWN, win=Window(...))
716.2536 	EXP 	Created vid1b_q = MovieStim3(__class__=<class 'psychopy.visual.movie3.MovieStim3'>, autoLog=True, color=UNKNOWN, colorSpace=UNKNOWN, depth=-2.0, filename='stims/wedding-26.1b.mp4', flipHoriz=False, flipVert=False, fps=UNKNOWN, interpolate=True, loop=False, name='vid1b_q', noAudio=False, opacity=1.0, ori=0, pos=array([0., 0.]), size=array([1280.,  720.]), units='pix', vframe_callback=UNKNOWN, volume=UNKNOWN, win=Window(...))
716.7095 	EXP 	Created vid2_q = MovieStim3(__class__=<class 'psychopy.visual.movie3.MovieStim3'>, autoLog=True, color=UNKNOWN, colorSpace=UNKNOWN, depth=-3.0, filename='stims/wedding-26.2a.mp4', flipHoriz=False, flipVert=False, fps=UNKNOWN, interpolate=True, loop=False, name='vid2_q', noAudio=False, opacity=1.0, ori=0, pos=array([0., 0.]), size=array([1280.,  720.]), units='pix', vframe_callback=UNKNOWN, volume=UNKNOWN, win=Window(...))
717.2409 	EXP 	Created vid3_q = MovieStim3(__class__=<class 'psychopy.visual.movie3.MovieStim3'>, autoLog=True, color=UNKNOWN, colorSpace=UNKNOWN, depth=-5.0, filename='stims/wedding-26.3b.mp4', flipHoriz=False, flipVert=False, fps=UNKNOWN, interpolate=True, loop=False, name='vid3_q', noAudio=False, opacity=1.0, ori=0, pos=array([0., 0.]), size=array([1280.,  720.]), units='pix', vframe_callback=UNKNOWN, volume=UNKNOWN, win=Window(...))
717.7811 	EXP 	Created vid4_q = MovieStim3(__class__=<class 'psychopy.visual.movie3.MovieStim3'>, autoLog=True, color=UNKNOWN, colorSpace=UNKNOWN, depth=-7.0, filename='stims/wedding-26.4a.mp4', flipHoriz=False, flipVert=False, fps=UNKNOWN, interpolate=True, loop=False, name='vid4_q', noAudio=False, opacity=1.0, ori=0, pos=array([0., 0.]), size=array([1280.,  720.]), units='pix', vframe_callback=UNKNOWN, volume=UNKNOWN, win=Window(...))
718.1707 	EXP 	Created vid5_q = MovieStim3(__class__=<class 'psychopy.visual.movie3.MovieStim3'>, autoLog=True, color=UNKNOWN, colorSpace=UNKNOWN, depth=-8.0, filename='stims/wedding-26.5.mp4', flipHoriz=False, flipVert=False, fps=UNKNOWN, interpolate=True, loop=False, name='vid5_q', noAudio=False, opacity=1.0, ori=0, pos=array([0., 0.]), size=array([1280.,  720.]), units='pix', vframe_callback=UNKNOWN, volume=UNKNOWN, win=Window(...))
718.2921 	EXP 	window1: recordFrameIntervals = False
718.2960 	DATA 	Keypress: equal
718.2985 	DATA 	Keypress: equal
718.3006 	DATA 	Keypress: equal
718.3026 	DATA 	Keypress: equal
718.3143 	EXP 	image_2: autoDraw = False
718.3143 	EXP 	image_2: autoDraw = False
718.3143 	EXP 	vid1a: movie = 'stims/wedding-26.1a.mp4'
718.3143 	EXP 	vid1a: autoLog = True
718.3143 	EXP 	vid1b: movie = 'stims/wedding-26.1b.mp4'
718.3143 	EXP 	vid1b: autoLog = True
718.3143 	EXP 	vid2: movie = 'stims/wedding-26.2a.mp4'
718.3143 	EXP 	vid2: autoLog = True
718.3143 	EXP 	vid3: movie = 'stims/wedding-26.3b.mp4'
718.3143 	EXP 	vid3: autoLog = True
718.3143 	EXP 	vid4: movie = 'stims/wedding-26.4a.mp4'
718.3143 	EXP 	vid4: autoLog = True
718.3143 	EXP 	vid5: movie = 'stims/wedding-26.5.mp4'
718.3143 	EXP 	vid5: autoLog = True
718.3143 	EXP 	vid1a: autoDraw = False
718.3143 	EXP 	vid1b: autoDraw = False
718.3143 	EXP 	vid2: autoDraw = False
718.3143 	EXP 	vid3: autoDraw = False
718.3143 	EXP 	vid4: autoDraw = False
718.3143 	EXP 	vid5: autoDraw = False
718.3143 	EXP 	image: autoDraw = False
718.3143 	EXP 	vid1a_q: movie = 'stims/wedding-26.1a.mp4'
718.3143 	EXP 	vid1a_q: autoLog = True
718.3143 	EXP 	vid1b_q: movie = 'stims/wedding-26.1b.mp4'
718.3143 	EXP 	vid1b_q: autoLog = True
718.3143 	EXP 	vid2_q: movie = 'stims/wedding-26.2a.mp4'
718.3143 	EXP 	vid2_q: autoLog = True
718.3143 	EXP 	vid3_q: movie = 'stims/wedding-26.3b.mp4'
718.3143 	EXP 	vid3_q: autoLog = True
718.3143 	EXP 	vid4_q: movie = 'stims/wedding-26.4a.mp4'
718.3143 	EXP 	vid4_q: autoLog = True
718.3143 	EXP 	vid5_q: movie = 'stims/wedding-26.5.mp4'
718.3143 	EXP 	vid5_q: autoLog = True
721.1078 	EXP 	window1: recordFrameIntervals = False
722.5850 	DATA 	Keypress: equal
722.5876 	DATA 	Keypress: equal
722.6054 	DATA 	Keypress: equal
722.7939 	EXP 	vid1a_q: movie = 'stims/wedding-26.1a.mp4'
722.7939 	EXP 	vid1b_q: movie = 'stims/wedding-26.1b.mp4'
722.7939 	EXP 	vid2_q: movie = 'stims/wedding-26.2a.mp4'
722.7939 	EXP 	vid3_q: movie = 'stims/wedding-26.3b.mp4'
722.7939 	EXP 	vid4_q: movie = 'stims/wedding-26.4a.mp4'
722.7939 	EXP 	vid5_q: movie = 'stims/wedding-26.5.mp4'
722.7939 	EXP 	reveal: image = 'south.png'
722.8105 	EXP 	vid1a_q: autoDraw = True
722.8105 	EXP 	reveal: autoDraw = True
722.8105 	EXP 	reveal: autoDraw = False
724.1126 	DATA 	Keypress: equal
725.6125 	DATA 	Keypress: equal
727.1125 	DATA 	Keypress: equal
728.6126 	DATA 	Keypress: equal
730.1127 	DATA 	Keypress: equal
731.6127 	DATA 	Keypress: equal
733.1124 	DATA 	Keypress: equal
734.6126 	DATA 	Keypress: equal
736.1124 	DATA 	Keypress: equal
737.6123 	DATA 	Keypress: equal
739.1043 	DATA 	Keypress: equal
740.6124 	DATA 	Keypress: equal
742.1126 	DATA 	Keypress: equal
743.6122 	DATA 	Keypress: equal
744.8269 	EXP 	Set vid1a_q finished
745.1125 	DATA 	Keypress: equal
745.4269 	EXP 	vid1b_q: autoDraw = True
746.6042 	DATA 	Keypress: equal
748.1126 	DATA 	Keypress: equal
749.6125 	DATA 	Keypress: equal
751.1120 	DATA 	Keypress: equal
752.6123 	DATA 	Keypress: equal
754.1122 	DATA 	Keypress: equal
754.4101 	EXP 	vid1b_q: autoDraw = False
754.4268 	EXP 	vid2_q: autoDraw = True
755.6123 	DATA 	Keypress: equal
757.1121 	DATA 	Keypress: equal
758.6120 	DATA 	Keypress: equal
760.1035 	DATA 	Keypress: equal
761.6120 	DATA 	Keypress: equal
763.1121 	DATA 	Keypress: equal
764.6119 	DATA 	Keypress: equal
766.1119 	DATA 	Keypress: equal
767.6119 	DATA 	Keypress: equal
769.1117 	DATA 	Keypress: equal
770.2432 	EXP 	Set vid2_q finished
770.6116 	DATA 	Keypress: equal
771.4265 	EXP 	l2q: autoDraw = True
772.1115 	DATA 	Keypress: equal
772.1612 	DATA 	Keypress: 2
773.6114 	DATA 	Keypress: equal
775.1380 	DATA 	Keypress: equal
775.4098 	EXP 	l2q: autoDraw = False
775.4265 	EXP 	vid3_q: autoDraw = True
776.6121 	DATA 	Keypress: equal
778.1118 	DATA 	Keypress: equal
779.6120 	DATA 	Keypress: equal
781.1117 	DATA 	Keypress: equal
782.6118 	DATA 	Keypress: equal
784.1117 	DATA 	Keypress: equal
785.6117 	DATA 	Keypress: equal
787.1116 	DATA 	Keypress: equal
788.6117 	DATA 	Keypress: equal
790.1117 	DATA 	Keypress: equal
791.6116 	DATA 	Keypress: equal
793.1119 	DATA 	Keypress: equal
794.6116 	DATA 	Keypress: equal
796.1114 	DATA 	Keypress: equal
797.6116 	DATA 	Keypress: equal
798.4096 	EXP 	vid3_q: autoDraw = False
798.4262 	EXP 	l3q: autoDraw = True
799.1116 	DATA 	Keypress: equal
799.2778 	DATA 	Keypress: 1
800.6112 	DATA 	Keypress: equal
802.1114 	DATA 	Keypress: equal
802.4095 	EXP 	l3q: autoDraw = False
802.4261 	EXP 	vid4_q: autoDraw = True
803.6027 	DATA 	Keypress: equal
805.1022 	DATA 	Keypress: equal
806.6031 	DATA 	Keypress: equal
808.1115 	DATA 	Keypress: equal
809.6023 	DATA 	Keypress: equal
811.1114 	DATA 	Keypress: equal
812.6115 	DATA 	Keypress: equal
814.1114 	DATA 	Keypress: equal
815.6116 	DATA 	Keypress: equal
817.1115 	DATA 	Keypress: equal
818.6113 	DATA 	Keypress: equal
820.1019 	DATA 	Keypress: equal
821.6111 	DATA 	Keypress: equal
823.1113 	DATA 	Keypress: equal
824.6111 	DATA 	Keypress: equal
826.1111 	DATA 	Keypress: equal
826.4091 	EXP 	vid4_q: autoDraw = False
826.4259 	EXP 	vid5_q: autoDraw = True
827.6024 	DATA 	Keypress: equal
829.1018 	DATA 	Keypress: equal
830.6029 	DATA 	Keypress: equal
832.1022 	DATA 	Keypress: equal
833.6024 	DATA 	Keypress: equal
835.1112 	DATA 	Keypress: equal
836.6111 	DATA 	Keypress: equal
838.1109 	DATA 	Keypress: equal
839.0424 	EXP 	Set vid5_q finished
839.3303 	EXP 	window1: recordFrameIntervals = False
839.3424 	EXP 	vid1a_q: autoDraw = False
839.3424 	EXP 	vid1b_q: autoDraw = False
839.3424 	EXP 	vid2_q: autoDraw = False
839.3424 	EXP 	l2q: autoDraw = False
839.3424 	EXP 	vid3_q: autoDraw = False
839.3424 	EXP 	l3q: autoDraw = False
839.3424 	EXP 	vid4_q: autoDraw = False
839.3424 	EXP 	vid5_q: autoDraw = False
839.3424 	EXP 	reveal: autoDraw = False
839.5483 	EXP 	window1: recordFrameIntervals = False
841.1168 	DATA 	Keypress: equal
841.1190 	DATA 	Keypress: equal
841.3424 	EXP 	eggPainting1: image = 'stimsday1details/egg26.png'
841.3424 	EXP 	eggPainting2: image = 'stimsday1details/newegg11.png'
841.3424 	EXP 	character1: image = 'stimsday1details/couple26.png'
841.3424 	EXP 	character2: image = 'stimsday1details/newperson11.png'
841.3424 	EXP 	gift1: image = 'stimsday1details/gift26.png'
841.3424 	EXP 	gift2: image = 'stimsday1details/new11.png'
841.3424 	EXP 	themeQ1: image = 'stimsday1details/ct26.png'
841.3424 	EXP 	themeQ2: image = 'stimsday1details/t26.png'
841.3424 	EXP 	nameQ1: image = 'stimsday1details/cn26.png'
841.3424 	EXP 	nameQ2: image = 'stimsday1details/n26.png'
841.3424 	EXP 	nameQ1: autoDraw = True
841.3424 	EXP 	nameQ2: autoDraw = True
842.0777 	DATA 	Keypress: 2
842.6106 	DATA 	Keypress: equal
843.3256 	EXP 	nameQ1: autoDraw = False
843.3256 	EXP 	nameQ2: autoDraw = False
843.3256 	EXP 	nameQ1: autoDraw = False
843.3256 	EXP 	nameQ2: autoDraw = False
843.3256 	EXP 	eggPainting1: autoDraw = True
843.3256 	EXP 	eggPainting2: autoDraw = True
843.9438 	DATA 	Keypress: 1
844.1104 	DATA 	Keypress: equal
845.3256 	EXP 	eggPainting1: autoDraw = False
845.3256 	EXP 	eggPainting2: autoDraw = False
845.3256 	EXP 	eggPainting1: autoDraw = False
845.3256 	EXP 	eggPainting2: autoDraw = False
845.3256 	EXP 	character1: autoDraw = True
845.3256 	EXP 	character2: autoDraw = True
845.6106 	DATA 	Keypress: equal
846.1771 	DATA 	Keypress: 1
847.1105 	DATA 	Keypress: equal
847.3256 	EXP 	character1: autoDraw = False
847.3256 	EXP 	character2: autoDraw = False
847.3256 	EXP 	character1: autoDraw = False
847.3256 	EXP 	character2: autoDraw = False
847.3256 	EXP 	themeQ1: autoDraw = True
847.3256 	EXP 	themeQ2: autoDraw = True
848.4108 	DATA 	Keypress: 2
848.6106 	DATA 	Keypress: equal
849.3256 	EXP 	themeQ1: autoDraw = False
849.3256 	EXP 	themeQ2: autoDraw = False
849.3256 	EXP 	themeQ1: autoDraw = False
849.3256 	EXP 	themeQ2: autoDraw = False
849.3256 	EXP 	gift1: autoDraw = True
849.3256 	EXP 	gift2: autoDraw = True
850.1105 	DATA 	Keypress: equal
850.1606 	DATA 	Keypress: 1
851.3255 	EXP 	gift1: autoDraw = False
851.3255 	EXP 	gift2: autoDraw = False
851.3255 	EXP 	gift1: autoDraw = False
851.3255 	EXP 	gift2: autoDraw = False
851.3255 	EXP 	northorsouth1: autoDraw = True
851.3255 	EXP 	northorsouth2: autoDraw = True
851.6108 	DATA 	Keypress: equal
852.0436 	DATA 	Keypress: 2
853.1106 	DATA 	Keypress: equal
853.8089 	EXP 	northorsouth1: autoDraw = False
853.8089 	EXP 	northorsouth2: autoDraw = False
853.8089 	EXP 	northorsouth1: autoDraw = False
853.8089 	EXP 	northorsouth2: autoDraw = False
854.1158 	EXP 	window1: mouseVisible = True
