1.8539 	WARNING 	Import Error: No module named 'psychtoolbox'. Using event module for keyboard component.
4.5737 	WARNING 	User requested fullscreen with size [2560 1440], but screen is actually [1920, 1080]. Using actual size
5.2250 	EXP 	Created window1 = Window(allowGUI=False, allowStencil=False, args=UNKNOWN, autoLog=True, bitsMode=UNKNOWN, blendMode='avg', color=array([0., 0., 0.]), colorSpace='rgb', fullscr=<method-wrapper '__getattribute__' of attributeSetter object at 0x1324b0b1d0>, gamma=None, kwargs=UNKNOWN, lms=UNKNOWN, monitor=<psychopy.monitors.calibTools.Monitor object at 0x13267ecc88>, multiSample=False, name='window1', numSamples=2, pos=[0.0, 0.0], screen=0, size=array([1920, 1080]), stereo=False, units='norm', useFBO=True, useRetina=False, viewOri=0.0, viewPos=None, viewScale=None, waitBlanking=True, winType='pyglet')
5.2251 	EXP 	window1: recordFrameIntervals = False
5.3910 	EXP 	window1: recordFrameIntervals = True
5.5745 	EXP 	window1: recordFrameIntervals = False
5.7001 	EXP 	Created text = TextStim(__class__=<class 'psychopy.visual.text.TextStim'>, alignHoriz='center', alignVert='center', antialias=True, autoLog=True, bold=False, color='white', colorSpace='named', contrast=1.0, depth=0.0, flipHoriz=False, flipVert=False, font='Arial', fontFiles=[], height=0.1, italic=False, languageStyle='LTR', name='text', opacity=1.0, ori=0, pos=array([0., 0.]), rgb=array([255., 255., 255.]), text='Waiting for experimenter...', units='norm', win=Window(...), wrapWidth=1)
5.7089 	EXP 	Created waiting = TextStim(__class__=<class 'psychopy.visual.text.TextStim'>, alignHoriz='center', alignVert='center', antialias=True, autoLog=True, bold=False, color='white', colorSpace='named', contrast=1.0, depth=0.0, flipHoriz=False, flipVert=False, font='Arial', fontFiles=[], height=0.1, italic=False, languageStyle='LTR', name='waiting', opacity=1.0, ori=0, pos=array([0., 0.]), rgb=array([255., 255., 255.]), text='Waiting for scanner...', units='norm', win=Window(...), wrapWidth=1)
5.7298 	EXP 	Created image_3 = ImageStim(__class__=<class 'psychopy.visual.image.ImageStim'>, autoLog=True, color=array([1., 1., 1.]), colorSpace='rgb', contrast=1.0, depth=0.0, flipHoriz=False, flipVert=False, image='north.png', interpolate=True, mask=None, maskParams=None, name='image_3', opacity=1.0, ori=0.0, pos=array([0., 0.]), size=array([0.5, 0.5]), texRes=128, units='norm', win=Window(...))
5.7401 	EXP 	Created l2q = ImageStim(__class__=<class 'psychopy.visual.image.ImageStim'>, autoLog=True, color=array([1., 1., 1.]), colorSpace='rgb', contrast=1.0, depth=-4.0, flipHoriz=False, flipVert=False, image='LAYER2Q.png', interpolate=True, mask=None, maskParams=None, name='l2q', opacity=1.0, ori=0.0, pos=array([0., 0.]), size=array([0.5, 0.5]), texRes=128, units='norm', win=Window(...))
5.7508 	EXP 	Created l3q = ImageStim(__class__=<class 'psychopy.visual.image.ImageStim'>, autoLog=True, color=array([1., 1., 1.]), colorSpace='rgb', contrast=1.0, depth=-6.0, flipHoriz=False, flipVert=False, image='LAYER3Q.png', interpolate=True, mask=None, maskParams=None, name='l3q', opacity=1.0, ori=0.0, pos=array([0., 0.]), size=array([0.5, 0.5]), texRes=128, units='norm', win=Window(...))
5.7566 	EXP 	Created nameQ1 = ImageStim(__class__=<class 'psychopy.visual.image.ImageStim'>, autoLog=True, color=array([1., 1., 1.]), colorSpace='rgb', contrast=1.0, depth=-1.0, flipHoriz=False, flipVert=False, image='sin', interpolate=True, mask=None, maskParams=None, name='nameQ1', opacity=1.0, ori=0.0, pos=array([-0.5, -0.2]), size=array([0.5, 0.5]), texRes=128, units='norm', win=Window(...))
5.7589 	EXP 	Created nameQ2 = ImageStim(__class__=<class 'psychopy.visual.image.ImageStim'>, autoLog=True, color=array([1., 1., 1.]), colorSpace='rgb', contrast=1.0, depth=-2.0, flipHoriz=False, flipVert=False, image='sin', interpolate=True, mask=None, maskParams=None, name='nameQ2', opacity=1.0, ori=0.0, pos=array([ 0.5, -0.2]), size=array([0.5, 0.5]), texRes=128, units='norm', win=Window(...))
5.7613 	EXP 	Created eggPainting1 = ImageStim(__class__=<class 'psychopy.visual.image.ImageStim'>, autoLog=True, color=array([1., 1., 1.]), colorSpace='rgb', contrast=1.0, depth=0.0, flipHoriz=False, flipVert=False, image='sin', interpolate=True, mask=None, maskParams=None, name='eggPainting1', opacity=1.0, ori=0.0, pos=array([-0.5, -0.2]), size=array([0.7, 1. ]), texRes=128, units='norm', win=Window(...))
5.7637 	EXP 	Created eggPainting2 = ImageStim(__class__=<class 'psychopy.visual.image.ImageStim'>, autoLog=True, color=array([1., 1., 1.]), colorSpace='rgb', contrast=1.0, depth=-2.0, flipHoriz=False, flipVert=False, image='sin', interpolate=True, mask=None, maskParams=None, name='eggPainting2', opacity=1.0, ori=0.0, pos=array([ 0.5, -0.2]), size=array([0.7, 1. ]), texRes=128, units='norm', win=Window(...))
5.7662 	EXP 	Created character1 = ImageStim(__class__=<class 'psychopy.visual.image.ImageStim'>, autoLog=True, color=array([1., 1., 1.]), colorSpace='rgb', contrast=1.0, depth=0.0, flipHoriz=False, flipVert=False, image='sin', interpolate=True, mask=None, maskParams=None, name='character1', opacity=1.0, ori=0.0, pos=array([-0.5, -0.2]), size=array([0.5, 1. ]), texRes=128, units='norm', win=Window(...))
5.7685 	EXP 	Created character2 = ImageStim(__class__=<class 'psychopy.visual.image.ImageStim'>, autoLog=True, color=array([1., 1., 1.]), colorSpace='rgb', contrast=1.0, depth=-1.0, flipHoriz=False, flipVert=False, image='sin', interpolate=True, mask=None, maskParams=None, name='character2', opacity=1.0, ori=0.0, pos=array([ 0.5, -0.2]), size=array([0.5, 1. ]), texRes=128, units='norm', win=Window(...))
5.7709 	EXP 	Created themeQ1 = ImageStim(__class__=<class 'psychopy.visual.image.ImageStim'>, autoLog=True, color=array([1., 1., 1.]), colorSpace='rgb', contrast=1.0, depth=-1.0, flipHoriz=False, flipVert=False, image='sin', interpolate=True, mask=None, maskParams=None, name='themeQ1', opacity=1.0, ori=0.0, pos=array([-0.5, -0.2]), size=array([0.5, 0.5]), texRes=128, units='norm', win=Window(...))
5.7733 	EXP 	Created themeQ2 = ImageStim(__class__=<class 'psychopy.visual.image.ImageStim'>, autoLog=True, color=array([1., 1., 1.]), colorSpace='rgb', contrast=1.0, depth=-2.0, flipHoriz=False, flipVert=False, image='sin', interpolate=True, mask=None, maskParams=None, name='themeQ2', opacity=1.0, ori=0.0, pos=array([ 0.5, -0.2]), size=array([0.5, 0.5]), texRes=128, units='norm', win=Window(...))
5.7760 	EXP 	Created gift1 = ImageStim(__class__=<class 'psychopy.visual.image.ImageStim'>, autoLog=True, color=array([1., 1., 1.]), colorSpace='rgb', contrast=1.0, depth=0.0, flipHoriz=False, flipVert=False, image='sin', interpolate=True, mask=None, maskParams=None, name='gift1', opacity=1.0, ori=0.0, pos=array([-0.5, -0.2]), size=array([0.5, 0.5]), texRes=128, units='norm', win=Window(...))
5.7785 	EXP 	Created gift2 = ImageStim(__class__=<class 'psychopy.visual.image.ImageStim'>, autoLog=True, color=array([1., 1., 1.]), colorSpace='rgb', contrast=1.0, depth=-1.0, flipHoriz=False, flipVert=False, image='sin', interpolate=True, mask=None, maskParams=None, name='gift2', opacity=1.0, ori=0.0, pos=array([ 0.5, -0.2]), size=array([0.5, 0.5]), texRes=128, units='norm', win=Window(...))
5.7821 	EXP 	Created northorsouth1 = ImageStim(__class__=<class 'psychopy.visual.image.ImageStim'>, autoLog=True, color=array([1., 1., 1.]), colorSpace='rgb', contrast=1.0, depth=0.0, flipHoriz=False, flipVert=False, image='northorsouth1.png', interpolate=True, mask=None, maskParams=None, name='northorsouth1', opacity=1.0, ori=0.0, pos=array([-0.5, -0.2]), size=array([0.5, 0.5]), texRes=128, units='norm', win=Window(...))
5.7857 	EXP 	Created northorsouth2 = ImageStim(__class__=<class 'psychopy.visual.image.ImageStim'>, autoLog=True, color=array([1., 1., 1.]), colorSpace='rgb', contrast=1.0, depth=-2.0, flipHoriz=False, flipVert=False, image='northorsouth2.png', interpolate=True, mask=None, maskParams=None, name='northorsouth2', opacity=1.0, ori=0.0, pos=array([ 0.5, -0.2]), size=array([0.5, 0.5]), texRes=128, units='norm', win=Window(...))
5.8075 	EXP 	text: autoDraw = True
6.2612 	DATA 	Keypress: g
6.2742 	EXP 	text: autoDraw = False
6.2742 	EXP 	waiting: autoDraw = True
26.8758 	DATA 	Keypress: equal
26.8985 	EXP 	Imported chooseBlock1.csv as conditions, 6 conditions, 1 params
26.8996 	EXP 	Created sequence: random, trialTypes=6, nReps=1, seed=None
26.9000 	EXP 	New trial (rep=0, index=0): OrderedDict([('condsFile', 'videoBlock_schemaN_pathB_2.csv')])
26.9095 	EXP 	Imported videoBlock_schemaN_pathB_2.csv as conditions, 1 conditions, 17 params
26.9098 	EXP 	Created sequence: random, trialTypes=1, nReps=1, seed=None
26.9104 	EXP 	New trial (rep=0, index=0): OrderedDict([('northOrSouth', 'north.png'), ('stimFile1a', 'stims/wedding-8.1a.mp4'), ('stimFile1b', 'stims/wedding-8.1b.mp4'), ('stimFile2', 'stims/wedding-8.2b.mp4'), ('stimFile3', 'stims/wedding-8.3b.mp4'), ('stimFile4', 'stims/wedding-8.4b.mp4'), ('stimFile5', 'stims/wedding-8.5.mp4'), ('QeggPainting1', 'stimsday1details/newpainting2.png'), ('Qcharacter1', 'stimsday1details/newperson14.png'), ('Qgift1', 'stimsday1details/new14.png'), ('QeggPainting2', 'stimsday1details/painting8.png'), ('Qcharacter2', 'stimsday1details/couple8.png'), ('Qgift2', 'stimsday1details/gift8.png'), ('Qname1', 'stimsday1details/n8.png'), ('Qtheme1', 'stimsday1details/t8.png'), ('Qname2', 'stimsday1details/cn8.png'), ('Qtheme2', 'stimsday1details/ct8.png')])
26.9240 	EXP 	waiting: autoDraw = False
26.9240 	EXP 	image_3: autoDraw = True
28.3756 	DATA 	Keypress: equal
28.8915 	EXP 	Created sequence: random, trialTypes=1, nReps=1, seed=None
28.8918 	EXP 	New trial (rep=0, index=0): None
29.4090 	EXP 	Created vid1a = MovieStim3(__class__=<class 'psychopy.visual.movie3.MovieStim3'>, autoLog=True, color=UNKNOWN, colorSpace=UNKNOWN, depth=-1.0, filename='stims/wedding-8.1a.mp4', flipHoriz=False, flipVert=False, fps=UNKNOWN, interpolate=True, loop=False, name='vid1a', noAudio=False, opacity=1.0, ori=0, pos=array([0., 0.]), size=array([1280.,  720.]), units='pix', vframe_callback=UNKNOWN, volume=UNKNOWN, win=Window(...))
29.7897 	EXP 	Created vid1b = MovieStim3(__class__=<class 'psychopy.visual.movie3.MovieStim3'>, autoLog=True, color=UNKNOWN, colorSpace=UNKNOWN, depth=-2.0, filename='stims/wedding-8.1b.mp4', flipHoriz=False, flipVert=False, fps=UNKNOWN, interpolate=True, loop=False, name='vid1b', noAudio=False, opacity=1.0, ori=0, pos=array([0., 0.]), size=array([1280.,  720.]), units='pix', vframe_callback=UNKNOWN, volume=UNKNOWN, win=Window(...))
30.2450 	EXP 	Created vid2 = MovieStim3(__class__=<class 'psychopy.visual.movie3.MovieStim3'>, autoLog=True, color=UNKNOWN, colorSpace=UNKNOWN, depth=-3.0, filename='stims/wedding-8.2b.mp4', flipHoriz=False, flipVert=False, fps=UNKNOWN, interpolate=True, loop=False, name='vid2', noAudio=False, opacity=1.0, ori=0, pos=array([0., 0.]), size=array([1280.,  720.]), units='pix', vframe_callback=UNKNOWN, volume=UNKNOWN, win=Window(...))
30.7777 	EXP 	Created vid3 = MovieStim3(__class__=<class 'psychopy.visual.movie3.MovieStim3'>, autoLog=True, color=UNKNOWN, colorSpace=UNKNOWN, depth=-4.0, filename='stims/wedding-8.3b.mp4', flipHoriz=False, flipVert=False, fps=UNKNOWN, interpolate=True, loop=False, name='vid3', noAudio=False, opacity=1.0, ori=0, pos=array([0., 0.]), size=array([1280.,  720.]), units='pix', vframe_callback=UNKNOWN, volume=UNKNOWN, win=Window(...))
31.2478 	EXP 	Created vid4 = MovieStim3(__class__=<class 'psychopy.visual.movie3.MovieStim3'>, autoLog=True, color=UNKNOWN, colorSpace=UNKNOWN, depth=-5.0, filename='stims/wedding-8.4b.mp4', flipHoriz=False, flipVert=False, fps=UNKNOWN, interpolate=True, loop=False, name='vid4', noAudio=False, opacity=1.0, ori=0, pos=array([0., 0.]), size=array([1280.,  720.]), units='pix', vframe_callback=UNKNOWN, volume=UNKNOWN, win=Window(...))
31.6371 	EXP 	Created vid5 = MovieStim3(__class__=<class 'psychopy.visual.movie3.MovieStim3'>, autoLog=True, color=UNKNOWN, colorSpace=UNKNOWN, depth=-6.0, filename='stims/wedding-8.5.mp4', flipHoriz=False, flipVert=False, fps=UNKNOWN, interpolate=True, loop=False, name='vid5', noAudio=False, opacity=1.0, ori=0, pos=array([0., 0.]), size=array([1280.,  720.]), units='pix', vframe_callback=UNKNOWN, volume=UNKNOWN, win=Window(...))
31.6794 	EXP 	Created sequence: random, trialTypes=1, nReps=1, seed=None
31.6798 	EXP 	New trial (rep=0, index=0): None
32.0822 	EXP 	Created vid1a_q = MovieStim3(__class__=<class 'psychopy.visual.movie3.MovieStim3'>, autoLog=True, color=UNKNOWN, colorSpace=UNKNOWN, depth=-1.0, filename='stims/wedding-8.1a.mp4', flipHoriz=False, flipVert=False, fps=UNKNOWN, interpolate=True, loop=False, name='vid1a_q', noAudio=False, opacity=1.0, ori=0, pos=array([0., 0.]), size=array([1280.,  720.]), units='pix', vframe_callback=UNKNOWN, volume=UNKNOWN, win=Window(...))
32.4549 	EXP 	Created vid1b_q = MovieStim3(__class__=<class 'psychopy.visual.movie3.MovieStim3'>, autoLog=True, color=UNKNOWN, colorSpace=UNKNOWN, depth=-2.0, filename='stims/wedding-8.1b.mp4', flipHoriz=False, flipVert=False, fps=UNKNOWN, interpolate=True, loop=False, name='vid1b_q', noAudio=False, opacity=1.0, ori=0, pos=array([0., 0.]), size=array([1280.,  720.]), units='pix', vframe_callback=UNKNOWN, volume=UNKNOWN, win=Window(...))
32.8944 	EXP 	Created vid2_q = MovieStim3(__class__=<class 'psychopy.visual.movie3.MovieStim3'>, autoLog=True, color=UNKNOWN, colorSpace=UNKNOWN, depth=-3.0, filename='stims/wedding-8.2b.mp4', flipHoriz=False, flipVert=False, fps=UNKNOWN, interpolate=True, loop=False, name='vid2_q', noAudio=False, opacity=1.0, ori=0, pos=array([0., 0.]), size=array([1280.,  720.]), units='pix', vframe_callback=UNKNOWN, volume=UNKNOWN, win=Window(...))
33.4176 	EXP 	Created vid3_q = MovieStim3(__class__=<class 'psychopy.visual.movie3.MovieStim3'>, autoLog=True, color=UNKNOWN, colorSpace=UNKNOWN, depth=-5.0, filename='stims/wedding-8.3b.mp4', flipHoriz=False, flipVert=False, fps=UNKNOWN, interpolate=True, loop=False, name='vid3_q', noAudio=False, opacity=1.0, ori=0, pos=array([0., 0.]), size=array([1280.,  720.]), units='pix', vframe_callback=UNKNOWN, volume=UNKNOWN, win=Window(...))
33.8697 	EXP 	Created vid4_q = MovieStim3(__class__=<class 'psychopy.visual.movie3.MovieStim3'>, autoLog=True, color=UNKNOWN, colorSpace=UNKNOWN, depth=-7.0, filename='stims/wedding-8.4b.mp4', flipHoriz=False, flipVert=False, fps=UNKNOWN, interpolate=True, loop=False, name='vid4_q', noAudio=False, opacity=1.0, ori=0, pos=array([0., 0.]), size=array([1280.,  720.]), units='pix', vframe_callback=UNKNOWN, volume=UNKNOWN, win=Window(...))
34.2430 	EXP 	Created vid5_q = MovieStim3(__class__=<class 'psychopy.visual.movie3.MovieStim3'>, autoLog=True, color=UNKNOWN, colorSpace=UNKNOWN, depth=-8.0, filename='stims/wedding-8.5.mp4', flipHoriz=False, flipVert=False, fps=UNKNOWN, interpolate=True, loop=False, name='vid5_q', noAudio=False, opacity=1.0, ori=0, pos=array([0., 0.]), size=array([1280.,  720.]), units='pix', vframe_callback=UNKNOWN, volume=UNKNOWN, win=Window(...))
34.2435 	EXP 	window1: recordFrameIntervals = False
34.2472 	DATA 	Keypress: equal
34.2495 	DATA 	Keypress: equal
34.2518 	DATA 	Keypress: equal
34.2574 	EXP 	image_3: autoDraw = False
34.2574 	EXP 	vid1a: movie = 'stims/wedding-8.1a.mp4'
34.2574 	EXP 	vid1a: autoLog = True
34.2574 	EXP 	vid1b: movie = 'stims/wedding-8.1b.mp4'
34.2574 	EXP 	vid1b: autoLog = True
34.2574 	EXP 	vid2: movie = 'stims/wedding-8.2b.mp4'
34.2574 	EXP 	vid2: autoLog = True
34.2574 	EXP 	vid3: movie = 'stims/wedding-8.3b.mp4'
34.2574 	EXP 	vid3: autoLog = True
34.2574 	EXP 	vid4: movie = 'stims/wedding-8.4b.mp4'
34.2574 	EXP 	vid4: autoLog = True
34.2574 	EXP 	vid5: movie = 'stims/wedding-8.5.mp4'
34.2574 	EXP 	vid5: autoLog = True
34.2574 	EXP 	vid1a: autoDraw = False
34.2574 	EXP 	vid1b: autoDraw = False
34.2574 	EXP 	vid2: autoDraw = False
34.2574 	EXP 	vid3: autoDraw = False
34.2574 	EXP 	vid4: autoDraw = False
34.2574 	EXP 	vid5: autoDraw = False
34.2574 	EXP 	vid1a_q: movie = 'stims/wedding-8.1a.mp4'
34.2574 	EXP 	vid1a_q: autoLog = True
34.2574 	EXP 	vid1b_q: movie = 'stims/wedding-8.1b.mp4'
34.2574 	EXP 	vid1b_q: autoLog = True
34.2574 	EXP 	vid2_q: movie = 'stims/wedding-8.2b.mp4'
34.2574 	EXP 	vid2_q: autoLog = True
34.2574 	EXP 	vid3_q: movie = 'stims/wedding-8.3b.mp4'
34.2574 	EXP 	vid3_q: autoLog = True
34.2574 	EXP 	vid4_q: movie = 'stims/wedding-8.4b.mp4'
34.2574 	EXP 	vid4_q: autoLog = True
34.2574 	EXP 	vid5_q: movie = 'stims/wedding-8.5.mp4'
34.2574 	EXP 	vid5_q: autoLog = True
36.8308 	EXP 	window1: recordFrameIntervals = False
39.0321 	DATA 	Keypress: equal
39.0349 	DATA 	Keypress: equal
39.0372 	DATA 	Keypress: equal
39.0391 	DATA 	Keypress: equal
39.2406 	EXP 	vid1a_q: movie = 'stims/wedding-8.1a.mp4'
39.2406 	EXP 	vid1b_q: movie = 'stims/wedding-8.1b.mp4'
39.2406 	EXP 	vid2_q: movie = 'stims/wedding-8.2b.mp4'
39.2406 	EXP 	vid3_q: movie = 'stims/wedding-8.3b.mp4'
39.2406 	EXP 	vid4_q: movie = 'stims/wedding-8.4b.mp4'
39.2406 	EXP 	vid5_q: movie = 'stims/wedding-8.5.mp4'
39.2602 	EXP 	vid1a_q: autoDraw = True
40.3676 	DATA 	Keypress: equal
41.8679 	DATA 	Keypress: equal
43.3658 	DATA 	Keypress: equal
44.8658 	DATA 	Keypress: equal
46.3663 	DATA 	Keypress: equal
47.8759 	DATA 	Keypress: equal
49.3759 	DATA 	Keypress: equal
50.8759 	DATA 	Keypress: equal
52.3755 	DATA 	Keypress: equal
53.6903 	EXP 	vid1a_q: autoDraw = False
53.7070 	EXP 	vid1b_q: autoDraw = True
53.8756 	DATA 	Keypress: equal
55.3755 	DATA 	Keypress: equal
56.8759 	DATA 	Keypress: equal
58.3754 	DATA 	Keypress: equal
59.8758 	DATA 	Keypress: equal
61.3753 	DATA 	Keypress: equal
62.6902 	EXP 	vid1b_q: autoDraw = False
62.7069 	EXP 	vid2_q: autoDraw = True
62.8757 	DATA 	Keypress: equal
64.3753 	DATA 	Keypress: equal
65.8756 	DATA 	Keypress: equal
67.3756 	DATA 	Keypress: equal
68.8660 	DATA 	Keypress: equal
70.3753 	DATA 	Keypress: equal
71.8667 	DATA 	Keypress: equal
73.3666 	DATA 	Keypress: equal
74.8665 	DATA 	Keypress: equal
76.3658 	DATA 	Keypress: equal
77.8661 	DATA 	Keypress: equal
79.2900 	EXP 	Set vid2_q finished
79.3753 	DATA 	Keypress: equal
79.7067 	EXP 	l2q: autoDraw = True
80.8752 	DATA 	Keypress: equal
82.3748 	DATA 	Keypress: equal
83.4082 	DATA 	Keypress: 2
83.6899 	EXP 	l2q: autoDraw = False
83.7066 	EXP 	vid3_q: autoDraw = True
83.8752 	DATA 	Keypress: equal
85.3754 	DATA 	Keypress: equal
86.8754 	DATA 	Keypress: equal
88.3753 	DATA 	Keypress: equal
89.8593 	DATA 	Keypress: equal
91.3591 	DATA 	Keypress: equal
92.8657 	DATA 	Keypress: equal
94.3660 	DATA 	Keypress: equal
95.8671 	DATA 	Keypress: equal
97.3665 	DATA 	Keypress: equal
98.8663 	DATA 	Keypress: equal
100.3664 	DATA 	Keypress: equal
101.8642 	DATA 	Keypress: equal
103.3663 	DATA 	Keypress: equal
104.8651 	DATA 	Keypress: equal
106.3659 	DATA 	Keypress: equal
106.6563 	EXP 	Set vid3_q finished
106.7063 	EXP 	l3q: autoDraw = True
107.8589 	DATA 	Keypress: equal
109.3585 	DATA 	Keypress: equal
109.6085 	DATA 	Keypress: 1
110.6896 	EXP 	l3q: autoDraw = False
110.7063 	EXP 	vid4_q: autoDraw = True
110.8589 	DATA 	Keypress: equal
112.3592 	DATA 	Keypress: equal
113.8592 	DATA 	Keypress: equal
115.3583 	DATA 	Keypress: equal
116.8582 	DATA 	Keypress: equal
118.3582 	DATA 	Keypress: equal
119.8582 	DATA 	Keypress: equal
121.3580 	DATA 	Keypress: equal
122.8582 	DATA 	Keypress: equal
124.3580 	DATA 	Keypress: equal
125.8582 	DATA 	Keypress: equal
127.3579 	DATA 	Keypress: equal
128.8581 	DATA 	Keypress: equal
130.3608 	DATA 	Keypress: equal
131.8582 	DATA 	Keypress: equal
133.3580 	DATA 	Keypress: equal
133.8227 	EXP 	Set vid4_q finished
134.7060 	EXP 	vid5_q: autoDraw = True
134.8579 	DATA 	Keypress: equal
136.3579 	DATA 	Keypress: equal
137.8580 	DATA 	Keypress: equal
139.3580 	DATA 	Keypress: equal
140.8578 	DATA 	Keypress: equal
142.3578 	DATA 	Keypress: equal
143.8578 	DATA 	Keypress: equal
145.3580 	DATA 	Keypress: equal
146.8857 	DATA 	Keypress: equal
146.9558 	EXP 	Set vid5_q finished
147.0753 	EXP 	window1: recordFrameIntervals = False
147.0891 	EXP 	vid1a_q: autoDraw = False
147.0891 	EXP 	vid1b_q: autoDraw = False
147.0891 	EXP 	vid2_q: autoDraw = False
147.0891 	EXP 	l2q: autoDraw = False
147.0891 	EXP 	vid3_q: autoDraw = False
147.0891 	EXP 	l3q: autoDraw = False
147.0891 	EXP 	vid4_q: autoDraw = False
147.0891 	EXP 	vid5_q: autoDraw = False
147.3491 	EXP 	window1: recordFrameIntervals = False
148.8609 	DATA 	Keypress: equal
149.0891 	EXP 	eggPainting1: image = 'stimsday1details/newpainting2.png'
149.0891 	EXP 	eggPainting2: image = 'stimsday1details/painting8.png'
149.0891 	EXP 	character1: image = 'stimsday1details/newperson14.png'
149.0891 	EXP 	character2: image = 'stimsday1details/couple8.png'
149.0891 	EXP 	gift1: image = 'stimsday1details/new14.png'
149.0891 	EXP 	gift2: image = 'stimsday1details/gift8.png'
149.0891 	EXP 	themeQ1: image = 'stimsday1details/t8.png'
149.0891 	EXP 	themeQ2: image = 'stimsday1details/ct8.png'
149.0891 	EXP 	nameQ1: image = 'stimsday1details/n8.png'
149.0891 	EXP 	nameQ2: image = 'stimsday1details/cn8.png'
149.0891 	EXP 	nameQ1: autoDraw = True
149.0891 	EXP 	nameQ2: autoDraw = True
149.8577 	DATA 	Keypress: equal
150.7241 	DATA 	Keypress: 1
151.0724 	EXP 	nameQ1: autoDraw = False
151.0724 	EXP 	nameQ2: autoDraw = False
151.0724 	EXP 	nameQ1: autoDraw = False
151.0724 	EXP 	nameQ2: autoDraw = False
151.0724 	EXP 	eggPainting1: autoDraw = True
151.0724 	EXP 	eggPainting2: autoDraw = True
151.3573 	DATA 	Keypress: equal
152.3405 	DATA 	Keypress: 2
152.8572 	DATA 	Keypress: equal
153.0724 	EXP 	eggPainting1: autoDraw = False
153.0724 	EXP 	eggPainting2: autoDraw = False
153.0724 	EXP 	eggPainting1: autoDraw = False
153.0724 	EXP 	eggPainting2: autoDraw = False
153.0724 	EXP 	character1: autoDraw = True
153.0724 	EXP 	character2: autoDraw = True
154.1406 	DATA 	Keypress: 2
154.3571 	DATA 	Keypress: equal
155.0724 	EXP 	character1: autoDraw = False
155.0724 	EXP 	character2: autoDraw = False
155.0724 	EXP 	character1: autoDraw = False
155.0724 	EXP 	character2: autoDraw = False
155.0724 	EXP 	themeQ1: autoDraw = True
155.0724 	EXP 	themeQ2: autoDraw = True
155.8572 	DATA 	Keypress: equal
156.4741 	DATA 	Keypress: 1
157.0723 	EXP 	themeQ1: autoDraw = False
157.0723 	EXP 	themeQ2: autoDraw = False
157.0723 	EXP 	themeQ1: autoDraw = False
157.0723 	EXP 	themeQ2: autoDraw = False
157.0723 	EXP 	gift1: autoDraw = True
157.0723 	EXP 	gift2: autoDraw = True
157.3572 	DATA 	Keypress: equal
157.9573 	DATA 	Keypress: 2
158.8574 	DATA 	Keypress: equal
159.0723 	EXP 	gift1: autoDraw = False
159.0723 	EXP 	gift2: autoDraw = False
159.0723 	EXP 	gift1: autoDraw = False
159.0723 	EXP 	gift2: autoDraw = False
159.0723 	EXP 	northorsouth1: autoDraw = True
159.0723 	EXP 	northorsouth2: autoDraw = True
160.0407 	DATA 	Keypress: 1
160.3570 	DATA 	Keypress: equal
161.2325 	EXP 	New trial (rep=0, index=1): OrderedDict([('condsFile', 'videoBlock_schemaN_pathB_3.csv')])
161.2456 	EXP 	Imported videoBlock_schemaN_pathB_3.csv as conditions, 1 conditions, 17 params
161.2461 	EXP 	Created sequence: random, trialTypes=1, nReps=1, seed=None
161.2468 	EXP 	New trial (rep=0, index=0): OrderedDict([('northOrSouth', 'north.png'), ('stimFile1a', 'stims/wedding-11.1a.mp4'), ('stimFile1b', 'stims/wedding-11.1b.mp4'), ('stimFile2', 'stims/wedding-11.2b.mp4'), ('stimFile3', 'stims/wedding-11.3b.mp4'), ('stimFile4', 'stims/wedding-11.4b.mp4'), ('stimFile5', 'stims/wedding-11.5.mp4'), ('QeggPainting1', 'stimsday1details/painting11.png'), ('Qcharacter1', 'stimsday1details/couple11.png'), ('Qgift1', 'stimsday1details/gift11.png'), ('QeggPainting2', 'stimsday1details/newpainting3.png'), ('Qcharacter2', 'stimsday1details/newperson15.png'), ('Qgift2', 'stimsday1details/new15.png'), ('Qname1', 'stimsday1details/cn11.png'), ('Qtheme1', 'stimsday1details/ct11.png'), ('Qname2', 'stimsday1details/n11.png'), ('Qtheme2', 'stimsday1details/t11.png')])
161.2556 	EXP 	northorsouth1: autoDraw = False
161.2556 	EXP 	northorsouth2: autoDraw = False
161.2556 	EXP 	northorsouth1: autoDraw = False
161.2556 	EXP 	northorsouth2: autoDraw = False
161.2556 	EXP 	image_3: autoDraw = True
161.8574 	DATA 	Keypress: equal
163.2404 	EXP 	Created sequence: random, trialTypes=1, nReps=1, seed=None
163.2407 	EXP 	New trial (rep=0, index=0): None
163.6413 	EXP 	Created vid1a = MovieStim3(__class__=<class 'psychopy.visual.movie3.MovieStim3'>, autoLog=True, color=UNKNOWN, colorSpace=UNKNOWN, depth=-1.0, filename='stims/wedding-11.1a.mp4', flipHoriz=False, flipVert=False, fps=UNKNOWN, interpolate=True, loop=False, name='vid1a', noAudio=False, opacity=1.0, ori=0, pos=array([0., 0.]), size=array([1280.,  720.]), units='pix', vframe_callback=UNKNOWN, volume=UNKNOWN, win=Window(...))
163.9857 	EXP 	Created vid1b = MovieStim3(__class__=<class 'psychopy.visual.movie3.MovieStim3'>, autoLog=True, color=UNKNOWN, colorSpace=UNKNOWN, depth=-2.0, filename='stims/wedding-11.1b.mp4', flipHoriz=False, flipVert=False, fps=UNKNOWN, interpolate=True, loop=False, name='vid1b', noAudio=False, opacity=1.0, ori=0, pos=array([0., 0.]), size=array([1280.,  720.]), units='pix', vframe_callback=UNKNOWN, volume=UNKNOWN, win=Window(...))
164.4751 	EXP 	Created vid2 = MovieStim3(__class__=<class 'psychopy.visual.movie3.MovieStim3'>, autoLog=True, color=UNKNOWN, colorSpace=UNKNOWN, depth=-3.0, filename='stims/wedding-11.2b.mp4', flipHoriz=False, flipVert=False, fps=UNKNOWN, interpolate=True, loop=False, name='vid2', noAudio=False, opacity=1.0, ori=0, pos=array([0., 0.]), size=array([1280.,  720.]), units='pix', vframe_callback=UNKNOWN, volume=UNKNOWN, win=Window(...))
164.9948 	EXP 	Created vid3 = MovieStim3(__class__=<class 'psychopy.visual.movie3.MovieStim3'>, autoLog=True, color=UNKNOWN, colorSpace=UNKNOWN, depth=-4.0, filename='stims/wedding-11.3b.mp4', flipHoriz=False, flipVert=False, fps=UNKNOWN, interpolate=True, loop=False, name='vid3', noAudio=False, opacity=1.0, ori=0, pos=array([0., 0.]), size=array([1280.,  720.]), units='pix', vframe_callback=UNKNOWN, volume=UNKNOWN, win=Window(...))
165.5601 	EXP 	Created vid4 = MovieStim3(__class__=<class 'psychopy.visual.movie3.MovieStim3'>, autoLog=True, color=UNKNOWN, colorSpace=UNKNOWN, depth=-5.0, filename='stims/wedding-11.4b.mp4', flipHoriz=False, flipVert=False, fps=UNKNOWN, interpolate=True, loop=False, name='vid4', noAudio=False, opacity=1.0, ori=0, pos=array([0., 0.]), size=array([1280.,  720.]), units='pix', vframe_callback=UNKNOWN, volume=UNKNOWN, win=Window(...))
165.9514 	EXP 	Created vid5 = MovieStim3(__class__=<class 'psychopy.visual.movie3.MovieStim3'>, autoLog=True, color=UNKNOWN, colorSpace=UNKNOWN, depth=-6.0, filename='stims/wedding-11.5.mp4', flipHoriz=False, flipVert=False, fps=UNKNOWN, interpolate=True, loop=False, name='vid5', noAudio=False, opacity=1.0, ori=0, pos=array([0., 0.]), size=array([1280.,  720.]), units='pix', vframe_callback=UNKNOWN, volume=UNKNOWN, win=Window(...))
166.0690 	EXP 	window1: recordFrameIntervals = False
166.0724 	DATA 	Keypress: equal
166.0748 	DATA 	Keypress: equal
166.0889 	EXP 	image_3: autoDraw = False
166.0889 	EXP 	image_3: autoDraw = False
166.0889 	EXP 	vid1a: movie = 'stims/wedding-11.1a.mp4'
166.0889 	EXP 	vid1a: autoLog = True
166.0889 	EXP 	vid1b: movie = 'stims/wedding-11.1b.mp4'
166.0889 	EXP 	vid1b: autoLog = True
166.0889 	EXP 	vid2: movie = 'stims/wedding-11.2b.mp4'
166.0889 	EXP 	vid2: autoLog = True
166.0889 	EXP 	vid3: movie = 'stims/wedding-11.3b.mp4'
166.0889 	EXP 	vid3: autoLog = True
166.0889 	EXP 	vid4: movie = 'stims/wedding-11.4b.mp4'
166.0889 	EXP 	vid4: autoLog = True
166.0889 	EXP 	vid5: movie = 'stims/wedding-11.5.mp4'
166.0889 	EXP 	vid5: autoLog = True
168.7025 	EXP 	window1: recordFrameIntervals = False
170.8562 	DATA 	Keypress: equal
170.8586 	DATA 	Keypress: equal
170.8608 	DATA 	Keypress: equal
170.8628 	DATA 	Keypress: equal
171.0723 	EXP 	vid1a: movie = 'stims/wedding-11.1a.mp4'
171.0723 	EXP 	vid1b: movie = 'stims/wedding-11.1b.mp4'
171.0723 	EXP 	vid2: movie = 'stims/wedding-11.2b.mp4'
171.0723 	EXP 	vid3: movie = 'stims/wedding-11.3b.mp4'
171.0723 	EXP 	vid4: movie = 'stims/wedding-11.4b.mp4'
171.0723 	EXP 	vid5: movie = 'stims/wedding-11.5.mp4'
171.0889 	EXP 	vid1a: autoDraw = True
172.3576 	DATA 	Keypress: equal
173.8575 	DATA 	Keypress: equal
175.3578 	DATA 	Keypress: equal
176.8574 	DATA 	Keypress: equal
178.3575 	DATA 	Keypress: equal
179.8574 	DATA 	Keypress: equal
181.3575 	DATA 	Keypress: equal
182.8576 	DATA 	Keypress: equal
184.3574 	DATA 	Keypress: equal
185.2553 	EXP 	vid1a: autoDraw = False
185.2720 	EXP 	vid1b: autoDraw = True
185.8574 	DATA 	Keypress: equal
187.3572 	DATA 	Keypress: equal
188.8854 	DATA 	Keypress: equal
190.3571 	DATA 	Keypress: equal
191.8576 	DATA 	Keypress: equal
193.3574 	DATA 	Keypress: equal
193.6718 	EXP 	Set vid1b finished
194.2719 	EXP 	vid2: autoDraw = True
194.8572 	DATA 	Keypress: equal
196.3574 	DATA 	Keypress: equal
197.8574 	DATA 	Keypress: equal
199.3574 	DATA 	Keypress: equal
200.8573 	DATA 	Keypress: equal
202.3570 	DATA 	Keypress: equal
203.8570 	DATA 	Keypress: equal
205.3569 	DATA 	Keypress: equal
206.8570 	DATA 	Keypress: equal
208.3570 	DATA 	Keypress: equal
209.8569 	DATA 	Keypress: equal
211.1550 	EXP 	Set vid2 finished
211.2717 	EXP 	vid3: autoDraw = True
211.3573 	DATA 	Keypress: equal
212.8572 	DATA 	Keypress: equal
214.3573 	DATA 	Keypress: equal
215.8571 	DATA 	Keypress: equal
217.3860 	DATA 	Keypress: equal
218.8570 	DATA 	Keypress: equal
220.3570 	DATA 	Keypress: equal
221.8568 	DATA 	Keypress: equal
223.3569 	DATA 	Keypress: equal
224.8567 	DATA 	Keypress: equal
226.3569 	DATA 	Keypress: equal
227.8568 	DATA 	Keypress: equal
229.3567 	DATA 	Keypress: equal
230.8568 	DATA 	Keypress: equal
232.3569 	DATA 	Keypress: equal
233.8569 	DATA 	Keypress: equal
234.2547 	EXP 	vid3: autoDraw = False
234.2714 	EXP 	vid4: autoDraw = True
235.3569 	DATA 	Keypress: equal
236.8569 	DATA 	Keypress: equal
238.3568 	DATA 	Keypress: equal
239.8567 	DATA 	Keypress: equal
241.3568 	DATA 	Keypress: equal
242.8568 	DATA 	Keypress: equal
244.3568 	DATA 	Keypress: equal
245.8565 	DATA 	Keypress: equal
247.3567 	DATA 	Keypress: equal
248.8566 	DATA 	Keypress: equal
250.3564 	DATA 	Keypress: equal
251.8844 	DATA 	Keypress: equal
253.3565 	DATA 	Keypress: equal
254.8567 	DATA 	Keypress: equal
256.3564 	DATA 	Keypress: equal
257.5211 	EXP 	Set vid4 finished
257.8565 	DATA 	Keypress: equal
258.2711 	EXP 	vid5: autoDraw = True
259.3564 	DATA 	Keypress: equal
260.8564 	DATA 	Keypress: equal
262.3567 	DATA 	Keypress: equal
263.8566 	DATA 	Keypress: equal
265.3565 	DATA 	Keypress: equal
266.8563 	DATA 	Keypress: equal
268.3565 	DATA 	Keypress: equal
269.8562 	DATA 	Keypress: equal
271.3670 	EXP 	Created sequence: random, trialTypes=1, nReps=1, seed=None
271.3674 	EXP 	New trial (rep=0, index=0): None
271.7661 	EXP 	Created vid1a_q = MovieStim3(__class__=<class 'psychopy.visual.movie3.MovieStim3'>, autoLog=True, color=UNKNOWN, colorSpace=UNKNOWN, depth=-1.0, filename='stims/wedding-11.1a.mp4', flipHoriz=False, flipVert=False, fps=UNKNOWN, interpolate=True, loop=False, name='vid1a_q', noAudio=False, opacity=1.0, ori=0, pos=array([0., 0.]), size=array([1280.,  720.]), units='pix', vframe_callback=UNKNOWN, volume=UNKNOWN, win=Window(...))
272.1000 	EXP 	Created vid1b_q = MovieStim3(__class__=<class 'psychopy.visual.movie3.MovieStim3'>, autoLog=True, color=UNKNOWN, colorSpace=UNKNOWN, depth=-2.0, filename='stims/wedding-11.1b.mp4', flipHoriz=False, flipVert=False, fps=UNKNOWN, interpolate=True, loop=False, name='vid1b_q', noAudio=False, opacity=1.0, ori=0, pos=array([0., 0.]), size=array([1280.,  720.]), units='pix', vframe_callback=UNKNOWN, volume=UNKNOWN, win=Window(...))
272.5518 	EXP 	Created vid2_q = MovieStim3(__class__=<class 'psychopy.visual.movie3.MovieStim3'>, autoLog=True, color=UNKNOWN, colorSpace=UNKNOWN, depth=-3.0, filename='stims/wedding-11.2b.mp4', flipHoriz=False, flipVert=False, fps=UNKNOWN, interpolate=True, loop=False, name='vid2_q', noAudio=False, opacity=1.0, ori=0, pos=array([0., 0.]), size=array([1280.,  720.]), units='pix', vframe_callback=UNKNOWN, volume=UNKNOWN, win=Window(...))
273.0736 	EXP 	Created vid3_q = MovieStim3(__class__=<class 'psychopy.visual.movie3.MovieStim3'>, autoLog=True, color=UNKNOWN, colorSpace=UNKNOWN, depth=-5.0, filename='stims/wedding-11.3b.mp4', flipHoriz=False, flipVert=False, fps=UNKNOWN, interpolate=True, loop=False, name='vid3_q', noAudio=False, opacity=1.0, ori=0, pos=array([0., 0.]), size=array([1280.,  720.]), units='pix', vframe_callback=UNKNOWN, volume=UNKNOWN, win=Window(...))
273.5789 	EXP 	Created vid4_q = MovieStim3(__class__=<class 'psychopy.visual.movie3.MovieStim3'>, autoLog=True, color=UNKNOWN, colorSpace=UNKNOWN, depth=-7.0, filename='stims/wedding-11.4b.mp4', flipHoriz=False, flipVert=False, fps=UNKNOWN, interpolate=True, loop=False, name='vid4_q', noAudio=False, opacity=1.0, ori=0, pos=array([0., 0.]), size=array([1280.,  720.]), units='pix', vframe_callback=UNKNOWN, volume=UNKNOWN, win=Window(...))
273.9710 	EXP 	Created vid5_q = MovieStim3(__class__=<class 'psychopy.visual.movie3.MovieStim3'>, autoLog=True, color=UNKNOWN, colorSpace=UNKNOWN, depth=-8.0, filename='stims/wedding-11.5.mp4', flipHoriz=False, flipVert=False, fps=UNKNOWN, interpolate=True, loop=False, name='vid5_q', noAudio=False, opacity=1.0, ori=0, pos=array([0., 0.]), size=array([1280.,  720.]), units='pix', vframe_callback=UNKNOWN, volume=UNKNOWN, win=Window(...))
274.1422 	EXP 	window1: recordFrameIntervals = False
274.1454 	DATA 	Keypress: equal
274.1477 	DATA 	Keypress: equal
274.1592 	EXP 	vid5: autoDraw = False
274.1592 	EXP 	vid1a: autoDraw = False
274.1592 	EXP 	vid1b: autoDraw = False
274.1592 	EXP 	vid2: autoDraw = False
274.1592 	EXP 	vid3: autoDraw = False
274.1592 	EXP 	vid4: autoDraw = False
274.1592 	EXP 	vid5: autoDraw = False
274.1592 	EXP 	vid1a_q: movie = 'stims/wedding-11.1a.mp4'
274.1592 	EXP 	vid1a_q: autoLog = True
274.1592 	EXP 	vid1b_q: movie = 'stims/wedding-11.1b.mp4'
274.1592 	EXP 	vid1b_q: autoLog = True
274.1592 	EXP 	vid2_q: movie = 'stims/wedding-11.2b.mp4'
274.1592 	EXP 	vid2_q: autoLog = True
274.1592 	EXP 	vid3_q: movie = 'stims/wedding-11.3b.mp4'
274.1592 	EXP 	vid3_q: autoLog = True
274.1592 	EXP 	vid4_q: movie = 'stims/wedding-11.4b.mp4'
274.1592 	EXP 	vid4_q: autoLog = True
274.1592 	EXP 	vid5_q: movie = 'stims/wedding-11.5.mp4'
274.1592 	EXP 	vid5_q: autoLog = True
274.1592 	EXP 	vid1a_q: autoDraw = False
274.1592 	EXP 	vid1b_q: autoDraw = False
274.1592 	EXP 	vid2_q: autoDraw = False
274.1592 	EXP 	l2q: autoDraw = False
274.1592 	EXP 	vid3_q: autoDraw = False
274.1592 	EXP 	l3q: autoDraw = False
274.1592 	EXP 	vid4_q: autoDraw = False
274.1592 	EXP 	vid5_q: autoDraw = False
274.4300 	EXP 	window1: recordFrameIntervals = False
275.9289 	DATA 	Keypress: equal
275.9309 	DATA 	Keypress: equal
276.1543 	EXP 	eggPainting1: image = 'stimsday1details/painting11.png'
276.1543 	EXP 	eggPainting2: image = 'stimsday1details/newpainting3.png'
276.1543 	EXP 	character1: image = 'stimsday1details/couple11.png'
276.1543 	EXP 	character2: image = 'stimsday1details/newperson15.png'
276.1543 	EXP 	gift1: image = 'stimsday1details/gift11.png'
276.1543 	EXP 	gift2: image = 'stimsday1details/new15.png'
276.1543 	EXP 	themeQ1: image = 'stimsday1details/ct11.png'
276.1543 	EXP 	themeQ2: image = 'stimsday1details/t11.png'
276.1543 	EXP 	nameQ1: image = 'stimsday1details/cn11.png'
276.1543 	EXP 	nameQ2: image = 'stimsday1details/n11.png'
276.1543 	EXP 	nameQ1: autoDraw = True
276.1543 	EXP 	nameQ2: autoDraw = True
277.2395 	DATA 	Keypress: 2
277.3556 	DATA 	Keypress: equal
278.1375 	EXP 	nameQ1: autoDraw = False
278.1375 	EXP 	nameQ2: autoDraw = False
278.1375 	EXP 	nameQ1: autoDraw = False
278.1375 	EXP 	nameQ2: autoDraw = False
278.1375 	EXP 	eggPainting1: autoDraw = True
278.1375 	EXP 	eggPainting2: autoDraw = True
278.8561 	DATA 	Keypress: equal
278.9390 	DATA 	Keypress: 1
280.1375 	EXP 	eggPainting1: autoDraw = False
280.1375 	EXP 	eggPainting2: autoDraw = False
280.1375 	EXP 	eggPainting1: autoDraw = False
280.1375 	EXP 	eggPainting2: autoDraw = False
280.1375 	EXP 	character1: autoDraw = True
280.1375 	EXP 	character2: autoDraw = True
280.3556 	DATA 	Keypress: equal
281.0725 	DATA 	Keypress: 1
281.8556 	DATA 	Keypress: equal
282.1375 	EXP 	character1: autoDraw = False
282.1375 	EXP 	character2: autoDraw = False
282.1375 	EXP 	character1: autoDraw = False
282.1375 	EXP 	character2: autoDraw = False
282.1375 	EXP 	themeQ1: autoDraw = True
282.1375 	EXP 	themeQ2: autoDraw = True
283.2388 	DATA 	Keypress: 2
283.3554 	DATA 	Keypress: equal
284.1374 	EXP 	themeQ1: autoDraw = False
284.1374 	EXP 	themeQ2: autoDraw = False
284.1374 	EXP 	themeQ1: autoDraw = False
284.1374 	EXP 	themeQ2: autoDraw = False
284.1374 	EXP 	gift1: autoDraw = True
284.1374 	EXP 	gift2: autoDraw = True
284.8556 	DATA 	Keypress: equal
285.0721 	DATA 	Keypress: 1
286.1374 	EXP 	gift1: autoDraw = False
286.1374 	EXP 	gift2: autoDraw = False
286.1374 	EXP 	gift1: autoDraw = False
286.1374 	EXP 	gift2: autoDraw = False
286.1374 	EXP 	northorsouth1: autoDraw = True
286.1374 	EXP 	northorsouth2: autoDraw = True
286.3557 	DATA 	Keypress: equal
287.1554 	DATA 	Keypress: 1
287.8555 	DATA 	Keypress: equal
288.3284 	EXP 	New trial (rep=0, index=2): OrderedDict([('condsFile', 'videoBlock_schemaN_pathA_2.csv')])
288.3413 	EXP 	Imported videoBlock_schemaN_pathA_2.csv as conditions, 1 conditions, 17 params
288.3417 	EXP 	Created sequence: random, trialTypes=1, nReps=1, seed=None
288.3425 	EXP 	New trial (rep=0, index=0): OrderedDict([('northOrSouth', 'north.png'), ('stimFile1a', 'stims/wedding-5.1a.mp4'), ('stimFile1b', 'stims/wedding-5.1b.mp4'), ('stimFile2', 'stims/wedding-5.2a.mp4'), ('stimFile3', 'stims/wedding-5.3a.mp4'), ('stimFile4', 'stims/wedding-5.4a.mp4'), ('stimFile5', 'stims/wedding-5.5.mp4'), ('QeggPainting1', 'stimsday1details/newegg2.png'), ('Qcharacter1', 'stimsday1details/couple5.png'), ('Qgift1', 'stimsday1details/gift5.png'), ('QeggPainting2', 'stimsday1details/egg5.png'), ('Qcharacter2', 'stimsday1details/newperson2.png'), ('Qgift2', 'stimsday1details/new2.png'), ('Qname1', 'stimsday1details/cn5.png'), ('Qtheme1', 'stimsday1details/ct5.png'), ('Qname2', 'stimsday1details/n5.png'), ('Qtheme2', 'stimsday1details/t5.png')])
288.3541 	EXP 	northorsouth1: autoDraw = False
288.3541 	EXP 	northorsouth2: autoDraw = False
288.3541 	EXP 	northorsouth1: autoDraw = False
288.3541 	EXP 	northorsouth2: autoDraw = False
288.3541 	EXP 	image_3: autoDraw = True
289.3560 	DATA 	Keypress: equal
290.3386 	EXP 	Created sequence: random, trialTypes=1, nReps=1, seed=None
290.3389 	EXP 	New trial (rep=0, index=0): None
290.7744 	EXP 	Created vid1a = MovieStim3(__class__=<class 'psychopy.visual.movie3.MovieStim3'>, autoLog=True, color=UNKNOWN, colorSpace=UNKNOWN, depth=-1.0, filename='stims/wedding-5.1a.mp4', flipHoriz=False, flipVert=False, fps=UNKNOWN, interpolate=True, loop=False, name='vid1a', noAudio=False, opacity=1.0, ori=0, pos=array([0., 0.]), size=array([1280.,  720.]), units='pix', vframe_callback=UNKNOWN, volume=UNKNOWN, win=Window(...))
291.1884 	EXP 	Created vid1b = MovieStim3(__class__=<class 'psychopy.visual.movie3.MovieStim3'>, autoLog=True, color=UNKNOWN, colorSpace=UNKNOWN, depth=-2.0, filename='stims/wedding-5.1b.mp4', flipHoriz=False, flipVert=False, fps=UNKNOWN, interpolate=True, loop=False, name='vid1b', noAudio=False, opacity=1.0, ori=0, pos=array([0., 0.]), size=array([1280.,  720.]), units='pix', vframe_callback=UNKNOWN, volume=UNKNOWN, win=Window(...))
291.6947 	EXP 	Created vid2 = MovieStim3(__class__=<class 'psychopy.visual.movie3.MovieStim3'>, autoLog=True, color=UNKNOWN, colorSpace=UNKNOWN, depth=-3.0, filename='stims/wedding-5.2a.mp4', flipHoriz=False, flipVert=False, fps=UNKNOWN, interpolate=True, loop=False, name='vid2', noAudio=False, opacity=1.0, ori=0, pos=array([0., 0.]), size=array([1280.,  720.]), units='pix', vframe_callback=UNKNOWN, volume=UNKNOWN, win=Window(...))
292.1607 	EXP 	Created vid3 = MovieStim3(__class__=<class 'psychopy.visual.movie3.MovieStim3'>, autoLog=True, color=UNKNOWN, colorSpace=UNKNOWN, depth=-4.0, filename='stims/wedding-5.3a.mp4', flipHoriz=False, flipVert=False, fps=UNKNOWN, interpolate=True, loop=False, name='vid3', noAudio=False, opacity=1.0, ori=0, pos=array([0., 0.]), size=array([1280.,  720.]), units='pix', vframe_callback=UNKNOWN, volume=UNKNOWN, win=Window(...))
292.7575 	EXP 	Created vid4 = MovieStim3(__class__=<class 'psychopy.visual.movie3.MovieStim3'>, autoLog=True, color=UNKNOWN, colorSpace=UNKNOWN, depth=-5.0, filename='stims/wedding-5.4a.mp4', flipHoriz=False, flipVert=False, fps=UNKNOWN, interpolate=True, loop=False, name='vid4', noAudio=False, opacity=1.0, ori=0, pos=array([0., 0.]), size=array([1280.,  720.]), units='pix', vframe_callback=UNKNOWN, volume=UNKNOWN, win=Window(...))
293.1592 	EXP 	Created vid5 = MovieStim3(__class__=<class 'psychopy.visual.movie3.MovieStim3'>, autoLog=True, color=UNKNOWN, colorSpace=UNKNOWN, depth=-6.0, filename='stims/wedding-5.5.mp4', flipHoriz=False, flipVert=False, fps=UNKNOWN, interpolate=True, loop=False, name='vid5', noAudio=False, opacity=1.0, ori=0, pos=array([0., 0.]), size=array([1280.,  720.]), units='pix', vframe_callback=UNKNOWN, volume=UNKNOWN, win=Window(...))
293.2439 	EXP 	window1: recordFrameIntervals = False
293.2481 	DATA 	Keypress: equal
293.2504 	DATA 	Keypress: equal
293.2707 	EXP 	image_3: autoDraw = False
293.2707 	EXP 	image_3: autoDraw = False
293.2707 	EXP 	vid1a: movie = 'stims/wedding-5.1a.mp4'
293.2707 	EXP 	vid1a: autoLog = True
293.2707 	EXP 	vid1b: movie = 'stims/wedding-5.1b.mp4'
293.2707 	EXP 	vid1b: autoLog = True
293.2707 	EXP 	vid2: movie = 'stims/wedding-5.2a.mp4'
293.2707 	EXP 	vid2: autoLog = True
293.2707 	EXP 	vid3: movie = 'stims/wedding-5.3a.mp4'
293.2707 	EXP 	vid3: autoLog = True
293.2707 	EXP 	vid4: movie = 'stims/wedding-5.4a.mp4'
293.2707 	EXP 	vid4: autoLog = True
293.2707 	EXP 	vid5: movie = 'stims/wedding-5.5.mp4'
293.2707 	EXP 	vid5: autoLog = True
295.9410 	EXP 	window1: recordFrameIntervals = False
298.0321 	DATA 	Keypress: equal
298.0345 	DATA 	Keypress: equal
298.0365 	DATA 	Keypress: equal
298.2392 	EXP 	vid1a: movie = 'stims/wedding-5.1a.mp4'
298.2392 	EXP 	vid1b: movie = 'stims/wedding-5.1b.mp4'
298.2392 	EXP 	vid2: movie = 'stims/wedding-5.2a.mp4'
298.2392 	EXP 	vid3: movie = 'stims/wedding-5.3a.mp4'
298.2392 	EXP 	vid4: movie = 'stims/wedding-5.4a.mp4'
298.2392 	EXP 	vid5: movie = 'stims/wedding-5.5.mp4'
298.2540 	EXP 	vid1a: autoDraw = True
298.3560 	DATA 	Keypress: equal
299.8561 	DATA 	Keypress: equal
301.3558 	DATA 	Keypress: equal
302.8561 	DATA 	Keypress: equal
304.3562 	DATA 	Keypress: equal
305.8560 	DATA 	Keypress: equal
307.3559 	DATA 	Keypress: equal
308.8560 	DATA 	Keypress: equal
310.3559 	DATA 	Keypress: equal
311.8561 	DATA 	Keypress: equal
312.3538 	EXP 	vid1a: autoDraw = False
312.3704 	EXP 	vid1b: autoDraw = True
313.3557 	DATA 	Keypress: equal
314.8557 	DATA 	Keypress: equal
316.3556 	DATA 	Keypress: equal
317.8833 	DATA 	Keypress: equal
319.3556 	DATA 	Keypress: equal
320.8556 	DATA 	Keypress: equal
321.3537 	EXP 	vid1b: autoDraw = False
321.3703 	EXP 	vid2: autoDraw = True
322.3560 	DATA 	Keypress: equal
323.8555 	DATA 	Keypress: equal
325.3558 	DATA 	Keypress: equal
326.8554 	DATA 	Keypress: equal
328.3556 	DATA 	Keypress: equal
329.8556 	DATA 	Keypress: equal
331.3557 	DATA 	Keypress: equal
332.8555 	DATA 	Keypress: equal
334.3555 	DATA 	Keypress: equal
335.8556 	DATA 	Keypress: equal
337.3556 	DATA 	Keypress: equal
338.3534 	EXP 	vid2: autoDraw = False
338.3701 	EXP 	vid3: autoDraw = True
338.8556 	DATA 	Keypress: equal
340.3556 	DATA 	Keypress: equal
341.8553 	DATA 	Keypress: equal
343.3557 	DATA 	Keypress: equal
344.8554 	DATA 	Keypress: equal
346.3556 	DATA 	Keypress: equal
347.8552 	DATA 	Keypress: equal
349.3554 	DATA 	Keypress: equal
350.8551 	DATA 	Keypress: equal
352.3835 	DATA 	Keypress: equal
353.8553 	DATA 	Keypress: equal
355.3551 	DATA 	Keypress: equal
356.8553 	DATA 	Keypress: equal
358.3552 	DATA 	Keypress: equal
359.8553 	DATA 	Keypress: equal
361.3531 	EXP 	vid3: autoDraw = False
361.3554 	DATA 	Keypress: equal
361.3698 	EXP 	vid4: autoDraw = True
362.8551 	DATA 	Keypress: equal
364.3550 	DATA 	Keypress: equal
365.8551 	DATA 	Keypress: equal
367.3552 	DATA 	Keypress: equal
368.8554 	DATA 	Keypress: equal
370.3550 	DATA 	Keypress: equal
371.8549 	DATA 	Keypress: equal
373.3548 	DATA 	Keypress: equal
374.8553 	DATA 	Keypress: equal
376.3548 	DATA 	Keypress: equal
377.8549 	DATA 	Keypress: equal
379.3550 	DATA 	Keypress: equal
380.8550 	DATA 	Keypress: equal
382.3549 	DATA 	Keypress: equal
383.8548 	DATA 	Keypress: equal
385.3528 	EXP 	vid4: autoDraw = False
385.3547 	DATA 	Keypress: equal
385.3695 	EXP 	vid5: autoDraw = True
386.8824 	DATA 	Keypress: equal
388.3549 	DATA 	Keypress: equal
389.8549 	DATA 	Keypress: equal
391.3548 	DATA 	Keypress: equal
392.8547 	DATA 	Keypress: equal
394.3547 	DATA 	Keypress: equal
395.8550 	DATA 	Keypress: equal
397.3548 	DATA 	Keypress: equal
398.3193 	EXP 	Set vid5 finished
398.4795 	EXP 	Created sequence: random, trialTypes=1, nReps=1, seed=None
398.4798 	EXP 	New trial (rep=0, index=0): None
398.8904 	EXP 	Created vid1a_q = MovieStim3(__class__=<class 'psychopy.visual.movie3.MovieStim3'>, autoLog=True, color=UNKNOWN, colorSpace=UNKNOWN, depth=-1.0, filename='stims/wedding-5.1a.mp4', flipHoriz=False, flipVert=False, fps=UNKNOWN, interpolate=True, loop=False, name='vid1a_q', noAudio=False, opacity=1.0, ori=0, pos=array([0., 0.]), size=array([1280.,  720.]), units='pix', vframe_callback=UNKNOWN, volume=UNKNOWN, win=Window(...))
399.2736 	EXP 	Created vid1b_q = MovieStim3(__class__=<class 'psychopy.visual.movie3.MovieStim3'>, autoLog=True, color=UNKNOWN, colorSpace=UNKNOWN, depth=-2.0, filename='stims/wedding-5.1b.mp4', flipHoriz=False, flipVert=False, fps=UNKNOWN, interpolate=True, loop=False, name='vid1b_q', noAudio=False, opacity=1.0, ori=0, pos=array([0., 0.]), size=array([1280.,  720.]), units='pix', vframe_callback=UNKNOWN, volume=UNKNOWN, win=Window(...))
399.7283 	EXP 	Created vid2_q = MovieStim3(__class__=<class 'psychopy.visual.movie3.MovieStim3'>, autoLog=True, color=UNKNOWN, colorSpace=UNKNOWN, depth=-3.0, filename='stims/wedding-5.2a.mp4', flipHoriz=False, flipVert=False, fps=UNKNOWN, interpolate=True, loop=False, name='vid2_q', noAudio=False, opacity=1.0, ori=0, pos=array([0., 0.]), size=array([1280.,  720.]), units='pix', vframe_callback=UNKNOWN, volume=UNKNOWN, win=Window(...))
400.1950 	EXP 	Created vid3_q = MovieStim3(__class__=<class 'psychopy.visual.movie3.MovieStim3'>, autoLog=True, color=UNKNOWN, colorSpace=UNKNOWN, depth=-5.0, filename='stims/wedding-5.3a.mp4', flipHoriz=False, flipVert=False, fps=UNKNOWN, interpolate=True, loop=False, name='vid3_q', noAudio=False, opacity=1.0, ori=0, pos=array([0., 0.]), size=array([1280.,  720.]), units='pix', vframe_callback=UNKNOWN, volume=UNKNOWN, win=Window(...))
400.7413 	EXP 	Created vid4_q = MovieStim3(__class__=<class 'psychopy.visual.movie3.MovieStim3'>, autoLog=True, color=UNKNOWN, colorSpace=UNKNOWN, depth=-7.0, filename='stims/wedding-5.4a.mp4', flipHoriz=False, flipVert=False, fps=UNKNOWN, interpolate=True, loop=False, name='vid4_q', noAudio=False, opacity=1.0, ori=0, pos=array([0., 0.]), size=array([1280.,  720.]), units='pix', vframe_callback=UNKNOWN, volume=UNKNOWN, win=Window(...))
401.1412 	EXP 	Created vid5_q = MovieStim3(__class__=<class 'psychopy.visual.movie3.MovieStim3'>, autoLog=True, color=UNKNOWN, colorSpace=UNKNOWN, depth=-8.0, filename='stims/wedding-5.5.mp4', flipHoriz=False, flipVert=False, fps=UNKNOWN, interpolate=True, loop=False, name='vid5_q', noAudio=False, opacity=1.0, ori=0, pos=array([0., 0.]), size=array([1280.,  720.]), units='pix', vframe_callback=UNKNOWN, volume=UNKNOWN, win=Window(...))
401.3911 	EXP 	window1: recordFrameIntervals = False
401.3942 	DATA 	Keypress: equal
401.3964 	DATA 	Keypress: equal
401.4076 	EXP 	vid1a: autoDraw = False
401.4076 	EXP 	vid1b: autoDraw = False
401.4076 	EXP 	vid2: autoDraw = False
401.4076 	EXP 	vid3: autoDraw = False
401.4076 	EXP 	vid4: autoDraw = False
401.4076 	EXP 	vid5: autoDraw = False
401.4076 	EXP 	vid1a_q: movie = 'stims/wedding-5.1a.mp4'
401.4076 	EXP 	vid1a_q: autoLog = True
401.4076 	EXP 	vid1b_q: movie = 'stims/wedding-5.1b.mp4'
401.4076 	EXP 	vid1b_q: autoLog = True
401.4076 	EXP 	vid2_q: movie = 'stims/wedding-5.2a.mp4'
401.4076 	EXP 	vid2_q: autoLog = True
401.4076 	EXP 	vid3_q: movie = 'stims/wedding-5.3a.mp4'
401.4076 	EXP 	vid3_q: autoLog = True
401.4076 	EXP 	vid4_q: movie = 'stims/wedding-5.4a.mp4'
401.4076 	EXP 	vid4_q: autoLog = True
401.4076 	EXP 	vid5_q: movie = 'stims/wedding-5.5.mp4'
401.4076 	EXP 	vid5_q: autoLog = True
401.4076 	EXP 	vid1a_q: autoDraw = False
401.4076 	EXP 	vid1b_q: autoDraw = False
401.4076 	EXP 	vid2_q: autoDraw = False
401.4076 	EXP 	l2q: autoDraw = False
401.4076 	EXP 	vid3_q: autoDraw = False
401.4076 	EXP 	l3q: autoDraw = False
401.4076 	EXP 	vid4_q: autoDraw = False
401.4076 	EXP 	vid5_q: autoDraw = False
401.6249 	EXP 	window1: recordFrameIntervals = False
403.1769 	DATA 	Keypress: equal
403.3465 	DATA 	Keypress: equal
403.4027 	EXP 	eggPainting1: image = 'stimsday1details/newegg2.png'
403.4027 	EXP 	eggPainting2: image = 'stimsday1details/egg5.png'
403.4027 	EXP 	character1: image = 'stimsday1details/couple5.png'
403.4027 	EXP 	character2: image = 'stimsday1details/newperson2.png'
403.4027 	EXP 	gift1: image = 'stimsday1details/gift5.png'
403.4027 	EXP 	gift2: image = 'stimsday1details/new2.png'
403.4027 	EXP 	themeQ1: image = 'stimsday1details/ct5.png'
403.4027 	EXP 	themeQ2: image = 'stimsday1details/t5.png'
403.4027 	EXP 	nameQ1: image = 'stimsday1details/cn5.png'
403.4027 	EXP 	nameQ2: image = 'stimsday1details/n5.png'
403.4027 	EXP 	nameQ1: autoDraw = True
403.4027 	EXP 	nameQ2: autoDraw = True
404.4707 	DATA 	Keypress: 2
404.8543 	DATA 	Keypress: equal
405.3859 	EXP 	nameQ1: autoDraw = False
405.3859 	EXP 	nameQ2: autoDraw = False
405.3859 	EXP 	nameQ1: autoDraw = False
405.3859 	EXP 	nameQ2: autoDraw = False
405.3859 	EXP 	eggPainting1: autoDraw = True
405.3859 	EXP 	eggPainting2: autoDraw = True
406.1708 	DATA 	Keypress: 2
406.3541 	DATA 	Keypress: equal
407.3859 	EXP 	eggPainting1: autoDraw = False
407.3859 	EXP 	eggPainting2: autoDraw = False
407.3859 	EXP 	eggPainting1: autoDraw = False
407.3859 	EXP 	eggPainting2: autoDraw = False
407.3859 	EXP 	character1: autoDraw = True
407.3859 	EXP 	character2: autoDraw = True
407.8547 	DATA 	Keypress: equal
408.1372 	DATA 	Keypress: 1
409.3541 	DATA 	Keypress: equal
409.3859 	EXP 	character1: autoDraw = False
409.3859 	EXP 	character2: autoDraw = False
409.3859 	EXP 	character1: autoDraw = False
409.3859 	EXP 	character2: autoDraw = False
409.3859 	EXP 	themeQ1: autoDraw = True
409.3859 	EXP 	themeQ2: autoDraw = True
410.6545 	DATA 	Keypress: 2
410.8542 	DATA 	Keypress: equal
411.3858 	EXP 	themeQ1: autoDraw = False
411.3858 	EXP 	themeQ2: autoDraw = False
411.3858 	EXP 	themeQ1: autoDraw = False
411.3858 	EXP 	themeQ2: autoDraw = False
411.3858 	EXP 	gift1: autoDraw = True
411.3858 	EXP 	gift2: autoDraw = True
412.3541 	DATA 	Keypress: equal
412.4704 	DATA 	Keypress: 1
413.3858 	EXP 	gift1: autoDraw = False
413.3858 	EXP 	gift2: autoDraw = False
413.3858 	EXP 	gift1: autoDraw = False
413.3858 	EXP 	gift2: autoDraw = False
413.3858 	EXP 	northorsouth1: autoDraw = True
413.3858 	EXP 	northorsouth2: autoDraw = True
413.8544 	DATA 	Keypress: equal
414.3541 	DATA 	Keypress: 1
415.3539 	DATA 	Keypress: equal
415.6079 	EXP 	New trial (rep=0, index=3): OrderedDict([('condsFile', 'videoBlock_schemaN_pathA_3.csv')])
415.6212 	EXP 	Imported videoBlock_schemaN_pathA_3.csv as conditions, 1 conditions, 17 params
415.6216 	EXP 	Created sequence: random, trialTypes=1, nReps=1, seed=None
415.6224 	EXP 	New trial (rep=0, index=0): OrderedDict([('northOrSouth', 'north.png'), ('stimFile1a', 'stims/wedding-9.1a.mp4'), ('stimFile1b', 'stims/wedding-9.1b.mp4'), ('stimFile2', 'stims/wedding-9.2a.mp4'), ('stimFile3', 'stims/wedding-9.3a.mp4'), ('stimFile4', 'stims/wedding-9.4a.mp4'), ('stimFile5', 'stims/wedding-9.5.mp4'), ('QeggPainting1', 'stimsday1details/newegg3.png'), ('Qcharacter1', 'stimsday1details/newperson3.png'), ('Qgift1', 'stimsday1details/gift9.png'), ('QeggPainting2', 'stimsday1details/egg9.png'), ('Qcharacter2', 'stimsday1details/couple9.png'), ('Qgift2', 'stimsday1details/new3.png'), ('Qname1', 'stimsday1details/n9.png'), ('Qtheme1', 'stimsday1details/t9.png'), ('Qname2', 'stimsday1details/cn9.png'), ('Qtheme2', 'stimsday1details/ct9.png')])
415.6358 	EXP 	northorsouth1: autoDraw = False
415.6358 	EXP 	northorsouth2: autoDraw = False
415.6358 	EXP 	northorsouth1: autoDraw = False
415.6358 	EXP 	northorsouth2: autoDraw = False
415.6358 	EXP 	image_3: autoDraw = True
416.8547 	DATA 	Keypress: equal
417.6203 	EXP 	Created sequence: random, trialTypes=1, nReps=1, seed=None
417.6205 	EXP 	New trial (rep=0, index=0): None
418.0245 	EXP 	Created vid1a = MovieStim3(__class__=<class 'psychopy.visual.movie3.MovieStim3'>, autoLog=True, color=UNKNOWN, colorSpace=UNKNOWN, depth=-1.0, filename='stims/wedding-9.1a.mp4', flipHoriz=False, flipVert=False, fps=UNKNOWN, interpolate=True, loop=False, name='vid1a', noAudio=False, opacity=1.0, ori=0, pos=array([0., 0.]), size=array([1280.,  720.]), units='pix', vframe_callback=UNKNOWN, volume=UNKNOWN, win=Window(...))
418.4335 	EXP 	Created vid1b = MovieStim3(__class__=<class 'psychopy.visual.movie3.MovieStim3'>, autoLog=True, color=UNKNOWN, colorSpace=UNKNOWN, depth=-2.0, filename='stims/wedding-9.1b.mp4', flipHoriz=False, flipVert=False, fps=UNKNOWN, interpolate=True, loop=False, name='vid1b', noAudio=False, opacity=1.0, ori=0, pos=array([0., 0.]), size=array([1280.,  720.]), units='pix', vframe_callback=UNKNOWN, volume=UNKNOWN, win=Window(...))
418.9044 	EXP 	Created vid2 = MovieStim3(__class__=<class 'psychopy.visual.movie3.MovieStim3'>, autoLog=True, color=UNKNOWN, colorSpace=UNKNOWN, depth=-3.0, filename='stims/wedding-9.2a.mp4', flipHoriz=False, flipVert=False, fps=UNKNOWN, interpolate=True, loop=False, name='vid2', noAudio=False, opacity=1.0, ori=0, pos=array([0., 0.]), size=array([1280.,  720.]), units='pix', vframe_callback=UNKNOWN, volume=UNKNOWN, win=Window(...))
419.3812 	EXP 	Created vid3 = MovieStim3(__class__=<class 'psychopy.visual.movie3.MovieStim3'>, autoLog=True, color=UNKNOWN, colorSpace=UNKNOWN, depth=-4.0, filename='stims/wedding-9.3a.mp4', flipHoriz=False, flipVert=False, fps=UNKNOWN, interpolate=True, loop=False, name='vid3', noAudio=False, opacity=1.0, ori=0, pos=array([0., 0.]), size=array([1280.,  720.]), units='pix', vframe_callback=UNKNOWN, volume=UNKNOWN, win=Window(...))
419.9842 	EXP 	Created vid4 = MovieStim3(__class__=<class 'psychopy.visual.movie3.MovieStim3'>, autoLog=True, color=UNKNOWN, colorSpace=UNKNOWN, depth=-5.0, filename='stims/wedding-9.4a.mp4', flipHoriz=False, flipVert=False, fps=UNKNOWN, interpolate=True, loop=False, name='vid4', noAudio=False, opacity=1.0, ori=0, pos=array([0., 0.]), size=array([1280.,  720.]), units='pix', vframe_callback=UNKNOWN, volume=UNKNOWN, win=Window(...))
420.4177 	EXP 	Created vid5 = MovieStim3(__class__=<class 'psychopy.visual.movie3.MovieStim3'>, autoLog=True, color=UNKNOWN, colorSpace=UNKNOWN, depth=-6.0, filename='stims/wedding-9.5.mp4', flipHoriz=False, flipVert=False, fps=UNKNOWN, interpolate=True, loop=False, name='vid5', noAudio=False, opacity=1.0, ori=0, pos=array([0., 0.]), size=array([1280.,  720.]), units='pix', vframe_callback=UNKNOWN, volume=UNKNOWN, win=Window(...))
420.5365 	EXP 	window1: recordFrameIntervals = False
420.5404 	DATA 	Keypress: equal
420.5427 	DATA 	Keypress: equal
420.5543 	EXP 	image_3: autoDraw = False
420.5543 	EXP 	image_3: autoDraw = False
420.5543 	EXP 	vid1a: movie = 'stims/wedding-9.1a.mp4'
420.5543 	EXP 	vid1a: autoLog = True
420.5543 	EXP 	vid1b: movie = 'stims/wedding-9.1b.mp4'
420.5543 	EXP 	vid1b: autoLog = True
420.5543 	EXP 	vid2: movie = 'stims/wedding-9.2a.mp4'
420.5543 	EXP 	vid2: autoLog = True
420.5543 	EXP 	vid3: movie = 'stims/wedding-9.3a.mp4'
420.5543 	EXP 	vid3: autoLog = True
420.5543 	EXP 	vid4: movie = 'stims/wedding-9.4a.mp4'
420.5543 	EXP 	vid4: autoLog = True
420.5543 	EXP 	vid5: movie = 'stims/wedding-9.5.mp4'
420.5543 	EXP 	vid5: autoLog = True
423.2434 	EXP 	window1: recordFrameIntervals = False
425.3251 	DATA 	Keypress: equal
425.3273 	DATA 	Keypress: equal
425.3293 	DATA 	Keypress: equal
425.5357 	EXP 	vid1a: movie = 'stims/wedding-9.1a.mp4'
425.5357 	EXP 	vid1b: movie = 'stims/wedding-9.1b.mp4'
425.5357 	EXP 	vid2: movie = 'stims/wedding-9.2a.mp4'
425.5357 	EXP 	vid3: movie = 'stims/wedding-9.3a.mp4'
425.5357 	EXP 	vid4: movie = 'stims/wedding-9.4a.mp4'
425.5357 	EXP 	vid5: movie = 'stims/wedding-9.5.mp4'
425.5530 	EXP 	vid1a: autoDraw = True
425.8543 	DATA 	Keypress: equal
427.3543 	DATA 	Keypress: equal
428.8544 	DATA 	Keypress: equal
430.3543 	DATA 	Keypress: equal
431.8542 	DATA 	Keypress: equal
433.3541 	DATA 	Keypress: equal
434.8458 	DATA 	Keypress: equal
436.3542 	DATA 	Keypress: equal
437.8546 	DATA 	Keypress: equal
439.3544 	DATA 	Keypress: equal
439.6354 	EXP 	vid1a: autoDraw = False
439.6521 	EXP 	vid1b: autoDraw = True
440.8540 	DATA 	Keypress: equal
442.3541 	DATA 	Keypress: equal
443.8542 	DATA 	Keypress: equal
445.3540 	DATA 	Keypress: equal
446.8542 	DATA 	Keypress: equal
448.3541 	DATA 	Keypress: equal
448.6354 	EXP 	vid1b: autoDraw = False
448.6520 	EXP 	vid2: autoDraw = True
449.8539 	DATA 	Keypress: equal
451.3542 	DATA 	Keypress: equal
452.8539 	DATA 	Keypress: equal
454.3540 	DATA 	Keypress: equal
455.8542 	DATA 	Keypress: equal
457.3538 	DATA 	Keypress: equal
458.8541 	DATA 	Keypress: equal
460.3450 	DATA 	Keypress: equal
461.8541 	DATA 	Keypress: equal
463.3542 	DATA 	Keypress: equal
464.8444 	DATA 	Keypress: equal
465.6352 	EXP 	vid2: autoDraw = False
465.6518 	EXP 	vid3: autoDraw = True
466.3538 	DATA 	Keypress: equal
467.8540 	DATA 	Keypress: equal
469.3540 	DATA 	Keypress: equal
470.8538 	DATA 	Keypress: equal
472.3538 	DATA 	Keypress: equal
473.8540 	DATA 	Keypress: equal
475.3443 	DATA 	Keypress: equal
476.8538 	DATA 	Keypress: equal
478.3536 	DATA 	Keypress: equal
479.8539 	DATA 	Keypress: equal
481.3452 	DATA 	Keypress: equal
482.8538 	DATA 	Keypress: equal
484.3441 	DATA 	Keypress: equal
485.8718 	DATA 	Keypress: equal
487.3452 	DATA 	Keypress: equal
488.5682 	EXP 	Set vid3 finished
488.6515 	EXP 	vid4: autoDraw = True
488.8533 	DATA 	Keypress: equal
490.3536 	DATA 	Keypress: equal
491.8534 	DATA 	Keypress: equal
493.3536 	DATA 	Keypress: equal
494.8533 	DATA 	Keypress: equal
496.3536 	DATA 	Keypress: equal
497.8430 	DATA 	Keypress: equal
499.3448 	DATA 	Keypress: equal
500.8435 	DATA 	Keypress: equal
502.3431 	DATA 	Keypress: equal
503.8452 	DATA 	Keypress: equal
505.3432 	DATA 	Keypress: equal
506.8438 	DATA 	Keypress: equal
508.3535 	DATA 	Keypress: equal
509.8430 	DATA 	Keypress: equal
511.3534 	DATA 	Keypress: equal
512.6346 	EXP 	vid4: autoDraw = False
512.6512 	EXP 	vid5: autoDraw = True
512.8531 	DATA 	Keypress: equal
514.3534 	DATA 	Keypress: equal
515.8533 	DATA 	Keypress: equal
517.3530 	DATA 	Keypress: equal
518.8531 	DATA 	Keypress: equal
520.3556 	DATA 	Keypress: equal
521.8443 	DATA 	Keypress: equal
523.3437 	DATA 	Keypress: equal
524.8429 	DATA 	Keypress: equal
525.2010 	EXP 	Set vid5 finished
525.3862 	EXP 	Created sequence: random, trialTypes=1, nReps=1, seed=None
525.3867 	EXP 	New trial (rep=0, index=0): None
525.7919 	EXP 	Created vid1a_q = MovieStim3(__class__=<class 'psychopy.visual.movie3.MovieStim3'>, autoLog=True, color=UNKNOWN, colorSpace=UNKNOWN, depth=-1.0, filename='stims/wedding-9.1a.mp4', flipHoriz=False, flipVert=False, fps=UNKNOWN, interpolate=True, loop=False, name='vid1a_q', noAudio=False, opacity=1.0, ori=0, pos=array([0., 0.]), size=array([1280.,  720.]), units='pix', vframe_callback=UNKNOWN, volume=UNKNOWN, win=Window(...))
526.1763 	EXP 	Created vid1b_q = MovieStim3(__class__=<class 'psychopy.visual.movie3.MovieStim3'>, autoLog=True, color=UNKNOWN, colorSpace=UNKNOWN, depth=-2.0, filename='stims/wedding-9.1b.mp4', flipHoriz=False, flipVert=False, fps=UNKNOWN, interpolate=True, loop=False, name='vid1b_q', noAudio=False, opacity=1.0, ori=0, pos=array([0., 0.]), size=array([1280.,  720.]), units='pix', vframe_callback=UNKNOWN, volume=UNKNOWN, win=Window(...))
526.6523 	EXP 	Created vid2_q = MovieStim3(__class__=<class 'psychopy.visual.movie3.MovieStim3'>, autoLog=True, color=UNKNOWN, colorSpace=UNKNOWN, depth=-3.0, filename='stims/wedding-9.2a.mp4', flipHoriz=False, flipVert=False, fps=UNKNOWN, interpolate=True, loop=False, name='vid2_q', noAudio=False, opacity=1.0, ori=0, pos=array([0., 0.]), size=array([1280.,  720.]), units='pix', vframe_callback=UNKNOWN, volume=UNKNOWN, win=Window(...))
527.1210 	EXP 	Created vid3_q = MovieStim3(__class__=<class 'psychopy.visual.movie3.MovieStim3'>, autoLog=True, color=UNKNOWN, colorSpace=UNKNOWN, depth=-5.0, filename='stims/wedding-9.3a.mp4', flipHoriz=False, flipVert=False, fps=UNKNOWN, interpolate=True, loop=False, name='vid3_q', noAudio=False, opacity=1.0, ori=0, pos=array([0., 0.]), size=array([1280.,  720.]), units='pix', vframe_callback=UNKNOWN, volume=UNKNOWN, win=Window(...))
527.6639 	EXP 	Created vid4_q = MovieStim3(__class__=<class 'psychopy.visual.movie3.MovieStim3'>, autoLog=True, color=UNKNOWN, colorSpace=UNKNOWN, depth=-7.0, filename='stims/wedding-9.4a.mp4', flipHoriz=False, flipVert=False, fps=UNKNOWN, interpolate=True, loop=False, name='vid4_q', noAudio=False, opacity=1.0, ori=0, pos=array([0., 0.]), size=array([1280.,  720.]), units='pix', vframe_callback=UNKNOWN, volume=UNKNOWN, win=Window(...))
528.0557 	EXP 	Created vid5_q = MovieStim3(__class__=<class 'psychopy.visual.movie3.MovieStim3'>, autoLog=True, color=UNKNOWN, colorSpace=UNKNOWN, depth=-8.0, filename='stims/wedding-9.5.mp4', flipHoriz=False, flipVert=False, fps=UNKNOWN, interpolate=True, loop=False, name='vid5_q', noAudio=False, opacity=1.0, ori=0, pos=array([0., 0.]), size=array([1280.,  720.]), units='pix', vframe_callback=UNKNOWN, volume=UNKNOWN, win=Window(...))
528.3369 	EXP 	window1: recordFrameIntervals = False
528.3402 	DATA 	Keypress: equal
528.3430 	DATA 	Keypress: equal
528.3548 	EXP 	vid1a: autoDraw = False
528.3548 	EXP 	vid1b: autoDraw = False
528.3548 	EXP 	vid2: autoDraw = False
528.3548 	EXP 	vid3: autoDraw = False
528.3548 	EXP 	vid4: autoDraw = False
528.3548 	EXP 	vid5: autoDraw = False
528.3548 	EXP 	vid1a_q: movie = 'stims/wedding-9.1a.mp4'
528.3548 	EXP 	vid1a_q: autoLog = True
528.3548 	EXP 	vid1b_q: movie = 'stims/wedding-9.1b.mp4'
528.3548 	EXP 	vid1b_q: autoLog = True
528.3548 	EXP 	vid2_q: movie = 'stims/wedding-9.2a.mp4'
528.3548 	EXP 	vid2_q: autoLog = True
528.3548 	EXP 	vid3_q: movie = 'stims/wedding-9.3a.mp4'
528.3548 	EXP 	vid3_q: autoLog = True
528.3548 	EXP 	vid4_q: movie = 'stims/wedding-9.4a.mp4'
528.3548 	EXP 	vid4_q: autoLog = True
528.3548 	EXP 	vid5_q: movie = 'stims/wedding-9.5.mp4'
528.3548 	EXP 	vid5_q: autoLog = True
528.3548 	EXP 	vid1a_q: autoDraw = False
528.3548 	EXP 	vid1b_q: autoDraw = False
528.3548 	EXP 	vid2_q: autoDraw = False
528.3548 	EXP 	l2q: autoDraw = False
528.3548 	EXP 	vid3_q: autoDraw = False
528.3548 	EXP 	l3q: autoDraw = False
528.3548 	EXP 	vid4_q: autoDraw = False
528.3548 	EXP 	vid5_q: autoDraw = False
528.5191 	EXP 	window1: recordFrameIntervals = False
530.1236 	DATA 	Keypress: equal
530.3555 	EXP 	eggPainting1: image = 'stimsday1details/newegg3.png'
530.3555 	EXP 	eggPainting2: image = 'stimsday1details/egg9.png'
530.3555 	EXP 	character1: image = 'stimsday1details/newperson3.png'
530.3555 	EXP 	character2: image = 'stimsday1details/couple9.png'
530.3555 	EXP 	gift1: image = 'stimsday1details/gift9.png'
530.3555 	EXP 	gift2: image = 'stimsday1details/new3.png'
530.3555 	EXP 	themeQ1: image = 'stimsday1details/t9.png'
530.3555 	EXP 	themeQ2: image = 'stimsday1details/ct9.png'
530.3555 	EXP 	nameQ1: image = 'stimsday1details/n9.png'
530.3555 	EXP 	nameQ2: image = 'stimsday1details/cn9.png'
530.3555 	EXP 	nameQ1: autoDraw = True
530.3555 	EXP 	nameQ2: autoDraw = True
530.8528 	DATA 	Keypress: equal
531.1691 	DATA 	Keypress: 1
532.3343 	EXP 	nameQ1: autoDraw = False
532.3343 	EXP 	nameQ2: autoDraw = False
532.3343 	EXP 	nameQ1: autoDraw = False
532.3343 	EXP 	nameQ2: autoDraw = False
532.3343 	EXP 	eggPainting1: autoDraw = True
532.3343 	EXP 	eggPainting2: autoDraw = True
532.3529 	DATA 	Keypress: equal
533.1026 	DATA 	Keypress: 2
533.8524 	DATA 	Keypress: equal
534.3343 	EXP 	eggPainting1: autoDraw = False
534.3343 	EXP 	eggPainting2: autoDraw = False
534.3343 	EXP 	eggPainting1: autoDraw = False
534.3343 	EXP 	eggPainting2: autoDraw = False
534.3343 	EXP 	character1: autoDraw = True
534.3343 	EXP 	character2: autoDraw = True
535.1857 	DATA 	Keypress: 2
535.3525 	DATA 	Keypress: equal
536.3343 	EXP 	character1: autoDraw = False
536.3343 	EXP 	character2: autoDraw = False
536.3343 	EXP 	character1: autoDraw = False
536.3343 	EXP 	character2: autoDraw = False
536.3343 	EXP 	themeQ1: autoDraw = True
536.3343 	EXP 	themeQ2: autoDraw = True
536.8529 	DATA 	Keypress: equal
537.5189 	DATA 	Keypress: 1
538.3342 	EXP 	themeQ1: autoDraw = False
538.3342 	EXP 	themeQ2: autoDraw = False
538.3342 	EXP 	themeQ1: autoDraw = False
538.3342 	EXP 	themeQ2: autoDraw = False
538.3342 	EXP 	gift1: autoDraw = True
538.3342 	EXP 	gift2: autoDraw = True
538.3527 	DATA 	Keypress: equal
539.1857 	DATA 	Keypress: 1
539.8523 	DATA 	Keypress: equal
540.3342 	EXP 	gift1: autoDraw = False
540.3342 	EXP 	gift2: autoDraw = False
540.3342 	EXP 	gift1: autoDraw = False
540.3342 	EXP 	gift2: autoDraw = False
540.3342 	EXP 	northorsouth1: autoDraw = True
540.3342 	EXP 	northorsouth2: autoDraw = True
540.9523 	DATA 	Keypress: 1
541.3523 	DATA 	Keypress: equal
542.5849 	EXP 	New trial (rep=0, index=4): OrderedDict([('condsFile', 'videoBlock_schemaN_pathB_1.csv')])
542.5984 	EXP 	Imported videoBlock_schemaN_pathB_1.csv as conditions, 1 conditions, 17 params
542.5988 	EXP 	Created sequence: random, trialTypes=1, nReps=1, seed=None
542.5996 	EXP 	New trial (rep=0, index=0): OrderedDict([('northOrSouth', 'north.png'), ('stimFile1a', 'stims/wedding-4.1a.mp4'), ('stimFile1b', 'stims/wedding-4.1b.mp4'), ('stimFile2', 'stims/wedding-4.2b.mp4'), ('stimFile3', 'stims/wedding-4.3b.mp4'), ('stimFile4', 'stims/wedding-4.4b.mp4'), ('stimFile5', 'stims/wedding-4.5.mp4'), ('QeggPainting1', 'stimsday1details/newpainting1.png'), ('Qcharacter1', 'stimsday1details/newperson13.png'), ('Qgift1', 'stimsday1details/gift4.png'), ('QeggPainting2', 'stimsday1details/painting4.png'), ('Qcharacter2', 'stimsday1details/couple4.png'), ('Qgift2', 'stimsday1details/new13.png'), ('Qname1', 'stimsday1details/n4.png'), ('Qtheme1', 'stimsday1details/ct4.png'), ('Qname2', 'stimsday1details/cn4.png'), ('Qtheme2', 'stimsday1details/t4.png')])
542.6175 	EXP 	northorsouth1: autoDraw = False
542.6175 	EXP 	northorsouth2: autoDraw = False
542.6175 	EXP 	northorsouth1: autoDraw = False
542.6175 	EXP 	northorsouth2: autoDraw = False
542.6175 	EXP 	image_3: autoDraw = True
542.8528 	DATA 	Keypress: equal
544.3528 	DATA 	Keypress: equal
544.6021 	EXP 	Created sequence: random, trialTypes=1, nReps=1, seed=None
544.6023 	EXP 	New trial (rep=0, index=0): None
545.0111 	EXP 	Created vid1a = MovieStim3(__class__=<class 'psychopy.visual.movie3.MovieStim3'>, autoLog=True, color=UNKNOWN, colorSpace=UNKNOWN, depth=-1.0, filename='stims/wedding-4.1a.mp4', flipHoriz=False, flipVert=False, fps=UNKNOWN, interpolate=True, loop=False, name='vid1a', noAudio=False, opacity=1.0, ori=0, pos=array([0., 0.]), size=array([1280.,  720.]), units='pix', vframe_callback=UNKNOWN, volume=UNKNOWN, win=Window(...))
545.4161 	EXP 	Created vid1b = MovieStim3(__class__=<class 'psychopy.visual.movie3.MovieStim3'>, autoLog=True, color=UNKNOWN, colorSpace=UNKNOWN, depth=-2.0, filename='stims/wedding-4.1b.mp4', flipHoriz=False, flipVert=False, fps=UNKNOWN, interpolate=True, loop=False, name='vid1b', noAudio=False, opacity=1.0, ori=0, pos=array([0., 0.]), size=array([1280.,  720.]), units='pix', vframe_callback=UNKNOWN, volume=UNKNOWN, win=Window(...))
545.8294 	EXP 	Created vid2 = MovieStim3(__class__=<class 'psychopy.visual.movie3.MovieStim3'>, autoLog=True, color=UNKNOWN, colorSpace=UNKNOWN, depth=-3.0, filename='stims/wedding-4.2b.mp4', flipHoriz=False, flipVert=False, fps=UNKNOWN, interpolate=True, loop=False, name='vid2', noAudio=False, opacity=1.0, ori=0, pos=array([0., 0.]), size=array([1280.,  720.]), units='pix', vframe_callback=UNKNOWN, volume=UNKNOWN, win=Window(...))
546.3393 	EXP 	Created vid3 = MovieStim3(__class__=<class 'psychopy.visual.movie3.MovieStim3'>, autoLog=True, color=UNKNOWN, colorSpace=UNKNOWN, depth=-4.0, filename='stims/wedding-4.3b.mp4', flipHoriz=False, flipVert=False, fps=UNKNOWN, interpolate=True, loop=False, name='vid3', noAudio=False, opacity=1.0, ori=0, pos=array([0., 0.]), size=array([1280.,  720.]), units='pix', vframe_callback=UNKNOWN, volume=UNKNOWN, win=Window(...))
546.9177 	EXP 	Created vid4 = MovieStim3(__class__=<class 'psychopy.visual.movie3.MovieStim3'>, autoLog=True, color=UNKNOWN, colorSpace=UNKNOWN, depth=-5.0, filename='stims/wedding-4.4b.mp4', flipHoriz=False, flipVert=False, fps=UNKNOWN, interpolate=True, loop=False, name='vid4', noAudio=False, opacity=1.0, ori=0, pos=array([0., 0.]), size=array([1280.,  720.]), units='pix', vframe_callback=UNKNOWN, volume=UNKNOWN, win=Window(...))
547.3445 	EXP 	Created vid5 = MovieStim3(__class__=<class 'psychopy.visual.movie3.MovieStim3'>, autoLog=True, color=UNKNOWN, colorSpace=UNKNOWN, depth=-6.0, filename='stims/wedding-4.5.mp4', flipHoriz=False, flipVert=False, fps=UNKNOWN, interpolate=True, loop=False, name='vid5', noAudio=False, opacity=1.0, ori=0, pos=array([0., 0.]), size=array([1280.,  720.]), units='pix', vframe_callback=UNKNOWN, volume=UNKNOWN, win=Window(...))
547.4465 	EXP 	window1: recordFrameIntervals = False
547.4500 	DATA 	Keypress: equal
547.4528 	DATA 	Keypress: equal
547.4675 	EXP 	image_3: autoDraw = False
547.4675 	EXP 	image_3: autoDraw = False
547.4675 	EXP 	vid1a: movie = 'stims/wedding-4.1a.mp4'
547.4675 	EXP 	vid1a: autoLog = True
547.4675 	EXP 	vid1b: movie = 'stims/wedding-4.1b.mp4'
547.4675 	EXP 	vid1b: autoLog = True
547.4675 	EXP 	vid2: movie = 'stims/wedding-4.2b.mp4'
547.4675 	EXP 	vid2: autoLog = True
547.4675 	EXP 	vid3: movie = 'stims/wedding-4.3b.mp4'
547.4675 	EXP 	vid3: autoLog = True
547.4675 	EXP 	vid4: movie = 'stims/wedding-4.4b.mp4'
547.4675 	EXP 	vid4: autoLog = True
547.4675 	EXP 	vid5: movie = 'stims/wedding-4.5.mp4'
547.4675 	EXP 	vid5: autoLog = True
550.0748 	EXP 	window1: recordFrameIntervals = False
552.2336 	DATA 	Keypress: equal
552.2358 	DATA 	Keypress: equal
552.2377 	DATA 	Keypress: equal
552.4343 	EXP 	vid1a: movie = 'stims/wedding-4.1a.mp4'
552.4343 	EXP 	vid1b: movie = 'stims/wedding-4.1b.mp4'
552.4343 	EXP 	vid2: movie = 'stims/wedding-4.2b.mp4'
552.4343 	EXP 	vid3: movie = 'stims/wedding-4.3b.mp4'
552.4343 	EXP 	vid4: movie = 'stims/wedding-4.4b.mp4'
552.4343 	EXP 	vid5: movie = 'stims/wedding-4.5.mp4'
552.4508 	EXP 	vid1a: autoDraw = True
553.3433 	DATA 	Keypress: equal
554.8526 	DATA 	Keypress: equal
556.3529 	DATA 	Keypress: equal
557.8529 	DATA 	Keypress: equal
559.3528 	DATA 	Keypress: equal
560.8439 	DATA 	Keypress: equal
562.3444 	DATA 	Keypress: equal
563.8439 	DATA 	Keypress: equal
565.3427 	DATA 	Keypress: equal
566.6172 	EXP 	vid1a: autoDraw = False
566.6339 	EXP 	vid1b: autoDraw = True
566.8435 	DATA 	Keypress: equal
568.3439 	DATA 	Keypress: equal
569.8427 	DATA 	Keypress: equal
571.3437 	DATA 	Keypress: equal
572.8433 	DATA 	Keypress: equal
574.3425 	DATA 	Keypress: equal
575.5171 	EXP 	Set vid1b finished
575.6338 	EXP 	vid2: autoDraw = True
575.8419 	DATA 	Keypress: equal
577.3429 	DATA 	Keypress: equal
578.8418 	DATA 	Keypress: equal
580.3438 	DATA 	Keypress: equal
581.8421 	DATA 	Keypress: equal
583.3443 	DATA 	Keypress: equal
584.8524 	DATA 	Keypress: equal
586.3524 	DATA 	Keypress: equal
587.8436 	DATA 	Keypress: equal
589.3524 	DATA 	Keypress: equal
590.8524 	DATA 	Keypress: equal
592.1502 	EXP 	Set vid2 finished
592.3521 	DATA 	Keypress: equal
592.6335 	EXP 	vid3: autoDraw = True
593.8437 	DATA 	Keypress: equal
595.3434 	DATA 	Keypress: equal
596.8421 	DATA 	Keypress: equal
598.3442 	DATA 	Keypress: equal
599.8431 	DATA 	Keypress: equal
601.3437 	DATA 	Keypress: equal
602.8522 	DATA 	Keypress: equal
604.3521 	DATA 	Keypress: equal
605.8521 	DATA 	Keypress: equal
607.3522 	DATA 	Keypress: equal
608.8521 	DATA 	Keypress: equal
610.3524 	DATA 	Keypress: equal
611.8518 	DATA 	Keypress: equal
613.3519 	DATA 	Keypress: equal
614.8517 	DATA 	Keypress: equal
615.6166 	EXP 	vid3: autoDraw = False
615.6332 	EXP 	vid4: autoDraw = True
616.3707 	DATA 	Keypress: equal
617.8432 	DATA 	Keypress: equal
619.3431 	DATA 	Keypress: equal
620.8428 	DATA 	Keypress: equal
622.3417 	DATA 	Keypress: equal
623.8430 	DATA 	Keypress: equal
625.3521 	DATA 	Keypress: equal
626.8520 	DATA 	Keypress: equal
628.3517 	DATA 	Keypress: equal
629.8518 	DATA 	Keypress: equal
631.3516 	DATA 	Keypress: equal
632.8516 	DATA 	Keypress: equal
634.3518 	DATA 	Keypress: equal
635.8515 	DATA 	Keypress: equal
637.3520 	DATA 	Keypress: equal
638.8515 	DATA 	Keypress: equal
639.5496 	EXP 	Set vid4 finished
639.6330 	EXP 	vid5: autoDraw = True
640.3428 	DATA 	Keypress: equal
641.8409 	DATA 	Keypress: equal
643.3424 	DATA 	Keypress: equal
644.8403 	DATA 	Keypress: equal
646.3425 	DATA 	Keypress: equal
647.8412 	DATA 	Keypress: equal
649.3514 	DATA 	Keypress: equal
650.8791 	DATA 	Keypress: equal
652.1830 	EXP 	Set vid5 finished
652.3878 	EXP 	Created sequence: random, trialTypes=1, nReps=1, seed=None
652.3881 	EXP 	New trial (rep=0, index=0): None
652.8004 	EXP 	Created vid1a_q = MovieStim3(__class__=<class 'psychopy.visual.movie3.MovieStim3'>, autoLog=True, color=UNKNOWN, colorSpace=UNKNOWN, depth=-1.0, filename='stims/wedding-4.1a.mp4', flipHoriz=False, flipVert=False, fps=UNKNOWN, interpolate=True, loop=False, name='vid1a_q', noAudio=False, opacity=1.0, ori=0, pos=array([0., 0.]), size=array([1280.,  720.]), units='pix', vframe_callback=UNKNOWN, volume=UNKNOWN, win=Window(...))
653.1834 	EXP 	Created vid1b_q = MovieStim3(__class__=<class 'psychopy.visual.movie3.MovieStim3'>, autoLog=True, color=UNKNOWN, colorSpace=UNKNOWN, depth=-2.0, filename='stims/wedding-4.1b.mp4', flipHoriz=False, flipVert=False, fps=UNKNOWN, interpolate=True, loop=False, name='vid1b_q', noAudio=False, opacity=1.0, ori=0, pos=array([0., 0.]), size=array([1280.,  720.]), units='pix', vframe_callback=UNKNOWN, volume=UNKNOWN, win=Window(...))
653.5931 	EXP 	Created vid2_q = MovieStim3(__class__=<class 'psychopy.visual.movie3.MovieStim3'>, autoLog=True, color=UNKNOWN, colorSpace=UNKNOWN, depth=-3.0, filename='stims/wedding-4.2b.mp4', flipHoriz=False, flipVert=False, fps=UNKNOWN, interpolate=True, loop=False, name='vid2_q', noAudio=False, opacity=1.0, ori=0, pos=array([0., 0.]), size=array([1280.,  720.]), units='pix', vframe_callback=UNKNOWN, volume=UNKNOWN, win=Window(...))
654.0717 	EXP 	Created vid3_q = MovieStim3(__class__=<class 'psychopy.visual.movie3.MovieStim3'>, autoLog=True, color=UNKNOWN, colorSpace=UNKNOWN, depth=-5.0, filename='stims/wedding-4.3b.mp4', flipHoriz=False, flipVert=False, fps=UNKNOWN, interpolate=True, loop=False, name='vid3_q', noAudio=False, opacity=1.0, ori=0, pos=array([0., 0.]), size=array([1280.,  720.]), units='pix', vframe_callback=UNKNOWN, volume=UNKNOWN, win=Window(...))
654.5926 	EXP 	Created vid4_q = MovieStim3(__class__=<class 'psychopy.visual.movie3.MovieStim3'>, autoLog=True, color=UNKNOWN, colorSpace=UNKNOWN, depth=-7.0, filename='stims/wedding-4.4b.mp4', flipHoriz=False, flipVert=False, fps=UNKNOWN, interpolate=True, loop=False, name='vid4_q', noAudio=False, opacity=1.0, ori=0, pos=array([0., 0.]), size=array([1280.,  720.]), units='pix', vframe_callback=UNKNOWN, volume=UNKNOWN, win=Window(...))
654.9817 	EXP 	Created vid5_q = MovieStim3(__class__=<class 'psychopy.visual.movie3.MovieStim3'>, autoLog=True, color=UNKNOWN, colorSpace=UNKNOWN, depth=-8.0, filename='stims/wedding-4.5.mp4', flipHoriz=False, flipVert=False, fps=UNKNOWN, interpolate=True, loop=False, name='vid5_q', noAudio=False, opacity=1.0, ori=0, pos=array([0., 0.]), size=array([1280.,  720.]), units='pix', vframe_callback=UNKNOWN, volume=UNKNOWN, win=Window(...))
655.2935 	EXP 	window1: recordFrameIntervals = False
655.2966 	DATA 	Keypress: equal
655.2988 	DATA 	Keypress: equal
655.3162 	EXP 	vid1a: autoDraw = False
655.3162 	EXP 	vid1b: autoDraw = False
655.3162 	EXP 	vid2: autoDraw = False
655.3162 	EXP 	vid3: autoDraw = False
655.3162 	EXP 	vid4: autoDraw = False
655.3162 	EXP 	vid5: autoDraw = False
655.3162 	EXP 	vid1a_q: movie = 'stims/wedding-4.1a.mp4'
655.3162 	EXP 	vid1a_q: autoLog = True
655.3162 	EXP 	vid1b_q: movie = 'stims/wedding-4.1b.mp4'
655.3162 	EXP 	vid1b_q: autoLog = True
655.3162 	EXP 	vid2_q: movie = 'stims/wedding-4.2b.mp4'
655.3162 	EXP 	vid2_q: autoLog = True
655.3162 	EXP 	vid3_q: movie = 'stims/wedding-4.3b.mp4'
655.3162 	EXP 	vid3_q: autoLog = True
655.3162 	EXP 	vid4_q: movie = 'stims/wedding-4.4b.mp4'
655.3162 	EXP 	vid4_q: autoLog = True
655.3162 	EXP 	vid5_q: movie = 'stims/wedding-4.5.mp4'
655.3162 	EXP 	vid5_q: autoLog = True
655.3162 	EXP 	vid1a_q: autoDraw = False
655.3162 	EXP 	vid1b_q: autoDraw = False
655.3162 	EXP 	vid2_q: autoDraw = False
655.3162 	EXP 	l2q: autoDraw = False
655.3162 	EXP 	vid3_q: autoDraw = False
655.3162 	EXP 	l3q: autoDraw = False
655.3162 	EXP 	vid4_q: autoDraw = False
655.3162 	EXP 	vid5_q: autoDraw = False
655.5663 	EXP 	window1: recordFrameIntervals = False
657.0802 	DATA 	Keypress: equal
657.0829 	DATA 	Keypress: equal
657.2994 	EXP 	eggPainting1: image = 'stimsday1details/newpainting1.png'
657.2994 	EXP 	eggPainting2: image = 'stimsday1details/painting4.png'
657.2994 	EXP 	character1: image = 'stimsday1details/newperson13.png'
657.2994 	EXP 	character2: image = 'stimsday1details/couple4.png'
657.2994 	EXP 	gift1: image = 'stimsday1details/gift4.png'
657.2994 	EXP 	gift2: image = 'stimsday1details/new13.png'
657.2994 	EXP 	themeQ1: image = 'stimsday1details/ct4.png'
657.2994 	EXP 	themeQ2: image = 'stimsday1details/t4.png'
657.2994 	EXP 	nameQ1: image = 'stimsday1details/n4.png'
657.2994 	EXP 	nameQ2: image = 'stimsday1details/cn4.png'
657.2994 	EXP 	nameQ1: autoDraw = True
657.2994 	EXP 	nameQ2: autoDraw = True
658.2513 	DATA 	Keypress: 1
658.3509 	DATA 	Keypress: equal
659.2994 	EXP 	nameQ1: autoDraw = False
659.2994 	EXP 	nameQ2: autoDraw = False
659.2994 	EXP 	nameQ1: autoDraw = False
659.2994 	EXP 	nameQ2: autoDraw = False
659.2994 	EXP 	eggPainting1: autoDraw = True
659.2994 	EXP 	eggPainting2: autoDraw = True
659.8510 	DATA 	Keypress: equal
660.1010 	DATA 	Keypress: 2
661.2994 	EXP 	eggPainting1: autoDraw = False
661.2994 	EXP 	eggPainting2: autoDraw = False
661.2994 	EXP 	eggPainting1: autoDraw = False
661.2994 	EXP 	eggPainting2: autoDraw = False
661.2994 	EXP 	character1: autoDraw = True
661.2994 	EXP 	character2: autoDraw = True
661.3509 	DATA 	Keypress: equal
662.1009 	DATA 	Keypress: 2
662.8513 	DATA 	Keypress: equal
663.2993 	EXP 	character1: autoDraw = False
663.2993 	EXP 	character2: autoDraw = False
663.2993 	EXP 	character1: autoDraw = False
663.2993 	EXP 	character2: autoDraw = False
663.2993 	EXP 	themeQ1: autoDraw = True
663.2993 	EXP 	themeQ2: autoDraw = True
664.3508 	DATA 	Keypress: equal
664.7010 	DATA 	Keypress: 2
665.2993 	EXP 	themeQ1: autoDraw = False
665.2993 	EXP 	themeQ2: autoDraw = False
665.2993 	EXP 	themeQ1: autoDraw = False
665.2993 	EXP 	themeQ2: autoDraw = False
665.2993 	EXP 	gift1: autoDraw = True
665.2993 	EXP 	gift2: autoDraw = True
665.8510 	DATA 	Keypress: equal
666.5179 	DATA 	Keypress: 1
667.2993 	EXP 	gift1: autoDraw = False
667.2993 	EXP 	gift2: autoDraw = False
667.2993 	EXP 	gift1: autoDraw = False
667.2993 	EXP 	gift2: autoDraw = False
667.2993 	EXP 	northorsouth1: autoDraw = True
667.2993 	EXP 	northorsouth2: autoDraw = True
667.3509 	DATA 	Keypress: equal
668.1516 	DATA 	Keypress: 1
668.8507 	DATA 	Keypress: equal
669.5819 	EXP 	New trial (rep=0, index=5): OrderedDict([('condsFile', 'videoBlock_schemaN_pathA_1.csv')])
669.5945 	EXP 	Imported videoBlock_schemaN_pathA_1.csv as conditions, 1 conditions, 17 params
669.5949 	EXP 	Created sequence: random, trialTypes=1, nReps=1, seed=None
669.5957 	EXP 	New trial (rep=0, index=0): OrderedDict([('northOrSouth', 'north.png'), ('stimFile1a', 'stims/wedding-3.1a.mp4'), ('stimFile1b', 'stims/wedding-3.1b.mp4'), ('stimFile2', 'stims/wedding-3.2a.mp4'), ('stimFile3', 'stims/wedding-3.3a.mp4'), ('stimFile4', 'stims/wedding-3.4a.mp4'), ('stimFile5', 'stims/wedding-3.5.mp4'), ('QeggPainting1', 'stimsday1details/egg3.png'), ('Qcharacter1', 'stimsday1details/couple3.png'), ('Qgift1', 'stimsday1details/new1.png'), ('QeggPainting2', 'stimsday1details/newegg1.png'), ('Qcharacter2', 'stimsday1details/newperson1.png'), ('Qgift2', 'stimsday1details/gift3.png'), ('Qname1', 'stimsday1details/cn3.png'), ('Qtheme1', 'stimsday1details/t3.png'), ('Qname2', 'stimsday1details/n3.png'), ('Qtheme2', 'stimsday1details/ct3.png')])
669.5993 	EXP 	northorsouth1: autoDraw = False
669.5993 	EXP 	northorsouth2: autoDraw = False
669.5993 	EXP 	northorsouth1: autoDraw = False
669.5993 	EXP 	northorsouth2: autoDraw = False
669.5993 	EXP 	image_3: autoDraw = True
670.3511 	DATA 	Keypress: equal
671.6006 	EXP 	Created sequence: random, trialTypes=1, nReps=1, seed=None
671.6009 	EXP 	New trial (rep=0, index=0): None
672.0497 	EXP 	Created vid1a = MovieStim3(__class__=<class 'psychopy.visual.movie3.MovieStim3'>, autoLog=True, color=UNKNOWN, colorSpace=UNKNOWN, depth=-1.0, filename='stims/wedding-3.1a.mp4', flipHoriz=False, flipVert=False, fps=UNKNOWN, interpolate=True, loop=False, name='vid1a', noAudio=False, opacity=1.0, ori=0, pos=array([0., 0.]), size=array([1280.,  720.]), units='pix', vframe_callback=UNKNOWN, volume=UNKNOWN, win=Window(...))
672.4126 	EXP 	Created vid1b = MovieStim3(__class__=<class 'psychopy.visual.movie3.MovieStim3'>, autoLog=True, color=UNKNOWN, colorSpace=UNKNOWN, depth=-2.0, filename='stims/wedding-3.1b.mp4', flipHoriz=False, flipVert=False, fps=UNKNOWN, interpolate=True, loop=False, name='vid1b', noAudio=False, opacity=1.0, ori=0, pos=array([0., 0.]), size=array([1280.,  720.]), units='pix', vframe_callback=UNKNOWN, volume=UNKNOWN, win=Window(...))
672.8822 	EXP 	Created vid2 = MovieStim3(__class__=<class 'psychopy.visual.movie3.MovieStim3'>, autoLog=True, color=UNKNOWN, colorSpace=UNKNOWN, depth=-3.0, filename='stims/wedding-3.2a.mp4', flipHoriz=False, flipVert=False, fps=UNKNOWN, interpolate=True, loop=False, name='vid2', noAudio=False, opacity=1.0, ori=0, pos=array([0., 0.]), size=array([1280.,  720.]), units='pix', vframe_callback=UNKNOWN, volume=UNKNOWN, win=Window(...))
673.3739 	EXP 	Created vid3 = MovieStim3(__class__=<class 'psychopy.visual.movie3.MovieStim3'>, autoLog=True, color=UNKNOWN, colorSpace=UNKNOWN, depth=-4.0, filename='stims/wedding-3.3a.mp4', flipHoriz=False, flipVert=False, fps=UNKNOWN, interpolate=True, loop=False, name='vid3', noAudio=False, opacity=1.0, ori=0, pos=array([0., 0.]), size=array([1280.,  720.]), units='pix', vframe_callback=UNKNOWN, volume=UNKNOWN, win=Window(...))
673.8451 	EXP 	Created vid4 = MovieStim3(__class__=<class 'psychopy.visual.movie3.MovieStim3'>, autoLog=True, color=UNKNOWN, colorSpace=UNKNOWN, depth=-5.0, filename='stims/wedding-3.4a.mp4', flipHoriz=False, flipVert=False, fps=UNKNOWN, interpolate=True, loop=False, name='vid4', noAudio=False, opacity=1.0, ori=0, pos=array([0., 0.]), size=array([1280.,  720.]), units='pix', vframe_callback=UNKNOWN, volume=UNKNOWN, win=Window(...))
674.2305 	EXP 	Created vid5 = MovieStim3(__class__=<class 'psychopy.visual.movie3.MovieStim3'>, autoLog=True, color=UNKNOWN, colorSpace=UNKNOWN, depth=-6.0, filename='stims/wedding-3.5.mp4', flipHoriz=False, flipVert=False, fps=UNKNOWN, interpolate=True, loop=False, name='vid5', noAudio=False, opacity=1.0, ori=0, pos=array([0., 0.]), size=array([1280.,  720.]), units='pix', vframe_callback=UNKNOWN, volume=UNKNOWN, win=Window(...))
674.5075 	EXP 	Created sequence: random, trialTypes=1, nReps=1, seed=None
674.5078 	EXP 	New trial (rep=0, index=0): None
674.9371 	EXP 	Created vid1a_q = MovieStim3(__class__=<class 'psychopy.visual.movie3.MovieStim3'>, autoLog=True, color=UNKNOWN, colorSpace=UNKNOWN, depth=-1.0, filename='stims/wedding-3.1a.mp4', flipHoriz=False, flipVert=False, fps=UNKNOWN, interpolate=True, loop=False, name='vid1a_q', noAudio=False, opacity=1.0, ori=0, pos=array([0., 0.]), size=array([1280.,  720.]), units='pix', vframe_callback=UNKNOWN, volume=UNKNOWN, win=Window(...))
675.2807 	EXP 	Created vid1b_q = MovieStim3(__class__=<class 'psychopy.visual.movie3.MovieStim3'>, autoLog=True, color=UNKNOWN, colorSpace=UNKNOWN, depth=-2.0, filename='stims/wedding-3.1b.mp4', flipHoriz=False, flipVert=False, fps=UNKNOWN, interpolate=True, loop=False, name='vid1b_q', noAudio=False, opacity=1.0, ori=0, pos=array([0., 0.]), size=array([1280.,  720.]), units='pix', vframe_callback=UNKNOWN, volume=UNKNOWN, win=Window(...))
675.7558 	EXP 	Created vid2_q = MovieStim3(__class__=<class 'psychopy.visual.movie3.MovieStim3'>, autoLog=True, color=UNKNOWN, colorSpace=UNKNOWN, depth=-3.0, filename='stims/wedding-3.2a.mp4', flipHoriz=False, flipVert=False, fps=UNKNOWN, interpolate=True, loop=False, name='vid2_q', noAudio=False, opacity=1.0, ori=0, pos=array([0., 0.]), size=array([1280.,  720.]), units='pix', vframe_callback=UNKNOWN, volume=UNKNOWN, win=Window(...))
676.2255 	EXP 	Created vid3_q = MovieStim3(__class__=<class 'psychopy.visual.movie3.MovieStim3'>, autoLog=True, color=UNKNOWN, colorSpace=UNKNOWN, depth=-5.0, filename='stims/wedding-3.3a.mp4', flipHoriz=False, flipVert=False, fps=UNKNOWN, interpolate=True, loop=False, name='vid3_q', noAudio=False, opacity=1.0, ori=0, pos=array([0., 0.]), size=array([1280.,  720.]), units='pix', vframe_callback=UNKNOWN, volume=UNKNOWN, win=Window(...))
676.6957 	EXP 	Created vid4_q = MovieStim3(__class__=<class 'psychopy.visual.movie3.MovieStim3'>, autoLog=True, color=UNKNOWN, colorSpace=UNKNOWN, depth=-7.0, filename='stims/wedding-3.4a.mp4', flipHoriz=False, flipVert=False, fps=UNKNOWN, interpolate=True, loop=False, name='vid4_q', noAudio=False, opacity=1.0, ori=0, pos=array([0., 0.]), size=array([1280.,  720.]), units='pix', vframe_callback=UNKNOWN, volume=UNKNOWN, win=Window(...))
677.0835 	EXP 	Created vid5_q = MovieStim3(__class__=<class 'psychopy.visual.movie3.MovieStim3'>, autoLog=True, color=UNKNOWN, colorSpace=UNKNOWN, depth=-8.0, filename='stims/wedding-3.5.mp4', flipHoriz=False, flipVert=False, fps=UNKNOWN, interpolate=True, loop=False, name='vid5_q', noAudio=False, opacity=1.0, ori=0, pos=array([0., 0.]), size=array([1280.,  720.]), units='pix', vframe_callback=UNKNOWN, volume=UNKNOWN, win=Window(...))
677.2035 	EXP 	window1: recordFrameIntervals = False
677.2078 	DATA 	Keypress: equal
677.2102 	DATA 	Keypress: equal
677.2124 	DATA 	Keypress: equal
677.2152 	DATA 	Keypress: equal
677.2325 	EXP 	image_3: autoDraw = False
677.2325 	EXP 	image_3: autoDraw = False
677.2325 	EXP 	vid1a: movie = 'stims/wedding-3.1a.mp4'
677.2325 	EXP 	vid1a: autoLog = True
677.2325 	EXP 	vid1b: movie = 'stims/wedding-3.1b.mp4'
677.2325 	EXP 	vid1b: autoLog = True
677.2325 	EXP 	vid2: movie = 'stims/wedding-3.2a.mp4'
677.2325 	EXP 	vid2: autoLog = True
677.2325 	EXP 	vid3: movie = 'stims/wedding-3.3a.mp4'
677.2325 	EXP 	vid3: autoLog = True
677.2325 	EXP 	vid4: movie = 'stims/wedding-3.4a.mp4'
677.2325 	EXP 	vid4: autoLog = True
677.2325 	EXP 	vid5: movie = 'stims/wedding-3.5.mp4'
677.2325 	EXP 	vid5: autoLog = True
677.2325 	EXP 	vid1a: autoDraw = False
677.2325 	EXP 	vid1b: autoDraw = False
677.2325 	EXP 	vid2: autoDraw = False
677.2325 	EXP 	vid3: autoDraw = False
677.2325 	EXP 	vid4: autoDraw = False
677.2325 	EXP 	vid5: autoDraw = False
677.2325 	EXP 	vid1a_q: movie = 'stims/wedding-3.1a.mp4'
677.2325 	EXP 	vid1a_q: autoLog = True
677.2325 	EXP 	vid1b_q: movie = 'stims/wedding-3.1b.mp4'
677.2325 	EXP 	vid1b_q: autoLog = True
677.2325 	EXP 	vid2_q: movie = 'stims/wedding-3.2a.mp4'
677.2325 	EXP 	vid2_q: autoLog = True
677.2325 	EXP 	vid3_q: movie = 'stims/wedding-3.3a.mp4'
677.2325 	EXP 	vid3_q: autoLog = True
677.2325 	EXP 	vid4_q: movie = 'stims/wedding-3.4a.mp4'
677.2325 	EXP 	vid4_q: autoLog = True
677.2325 	EXP 	vid5_q: movie = 'stims/wedding-3.5.mp4'
677.2325 	EXP 	vid5_q: autoLog = True
679.8158 	EXP 	window1: recordFrameIntervals = False
681.9916 	DATA 	Keypress: equal
681.9989 	DATA 	Keypress: equal
682.0011 	DATA 	Keypress: equal
682.1991 	EXP 	vid1a_q: movie = 'stims/wedding-3.1a.mp4'
682.1991 	EXP 	vid1b_q: movie = 'stims/wedding-3.1b.mp4'
682.1991 	EXP 	vid2_q: movie = 'stims/wedding-3.2a.mp4'
682.1991 	EXP 	vid3_q: movie = 'stims/wedding-3.3a.mp4'
682.1991 	EXP 	vid4_q: movie = 'stims/wedding-3.4a.mp4'
682.1991 	EXP 	vid5_q: movie = 'stims/wedding-3.5.mp4'
682.2158 	EXP 	vid1a_q: autoDraw = True
682.3513 	DATA 	Keypress: equal
683.8513 	DATA 	Keypress: equal
685.3803 	DATA 	Keypress: equal
686.8510 	DATA 	Keypress: equal
688.3511 	DATA 	Keypress: equal
689.8511 	DATA 	Keypress: equal
691.3420 	DATA 	Keypress: equal
692.8415 	DATA 	Keypress: equal
694.3415 	DATA 	Keypress: equal
695.8425 	DATA 	Keypress: equal
696.5156 	EXP 	vid1a_q: autoDraw = False
696.5322 	EXP 	vid1b_q: autoDraw = True
697.3418 	DATA 	Keypress: equal
698.8418 	DATA 	Keypress: equal
700.3415 	DATA 	Keypress: equal
701.8424 	DATA 	Keypress: equal
703.3419 	DATA 	Keypress: equal
704.8418 	DATA 	Keypress: equal
704.9988 	EXP 	Set vid1b_q finished
705.5321 	EXP 	vid2_q: autoDraw = True
706.3417 	DATA 	Keypress: equal
707.8448 	DATA 	Keypress: equal
709.3421 	DATA 	Keypress: equal
710.8409 	DATA 	Keypress: equal
712.3340 	DATA 	Keypress: equal
713.8341 	DATA 	Keypress: equal
715.3342 	DATA 	Keypress: equal
716.8339 	DATA 	Keypress: equal
718.3338 	DATA 	Keypress: equal
719.8342 	DATA 	Keypress: equal
721.3345 	DATA 	Keypress: equal
722.5153 	EXP 	vid2_q: autoDraw = False
722.5319 	EXP 	l2q: autoDraw = True
722.8339 	DATA 	Keypress: equal
723.9999 	DATA 	Keypress: 1
724.3336 	DATA 	Keypress: equal
725.8335 	DATA 	Keypress: equal
726.5153 	EXP 	l2q: autoDraw = False
726.5319 	EXP 	vid3_q: autoDraw = True
727.3396 	DATA 	Keypress: equal
728.8339 	DATA 	Keypress: equal
730.3406 	DATA 	Keypress: equal
731.8415 	DATA 	Keypress: equal
733.3341 	DATA 	Keypress: equal
734.8338 	DATA 	Keypress: equal
736.3342 	DATA 	Keypress: equal
737.8338 	DATA 	Keypress: equal
739.3336 	DATA 	Keypress: equal
740.8337 	DATA 	Keypress: equal
742.3338 	DATA 	Keypress: equal
743.8341 	DATA 	Keypress: equal
745.3335 	DATA 	Keypress: equal
746.8339 	DATA 	Keypress: equal
748.3337 	DATA 	Keypress: equal
749.5149 	EXP 	vid3_q: autoDraw = False
749.5316 	EXP 	l3q: autoDraw = True
749.8335 	DATA 	Keypress: equal
750.6162 	DATA 	Keypress: 1
751.3332 	DATA 	Keypress: equal
752.8332 	DATA 	Keypress: equal
753.5149 	EXP 	l3q: autoDraw = False
753.5315 	EXP 	vid4_q: autoDraw = True
754.3333 	DATA 	Keypress: equal
755.8336 	DATA 	Keypress: equal
757.3336 	DATA 	Keypress: equal
758.8332 	DATA 	Keypress: equal
760.3335 	DATA 	Keypress: equal
761.8332 	DATA 	Keypress: equal
763.3335 	DATA 	Keypress: equal
764.8336 	DATA 	Keypress: equal
766.3335 	DATA 	Keypress: equal
767.8334 	DATA 	Keypress: equal
769.3336 	DATA 	Keypress: equal
770.8336 	DATA 	Keypress: equal
772.3332 	DATA 	Keypress: equal
773.8332 	DATA 	Keypress: equal
775.3333 	DATA 	Keypress: equal
776.6812 	EXP 	Set vid4_q finished
776.8332 	DATA 	Keypress: equal
777.5312 	EXP 	vid5_q: autoDraw = True
778.3332 	DATA 	Keypress: equal
779.8333 	DATA 	Keypress: equal
781.3331 	DATA 	Keypress: equal
782.8330 	DATA 	Keypress: equal
784.3332 	DATA 	Keypress: equal
785.8330 	DATA 	Keypress: equal
787.3331 	DATA 	Keypress: equal
788.8331 	DATA 	Keypress: equal
789.8477 	EXP 	Set vid5_q finished
790.1313 	EXP 	window1: recordFrameIntervals = False
790.1477 	EXP 	vid1a_q: autoDraw = False
790.1477 	EXP 	vid1b_q: autoDraw = False
790.1477 	EXP 	vid2_q: autoDraw = False
790.1477 	EXP 	l2q: autoDraw = False
790.1477 	EXP 	vid3_q: autoDraw = False
790.1477 	EXP 	l3q: autoDraw = False
790.1477 	EXP 	vid4_q: autoDraw = False
790.1477 	EXP 	vid5_q: autoDraw = False
790.3195 	EXP 	window1: recordFrameIntervals = False
791.9179 	DATA 	Keypress: equal
791.9200 	DATA 	Keypress: equal
792.1311 	EXP 	eggPainting1: image = 'stimsday1details/egg3.png'
792.1311 	EXP 	eggPainting2: image = 'stimsday1details/newegg1.png'
792.1311 	EXP 	character1: image = 'stimsday1details/couple3.png'
792.1311 	EXP 	character2: image = 'stimsday1details/newperson1.png'
792.1311 	EXP 	gift1: image = 'stimsday1details/new1.png'
792.1311 	EXP 	gift2: image = 'stimsday1details/gift3.png'
792.1311 	EXP 	themeQ1: image = 'stimsday1details/t3.png'
792.1311 	EXP 	themeQ2: image = 'stimsday1details/ct3.png'
792.1311 	EXP 	nameQ1: image = 'stimsday1details/cn3.png'
792.1311 	EXP 	nameQ2: image = 'stimsday1details/n3.png'
792.1311 	EXP 	nameQ1: autoDraw = True
792.1311 	EXP 	nameQ2: autoDraw = True
792.9162 	DATA 	Keypress: 2
793.3325 	DATA 	Keypress: equal
794.1310 	EXP 	nameQ1: autoDraw = False
794.1310 	EXP 	nameQ2: autoDraw = False
794.1310 	EXP 	nameQ1: autoDraw = False
794.1310 	EXP 	nameQ2: autoDraw = False
794.1310 	EXP 	eggPainting1: autoDraw = True
794.1310 	EXP 	eggPainting2: autoDraw = True
794.8168 	DATA 	Keypress: 1
794.8327 	DATA 	Keypress: equal
796.1310 	EXP 	eggPainting1: autoDraw = False
796.1310 	EXP 	eggPainting2: autoDraw = False
796.1310 	EXP 	eggPainting1: autoDraw = False
796.1310 	EXP 	eggPainting2: autoDraw = False
796.1310 	EXP 	character1: autoDraw = True
796.1310 	EXP 	character2: autoDraw = True
796.3325 	DATA 	Keypress: equal
796.9491 	DATA 	Keypress: 1
797.8325 	DATA 	Keypress: equal
798.1310 	EXP 	character1: autoDraw = False
798.1310 	EXP 	character2: autoDraw = False
798.1310 	EXP 	character1: autoDraw = False
798.1310 	EXP 	character2: autoDraw = False
798.1310 	EXP 	themeQ1: autoDraw = True
798.1310 	EXP 	themeQ2: autoDraw = True
799.3324 	DATA 	Keypress: equal
799.4324 	DATA 	Keypress: 1
800.1309 	EXP 	themeQ1: autoDraw = False
800.1309 	EXP 	themeQ2: autoDraw = False
800.1309 	EXP 	themeQ1: autoDraw = False
800.1309 	EXP 	themeQ2: autoDraw = False
800.1309 	EXP 	gift1: autoDraw = True
800.1309 	EXP 	gift2: autoDraw = True
800.8325 	DATA 	Keypress: equal
800.9656 	DATA 	Keypress: 2
802.1309 	EXP 	gift1: autoDraw = False
802.1309 	EXP 	gift2: autoDraw = False
802.1309 	EXP 	gift1: autoDraw = False
802.1309 	EXP 	gift2: autoDraw = False
802.1309 	EXP 	northorsouth1: autoDraw = True
802.1309 	EXP 	northorsouth2: autoDraw = True
802.3326 	DATA 	Keypress: equal
803.0495 	DATA 	Keypress: 1
803.8323 	DATA 	Keypress: equal
804.6309 	EXP 	northorsouth1: autoDraw = False
804.6309 	EXP 	northorsouth2: autoDraw = False
804.6309 	EXP 	northorsouth1: autoDraw = False
804.6309 	EXP 	northorsouth2: autoDraw = False
804.9386 	EXP 	window1: mouseVisible = True
