1.8259 	WARNING 	Import Error: No module named 'psychtoolbox'. Using event module for keyboard component.
9.1153 	EXP 	Created window1 = Window(allowGUI=False, allowStencil=False, args=UNKNOWN, autoLog=True, bitsMode=UNKNOWN, blendMode='avg', color=array([0., 0., 0.]), colorSpace='rgb', fullscr=<method-wrapper '__getattribute__' of attributeSetter object at 0x13266a5048>, gamma=None, kwargs=UNKNOWN, lms=UNKNOWN, monitor=<psychopy.monitors.calibTools.Monitor object at 0x132830ab00>, multiSample=False, name='window1', numSamples=2, pos=[0.0, 0.0], screen=0, size=array([1920, 1080]), stereo=False, units='norm', useFBO=True, useRetina=False, viewOri=0.0, viewPos=None, viewScale=None, waitBlanking=True, winType='pyglet')
9.1154 	EXP 	window1: recordFrameIntervals = False
9.2812 	EXP 	window1: recordFrameIntervals = True
9.4647 	EXP 	window1: recordFrameIntervals = False
9.5875 	EXP 	Created text = TextStim(__class__=<class 'psychopy.visual.text.TextStim'>, alignHoriz='center', alignVert='center', antialias=True, autoLog=True, bold=False, color='white', colorSpace='named', contrast=1.0, depth=0.0, flipHoriz=False, flipVert=False, font='Arial', fontFiles=[], height=0.1, italic=False, languageStyle='LTR', name='text', opacity=1.0, ori=0, pos=array([0., 0.]), rgb=array([255., 255., 255.]), text='waiting for experimenter...', units='norm', win=Window(...), wrapWidth=1)
9.5963 	EXP 	Created waiting = TextStim(__class__=<class 'psychopy.visual.text.TextStim'>, alignHoriz='center', alignVert='center', antialias=True, autoLog=True, bold=False, color='white', colorSpace='named', contrast=1.0, depth=0.0, flipHoriz=False, flipVert=False, font='Arial', fontFiles=[], height=0.1, italic=False, languageStyle='LTR', name='waiting', opacity=1.0, ori=0, pos=array([0., 0.]), rgb=array([255., 255., 255.]), text='waiting for scanner...', units='norm', win=Window(...), wrapWidth=1)
9.6197 	EXP 	Created image_3 = ImageStim(__class__=<class 'psychopy.visual.image.ImageStim'>, autoLog=True, color=array([1., 1., 1.]), colorSpace='rgb', contrast=1.0, depth=0.0, flipHoriz=False, flipVert=False, image='north.png', interpolate=True, mask=None, maskParams=None, name='image_3', opacity=1.0, ori=0.0, pos=array([0., 0.]), size=array([0.5, 0.5]), texRes=128, units='norm', win=Window(...))
9.6301 	EXP 	Created l2q = ImageStim(__class__=<class 'psychopy.visual.image.ImageStim'>, autoLog=True, color=array([1., 1., 1.]), colorSpace='rgb', contrast=1.0, depth=-4.0, flipHoriz=False, flipVert=False, image='LAYER2Q.png', interpolate=True, mask=None, maskParams=None, name='l2q', opacity=1.0, ori=0.0, pos=array([0., 0.]), size=array([0.5, 0.5]), texRes=128, units='norm', win=Window(...))
9.6402 	EXP 	Created l3q = ImageStim(__class__=<class 'psychopy.visual.image.ImageStim'>, autoLog=True, color=array([1., 1., 1.]), colorSpace='rgb', contrast=1.0, depth=-6.0, flipHoriz=False, flipVert=False, image='LAYER3Q.png', interpolate=True, mask=None, maskParams=None, name='l3q', opacity=1.0, ori=0.0, pos=array([0., 0.]), size=array([0.5, 0.5]), texRes=128, units='norm', win=Window(...))
9.6463 	EXP 	Created nameQ1 = ImageStim(__class__=<class 'psychopy.visual.image.ImageStim'>, autoLog=True, color=array([1., 1., 1.]), colorSpace='rgb', contrast=1.0, depth=-1.0, flipHoriz=False, flipVert=False, image='sin', interpolate=True, mask=None, maskParams=None, name='nameQ1', opacity=1.0, ori=0.0, pos=array([-0.5, -0.2]), size=array([0.5, 0.5]), texRes=128, units='norm', win=Window(...))
9.6488 	EXP 	Created nameQ2 = ImageStim(__class__=<class 'psychopy.visual.image.ImageStim'>, autoLog=True, color=array([1., 1., 1.]), colorSpace='rgb', contrast=1.0, depth=-2.0, flipHoriz=False, flipVert=False, image='sin', interpolate=True, mask=None, maskParams=None, name='nameQ2', opacity=1.0, ori=0.0, pos=array([ 0.5, -0.2]), size=array([0.5, 0.5]), texRes=128, units='norm', win=Window(...))
9.6512 	EXP 	Created eggPainting1 = ImageStim(__class__=<class 'psychopy.visual.image.ImageStim'>, autoLog=True, color=array([1., 1., 1.]), colorSpace='rgb', contrast=1.0, depth=0.0, flipHoriz=False, flipVert=False, image='sin', interpolate=True, mask=None, maskParams=None, name='eggPainting1', opacity=1.0, ori=0.0, pos=array([-0.5, -0.2]), size=array([0.7, 1. ]), texRes=128, units='norm', win=Window(...))
9.6535 	EXP 	Created eggPainting2 = ImageStim(__class__=<class 'psychopy.visual.image.ImageStim'>, autoLog=True, color=array([1., 1., 1.]), colorSpace='rgb', contrast=1.0, depth=-2.0, flipHoriz=False, flipVert=False, image='sin', interpolate=True, mask=None, maskParams=None, name='eggPainting2', opacity=1.0, ori=0.0, pos=array([ 0.5, -0.2]), size=array([0.7, 1. ]), texRes=128, units='norm', win=Window(...))
9.6559 	EXP 	Created character1 = ImageStim(__class__=<class 'psychopy.visual.image.ImageStim'>, autoLog=True, color=array([1., 1., 1.]), colorSpace='rgb', contrast=1.0, depth=0.0, flipHoriz=False, flipVert=False, image='sin', interpolate=True, mask=None, maskParams=None, name='character1', opacity=1.0, ori=0.0, pos=array([-0.5, -0.2]), size=array([0.5, 1. ]), texRes=128, units='norm', win=Window(...))
9.6585 	EXP 	Created character2 = ImageStim(__class__=<class 'psychopy.visual.image.ImageStim'>, autoLog=True, color=array([1., 1., 1.]), colorSpace='rgb', contrast=1.0, depth=-1.0, flipHoriz=False, flipVert=False, image='sin', interpolate=True, mask=None, maskParams=None, name='character2', opacity=1.0, ori=0.0, pos=array([ 0.5, -0.2]), size=array([0.5, 1. ]), texRes=128, units='norm', win=Window(...))
9.6609 	EXP 	Created themeQ1 = ImageStim(__class__=<class 'psychopy.visual.image.ImageStim'>, autoLog=True, color=array([1., 1., 1.]), colorSpace='rgb', contrast=1.0, depth=-1.0, flipHoriz=False, flipVert=False, image='sin', interpolate=True, mask=None, maskParams=None, name='themeQ1', opacity=1.0, ori=0.0, pos=array([-0.5, -0.2]), size=array([0.5, 0.5]), texRes=128, units='norm', win=Window(...))
9.6633 	EXP 	Created themeQ2 = ImageStim(__class__=<class 'psychopy.visual.image.ImageStim'>, autoLog=True, color=array([1., 1., 1.]), colorSpace='rgb', contrast=1.0, depth=-2.0, flipHoriz=False, flipVert=False, image='sin', interpolate=True, mask=None, maskParams=None, name='themeQ2', opacity=1.0, ori=0.0, pos=array([ 0.5, -0.2]), size=array([0.5, 0.5]), texRes=128, units='norm', win=Window(...))
9.6657 	EXP 	Created gift1 = ImageStim(__class__=<class 'psychopy.visual.image.ImageStim'>, autoLog=True, color=array([1., 1., 1.]), colorSpace='rgb', contrast=1.0, depth=0.0, flipHoriz=False, flipVert=False, image='sin', interpolate=True, mask=None, maskParams=None, name='gift1', opacity=1.0, ori=0.0, pos=array([-0.5, -0.2]), size=array([0.5, 0.5]), texRes=128, units='norm', win=Window(...))
9.6681 	EXP 	Created gift2 = ImageStim(__class__=<class 'psychopy.visual.image.ImageStim'>, autoLog=True, color=array([1., 1., 1.]), colorSpace='rgb', contrast=1.0, depth=-1.0, flipHoriz=False, flipVert=False, image='sin', interpolate=True, mask=None, maskParams=None, name='gift2', opacity=1.0, ori=0.0, pos=array([ 0.5, -0.2]), size=array([0.5, 0.5]), texRes=128, units='norm', win=Window(...))
9.6726 	EXP 	Created northorsouth1 = ImageStim(__class__=<class 'psychopy.visual.image.ImageStim'>, autoLog=True, color=array([1., 1., 1.]), colorSpace='rgb', contrast=1.0, depth=0.0, flipHoriz=False, flipVert=False, image='northorsouth1.png', interpolate=True, mask=None, maskParams=None, name='northorsouth1', opacity=1.0, ori=0.0, pos=array([-0.5, -0.2]), size=array([0.5, 0.5]), texRes=128, units='norm', win=Window(...))
9.6771 	EXP 	Created northorsouth2 = ImageStim(__class__=<class 'psychopy.visual.image.ImageStim'>, autoLog=True, color=array([1., 1., 1.]), colorSpace='rgb', contrast=1.0, depth=-2.0, flipHoriz=False, flipVert=False, image='northorsouth2.png', interpolate=True, mask=None, maskParams=None, name='northorsouth2', opacity=1.0, ori=0.0, pos=array([ 0.5, -0.2]), size=array([0.5, 0.5]), texRes=128, units='norm', win=Window(...))
9.6978 	EXP 	text: autoDraw = True
10.5014 	DATA 	Keypress: g
10.5145 	EXP 	text: autoDraw = False
10.5145 	EXP 	waiting: autoDraw = True
27.9164 	DATA 	Keypress: equal
27.9266 	EXP 	Imported chooseBlock2.csv as conditions, 6 conditions, 1 params
27.9270 	EXP 	Created sequence: random, trialTypes=6, nReps=1, seed=None
27.9274 	EXP 	New trial (rep=0, index=0): OrderedDict([('condsFile', 'videoBlock_schemaN_pathB_6.csv')])
27.9374 	EXP 	Imported videoBlock_schemaN_pathB_6.csv as conditions, 1 conditions, 17 params
27.9378 	EXP 	Created sequence: random, trialTypes=1, nReps=1, seed=None
27.9385 	EXP 	New trial (rep=0, index=0): OrderedDict([('northOrSouth', 'north.png'), ('stimFile1a', 'stims/wedding-16.1a.mp4'), ('stimFile1b', 'stims/wedding-16.1b.mp4'), ('stimFile2', 'stims/wedding-16.2b.mp4'), ('stimFile3', 'stims/wedding-16.3b.mp4'), ('stimFile4', 'stims/wedding-16.4b.mp4'), ('stimFile5', 'stims/wedding-16.5.mp4'), ('QeggPainting1', 'stimsday1details/painting16.png'), ('Qcharacter1', 'stimsday1details/newperson18.png'), ('Qgift1', 'stimsday1details/gift16.png'), ('QeggPainting2', 'stimsday1details/newpainting6.png'), ('Qcharacter2', 'stimsday1details/couple16.png'), ('Qgift2', 'stimsday1details/new18.png'), ('Qname1', 'stimsday1details/n16.png'), ('Qtheme1', 'stimsday1details/ct16.png'), ('Qname2', 'stimsday1details/cn16.png'), ('Qtheme2', 'stimsday1details/t16.png')])
27.9489 	EXP 	waiting: autoDraw = False
27.9489 	EXP 	image_3: autoDraw = True
29.4159 	DATA 	Keypress: equal
29.9318 	EXP 	Created sequence: random, trialTypes=1, nReps=1, seed=None
29.9321 	EXP 	New trial (rep=0, index=0): None
30.4633 	EXP 	Created vid1a = MovieStim3(__class__=<class 'psychopy.visual.movie3.MovieStim3'>, autoLog=True, color=UNKNOWN, colorSpace=UNKNOWN, depth=-1.0, filename='stims/wedding-16.1a.mp4', flipHoriz=False, flipVert=False, fps=UNKNOWN, interpolate=True, loop=False, name='vid1a', noAudio=False, opacity=1.0, ori=0, pos=array([0., 0.]), size=array([1280.,  720.]), units='pix', vframe_callback=UNKNOWN, volume=UNKNOWN, win=Window(...))
30.8637 	EXP 	Created vid1b = MovieStim3(__class__=<class 'psychopy.visual.movie3.MovieStim3'>, autoLog=True, color=UNKNOWN, colorSpace=UNKNOWN, depth=-2.0, filename='stims/wedding-16.1b.mp4', flipHoriz=False, flipVert=False, fps=UNKNOWN, interpolate=True, loop=False, name='vid1b', noAudio=False, opacity=1.0, ori=0, pos=array([0., 0.]), size=array([1280.,  720.]), units='pix', vframe_callback=UNKNOWN, volume=UNKNOWN, win=Window(...))
31.3611 	EXP 	Created vid2 = MovieStim3(__class__=<class 'psychopy.visual.movie3.MovieStim3'>, autoLog=True, color=UNKNOWN, colorSpace=UNKNOWN, depth=-3.0, filename='stims/wedding-16.2b.mp4', flipHoriz=False, flipVert=False, fps=UNKNOWN, interpolate=True, loop=False, name='vid2', noAudio=False, opacity=1.0, ori=0, pos=array([0., 0.]), size=array([1280.,  720.]), units='pix', vframe_callback=UNKNOWN, volume=UNKNOWN, win=Window(...))
31.9472 	EXP 	Created vid3 = MovieStim3(__class__=<class 'psychopy.visual.movie3.MovieStim3'>, autoLog=True, color=UNKNOWN, colorSpace=UNKNOWN, depth=-4.0, filename='stims/wedding-16.3b.mp4', flipHoriz=False, flipVert=False, fps=UNKNOWN, interpolate=True, loop=False, name='vid3', noAudio=False, opacity=1.0, ori=0, pos=array([0., 0.]), size=array([1280.,  720.]), units='pix', vframe_callback=UNKNOWN, volume=UNKNOWN, win=Window(...))
32.5269 	EXP 	Created vid4 = MovieStim3(__class__=<class 'psychopy.visual.movie3.MovieStim3'>, autoLog=True, color=UNKNOWN, colorSpace=UNKNOWN, depth=-5.0, filename='stims/wedding-16.4b.mp4', flipHoriz=False, flipVert=False, fps=UNKNOWN, interpolate=True, loop=False, name='vid4', noAudio=False, opacity=1.0, ori=0, pos=array([0., 0.]), size=array([1280.,  720.]), units='pix', vframe_callback=UNKNOWN, volume=UNKNOWN, win=Window(...))
32.9511 	EXP 	Created vid5 = MovieStim3(__class__=<class 'psychopy.visual.movie3.MovieStim3'>, autoLog=True, color=UNKNOWN, colorSpace=UNKNOWN, depth=-6.0, filename='stims/wedding-16.5.mp4', flipHoriz=False, flipVert=False, fps=UNKNOWN, interpolate=True, loop=False, name='vid5', noAudio=False, opacity=1.0, ori=0, pos=array([0., 0.]), size=array([1280.,  720.]), units='pix', vframe_callback=UNKNOWN, volume=UNKNOWN, win=Window(...))
32.9946 	EXP 	Created sequence: random, trialTypes=1, nReps=1, seed=None
32.9949 	EXP 	New trial (rep=0, index=0): None
33.4078 	EXP 	Created vid1a_q = MovieStim3(__class__=<class 'psychopy.visual.movie3.MovieStim3'>, autoLog=True, color=UNKNOWN, colorSpace=UNKNOWN, depth=-1.0, filename='stims/wedding-16.1a.mp4', flipHoriz=False, flipVert=False, fps=UNKNOWN, interpolate=True, loop=False, name='vid1a_q', noAudio=False, opacity=1.0, ori=0, pos=array([0., 0.]), size=array([1280.,  720.]), units='pix', vframe_callback=UNKNOWN, volume=UNKNOWN, win=Window(...))
33.7837 	EXP 	Created vid1b_q = MovieStim3(__class__=<class 'psychopy.visual.movie3.MovieStim3'>, autoLog=True, color=UNKNOWN, colorSpace=UNKNOWN, depth=-2.0, filename='stims/wedding-16.1b.mp4', flipHoriz=False, flipVert=False, fps=UNKNOWN, interpolate=True, loop=False, name='vid1b_q', noAudio=False, opacity=1.0, ori=0, pos=array([0., 0.]), size=array([1280.,  720.]), units='pix', vframe_callback=UNKNOWN, volume=UNKNOWN, win=Window(...))
34.2312 	EXP 	Created vid2_q = MovieStim3(__class__=<class 'psychopy.visual.movie3.MovieStim3'>, autoLog=True, color=UNKNOWN, colorSpace=UNKNOWN, depth=-3.0, filename='stims/wedding-16.2b.mp4', flipHoriz=False, flipVert=False, fps=UNKNOWN, interpolate=True, loop=False, name='vid2_q', noAudio=False, opacity=1.0, ori=0, pos=array([0., 0.]), size=array([1280.,  720.]), units='pix', vframe_callback=UNKNOWN, volume=UNKNOWN, win=Window(...))
34.7518 	EXP 	Created vid3_q = MovieStim3(__class__=<class 'psychopy.visual.movie3.MovieStim3'>, autoLog=True, color=UNKNOWN, colorSpace=UNKNOWN, depth=-5.0, filename='stims/wedding-16.3b.mp4', flipHoriz=False, flipVert=False, fps=UNKNOWN, interpolate=True, loop=False, name='vid3_q', noAudio=False, opacity=1.0, ori=0, pos=array([0., 0.]), size=array([1280.,  720.]), units='pix', vframe_callback=UNKNOWN, volume=UNKNOWN, win=Window(...))
35.2623 	EXP 	Created vid4_q = MovieStim3(__class__=<class 'psychopy.visual.movie3.MovieStim3'>, autoLog=True, color=UNKNOWN, colorSpace=UNKNOWN, depth=-7.0, filename='stims/wedding-16.4b.mp4', flipHoriz=False, flipVert=False, fps=UNKNOWN, interpolate=True, loop=False, name='vid4_q', noAudio=False, opacity=1.0, ori=0, pos=array([0., 0.]), size=array([1280.,  720.]), units='pix', vframe_callback=UNKNOWN, volume=UNKNOWN, win=Window(...))
35.6522 	EXP 	Created vid5_q = MovieStim3(__class__=<class 'psychopy.visual.movie3.MovieStim3'>, autoLog=True, color=UNKNOWN, colorSpace=UNKNOWN, depth=-8.0, filename='stims/wedding-16.5.mp4', flipHoriz=False, flipVert=False, fps=UNKNOWN, interpolate=True, loop=False, name='vid5_q', noAudio=False, opacity=1.0, ori=0, pos=array([0., 0.]), size=array([1280.,  720.]), units='pix', vframe_callback=UNKNOWN, volume=UNKNOWN, win=Window(...))
35.6526 	EXP 	window1: recordFrameIntervals = False
35.6564 	DATA 	Keypress: equal
35.6590 	DATA 	Keypress: equal
35.6612 	DATA 	Keypress: equal
35.6639 	DATA 	Keypress: equal
35.6809 	EXP 	image_3: autoDraw = False
35.6809 	EXP 	vid1a: movie = 'stims/wedding-16.1a.mp4'
35.6809 	EXP 	vid1a: autoLog = True
35.6809 	EXP 	vid1b: movie = 'stims/wedding-16.1b.mp4'
35.6809 	EXP 	vid1b: autoLog = True
35.6809 	EXP 	vid2: movie = 'stims/wedding-16.2b.mp4'
35.6809 	EXP 	vid2: autoLog = True
35.6809 	EXP 	vid3: movie = 'stims/wedding-16.3b.mp4'
35.6809 	EXP 	vid3: autoLog = True
35.6809 	EXP 	vid4: movie = 'stims/wedding-16.4b.mp4'
35.6809 	EXP 	vid4: autoLog = True
35.6809 	EXP 	vid5: movie = 'stims/wedding-16.5.mp4'
35.6809 	EXP 	vid5: autoLog = True
35.6809 	EXP 	vid1a: autoDraw = False
35.6809 	EXP 	vid1b: autoDraw = False
35.6809 	EXP 	vid2: autoDraw = False
35.6809 	EXP 	vid3: autoDraw = False
35.6809 	EXP 	vid4: autoDraw = False
35.6809 	EXP 	vid5: autoDraw = False
35.6809 	EXP 	vid1a_q: movie = 'stims/wedding-16.1a.mp4'
35.6809 	EXP 	vid1a_q: autoLog = True
35.6809 	EXP 	vid1b_q: movie = 'stims/wedding-16.1b.mp4'
35.6809 	EXP 	vid1b_q: autoLog = True
35.6809 	EXP 	vid2_q: movie = 'stims/wedding-16.2b.mp4'
35.6809 	EXP 	vid2_q: autoLog = True
35.6809 	EXP 	vid3_q: movie = 'stims/wedding-16.3b.mp4'
35.6809 	EXP 	vid3_q: autoLog = True
35.6809 	EXP 	vid4_q: movie = 'stims/wedding-16.4b.mp4'
35.6809 	EXP 	vid4_q: autoLog = True
35.6809 	EXP 	vid5_q: movie = 'stims/wedding-16.5.mp4'
35.6809 	EXP 	vid5_q: autoLog = True
38.3626 	EXP 	window1: recordFrameIntervals = False
40.4404 	DATA 	Keypress: equal
40.4427 	DATA 	Keypress: equal
40.4447 	DATA 	Keypress: equal
40.6483 	EXP 	vid1a_q: movie = 'stims/wedding-16.1a.mp4'
40.6483 	EXP 	vid1b_q: movie = 'stims/wedding-16.1b.mp4'
40.6483 	EXP 	vid2_q: movie = 'stims/wedding-16.2b.mp4'
40.6483 	EXP 	vid3_q: movie = 'stims/wedding-16.3b.mp4'
40.6483 	EXP 	vid4_q: movie = 'stims/wedding-16.4b.mp4'
40.6483 	EXP 	vid5_q: movie = 'stims/wedding-16.5.mp4'
40.6689 	EXP 	vid1a_q: autoDraw = True
41.4161 	DATA 	Keypress: equal
42.9164 	DATA 	Keypress: equal
44.4163 	DATA 	Keypress: equal
45.9164 	DATA 	Keypress: equal
47.4164 	DATA 	Keypress: equal
48.9161 	DATA 	Keypress: equal
50.4158 	DATA 	Keypress: equal
51.9161 	DATA 	Keypress: equal
53.4160 	DATA 	Keypress: equal
54.9163 	DATA 	Keypress: equal
56.4159 	DATA 	Keypress: equal
56.5806 	EXP 	Set vid1a_q finished
57.0139 	EXP 	vid1b_q: autoDraw = True
57.9161 	DATA 	Keypress: equal
59.4159 	DATA 	Keypress: equal
60.9160 	DATA 	Keypress: equal
62.4159 	DATA 	Keypress: equal
63.9157 	DATA 	Keypress: equal
65.4157 	DATA 	Keypress: equal
66.0138 	EXP 	vid1b_q: autoDraw = False
66.0138 	EXP 	vid2_q: autoDraw = True
66.9159 	DATA 	Keypress: equal
68.4159 	DATA 	Keypress: equal
69.9156 	DATA 	Keypress: equal
71.4157 	DATA 	Keypress: equal
72.9159 	DATA 	Keypress: equal
74.4157 	DATA 	Keypress: equal
75.9156 	DATA 	Keypress: equal
77.4158 	DATA 	Keypress: equal
78.9155 	DATA 	Keypress: equal
80.4159 	DATA 	Keypress: equal
81.9158 	DATA 	Keypress: equal
83.0136 	EXP 	vid2_q: autoDraw = False
83.0136 	EXP 	l2q: autoDraw = True
83.4155 	DATA 	Keypress: equal
84.0818 	DATA 	Keypress: 2
84.9176 	DATA 	Keypress: equal
86.4152 	DATA 	Keypress: equal
87.0136 	EXP 	l2q: autoDraw = False
87.0136 	EXP 	vid3_q: autoDraw = True
87.9158 	DATA 	Keypress: equal
89.4154 	DATA 	Keypress: equal
90.9156 	DATA 	Keypress: equal
92.4153 	DATA 	Keypress: equal
93.9155 	DATA 	Keypress: equal
95.4156 	DATA 	Keypress: equal
96.9154 	DATA 	Keypress: equal
98.4157 	DATA 	Keypress: equal
99.9151 	DATA 	Keypress: equal
101.4155 	DATA 	Keypress: equal
102.9154 	DATA 	Keypress: equal
104.4155 	DATA 	Keypress: equal
105.9152 	DATA 	Keypress: equal
107.4153 	DATA 	Keypress: equal
108.9153 	DATA 	Keypress: equal
110.0132 	EXP 	vid3_q: autoDraw = False
110.0132 	EXP 	l3q: autoDraw = True
110.4154 	DATA 	Keypress: equal
111.5483 	DATA 	Keypress: 2
111.9152 	DATA 	Keypress: equal
113.4147 	DATA 	Keypress: equal
114.0132 	EXP 	l3q: autoDraw = False
114.0132 	EXP 	vid4_q: autoDraw = True
114.9154 	DATA 	Keypress: equal
116.4153 	DATA 	Keypress: equal
117.9150 	DATA 	Keypress: equal
119.4408 	DATA 	Keypress: equal
120.9150 	DATA 	Keypress: equal
122.4150 	DATA 	Keypress: equal
123.9154 	DATA 	Keypress: equal
125.4150 	DATA 	Keypress: equal
126.9151 	DATA 	Keypress: equal
128.4152 	DATA 	Keypress: equal
129.9153 	DATA 	Keypress: equal
131.4149 	DATA 	Keypress: equal
132.9148 	DATA 	Keypress: equal
134.4149 	DATA 	Keypress: equal
135.9152 	DATA 	Keypress: equal
137.4149 	DATA 	Keypress: equal
138.0129 	EXP 	vid4_q: autoDraw = False
138.0129 	EXP 	vid5_q: autoDraw = True
138.9149 	DATA 	Keypress: equal
140.4149 	DATA 	Keypress: equal
141.9150 	DATA 	Keypress: equal
143.4147 	DATA 	Keypress: equal
144.9148 	DATA 	Keypress: equal
146.4149 	DATA 	Keypress: equal
147.9147 	DATA 	Keypress: equal
149.4148 	DATA 	Keypress: equal
150.5628 	EXP 	Set vid5_q finished
150.7111 	EXP 	window1: recordFrameIntervals = False
150.7295 	EXP 	vid1a_q: autoDraw = False
150.7295 	EXP 	vid1b_q: autoDraw = False
150.7295 	EXP 	vid2_q: autoDraw = False
150.7295 	EXP 	l2q: autoDraw = False
150.7295 	EXP 	vid3_q: autoDraw = False
150.7295 	EXP 	l3q: autoDraw = False
150.7295 	EXP 	vid4_q: autoDraw = False
150.7295 	EXP 	vid5_q: autoDraw = False
150.9288 	EXP 	window1: recordFrameIntervals = False
152.4968 	DATA 	Keypress: equal
152.4988 	DATA 	Keypress: equal
152.7127 	EXP 	eggPainting1: image = 'stimsday1details/painting16.png'
152.7127 	EXP 	eggPainting2: image = 'stimsday1details/newpainting6.png'
152.7127 	EXP 	character1: image = 'stimsday1details/newperson18.png'
152.7127 	EXP 	character2: image = 'stimsday1details/couple16.png'
152.7127 	EXP 	gift1: image = 'stimsday1details/gift16.png'
152.7127 	EXP 	gift2: image = 'stimsday1details/new18.png'
152.7127 	EXP 	themeQ1: image = 'stimsday1details/ct16.png'
152.7127 	EXP 	themeQ2: image = 'stimsday1details/t16.png'
152.7127 	EXP 	nameQ1: image = 'stimsday1details/n16.png'
152.7127 	EXP 	nameQ2: image = 'stimsday1details/cn16.png'
152.7127 	EXP 	nameQ1: autoDraw = True
152.7127 	EXP 	nameQ2: autoDraw = True
153.4979 	DATA 	Keypress: 1
153.9142 	DATA 	Keypress: equal
154.7126 	EXP 	nameQ1: autoDraw = False
154.7126 	EXP 	nameQ2: autoDraw = False
154.7126 	EXP 	nameQ1: autoDraw = False
154.7126 	EXP 	nameQ2: autoDraw = False
154.7126 	EXP 	eggPainting1: autoDraw = True
154.7126 	EXP 	eggPainting2: autoDraw = True
155.3809 	DATA 	Keypress: 1
155.4144 	DATA 	Keypress: equal
156.7126 	EXP 	eggPainting1: autoDraw = False
156.7126 	EXP 	eggPainting2: autoDraw = False
156.7126 	EXP 	eggPainting1: autoDraw = False
156.7126 	EXP 	eggPainting2: autoDraw = False
156.7126 	EXP 	character1: autoDraw = True
156.7126 	EXP 	character2: autoDraw = True
156.9141 	DATA 	Keypress: equal
157.2979 	DATA 	Keypress: 2
158.4143 	DATA 	Keypress: equal
158.7126 	EXP 	character1: autoDraw = False
158.7126 	EXP 	character2: autoDraw = False
158.7126 	EXP 	character1: autoDraw = False
158.7126 	EXP 	character2: autoDraw = False
158.7126 	EXP 	themeQ1: autoDraw = True
158.7126 	EXP 	themeQ2: autoDraw = True
159.6641 	DATA 	Keypress: 2
159.9141 	DATA 	Keypress: equal
160.7126 	EXP 	themeQ1: autoDraw = False
160.7126 	EXP 	themeQ2: autoDraw = False
160.7126 	EXP 	themeQ1: autoDraw = False
160.7126 	EXP 	themeQ2: autoDraw = False
160.7126 	EXP 	gift1: autoDraw = True
160.7126 	EXP 	gift2: autoDraw = True
161.4144 	DATA 	Keypress: equal
161.5140 	DATA 	Keypress: 1
162.7126 	EXP 	gift1: autoDraw = False
162.7126 	EXP 	gift2: autoDraw = False
162.7126 	EXP 	gift1: autoDraw = False
162.7126 	EXP 	gift2: autoDraw = False
162.7126 	EXP 	northorsouth1: autoDraw = True
162.7126 	EXP 	northorsouth2: autoDraw = True
162.9142 	DATA 	Keypress: equal
163.4477 	DATA 	Keypress: 1
164.4142 	DATA 	Keypress: equal
164.8723 	EXP 	New trial (rep=0, index=1): OrderedDict([('condsFile', 'videoBlock_schemaN_pathB_5.csv')])
164.8849 	EXP 	Imported videoBlock_schemaN_pathB_5.csv as conditions, 1 conditions, 17 params
164.8853 	EXP 	Created sequence: random, trialTypes=1, nReps=1, seed=None
164.8861 	EXP 	New trial (rep=0, index=0): OrderedDict([('northOrSouth', 'north.png'), ('stimFile1a', 'stims/wedding-18.1a.mp4'), ('stimFile1b', 'stims/wedding-18.1b.mp4'), ('stimFile2', 'stims/wedding-18.2b.mp4'), ('stimFile3', 'stims/wedding-18.3b.mp4'), ('stimFile4', 'stims/wedding-18.4b.mp4'), ('stimFile5', 'stims/wedding-18.5.mp4'), ('QeggPainting1', 'stimsday1details/newpainting5.png'), ('Qcharacter1', 'stimsday1details/couple18.png'), ('Qgift1', 'stimsday1details/new17.png'), ('QeggPainting2', 'stimsday1details/painting18.png'), ('Qcharacter2', 'stimsday1details/newperson17.png'), ('Qgift2', 'stimsday1details/gift18.png'), ('Qname1', 'stimsday1details/cn18.png'), ('Qtheme1', 'stimsday1details/t18.png'), ('Qname2', 'stimsday1details/n18.png'), ('Qtheme2', 'stimsday1details/ct18.png')])
164.8959 	EXP 	northorsouth1: autoDraw = False
164.8959 	EXP 	northorsouth2: autoDraw = False
164.8959 	EXP 	northorsouth1: autoDraw = False
164.8959 	EXP 	northorsouth2: autoDraw = False
164.8959 	EXP 	image_3: autoDraw = True
165.9146 	DATA 	Keypress: equal
166.8805 	EXP 	Created sequence: random, trialTypes=1, nReps=1, seed=None
166.8807 	EXP 	New trial (rep=0, index=0): None
167.3283 	EXP 	Created vid1a = MovieStim3(__class__=<class 'psychopy.visual.movie3.MovieStim3'>, autoLog=True, color=UNKNOWN, colorSpace=UNKNOWN, depth=-1.0, filename='stims/wedding-18.1a.mp4', flipHoriz=False, flipVert=False, fps=UNKNOWN, interpolate=True, loop=False, name='vid1a', noAudio=False, opacity=1.0, ori=0, pos=array([0., 0.]), size=array([1280.,  720.]), units='pix', vframe_callback=UNKNOWN, volume=UNKNOWN, win=Window(...))
167.7309 	EXP 	Created vid1b = MovieStim3(__class__=<class 'psychopy.visual.movie3.MovieStim3'>, autoLog=True, color=UNKNOWN, colorSpace=UNKNOWN, depth=-2.0, filename='stims/wedding-18.1b.mp4', flipHoriz=False, flipVert=False, fps=UNKNOWN, interpolate=True, loop=False, name='vid1b', noAudio=False, opacity=1.0, ori=0, pos=array([0., 0.]), size=array([1280.,  720.]), units='pix', vframe_callback=UNKNOWN, volume=UNKNOWN, win=Window(...))
168.2242 	EXP 	Created vid2 = MovieStim3(__class__=<class 'psychopy.visual.movie3.MovieStim3'>, autoLog=True, color=UNKNOWN, colorSpace=UNKNOWN, depth=-3.0, filename='stims/wedding-18.2b.mp4', flipHoriz=False, flipVert=False, fps=UNKNOWN, interpolate=True, loop=False, name='vid2', noAudio=False, opacity=1.0, ori=0, pos=array([0., 0.]), size=array([1280.,  720.]), units='pix', vframe_callback=UNKNOWN, volume=UNKNOWN, win=Window(...))
168.8115 	EXP 	Created vid3 = MovieStim3(__class__=<class 'psychopy.visual.movie3.MovieStim3'>, autoLog=True, color=UNKNOWN, colorSpace=UNKNOWN, depth=-4.0, filename='stims/wedding-18.3b.mp4', flipHoriz=False, flipVert=False, fps=UNKNOWN, interpolate=True, loop=False, name='vid3', noAudio=False, opacity=1.0, ori=0, pos=array([0., 0.]), size=array([1280.,  720.]), units='pix', vframe_callback=UNKNOWN, volume=UNKNOWN, win=Window(...))
169.3913 	EXP 	Created vid4 = MovieStim3(__class__=<class 'psychopy.visual.movie3.MovieStim3'>, autoLog=True, color=UNKNOWN, colorSpace=UNKNOWN, depth=-5.0, filename='stims/wedding-18.4b.mp4', flipHoriz=False, flipVert=False, fps=UNKNOWN, interpolate=True, loop=False, name='vid4', noAudio=False, opacity=1.0, ori=0, pos=array([0., 0.]), size=array([1280.,  720.]), units='pix', vframe_callback=UNKNOWN, volume=UNKNOWN, win=Window(...))
169.8322 	EXP 	Created vid5 = MovieStim3(__class__=<class 'psychopy.visual.movie3.MovieStim3'>, autoLog=True, color=UNKNOWN, colorSpace=UNKNOWN, depth=-6.0, filename='stims/wedding-18.5.mp4', flipHoriz=False, flipVert=False, fps=UNKNOWN, interpolate=True, loop=False, name='vid5', noAudio=False, opacity=1.0, ori=0, pos=array([0., 0.]), size=array([1280.,  720.]), units='pix', vframe_callback=UNKNOWN, volume=UNKNOWN, win=Window(...))
169.9452 	EXP 	window1: recordFrameIntervals = False
169.9488 	DATA 	Keypress: equal
169.9515 	DATA 	Keypress: equal
169.9626 	EXP 	image_3: autoDraw = False
169.9626 	EXP 	image_3: autoDraw = False
169.9626 	EXP 	vid1a: movie = 'stims/wedding-18.1a.mp4'
169.9626 	EXP 	vid1a: autoLog = True
169.9626 	EXP 	vid1b: movie = 'stims/wedding-18.1b.mp4'
169.9626 	EXP 	vid1b: autoLog = True
169.9626 	EXP 	vid2: movie = 'stims/wedding-18.2b.mp4'
169.9626 	EXP 	vid2: autoLog = True
169.9626 	EXP 	vid3: movie = 'stims/wedding-18.3b.mp4'
169.9626 	EXP 	vid3: autoLog = True
169.9626 	EXP 	vid4: movie = 'stims/wedding-18.4b.mp4'
169.9626 	EXP 	vid4: autoLog = True
169.9626 	EXP 	vid5: movie = 'stims/wedding-18.5.mp4'
169.9626 	EXP 	vid5: autoLog = True
172.6881 	EXP 	window1: recordFrameIntervals = False
174.7322 	DATA 	Keypress: equal
174.7344 	DATA 	Keypress: equal
174.7364 	DATA 	Keypress: equal
174.9055 	DATA 	Keypress: equal
174.9459 	EXP 	vid1a: movie = 'stims/wedding-18.1a.mp4'
174.9459 	EXP 	vid1b: movie = 'stims/wedding-18.1b.mp4'
174.9459 	EXP 	vid2: movie = 'stims/wedding-18.2b.mp4'
174.9459 	EXP 	vid3: movie = 'stims/wedding-18.3b.mp4'
174.9459 	EXP 	vid4: movie = 'stims/wedding-18.4b.mp4'
174.9459 	EXP 	vid5: movie = 'stims/wedding-18.5.mp4'
174.9625 	EXP 	vid1a: autoDraw = True
176.4145 	DATA 	Keypress: equal
177.9057 	DATA 	Keypress: equal
179.4148 	DATA 	Keypress: equal
180.9148 	DATA 	Keypress: equal
182.4143 	DATA 	Keypress: equal
183.9146 	DATA 	Keypress: equal
185.4143 	DATA 	Keypress: equal
186.9145 	DATA 	Keypress: equal
188.4143 	DATA 	Keypress: equal
189.9143 	DATA 	Keypress: equal
190.8956 	EXP 	vid1a: autoDraw = False
190.9123 	EXP 	vid1b: autoDraw = True
191.4141 	DATA 	Keypress: equal
192.9145 	DATA 	Keypress: equal
194.4141 	DATA 	Keypress: equal
195.9144 	DATA 	Keypress: equal
197.4144 	DATA 	Keypress: equal
198.8955 	EXP 	vid1b: autoDraw = False
198.9122 	EXP 	vid2: autoDraw = True
198.9144 	DATA 	Keypress: equal
200.4144 	DATA 	Keypress: equal
201.9220 	DATA 	Keypress: equal
203.4142 	DATA 	Keypress: equal
204.9143 	DATA 	Keypress: equal
206.4141 	DATA 	Keypress: equal
207.9143 	DATA 	Keypress: equal
209.4048 	DATA 	Keypress: equal
210.9144 	DATA 	Keypress: equal
212.4141 	DATA 	Keypress: equal
213.9049 	DATA 	Keypress: equal
215.4141 	DATA 	Keypress: equal
215.5286 	EXP 	Set vid2 finished
215.9120 	EXP 	vid3: autoDraw = True
216.9138 	DATA 	Keypress: equal
218.4140 	DATA 	Keypress: equal
219.9138 	DATA 	Keypress: equal
221.4139 	DATA 	Keypress: equal
222.9140 	DATA 	Keypress: equal
224.4138 	DATA 	Keypress: equal
225.9042 	DATA 	Keypress: equal
227.4139 	DATA 	Keypress: equal
228.9043 	DATA 	Keypress: equal
230.4296 	DATA 	Keypress: equal
231.9139 	DATA 	Keypress: equal
233.4036 	DATA 	Keypress: equal
234.9048 	DATA 	Keypress: equal
236.4039 	DATA 	Keypress: equal
237.9049 	DATA 	Keypress: equal
238.8950 	EXP 	vid3: autoDraw = False
238.9116 	EXP 	vid4: autoDraw = True
239.4136 	DATA 	Keypress: equal
240.9137 	DATA 	Keypress: equal
242.4136 	DATA 	Keypress: equal
243.9136 	DATA 	Keypress: equal
245.4137 	DATA 	Keypress: equal
246.9135 	DATA 	Keypress: equal
248.4049 	DATA 	Keypress: equal
249.9052 	DATA 	Keypress: equal
251.4046 	DATA 	Keypress: equal
252.9048 	DATA 	Keypress: equal
254.4042 	DATA 	Keypress: equal
255.9027 	DATA 	Keypress: equal
257.4039 	DATA 	Keypress: equal
258.9138 	DATA 	Keypress: equal
260.4037 	DATA 	Keypress: equal
261.9135 	DATA 	Keypress: equal
262.8947 	EXP 	vid4: autoDraw = False
262.9113 	EXP 	vid5: autoDraw = True
263.4135 	DATA 	Keypress: equal
264.9220 	DATA 	Keypress: equal
266.4132 	DATA 	Keypress: equal
267.9132 	DATA 	Keypress: equal
269.4133 	DATA 	Keypress: equal
270.9133 	DATA 	Keypress: equal
272.4031 	DATA 	Keypress: equal
273.9043 	DATA 	Keypress: equal
275.4039 	DATA 	Keypress: equal
275.9988 	EXP 	Created sequence: random, trialTypes=1, nReps=1, seed=None
275.9991 	EXP 	New trial (rep=0, index=0): None
276.4317 	EXP 	Created vid1a_q = MovieStim3(__class__=<class 'psychopy.visual.movie3.MovieStim3'>, autoLog=True, color=UNKNOWN, colorSpace=UNKNOWN, depth=-1.0, filename='stims/wedding-18.1a.mp4', flipHoriz=False, flipVert=False, fps=UNKNOWN, interpolate=True, loop=False, name='vid1a_q', noAudio=False, opacity=1.0, ori=0, pos=array([0., 0.]), size=array([1280.,  720.]), units='pix', vframe_callback=UNKNOWN, volume=UNKNOWN, win=Window(...))
276.8120 	EXP 	Created vid1b_q = MovieStim3(__class__=<class 'psychopy.visual.movie3.MovieStim3'>, autoLog=True, color=UNKNOWN, colorSpace=UNKNOWN, depth=-2.0, filename='stims/wedding-18.1b.mp4', flipHoriz=False, flipVert=False, fps=UNKNOWN, interpolate=True, loop=False, name='vid1b_q', noAudio=False, opacity=1.0, ori=0, pos=array([0., 0.]), size=array([1280.,  720.]), units='pix', vframe_callback=UNKNOWN, volume=UNKNOWN, win=Window(...))
277.2690 	EXP 	Created vid2_q = MovieStim3(__class__=<class 'psychopy.visual.movie3.MovieStim3'>, autoLog=True, color=UNKNOWN, colorSpace=UNKNOWN, depth=-3.0, filename='stims/wedding-18.2b.mp4', flipHoriz=False, flipVert=False, fps=UNKNOWN, interpolate=True, loop=False, name='vid2_q', noAudio=False, opacity=1.0, ori=0, pos=array([0., 0.]), size=array([1280.,  720.]), units='pix', vframe_callback=UNKNOWN, volume=UNKNOWN, win=Window(...))
277.7919 	EXP 	Created vid3_q = MovieStim3(__class__=<class 'psychopy.visual.movie3.MovieStim3'>, autoLog=True, color=UNKNOWN, colorSpace=UNKNOWN, depth=-5.0, filename='stims/wedding-18.3b.mp4', flipHoriz=False, flipVert=False, fps=UNKNOWN, interpolate=True, loop=False, name='vid3_q', noAudio=False, opacity=1.0, ori=0, pos=array([0., 0.]), size=array([1280.,  720.]), units='pix', vframe_callback=UNKNOWN, volume=UNKNOWN, win=Window(...))
278.3142 	EXP 	Created vid4_q = MovieStim3(__class__=<class 'psychopy.visual.movie3.MovieStim3'>, autoLog=True, color=UNKNOWN, colorSpace=UNKNOWN, depth=-7.0, filename='stims/wedding-18.4b.mp4', flipHoriz=False, flipVert=False, fps=UNKNOWN, interpolate=True, loop=False, name='vid4_q', noAudio=False, opacity=1.0, ori=0, pos=array([0., 0.]), size=array([1280.,  720.]), units='pix', vframe_callback=UNKNOWN, volume=UNKNOWN, win=Window(...))
278.7167 	EXP 	Created vid5_q = MovieStim3(__class__=<class 'psychopy.visual.movie3.MovieStim3'>, autoLog=True, color=UNKNOWN, colorSpace=UNKNOWN, depth=-8.0, filename='stims/wedding-18.5.mp4', flipHoriz=False, flipVert=False, fps=UNKNOWN, interpolate=True, loop=False, name='vid5_q', noAudio=False, opacity=1.0, ori=0, pos=array([0., 0.]), size=array([1280.,  720.]), units='pix', vframe_callback=UNKNOWN, volume=UNKNOWN, win=Window(...))
278.9150 	EXP 	window1: recordFrameIntervals = False
278.9184 	DATA 	Keypress: equal
278.9207 	DATA 	Keypress: equal
278.9321 	EXP 	vid5: autoDraw = False
278.9321 	EXP 	vid1a: autoDraw = False
278.9321 	EXP 	vid1b: autoDraw = False
278.9321 	EXP 	vid2: autoDraw = False
278.9321 	EXP 	vid3: autoDraw = False
278.9321 	EXP 	vid4: autoDraw = False
278.9321 	EXP 	vid5: autoDraw = False
278.9321 	EXP 	vid1a_q: movie = 'stims/wedding-18.1a.mp4'
278.9321 	EXP 	vid1a_q: autoLog = True
278.9321 	EXP 	vid1b_q: movie = 'stims/wedding-18.1b.mp4'
278.9321 	EXP 	vid1b_q: autoLog = True
278.9321 	EXP 	vid2_q: movie = 'stims/wedding-18.2b.mp4'
278.9321 	EXP 	vid2_q: autoLog = True
278.9321 	EXP 	vid3_q: movie = 'stims/wedding-18.3b.mp4'
278.9321 	EXP 	vid3_q: autoLog = True
278.9321 	EXP 	vid4_q: movie = 'stims/wedding-18.4b.mp4'
278.9321 	EXP 	vid4_q: autoLog = True
278.9321 	EXP 	vid5_q: movie = 'stims/wedding-18.5.mp4'
278.9321 	EXP 	vid5_q: autoLog = True
278.9321 	EXP 	vid1a_q: autoDraw = False
278.9321 	EXP 	vid1b_q: autoDraw = False
278.9321 	EXP 	vid2_q: autoDraw = False
278.9321 	EXP 	l2q: autoDraw = False
278.9321 	EXP 	vid3_q: autoDraw = False
278.9321 	EXP 	l3q: autoDraw = False
278.9321 	EXP 	vid4_q: autoDraw = False
278.9321 	EXP 	vid5_q: autoDraw = False
279.1435 	EXP 	window1: recordFrameIntervals = False
280.7017 	DATA 	Keypress: equal
280.9279 	EXP 	eggPainting1: image = 'stimsday1details/newpainting5.png'
280.9279 	EXP 	eggPainting2: image = 'stimsday1details/painting18.png'
280.9279 	EXP 	character1: image = 'stimsday1details/couple18.png'
280.9279 	EXP 	character2: image = 'stimsday1details/newperson17.png'
280.9279 	EXP 	gift1: image = 'stimsday1details/new17.png'
280.9279 	EXP 	gift2: image = 'stimsday1details/gift18.png'
280.9279 	EXP 	themeQ1: image = 'stimsday1details/t18.png'
280.9279 	EXP 	themeQ2: image = 'stimsday1details/ct18.png'
280.9279 	EXP 	nameQ1: image = 'stimsday1details/cn18.png'
280.9279 	EXP 	nameQ2: image = 'stimsday1details/n18.png'
280.9279 	EXP 	nameQ1: autoDraw = True
280.9279 	EXP 	nameQ2: autoDraw = True
281.4133 	DATA 	Keypress: equal
281.6627 	DATA 	Keypress: 2
282.9111 	EXP 	nameQ1: autoDraw = False
282.9111 	EXP 	nameQ2: autoDraw = False
282.9111 	EXP 	nameQ1: autoDraw = False
282.9111 	EXP 	nameQ2: autoDraw = False
282.9111 	EXP 	eggPainting1: autoDraw = True
282.9111 	EXP 	eggPainting2: autoDraw = True
282.9128 	DATA 	Keypress: equal
283.7461 	DATA 	Keypress: 2
284.4127 	DATA 	Keypress: equal
284.9111 	EXP 	eggPainting1: autoDraw = False
284.9111 	EXP 	eggPainting2: autoDraw = False
284.9111 	EXP 	eggPainting1: autoDraw = False
284.9111 	EXP 	eggPainting2: autoDraw = False
284.9111 	EXP 	character1: autoDraw = True
284.9111 	EXP 	character2: autoDraw = True
285.7127 	DATA 	Keypress: 1
285.9125 	DATA 	Keypress: equal
286.9111 	EXP 	character1: autoDraw = False
286.9111 	EXP 	character2: autoDraw = False
286.9111 	EXP 	character1: autoDraw = False
286.9111 	EXP 	character2: autoDraw = False
286.9111 	EXP 	themeQ1: autoDraw = True
286.9111 	EXP 	themeQ2: autoDraw = True
287.4128 	DATA 	Keypress: equal
288.5125 	DATA 	Keypress: 1
288.9110 	EXP 	themeQ1: autoDraw = False
288.9110 	EXP 	themeQ2: autoDraw = False
288.9110 	EXP 	themeQ1: autoDraw = False
288.9110 	EXP 	themeQ2: autoDraw = False
288.9110 	EXP 	gift1: autoDraw = True
288.9110 	EXP 	gift2: autoDraw = True
288.9126 	DATA 	Keypress: equal
289.8459 	DATA 	Keypress: 2
290.4127 	DATA 	Keypress: equal
290.9111 	EXP 	gift1: autoDraw = False
290.9111 	EXP 	gift2: autoDraw = False
290.9111 	EXP 	gift1: autoDraw = False
290.9111 	EXP 	gift2: autoDraw = False
290.9111 	EXP 	northorsouth1: autoDraw = True
290.9111 	EXP 	northorsouth2: autoDraw = True
291.7963 	DATA 	Keypress: 1
291.9124 	DATA 	Keypress: equal
293.1031 	EXP 	New trial (rep=0, index=2): OrderedDict([('condsFile', 'videoBlock_schemaN_pathA_5.csv')])
293.1166 	EXP 	Imported videoBlock_schemaN_pathA_5.csv as conditions, 1 conditions, 17 params
293.1170 	EXP 	Created sequence: random, trialTypes=1, nReps=1, seed=None
293.1177 	EXP 	New trial (rep=0, index=0): OrderedDict([('northOrSouth', 'north.png'), ('stimFile1a', 'stims/wedding-15.1a.mp4'), ('stimFile1b', 'stims/wedding-15.1b.mp4'), ('stimFile2', 'stims/wedding-15.2a.mp4'), ('stimFile3', 'stims/wedding-15.3a.mp4'), ('stimFile4', 'stims/wedding-15.4a.mp4'), ('stimFile5', 'stims/wedding-15.5.mp4'), ('QeggPainting1', 'stimsday1details/egg15.png'), ('Qcharacter1', 'stimsday1details/couple15.png'), ('Qgift1', 'stimsday1details/gift15.png'), ('QeggPainting2', 'stimsday1details/newegg5.png'), ('Qcharacter2', 'stimsday1details/newperson5.png'), ('Qgift2', 'stimsday1details/new5.png'), ('Qname1', 'stimsday1details/n15.png'), ('Qtheme1', 'stimsday1details/t15.png'), ('Qname2', 'stimsday1details/cn15.png'), ('Qtheme2', 'stimsday1details/ct15.png')])
293.1276 	EXP 	northorsouth1: autoDraw = False
293.1276 	EXP 	northorsouth2: autoDraw = False
293.1276 	EXP 	northorsouth1: autoDraw = False
293.1276 	EXP 	northorsouth2: autoDraw = False
293.1276 	EXP 	image_3: autoDraw = True
293.4130 	DATA 	Keypress: equal
294.9128 	DATA 	Keypress: equal
295.1122 	EXP 	Created sequence: random, trialTypes=1, nReps=1, seed=None
295.1125 	EXP 	New trial (rep=0, index=0): None
295.5607 	EXP 	Created vid1a = MovieStim3(__class__=<class 'psychopy.visual.movie3.MovieStim3'>, autoLog=True, color=UNKNOWN, colorSpace=UNKNOWN, depth=-1.0, filename='stims/wedding-15.1a.mp4', flipHoriz=False, flipVert=False, fps=UNKNOWN, interpolate=True, loop=False, name='vid1a', noAudio=False, opacity=1.0, ori=0, pos=array([0., 0.]), size=array([1280.,  720.]), units='pix', vframe_callback=UNKNOWN, volume=UNKNOWN, win=Window(...))
295.9695 	EXP 	Created vid1b = MovieStim3(__class__=<class 'psychopy.visual.movie3.MovieStim3'>, autoLog=True, color=UNKNOWN, colorSpace=UNKNOWN, depth=-2.0, filename='stims/wedding-15.1b.mp4', flipHoriz=False, flipVert=False, fps=UNKNOWN, interpolate=True, loop=False, name='vid1b', noAudio=False, opacity=1.0, ori=0, pos=array([0., 0.]), size=array([1280.,  720.]), units='pix', vframe_callback=UNKNOWN, volume=UNKNOWN, win=Window(...))
296.4888 	EXP 	Created vid2 = MovieStim3(__class__=<class 'psychopy.visual.movie3.MovieStim3'>, autoLog=True, color=UNKNOWN, colorSpace=UNKNOWN, depth=-3.0, filename='stims/wedding-15.2a.mp4', flipHoriz=False, flipVert=False, fps=UNKNOWN, interpolate=True, loop=False, name='vid2', noAudio=False, opacity=1.0, ori=0, pos=array([0., 0.]), size=array([1280.,  720.]), units='pix', vframe_callback=UNKNOWN, volume=UNKNOWN, win=Window(...))
296.9815 	EXP 	Created vid3 = MovieStim3(__class__=<class 'psychopy.visual.movie3.MovieStim3'>, autoLog=True, color=UNKNOWN, colorSpace=UNKNOWN, depth=-4.0, filename='stims/wedding-15.3a.mp4', flipHoriz=False, flipVert=False, fps=UNKNOWN, interpolate=True, loop=False, name='vid3', noAudio=False, opacity=1.0, ori=0, pos=array([0., 0.]), size=array([1280.,  720.]), units='pix', vframe_callback=UNKNOWN, volume=UNKNOWN, win=Window(...))
297.5792 	EXP 	Created vid4 = MovieStim3(__class__=<class 'psychopy.visual.movie3.MovieStim3'>, autoLog=True, color=UNKNOWN, colorSpace=UNKNOWN, depth=-5.0, filename='stims/wedding-15.4a.mp4', flipHoriz=False, flipVert=False, fps=UNKNOWN, interpolate=True, loop=False, name='vid4', noAudio=False, opacity=1.0, ori=0, pos=array([0., 0.]), size=array([1280.,  720.]), units='pix', vframe_callback=UNKNOWN, volume=UNKNOWN, win=Window(...))
298.0264 	EXP 	Created vid5 = MovieStim3(__class__=<class 'psychopy.visual.movie3.MovieStim3'>, autoLog=True, color=UNKNOWN, colorSpace=UNKNOWN, depth=-6.0, filename='stims/wedding-15.5.mp4', flipHoriz=False, flipVert=False, fps=UNKNOWN, interpolate=True, loop=False, name='vid5', noAudio=False, opacity=1.0, ori=0, pos=array([0., 0.]), size=array([1280.,  720.]), units='pix', vframe_callback=UNKNOWN, volume=UNKNOWN, win=Window(...))
298.1343 	EXP 	window1: recordFrameIntervals = False
298.1376 	DATA 	Keypress: equal
298.1409 	DATA 	Keypress: equal
298.1610 	EXP 	image_3: autoDraw = False
298.1610 	EXP 	image_3: autoDraw = False
298.1610 	EXP 	vid1a: movie = 'stims/wedding-15.1a.mp4'
298.1610 	EXP 	vid1a: autoLog = True
298.1610 	EXP 	vid1b: movie = 'stims/wedding-15.1b.mp4'
298.1610 	EXP 	vid1b: autoLog = True
298.1610 	EXP 	vid2: movie = 'stims/wedding-15.2a.mp4'
298.1610 	EXP 	vid2: autoLog = True
298.1610 	EXP 	vid3: movie = 'stims/wedding-15.3a.mp4'
298.1610 	EXP 	vid3: autoLog = True
298.1610 	EXP 	vid4: movie = 'stims/wedding-15.4a.mp4'
298.1610 	EXP 	vid4: autoLog = True
298.1610 	EXP 	vid5: movie = 'stims/wedding-15.5.mp4'
298.1610 	EXP 	vid5: autoLog = True
300.9083 	EXP 	window1: recordFrameIntervals = False
302.9212 	DATA 	Keypress: equal
302.9237 	DATA 	Keypress: equal
302.9262 	DATA 	Keypress: equal
303.1291 	EXP 	vid1a: movie = 'stims/wedding-15.1a.mp4'
303.1291 	EXP 	vid1b: movie = 'stims/wedding-15.1b.mp4'
303.1291 	EXP 	vid2: movie = 'stims/wedding-15.2a.mp4'
303.1291 	EXP 	vid3: movie = 'stims/wedding-15.3a.mp4'
303.1291 	EXP 	vid4: movie = 'stims/wedding-15.4a.mp4'
303.1291 	EXP 	vid5: movie = 'stims/wedding-15.5.mp4'
303.1443 	EXP 	vid1a: autoDraw = True
303.9130 	DATA 	Keypress: equal
305.4131 	DATA 	Keypress: equal
306.9130 	DATA 	Keypress: equal
308.4129 	DATA 	Keypress: equal
309.9130 	DATA 	Keypress: equal
311.4045 	DATA 	Keypress: equal
312.9039 	DATA 	Keypress: equal
314.4049 	DATA 	Keypress: equal
315.9039 	DATA 	Keypress: equal
317.4027 	DATA 	Keypress: equal
318.9037 	DATA 	Keypress: equal
319.1274 	EXP 	vid1a: autoDraw = False
319.1441 	EXP 	vid1b: autoDraw = True
320.4126 	DATA 	Keypress: equal
321.9126 	DATA 	Keypress: equal
323.4128 	DATA 	Keypress: equal
324.9127 	DATA 	Keypress: equal
326.4128 	DATA 	Keypress: equal
327.1273 	EXP 	vid1b: autoDraw = False
327.1440 	EXP 	vid2: autoDraw = True
327.9125 	DATA 	Keypress: equal
329.4125 	DATA 	Keypress: equal
330.9123 	DATA 	Keypress: equal
332.4126 	DATA 	Keypress: equal
333.9126 	DATA 	Keypress: equal
335.4127 	DATA 	Keypress: equal
336.9033 	DATA 	Keypress: equal
338.4295 	DATA 	Keypress: equal
339.9024 	DATA 	Keypress: equal
341.4039 	DATA 	Keypress: equal
342.9039 	DATA 	Keypress: equal
344.0604 	EXP 	Set vid2 finished
344.1438 	EXP 	vid3: autoDraw = True
344.4126 	DATA 	Keypress: equal
345.9125 	DATA 	Keypress: equal
347.4122 	DATA 	Keypress: equal
348.9125 	DATA 	Keypress: equal
350.4122 	DATA 	Keypress: equal
351.9125 	DATA 	Keypress: equal
353.4027 	DATA 	Keypress: equal
354.9032 	DATA 	Keypress: equal
356.4034 	DATA 	Keypress: equal
357.9031 	DATA 	Keypress: equal
359.4030 	DATA 	Keypress: equal
360.9010 	DATA 	Keypress: equal
362.4023 	DATA 	Keypress: equal
363.9017 	DATA 	Keypress: equal
365.4031 	DATA 	Keypress: equal
366.9013 	DATA 	Keypress: equal
367.1268 	EXP 	vid3: autoDraw = False
367.1434 	EXP 	vid4: autoDraw = True
368.4120 	DATA 	Keypress: equal
369.9122 	DATA 	Keypress: equal
371.4122 	DATA 	Keypress: equal
372.9118 	DATA 	Keypress: equal
374.4123 	DATA 	Keypress: equal
375.9121 	DATA 	Keypress: equal
377.4026 	DATA 	Keypress: equal
378.9030 	DATA 	Keypress: equal
380.4033 	DATA 	Keypress: equal
381.9025 	DATA 	Keypress: equal
383.4037 	DATA 	Keypress: equal
384.9033 	DATA 	Keypress: equal
386.4033 	DATA 	Keypress: equal
387.9032 	DATA 	Keypress: equal
389.4019 	DATA 	Keypress: equal
390.9023 	DATA 	Keypress: equal
391.1265 	EXP 	vid4: autoDraw = False
391.1432 	EXP 	vid5: autoDraw = True
392.4118 	DATA 	Keypress: equal
393.9117 	DATA 	Keypress: equal
395.4119 	DATA 	Keypress: equal
396.9116 	DATA 	Keypress: equal
398.4119 	DATA 	Keypress: equal
399.9032 	DATA 	Keypress: equal
401.4007 	DATA 	Keypress: equal
402.9027 	DATA 	Keypress: equal
404.2744 	EXP 	Created sequence: random, trialTypes=1, nReps=1, seed=None
404.2747 	EXP 	New trial (rep=0, index=0): None
404.7049 	EXP 	Created vid1a_q = MovieStim3(__class__=<class 'psychopy.visual.movie3.MovieStim3'>, autoLog=True, color=UNKNOWN, colorSpace=UNKNOWN, depth=-1.0, filename='stims/wedding-15.1a.mp4', flipHoriz=False, flipVert=False, fps=UNKNOWN, interpolate=True, loop=False, name='vid1a_q', noAudio=False, opacity=1.0, ori=0, pos=array([0., 0.]), size=array([1280.,  720.]), units='pix', vframe_callback=UNKNOWN, volume=UNKNOWN, win=Window(...))
405.0933 	EXP 	Created vid1b_q = MovieStim3(__class__=<class 'psychopy.visual.movie3.MovieStim3'>, autoLog=True, color=UNKNOWN, colorSpace=UNKNOWN, depth=-2.0, filename='stims/wedding-15.1b.mp4', flipHoriz=False, flipVert=False, fps=UNKNOWN, interpolate=True, loop=False, name='vid1b_q', noAudio=False, opacity=1.0, ori=0, pos=array([0., 0.]), size=array([1280.,  720.]), units='pix', vframe_callback=UNKNOWN, volume=UNKNOWN, win=Window(...))
405.5745 	EXP 	Created vid2_q = MovieStim3(__class__=<class 'psychopy.visual.movie3.MovieStim3'>, autoLog=True, color=UNKNOWN, colorSpace=UNKNOWN, depth=-3.0, filename='stims/wedding-15.2a.mp4', flipHoriz=False, flipVert=False, fps=UNKNOWN, interpolate=True, loop=False, name='vid2_q', noAudio=False, opacity=1.0, ori=0, pos=array([0., 0.]), size=array([1280.,  720.]), units='pix', vframe_callback=UNKNOWN, volume=UNKNOWN, win=Window(...))
406.0505 	EXP 	Created vid3_q = MovieStim3(__class__=<class 'psychopy.visual.movie3.MovieStim3'>, autoLog=True, color=UNKNOWN, colorSpace=UNKNOWN, depth=-5.0, filename='stims/wedding-15.3a.mp4', flipHoriz=False, flipVert=False, fps=UNKNOWN, interpolate=True, loop=False, name='vid3_q', noAudio=False, opacity=1.0, ori=0, pos=array([0., 0.]), size=array([1280.,  720.]), units='pix', vframe_callback=UNKNOWN, volume=UNKNOWN, win=Window(...))
406.5932 	EXP 	Created vid4_q = MovieStim3(__class__=<class 'psychopy.visual.movie3.MovieStim3'>, autoLog=True, color=UNKNOWN, colorSpace=UNKNOWN, depth=-7.0, filename='stims/wedding-15.4a.mp4', flipHoriz=False, flipVert=False, fps=UNKNOWN, interpolate=True, loop=False, name='vid4_q', noAudio=False, opacity=1.0, ori=0, pos=array([0., 0.]), size=array([1280.,  720.]), units='pix', vframe_callback=UNKNOWN, volume=UNKNOWN, win=Window(...))
407.0068 	EXP 	Created vid5_q = MovieStim3(__class__=<class 'psychopy.visual.movie3.MovieStim3'>, autoLog=True, color=UNKNOWN, colorSpace=UNKNOWN, depth=-8.0, filename='stims/wedding-15.5.mp4', flipHoriz=False, flipVert=False, fps=UNKNOWN, interpolate=True, loop=False, name='vid5_q', noAudio=False, opacity=1.0, ori=0, pos=array([0., 0.]), size=array([1280.,  720.]), units='pix', vframe_callback=UNKNOWN, volume=UNKNOWN, win=Window(...))
407.2542 	EXP 	window1: recordFrameIntervals = False
407.2572 	DATA 	Keypress: equal
407.2594 	DATA 	Keypress: equal
407.2764 	EXP 	vid5: autoDraw = False
407.2764 	EXP 	vid1a: autoDraw = False
407.2764 	EXP 	vid1b: autoDraw = False
407.2764 	EXP 	vid2: autoDraw = False
407.2764 	EXP 	vid3: autoDraw = False
407.2764 	EXP 	vid4: autoDraw = False
407.2764 	EXP 	vid5: autoDraw = False
407.2764 	EXP 	vid1a_q: movie = 'stims/wedding-15.1a.mp4'
407.2764 	EXP 	vid1a_q: autoLog = True
407.2764 	EXP 	vid1b_q: movie = 'stims/wedding-15.1b.mp4'
407.2764 	EXP 	vid1b_q: autoLog = True
407.2764 	EXP 	vid2_q: movie = 'stims/wedding-15.2a.mp4'
407.2764 	EXP 	vid2_q: autoLog = True
407.2764 	EXP 	vid3_q: movie = 'stims/wedding-15.3a.mp4'
407.2764 	EXP 	vid3_q: autoLog = True
407.2764 	EXP 	vid4_q: movie = 'stims/wedding-15.4a.mp4'
407.2764 	EXP 	vid4_q: autoLog = True
407.2764 	EXP 	vid5_q: movie = 'stims/wedding-15.5.mp4'
407.2764 	EXP 	vid5_q: autoLog = True
407.2764 	EXP 	vid1a_q: autoDraw = False
407.2764 	EXP 	vid1b_q: autoDraw = False
407.2764 	EXP 	vid2_q: autoDraw = False
407.2764 	EXP 	l2q: autoDraw = False
407.2764 	EXP 	vid3_q: autoDraw = False
407.2764 	EXP 	l3q: autoDraw = False
407.2764 	EXP 	vid4_q: autoDraw = False
407.2764 	EXP 	vid5_q: autoDraw = False
407.4844 	EXP 	window1: recordFrameIntervals = False
409.0405 	DATA 	Keypress: equal
409.0426 	DATA 	Keypress: equal
409.2596 	EXP 	eggPainting1: image = 'stimsday1details/egg15.png'
409.2596 	EXP 	eggPainting2: image = 'stimsday1details/newegg5.png'
409.2596 	EXP 	character1: image = 'stimsday1details/couple15.png'
409.2596 	EXP 	character2: image = 'stimsday1details/newperson5.png'
409.2596 	EXP 	gift1: image = 'stimsday1details/gift15.png'
409.2596 	EXP 	gift2: image = 'stimsday1details/new5.png'
409.2596 	EXP 	themeQ1: image = 'stimsday1details/t15.png'
409.2596 	EXP 	themeQ2: image = 'stimsday1details/ct15.png'
409.2596 	EXP 	nameQ1: image = 'stimsday1details/n15.png'
409.2596 	EXP 	nameQ2: image = 'stimsday1details/cn15.png'
409.2596 	EXP 	nameQ1: autoDraw = True
409.2596 	EXP 	nameQ2: autoDraw = True
410.0115 	DATA 	Keypress: 1
410.4114 	DATA 	Keypress: equal
411.2596 	EXP 	nameQ1: autoDraw = False
411.2596 	EXP 	nameQ2: autoDraw = False
411.2596 	EXP 	nameQ1: autoDraw = False
411.2596 	EXP 	nameQ2: autoDraw = False
411.2596 	EXP 	eggPainting1: autoDraw = True
411.2596 	EXP 	eggPainting2: autoDraw = True
411.9114 	DATA 	Keypress: equal
412.0442 	DATA 	Keypress: 1
413.2596 	EXP 	eggPainting1: autoDraw = False
413.2596 	EXP 	eggPainting2: autoDraw = False
413.2596 	EXP 	eggPainting1: autoDraw = False
413.2596 	EXP 	eggPainting2: autoDraw = False
413.2596 	EXP 	character1: autoDraw = True
413.2596 	EXP 	character2: autoDraw = True
413.4128 	DATA 	Keypress: equal
414.0133 	DATA 	Keypress: 1
414.9111 	DATA 	Keypress: equal
415.2595 	EXP 	character1: autoDraw = False
415.2595 	EXP 	character2: autoDraw = False
415.2595 	EXP 	character1: autoDraw = False
415.2595 	EXP 	character2: autoDraw = False
415.2595 	EXP 	themeQ1: autoDraw = True
415.2595 	EXP 	themeQ2: autoDraw = True
416.1776 	DATA 	Keypress: 1
416.4113 	DATA 	Keypress: equal
417.2595 	EXP 	themeQ1: autoDraw = False
417.2595 	EXP 	themeQ2: autoDraw = False
417.2595 	EXP 	themeQ1: autoDraw = False
417.2595 	EXP 	themeQ2: autoDraw = False
417.2595 	EXP 	gift1: autoDraw = True
417.2595 	EXP 	gift2: autoDraw = True
417.9112 	DATA 	Keypress: equal
418.0608 	DATA 	Keypress: 1
419.2595 	EXP 	gift1: autoDraw = False
419.2595 	EXP 	gift2: autoDraw = False
419.2595 	EXP 	gift1: autoDraw = False
419.2595 	EXP 	gift2: autoDraw = False
419.2595 	EXP 	northorsouth1: autoDraw = True
419.2595 	EXP 	northorsouth2: autoDraw = True
419.4113 	DATA 	Keypress: equal
419.7109 	DATA 	Keypress: 1
420.8957 	DATA 	Keypress: equal
421.4826 	EXP 	New trial (rep=0, index=3): OrderedDict([('condsFile', 'videoBlock_schemaN_pathA_6.csv')])
421.4950 	EXP 	Imported videoBlock_schemaN_pathA_6.csv as conditions, 1 conditions, 17 params
421.4954 	EXP 	Created sequence: random, trialTypes=1, nReps=1, seed=None
421.4961 	EXP 	New trial (rep=0, index=0): OrderedDict([('northOrSouth', 'north.png'), ('stimFile1a', 'stims/wedding-40.1a.mp4'), ('stimFile1b', 'stims/wedding-40.1b.mp4'), ('stimFile2', 'stims/wedding-40.2a.mp4'), ('stimFile3', 'stims/wedding-40.3a.mp4'), ('stimFile4', 'stims/wedding-40.4a.mp4'), ('stimFile5', 'stims/wedding-40.5.mp4'), ('QeggPainting1', 'stimsday1details/newegg6.png'), ('Qcharacter1', 'stimsday1details/newperson6.png'), ('Qgift1', 'stimsday1details/new6.png'), ('QeggPainting2', 'stimsday1details/egg40.png'), ('Qcharacter2', 'stimsday1details/couple40.png'), ('Qgift2', 'stimsday1details/gift40.png'), ('Qname1', 'stimsday1details/n40.png'), ('Qtheme1', 'stimsday1details/t40.png'), ('Qname2', 'stimsday1details/cn40.png'), ('Qtheme2', 'stimsday1details/ct40.png')])
421.5095 	EXP 	northorsouth1: autoDraw = False
421.5095 	EXP 	northorsouth2: autoDraw = False
421.5095 	EXP 	northorsouth1: autoDraw = False
421.5095 	EXP 	northorsouth2: autoDraw = False
421.5095 	EXP 	image_3: autoDraw = True
422.3955 	DATA 	Keypress: equal
423.4940 	EXP 	Created sequence: random, trialTypes=1, nReps=1, seed=None
423.4942 	EXP 	New trial (rep=0, index=0): None
423.9237 	EXP 	Created vid1a = MovieStim3(__class__=<class 'psychopy.visual.movie3.MovieStim3'>, autoLog=True, color=UNKNOWN, colorSpace=UNKNOWN, depth=-1.0, filename='stims/wedding-40.1a.mp4', flipHoriz=False, flipVert=False, fps=UNKNOWN, interpolate=True, loop=False, name='vid1a', noAudio=False, opacity=1.0, ori=0, pos=array([0., 0.]), size=array([1280.,  720.]), units='pix', vframe_callback=UNKNOWN, volume=UNKNOWN, win=Window(...))
424.2721 	EXP 	Created vid1b = MovieStim3(__class__=<class 'psychopy.visual.movie3.MovieStim3'>, autoLog=True, color=UNKNOWN, colorSpace=UNKNOWN, depth=-2.0, filename='stims/wedding-40.1b.mp4', flipHoriz=False, flipVert=False, fps=UNKNOWN, interpolate=True, loop=False, name='vid1b', noAudio=False, opacity=1.0, ori=0, pos=array([0., 0.]), size=array([1280.,  720.]), units='pix', vframe_callback=UNKNOWN, volume=UNKNOWN, win=Window(...))
424.7453 	EXP 	Created vid2 = MovieStim3(__class__=<class 'psychopy.visual.movie3.MovieStim3'>, autoLog=True, color=UNKNOWN, colorSpace=UNKNOWN, depth=-3.0, filename='stims/wedding-40.2a.mp4', flipHoriz=False, flipVert=False, fps=UNKNOWN, interpolate=True, loop=False, name='vid2', noAudio=False, opacity=1.0, ori=0, pos=array([0., 0.]), size=array([1280.,  720.]), units='pix', vframe_callback=UNKNOWN, volume=UNKNOWN, win=Window(...))
425.2179 	EXP 	Created vid3 = MovieStim3(__class__=<class 'psychopy.visual.movie3.MovieStim3'>, autoLog=True, color=UNKNOWN, colorSpace=UNKNOWN, depth=-4.0, filename='stims/wedding-40.3a.mp4', flipHoriz=False, flipVert=False, fps=UNKNOWN, interpolate=True, loop=False, name='vid3', noAudio=False, opacity=1.0, ori=0, pos=array([0., 0.]), size=array([1280.,  720.]), units='pix', vframe_callback=UNKNOWN, volume=UNKNOWN, win=Window(...))
425.7060 	EXP 	Created vid4 = MovieStim3(__class__=<class 'psychopy.visual.movie3.MovieStim3'>, autoLog=True, color=UNKNOWN, colorSpace=UNKNOWN, depth=-5.0, filename='stims/wedding-40.4a.mp4', flipHoriz=False, flipVert=False, fps=UNKNOWN, interpolate=True, loop=False, name='vid4', noAudio=False, opacity=1.0, ori=0, pos=array([0., 0.]), size=array([1280.,  720.]), units='pix', vframe_callback=UNKNOWN, volume=UNKNOWN, win=Window(...))
426.1255 	EXP 	Created vid5 = MovieStim3(__class__=<class 'psychopy.visual.movie3.MovieStim3'>, autoLog=True, color=UNKNOWN, colorSpace=UNKNOWN, depth=-6.0, filename='stims/wedding-40.5.mp4', flipHoriz=False, flipVert=False, fps=UNKNOWN, interpolate=True, loop=False, name='vid5', noAudio=False, opacity=1.0, ori=0, pos=array([0., 0.]), size=array([1280.,  720.]), units='pix', vframe_callback=UNKNOWN, volume=UNKNOWN, win=Window(...))
426.2231 	EXP 	window1: recordFrameIntervals = False
426.2265 	DATA 	Keypress: equal
426.2288 	DATA 	Keypress: equal
426.2427 	EXP 	image_3: autoDraw = False
426.2427 	EXP 	image_3: autoDraw = False
426.2427 	EXP 	vid1a: movie = 'stims/wedding-40.1a.mp4'
426.2427 	EXP 	vid1a: autoLog = True
426.2427 	EXP 	vid1b: movie = 'stims/wedding-40.1b.mp4'
426.2427 	EXP 	vid1b: autoLog = True
426.2427 	EXP 	vid2: movie = 'stims/wedding-40.2a.mp4'
426.2427 	EXP 	vid2: autoLog = True
426.2427 	EXP 	vid3: movie = 'stims/wedding-40.3a.mp4'
426.2427 	EXP 	vid3: autoLog = True
426.2427 	EXP 	vid4: movie = 'stims/wedding-40.4a.mp4'
426.2427 	EXP 	vid4: autoLog = True
426.2427 	EXP 	vid5: movie = 'stims/wedding-40.5.mp4'
426.2427 	EXP 	vid5: autoLog = True
428.8375 	EXP 	window1: recordFrameIntervals = False
431.0105 	DATA 	Keypress: equal
431.0129 	DATA 	Keypress: equal
431.0148 	DATA 	Keypress: equal
431.2261 	EXP 	vid1a: movie = 'stims/wedding-40.1a.mp4'
431.2261 	EXP 	vid1b: movie = 'stims/wedding-40.1b.mp4'
431.2261 	EXP 	vid2: movie = 'stims/wedding-40.2a.mp4'
431.2261 	EXP 	vid3: movie = 'stims/wedding-40.3a.mp4'
431.2261 	EXP 	vid4: movie = 'stims/wedding-40.4a.mp4'
431.2261 	EXP 	vid5: movie = 'stims/wedding-40.5.mp4'
431.2426 	EXP 	vid1a: autoDraw = True
431.4115 	DATA 	Keypress: equal
432.9115 	DATA 	Keypress: equal
434.4112 	DATA 	Keypress: equal
435.9115 	DATA 	Keypress: equal
437.4114 	DATA 	Keypress: equal
438.9116 	DATA 	Keypress: equal
440.4023 	DATA 	Keypress: equal
441.9014 	DATA 	Keypress: equal
443.4036 	DATA 	Keypress: equal
444.9007 	DATA 	Keypress: equal
446.3946 	DATA 	Keypress: equal
447.5091 	EXP 	vid1a: autoDraw = False
447.5258 	EXP 	vid1b: autoDraw = True
447.8994 	DATA 	Keypress: equal
449.3949 	DATA 	Keypress: equal
450.9208 	DATA 	Keypress: equal
452.3945 	DATA 	Keypress: equal
453.9024 	DATA 	Keypress: equal
455.2924 	EXP 	Set vid1b finished
455.3947 	DATA 	Keypress: equal
455.5257 	EXP 	vid2: autoDraw = True
456.8946 	DATA 	Keypress: equal
458.4017 	DATA 	Keypress: equal
459.8945 	DATA 	Keypress: equal
461.4019 	DATA 	Keypress: equal
462.9022 	DATA 	Keypress: equal
464.3947 	DATA 	Keypress: equal
465.8949 	DATA 	Keypress: equal
467.3947 	DATA 	Keypress: equal
468.8951 	DATA 	Keypress: equal
470.3941 	DATA 	Keypress: equal
471.8943 	DATA 	Keypress: equal
472.2088 	EXP 	Set vid2 finished
472.5255 	EXP 	vid3: autoDraw = True
473.3943 	DATA 	Keypress: equal
474.8940 	DATA 	Keypress: equal
476.4197 	DATA 	Keypress: equal
477.8939 	DATA 	Keypress: equal
479.3943 	DATA 	Keypress: equal
480.8942 	DATA 	Keypress: equal
482.3940 	DATA 	Keypress: equal
483.8940 	DATA 	Keypress: equal
485.3940 	DATA 	Keypress: equal
486.8941 	DATA 	Keypress: equal
488.3938 	DATA 	Keypress: equal
489.8939 	DATA 	Keypress: equal
491.3938 	DATA 	Keypress: equal
492.8940 	DATA 	Keypress: equal
494.3940 	DATA 	Keypress: equal
495.5086 	EXP 	vid3: autoDraw = False
495.5251 	EXP 	vid4: autoDraw = True
495.8938 	DATA 	Keypress: equal
497.3936 	DATA 	Keypress: equal
498.8937 	DATA 	Keypress: equal
500.3937 	DATA 	Keypress: equal
501.8937 	DATA 	Keypress: equal
503.3936 	DATA 	Keypress: equal
504.8938 	DATA 	Keypress: equal
506.3939 	DATA 	Keypress: equal
507.8939 	DATA 	Keypress: equal
509.3937 	DATA 	Keypress: equal
510.9208 	DATA 	Keypress: equal
512.3936 	DATA 	Keypress: equal
513.8935 	DATA 	Keypress: equal
515.3937 	DATA 	Keypress: equal
516.8937 	DATA 	Keypress: equal
518.3936 	DATA 	Keypress: equal
519.3749 	EXP 	Set vid4 finished
519.5249 	EXP 	vid5: autoDraw = True
519.8935 	DATA 	Keypress: equal
521.3937 	DATA 	Keypress: equal
522.8934 	DATA 	Keypress: equal
524.3934 	DATA 	Keypress: equal
525.8934 	DATA 	Keypress: equal
527.3934 	DATA 	Keypress: equal
528.8934 	DATA 	Keypress: equal
530.3937 	DATA 	Keypress: equal
531.8933 	DATA 	Keypress: equal
532.6792 	EXP 	Created sequence: random, trialTypes=1, nReps=1, seed=None
532.6796 	EXP 	New trial (rep=0, index=0): None
533.1064 	EXP 	Created vid1a_q = MovieStim3(__class__=<class 'psychopy.visual.movie3.MovieStim3'>, autoLog=True, color=UNKNOWN, colorSpace=UNKNOWN, depth=-1.0, filename='stims/wedding-40.1a.mp4', flipHoriz=False, flipVert=False, fps=UNKNOWN, interpolate=True, loop=False, name='vid1a_q', noAudio=False, opacity=1.0, ori=0, pos=array([0., 0.]), size=array([1280.,  720.]), units='pix', vframe_callback=UNKNOWN, volume=UNKNOWN, win=Window(...))
533.4439 	EXP 	Created vid1b_q = MovieStim3(__class__=<class 'psychopy.visual.movie3.MovieStim3'>, autoLog=True, color=UNKNOWN, colorSpace=UNKNOWN, depth=-2.0, filename='stims/wedding-40.1b.mp4', flipHoriz=False, flipVert=False, fps=UNKNOWN, interpolate=True, loop=False, name='vid1b_q', noAudio=False, opacity=1.0, ori=0, pos=array([0., 0.]), size=array([1280.,  720.]), units='pix', vframe_callback=UNKNOWN, volume=UNKNOWN, win=Window(...))
533.9061 	EXP 	Created vid2_q = MovieStim3(__class__=<class 'psychopy.visual.movie3.MovieStim3'>, autoLog=True, color=UNKNOWN, colorSpace=UNKNOWN, depth=-3.0, filename='stims/wedding-40.2a.mp4', flipHoriz=False, flipVert=False, fps=UNKNOWN, interpolate=True, loop=False, name='vid2_q', noAudio=False, opacity=1.0, ori=0, pos=array([0., 0.]), size=array([1280.,  720.]), units='pix', vframe_callback=UNKNOWN, volume=UNKNOWN, win=Window(...))
534.3771 	EXP 	Created vid3_q = MovieStim3(__class__=<class 'psychopy.visual.movie3.MovieStim3'>, autoLog=True, color=UNKNOWN, colorSpace=UNKNOWN, depth=-5.0, filename='stims/wedding-40.3a.mp4', flipHoriz=False, flipVert=False, fps=UNKNOWN, interpolate=True, loop=False, name='vid3_q', noAudio=False, opacity=1.0, ori=0, pos=array([0., 0.]), size=array([1280.,  720.]), units='pix', vframe_callback=UNKNOWN, volume=UNKNOWN, win=Window(...))
534.8581 	EXP 	Created vid4_q = MovieStim3(__class__=<class 'psychopy.visual.movie3.MovieStim3'>, autoLog=True, color=UNKNOWN, colorSpace=UNKNOWN, depth=-7.0, filename='stims/wedding-40.4a.mp4', flipHoriz=False, flipVert=False, fps=UNKNOWN, interpolate=True, loop=False, name='vid4_q', noAudio=False, opacity=1.0, ori=0, pos=array([0., 0.]), size=array([1280.,  720.]), units='pix', vframe_callback=UNKNOWN, volume=UNKNOWN, win=Window(...))
535.2636 	EXP 	Created vid5_q = MovieStim3(__class__=<class 'psychopy.visual.movie3.MovieStim3'>, autoLog=True, color=UNKNOWN, colorSpace=UNKNOWN, depth=-8.0, filename='stims/wedding-40.5.mp4', flipHoriz=False, flipVert=False, fps=UNKNOWN, interpolate=True, loop=False, name='vid5_q', noAudio=False, opacity=1.0, ori=0, pos=array([0., 0.]), size=array([1280.,  720.]), units='pix', vframe_callback=UNKNOWN, volume=UNKNOWN, win=Window(...))
535.5416 	EXP 	window1: recordFrameIntervals = False
535.5447 	DATA 	Keypress: equal
535.5469 	DATA 	Keypress: equal
535.5587 	EXP 	vid5: autoDraw = False
535.5587 	EXP 	vid1a: autoDraw = False
535.5587 	EXP 	vid1b: autoDraw = False
535.5587 	EXP 	vid2: autoDraw = False
535.5587 	EXP 	vid3: autoDraw = False
535.5587 	EXP 	vid4: autoDraw = False
535.5587 	EXP 	vid5: autoDraw = False
535.5587 	EXP 	vid1a_q: movie = 'stims/wedding-40.1a.mp4'
535.5587 	EXP 	vid1a_q: autoLog = True
535.5587 	EXP 	vid1b_q: movie = 'stims/wedding-40.1b.mp4'
535.5587 	EXP 	vid1b_q: autoLog = True
535.5587 	EXP 	vid2_q: movie = 'stims/wedding-40.2a.mp4'
535.5587 	EXP 	vid2_q: autoLog = True
535.5587 	EXP 	vid3_q: movie = 'stims/wedding-40.3a.mp4'
535.5587 	EXP 	vid3_q: autoLog = True
535.5587 	EXP 	vid4_q: movie = 'stims/wedding-40.4a.mp4'
535.5587 	EXP 	vid4_q: autoLog = True
535.5587 	EXP 	vid5_q: movie = 'stims/wedding-40.5.mp4'
535.5587 	EXP 	vid5_q: autoLog = True
535.5587 	EXP 	vid1a_q: autoDraw = False
535.5587 	EXP 	vid1b_q: autoDraw = False
535.5587 	EXP 	vid2_q: autoDraw = False
535.5587 	EXP 	l2q: autoDraw = False
535.5587 	EXP 	vid3_q: autoDraw = False
535.5587 	EXP 	l3q: autoDraw = False
535.5587 	EXP 	vid4_q: autoDraw = False
535.5587 	EXP 	vid5_q: autoDraw = False
535.7558 	EXP 	window1: recordFrameIntervals = False
537.3274 	DATA 	Keypress: equal
537.5603 	EXP 	eggPainting1: image = 'stimsday1details/newegg6.png'
537.5603 	EXP 	eggPainting2: image = 'stimsday1details/egg40.png'
537.5603 	EXP 	character1: image = 'stimsday1details/newperson6.png'
537.5603 	EXP 	character2: image = 'stimsday1details/couple40.png'
537.5603 	EXP 	gift1: image = 'stimsday1details/new6.png'
537.5603 	EXP 	gift2: image = 'stimsday1details/gift40.png'
537.5603 	EXP 	themeQ1: image = 'stimsday1details/t40.png'
537.5603 	EXP 	themeQ2: image = 'stimsday1details/ct40.png'
537.5603 	EXP 	nameQ1: image = 'stimsday1details/n40.png'
537.5603 	EXP 	nameQ2: image = 'stimsday1details/cn40.png'
537.5603 	EXP 	nameQ1: autoDraw = True
537.5603 	EXP 	nameQ2: autoDraw = True
537.8930 	DATA 	Keypress: equal
538.2760 	DATA 	Keypress: 1
539.3930 	DATA 	Keypress: equal
539.5413 	EXP 	nameQ1: autoDraw = False
539.5413 	EXP 	nameQ2: autoDraw = False
539.5413 	EXP 	nameQ1: autoDraw = False
539.5413 	EXP 	nameQ2: autoDraw = False
539.5413 	EXP 	eggPainting1: autoDraw = True
539.5413 	EXP 	eggPainting2: autoDraw = True
540.3264 	DATA 	Keypress: 2
540.8928 	DATA 	Keypress: equal
541.5413 	EXP 	eggPainting1: autoDraw = False
541.5413 	EXP 	eggPainting2: autoDraw = False
541.5413 	EXP 	eggPainting1: autoDraw = False
541.5413 	EXP 	eggPainting2: autoDraw = False
541.5413 	EXP 	character1: autoDraw = True
541.5413 	EXP 	character2: autoDraw = True
542.2927 	DATA 	Keypress: 2
542.3929 	DATA 	Keypress: equal
543.5413 	EXP 	character1: autoDraw = False
543.5413 	EXP 	character2: autoDraw = False
543.5413 	EXP 	character1: autoDraw = False
543.5413 	EXP 	character2: autoDraw = False
543.5413 	EXP 	themeQ1: autoDraw = True
543.5413 	EXP 	themeQ2: autoDraw = True
543.8927 	DATA 	Keypress: equal
544.2260 	DATA 	Keypress: 1
545.3929 	DATA 	Keypress: equal
545.5413 	EXP 	themeQ1: autoDraw = False
545.5413 	EXP 	themeQ2: autoDraw = False
545.5413 	EXP 	themeQ1: autoDraw = False
545.5413 	EXP 	themeQ2: autoDraw = False
545.5413 	EXP 	gift1: autoDraw = True
545.5413 	EXP 	gift2: autoDraw = True
546.2596 	DATA 	Keypress: 2
546.8927 	DATA 	Keypress: equal
547.5413 	EXP 	gift1: autoDraw = False
547.5413 	EXP 	gift2: autoDraw = False
547.5413 	EXP 	gift1: autoDraw = False
547.5413 	EXP 	gift2: autoDraw = False
547.5413 	EXP 	northorsouth1: autoDraw = True
547.5413 	EXP 	northorsouth2: autoDraw = True
548.2264 	DATA 	Keypress: 1
548.3929 	DATA 	Keypress: equal
549.7945 	EXP 	New trial (rep=0, index=4): OrderedDict([('condsFile', 'videoBlock_schemaN_pathA_4.csv')])
549.8079 	EXP 	Imported videoBlock_schemaN_pathA_4.csv as conditions, 1 conditions, 17 params
549.8083 	EXP 	Created sequence: random, trialTypes=1, nReps=1, seed=None
549.8091 	EXP 	New trial (rep=0, index=0): OrderedDict([('northOrSouth', 'north.png'), ('stimFile1a', 'stims/wedding-13.1a.mp4'), ('stimFile1b', 'stims/wedding-13.1b.mp4'), ('stimFile2', 'stims/wedding-13.2a.mp4'), ('stimFile3', 'stims/wedding-13.3a.mp4'), ('stimFile4', 'stims/wedding-13.4a.mp4'), ('stimFile5', 'stims/wedding-13.5.mp4'), ('QeggPainting1', 'stimsday1details/egg13.png'), ('Qcharacter1', 'stimsday1details/couple13.png'), ('Qgift1', 'stimsday1details/new4.png'), ('QeggPainting2', 'stimsday1details/newegg4.png'), ('Qcharacter2', 'stimsday1details/newperson4.png'), ('Qgift2', 'stimsday1details/gift13.png'), ('Qname1', 'stimsday1details/n13.png'), ('Qtheme1', 'stimsday1details/ct13.png'), ('Qname2', 'stimsday1details/cn13.png'), ('Qtheme2', 'stimsday1details/t13.png')])
549.8246 	EXP 	northorsouth1: autoDraw = False
549.8246 	EXP 	northorsouth2: autoDraw = False
549.8246 	EXP 	northorsouth1: autoDraw = False
549.8246 	EXP 	northorsouth2: autoDraw = False
549.8246 	EXP 	image_3: autoDraw = True
549.8931 	DATA 	Keypress: equal
551.3931 	DATA 	Keypress: equal
551.8094 	EXP 	Created sequence: random, trialTypes=1, nReps=1, seed=None
551.8097 	EXP 	New trial (rep=0, index=0): None
552.2237 	EXP 	Created vid1a = MovieStim3(__class__=<class 'psychopy.visual.movie3.MovieStim3'>, autoLog=True, color=UNKNOWN, colorSpace=UNKNOWN, depth=-1.0, filename='stims/wedding-13.1a.mp4', flipHoriz=False, flipVert=False, fps=UNKNOWN, interpolate=True, loop=False, name='vid1a', noAudio=False, opacity=1.0, ori=0, pos=array([0., 0.]), size=array([1280.,  720.]), units='pix', vframe_callback=UNKNOWN, volume=UNKNOWN, win=Window(...))
552.5748 	EXP 	Created vid1b = MovieStim3(__class__=<class 'psychopy.visual.movie3.MovieStim3'>, autoLog=True, color=UNKNOWN, colorSpace=UNKNOWN, depth=-2.0, filename='stims/wedding-13.1b.mp4', flipHoriz=False, flipVert=False, fps=UNKNOWN, interpolate=True, loop=False, name='vid1b', noAudio=False, opacity=1.0, ori=0, pos=array([0., 0.]), size=array([1280.,  720.]), units='pix', vframe_callback=UNKNOWN, volume=UNKNOWN, win=Window(...))
553.0690 	EXP 	Created vid2 = MovieStim3(__class__=<class 'psychopy.visual.movie3.MovieStim3'>, autoLog=True, color=UNKNOWN, colorSpace=UNKNOWN, depth=-3.0, filename='stims/wedding-13.2a.mp4', flipHoriz=False, flipVert=False, fps=UNKNOWN, interpolate=True, loop=False, name='vid2', noAudio=False, opacity=1.0, ori=0, pos=array([0., 0.]), size=array([1280.,  720.]), units='pix', vframe_callback=UNKNOWN, volume=UNKNOWN, win=Window(...))
553.5468 	EXP 	Created vid3 = MovieStim3(__class__=<class 'psychopy.visual.movie3.MovieStim3'>, autoLog=True, color=UNKNOWN, colorSpace=UNKNOWN, depth=-4.0, filename='stims/wedding-13.3a.mp4', flipHoriz=False, flipVert=False, fps=UNKNOWN, interpolate=True, loop=False, name='vid3', noAudio=False, opacity=1.0, ori=0, pos=array([0., 0.]), size=array([1280.,  720.]), units='pix', vframe_callback=UNKNOWN, volume=UNKNOWN, win=Window(...))
554.0423 	EXP 	Created vid4 = MovieStim3(__class__=<class 'psychopy.visual.movie3.MovieStim3'>, autoLog=True, color=UNKNOWN, colorSpace=UNKNOWN, depth=-5.0, filename='stims/wedding-13.4a.mp4', flipHoriz=False, flipVert=False, fps=UNKNOWN, interpolate=True, loop=False, name='vid4', noAudio=False, opacity=1.0, ori=0, pos=array([0., 0.]), size=array([1280.,  720.]), units='pix', vframe_callback=UNKNOWN, volume=UNKNOWN, win=Window(...))
554.4512 	EXP 	Created vid5 = MovieStim3(__class__=<class 'psychopy.visual.movie3.MovieStim3'>, autoLog=True, color=UNKNOWN, colorSpace=UNKNOWN, depth=-6.0, filename='stims/wedding-13.5.mp4', flipHoriz=False, flipVert=False, fps=UNKNOWN, interpolate=True, loop=False, name='vid5', noAudio=False, opacity=1.0, ori=0, pos=array([0., 0.]), size=array([1280.,  720.]), units='pix', vframe_callback=UNKNOWN, volume=UNKNOWN, win=Window(...))
554.5155 	EXP 	window1: recordFrameIntervals = False
554.5189 	DATA 	Keypress: equal
554.5213 	DATA 	Keypress: equal
554.5412 	EXP 	image_3: autoDraw = False
554.5412 	EXP 	image_3: autoDraw = False
554.5412 	EXP 	vid1a: movie = 'stims/wedding-13.1a.mp4'
554.5412 	EXP 	vid1a: autoLog = True
554.5412 	EXP 	vid1b: movie = 'stims/wedding-13.1b.mp4'
554.5412 	EXP 	vid1b: autoLog = True
554.5412 	EXP 	vid2: movie = 'stims/wedding-13.2a.mp4'
554.5412 	EXP 	vid2: autoLog = True
554.5412 	EXP 	vid3: movie = 'stims/wedding-13.3a.mp4'
554.5412 	EXP 	vid3: autoLog = True
554.5412 	EXP 	vid4: movie = 'stims/wedding-13.4a.mp4'
554.5412 	EXP 	vid4: autoLog = True
554.5412 	EXP 	vid5: movie = 'stims/wedding-13.5.mp4'
554.5412 	EXP 	vid5: autoLog = True
557.1478 	EXP 	window1: recordFrameIntervals = False
559.3032 	DATA 	Keypress: equal
559.3056 	DATA 	Keypress: equal
559.3078 	DATA 	Keypress: equal
559.5106 	EXP 	vid1a: movie = 'stims/wedding-13.1a.mp4'
559.5106 	EXP 	vid1b: movie = 'stims/wedding-13.1b.mp4'
559.5106 	EXP 	vid2: movie = 'stims/wedding-13.2a.mp4'
559.5106 	EXP 	vid3: movie = 'stims/wedding-13.3a.mp4'
559.5106 	EXP 	vid4: movie = 'stims/wedding-13.4a.mp4'
559.5106 	EXP 	vid5: movie = 'stims/wedding-13.5.mp4'
559.5244 	EXP 	vid1a: autoDraw = True
560.3934 	DATA 	Keypress: equal
561.8931 	DATA 	Keypress: equal
563.4179 	DATA 	Keypress: equal
564.8929 	DATA 	Keypress: equal
566.3932 	DATA 	Keypress: equal
567.8931 	DATA 	Keypress: equal
569.3931 	DATA 	Keypress: equal
570.8929 	DATA 	Keypress: equal
572.3932 	DATA 	Keypress: equal
573.8934 	DATA 	Keypress: equal
574.5743 	EXP 	Set vid1a finished
575.3927 	DATA 	Keypress: equal
575.8409 	EXP 	vid1b: autoDraw = True
576.8930 	DATA 	Keypress: equal
578.3932 	DATA 	Keypress: equal
579.8930 	DATA 	Keypress: equal
581.3930 	DATA 	Keypress: equal
582.8930 	DATA 	Keypress: equal
583.8241 	EXP 	vid1b: autoDraw = False
583.8408 	EXP 	vid2: autoDraw = True
584.3927 	DATA 	Keypress: equal
585.8930 	DATA 	Keypress: equal
587.3930 	DATA 	Keypress: equal
588.8927 	DATA 	Keypress: equal
590.3928 	DATA 	Keypress: equal
591.8928 	DATA 	Keypress: equal
593.3927 	DATA 	Keypress: equal
594.8924 	DATA 	Keypress: equal
596.3926 	DATA 	Keypress: equal
597.8925 	DATA 	Keypress: equal
599.3926 	DATA 	Keypress: equal
600.8239 	EXP 	vid2: autoDraw = False
600.8406 	EXP 	vid3: autoDraw = True
600.8927 	DATA 	Keypress: equal
602.3925 	DATA 	Keypress: equal
603.8925 	DATA 	Keypress: equal
605.3926 	DATA 	Keypress: equal
606.8928 	DATA 	Keypress: equal
608.3924 	DATA 	Keypress: equal
609.8924 	DATA 	Keypress: equal
611.3925 	DATA 	Keypress: equal
612.8923 	DATA 	Keypress: equal
614.3922 	DATA 	Keypress: equal
615.8926 	DATA 	Keypress: equal
617.3923 	DATA 	Keypress: equal
618.8925 	DATA 	Keypress: equal
620.3924 	DATA 	Keypress: equal
621.8923 	DATA 	Keypress: equal
623.3923 	DATA 	Keypress: equal
623.8236 	EXP 	vid3: autoDraw = False
623.8403 	EXP 	vid4: autoDraw = True
624.8926 	DATA 	Keypress: equal
626.3923 	DATA 	Keypress: equal
627.8924 	DATA 	Keypress: equal
629.3920 	DATA 	Keypress: equal
630.8922 	DATA 	Keypress: equal
632.3922 	DATA 	Keypress: equal
633.8922 	DATA 	Keypress: equal
635.3920 	DATA 	Keypress: equal
636.8925 	DATA 	Keypress: equal
638.3922 	DATA 	Keypress: equal
639.8921 	DATA 	Keypress: equal
641.3920 	DATA 	Keypress: equal
642.9174 	DATA 	Keypress: equal
644.3921 	DATA 	Keypress: equal
645.8922 	DATA 	Keypress: equal
647.3919 	DATA 	Keypress: equal
647.8233 	EXP 	vid4: autoDraw = False
647.8400 	EXP 	vid5: autoDraw = True
648.8920 	DATA 	Keypress: equal
650.3920 	DATA 	Keypress: equal
651.8920 	DATA 	Keypress: equal
653.3921 	DATA 	Keypress: equal
654.8922 	DATA 	Keypress: equal
656.3919 	DATA 	Keypress: equal
657.8918 	DATA 	Keypress: equal
659.3919 	DATA 	Keypress: equal
659.8899 	EXP 	Set vid5 finished
660.1063 	EXP 	Created sequence: random, trialTypes=1, nReps=1, seed=None
660.1067 	EXP 	New trial (rep=0, index=0): None
660.5191 	EXP 	Created vid1a_q = MovieStim3(__class__=<class 'psychopy.visual.movie3.MovieStim3'>, autoLog=True, color=UNKNOWN, colorSpace=UNKNOWN, depth=-1.0, filename='stims/wedding-13.1a.mp4', flipHoriz=False, flipVert=False, fps=UNKNOWN, interpolate=True, loop=False, name='vid1a_q', noAudio=False, opacity=1.0, ori=0, pos=array([0., 0.]), size=array([1280.,  720.]), units='pix', vframe_callback=UNKNOWN, volume=UNKNOWN, win=Window(...))
660.8612 	EXP 	Created vid1b_q = MovieStim3(__class__=<class 'psychopy.visual.movie3.MovieStim3'>, autoLog=True, color=UNKNOWN, colorSpace=UNKNOWN, depth=-2.0, filename='stims/wedding-13.1b.mp4', flipHoriz=False, flipVert=False, fps=UNKNOWN, interpolate=True, loop=False, name='vid1b_q', noAudio=False, opacity=1.0, ori=0, pos=array([0., 0.]), size=array([1280.,  720.]), units='pix', vframe_callback=UNKNOWN, volume=UNKNOWN, win=Window(...))
661.3408 	EXP 	Created vid2_q = MovieStim3(__class__=<class 'psychopy.visual.movie3.MovieStim3'>, autoLog=True, color=UNKNOWN, colorSpace=UNKNOWN, depth=-3.0, filename='stims/wedding-13.2a.mp4', flipHoriz=False, flipVert=False, fps=UNKNOWN, interpolate=True, loop=False, name='vid2_q', noAudio=False, opacity=1.0, ori=0, pos=array([0., 0.]), size=array([1280.,  720.]), units='pix', vframe_callback=UNKNOWN, volume=UNKNOWN, win=Window(...))
661.8176 	EXP 	Created vid3_q = MovieStim3(__class__=<class 'psychopy.visual.movie3.MovieStim3'>, autoLog=True, color=UNKNOWN, colorSpace=UNKNOWN, depth=-5.0, filename='stims/wedding-13.3a.mp4', flipHoriz=False, flipVert=False, fps=UNKNOWN, interpolate=True, loop=False, name='vid3_q', noAudio=False, opacity=1.0, ori=0, pos=array([0., 0.]), size=array([1280.,  720.]), units='pix', vframe_callback=UNKNOWN, volume=UNKNOWN, win=Window(...))
662.3071 	EXP 	Created vid4_q = MovieStim3(__class__=<class 'psychopy.visual.movie3.MovieStim3'>, autoLog=True, color=UNKNOWN, colorSpace=UNKNOWN, depth=-7.0, filename='stims/wedding-13.4a.mp4', flipHoriz=False, flipVert=False, fps=UNKNOWN, interpolate=True, loop=False, name='vid4_q', noAudio=False, opacity=1.0, ori=0, pos=array([0., 0.]), size=array([1280.,  720.]), units='pix', vframe_callback=UNKNOWN, volume=UNKNOWN, win=Window(...))
662.7031 	EXP 	Created vid5_q = MovieStim3(__class__=<class 'psychopy.visual.movie3.MovieStim3'>, autoLog=True, color=UNKNOWN, colorSpace=UNKNOWN, depth=-8.0, filename='stims/wedding-13.5.mp4', flipHoriz=False, flipVert=False, fps=UNKNOWN, interpolate=True, loop=False, name='vid5_q', noAudio=False, opacity=1.0, ori=0, pos=array([0., 0.]), size=array([1280.,  720.]), units='pix', vframe_callback=UNKNOWN, volume=UNKNOWN, win=Window(...))
663.0107 	EXP 	window1: recordFrameIntervals = False
663.0138 	DATA 	Keypress: equal
663.0160 	DATA 	Keypress: equal
663.0272 	EXP 	vid1a: autoDraw = False
663.0272 	EXP 	vid1b: autoDraw = False
663.0272 	EXP 	vid2: autoDraw = False
663.0272 	EXP 	vid3: autoDraw = False
663.0272 	EXP 	vid4: autoDraw = False
663.0272 	EXP 	vid5: autoDraw = False
663.0272 	EXP 	vid1a_q: movie = 'stims/wedding-13.1a.mp4'
663.0272 	EXP 	vid1a_q: autoLog = True
663.0272 	EXP 	vid1b_q: movie = 'stims/wedding-13.1b.mp4'
663.0272 	EXP 	vid1b_q: autoLog = True
663.0272 	EXP 	vid2_q: movie = 'stims/wedding-13.2a.mp4'
663.0272 	EXP 	vid2_q: autoLog = True
663.0272 	EXP 	vid3_q: movie = 'stims/wedding-13.3a.mp4'
663.0272 	EXP 	vid3_q: autoLog = True
663.0272 	EXP 	vid4_q: movie = 'stims/wedding-13.4a.mp4'
663.0272 	EXP 	vid4_q: autoLog = True
663.0272 	EXP 	vid5_q: movie = 'stims/wedding-13.5.mp4'
663.0272 	EXP 	vid5_q: autoLog = True
663.0272 	EXP 	vid1a_q: autoDraw = False
663.0272 	EXP 	vid1b_q: autoDraw = False
663.0272 	EXP 	vid2_q: autoDraw = False
663.0272 	EXP 	l2q: autoDraw = False
663.0272 	EXP 	vid3_q: autoDraw = False
663.0272 	EXP 	l3q: autoDraw = False
663.0272 	EXP 	vid4_q: autoDraw = False
663.0272 	EXP 	vid5_q: autoDraw = False
663.2074 	EXP 	window1: recordFrameIntervals = False
664.7965 	DATA 	Keypress: equal
665.0232 	EXP 	eggPainting1: image = 'stimsday1details/egg13.png'
665.0232 	EXP 	eggPainting2: image = 'stimsday1details/newegg4.png'
665.0232 	EXP 	character1: image = 'stimsday1details/couple13.png'
665.0232 	EXP 	character2: image = 'stimsday1details/newperson4.png'
665.0232 	EXP 	gift1: image = 'stimsday1details/new4.png'
665.0232 	EXP 	gift2: image = 'stimsday1details/gift13.png'
665.0232 	EXP 	themeQ1: image = 'stimsday1details/ct13.png'
665.0232 	EXP 	themeQ2: image = 'stimsday1details/t13.png'
665.0232 	EXP 	nameQ1: image = 'stimsday1details/n13.png'
665.0232 	EXP 	nameQ2: image = 'stimsday1details/cn13.png'
665.0232 	EXP 	nameQ1: autoDraw = True
665.0232 	EXP 	nameQ2: autoDraw = True
665.3917 	DATA 	Keypress: equal
666.1749 	DATA 	Keypress: 1
666.8921 	DATA 	Keypress: equal
667.0065 	EXP 	nameQ1: autoDraw = False
667.0065 	EXP 	nameQ2: autoDraw = False
667.0065 	EXP 	nameQ1: autoDraw = False
667.0065 	EXP 	nameQ2: autoDraw = False
667.0065 	EXP 	eggPainting1: autoDraw = True
667.0065 	EXP 	eggPainting2: autoDraw = True
667.7245 	DATA 	Keypress: 1
668.3912 	DATA 	Keypress: equal
669.0064 	EXP 	eggPainting1: autoDraw = False
669.0064 	EXP 	eggPainting2: autoDraw = False
669.0064 	EXP 	eggPainting1: autoDraw = False
669.0064 	EXP 	eggPainting2: autoDraw = False
669.0064 	EXP 	character1: autoDraw = True
669.0064 	EXP 	character2: autoDraw = True
669.8914 	DATA 	Keypress: equal
669.9579 	DATA 	Keypress: 1
671.0064 	EXP 	character1: autoDraw = False
671.0064 	EXP 	character2: autoDraw = False
671.0064 	EXP 	character1: autoDraw = False
671.0064 	EXP 	character2: autoDraw = False
671.0064 	EXP 	themeQ1: autoDraw = True
671.0064 	EXP 	themeQ2: autoDraw = True
671.3912 	DATA 	Keypress: equal
672.3080 	DATA 	Keypress: 2
672.8913 	DATA 	Keypress: equal
673.0064 	EXP 	themeQ1: autoDraw = False
673.0064 	EXP 	themeQ2: autoDraw = False
673.0064 	EXP 	themeQ1: autoDraw = False
673.0064 	EXP 	themeQ2: autoDraw = False
673.0064 	EXP 	gift1: autoDraw = True
673.0064 	EXP 	gift2: autoDraw = True
673.8753 	DATA 	Keypress: 2
674.3940 	DATA 	Keypress: equal
675.0064 	EXP 	gift1: autoDraw = False
675.0064 	EXP 	gift2: autoDraw = False
675.0064 	EXP 	gift1: autoDraw = False
675.0064 	EXP 	gift2: autoDraw = False
675.0064 	EXP 	northorsouth1: autoDraw = True
675.0064 	EXP 	northorsouth2: autoDraw = True
675.7247 	DATA 	Keypress: 1
675.8912 	DATA 	Keypress: equal
677.2939 	EXP 	New trial (rep=0, index=5): OrderedDict([('condsFile', 'videoBlock_schemaN_pathB_4.csv')])
677.3068 	EXP 	Imported videoBlock_schemaN_pathB_4.csv as conditions, 1 conditions, 17 params
677.3072 	EXP 	Created sequence: random, trialTypes=1, nReps=1, seed=None
677.3079 	EXP 	New trial (rep=0, index=0): OrderedDict([('northOrSouth', 'north.png'), ('stimFile1a', 'stims/wedding-12.1a.mp4'), ('stimFile1b', 'stims/wedding-12.1b.mp4'), ('stimFile2', 'stims/wedding-12.2b.mp4'), ('stimFile3', 'stims/wedding-12.3b.mp4'), ('stimFile4', 'stims/wedding-12.4b.mp4'), ('stimFile5', 'stims/wedding-12.5.mp4'), ('QeggPainting1', 'stimsday1details/painting12.png'), ('Qcharacter1', 'stimsday1details/couple12.png'), ('Qgift1', 'stimsday1details/gift12.png'), ('QeggPainting2', 'stimsday1details/newpainting4.png'), ('Qcharacter2', 'stimsday1details/newperson16.png'), ('Qgift2', 'stimsday1details/new16.png'), ('Qname1', 'stimsday1details/n12.png'), ('Qtheme1', 'stimsday1details/t12.png'), ('Qname2', 'stimsday1details/cn12.png'), ('Qtheme2', 'stimsday1details/ct12.png')])
677.3230 	EXP 	northorsouth1: autoDraw = False
677.3230 	EXP 	northorsouth2: autoDraw = False
677.3230 	EXP 	northorsouth1: autoDraw = False
677.3230 	EXP 	northorsouth2: autoDraw = False
677.3230 	EXP 	image_3: autoDraw = True
677.3917 	DATA 	Keypress: equal
678.8916 	DATA 	Keypress: equal
679.3075 	EXP 	Created sequence: random, trialTypes=1, nReps=1, seed=None
679.3078 	EXP 	New trial (rep=0, index=0): None
679.7462 	EXP 	Created vid1a = MovieStim3(__class__=<class 'psychopy.visual.movie3.MovieStim3'>, autoLog=True, color=UNKNOWN, colorSpace=UNKNOWN, depth=-1.0, filename='stims/wedding-12.1a.mp4', flipHoriz=False, flipVert=False, fps=UNKNOWN, interpolate=True, loop=False, name='vid1a', noAudio=False, opacity=1.0, ori=0, pos=array([0., 0.]), size=array([1280.,  720.]), units='pix', vframe_callback=UNKNOWN, volume=UNKNOWN, win=Window(...))
680.1383 	EXP 	Created vid1b = MovieStim3(__class__=<class 'psychopy.visual.movie3.MovieStim3'>, autoLog=True, color=UNKNOWN, colorSpace=UNKNOWN, depth=-2.0, filename='stims/wedding-12.1b.mp4', flipHoriz=False, flipVert=False, fps=UNKNOWN, interpolate=True, loop=False, name='vid1b', noAudio=False, opacity=1.0, ori=0, pos=array([0., 0.]), size=array([1280.,  720.]), units='pix', vframe_callback=UNKNOWN, volume=UNKNOWN, win=Window(...))
680.5610 	EXP 	Created vid2 = MovieStim3(__class__=<class 'psychopy.visual.movie3.MovieStim3'>, autoLog=True, color=UNKNOWN, colorSpace=UNKNOWN, depth=-3.0, filename='stims/wedding-12.2b.mp4', flipHoriz=False, flipVert=False, fps=UNKNOWN, interpolate=True, loop=False, name='vid2', noAudio=False, opacity=1.0, ori=0, pos=array([0., 0.]), size=array([1280.,  720.]), units='pix', vframe_callback=UNKNOWN, volume=UNKNOWN, win=Window(...))
681.1100 	EXP 	Created vid3 = MovieStim3(__class__=<class 'psychopy.visual.movie3.MovieStim3'>, autoLog=True, color=UNKNOWN, colorSpace=UNKNOWN, depth=-4.0, filename='stims/wedding-12.3b.mp4', flipHoriz=False, flipVert=False, fps=UNKNOWN, interpolate=True, loop=False, name='vid3', noAudio=False, opacity=1.0, ori=0, pos=array([0., 0.]), size=array([1280.,  720.]), units='pix', vframe_callback=UNKNOWN, volume=UNKNOWN, win=Window(...))
681.5867 	EXP 	Created vid4 = MovieStim3(__class__=<class 'psychopy.visual.movie3.MovieStim3'>, autoLog=True, color=UNKNOWN, colorSpace=UNKNOWN, depth=-5.0, filename='stims/wedding-12.4b.mp4', flipHoriz=False, flipVert=False, fps=UNKNOWN, interpolate=True, loop=False, name='vid4', noAudio=False, opacity=1.0, ori=0, pos=array([0., 0.]), size=array([1280.,  720.]), units='pix', vframe_callback=UNKNOWN, volume=UNKNOWN, win=Window(...))
681.9920 	EXP 	Created vid5 = MovieStim3(__class__=<class 'psychopy.visual.movie3.MovieStim3'>, autoLog=True, color=UNKNOWN, colorSpace=UNKNOWN, depth=-6.0, filename='stims/wedding-12.5.mp4', flipHoriz=False, flipVert=False, fps=UNKNOWN, interpolate=True, loop=False, name='vid5', noAudio=False, opacity=1.0, ori=0, pos=array([0., 0.]), size=array([1280.,  720.]), units='pix', vframe_callback=UNKNOWN, volume=UNKNOWN, win=Window(...))
682.2661 	EXP 	Created sequence: random, trialTypes=1, nReps=1, seed=None
682.2664 	EXP 	New trial (rep=0, index=0): None
682.6976 	EXP 	Created vid1a_q = MovieStim3(__class__=<class 'psychopy.visual.movie3.MovieStim3'>, autoLog=True, color=UNKNOWN, colorSpace=UNKNOWN, depth=-1.0, filename='stims/wedding-12.1a.mp4', flipHoriz=False, flipVert=False, fps=UNKNOWN, interpolate=True, loop=False, name='vid1a_q', noAudio=False, opacity=1.0, ori=0, pos=array([0., 0.]), size=array([1280.,  720.]), units='pix', vframe_callback=UNKNOWN, volume=UNKNOWN, win=Window(...))
683.0774 	EXP 	Created vid1b_q = MovieStim3(__class__=<class 'psychopy.visual.movie3.MovieStim3'>, autoLog=True, color=UNKNOWN, colorSpace=UNKNOWN, depth=-2.0, filename='stims/wedding-12.1b.mp4', flipHoriz=False, flipVert=False, fps=UNKNOWN, interpolate=True, loop=False, name='vid1b_q', noAudio=False, opacity=1.0, ori=0, pos=array([0., 0.]), size=array([1280.,  720.]), units='pix', vframe_callback=UNKNOWN, volume=UNKNOWN, win=Window(...))
683.4978 	EXP 	Created vid2_q = MovieStim3(__class__=<class 'psychopy.visual.movie3.MovieStim3'>, autoLog=True, color=UNKNOWN, colorSpace=UNKNOWN, depth=-3.0, filename='stims/wedding-12.2b.mp4', flipHoriz=False, flipVert=False, fps=UNKNOWN, interpolate=True, loop=False, name='vid2_q', noAudio=False, opacity=1.0, ori=0, pos=array([0., 0.]), size=array([1280.,  720.]), units='pix', vframe_callback=UNKNOWN, volume=UNKNOWN, win=Window(...))
684.0237 	EXP 	Created vid3_q = MovieStim3(__class__=<class 'psychopy.visual.movie3.MovieStim3'>, autoLog=True, color=UNKNOWN, colorSpace=UNKNOWN, depth=-5.0, filename='stims/wedding-12.3b.mp4', flipHoriz=False, flipVert=False, fps=UNKNOWN, interpolate=True, loop=False, name='vid3_q', noAudio=False, opacity=1.0, ori=0, pos=array([0., 0.]), size=array([1280.,  720.]), units='pix', vframe_callback=UNKNOWN, volume=UNKNOWN, win=Window(...))
684.4916 	EXP 	Created vid4_q = MovieStim3(__class__=<class 'psychopy.visual.movie3.MovieStim3'>, autoLog=True, color=UNKNOWN, colorSpace=UNKNOWN, depth=-7.0, filename='stims/wedding-12.4b.mp4', flipHoriz=False, flipVert=False, fps=UNKNOWN, interpolate=True, loop=False, name='vid4_q', noAudio=False, opacity=1.0, ori=0, pos=array([0., 0.]), size=array([1280.,  720.]), units='pix', vframe_callback=UNKNOWN, volume=UNKNOWN, win=Window(...))
684.8767 	EXP 	Created vid5_q = MovieStim3(__class__=<class 'psychopy.visual.movie3.MovieStim3'>, autoLog=True, color=UNKNOWN, colorSpace=UNKNOWN, depth=-8.0, filename='stims/wedding-12.5.mp4', flipHoriz=False, flipVert=False, fps=UNKNOWN, interpolate=True, loop=False, name='vid5_q', noAudio=False, opacity=1.0, ori=0, pos=array([0., 0.]), size=array([1280.,  720.]), units='pix', vframe_callback=UNKNOWN, volume=UNKNOWN, win=Window(...))
684.9909 	EXP 	window1: recordFrameIntervals = False
684.9944 	DATA 	Keypress: equal
684.9968 	DATA 	Keypress: equal
684.9991 	DATA 	Keypress: equal
685.0016 	DATA 	Keypress: equal
685.0064 	EXP 	image_3: autoDraw = False
685.0064 	EXP 	image_3: autoDraw = False
685.0064 	EXP 	vid1a: movie = 'stims/wedding-12.1a.mp4'
685.0064 	EXP 	vid1a: autoLog = True
685.0064 	EXP 	vid1b: movie = 'stims/wedding-12.1b.mp4'
685.0064 	EXP 	vid1b: autoLog = True
685.0064 	EXP 	vid2: movie = 'stims/wedding-12.2b.mp4'
685.0064 	EXP 	vid2: autoLog = True
685.0064 	EXP 	vid3: movie = 'stims/wedding-12.3b.mp4'
685.0064 	EXP 	vid3: autoLog = True
685.0064 	EXP 	vid4: movie = 'stims/wedding-12.4b.mp4'
685.0064 	EXP 	vid4: autoLog = True
685.0064 	EXP 	vid5: movie = 'stims/wedding-12.5.mp4'
685.0064 	EXP 	vid5: autoLog = True
685.0064 	EXP 	vid1a: autoDraw = False
685.0064 	EXP 	vid1b: autoDraw = False
685.0064 	EXP 	vid2: autoDraw = False
685.0064 	EXP 	vid3: autoDraw = False
685.0064 	EXP 	vid4: autoDraw = False
685.0064 	EXP 	vid5: autoDraw = False
685.0064 	EXP 	vid1a_q: movie = 'stims/wedding-12.1a.mp4'
685.0064 	EXP 	vid1a_q: autoLog = True
685.0064 	EXP 	vid1b_q: movie = 'stims/wedding-12.1b.mp4'
685.0064 	EXP 	vid1b_q: autoLog = True
685.0064 	EXP 	vid2_q: movie = 'stims/wedding-12.2b.mp4'
685.0064 	EXP 	vid2_q: autoLog = True
685.0064 	EXP 	vid3_q: movie = 'stims/wedding-12.3b.mp4'
685.0064 	EXP 	vid3_q: autoLog = True
685.0064 	EXP 	vid4_q: movie = 'stims/wedding-12.4b.mp4'
685.0064 	EXP 	vid4_q: autoLog = True
685.0064 	EXP 	vid5_q: movie = 'stims/wedding-12.5.mp4'
685.0064 	EXP 	vid5_q: autoLog = True
687.6330 	EXP 	window1: recordFrameIntervals = False
689.7779 	DATA 	Keypress: equal
689.7853 	DATA 	Keypress: equal
689.7876 	DATA 	Keypress: equal
689.9896 	EXP 	vid1a_q: movie = 'stims/wedding-12.1a.mp4'
689.9896 	EXP 	vid1b_q: movie = 'stims/wedding-12.1b.mp4'
689.9896 	EXP 	vid2_q: movie = 'stims/wedding-12.2b.mp4'
689.9896 	EXP 	vid3_q: movie = 'stims/wedding-12.3b.mp4'
689.9896 	EXP 	vid4_q: movie = 'stims/wedding-12.4b.mp4'
689.9896 	EXP 	vid5_q: movie = 'stims/wedding-12.5.mp4'
690.0062 	EXP 	vid1a_q: autoDraw = True
690.8915 	DATA 	Keypress: equal
692.3915 	DATA 	Keypress: equal
693.8917 	DATA 	Keypress: equal
695.3916 	DATA 	Keypress: equal
696.8918 	DATA 	Keypress: equal
698.3915 	DATA 	Keypress: equal
699.8915 	DATA 	Keypress: equal
701.3915 	DATA 	Keypress: equal
702.8913 	DATA 	Keypress: equal
704.3913 	DATA 	Keypress: equal
705.8913 	DATA 	Keypress: equal
706.2726 	EXP 	vid1a_q: autoDraw = False
706.2892 	EXP 	vid1b_q: autoDraw = True
707.3913 	DATA 	Keypress: equal
708.8913 	DATA 	Keypress: equal
710.3911 	DATA 	Keypress: equal
711.8912 	DATA 	Keypress: equal
713.3914 	DATA 	Keypress: equal
714.8913 	DATA 	Keypress: equal
715.0559 	EXP 	Set vid1b_q finished
715.2892 	EXP 	vid2_q: autoDraw = True
716.3913 	DATA 	Keypress: equal
717.8912 	DATA 	Keypress: equal
719.3910 	DATA 	Keypress: equal
720.8911 	DATA 	Keypress: equal
722.3911 	DATA 	Keypress: equal
723.8910 	DATA 	Keypress: equal
725.3913 	DATA 	Keypress: equal
726.8913 	DATA 	Keypress: equal
728.3914 	DATA 	Keypress: equal
729.8909 	DATA 	Keypress: equal
731.3912 	DATA 	Keypress: equal
732.1723 	EXP 	Set vid2_q finished
732.2890 	EXP 	l2q: autoDraw = True
732.8909 	DATA 	Keypress: equal
733.4071 	DATA 	Keypress: 2
734.3923 	DATA 	Keypress: equal
735.8921 	DATA 	Keypress: equal
736.2723 	EXP 	l2q: autoDraw = False
736.2889 	EXP 	vid3_q: autoDraw = True
737.3924 	DATA 	Keypress: equal
738.8925 	DATA 	Keypress: equal
740.3921 	DATA 	Keypress: equal
741.8923 	DATA 	Keypress: equal
743.3924 	DATA 	Keypress: equal
744.8926 	DATA 	Keypress: equal
746.3925 	DATA 	Keypress: equal
747.8925 	DATA 	Keypress: equal
749.3926 	DATA 	Keypress: equal
750.8922 	DATA 	Keypress: equal
752.3926 	DATA 	Keypress: equal
753.8925 	DATA 	Keypress: equal
755.3844 	DATA 	Keypress: equal
756.8923 	DATA 	Keypress: equal
758.3922 	DATA 	Keypress: equal
759.2720 	EXP 	vid3_q: autoDraw = False
759.2886 	EXP 	l3q: autoDraw = True
759.8920 	DATA 	Keypress: equal
760.6080 	DATA 	Keypress: 2
761.3903 	DATA 	Keypress: equal
762.8906 	DATA 	Keypress: equal
763.2719 	EXP 	l3q: autoDraw = False
763.2885 	EXP 	vid4_q: autoDraw = True
764.3908 	DATA 	Keypress: equal
765.8906 	DATA 	Keypress: equal
767.3906 	DATA 	Keypress: equal
768.8906 	DATA 	Keypress: equal
770.3904 	DATA 	Keypress: equal
771.8905 	DATA 	Keypress: equal
773.3906 	DATA 	Keypress: equal
774.8904 	DATA 	Keypress: equal
776.4164 	DATA 	Keypress: equal
777.8904 	DATA 	Keypress: equal
779.3905 	DATA 	Keypress: equal
780.8903 	DATA 	Keypress: equal
782.3903 	DATA 	Keypress: equal
783.8906 	DATA 	Keypress: equal
785.3827 	DATA 	Keypress: equal
786.3383 	EXP 	Set vid4_q finished
786.8902 	DATA 	Keypress: equal
787.2883 	EXP 	vid5_q: autoDraw = True
788.3903 	DATA 	Keypress: equal
789.8990 	DATA 	Keypress: equal
791.3901 	DATA 	Keypress: equal
792.8903 	DATA 	Keypress: equal
794.3902 	DATA 	Keypress: equal
795.8901 	DATA 	Keypress: equal
797.3809 	DATA 	Keypress: equal
798.8811 	DATA 	Keypress: equal
799.3715 	EXP 	Set vid5_q finished
799.6436 	EXP 	window1: recordFrameIntervals = False
799.6548 	EXP 	vid1a_q: autoDraw = False
799.6548 	EXP 	vid1b_q: autoDraw = False
799.6548 	EXP 	vid2_q: autoDraw = False
799.6548 	EXP 	l2q: autoDraw = False
799.6548 	EXP 	vid3_q: autoDraw = False
799.6548 	EXP 	l3q: autoDraw = False
799.6548 	EXP 	vid4_q: autoDraw = False
799.6548 	EXP 	vid5_q: autoDraw = False
799.8456 	EXP 	window1: recordFrameIntervals = False
801.4299 	DATA 	Keypress: equal
801.6549 	EXP 	eggPainting1: image = 'stimsday1details/painting12.png'
801.6549 	EXP 	eggPainting2: image = 'stimsday1details/newpainting4.png'
801.6549 	EXP 	character1: image = 'stimsday1details/couple12.png'
801.6549 	EXP 	character2: image = 'stimsday1details/newperson16.png'
801.6549 	EXP 	gift1: image = 'stimsday1details/gift12.png'
801.6549 	EXP 	gift2: image = 'stimsday1details/new16.png'
801.6549 	EXP 	themeQ1: image = 'stimsday1details/t12.png'
801.6549 	EXP 	themeQ2: image = 'stimsday1details/ct12.png'
801.6549 	EXP 	nameQ1: image = 'stimsday1details/n12.png'
801.6549 	EXP 	nameQ2: image = 'stimsday1details/cn12.png'
801.6549 	EXP 	nameQ1: autoDraw = True
801.6549 	EXP 	nameQ2: autoDraw = True
801.8902 	DATA 	Keypress: equal
803.3897 	DATA 	Keypress: equal
803.6381 	EXP 	nameQ1: autoDraw = False
803.6381 	EXP 	nameQ2: autoDraw = False
803.6381 	EXP 	nameQ1: autoDraw = False
803.6381 	EXP 	nameQ2: autoDraw = False
803.6381 	EXP 	eggPainting1: autoDraw = True
803.6381 	EXP 	eggPainting2: autoDraw = True
804.8898 	DATA 	Keypress: equal
805.6381 	EXP 	eggPainting1: autoDraw = False
805.6381 	EXP 	eggPainting2: autoDraw = False
805.6381 	EXP 	eggPainting1: autoDraw = False
805.6381 	EXP 	eggPainting2: autoDraw = False
805.6381 	EXP 	character1: autoDraw = True
805.6381 	EXP 	character2: autoDraw = True
806.3896 	DATA 	Keypress: equal
807.6381 	EXP 	character1: autoDraw = False
807.6381 	EXP 	character2: autoDraw = False
807.6381 	EXP 	character1: autoDraw = False
807.6381 	EXP 	character2: autoDraw = False
807.6381 	EXP 	themeQ1: autoDraw = True
807.6381 	EXP 	themeQ2: autoDraw = True
807.8898 	DATA 	Keypress: equal
809.3895 	DATA 	Keypress: equal
809.6380 	EXP 	themeQ1: autoDraw = False
809.6380 	EXP 	themeQ2: autoDraw = False
809.6380 	EXP 	themeQ1: autoDraw = False
809.6380 	EXP 	themeQ2: autoDraw = False
809.6380 	EXP 	gift1: autoDraw = True
809.6380 	EXP 	gift2: autoDraw = True
810.8897 	DATA 	Keypress: equal
811.6380 	EXP 	gift1: autoDraw = False
811.6380 	EXP 	gift2: autoDraw = False
811.6380 	EXP 	gift1: autoDraw = False
811.6380 	EXP 	gift2: autoDraw = False
811.6380 	EXP 	northorsouth1: autoDraw = True
811.6380 	EXP 	northorsouth2: autoDraw = True
812.3897 	DATA 	Keypress: equal
814.1133 	DATA 	Keypress: equal
814.1213 	EXP 	northorsouth1: autoDraw = False
814.1213 	EXP 	northorsouth2: autoDraw = False
814.1213 	EXP 	northorsouth1: autoDraw = False
814.1213 	EXP 	northorsouth2: autoDraw = False
814.4277 	EXP 	window1: mouseVisible = True
