1.8134 	WARNING 	Import Error: No module named 'psychtoolbox'. Using event module for keyboard component.
6.3434 	EXP 	Created window1 = Window(allowGUI=False, allowStencil=False, args=UNKNOWN, autoLog=True, bitsMode=UNKNOWN, blendMode='avg', color=array([0., 0., 0.]), colorSpace='rgb', fullscr=<method-wrapper '__getattribute__' of attributeSetter object at 0x132bb71320>, gamma=None, kwargs=UNKNOWN, lms=UNKNOWN, monitor=<psychopy.monitors.calibTools.Monitor object at 0x132d7b8ba8>, multiSample=False, name='window1', numSamples=2, pos=[0.0, 0.0], screen=0, size=array([1920, 1080]), stereo=False, units='norm', useFBO=True, useRetina=False, viewOri=0.0, viewPos=None, viewScale=None, waitBlanking=True, winType='pyglet')
6.3435 	EXP 	window1: recordFrameIntervals = False
6.5093 	EXP 	window1: recordFrameIntervals = True
6.6929 	EXP 	window1: recordFrameIntervals = False
6.8161 	EXP 	Created text = TextStim(__class__=<class 'psychopy.visual.text.TextStim'>, alignHoriz='center', alignVert='center', antialias=True, autoLog=True, bold=False, color='white', colorSpace='named', contrast=1.0, depth=0.0, flipHoriz=False, flipVert=False, font='Arial', fontFiles=[], height=0.1, italic=False, languageStyle='LTR', name='text', opacity=1.0, ori=0, pos=array([0., 0.]), rgb=array([255., 255., 255.]), text='Waiting for experimenter...', units='norm', win=Window(...), wrapWidth=1)
6.8256 	EXP 	Created waiting = TextStim(__class__=<class 'psychopy.visual.text.TextStim'>, alignHoriz='center', alignVert='center', antialias=True, autoLog=True, bold=False, color='white', colorSpace='named', contrast=1.0, depth=0.0, flipHoriz=False, flipVert=False, font='Arial', fontFiles=[], height=0.1, italic=False, languageStyle='LTR', name='waiting', opacity=1.0, ori=0, pos=array([0., 0.]), rgb=array([255., 255., 255.]), text='waiting for scanner', units='norm', win=Window(...), wrapWidth=1)
6.8461 	EXP 	Created image_2 = ImageStim(__class__=<class 'psychopy.visual.image.ImageStim'>, autoLog=True, color=array([1., 1., 1.]), colorSpace='rgb', contrast=1.0, depth=0.0, flipHoriz=False, flipVert=False, image='south.png', interpolate=True, mask=None, maskParams=None, name='image_2', opacity=1.0, ori=0.0, pos=array([0., 0.]), size=array([0.5, 0.5]), texRes=128, units='norm', win=Window(...))
6.8517 	EXP 	Created image = ImageStim(__class__=<class 'psychopy.visual.image.ImageStim'>, autoLog=True, color=array([1., 1., 1.]), colorSpace='rgb', contrast=1.0, depth=-8.0, flipHoriz=False, flipVert=False, image='sin', interpolate=True, mask=None, maskParams=None, name='image', opacity=1.0, ori=0.0, pos=array([0., 0.]), size=array([0.5, 0.5]), texRes=128, units='norm', win=Window(...))
6.8627 	EXP 	Created l2q = ImageStim(__class__=<class 'psychopy.visual.image.ImageStim'>, autoLog=True, color=array([1., 1., 1.]), colorSpace='rgb', contrast=1.0, depth=-4.0, flipHoriz=False, flipVert=False, image='LAYER2Q.png', interpolate=True, mask=None, maskParams=None, name='l2q', opacity=1.0, ori=0.0, pos=array([0., 0.]), size=array([0.5, 0.5]), texRes=128, units='norm', win=Window(...))
6.8735 	EXP 	Created l3q = ImageStim(__class__=<class 'psychopy.visual.image.ImageStim'>, autoLog=True, color=array([1., 1., 1.]), colorSpace='rgb', contrast=1.0, depth=-6.0, flipHoriz=False, flipVert=False, image='LAYER3Q.png', interpolate=True, mask=None, maskParams=None, name='l3q', opacity=1.0, ori=0.0, pos=array([0., 0.]), size=array([0.5, 0.5]), texRes=128, units='norm', win=Window(...))
6.8759 	EXP 	Created reveal = ImageStim(__class__=<class 'psychopy.visual.image.ImageStim'>, autoLog=True, color=array([1., 1., 1.]), colorSpace='rgb', contrast=1.0, depth=-12.0, flipHoriz=False, flipVert=False, image='sin', interpolate=True, mask=None, maskParams=None, name='reveal', opacity=1.0, ori=0.0, pos=array([0., 0.]), size=array([0.5, 0.5]), texRes=128, units='norm', win=Window(...))
6.8783 	EXP 	Created nameQ1 = ImageStim(__class__=<class 'psychopy.visual.image.ImageStim'>, autoLog=True, color=array([1., 1., 1.]), colorSpace='rgb', contrast=1.0, depth=-1.0, flipHoriz=False, flipVert=False, image='sin', interpolate=True, mask=None, maskParams=None, name='nameQ1', opacity=1.0, ori=0.0, pos=array([-0.5, -0.2]), size=array([0.5, 0.5]), texRes=128, units='norm', win=Window(...))
6.8806 	EXP 	Created nameQ2 = ImageStim(__class__=<class 'psychopy.visual.image.ImageStim'>, autoLog=True, color=array([1., 1., 1.]), colorSpace='rgb', contrast=1.0, depth=-2.0, flipHoriz=False, flipVert=False, image='sin', interpolate=True, mask=None, maskParams=None, name='nameQ2', opacity=1.0, ori=0.0, pos=array([ 0.5, -0.2]), size=array([0.5, 0.5]), texRes=128, units='norm', win=Window(...))
6.8830 	EXP 	Created eggPainting1 = ImageStim(__class__=<class 'psychopy.visual.image.ImageStim'>, autoLog=True, color=array([1., 1., 1.]), colorSpace='rgb', contrast=1.0, depth=0.0, flipHoriz=False, flipVert=False, image='sin', interpolate=True, mask=None, maskParams=None, name='eggPainting1', opacity=1.0, ori=0.0, pos=array([-0.5, -0.2]), size=array([0.7, 1. ]), texRes=128, units='norm', win=Window(...))
6.8854 	EXP 	Created eggPainting2 = ImageStim(__class__=<class 'psychopy.visual.image.ImageStim'>, autoLog=True, color=array([1., 1., 1.]), colorSpace='rgb', contrast=1.0, depth=-2.0, flipHoriz=False, flipVert=False, image='sin', interpolate=True, mask=None, maskParams=None, name='eggPainting2', opacity=1.0, ori=0.0, pos=array([ 0.5, -0.2]), size=array([0.7, 1. ]), texRes=128, units='norm', win=Window(...))
6.8884 	EXP 	Created character1 = ImageStim(__class__=<class 'psychopy.visual.image.ImageStim'>, autoLog=True, color=array([1., 1., 1.]), colorSpace='rgb', contrast=1.0, depth=0.0, flipHoriz=False, flipVert=False, image='sin', interpolate=True, mask=None, maskParams=None, name='character1', opacity=1.0, ori=0.0, pos=array([-0.5, -0.2]), size=array([0.5, 1. ]), texRes=128, units='norm', win=Window(...))
6.8915 	EXP 	Created character2 = ImageStim(__class__=<class 'psychopy.visual.image.ImageStim'>, autoLog=True, color=array([1., 1., 1.]), colorSpace='rgb', contrast=1.0, depth=-1.0, flipHoriz=False, flipVert=False, image='sin', interpolate=True, mask=None, maskParams=None, name='character2', opacity=1.0, ori=0.0, pos=array([ 0.5, -0.2]), size=array([0.5, 1. ]), texRes=128, units='norm', win=Window(...))
6.8945 	EXP 	Created themeQ1 = ImageStim(__class__=<class 'psychopy.visual.image.ImageStim'>, autoLog=True, color=array([1., 1., 1.]), colorSpace='rgb', contrast=1.0, depth=-1.0, flipHoriz=False, flipVert=False, image='sin', interpolate=True, mask=None, maskParams=None, name='themeQ1', opacity=1.0, ori=0.0, pos=array([-0.5, -0.2]), size=array([0.5, 0.5]), texRes=128, units='norm', win=Window(...))
6.8970 	EXP 	Created themeQ2 = ImageStim(__class__=<class 'psychopy.visual.image.ImageStim'>, autoLog=True, color=array([1., 1., 1.]), colorSpace='rgb', contrast=1.0, depth=-2.0, flipHoriz=False, flipVert=False, image='sin', interpolate=True, mask=None, maskParams=None, name='themeQ2', opacity=1.0, ori=0.0, pos=array([ 0.5, -0.2]), size=array([0.5, 0.5]), texRes=128, units='norm', win=Window(...))
6.8993 	EXP 	Created gift1 = ImageStim(__class__=<class 'psychopy.visual.image.ImageStim'>, autoLog=True, color=array([1., 1., 1.]), colorSpace='rgb', contrast=1.0, depth=0.0, flipHoriz=False, flipVert=False, image='sin', interpolate=True, mask=None, maskParams=None, name='gift1', opacity=1.0, ori=0.0, pos=array([-0.5, -0.2]), size=array([0.5, 0.5]), texRes=128, units='norm', win=Window(...))
6.9017 	EXP 	Created gift2 = ImageStim(__class__=<class 'psychopy.visual.image.ImageStim'>, autoLog=True, color=array([1., 1., 1.]), colorSpace='rgb', contrast=1.0, depth=-1.0, flipHoriz=False, flipVert=False, image='sin', interpolate=True, mask=None, maskParams=None, name='gift2', opacity=1.0, ori=0.0, pos=array([ 0.5, -0.2]), size=array([0.5, 0.5]), texRes=128, units='norm', win=Window(...))
6.9056 	EXP 	Created northorsouth1 = ImageStim(__class__=<class 'psychopy.visual.image.ImageStim'>, autoLog=True, color=array([1., 1., 1.]), colorSpace='rgb', contrast=1.0, depth=0.0, flipHoriz=False, flipVert=False, image='northorsouth1.png', interpolate=True, mask=None, maskParams=None, name='northorsouth1', opacity=1.0, ori=0.0, pos=array([-0.5, -0.2]), size=array([0.5, 0.5]), texRes=128, units='norm', win=Window(...))
6.9092 	EXP 	Created northorsouth2 = ImageStim(__class__=<class 'psychopy.visual.image.ImageStim'>, autoLog=True, color=array([1., 1., 1.]), colorSpace='rgb', contrast=1.0, depth=-2.0, flipHoriz=False, flipVert=False, image='northorsouth2.png', interpolate=True, mask=None, maskParams=None, name='northorsouth2', opacity=1.0, ori=0.0, pos=array([ 0.5, -0.2]), size=array([0.5, 0.5]), texRes=128, units='norm', win=Window(...))
6.9253 	EXP 	text: autoDraw = True
8.1001 	DATA 	Keypress: g
8.1088 	EXP 	text: autoDraw = False
8.1088 	EXP 	waiting: autoDraw = True
27.4769 	DATA 	Keypress: equal
27.4888 	EXP 	Imported chooseBlock4.csv as conditions, 6 conditions, 1 params
27.4893 	EXP 	Created sequence: random, trialTypes=6, nReps=1, seed=None
27.4897 	EXP 	New trial (rep=0, index=0): OrderedDict([('condsFile', 'videoBlock_schemaS_pathB_6.csv')])
27.4992 	EXP 	Imported videoBlock_schemaS_pathB_6.csv as conditions, 1 conditions, 17 params
27.4996 	EXP 	Created sequence: random, trialTypes=1, nReps=1, seed=None
27.5003 	EXP 	New trial (rep=0, index=0): OrderedDict([('northOrSouth', 'south.png'), ('stimFile1a', 'stims/wedding-37.1a.mp4'), ('stimFile1b', 'stims/wedding-37.1b.mp4'), ('stimFile2', 'stims/wedding-37.2b.mp4'), ('stimFile3', 'stims/wedding-37.3a.mp4'), ('stimFile4', 'stims/wedding-37.4b.mp4'), ('stimFile5', 'stims/wedding-37.5.mp4'), ('QeggPainting1', 'stimsday1details/painting37.png'), ('Qcharacter1', 'stimsday1details/couple37.png'), ('Qgift1', 'stimsday1details/gift37.png'), ('QeggPainting2', 'stimsday1details/newpainting12.png'), ('Qcharacter2', 'stimsday1details/newperson24.png'), ('Qgift2', 'stimsday1details/new24.png'), ('Qname1', 'stimsday1details/n37.png'), ('Qtheme1', 'stimsday1details/t37.png'), ('Qname2', 'stimsday1details/cn37.png'), ('Qtheme2', 'stimsday1details/ct37.png')])
27.5120 	EXP 	waiting: autoDraw = False
27.5120 	EXP 	image_2: autoDraw = True
28.9770 	DATA 	Keypress: equal
29.4958 	EXP 	Created sequence: random, trialTypes=1, nReps=1, seed=None
29.4961 	EXP 	New trial (rep=0, index=0): None
30.0896 	EXP 	Created vid1a = MovieStim3(__class__=<class 'psychopy.visual.movie3.MovieStim3'>, autoLog=True, color=UNKNOWN, colorSpace=UNKNOWN, depth=-1.0, filename='stims/wedding-37.1a.mp4', flipHoriz=False, flipVert=False, fps=UNKNOWN, interpolate=True, loop=False, name='vid1a', noAudio=False, opacity=1.0, ori=0, pos=array([0., 0.]), size=array([1280.,  720.]), units='pix', vframe_callback=UNKNOWN, volume=UNKNOWN, win=Window(...))
30.4628 	EXP 	Created vid1b = MovieStim3(__class__=<class 'psychopy.visual.movie3.MovieStim3'>, autoLog=True, color=UNKNOWN, colorSpace=UNKNOWN, depth=-2.0, filename='stims/wedding-37.1b.mp4', flipHoriz=False, flipVert=False, fps=UNKNOWN, interpolate=True, loop=False, name='vid1b', noAudio=False, opacity=1.0, ori=0, pos=array([0., 0.]), size=array([1280.,  720.]), units='pix', vframe_callback=UNKNOWN, volume=UNKNOWN, win=Window(...))
30.8701 	EXP 	Created vid2 = MovieStim3(__class__=<class 'psychopy.visual.movie3.MovieStim3'>, autoLog=True, color=UNKNOWN, colorSpace=UNKNOWN, depth=-3.0, filename='stims/wedding-37.2b.mp4', flipHoriz=False, flipVert=False, fps=UNKNOWN, interpolate=True, loop=False, name='vid2', noAudio=False, opacity=1.0, ori=0, pos=array([0., 0.]), size=array([1280.,  720.]), units='pix', vframe_callback=UNKNOWN, volume=UNKNOWN, win=Window(...))
31.3295 	EXP 	Created vid3 = MovieStim3(__class__=<class 'psychopy.visual.movie3.MovieStim3'>, autoLog=True, color=UNKNOWN, colorSpace=UNKNOWN, depth=-4.0, filename='stims/wedding-37.3a.mp4', flipHoriz=False, flipVert=False, fps=UNKNOWN, interpolate=True, loop=False, name='vid3', noAudio=False, opacity=1.0, ori=0, pos=array([0., 0.]), size=array([1280.,  720.]), units='pix', vframe_callback=UNKNOWN, volume=UNKNOWN, win=Window(...))
31.7965 	EXP 	Created vid4 = MovieStim3(__class__=<class 'psychopy.visual.movie3.MovieStim3'>, autoLog=True, color=UNKNOWN, colorSpace=UNKNOWN, depth=-5.0, filename='stims/wedding-37.4b.mp4', flipHoriz=False, flipVert=False, fps=UNKNOWN, interpolate=True, loop=False, name='vid4', noAudio=False, opacity=1.0, ori=0, pos=array([0., 0.]), size=array([1280.,  720.]), units='pix', vframe_callback=UNKNOWN, volume=UNKNOWN, win=Window(...))
32.1957 	EXP 	Created vid5 = MovieStim3(__class__=<class 'psychopy.visual.movie3.MovieStim3'>, autoLog=True, color=UNKNOWN, colorSpace=UNKNOWN, depth=-6.0, filename='stims/wedding-37.5.mp4', flipHoriz=False, flipVert=False, fps=UNKNOWN, interpolate=True, loop=False, name='vid5', noAudio=False, opacity=1.0, ori=0, pos=array([0., 0.]), size=array([1280.,  720.]), units='pix', vframe_callback=UNKNOWN, volume=UNKNOWN, win=Window(...))
32.2404 	EXP 	Created sequence: random, trialTypes=1, nReps=1, seed=None
32.2408 	EXP 	New trial (rep=0, index=0): None
32.7184 	EXP 	Created vid1a_q = MovieStim3(__class__=<class 'psychopy.visual.movie3.MovieStim3'>, autoLog=True, color=UNKNOWN, colorSpace=UNKNOWN, depth=-1.0, filename='stims/wedding-37.1a.mp4', flipHoriz=False, flipVert=False, fps=UNKNOWN, interpolate=True, loop=False, name='vid1a_q', noAudio=False, opacity=1.0, ori=0, pos=array([0., 0.]), size=array([1280.,  720.]), units='pix', vframe_callback=UNKNOWN, volume=UNKNOWN, win=Window(...))
33.0849 	EXP 	Created vid1b_q = MovieStim3(__class__=<class 'psychopy.visual.movie3.MovieStim3'>, autoLog=True, color=UNKNOWN, colorSpace=UNKNOWN, depth=-2.0, filename='stims/wedding-37.1b.mp4', flipHoriz=False, flipVert=False, fps=UNKNOWN, interpolate=True, loop=False, name='vid1b_q', noAudio=False, opacity=1.0, ori=0, pos=array([0., 0.]), size=array([1280.,  720.]), units='pix', vframe_callback=UNKNOWN, volume=UNKNOWN, win=Window(...))
33.4886 	EXP 	Created vid2_q = MovieStim3(__class__=<class 'psychopy.visual.movie3.MovieStim3'>, autoLog=True, color=UNKNOWN, colorSpace=UNKNOWN, depth=-3.0, filename='stims/wedding-37.2b.mp4', flipHoriz=False, flipVert=False, fps=UNKNOWN, interpolate=True, loop=False, name='vid2_q', noAudio=False, opacity=1.0, ori=0, pos=array([0., 0.]), size=array([1280.,  720.]), units='pix', vframe_callback=UNKNOWN, volume=UNKNOWN, win=Window(...))
33.9431 	EXP 	Created vid3_q = MovieStim3(__class__=<class 'psychopy.visual.movie3.MovieStim3'>, autoLog=True, color=UNKNOWN, colorSpace=UNKNOWN, depth=-5.0, filename='stims/wedding-37.3a.mp4', flipHoriz=False, flipVert=False, fps=UNKNOWN, interpolate=True, loop=False, name='vid3_q', noAudio=False, opacity=1.0, ori=0, pos=array([0., 0.]), size=array([1280.,  720.]), units='pix', vframe_callback=UNKNOWN, volume=UNKNOWN, win=Window(...))
34.4015 	EXP 	Created vid4_q = MovieStim3(__class__=<class 'psychopy.visual.movie3.MovieStim3'>, autoLog=True, color=UNKNOWN, colorSpace=UNKNOWN, depth=-7.0, filename='stims/wedding-37.4b.mp4', flipHoriz=False, flipVert=False, fps=UNKNOWN, interpolate=True, loop=False, name='vid4_q', noAudio=False, opacity=1.0, ori=0, pos=array([0., 0.]), size=array([1280.,  720.]), units='pix', vframe_callback=UNKNOWN, volume=UNKNOWN, win=Window(...))
34.7898 	EXP 	Created vid5_q = MovieStim3(__class__=<class 'psychopy.visual.movie3.MovieStim3'>, autoLog=True, color=UNKNOWN, colorSpace=UNKNOWN, depth=-8.0, filename='stims/wedding-37.5.mp4', flipHoriz=False, flipVert=False, fps=UNKNOWN, interpolate=True, loop=False, name='vid5_q', noAudio=False, opacity=1.0, ori=0, pos=array([0., 0.]), size=array([1280.,  720.]), units='pix', vframe_callback=UNKNOWN, volume=UNKNOWN, win=Window(...))
34.7904 	EXP 	window1: recordFrameIntervals = False
34.7942 	DATA 	Keypress: equal
34.7965 	DATA 	Keypress: equal
34.7987 	DATA 	Keypress: equal
34.8089 	EXP 	image_2: autoDraw = False
34.8089 	EXP 	vid1a: movie = 'stims/wedding-37.1a.mp4'
34.8089 	EXP 	vid1a: autoLog = True
34.8089 	EXP 	vid1b: movie = 'stims/wedding-37.1b.mp4'
34.8089 	EXP 	vid1b: autoLog = True
34.8089 	EXP 	vid2: movie = 'stims/wedding-37.2b.mp4'
34.8089 	EXP 	vid2: autoLog = True
34.8089 	EXP 	vid3: movie = 'stims/wedding-37.3a.mp4'
34.8089 	EXP 	vid3: autoLog = True
34.8089 	EXP 	vid4: movie = 'stims/wedding-37.4b.mp4'
34.8089 	EXP 	vid4: autoLog = True
34.8089 	EXP 	vid5: movie = 'stims/wedding-37.5.mp4'
34.8089 	EXP 	vid5: autoLog = True
34.8089 	EXP 	vid1a: autoDraw = False
34.8089 	EXP 	vid1b: autoDraw = False
34.8089 	EXP 	vid2: autoDraw = False
34.8089 	EXP 	vid3: autoDraw = False
34.8089 	EXP 	vid4: autoDraw = False
34.8089 	EXP 	vid5: autoDraw = False
34.8089 	EXP 	image: autoDraw = False
34.8089 	EXP 	vid1a_q: movie = 'stims/wedding-37.1a.mp4'
34.8089 	EXP 	vid1a_q: autoLog = True
34.8089 	EXP 	vid1b_q: movie = 'stims/wedding-37.1b.mp4'
34.8089 	EXP 	vid1b_q: autoLog = True
34.8089 	EXP 	vid2_q: movie = 'stims/wedding-37.2b.mp4'
34.8089 	EXP 	vid2_q: autoLog = True
34.8089 	EXP 	vid3_q: movie = 'stims/wedding-37.3a.mp4'
34.8089 	EXP 	vid3_q: autoLog = True
34.8089 	EXP 	vid4_q: movie = 'stims/wedding-37.4b.mp4'
34.8089 	EXP 	vid4_q: autoLog = True
34.8089 	EXP 	vid5_q: movie = 'stims/wedding-37.5.mp4'
34.8089 	EXP 	vid5_q: autoLog = True
37.3930 	EXP 	window1: recordFrameIntervals = False
39.0785 	DATA 	Keypress: equal
39.0812 	DATA 	Keypress: equal
39.0833 	DATA 	Keypress: equal
39.2922 	EXP 	vid1a_q: movie = 'stims/wedding-37.1a.mp4'
39.2922 	EXP 	vid1b_q: movie = 'stims/wedding-37.1b.mp4'
39.2922 	EXP 	vid2_q: movie = 'stims/wedding-37.2b.mp4'
39.2922 	EXP 	vid3_q: movie = 'stims/wedding-37.3a.mp4'
39.2922 	EXP 	vid4_q: movie = 'stims/wedding-37.4b.mp4'
39.2922 	EXP 	vid5_q: movie = 'stims/wedding-37.5.mp4'
39.2922 	EXP 	reveal: image = 'south.png'
39.3088 	EXP 	vid1a_q: autoDraw = True
39.3088 	EXP 	reveal: autoDraw = True
39.3088 	EXP 	reveal: autoDraw = False
39.4812 	DATA 	Keypress: equal
40.9816 	DATA 	Keypress: equal
42.4771 	DATA 	Keypress: equal
43.9771 	DATA 	Keypress: equal
45.4820 	DATA 	Keypress: equal
46.9764 	DATA 	Keypress: equal
48.4777 	DATA 	Keypress: equal
49.9778 	DATA 	Keypress: equal
51.4771 	DATA 	Keypress: equal
52.9679 	DATA 	Keypress: equal
54.4727 	DATA 	Keypress: equal
55.9714 	DATA 	Keypress: equal
57.4684 	DATA 	Keypress: equal
58.9682 	DATA 	Keypress: equal
60.4697 	DATA 	Keypress: equal
61.9706 	DATA 	Keypress: equal
62.0584 	EXP 	Set vid1a_q finished
62.2574 	EXP 	vid1b_q: autoDraw = True
63.4770 	DATA 	Keypress: equal
64.9774 	DATA 	Keypress: equal
66.4727 	DATA 	Keypress: equal
67.9774 	DATA 	Keypress: equal
69.4683 	DATA 	Keypress: equal
70.6912 	EXP 	Set vid1b_q finished
70.9772 	DATA 	Keypress: equal
71.2754 	EXP 	vid2_q: autoDraw = True
72.4761 	DATA 	Keypress: equal
73.9791 	DATA 	Keypress: equal
75.4787 	DATA 	Keypress: equal
76.9787 	DATA 	Keypress: equal
78.4795 	DATA 	Keypress: equal
79.9763 	DATA 	Keypress: equal
81.4769 	DATA 	Keypress: equal
82.9669 	DATA 	Keypress: equal
84.4769 	DATA 	Keypress: equal
85.9726 	DATA 	Keypress: equal
87.4675 	DATA 	Keypress: equal
87.9241 	EXP 	Set vid2_q finished
88.2573 	EXP 	l2q: autoDraw = True
89.0005 	DATA 	Keypress: equal
89.2971 	DATA 	Keypress: 1
90.4755 	DATA 	Keypress: equal
91.9766 	DATA 	Keypress: equal
92.2612 	EXP 	l2q: autoDraw = False
92.2749 	EXP 	vid3_q: autoDraw = True
93.4769 	DATA 	Keypress: equal
94.9764 	DATA 	Keypress: equal
96.4766 	DATA 	Keypress: equal
97.9722 	DATA 	Keypress: equal
99.4684 	DATA 	Keypress: equal
100.9677 	DATA 	Keypress: equal
102.4676 	DATA 	Keypress: equal
103.9664 	DATA 	Keypress: equal
105.4720 	DATA 	Keypress: equal
106.9724 	DATA 	Keypress: equal
108.4673 	DATA 	Keypress: equal
109.9769 	DATA 	Keypress: equal
111.4707 	DATA 	Keypress: equal
112.9669 	DATA 	Keypress: equal
114.4714 	DATA 	Keypress: equal
115.1735 	EXP 	Set vid3_q finished
115.2580 	EXP 	l3q: autoDraw = True
115.9756 	DATA 	Keypress: 2
115.9772 	DATA 	Keypress: equal
117.4763 	DATA 	Keypress: equal
118.9753 	DATA 	Keypress: equal
119.2575 	EXP 	l3q: autoDraw = False
119.2575 	EXP 	vid4_q: autoDraw = True
120.4660 	DATA 	Keypress: equal
121.9678 	DATA 	Keypress: equal
123.4670 	DATA 	Keypress: equal
124.9796 	DATA 	Keypress: equal
126.4808 	DATA 	Keypress: equal
127.9763 	DATA 	Keypress: equal
129.4758 	DATA 	Keypress: equal
130.9812 	DATA 	Keypress: equal
132.4762 	DATA 	Keypress: equal
133.9798 	DATA 	Keypress: equal
135.4753 	DATA 	Keypress: equal
136.9652 	DATA 	Keypress: equal
138.4803 	DATA 	Keypress: equal
140.0064 	DATA 	Keypress: equal
141.4665 	DATA 	Keypress: equal
142.8902 	EXP 	Set vid4_q finished
142.9765 	DATA 	Keypress: equal
143.2732 	EXP 	vid5_q: autoDraw = True
144.4805 	DATA 	Keypress: equal
145.9755 	DATA 	Keypress: equal
147.4757 	DATA 	Keypress: equal
148.9661 	DATA 	Keypress: equal
150.4666 	DATA 	Keypress: equal
151.9706 	DATA 	Keypress: equal
153.4660 	DATA 	Keypress: equal
154.9656 	DATA 	Keypress: equal
155.6897 	EXP 	Set vid5_q finished
155.8338 	EXP 	window1: recordFrameIntervals = False
155.8409 	EXP 	vid1a_q: autoDraw = False
155.8409 	EXP 	vid1b_q: autoDraw = False
155.8409 	EXP 	vid2_q: autoDraw = False
155.8409 	EXP 	l2q: autoDraw = False
155.8409 	EXP 	vid3_q: autoDraw = False
155.8409 	EXP 	l3q: autoDraw = False
155.8409 	EXP 	vid4_q: autoDraw = False
155.8409 	EXP 	vid5_q: autoDraw = False
155.8409 	EXP 	reveal: autoDraw = False
156.0190 	EXP 	window1: recordFrameIntervals = False
157.6205 	DATA 	Keypress: equal
157.8397 	EXP 	eggPainting1: image = 'stimsday1details/painting37.png'
157.8397 	EXP 	eggPainting2: image = 'stimsday1details/newpainting12.png'
157.8397 	EXP 	character1: image = 'stimsday1details/couple37.png'
157.8397 	EXP 	character2: image = 'stimsday1details/newperson24.png'
157.8397 	EXP 	gift1: image = 'stimsday1details/gift37.png'
157.8397 	EXP 	gift2: image = 'stimsday1details/new24.png'
157.8397 	EXP 	themeQ1: image = 'stimsday1details/t37.png'
157.8397 	EXP 	themeQ2: image = 'stimsday1details/ct37.png'
157.8397 	EXP 	nameQ1: image = 'stimsday1details/n37.png'
157.8397 	EXP 	nameQ2: image = 'stimsday1details/cn37.png'
157.8397 	EXP 	nameQ1: autoDraw = True
157.8397 	EXP 	nameQ2: autoDraw = True
157.9751 	DATA 	Keypress: equal
158.6582 	DATA 	Keypress: 1
159.4748 	DATA 	Keypress: equal
159.8393 	EXP 	nameQ1: autoDraw = False
159.8393 	EXP 	nameQ2: autoDraw = False
159.8393 	EXP 	nameQ1: autoDraw = False
159.8393 	EXP 	nameQ2: autoDraw = False
159.8393 	EXP 	eggPainting1: autoDraw = True
159.8393 	EXP 	eggPainting2: autoDraw = True
160.5749 	DATA 	Keypress: 1
160.9636 	DATA 	Keypress: equal
161.8400 	EXP 	eggPainting1: autoDraw = False
161.8400 	EXP 	eggPainting2: autoDraw = False
161.8400 	EXP 	eggPainting1: autoDraw = False
161.8400 	EXP 	eggPainting2: autoDraw = False
161.8400 	EXP 	character1: autoDraw = True
161.8400 	EXP 	character2: autoDraw = True
162.4756 	DATA 	Keypress: equal
162.6587 	DATA 	Keypress: 1
163.8393 	EXP 	character1: autoDraw = False
163.8393 	EXP 	character2: autoDraw = False
163.8393 	EXP 	character1: autoDraw = False
163.8393 	EXP 	character2: autoDraw = False
163.8393 	EXP 	themeQ1: autoDraw = True
163.8393 	EXP 	themeQ2: autoDraw = True
163.9750 	DATA 	Keypress: equal
164.8248 	DATA 	Keypress: 1
165.4748 	DATA 	Keypress: equal
165.8399 	EXP 	themeQ1: autoDraw = False
165.8399 	EXP 	themeQ2: autoDraw = False
165.8399 	EXP 	themeQ1: autoDraw = False
165.8399 	EXP 	themeQ2: autoDraw = False
165.8399 	EXP 	gift1: autoDraw = True
165.8399 	EXP 	gift2: autoDraw = True
166.5797 	DATA 	Keypress: 1
166.9786 	DATA 	Keypress: equal
167.8396 	EXP 	gift1: autoDraw = False
167.8396 	EXP 	gift2: autoDraw = False
167.8396 	EXP 	gift1: autoDraw = False
167.8396 	EXP 	gift2: autoDraw = False
167.8396 	EXP 	northorsouth1: autoDraw = True
167.8396 	EXP 	northorsouth2: autoDraw = True
168.4290 	DATA 	Keypress: 2
168.4794 	DATA 	Keypress: equal
170.0062 	EXP 	New trial (rep=0, index=1): OrderedDict([('condsFile', 'videoBlock_schemaS_pathB_5.csv')])
170.0185 	EXP 	Imported videoBlock_schemaS_pathB_5.csv as conditions, 1 conditions, 17 params
170.0190 	EXP 	Created sequence: random, trialTypes=1, nReps=1, seed=None
170.0197 	EXP 	New trial (rep=0, index=0): OrderedDict([('northOrSouth', 'south.png'), ('stimFile1a', 'stims/wedding-31.1a.mp4'), ('stimFile1b', 'stims/wedding-31.1b.mp4'), ('stimFile2', 'stims/wedding-31.2b.mp4'), ('stimFile3', 'stims/wedding-31.3a.mp4'), ('stimFile4', 'stims/wedding-31.4b.mp4'), ('stimFile5', 'stims/wedding-31.5.mp4'), ('QeggPainting1', 'stimsday1details/painting31.png'), ('Qcharacter1', 'stimsday1details/couple31.png'), ('Qgift1', 'stimsday1details/gift31.png'), ('QeggPainting2', 'stimsday1details/newpainting11.png'), ('Qcharacter2', 'stimsday1details/newperson23.png'), ('Qgift2', 'stimsday1details/new23.png'), ('Qname1', 'stimsday1details/cn31.png'), ('Qtheme1', 'stimsday1details/ct31.png'), ('Qname2', 'stimsday1details/n31.png'), ('Qtheme2', 'stimsday1details/t31.png')])
170.0221 	DATA 	Keypress: equal
170.0279 	EXP 	northorsouth1: autoDraw = False
170.0279 	EXP 	northorsouth2: autoDraw = False
170.0279 	EXP 	northorsouth1: autoDraw = False
170.0279 	EXP 	northorsouth2: autoDraw = False
170.0279 	EXP 	image_2: autoDraw = True
171.4759 	DATA 	Keypress: equal
172.0244 	EXP 	Created sequence: random, trialTypes=1, nReps=1, seed=None
172.0246 	EXP 	New trial (rep=0, index=0): None
172.5154 	EXP 	Created vid1a = MovieStim3(__class__=<class 'psychopy.visual.movie3.MovieStim3'>, autoLog=True, color=UNKNOWN, colorSpace=UNKNOWN, depth=-1.0, filename='stims/wedding-31.1a.mp4', flipHoriz=False, flipVert=False, fps=UNKNOWN, interpolate=True, loop=False, name='vid1a', noAudio=False, opacity=1.0, ori=0, pos=array([0., 0.]), size=array([1280.,  720.]), units='pix', vframe_callback=UNKNOWN, volume=UNKNOWN, win=Window(...))
172.9009 	EXP 	Created vid1b = MovieStim3(__class__=<class 'psychopy.visual.movie3.MovieStim3'>, autoLog=True, color=UNKNOWN, colorSpace=UNKNOWN, depth=-2.0, filename='stims/wedding-31.1b.mp4', flipHoriz=False, flipVert=False, fps=UNKNOWN, interpolate=True, loop=False, name='vid1b', noAudio=False, opacity=1.0, ori=0, pos=array([0., 0.]), size=array([1280.,  720.]), units='pix', vframe_callback=UNKNOWN, volume=UNKNOWN, win=Window(...))
173.3567 	EXP 	Created vid2 = MovieStim3(__class__=<class 'psychopy.visual.movie3.MovieStim3'>, autoLog=True, color=UNKNOWN, colorSpace=UNKNOWN, depth=-3.0, filename='stims/wedding-31.2b.mp4', flipHoriz=False, flipVert=False, fps=UNKNOWN, interpolate=True, loop=False, name='vid2', noAudio=False, opacity=1.0, ori=0, pos=array([0., 0.]), size=array([1280.,  720.]), units='pix', vframe_callback=UNKNOWN, volume=UNKNOWN, win=Window(...))
173.8208 	EXP 	Created vid3 = MovieStim3(__class__=<class 'psychopy.visual.movie3.MovieStim3'>, autoLog=True, color=UNKNOWN, colorSpace=UNKNOWN, depth=-4.0, filename='stims/wedding-31.3a.mp4', flipHoriz=False, flipVert=False, fps=UNKNOWN, interpolate=True, loop=False, name='vid3', noAudio=False, opacity=1.0, ori=0, pos=array([0., 0.]), size=array([1280.,  720.]), units='pix', vframe_callback=UNKNOWN, volume=UNKNOWN, win=Window(...))
174.2979 	EXP 	Created vid4 = MovieStim3(__class__=<class 'psychopy.visual.movie3.MovieStim3'>, autoLog=True, color=UNKNOWN, colorSpace=UNKNOWN, depth=-5.0, filename='stims/wedding-31.4b.mp4', flipHoriz=False, flipVert=False, fps=UNKNOWN, interpolate=True, loop=False, name='vid4', noAudio=False, opacity=1.0, ori=0, pos=array([0., 0.]), size=array([1280.,  720.]), units='pix', vframe_callback=UNKNOWN, volume=UNKNOWN, win=Window(...))
174.6964 	EXP 	Created vid5 = MovieStim3(__class__=<class 'psychopy.visual.movie3.MovieStim3'>, autoLog=True, color=UNKNOWN, colorSpace=UNKNOWN, depth=-6.0, filename='stims/wedding-31.5.mp4', flipHoriz=False, flipVert=False, fps=UNKNOWN, interpolate=True, loop=False, name='vid5', noAudio=False, opacity=1.0, ori=0, pos=array([0., 0.]), size=array([1280.,  720.]), units='pix', vframe_callback=UNKNOWN, volume=UNKNOWN, win=Window(...))
174.8101 	EXP 	window1: recordFrameIntervals = False
174.8134 	DATA 	Keypress: equal
174.8159 	DATA 	Keypress: equal
174.8234 	EXP 	image_2: autoDraw = False
174.8234 	EXP 	image_2: autoDraw = False
174.8234 	EXP 	vid1a: movie = 'stims/wedding-31.1a.mp4'
174.8234 	EXP 	vid1a: autoLog = True
174.8234 	EXP 	vid1b: movie = 'stims/wedding-31.1b.mp4'
174.8234 	EXP 	vid1b: autoLog = True
174.8234 	EXP 	vid2: movie = 'stims/wedding-31.2b.mp4'
174.8234 	EXP 	vid2: autoLog = True
174.8234 	EXP 	vid3: movie = 'stims/wedding-31.3a.mp4'
174.8234 	EXP 	vid3: autoLog = True
174.8234 	EXP 	vid4: movie = 'stims/wedding-31.4b.mp4'
174.8234 	EXP 	vid4: autoLog = True
174.8234 	EXP 	vid5: movie = 'stims/wedding-31.5.mp4'
174.8234 	EXP 	vid5: autoLog = True
177.4687 	EXP 	window1: recordFrameIntervals = False
179.0980 	DATA 	Keypress: equal
179.1003 	DATA 	Keypress: equal
179.1023 	DATA 	Keypress: equal
179.3065 	EXP 	vid1a: movie = 'stims/wedding-31.1a.mp4'
179.3065 	EXP 	vid1b: movie = 'stims/wedding-31.1b.mp4'
179.3065 	EXP 	vid2: movie = 'stims/wedding-31.2b.mp4'
179.3065 	EXP 	vid3: movie = 'stims/wedding-31.3a.mp4'
179.3065 	EXP 	vid4: movie = 'stims/wedding-31.4b.mp4'
179.3065 	EXP 	vid5: movie = 'stims/wedding-31.5.mp4'
179.3065 	EXP 	image: image = 'south.png'
179.3229 	EXP 	vid1a: autoDraw = True
179.3229 	EXP 	image: autoDraw = True
179.3229 	EXP 	image: autoDraw = False
180.4673 	DATA 	Keypress: equal
181.9704 	DATA 	Keypress: equal
183.4653 	DATA 	Keypress: equal
184.9645 	DATA 	Keypress: equal
186.4664 	DATA 	Keypress: equal
187.9803 	DATA 	Keypress: equal
189.4751 	DATA 	Keypress: equal
190.9746 	DATA 	Keypress: equal
192.4746 	DATA 	Keypress: equal
193.9760 	DATA 	Keypress: equal
195.4765 	DATA 	Keypress: equal
196.9756 	DATA 	Keypress: equal
198.4766 	DATA 	Keypress: equal
199.9769 	DATA 	Keypress: equal
201.4775 	DATA 	Keypress: equal
202.0246 	EXP 	vid1a: autoDraw = False
202.0411 	EXP 	vid1b: autoDraw = True
203.0009 	DATA 	Keypress: equal
204.4741 	DATA 	Keypress: equal
205.9794 	DATA 	Keypress: equal
207.4796 	DATA 	Keypress: equal
208.9747 	DATA 	Keypress: equal
210.4642 	DATA 	Keypress: equal
211.0444 	EXP 	vid1b: autoDraw = False
211.0581 	EXP 	vid2: autoDraw = True
211.9667 	DATA 	Keypress: equal
213.4669 	DATA 	Keypress: equal
214.9675 	DATA 	Keypress: equal
216.4763 	DATA 	Keypress: equal
217.9744 	DATA 	Keypress: equal
219.4749 	DATA 	Keypress: equal
220.9739 	DATA 	Keypress: equal
222.4744 	DATA 	Keypress: equal
223.9798 	DATA 	Keypress: equal
225.4740 	DATA 	Keypress: equal
226.9744 	DATA 	Keypress: equal
227.5392 	EXP 	Set vid2 finished
228.0555 	EXP 	vid3: autoDraw = True
228.4656 	DATA 	Keypress: equal
229.9648 	DATA 	Keypress: equal
231.4672 	DATA 	Keypress: equal
232.9653 	DATA 	Keypress: equal
234.4620 	DATA 	Keypress: equal
235.9649 	DATA 	Keypress: equal
237.4750 	DATA 	Keypress: equal
238.9752 	DATA 	Keypress: equal
240.4740 	DATA 	Keypress: equal
241.9752 	DATA 	Keypress: equal
243.4749 	DATA 	Keypress: equal
244.9739 	DATA 	Keypress: equal
246.4795 	DATA 	Keypress: equal
247.9747 	DATA 	Keypress: equal
249.4798 	DATA 	Keypress: equal
250.9784 	DATA 	Keypress: equal
251.0388 	EXP 	vid3: autoDraw = False
251.0561 	EXP 	vid4: autoDraw = True
252.4660 	DATA 	Keypress: equal
253.9648 	DATA 	Keypress: equal
255.4660 	DATA 	Keypress: equal
256.9629 	DATA 	Keypress: equal
258.4667 	DATA 	Keypress: equal
259.9642 	DATA 	Keypress: equal
261.4737 	DATA 	Keypress: equal
263.0001 	DATA 	Keypress: equal
264.4752 	DATA 	Keypress: equal
265.9744 	DATA 	Keypress: equal
267.4744 	DATA 	Keypress: equal
268.9603 	DATA 	Keypress: equal
270.4741 	DATA 	Keypress: equal
271.9743 	DATA 	Keypress: equal
273.4793 	DATA 	Keypress: equal
274.9803 	DATA 	Keypress: equal
275.0401 	EXP 	vid4: autoDraw = False
275.0563 	EXP 	vid5: autoDraw = True
276.4634 	DATA 	Keypress: equal
277.9660 	DATA 	Keypress: equal
279.4613 	DATA 	Keypress: equal
280.9615 	DATA 	Keypress: equal
282.4732 	DATA 	Keypress: equal
283.9784 	DATA 	Keypress: equal
285.4744 	DATA 	Keypress: equal
286.9753 	DATA 	Keypress: equal
287.2045 	EXP 	Set vid5 finished
287.3433 	EXP 	Created sequence: random, trialTypes=1, nReps=1, seed=None
287.3436 	EXP 	New trial (rep=0, index=0): None
287.8281 	EXP 	Created vid1a_q = MovieStim3(__class__=<class 'psychopy.visual.movie3.MovieStim3'>, autoLog=True, color=UNKNOWN, colorSpace=UNKNOWN, depth=-1.0, filename='stims/wedding-31.1a.mp4', flipHoriz=False, flipVert=False, fps=UNKNOWN, interpolate=True, loop=False, name='vid1a_q', noAudio=False, opacity=1.0, ori=0, pos=array([0., 0.]), size=array([1280.,  720.]), units='pix', vframe_callback=UNKNOWN, volume=UNKNOWN, win=Window(...))
288.2093 	EXP 	Created vid1b_q = MovieStim3(__class__=<class 'psychopy.visual.movie3.MovieStim3'>, autoLog=True, color=UNKNOWN, colorSpace=UNKNOWN, depth=-2.0, filename='stims/wedding-31.1b.mp4', flipHoriz=False, flipVert=False, fps=UNKNOWN, interpolate=True, loop=False, name='vid1b_q', noAudio=False, opacity=1.0, ori=0, pos=array([0., 0.]), size=array([1280.,  720.]), units='pix', vframe_callback=UNKNOWN, volume=UNKNOWN, win=Window(...))
288.6606 	EXP 	Created vid2_q = MovieStim3(__class__=<class 'psychopy.visual.movie3.MovieStim3'>, autoLog=True, color=UNKNOWN, colorSpace=UNKNOWN, depth=-3.0, filename='stims/wedding-31.2b.mp4', flipHoriz=False, flipVert=False, fps=UNKNOWN, interpolate=True, loop=False, name='vid2_q', noAudio=False, opacity=1.0, ori=0, pos=array([0., 0.]), size=array([1280.,  720.]), units='pix', vframe_callback=UNKNOWN, volume=UNKNOWN, win=Window(...))
289.1217 	EXP 	Created vid3_q = MovieStim3(__class__=<class 'psychopy.visual.movie3.MovieStim3'>, autoLog=True, color=UNKNOWN, colorSpace=UNKNOWN, depth=-5.0, filename='stims/wedding-31.3a.mp4', flipHoriz=False, flipVert=False, fps=UNKNOWN, interpolate=True, loop=False, name='vid3_q', noAudio=False, opacity=1.0, ori=0, pos=array([0., 0.]), size=array([1280.,  720.]), units='pix', vframe_callback=UNKNOWN, volume=UNKNOWN, win=Window(...))
289.5887 	EXP 	Created vid4_q = MovieStim3(__class__=<class 'psychopy.visual.movie3.MovieStim3'>, autoLog=True, color=UNKNOWN, colorSpace=UNKNOWN, depth=-7.0, filename='stims/wedding-31.4b.mp4', flipHoriz=False, flipVert=False, fps=UNKNOWN, interpolate=True, loop=False, name='vid4_q', noAudio=False, opacity=1.0, ori=0, pos=array([0., 0.]), size=array([1280.,  720.]), units='pix', vframe_callback=UNKNOWN, volume=UNKNOWN, win=Window(...))
289.9735 	EXP 	Created vid5_q = MovieStim3(__class__=<class 'psychopy.visual.movie3.MovieStim3'>, autoLog=True, color=UNKNOWN, colorSpace=UNKNOWN, depth=-8.0, filename='stims/wedding-31.5.mp4', flipHoriz=False, flipVert=False, fps=UNKNOWN, interpolate=True, loop=False, name='vid5_q', noAudio=False, opacity=1.0, ori=0, pos=array([0., 0.]), size=array([1280.,  720.]), units='pix', vframe_callback=UNKNOWN, volume=UNKNOWN, win=Window(...))
290.1147 	EXP 	window1: recordFrameIntervals = False
290.1178 	DATA 	Keypress: equal
290.1206 	DATA 	Keypress: equal
290.1380 	EXP 	vid1a: autoDraw = False
290.1380 	EXP 	vid1b: autoDraw = False
290.1380 	EXP 	vid2: autoDraw = False
290.1380 	EXP 	vid3: autoDraw = False
290.1380 	EXP 	vid4: autoDraw = False
290.1380 	EXP 	vid5: autoDraw = False
290.1380 	EXP 	image: autoDraw = False
290.1380 	EXP 	vid1a_q: movie = 'stims/wedding-31.1a.mp4'
290.1380 	EXP 	vid1a_q: autoLog = True
290.1380 	EXP 	vid1b_q: movie = 'stims/wedding-31.1b.mp4'
290.1380 	EXP 	vid1b_q: autoLog = True
290.1380 	EXP 	vid2_q: movie = 'stims/wedding-31.2b.mp4'
290.1380 	EXP 	vid2_q: autoLog = True
290.1380 	EXP 	vid3_q: movie = 'stims/wedding-31.3a.mp4'
290.1380 	EXP 	vid3_q: autoLog = True
290.1380 	EXP 	vid4_q: movie = 'stims/wedding-31.4b.mp4'
290.1380 	EXP 	vid4_q: autoLog = True
290.1380 	EXP 	vid5_q: movie = 'stims/wedding-31.5.mp4'
290.1380 	EXP 	vid5_q: autoLog = True
290.1380 	EXP 	vid1a_q: autoDraw = False
290.1380 	EXP 	vid1b_q: autoDraw = False
290.1380 	EXP 	vid2_q: autoDraw = False
290.1380 	EXP 	l2q: autoDraw = False
290.1380 	EXP 	vid3_q: autoDraw = False
290.1380 	EXP 	l3q: autoDraw = False
290.1380 	EXP 	vid4_q: autoDraw = False
290.1380 	EXP 	vid5_q: autoDraw = False
290.1380 	EXP 	reveal: autoDraw = False
290.3111 	EXP 	window1: recordFrameIntervals = False
291.9014 	DATA 	Keypress: equal
292.1212 	EXP 	eggPainting1: image = 'stimsday1details/painting31.png'
292.1212 	EXP 	eggPainting2: image = 'stimsday1details/newpainting11.png'
292.1212 	EXP 	character1: image = 'stimsday1details/couple31.png'
292.1212 	EXP 	character2: image = 'stimsday1details/newperson23.png'
292.1212 	EXP 	gift1: image = 'stimsday1details/gift31.png'
292.1212 	EXP 	gift2: image = 'stimsday1details/new23.png'
292.1212 	EXP 	themeQ1: image = 'stimsday1details/ct31.png'
292.1212 	EXP 	themeQ2: image = 'stimsday1details/t31.png'
292.1212 	EXP 	nameQ1: image = 'stimsday1details/cn31.png'
292.1212 	EXP 	nameQ2: image = 'stimsday1details/n31.png'
292.1212 	EXP 	nameQ1: autoDraw = True
292.1212 	EXP 	nameQ2: autoDraw = True
292.9737 	DATA 	Keypress: equal
293.0447 	DATA 	Keypress: 2
294.1047 	EXP 	nameQ1: autoDraw = False
294.1047 	EXP 	nameQ2: autoDraw = False
294.1047 	EXP 	nameQ1: autoDraw = False
294.1047 	EXP 	nameQ2: autoDraw = False
294.1047 	EXP 	eggPainting1: autoDraw = True
294.1047 	EXP 	eggPainting2: autoDraw = True
294.4615 	DATA 	Keypress: equal
294.8993 	DATA 	Keypress: 1
295.9658 	DATA 	Keypress: equal
296.1090 	EXP 	eggPainting1: autoDraw = False
296.1090 	EXP 	eggPainting2: autoDraw = False
296.1090 	EXP 	eggPainting1: autoDraw = False
296.1090 	EXP 	eggPainting2: autoDraw = False
296.1090 	EXP 	character1: autoDraw = True
296.1090 	EXP 	character2: autoDraw = True
296.8818 	DATA 	Keypress: 1
297.4613 	DATA 	Keypress: equal
298.1098 	EXP 	character1: autoDraw = False
298.1098 	EXP 	character2: autoDraw = False
298.1098 	EXP 	character1: autoDraw = False
298.1098 	EXP 	character2: autoDraw = False
298.1098 	EXP 	themeQ1: autoDraw = True
298.1098 	EXP 	themeQ2: autoDraw = True
298.8442 	DATA 	Keypress: 2
298.9612 	DATA 	Keypress: equal
300.1091 	EXP 	themeQ1: autoDraw = False
300.1091 	EXP 	themeQ2: autoDraw = False
300.1091 	EXP 	themeQ1: autoDraw = False
300.1091 	EXP 	themeQ2: autoDraw = False
300.1091 	EXP 	gift1: autoDraw = True
300.1091 	EXP 	gift2: autoDraw = True
300.4611 	DATA 	Keypress: equal
301.0397 	DATA 	Keypress: 1
301.9603 	DATA 	Keypress: equal
302.1092 	EXP 	gift1: autoDraw = False
302.1092 	EXP 	gift2: autoDraw = False
302.1092 	EXP 	gift1: autoDraw = False
302.1092 	EXP 	gift2: autoDraw = False
302.1092 	EXP 	northorsouth1: autoDraw = True
302.1092 	EXP 	northorsouth2: autoDraw = True
302.9114 	DATA 	Keypress: 2
303.4607 	DATA 	Keypress: equal
304.2987 	EXP 	New trial (rep=0, index=2): OrderedDict([('condsFile', 'videoBlock_schemaS_pathA_5.csv')])
304.3113 	EXP 	Imported videoBlock_schemaS_pathA_5.csv as conditions, 1 conditions, 17 params
304.3117 	EXP 	Created sequence: random, trialTypes=1, nReps=1, seed=None
304.3124 	EXP 	New trial (rep=0, index=0): OrderedDict([('northOrSouth', 'south.png'), ('stimFile1a', 'stims/wedding-26.1a.mp4'), ('stimFile1b', 'stims/wedding-26.1b.mp4'), ('stimFile2', 'stims/wedding-26.2a.mp4'), ('stimFile3', 'stims/wedding-26.3b.mp4'), ('stimFile4', 'stims/wedding-26.4a.mp4'), ('stimFile5', 'stims/wedding-26.5.mp4'), ('QeggPainting1', 'stimsday1details/egg26.png'), ('Qcharacter1', 'stimsday1details/couple26.png'), ('Qgift1', 'stimsday1details/gift26.png'), ('QeggPainting2', 'stimsday1details/newegg11.png'), ('Qcharacter2', 'stimsday1details/newperson11.png'), ('Qgift2', 'stimsday1details/new11.png'), ('Qname1', 'stimsday1details/cn26.png'), ('Qtheme1', 'stimsday1details/ct26.png'), ('Qname2', 'stimsday1details/n26.png'), ('Qtheme2', 'stimsday1details/t26.png')])
304.3213 	EXP 	northorsouth1: autoDraw = False
304.3213 	EXP 	northorsouth2: autoDraw = False
304.3213 	EXP 	northorsouth1: autoDraw = False
304.3213 	EXP 	northorsouth2: autoDraw = False
304.3213 	EXP 	image_2: autoDraw = True
304.9612 	DATA 	Keypress: equal
306.3108 	EXP 	Created sequence: random, trialTypes=1, nReps=1, seed=None
306.3111 	EXP 	New trial (rep=0, index=0): None
306.7957 	EXP 	Created vid1a = MovieStim3(__class__=<class 'psychopy.visual.movie3.MovieStim3'>, autoLog=True, color=UNKNOWN, colorSpace=UNKNOWN, depth=-1.0, filename='stims/wedding-26.1a.mp4', flipHoriz=False, flipVert=False, fps=UNKNOWN, interpolate=True, loop=False, name='vid1a', noAudio=False, opacity=1.0, ori=0, pos=array([0., 0.]), size=array([1280.,  720.]), units='pix', vframe_callback=UNKNOWN, volume=UNKNOWN, win=Window(...))
307.1796 	EXP 	Created vid1b = MovieStim3(__class__=<class 'psychopy.visual.movie3.MovieStim3'>, autoLog=True, color=UNKNOWN, colorSpace=UNKNOWN, depth=-2.0, filename='stims/wedding-26.1b.mp4', flipHoriz=False, flipVert=False, fps=UNKNOWN, interpolate=True, loop=False, name='vid1b', noAudio=False, opacity=1.0, ori=0, pos=array([0., 0.]), size=array([1280.,  720.]), units='pix', vframe_callback=UNKNOWN, volume=UNKNOWN, win=Window(...))
307.6435 	EXP 	Created vid2 = MovieStim3(__class__=<class 'psychopy.visual.movie3.MovieStim3'>, autoLog=True, color=UNKNOWN, colorSpace=UNKNOWN, depth=-3.0, filename='stims/wedding-26.2a.mp4', flipHoriz=False, flipVert=False, fps=UNKNOWN, interpolate=True, loop=False, name='vid2', noAudio=False, opacity=1.0, ori=0, pos=array([0., 0.]), size=array([1280.,  720.]), units='pix', vframe_callback=UNKNOWN, volume=UNKNOWN, win=Window(...))
308.1857 	EXP 	Created vid3 = MovieStim3(__class__=<class 'psychopy.visual.movie3.MovieStim3'>, autoLog=True, color=UNKNOWN, colorSpace=UNKNOWN, depth=-4.0, filename='stims/wedding-26.3b.mp4', flipHoriz=False, flipVert=False, fps=UNKNOWN, interpolate=True, loop=False, name='vid3', noAudio=False, opacity=1.0, ori=0, pos=array([0., 0.]), size=array([1280.,  720.]), units='pix', vframe_callback=UNKNOWN, volume=UNKNOWN, win=Window(...))
308.7370 	EXP 	Created vid4 = MovieStim3(__class__=<class 'psychopy.visual.movie3.MovieStim3'>, autoLog=True, color=UNKNOWN, colorSpace=UNKNOWN, depth=-5.0, filename='stims/wedding-26.4a.mp4', flipHoriz=False, flipVert=False, fps=UNKNOWN, interpolate=True, loop=False, name='vid4', noAudio=False, opacity=1.0, ori=0, pos=array([0., 0.]), size=array([1280.,  720.]), units='pix', vframe_callback=UNKNOWN, volume=UNKNOWN, win=Window(...))
309.1338 	EXP 	Created vid5 = MovieStim3(__class__=<class 'psychopy.visual.movie3.MovieStim3'>, autoLog=True, color=UNKNOWN, colorSpace=UNKNOWN, depth=-6.0, filename='stims/wedding-26.5.mp4', flipHoriz=False, flipVert=False, fps=UNKNOWN, interpolate=True, loop=False, name='vid5', noAudio=False, opacity=1.0, ori=0, pos=array([0., 0.]), size=array([1280.,  720.]), units='pix', vframe_callback=UNKNOWN, volume=UNKNOWN, win=Window(...))
309.2142 	EXP 	window1: recordFrameIntervals = False
309.2175 	DATA 	Keypress: equal
309.2200 	DATA 	Keypress: equal
309.2389 	EXP 	image_2: autoDraw = False
309.2389 	EXP 	image_2: autoDraw = False
309.2389 	EXP 	vid1a: movie = 'stims/wedding-26.1a.mp4'
309.2389 	EXP 	vid1a: autoLog = True
309.2389 	EXP 	vid1b: movie = 'stims/wedding-26.1b.mp4'
309.2389 	EXP 	vid1b: autoLog = True
309.2389 	EXP 	vid2: movie = 'stims/wedding-26.2a.mp4'
309.2389 	EXP 	vid2: autoLog = True
309.2389 	EXP 	vid3: movie = 'stims/wedding-26.3b.mp4'
309.2389 	EXP 	vid3: autoLog = True
309.2389 	EXP 	vid4: movie = 'stims/wedding-26.4a.mp4'
309.2389 	EXP 	vid4: autoLog = True
309.2389 	EXP 	vid5: movie = 'stims/wedding-26.5.mp4'
309.2389 	EXP 	vid5: autoLog = True
312.0050 	EXP 	window1: recordFrameIntervals = False
313.5026 	DATA 	Keypress: equal
313.5056 	DATA 	Keypress: equal
313.5077 	DATA 	Keypress: equal
313.7054 	EXP 	vid1a: movie = 'stims/wedding-26.1a.mp4'
313.7054 	EXP 	vid1b: movie = 'stims/wedding-26.1b.mp4'
313.7054 	EXP 	vid2: movie = 'stims/wedding-26.2a.mp4'
313.7054 	EXP 	vid3: movie = 'stims/wedding-26.3b.mp4'
313.7054 	EXP 	vid4: movie = 'stims/wedding-26.4a.mp4'
313.7054 	EXP 	vid5: movie = 'stims/wedding-26.5.mp4'
313.7054 	EXP 	image: image = 'south.png'
313.7209 	EXP 	vid1a: autoDraw = True
313.7209 	EXP 	image: autoDraw = True
313.7209 	EXP 	image: autoDraw = False
313.9644 	DATA 	Keypress: equal
315.4657 	DATA 	Keypress: equal
316.9583 	DATA 	Keypress: equal
318.4585 	DATA 	Keypress: equal
319.9655 	DATA 	Keypress: equal
321.4777 	DATA 	Keypress: equal
322.9770 	DATA 	Keypress: equal
324.4583 	DATA 	Keypress: equal
325.9585 	DATA 	Keypress: equal
327.4582 	DATA 	Keypress: equal
328.9580 	DATA 	Keypress: equal
330.4575 	DATA 	Keypress: equal
331.9572 	DATA 	Keypress: equal
333.4773 	DATA 	Keypress: equal
334.9778 	DATA 	Keypress: equal
335.7372 	EXP 	Set vid1a finished
336.3373 	EXP 	vid1b: autoDraw = True
336.4571 	DATA 	Keypress: equal
337.9571 	DATA 	Keypress: equal
339.4573 	DATA 	Keypress: equal
340.9774 	DATA 	Keypress: equal
342.4573 	DATA 	Keypress: equal
343.9742 	DATA 	Keypress: equal
345.3213 	EXP 	vid1b: autoDraw = False
345.3385 	EXP 	vid2: autoDraw = True
345.4570 	DATA 	Keypress: equal
346.9573 	DATA 	Keypress: equal
348.4572 	DATA 	Keypress: equal
349.9772 	DATA 	Keypress: equal
351.4768 	DATA 	Keypress: equal
352.9567 	DATA 	Keypress: equal
354.4615 	DATA 	Keypress: equal
355.9562 	DATA 	Keypress: equal
357.4608 	DATA 	Keypress: equal
358.9608 	DATA 	Keypress: equal
360.4562 	DATA 	Keypress: equal
361.1535 	EXP 	Set vid2 finished
361.9558 	DATA 	Keypress: equal
362.3383 	EXP 	vid3: autoDraw = True
363.4570 	DATA 	Keypress: equal
364.9562 	DATA 	Keypress: equal
366.4563 	DATA 	Keypress: equal
367.9565 	DATA 	Keypress: equal
369.4587 	DATA 	Keypress: equal
370.9583 	DATA 	Keypress: equal
372.4585 	DATA 	Keypress: equal
373.9585 	DATA 	Keypress: equal
375.4564 	DATA 	Keypress: equal
376.9562 	DATA 	Keypress: equal
378.4562 	DATA 	Keypress: equal
379.9626 	DATA 	Keypress: equal
381.4626 	DATA 	Keypress: equal
382.9565 	DATA 	Keypress: equal
384.4563 	DATA 	Keypress: equal
385.3216 	EXP 	vid3: autoDraw = False
385.3375 	EXP 	vid4: autoDraw = True
385.9568 	DATA 	Keypress: equal
387.4565 	DATA 	Keypress: equal
388.9571 	DATA 	Keypress: equal
390.4563 	DATA 	Keypress: equal
391.9566 	DATA 	Keypress: equal
393.4560 	DATA 	Keypress: equal
394.9556 	DATA 	Keypress: equal
396.4551 	DATA 	Keypress: equal
397.9551 	DATA 	Keypress: equal
399.4554 	DATA 	Keypress: equal
400.9565 	DATA 	Keypress: equal
402.4562 	DATA 	Keypress: equal
403.9554 	DATA 	Keypress: equal
405.4553 	DATA 	Keypress: equal
406.9809 	DATA 	Keypress: equal
408.4555 	DATA 	Keypress: equal
409.3235 	EXP 	vid4: autoDraw = False
409.3375 	EXP 	vid5: autoDraw = True
409.9552 	DATA 	Keypress: equal
411.4555 	DATA 	Keypress: equal
412.9556 	DATA 	Keypress: equal
414.4554 	DATA 	Keypress: equal
415.9563 	DATA 	Keypress: equal
417.4613 	DATA 	Keypress: equal
418.9567 	DATA 	Keypress: equal
420.4552 	DATA 	Keypress: equal
421.9533 	EXP 	Set vid5 finished
421.9554 	DATA 	Keypress: equal
422.1212 	EXP 	Created sequence: random, trialTypes=1, nReps=1, seed=None
422.1215 	EXP 	New trial (rep=0, index=0): None
422.5967 	EXP 	Created vid1a_q = MovieStim3(__class__=<class 'psychopy.visual.movie3.MovieStim3'>, autoLog=True, color=UNKNOWN, colorSpace=UNKNOWN, depth=-1.0, filename='stims/wedding-26.1a.mp4', flipHoriz=False, flipVert=False, fps=UNKNOWN, interpolate=True, loop=False, name='vid1a_q', noAudio=False, opacity=1.0, ori=0, pos=array([0., 0.]), size=array([1280.,  720.]), units='pix', vframe_callback=UNKNOWN, volume=UNKNOWN, win=Window(...))
422.9733 	EXP 	Created vid1b_q = MovieStim3(__class__=<class 'psychopy.visual.movie3.MovieStim3'>, autoLog=True, color=UNKNOWN, colorSpace=UNKNOWN, depth=-2.0, filename='stims/wedding-26.1b.mp4', flipHoriz=False, flipVert=False, fps=UNKNOWN, interpolate=True, loop=False, name='vid1b_q', noAudio=False, opacity=1.0, ori=0, pos=array([0., 0.]), size=array([1280.,  720.]), units='pix', vframe_callback=UNKNOWN, volume=UNKNOWN, win=Window(...))
423.4279 	EXP 	Created vid2_q = MovieStim3(__class__=<class 'psychopy.visual.movie3.MovieStim3'>, autoLog=True, color=UNKNOWN, colorSpace=UNKNOWN, depth=-3.0, filename='stims/wedding-26.2a.mp4', flipHoriz=False, flipVert=False, fps=UNKNOWN, interpolate=True, loop=False, name='vid2_q', noAudio=False, opacity=1.0, ori=0, pos=array([0., 0.]), size=array([1280.,  720.]), units='pix', vframe_callback=UNKNOWN, volume=UNKNOWN, win=Window(...))
423.9569 	EXP 	Created vid3_q = MovieStim3(__class__=<class 'psychopy.visual.movie3.MovieStim3'>, autoLog=True, color=UNKNOWN, colorSpace=UNKNOWN, depth=-5.0, filename='stims/wedding-26.3b.mp4', flipHoriz=False, flipVert=False, fps=UNKNOWN, interpolate=True, loop=False, name='vid3_q', noAudio=False, opacity=1.0, ori=0, pos=array([0., 0.]), size=array([1280.,  720.]), units='pix', vframe_callback=UNKNOWN, volume=UNKNOWN, win=Window(...))
424.4940 	EXP 	Created vid4_q = MovieStim3(__class__=<class 'psychopy.visual.movie3.MovieStim3'>, autoLog=True, color=UNKNOWN, colorSpace=UNKNOWN, depth=-7.0, filename='stims/wedding-26.4a.mp4', flipHoriz=False, flipVert=False, fps=UNKNOWN, interpolate=True, loop=False, name='vid4_q', noAudio=False, opacity=1.0, ori=0, pos=array([0., 0.]), size=array([1280.,  720.]), units='pix', vframe_callback=UNKNOWN, volume=UNKNOWN, win=Window(...))
424.8799 	EXP 	Created vid5_q = MovieStim3(__class__=<class 'psychopy.visual.movie3.MovieStim3'>, autoLog=True, color=UNKNOWN, colorSpace=UNKNOWN, depth=-8.0, filename='stims/wedding-26.5.mp4', flipHoriz=False, flipVert=False, fps=UNKNOWN, interpolate=True, loop=False, name='vid5_q', noAudio=False, opacity=1.0, ori=0, pos=array([0., 0.]), size=array([1280.,  720.]), units='pix', vframe_callback=UNKNOWN, volume=UNKNOWN, win=Window(...))
425.1304 	EXP 	window1: recordFrameIntervals = False
425.1343 	DATA 	Keypress: equal
425.1364 	DATA 	Keypress: equal
425.1535 	EXP 	vid1a: autoDraw = False
425.1535 	EXP 	vid1b: autoDraw = False
425.1535 	EXP 	vid2: autoDraw = False
425.1535 	EXP 	vid3: autoDraw = False
425.1535 	EXP 	vid4: autoDraw = False
425.1535 	EXP 	vid5: autoDraw = False
425.1535 	EXP 	image: autoDraw = False
425.1535 	EXP 	vid1a_q: movie = 'stims/wedding-26.1a.mp4'
425.1535 	EXP 	vid1a_q: autoLog = True
425.1535 	EXP 	vid1b_q: movie = 'stims/wedding-26.1b.mp4'
425.1535 	EXP 	vid1b_q: autoLog = True
425.1535 	EXP 	vid2_q: movie = 'stims/wedding-26.2a.mp4'
425.1535 	EXP 	vid2_q: autoLog = True
425.1535 	EXP 	vid3_q: movie = 'stims/wedding-26.3b.mp4'
425.1535 	EXP 	vid3_q: autoLog = True
425.1535 	EXP 	vid4_q: movie = 'stims/wedding-26.4a.mp4'
425.1535 	EXP 	vid4_q: autoLog = True
425.1535 	EXP 	vid5_q: movie = 'stims/wedding-26.5.mp4'
425.1535 	EXP 	vid5_q: autoLog = True
425.1535 	EXP 	vid1a_q: autoDraw = False
425.1535 	EXP 	vid1b_q: autoDraw = False
425.1535 	EXP 	vid2_q: autoDraw = False
425.1535 	EXP 	l2q: autoDraw = False
425.1535 	EXP 	vid3_q: autoDraw = False
425.1535 	EXP 	l3q: autoDraw = False
425.1535 	EXP 	vid4_q: autoDraw = False
425.1535 	EXP 	vid5_q: autoDraw = False
425.1535 	EXP 	reveal: autoDraw = False
425.3514 	EXP 	window1: recordFrameIntervals = False
426.9170 	DATA 	Keypress: equal
427.1362 	EXP 	eggPainting1: image = 'stimsday1details/egg26.png'
427.1362 	EXP 	eggPainting2: image = 'stimsday1details/newegg11.png'
427.1362 	EXP 	character1: image = 'stimsday1details/couple26.png'
427.1362 	EXP 	character2: image = 'stimsday1details/newperson11.png'
427.1362 	EXP 	gift1: image = 'stimsday1details/gift26.png'
427.1362 	EXP 	gift2: image = 'stimsday1details/new11.png'
427.1362 	EXP 	themeQ1: image = 'stimsday1details/ct26.png'
427.1362 	EXP 	themeQ2: image = 'stimsday1details/t26.png'
427.1362 	EXP 	nameQ1: image = 'stimsday1details/cn26.png'
427.1362 	EXP 	nameQ2: image = 'stimsday1details/n26.png'
427.1362 	EXP 	nameQ1: autoDraw = True
427.1362 	EXP 	nameQ2: autoDraw = True
427.8384 	DATA 	Keypress: 2
427.9550 	DATA 	Keypress: equal
429.1360 	EXP 	nameQ1: autoDraw = False
429.1360 	EXP 	nameQ2: autoDraw = False
429.1360 	EXP 	nameQ1: autoDraw = False
429.1360 	EXP 	nameQ2: autoDraw = False
429.1360 	EXP 	eggPainting1: autoDraw = True
429.1360 	EXP 	eggPainting2: autoDraw = True
429.4552 	DATA 	Keypress: equal
429.8213 	DATA 	Keypress: 1
430.9567 	DATA 	Keypress: equal
431.1363 	EXP 	eggPainting1: autoDraw = False
431.1363 	EXP 	eggPainting2: autoDraw = False
431.1363 	EXP 	eggPainting1: autoDraw = False
431.1363 	EXP 	eggPainting2: autoDraw = False
431.1363 	EXP 	character1: autoDraw = True
431.1363 	EXP 	character2: autoDraw = True
432.0279 	DATA 	Keypress: 1
432.4564 	DATA 	Keypress: equal
433.1371 	EXP 	character1: autoDraw = False
433.1371 	EXP 	character2: autoDraw = False
433.1371 	EXP 	character1: autoDraw = False
433.1371 	EXP 	character2: autoDraw = False
433.1371 	EXP 	themeQ1: autoDraw = True
433.1371 	EXP 	themeQ2: autoDraw = True
433.9391 	DATA 	Keypress: 2
433.9561 	DATA 	Keypress: equal
435.1370 	EXP 	themeQ1: autoDraw = False
435.1370 	EXP 	themeQ2: autoDraw = False
435.1370 	EXP 	themeQ1: autoDraw = False
435.1370 	EXP 	themeQ2: autoDraw = False
435.1370 	EXP 	gift1: autoDraw = True
435.1370 	EXP 	gift2: autoDraw = True
435.4567 	DATA 	Keypress: equal
435.9397 	DATA 	Keypress: 1
436.9570 	DATA 	Keypress: equal
437.1411 	EXP 	gift1: autoDraw = False
437.1411 	EXP 	gift2: autoDraw = False
437.1411 	EXP 	gift1: autoDraw = False
437.1411 	EXP 	gift2: autoDraw = False
437.1411 	EXP 	northorsouth1: autoDraw = True
437.1411 	EXP 	northorsouth2: autoDraw = True
437.8440 	DATA 	Keypress: 2
438.4566 	DATA 	Keypress: equal
439.3614 	EXP 	New trial (rep=0, index=3): OrderedDict([('condsFile', 'videoBlock_schemaS_pathB_4.csv')])
439.3758 	EXP 	Imported videoBlock_schemaS_pathB_4.csv as conditions, 1 conditions, 17 params
439.3762 	EXP 	Created sequence: random, trialTypes=1, nReps=1, seed=None
439.3769 	EXP 	New trial (rep=0, index=0): OrderedDict([('northOrSouth', 'south.png'), ('stimFile1a', 'stims/wedding-35.1a.mp4'), ('stimFile1b', 'stims/wedding-35.1b.mp4'), ('stimFile2', 'stims/wedding-35.2b.mp4'), ('stimFile3', 'stims/wedding-35.3a.mp4'), ('stimFile4', 'stims/wedding-35.4b.mp4'), ('stimFile5', 'stims/wedding-35.5.mp4'), ('QeggPainting1', 'stimsday1details/newpainting10.png'), ('Qcharacter1', 'stimsday1details/newperson22.png'), ('Qgift1', 'stimsday1details/gift35.png'), ('QeggPainting2', 'stimsday1details/painting35.png'), ('Qcharacter2', 'stimsday1details/couple35.png'), ('Qgift2', 'stimsday1details/new22.png'), ('Qname1', 'stimsday1details/n35.png'), ('Qtheme1', 'stimsday1details/t35.png'), ('Qname2', 'stimsday1details/cn35.png'), ('Qtheme2', 'stimsday1details/ct35.png')])
439.3870 	EXP 	northorsouth1: autoDraw = False
439.3870 	EXP 	northorsouth2: autoDraw = False
439.3870 	EXP 	northorsouth1: autoDraw = False
439.3870 	EXP 	northorsouth2: autoDraw = False
439.3870 	EXP 	image_2: autoDraw = True
439.9566 	DATA 	Keypress: equal
441.3711 	EXP 	Created sequence: random, trialTypes=1, nReps=1, seed=None
441.3714 	EXP 	New trial (rep=0, index=0): None
441.8867 	EXP 	Created vid1a = MovieStim3(__class__=<class 'psychopy.visual.movie3.MovieStim3'>, autoLog=True, color=UNKNOWN, colorSpace=UNKNOWN, depth=-1.0, filename='stims/wedding-35.1a.mp4', flipHoriz=False, flipVert=False, fps=UNKNOWN, interpolate=True, loop=False, name='vid1a', noAudio=False, opacity=1.0, ori=0, pos=array([0., 0.]), size=array([1280.,  720.]), units='pix', vframe_callback=UNKNOWN, volume=UNKNOWN, win=Window(...))
442.2848 	EXP 	Created vid1b = MovieStim3(__class__=<class 'psychopy.visual.movie3.MovieStim3'>, autoLog=True, color=UNKNOWN, colorSpace=UNKNOWN, depth=-2.0, filename='stims/wedding-35.1b.mp4', flipHoriz=False, flipVert=False, fps=UNKNOWN, interpolate=True, loop=False, name='vid1b', noAudio=False, opacity=1.0, ori=0, pos=array([0., 0.]), size=array([1280.,  720.]), units='pix', vframe_callback=UNKNOWN, volume=UNKNOWN, win=Window(...))
442.7010 	EXP 	Created vid2 = MovieStim3(__class__=<class 'psychopy.visual.movie3.MovieStim3'>, autoLog=True, color=UNKNOWN, colorSpace=UNKNOWN, depth=-3.0, filename='stims/wedding-35.2b.mp4', flipHoriz=False, flipVert=False, fps=UNKNOWN, interpolate=True, loop=False, name='vid2', noAudio=False, opacity=1.0, ori=0, pos=array([0., 0.]), size=array([1280.,  720.]), units='pix', vframe_callback=UNKNOWN, volume=UNKNOWN, win=Window(...))
443.1797 	EXP 	Created vid3 = MovieStim3(__class__=<class 'psychopy.visual.movie3.MovieStim3'>, autoLog=True, color=UNKNOWN, colorSpace=UNKNOWN, depth=-4.0, filename='stims/wedding-35.3a.mp4', flipHoriz=False, flipVert=False, fps=UNKNOWN, interpolate=True, loop=False, name='vid3', noAudio=False, opacity=1.0, ori=0, pos=array([0., 0.]), size=array([1280.,  720.]), units='pix', vframe_callback=UNKNOWN, volume=UNKNOWN, win=Window(...))
443.6502 	EXP 	Created vid4 = MovieStim3(__class__=<class 'psychopy.visual.movie3.MovieStim3'>, autoLog=True, color=UNKNOWN, colorSpace=UNKNOWN, depth=-5.0, filename='stims/wedding-35.4b.mp4', flipHoriz=False, flipVert=False, fps=UNKNOWN, interpolate=True, loop=False, name='vid4', noAudio=False, opacity=1.0, ori=0, pos=array([0., 0.]), size=array([1280.,  720.]), units='pix', vframe_callback=UNKNOWN, volume=UNKNOWN, win=Window(...))
444.0854 	EXP 	Created vid5 = MovieStim3(__class__=<class 'psychopy.visual.movie3.MovieStim3'>, autoLog=True, color=UNKNOWN, colorSpace=UNKNOWN, depth=-6.0, filename='stims/wedding-35.5.mp4', flipHoriz=False, flipVert=False, fps=UNKNOWN, interpolate=True, loop=False, name='vid5', noAudio=False, opacity=1.0, ori=0, pos=array([0., 0.]), size=array([1280.,  720.]), units='pix', vframe_callback=UNKNOWN, volume=UNKNOWN, win=Window(...))
444.1663 	EXP 	window1: recordFrameIntervals = False
444.1712 	DATA 	Keypress: equal
444.1752 	DATA 	Keypress: equal
444.1868 	EXP 	image_2: autoDraw = False
444.1868 	EXP 	image_2: autoDraw = False
444.1868 	EXP 	vid1a: movie = 'stims/wedding-35.1a.mp4'
444.1868 	EXP 	vid1a: autoLog = True
444.1868 	EXP 	vid1b: movie = 'stims/wedding-35.1b.mp4'
444.1868 	EXP 	vid1b: autoLog = True
444.1868 	EXP 	vid2: movie = 'stims/wedding-35.2b.mp4'
444.1868 	EXP 	vid2: autoLog = True
444.1868 	EXP 	vid3: movie = 'stims/wedding-35.3a.mp4'
444.1868 	EXP 	vid3: autoLog = True
444.1868 	EXP 	vid4: movie = 'stims/wedding-35.4b.mp4'
444.1868 	EXP 	vid4: autoLog = True
444.1868 	EXP 	vid5: movie = 'stims/wedding-35.5.mp4'
444.1868 	EXP 	vid5: autoLog = True
446.8095 	EXP 	window1: recordFrameIntervals = False
448.4553 	DATA 	Keypress: equal
448.4586 	DATA 	Keypress: equal
448.4615 	DATA 	Keypress: equal
448.6695 	EXP 	vid1a: movie = 'stims/wedding-35.1a.mp4'
448.6695 	EXP 	vid1b: movie = 'stims/wedding-35.1b.mp4'
448.6695 	EXP 	vid2: movie = 'stims/wedding-35.2b.mp4'
448.6695 	EXP 	vid3: movie = 'stims/wedding-35.3a.mp4'
448.6695 	EXP 	vid4: movie = 'stims/wedding-35.4b.mp4'
448.6695 	EXP 	vid5: movie = 'stims/wedding-35.5.mp4'
448.6695 	EXP 	image: image = 'south.png'
448.6860 	EXP 	vid1a: autoDraw = True
448.6860 	EXP 	image: autoDraw = True
448.6860 	EXP 	image: autoDraw = False
448.9558 	DATA 	Keypress: equal
450.4594 	DATA 	Keypress: equal
451.9596 	DATA 	Keypress: equal
453.4606 	DATA 	Keypress: equal
454.9611 	DATA 	Keypress: equal
456.4598 	DATA 	Keypress: equal
457.9602 	DATA 	Keypress: equal
459.4608 	DATA 	Keypress: equal
460.9561 	DATA 	Keypress: equal
462.4561 	DATA 	Keypress: equal
463.9564 	DATA 	Keypress: equal
465.4565 	DATA 	Keypress: equal
466.9561 	DATA 	Keypress: equal
468.4565 	DATA 	Keypress: equal
469.9559 	DATA 	Keypress: equal
471.3895 	EXP 	vid1a: autoDraw = False
471.4028 	EXP 	vid1b: autoDraw = True
471.4820 	DATA 	Keypress: equal
472.9559 	DATA 	Keypress: equal
474.4563 	DATA 	Keypress: equal
475.9565 	DATA 	Keypress: equal
477.4559 	DATA 	Keypress: equal
478.9560 	DATA 	Keypress: equal
480.0856 	EXP 	Set vid1b finished
480.4030 	EXP 	vid2: autoDraw = True
480.4560 	DATA 	Keypress: equal
481.9564 	DATA 	Keypress: equal
483.4561 	DATA 	Keypress: equal
484.9567 	DATA 	Keypress: equal
486.4561 	DATA 	Keypress: equal
487.9566 	DATA 	Keypress: equal
489.4561 	DATA 	Keypress: equal
490.9563 	DATA 	Keypress: equal
492.4565 	DATA 	Keypress: equal
493.9565 	DATA 	Keypress: equal
495.4560 	DATA 	Keypress: equal
496.9606 	DATA 	Keypress: equal
497.3904 	EXP 	vid2: autoDraw = False
497.4030 	EXP 	vid3: autoDraw = True
498.4565 	DATA 	Keypress: equal
499.9559 	DATA 	Keypress: equal
501.4561 	DATA 	Keypress: equal
502.9559 	DATA 	Keypress: equal
504.4554 	DATA 	Keypress: equal
505.9565 	DATA 	Keypress: equal
507.4606 	DATA 	Keypress: equal
508.9557 	DATA 	Keypress: equal
510.4553 	DATA 	Keypress: equal
511.9564 	DATA 	Keypress: equal
513.4597 	DATA 	Keypress: equal
514.9604 	DATA 	Keypress: equal
516.4606 	DATA 	Keypress: equal
517.9551 	DATA 	Keypress: equal
519.4556 	DATA 	Keypress: equal
520.3900 	EXP 	vid3: autoDraw = False
520.4019 	EXP 	vid4: autoDraw = True
520.9567 	DATA 	Keypress: equal
522.4556 	DATA 	Keypress: equal
523.9550 	DATA 	Keypress: equal
525.4551 	DATA 	Keypress: equal
526.9554 	DATA 	Keypress: equal
528.4555 	DATA 	Keypress: equal
529.9553 	DATA 	Keypress: equal
531.4551 	DATA 	Keypress: equal
532.9549 	DATA 	Keypress: equal
534.4558 	DATA 	Keypress: equal
535.9553 	DATA 	Keypress: equal
537.4550 	DATA 	Keypress: equal
538.9553 	DATA 	Keypress: equal
540.4552 	DATA 	Keypress: equal
541.9554 	DATA 	Keypress: equal
543.3355 	EXP 	Set vid4 finished
543.4591 	DATA 	Keypress: equal
544.4023 	EXP 	vid5: autoDraw = True
544.9556 	DATA 	Keypress: equal
546.4557 	DATA 	Keypress: equal
547.9731 	DATA 	Keypress: equal
549.4559 	DATA 	Keypress: equal
550.9568 	DATA 	Keypress: equal
552.4523 	DATA 	Keypress: equal
553.9569 	DATA 	Keypress: equal
555.4553 	DATA 	Keypress: equal
556.7182 	EXP 	Set vid5 finished
556.9142 	EXP 	Created sequence: random, trialTypes=1, nReps=1, seed=None
556.9145 	EXP 	New trial (rep=0, index=0): None
557.4132 	EXP 	Created vid1a_q = MovieStim3(__class__=<class 'psychopy.visual.movie3.MovieStim3'>, autoLog=True, color=UNKNOWN, colorSpace=UNKNOWN, depth=-1.0, filename='stims/wedding-35.1a.mp4', flipHoriz=False, flipVert=False, fps=UNKNOWN, interpolate=True, loop=False, name='vid1a_q', noAudio=False, opacity=1.0, ori=0, pos=array([0., 0.]), size=array([1280.,  720.]), units='pix', vframe_callback=UNKNOWN, volume=UNKNOWN, win=Window(...))
557.7836 	EXP 	Created vid1b_q = MovieStim3(__class__=<class 'psychopy.visual.movie3.MovieStim3'>, autoLog=True, color=UNKNOWN, colorSpace=UNKNOWN, depth=-2.0, filename='stims/wedding-35.1b.mp4', flipHoriz=False, flipVert=False, fps=UNKNOWN, interpolate=True, loop=False, name='vid1b_q', noAudio=False, opacity=1.0, ori=0, pos=array([0., 0.]), size=array([1280.,  720.]), units='pix', vframe_callback=UNKNOWN, volume=UNKNOWN, win=Window(...))
558.1958 	EXP 	Created vid2_q = MovieStim3(__class__=<class 'psychopy.visual.movie3.MovieStim3'>, autoLog=True, color=UNKNOWN, colorSpace=UNKNOWN, depth=-3.0, filename='stims/wedding-35.2b.mp4', flipHoriz=False, flipVert=False, fps=UNKNOWN, interpolate=True, loop=False, name='vid2_q', noAudio=False, opacity=1.0, ori=0, pos=array([0., 0.]), size=array([1280.,  720.]), units='pix', vframe_callback=UNKNOWN, volume=UNKNOWN, win=Window(...))
558.6616 	EXP 	Created vid3_q = MovieStim3(__class__=<class 'psychopy.visual.movie3.MovieStim3'>, autoLog=True, color=UNKNOWN, colorSpace=UNKNOWN, depth=-5.0, filename='stims/wedding-35.3a.mp4', flipHoriz=False, flipVert=False, fps=UNKNOWN, interpolate=True, loop=False, name='vid3_q', noAudio=False, opacity=1.0, ori=0, pos=array([0., 0.]), size=array([1280.,  720.]), units='pix', vframe_callback=UNKNOWN, volume=UNKNOWN, win=Window(...))
559.1231 	EXP 	Created vid4_q = MovieStim3(__class__=<class 'psychopy.visual.movie3.MovieStim3'>, autoLog=True, color=UNKNOWN, colorSpace=UNKNOWN, depth=-7.0, filename='stims/wedding-35.4b.mp4', flipHoriz=False, flipVert=False, fps=UNKNOWN, interpolate=True, loop=False, name='vid4_q', noAudio=False, opacity=1.0, ori=0, pos=array([0., 0.]), size=array([1280.,  720.]), units='pix', vframe_callback=UNKNOWN, volume=UNKNOWN, win=Window(...))
559.5225 	EXP 	Created vid5_q = MovieStim3(__class__=<class 'psychopy.visual.movie3.MovieStim3'>, autoLog=True, color=UNKNOWN, colorSpace=UNKNOWN, depth=-8.0, filename='stims/wedding-35.5.mp4', flipHoriz=False, flipVert=False, fps=UNKNOWN, interpolate=True, loop=False, name='vid5_q', noAudio=False, opacity=1.0, ori=0, pos=array([0., 0.]), size=array([1280.,  720.]), units='pix', vframe_callback=UNKNOWN, volume=UNKNOWN, win=Window(...))
559.8019 	EXP 	window1: recordFrameIntervals = False
559.8064 	DATA 	Keypress: equal
559.8097 	DATA 	Keypress: equal
559.8192 	EXP 	vid1a: autoDraw = False
559.8192 	EXP 	vid1b: autoDraw = False
559.8192 	EXP 	vid2: autoDraw = False
559.8192 	EXP 	vid3: autoDraw = False
559.8192 	EXP 	vid4: autoDraw = False
559.8192 	EXP 	vid5: autoDraw = False
559.8192 	EXP 	image: autoDraw = False
559.8192 	EXP 	vid1a_q: movie = 'stims/wedding-35.1a.mp4'
559.8192 	EXP 	vid1a_q: autoLog = True
559.8192 	EXP 	vid1b_q: movie = 'stims/wedding-35.1b.mp4'
559.8192 	EXP 	vid1b_q: autoLog = True
559.8192 	EXP 	vid2_q: movie = 'stims/wedding-35.2b.mp4'
559.8192 	EXP 	vid2_q: autoLog = True
559.8192 	EXP 	vid3_q: movie = 'stims/wedding-35.3a.mp4'
559.8192 	EXP 	vid3_q: autoLog = True
559.8192 	EXP 	vid4_q: movie = 'stims/wedding-35.4b.mp4'
559.8192 	EXP 	vid4_q: autoLog = True
559.8192 	EXP 	vid5_q: movie = 'stims/wedding-35.5.mp4'
559.8192 	EXP 	vid5_q: autoLog = True
559.8192 	EXP 	vid1a_q: autoDraw = False
559.8192 	EXP 	vid1b_q: autoDraw = False
559.8192 	EXP 	vid2_q: autoDraw = False
559.8192 	EXP 	l2q: autoDraw = False
559.8192 	EXP 	vid3_q: autoDraw = False
559.8192 	EXP 	l3q: autoDraw = False
559.8192 	EXP 	vid4_q: autoDraw = False
559.8192 	EXP 	vid5_q: autoDraw = False
559.8192 	EXP 	reveal: autoDraw = False
560.0198 	EXP 	window1: recordFrameIntervals = False
561.5901 	DATA 	Keypress: equal
561.5935 	DATA 	Keypress: equal
561.8029 	EXP 	eggPainting1: image = 'stimsday1details/newpainting10.png'
561.8029 	EXP 	eggPainting2: image = 'stimsday1details/painting35.png'
561.8029 	EXP 	character1: image = 'stimsday1details/newperson22.png'
561.8029 	EXP 	character2: image = 'stimsday1details/couple35.png'
561.8029 	EXP 	gift1: image = 'stimsday1details/gift35.png'
561.8029 	EXP 	gift2: image = 'stimsday1details/new22.png'
561.8029 	EXP 	themeQ1: image = 'stimsday1details/t35.png'
561.8029 	EXP 	themeQ2: image = 'stimsday1details/ct35.png'
561.8029 	EXP 	nameQ1: image = 'stimsday1details/n35.png'
561.8029 	EXP 	nameQ2: image = 'stimsday1details/cn35.png'
561.8029 	EXP 	nameQ1: autoDraw = True
561.8029 	EXP 	nameQ2: autoDraw = True
562.6721 	DATA 	Keypress: 1
562.9546 	DATA 	Keypress: equal
563.8014 	EXP 	nameQ1: autoDraw = False
563.8014 	EXP 	nameQ2: autoDraw = False
563.8014 	EXP 	nameQ1: autoDraw = False
563.8014 	EXP 	nameQ2: autoDraw = False
563.8014 	EXP 	eggPainting1: autoDraw = True
563.8014 	EXP 	eggPainting2: autoDraw = True
564.4554 	DATA 	Keypress: equal
564.5880 	DATA 	Keypress: 2
565.8102 	EXP 	eggPainting1: autoDraw = False
565.8102 	EXP 	eggPainting2: autoDraw = False
565.8102 	EXP 	eggPainting1: autoDraw = False
565.8102 	EXP 	eggPainting2: autoDraw = False
565.8102 	EXP 	character1: autoDraw = True
565.8102 	EXP 	character2: autoDraw = True
565.9632 	DATA 	Keypress: equal
566.6908 	DATA 	Keypress: 2
567.4627 	DATA 	Keypress: equal
567.8103 	EXP 	character1: autoDraw = False
567.8103 	EXP 	character2: autoDraw = False
567.8103 	EXP 	character1: autoDraw = False
567.8103 	EXP 	character2: autoDraw = False
567.8103 	EXP 	themeQ1: autoDraw = True
567.8103 	EXP 	themeQ2: autoDraw = True
568.6746 	DATA 	Keypress: 1
568.9630 	DATA 	Keypress: equal
569.8114 	EXP 	themeQ1: autoDraw = False
569.8114 	EXP 	themeQ2: autoDraw = False
569.8114 	EXP 	themeQ1: autoDraw = False
569.8114 	EXP 	themeQ2: autoDraw = False
569.8114 	EXP 	gift1: autoDraw = True
569.8114 	EXP 	gift2: autoDraw = True
570.4363 	DATA 	Keypress: 1
570.4571 	DATA 	Keypress: equal
571.8055 	EXP 	gift1: autoDraw = False
571.8055 	EXP 	gift2: autoDraw = False
571.8055 	EXP 	gift1: autoDraw = False
571.8055 	EXP 	gift2: autoDraw = False
571.8055 	EXP 	northorsouth1: autoDraw = True
571.8055 	EXP 	northorsouth2: autoDraw = True
571.9578 	DATA 	Keypress: equal
572.4364 	DATA 	Keypress: 2
573.4534 	DATA 	Keypress: equal
574.0569 	EXP 	New trial (rep=0, index=4): OrderedDict([('condsFile', 'videoBlock_schemaS_pathA_6.csv')])
574.0695 	EXP 	Imported videoBlock_schemaS_pathA_6.csv as conditions, 1 conditions, 17 params
574.0700 	EXP 	Created sequence: random, trialTypes=1, nReps=1, seed=None
574.0707 	EXP 	New trial (rep=0, index=0): OrderedDict([('northOrSouth', 'south.png'), ('stimFile1a', 'stims/wedding-30.1a.mp4'), ('stimFile1b', 'stims/wedding-30.1b.mp4'), ('stimFile2', 'stims/wedding-30.2a.mp4'), ('stimFile3', 'stims/wedding-30.3b.mp4'), ('stimFile4', 'stims/wedding-30.4a.mp4'), ('stimFile5', 'stims/wedding-30.5.mp4'), ('QeggPainting1', 'stimsday1details/newegg12.png'), ('Qcharacter1', 'stimsday1details/couple30.png'), ('Qgift1', 'stimsday1details/new12.png'), ('QeggPainting2', 'stimsday1details/egg30.png'), ('Qcharacter2', 'stimsday1details/newperson12.png'), ('Qgift2', 'stimsday1details/gift30.png'), ('Qname1', 'stimsday1details/n30.png'), ('Qtheme1', 'stimsday1details/t30.png'), ('Qname2', 'stimsday1details/cn30.png'), ('Qtheme2', 'stimsday1details/ct30.png')])
574.0848 	EXP 	northorsouth1: autoDraw = False
574.0848 	EXP 	northorsouth2: autoDraw = False
574.0848 	EXP 	northorsouth1: autoDraw = False
574.0848 	EXP 	northorsouth2: autoDraw = False
574.0848 	EXP 	image_2: autoDraw = True
574.9537 	DATA 	Keypress: equal
576.0730 	EXP 	Created sequence: random, trialTypes=1, nReps=1, seed=None
576.0733 	EXP 	New trial (rep=0, index=0): None
576.5829 	EXP 	Created vid1a = MovieStim3(__class__=<class 'psychopy.visual.movie3.MovieStim3'>, autoLog=True, color=UNKNOWN, colorSpace=UNKNOWN, depth=-1.0, filename='stims/wedding-30.1a.mp4', flipHoriz=False, flipVert=False, fps=UNKNOWN, interpolate=True, loop=False, name='vid1a', noAudio=False, opacity=1.0, ori=0, pos=array([0., 0.]), size=array([1280.,  720.]), units='pix', vframe_callback=UNKNOWN, volume=UNKNOWN, win=Window(...))
576.9717 	EXP 	Created vid1b = MovieStim3(__class__=<class 'psychopy.visual.movie3.MovieStim3'>, autoLog=True, color=UNKNOWN, colorSpace=UNKNOWN, depth=-2.0, filename='stims/wedding-30.1b.mp4', flipHoriz=False, flipVert=False, fps=UNKNOWN, interpolate=True, loop=False, name='vid1b', noAudio=False, opacity=1.0, ori=0, pos=array([0., 0.]), size=array([1280.,  720.]), units='pix', vframe_callback=UNKNOWN, volume=UNKNOWN, win=Window(...))
577.4802 	EXP 	Created vid2 = MovieStim3(__class__=<class 'psychopy.visual.movie3.MovieStim3'>, autoLog=True, color=UNKNOWN, colorSpace=UNKNOWN, depth=-3.0, filename='stims/wedding-30.2a.mp4', flipHoriz=False, flipVert=False, fps=UNKNOWN, interpolate=True, loop=False, name='vid2', noAudio=False, opacity=1.0, ori=0, pos=array([0., 0.]), size=array([1280.,  720.]), units='pix', vframe_callback=UNKNOWN, volume=UNKNOWN, win=Window(...))
578.0569 	EXP 	Created vid3 = MovieStim3(__class__=<class 'psychopy.visual.movie3.MovieStim3'>, autoLog=True, color=UNKNOWN, colorSpace=UNKNOWN, depth=-4.0, filename='stims/wedding-30.3b.mp4', flipHoriz=False, flipVert=False, fps=UNKNOWN, interpolate=True, loop=False, name='vid3', noAudio=False, opacity=1.0, ori=0, pos=array([0., 0.]), size=array([1280.,  720.]), units='pix', vframe_callback=UNKNOWN, volume=UNKNOWN, win=Window(...))
578.6422 	EXP 	Created vid4 = MovieStim3(__class__=<class 'psychopy.visual.movie3.MovieStim3'>, autoLog=True, color=UNKNOWN, colorSpace=UNKNOWN, depth=-5.0, filename='stims/wedding-30.4a.mp4', flipHoriz=False, flipVert=False, fps=UNKNOWN, interpolate=True, loop=False, name='vid4', noAudio=False, opacity=1.0, ori=0, pos=array([0., 0.]), size=array([1280.,  720.]), units='pix', vframe_callback=UNKNOWN, volume=UNKNOWN, win=Window(...))
579.0653 	EXP 	Created vid5 = MovieStim3(__class__=<class 'psychopy.visual.movie3.MovieStim3'>, autoLog=True, color=UNKNOWN, colorSpace=UNKNOWN, depth=-6.0, filename='stims/wedding-30.5.mp4', flipHoriz=False, flipVert=False, fps=UNKNOWN, interpolate=True, loop=False, name='vid5', noAudio=False, opacity=1.0, ori=0, pos=array([0., 0.]), size=array([1280.,  720.]), units='pix', vframe_callback=UNKNOWN, volume=UNKNOWN, win=Window(...))
579.1177 	EXP 	window1: recordFrameIntervals = False
579.1217 	DATA 	Keypress: equal
579.1242 	DATA 	Keypress: equal
579.1352 	EXP 	image_2: autoDraw = False
579.1352 	EXP 	image_2: autoDraw = False
579.1352 	EXP 	vid1a: movie = 'stims/wedding-30.1a.mp4'
579.1352 	EXP 	vid1a: autoLog = True
579.1352 	EXP 	vid1b: movie = 'stims/wedding-30.1b.mp4'
579.1352 	EXP 	vid1b: autoLog = True
579.1352 	EXP 	vid2: movie = 'stims/wedding-30.2a.mp4'
579.1352 	EXP 	vid2: autoLog = True
579.1352 	EXP 	vid3: movie = 'stims/wedding-30.3b.mp4'
579.1352 	EXP 	vid3: autoLog = True
579.1352 	EXP 	vid4: movie = 'stims/wedding-30.4a.mp4'
579.1352 	EXP 	vid4: autoLog = True
579.1352 	EXP 	vid5: movie = 'stims/wedding-30.5.mp4'
579.1352 	EXP 	vid5: autoLog = True
581.9154 	EXP 	window1: recordFrameIntervals = False
583.4055 	DATA 	Keypress: equal
583.4078 	DATA 	Keypress: equal
583.4099 	DATA 	Keypress: equal
583.6179 	EXP 	vid1a: movie = 'stims/wedding-30.1a.mp4'
583.6179 	EXP 	vid1b: movie = 'stims/wedding-30.1b.mp4'
583.6179 	EXP 	vid2: movie = 'stims/wedding-30.2a.mp4'
583.6179 	EXP 	vid3: movie = 'stims/wedding-30.3b.mp4'
583.6179 	EXP 	vid4: movie = 'stims/wedding-30.4a.mp4'
583.6179 	EXP 	vid5: movie = 'stims/wedding-30.5.mp4'
583.6179 	EXP 	image: image = 'south.png'
583.6348 	EXP 	vid1a: autoDraw = True
583.6348 	EXP 	image: autoDraw = True
583.6348 	EXP 	image: autoDraw = False
583.9542 	DATA 	Keypress: equal
585.4488 	DATA 	Keypress: equal
586.9486 	DATA 	Keypress: equal
588.4499 	DATA 	Keypress: equal
589.9531 	DATA 	Keypress: equal
591.4533 	DATA 	Keypress: equal
592.9532 	DATA 	Keypress: equal
594.4532 	DATA 	Keypress: equal
595.9581 	DATA 	Keypress: equal
597.4539 	DATA 	Keypress: equal
598.9530 	DATA 	Keypress: equal
600.4581 	DATA 	Keypress: equal
601.9553 	DATA 	Keypress: equal
603.4545 	DATA 	Keypress: equal
604.9548 	DATA 	Keypress: equal
606.0839 	EXP 	vid1a: autoDraw = False
606.1013 	EXP 	vid1b: autoDraw = True
606.4467 	DATA 	Keypress: equal
607.9535 	DATA 	Keypress: equal
609.4535 	DATA 	Keypress: equal
610.9482 	DATA 	Keypress: equal
612.4539 	DATA 	Keypress: equal
613.9535 	DATA 	Keypress: equal
614.6683 	EXP 	Set vid1b finished
615.1020 	EXP 	vid2: autoDraw = True
615.4535 	DATA 	Keypress: equal
616.9534 	DATA 	Keypress: equal
618.4535 	DATA 	Keypress: equal
619.9536 	DATA 	Keypress: equal
621.4531 	DATA 	Keypress: equal
622.9530 	DATA 	Keypress: equal
624.4529 	DATA 	Keypress: equal
625.9533 	DATA 	Keypress: equal
627.4532 	DATA 	Keypress: equal
628.9526 	DATA 	Keypress: equal
630.4535 	DATA 	Keypress: equal
631.9574 	DATA 	Keypress: equal
632.0847 	EXP 	vid2: autoDraw = False
632.1007 	EXP 	vid3: autoDraw = True
633.4492 	DATA 	Keypress: equal
634.9540 	DATA 	Keypress: equal
636.4528 	DATA 	Keypress: equal
637.9785 	DATA 	Keypress: equal
639.4480 	DATA 	Keypress: equal
640.9534 	DATA 	Keypress: equal
642.4566 	DATA 	Keypress: equal
643.9579 	DATA 	Keypress: equal
645.4522 	DATA 	Keypress: equal
646.9573 	DATA 	Keypress: equal
648.4526 	DATA 	Keypress: equal
649.9580 	DATA 	Keypress: equal
651.4522 	DATA 	Keypress: equal
652.9520 	DATA 	Keypress: equal
654.4532 	DATA 	Keypress: equal
655.0840 	EXP 	vid3: autoDraw = False
655.1002 	EXP 	vid4: autoDraw = True
655.9526 	DATA 	Keypress: equal
657.4481 	DATA 	Keypress: equal
658.9521 	DATA 	Keypress: equal
660.4458 	DATA 	Keypress: equal
661.9528 	DATA 	Keypress: equal
663.4522 	DATA 	Keypress: equal
664.9566 	DATA 	Keypress: equal
666.4568 	DATA 	Keypress: equal
667.9523 	DATA 	Keypress: equal
669.4525 	DATA 	Keypress: equal
670.9516 	DATA 	Keypress: equal
672.4531 	DATA 	Keypress: equal
673.9517 	DATA 	Keypress: equal
675.4574 	DATA 	Keypress: equal
676.9518 	DATA 	Keypress: equal
678.4519 	DATA 	Keypress: equal
679.0841 	EXP 	vid4: autoDraw = False
679.1000 	EXP 	vid5: autoDraw = True
679.9474 	DATA 	Keypress: equal
681.4486 	DATA 	Keypress: equal
682.9528 	DATA 	Keypress: equal
684.4467 	DATA 	Keypress: equal
685.9457 	DATA 	Keypress: equal
687.4456 	DATA 	Keypress: equal
688.9525 	DATA 	Keypress: equal
690.4521 	DATA 	Keypress: equal
691.5173 	EXP 	Set vid5 finished
691.7330 	EXP 	Created sequence: random, trialTypes=1, nReps=1, seed=None
691.7334 	EXP 	New trial (rep=0, index=0): None
692.2162 	EXP 	Created vid1a_q = MovieStim3(__class__=<class 'psychopy.visual.movie3.MovieStim3'>, autoLog=True, color=UNKNOWN, colorSpace=UNKNOWN, depth=-1.0, filename='stims/wedding-30.1a.mp4', flipHoriz=False, flipVert=False, fps=UNKNOWN, interpolate=True, loop=False, name='vid1a_q', noAudio=False, opacity=1.0, ori=0, pos=array([0., 0.]), size=array([1280.,  720.]), units='pix', vframe_callback=UNKNOWN, volume=UNKNOWN, win=Window(...))
692.5833 	EXP 	Created vid1b_q = MovieStim3(__class__=<class 'psychopy.visual.movie3.MovieStim3'>, autoLog=True, color=UNKNOWN, colorSpace=UNKNOWN, depth=-2.0, filename='stims/wedding-30.1b.mp4', flipHoriz=False, flipVert=False, fps=UNKNOWN, interpolate=True, loop=False, name='vid1b_q', noAudio=False, opacity=1.0, ori=0, pos=array([0., 0.]), size=array([1280.,  720.]), units='pix', vframe_callback=UNKNOWN, volume=UNKNOWN, win=Window(...))
693.0516 	EXP 	Created vid2_q = MovieStim3(__class__=<class 'psychopy.visual.movie3.MovieStim3'>, autoLog=True, color=UNKNOWN, colorSpace=UNKNOWN, depth=-3.0, filename='stims/wedding-30.2a.mp4', flipHoriz=False, flipVert=False, fps=UNKNOWN, interpolate=True, loop=False, name='vid2_q', noAudio=False, opacity=1.0, ori=0, pos=array([0., 0.]), size=array([1280.,  720.]), units='pix', vframe_callback=UNKNOWN, volume=UNKNOWN, win=Window(...))
693.5710 	EXP 	Created vid3_q = MovieStim3(__class__=<class 'psychopy.visual.movie3.MovieStim3'>, autoLog=True, color=UNKNOWN, colorSpace=UNKNOWN, depth=-5.0, filename='stims/wedding-30.3b.mp4', flipHoriz=False, flipVert=False, fps=UNKNOWN, interpolate=True, loop=False, name='vid3_q', noAudio=False, opacity=1.0, ori=0, pos=array([0., 0.]), size=array([1280.,  720.]), units='pix', vframe_callback=UNKNOWN, volume=UNKNOWN, win=Window(...))
694.1063 	EXP 	Created vid4_q = MovieStim3(__class__=<class 'psychopy.visual.movie3.MovieStim3'>, autoLog=True, color=UNKNOWN, colorSpace=UNKNOWN, depth=-7.0, filename='stims/wedding-30.4a.mp4', flipHoriz=False, flipVert=False, fps=UNKNOWN, interpolate=True, loop=False, name='vid4_q', noAudio=False, opacity=1.0, ori=0, pos=array([0., 0.]), size=array([1280.,  720.]), units='pix', vframe_callback=UNKNOWN, volume=UNKNOWN, win=Window(...))
694.4923 	EXP 	Created vid5_q = MovieStim3(__class__=<class 'psychopy.visual.movie3.MovieStim3'>, autoLog=True, color=UNKNOWN, colorSpace=UNKNOWN, depth=-8.0, filename='stims/wedding-30.5.mp4', flipHoriz=False, flipVert=False, fps=UNKNOWN, interpolate=True, loop=False, name='vid5_q', noAudio=False, opacity=1.0, ori=0, pos=array([0., 0.]), size=array([1280.,  720.]), units='pix', vframe_callback=UNKNOWN, volume=UNKNOWN, win=Window(...))
694.8015 	EXP 	window1: recordFrameIntervals = False
694.8050 	DATA 	Keypress: equal
694.8072 	DATA 	Keypress: equal
694.8175 	EXP 	vid1a: autoDraw = False
694.8175 	EXP 	vid1b: autoDraw = False
694.8175 	EXP 	vid2: autoDraw = False
694.8175 	EXP 	vid3: autoDraw = False
694.8175 	EXP 	vid4: autoDraw = False
694.8175 	EXP 	vid5: autoDraw = False
694.8175 	EXP 	image: autoDraw = False
694.8175 	EXP 	vid1a_q: movie = 'stims/wedding-30.1a.mp4'
694.8175 	EXP 	vid1a_q: autoLog = True
694.8175 	EXP 	vid1b_q: movie = 'stims/wedding-30.1b.mp4'
694.8175 	EXP 	vid1b_q: autoLog = True
694.8175 	EXP 	vid2_q: movie = 'stims/wedding-30.2a.mp4'
694.8175 	EXP 	vid2_q: autoLog = True
694.8175 	EXP 	vid3_q: movie = 'stims/wedding-30.3b.mp4'
694.8175 	EXP 	vid3_q: autoLog = True
694.8175 	EXP 	vid4_q: movie = 'stims/wedding-30.4a.mp4'
694.8175 	EXP 	vid4_q: autoLog = True
694.8175 	EXP 	vid5_q: movie = 'stims/wedding-30.5.mp4'
694.8175 	EXP 	vid5_q: autoLog = True
694.8175 	EXP 	vid1a_q: autoDraw = False
694.8175 	EXP 	vid1b_q: autoDraw = False
694.8175 	EXP 	vid2_q: autoDraw = False
694.8175 	EXP 	l2q: autoDraw = False
694.8175 	EXP 	vid3_q: autoDraw = False
694.8175 	EXP 	l3q: autoDraw = False
694.8175 	EXP 	vid4_q: autoDraw = False
694.8175 	EXP 	vid5_q: autoDraw = False
694.8175 	EXP 	reveal: autoDraw = False
695.0229 	EXP 	window1: recordFrameIntervals = False
696.5882 	DATA 	Keypress: equal
696.5903 	DATA 	Keypress: equal
696.8028 	EXP 	eggPainting1: image = 'stimsday1details/newegg12.png'
696.8028 	EXP 	eggPainting2: image = 'stimsday1details/egg30.png'
696.8028 	EXP 	character1: image = 'stimsday1details/couple30.png'
696.8028 	EXP 	character2: image = 'stimsday1details/newperson12.png'
696.8028 	EXP 	gift1: image = 'stimsday1details/new12.png'
696.8028 	EXP 	gift2: image = 'stimsday1details/gift30.png'
696.8028 	EXP 	themeQ1: image = 'stimsday1details/t30.png'
696.8028 	EXP 	themeQ2: image = 'stimsday1details/ct30.png'
696.8028 	EXP 	nameQ1: image = 'stimsday1details/n30.png'
696.8028 	EXP 	nameQ2: image = 'stimsday1details/cn30.png'
696.8028 	EXP 	nameQ1: autoDraw = True
696.8028 	EXP 	nameQ2: autoDraw = True
697.4688 	DATA 	Keypress: 1
697.9521 	DATA 	Keypress: equal
698.8006 	EXP 	nameQ1: autoDraw = False
698.8006 	EXP 	nameQ2: autoDraw = False
698.8006 	EXP 	nameQ1: autoDraw = False
698.8006 	EXP 	nameQ2: autoDraw = False
698.8006 	EXP 	eggPainting1: autoDraw = True
698.8006 	EXP 	eggPainting2: autoDraw = True
699.4520 	DATA 	Keypress: equal
699.5060 	DATA 	Keypress: 2
700.8040 	EXP 	eggPainting1: autoDraw = False
700.8040 	EXP 	eggPainting2: autoDraw = False
700.8040 	EXP 	eggPainting1: autoDraw = False
700.8040 	EXP 	eggPainting2: autoDraw = False
700.8040 	EXP 	character1: autoDraw = True
700.8040 	EXP 	character2: autoDraw = True
700.9514 	DATA 	Keypress: equal
701.4341 	DATA 	Keypress: 1
702.4559 	DATA 	Keypress: equal
702.8053 	EXP 	character1: autoDraw = False
702.8053 	EXP 	character2: autoDraw = False
702.8053 	EXP 	character1: autoDraw = False
702.8053 	EXP 	character2: autoDraw = False
702.8053 	EXP 	themeQ1: autoDraw = True
702.8053 	EXP 	themeQ2: autoDraw = True
703.8513 	DATA 	Keypress: 1
703.9527 	DATA 	Keypress: equal
704.8007 	EXP 	themeQ1: autoDraw = False
704.8007 	EXP 	themeQ2: autoDraw = False
704.8007 	EXP 	themeQ1: autoDraw = False
704.8007 	EXP 	themeQ2: autoDraw = False
704.8007 	EXP 	gift1: autoDraw = True
704.8007 	EXP 	gift2: autoDraw = True
705.4514 	DATA 	Keypress: equal
705.6174 	DATA 	Keypress: 2
706.8001 	EXP 	gift1: autoDraw = False
706.8001 	EXP 	gift2: autoDraw = False
706.8001 	EXP 	gift1: autoDraw = False
706.8001 	EXP 	gift2: autoDraw = False
706.8001 	EXP 	northorsouth1: autoDraw = True
706.8001 	EXP 	northorsouth2: autoDraw = True
706.9520 	DATA 	Keypress: equal
707.2184 	DATA 	Keypress: 2
708.4523 	DATA 	Keypress: equal
709.0880 	EXP 	New trial (rep=0, index=5): OrderedDict([('condsFile', 'videoBlock_schemaS_pathA_4.csv')])
709.1037 	EXP 	Imported videoBlock_schemaS_pathA_4.csv as conditions, 1 conditions, 17 params
709.1042 	EXP 	Created sequence: random, trialTypes=1, nReps=1, seed=None
709.1049 	EXP 	New trial (rep=0, index=0): OrderedDict([('northOrSouth', 'south.png'), ('stimFile1a', 'stims/wedding-21.1a.mp4'), ('stimFile1b', 'stims/wedding-21.1b.mp4'), ('stimFile2', 'stims/wedding-21.2a.mp4'), ('stimFile3', 'stims/wedding-21.3b.mp4'), ('stimFile4', 'stims/wedding-21.4a.mp4'), ('stimFile5', 'stims/wedding-21.5.mp4'), ('QeggPainting1', 'stimsday1details/egg21.png'), ('Qcharacter1', 'stimsday1details/newperson10.png'), ('Qgift1', 'stimsday1details/gift21.png'), ('QeggPainting2', 'stimsday1details/newegg10.png'), ('Qcharacter2', 'stimsday1details/couple21.png'), ('Qgift2', 'stimsday1details/new10.png'), ('Qname1', 'stimsday1details/n21.png'), ('Qtheme1', 'stimsday1details/ct21.png'), ('Qname2', 'stimsday1details/cn21.png'), ('Qtheme2', 'stimsday1details/t21.png')])
709.1168 	EXP 	northorsouth1: autoDraw = False
709.1168 	EXP 	northorsouth2: autoDraw = False
709.1168 	EXP 	northorsouth1: autoDraw = False
709.1168 	EXP 	northorsouth2: autoDraw = False
709.1168 	EXP 	image_2: autoDraw = True
709.9572 	DATA 	Keypress: equal
711.1052 	EXP 	Created sequence: random, trialTypes=1, nReps=1, seed=None
711.1054 	EXP 	New trial (rep=0, index=0): None
711.6107 	EXP 	Created vid1a = MovieStim3(__class__=<class 'psychopy.visual.movie3.MovieStim3'>, autoLog=True, color=UNKNOWN, colorSpace=UNKNOWN, depth=-1.0, filename='stims/wedding-21.1a.mp4', flipHoriz=False, flipVert=False, fps=UNKNOWN, interpolate=True, loop=False, name='vid1a', noAudio=False, opacity=1.0, ori=0, pos=array([0., 0.]), size=array([1280.,  720.]), units='pix', vframe_callback=UNKNOWN, volume=UNKNOWN, win=Window(...))
711.9661 	EXP 	Created vid1b = MovieStim3(__class__=<class 'psychopy.visual.movie3.MovieStim3'>, autoLog=True, color=UNKNOWN, colorSpace=UNKNOWN, depth=-2.0, filename='stims/wedding-21.1b.mp4', flipHoriz=False, flipVert=False, fps=UNKNOWN, interpolate=True, loop=False, name='vid1b', noAudio=False, opacity=1.0, ori=0, pos=array([0., 0.]), size=array([1280.,  720.]), units='pix', vframe_callback=UNKNOWN, volume=UNKNOWN, win=Window(...))
712.4837 	EXP 	Created vid2 = MovieStim3(__class__=<class 'psychopy.visual.movie3.MovieStim3'>, autoLog=True, color=UNKNOWN, colorSpace=UNKNOWN, depth=-3.0, filename='stims/wedding-21.2a.mp4', flipHoriz=False, flipVert=False, fps=UNKNOWN, interpolate=True, loop=False, name='vid2', noAudio=False, opacity=1.0, ori=0, pos=array([0., 0.]), size=array([1280.,  720.]), units='pix', vframe_callback=UNKNOWN, volume=UNKNOWN, win=Window(...))
713.0735 	EXP 	Created vid3 = MovieStim3(__class__=<class 'psychopy.visual.movie3.MovieStim3'>, autoLog=True, color=UNKNOWN, colorSpace=UNKNOWN, depth=-4.0, filename='stims/wedding-21.3b.mp4', flipHoriz=False, flipVert=False, fps=UNKNOWN, interpolate=True, loop=False, name='vid3', noAudio=False, opacity=1.0, ori=0, pos=array([0., 0.]), size=array([1280.,  720.]), units='pix', vframe_callback=UNKNOWN, volume=UNKNOWN, win=Window(...))
713.6785 	EXP 	Created vid4 = MovieStim3(__class__=<class 'psychopy.visual.movie3.MovieStim3'>, autoLog=True, color=UNKNOWN, colorSpace=UNKNOWN, depth=-5.0, filename='stims/wedding-21.4a.mp4', flipHoriz=False, flipVert=False, fps=UNKNOWN, interpolate=True, loop=False, name='vid4', noAudio=False, opacity=1.0, ori=0, pos=array([0., 0.]), size=array([1280.,  720.]), units='pix', vframe_callback=UNKNOWN, volume=UNKNOWN, win=Window(...))
714.0598 	EXP 	Created vid5 = MovieStim3(__class__=<class 'psychopy.visual.movie3.MovieStim3'>, autoLog=True, color=UNKNOWN, colorSpace=UNKNOWN, depth=-6.0, filename='stims/wedding-21.5.mp4', flipHoriz=False, flipVert=False, fps=UNKNOWN, interpolate=True, loop=False, name='vid5', noAudio=False, opacity=1.0, ori=0, pos=array([0., 0.]), size=array([1280.,  720.]), units='pix', vframe_callback=UNKNOWN, volume=UNKNOWN, win=Window(...))
714.3656 	EXP 	Created sequence: random, trialTypes=1, nReps=1, seed=None
714.3660 	EXP 	New trial (rep=0, index=0): None
714.8446 	EXP 	Created vid1a_q = MovieStim3(__class__=<class 'psychopy.visual.movie3.MovieStim3'>, autoLog=True, color=UNKNOWN, colorSpace=UNKNOWN, depth=-1.0, filename='stims/wedding-21.1a.mp4', flipHoriz=False, flipVert=False, fps=UNKNOWN, interpolate=True, loop=False, name='vid1a_q', noAudio=False, opacity=1.0, ori=0, pos=array([0., 0.]), size=array([1280.,  720.]), units='pix', vframe_callback=UNKNOWN, volume=UNKNOWN, win=Window(...))
715.1840 	EXP 	Created vid1b_q = MovieStim3(__class__=<class 'psychopy.visual.movie3.MovieStim3'>, autoLog=True, color=UNKNOWN, colorSpace=UNKNOWN, depth=-2.0, filename='stims/wedding-21.1b.mp4', flipHoriz=False, flipVert=False, fps=UNKNOWN, interpolate=True, loop=False, name='vid1b_q', noAudio=False, opacity=1.0, ori=0, pos=array([0., 0.]), size=array([1280.,  720.]), units='pix', vframe_callback=UNKNOWN, volume=UNKNOWN, win=Window(...))
715.6602 	EXP 	Created vid2_q = MovieStim3(__class__=<class 'psychopy.visual.movie3.MovieStim3'>, autoLog=True, color=UNKNOWN, colorSpace=UNKNOWN, depth=-3.0, filename='stims/wedding-21.2a.mp4', flipHoriz=False, flipVert=False, fps=UNKNOWN, interpolate=True, loop=False, name='vid2_q', noAudio=False, opacity=1.0, ori=0, pos=array([0., 0.]), size=array([1280.,  720.]), units='pix', vframe_callback=UNKNOWN, volume=UNKNOWN, win=Window(...))
716.1792 	EXP 	Created vid3_q = MovieStim3(__class__=<class 'psychopy.visual.movie3.MovieStim3'>, autoLog=True, color=UNKNOWN, colorSpace=UNKNOWN, depth=-5.0, filename='stims/wedding-21.3b.mp4', flipHoriz=False, flipVert=False, fps=UNKNOWN, interpolate=True, loop=False, name='vid3_q', noAudio=False, opacity=1.0, ori=0, pos=array([0., 0.]), size=array([1280.,  720.]), units='pix', vframe_callback=UNKNOWN, volume=UNKNOWN, win=Window(...))
716.7103 	EXP 	Created vid4_q = MovieStim3(__class__=<class 'psychopy.visual.movie3.MovieStim3'>, autoLog=True, color=UNKNOWN, colorSpace=UNKNOWN, depth=-7.0, filename='stims/wedding-21.4a.mp4', flipHoriz=False, flipVert=False, fps=UNKNOWN, interpolate=True, loop=False, name='vid4_q', noAudio=False, opacity=1.0, ori=0, pos=array([0., 0.]), size=array([1280.,  720.]), units='pix', vframe_callback=UNKNOWN, volume=UNKNOWN, win=Window(...))
717.0873 	EXP 	Created vid5_q = MovieStim3(__class__=<class 'psychopy.visual.movie3.MovieStim3'>, autoLog=True, color=UNKNOWN, colorSpace=UNKNOWN, depth=-8.0, filename='stims/wedding-21.5.mp4', flipHoriz=False, flipVert=False, fps=UNKNOWN, interpolate=True, loop=False, name='vid5_q', noAudio=False, opacity=1.0, ori=0, pos=array([0., 0.]), size=array([1280.,  720.]), units='pix', vframe_callback=UNKNOWN, volume=UNKNOWN, win=Window(...))
717.2030 	EXP 	window1: recordFrameIntervals = False
717.2066 	DATA 	Keypress: equal
717.2094 	DATA 	Keypress: equal
717.2116 	DATA 	Keypress: equal
717.2138 	DATA 	Keypress: equal
717.2338 	EXP 	image_2: autoDraw = False
717.2338 	EXP 	image_2: autoDraw = False
717.2338 	EXP 	vid1a: movie = 'stims/wedding-21.1a.mp4'
717.2338 	EXP 	vid1a: autoLog = True
717.2338 	EXP 	vid1b: movie = 'stims/wedding-21.1b.mp4'
717.2338 	EXP 	vid1b: autoLog = True
717.2338 	EXP 	vid2: movie = 'stims/wedding-21.2a.mp4'
717.2338 	EXP 	vid2: autoLog = True
717.2338 	EXP 	vid3: movie = 'stims/wedding-21.3b.mp4'
717.2338 	EXP 	vid3: autoLog = True
717.2338 	EXP 	vid4: movie = 'stims/wedding-21.4a.mp4'
717.2338 	EXP 	vid4: autoLog = True
717.2338 	EXP 	vid5: movie = 'stims/wedding-21.5.mp4'
717.2338 	EXP 	vid5: autoLog = True
717.2338 	EXP 	vid1a: autoDraw = False
717.2338 	EXP 	vid1b: autoDraw = False
717.2338 	EXP 	vid2: autoDraw = False
717.2338 	EXP 	vid3: autoDraw = False
717.2338 	EXP 	vid4: autoDraw = False
717.2338 	EXP 	vid5: autoDraw = False
717.2338 	EXP 	image: autoDraw = False
717.2338 	EXP 	vid1a_q: movie = 'stims/wedding-21.1a.mp4'
717.2338 	EXP 	vid1a_q: autoLog = True
717.2338 	EXP 	vid1b_q: movie = 'stims/wedding-21.1b.mp4'
717.2338 	EXP 	vid1b_q: autoLog = True
717.2338 	EXP 	vid2_q: movie = 'stims/wedding-21.2a.mp4'
717.2338 	EXP 	vid2_q: autoLog = True
717.2338 	EXP 	vid3_q: movie = 'stims/wedding-21.3b.mp4'
717.2338 	EXP 	vid3_q: autoLog = True
717.2338 	EXP 	vid4_q: movie = 'stims/wedding-21.4a.mp4'
717.2338 	EXP 	vid4_q: autoLog = True
717.2338 	EXP 	vid5_q: movie = 'stims/wedding-21.5.mp4'
717.2338 	EXP 	vid5_q: autoLog = True
719.9740 	EXP 	window1: recordFrameIntervals = False
721.4953 	DATA 	Keypress: equal
721.4983 	DATA 	Keypress: equal
721.5006 	DATA 	Keypress: equal
721.7003 	EXP 	vid1a_q: movie = 'stims/wedding-21.1a.mp4'
721.7003 	EXP 	vid1b_q: movie = 'stims/wedding-21.1b.mp4'
721.7003 	EXP 	vid2_q: movie = 'stims/wedding-21.2a.mp4'
721.7003 	EXP 	vid3_q: movie = 'stims/wedding-21.3b.mp4'
721.7003 	EXP 	vid4_q: movie = 'stims/wedding-21.4a.mp4'
721.7003 	EXP 	vid5_q: movie = 'stims/wedding-21.5.mp4'
721.7003 	EXP 	reveal: image = 'south.png'
721.7159 	EXP 	vid1a_q: autoDraw = True
721.7159 	EXP 	reveal: autoDraw = True
721.7159 	EXP 	reveal: autoDraw = False
721.9530 	DATA 	Keypress: equal
723.4515 	DATA 	Keypress: equal
724.9518 	DATA 	Keypress: equal
726.4563 	DATA 	Keypress: equal
727.9569 	DATA 	Keypress: equal
729.4472 	DATA 	Keypress: equal
730.9429 	DATA 	Keypress: equal
732.4411 	DATA 	Keypress: equal
733.9421 	DATA 	Keypress: equal
735.4431 	DATA 	Keypress: equal
736.9432 	DATA 	Keypress: equal
738.4433 	DATA 	Keypress: equal
739.9408 	DATA 	Keypress: equal
741.4417 	DATA 	Keypress: equal
742.9421 	DATA 	Keypress: equal
744.3833 	EXP 	vid1a_q: autoDraw = False
744.3833 	EXP 	vid1b_q: autoDraw = True
744.4519 	DATA 	Keypress: equal
745.9508 	DATA 	Keypress: equal
747.4515 	DATA 	Keypress: equal
748.9426 	DATA 	Keypress: equal
750.4524 	DATA 	Keypress: equal
751.9515 	DATA 	Keypress: equal
752.9322 	EXP 	Set vid1b_q finished
753.3831 	EXP 	vid2_q: autoDraw = True
753.4762 	DATA 	Keypress: equal
754.9514 	DATA 	Keypress: equal
756.4514 	DATA 	Keypress: equal
757.9565 	DATA 	Keypress: equal
759.4526 	DATA 	Keypress: equal
760.9558 	DATA 	Keypress: equal
762.4399 	DATA 	Keypress: equal
763.9406 	DATA 	Keypress: equal
765.4403 	DATA 	Keypress: equal
766.9424 	DATA 	Keypress: equal
768.4416 	DATA 	Keypress: equal
769.9473 	DATA 	Keypress: equal
770.3652 	EXP 	Set vid2_q finished
770.3997 	EXP 	l2q: autoDraw = True
771.4427 	DATA 	Keypress: equal
771.7432 	DATA 	Keypress: 2
772.9552 	DATA 	Keypress: equal
774.3872 	EXP 	l2q: autoDraw = False
774.3872 	EXP 	vid3_q: autoDraw = True
774.4560 	DATA 	Keypress: equal
775.9560 	DATA 	Keypress: equal
777.4562 	DATA 	Keypress: equal
778.9398 	DATA 	Keypress: equal
780.4390 	DATA 	Keypress: equal
781.9411 	DATA 	Keypress: equal
783.4418 	DATA 	Keypress: equal
784.9465 	DATA 	Keypress: equal
786.4429 	DATA 	Keypress: equal
787.9438 	DATA 	Keypress: equal
789.4436 	DATA 	Keypress: equal
790.9437 	DATA 	Keypress: equal
792.4505 	DATA 	Keypress: equal
793.9514 	DATA 	Keypress: equal
795.4510 	DATA 	Keypress: equal
796.9507 	DATA 	Keypress: equal
797.3819 	EXP 	vid3_q: autoDraw = False
797.4030 	EXP 	l3q: autoDraw = True
798.2179 	DATA 	Keypress: 1
798.4548 	DATA 	Keypress: equal
799.9556 	DATA 	Keypress: equal
801.3651 	EXP 	l3q: autoDraw = False
801.3984 	EXP 	vid4_q: autoDraw = True
801.4400 	DATA 	Keypress: equal
802.9466 	DATA 	Keypress: equal
804.4408 	DATA 	Keypress: equal
805.9432 	DATA 	Keypress: equal
807.4417 	DATA 	Keypress: equal
808.9410 	DATA 	Keypress: equal
810.4415 	DATA 	Keypress: equal
811.9509 	DATA 	Keypress: equal
813.4551 	DATA 	Keypress: equal
814.9548 	DATA 	Keypress: equal
816.4516 	DATA 	Keypress: equal
817.9510 	DATA 	Keypress: equal
819.4522 	DATA 	Keypress: equal
820.9512 	DATA 	Keypress: equal
822.4502 	DATA 	Keypress: equal
823.9500 	DATA 	Keypress: equal
825.3656 	EXP 	vid4_q: autoDraw = False
825.3982 	EXP 	vid5_q: autoDraw = True
825.4400 	DATA 	Keypress: equal
826.9403 	DATA 	Keypress: equal
828.4445 	DATA 	Keypress: equal
829.9433 	DATA 	Keypress: equal
831.4381 	DATA 	Keypress: equal
832.9383 	DATA 	Keypress: equal
834.4387 	DATA 	Keypress: equal
835.9499 	DATA 	Keypress: equal
837.4510 	DATA 	Keypress: equal
838.6639 	EXP 	window1: recordFrameIntervals = False
838.6818 	EXP 	vid5_q: autoDraw = False
838.6818 	EXP 	vid1a_q: autoDraw = False
838.6818 	EXP 	vid1b_q: autoDraw = False
838.6818 	EXP 	vid2_q: autoDraw = False
838.6818 	EXP 	l2q: autoDraw = False
838.6818 	EXP 	vid3_q: autoDraw = False
838.6818 	EXP 	l3q: autoDraw = False
838.6818 	EXP 	vid4_q: autoDraw = False
838.6818 	EXP 	vid5_q: autoDraw = False
838.6818 	EXP 	reveal: autoDraw = False
838.8826 	EXP 	window1: recordFrameIntervals = False
840.4506 	DATA 	Keypress: equal
840.4527 	DATA 	Keypress: equal
840.6653 	EXP 	eggPainting1: image = 'stimsday1details/egg21.png'
840.6653 	EXP 	eggPainting2: image = 'stimsday1details/newegg10.png'
840.6653 	EXP 	character1: image = 'stimsday1details/newperson10.png'
840.6653 	EXP 	character2: image = 'stimsday1details/couple21.png'
840.6653 	EXP 	gift1: image = 'stimsday1details/gift21.png'
840.6653 	EXP 	gift2: image = 'stimsday1details/new10.png'
840.6653 	EXP 	themeQ1: image = 'stimsday1details/ct21.png'
840.6653 	EXP 	themeQ2: image = 'stimsday1details/t21.png'
840.6653 	EXP 	nameQ1: image = 'stimsday1details/n21.png'
840.6653 	EXP 	nameQ2: image = 'stimsday1details/cn21.png'
840.6653 	EXP 	nameQ1: autoDraw = True
840.6653 	EXP 	nameQ2: autoDraw = True
841.4998 	DATA 	Keypress: 1
841.9502 	DATA 	Keypress: equal
842.6643 	EXP 	nameQ1: autoDraw = False
842.6643 	EXP 	nameQ2: autoDraw = False
842.6643 	EXP 	nameQ1: autoDraw = False
842.6643 	EXP 	nameQ2: autoDraw = False
842.6643 	EXP 	eggPainting1: autoDraw = True
842.6643 	EXP 	eggPainting2: autoDraw = True
843.4504 	DATA 	Keypress: equal
843.5164 	DATA 	Keypress: 1
844.6642 	EXP 	eggPainting1: autoDraw = False
844.6642 	EXP 	eggPainting2: autoDraw = False
844.6642 	EXP 	eggPainting1: autoDraw = False
844.6642 	EXP 	eggPainting2: autoDraw = False
844.6642 	EXP 	character1: autoDraw = True
844.6642 	EXP 	character2: autoDraw = True
844.9381 	DATA 	Keypress: equal
845.8720 	DATA 	Keypress: 2
846.4501 	DATA 	Keypress: equal
846.6694 	EXP 	character1: autoDraw = False
846.6694 	EXP 	character2: autoDraw = False
846.6694 	EXP 	character1: autoDraw = False
846.6694 	EXP 	character2: autoDraw = False
846.6694 	EXP 	themeQ1: autoDraw = True
846.6694 	EXP 	themeQ2: autoDraw = True
847.5209 	DATA 	Keypress: 2
847.9496 	DATA 	Keypress: equal
848.6689 	EXP 	themeQ1: autoDraw = False
848.6689 	EXP 	themeQ2: autoDraw = False
848.6689 	EXP 	themeQ1: autoDraw = False
848.6689 	EXP 	themeQ2: autoDraw = False
848.6689 	EXP 	gift1: autoDraw = True
848.6689 	EXP 	gift2: autoDraw = True
849.3375 	DATA 	Keypress: 1
849.4370 	DATA 	Keypress: equal
850.6643 	EXP 	gift1: autoDraw = False
850.6643 	EXP 	gift2: autoDraw = False
850.6643 	EXP 	gift1: autoDraw = False
850.6643 	EXP 	gift2: autoDraw = False
850.6643 	EXP 	northorsouth1: autoDraw = True
850.6643 	EXP 	northorsouth2: autoDraw = True
850.9370 	DATA 	Keypress: equal
851.1541 	DATA 	Keypress: 2
852.4543 	DATA 	Keypress: equal
853.1481 	EXP 	northorsouth1: autoDraw = False
853.1481 	EXP 	northorsouth2: autoDraw = False
853.1481 	EXP 	northorsouth1: autoDraw = False
853.1481 	EXP 	northorsouth2: autoDraw = False
853.4558 	EXP 	window1: mouseVisible = True
