1.8223 	WARNING 	Import Error: No module named 'psychtoolbox'. Using event module for keyboard component.
8.4137 	EXP 	Created window1 = Window(allowGUI=False, allowStencil=False, args=UNKNOWN, autoLog=True, bitsMode=UNKNOWN, blendMode='avg', color=array([0., 0., 0.]), colorSpace='rgb', fullscr=<method-wrapper '__getattribute__' of attributeSetter object at 0x132c580198>, gamma=None, kwargs=UNKNOWN, lms=UNKNOWN, monitor=<psychopy.monitors.calibTools.Monitor object at 0x132e1e5cc0>, multiSample=False, name='window1', numSamples=2, pos=[0.0, 0.0], screen=0, size=array([1920, 1080]), stereo=False, units='norm', useFBO=True, useRetina=False, viewOri=0.0, viewPos=None, viewScale=None, waitBlanking=True, winType='pyglet')
8.4138 	EXP 	window1: recordFrameIntervals = False
8.5796 	EXP 	window1: recordFrameIntervals = True
8.7631 	EXP 	window1: recordFrameIntervals = False
8.8861 	EXP 	Created text = TextStim(__class__=<class 'psychopy.visual.text.TextStim'>, alignHoriz='center', alignVert='center', antialias=True, autoLog=True, bold=False, color='white', colorSpace='named', contrast=1.0, depth=0.0, flipHoriz=False, flipVert=False, font='Arial', fontFiles=[], height=0.1, italic=False, languageStyle='LTR', name='text', opacity=1.0, ori=0, pos=array([0., 0.]), rgb=array([255., 255., 255.]), text='waiting for experimenter...', units='norm', win=Window(...), wrapWidth=1)
8.8950 	EXP 	Created waiting = TextStim(__class__=<class 'psychopy.visual.text.TextStim'>, alignHoriz='center', alignVert='center', antialias=True, autoLog=True, bold=False, color='white', colorSpace='named', contrast=1.0, depth=0.0, flipHoriz=False, flipVert=False, font='Arial', fontFiles=[], height=0.1, italic=False, languageStyle='LTR', name='waiting', opacity=1.0, ori=0, pos=array([0., 0.]), rgb=array([255., 255., 255.]), text='waiting for scanner...', units='norm', win=Window(...), wrapWidth=1)
8.9153 	EXP 	Created image_3 = ImageStim(__class__=<class 'psychopy.visual.image.ImageStim'>, autoLog=True, color=array([1., 1., 1.]), colorSpace='rgb', contrast=1.0, depth=0.0, flipHoriz=False, flipVert=False, image='north.png', interpolate=True, mask=None, maskParams=None, name='image_3', opacity=1.0, ori=0.0, pos=array([0., 0.]), size=array([0.5, 0.5]), texRes=128, units='norm', win=Window(...))
8.9257 	EXP 	Created l2q = ImageStim(__class__=<class 'psychopy.visual.image.ImageStim'>, autoLog=True, color=array([1., 1., 1.]), colorSpace='rgb', contrast=1.0, depth=-4.0, flipHoriz=False, flipVert=False, image='LAYER2Q.png', interpolate=True, mask=None, maskParams=None, name='l2q', opacity=1.0, ori=0.0, pos=array([0., 0.]), size=array([0.5, 0.5]), texRes=128, units='norm', win=Window(...))
8.9357 	EXP 	Created l3q = ImageStim(__class__=<class 'psychopy.visual.image.ImageStim'>, autoLog=True, color=array([1., 1., 1.]), colorSpace='rgb', contrast=1.0, depth=-6.0, flipHoriz=False, flipVert=False, image='LAYER3Q.png', interpolate=True, mask=None, maskParams=None, name='l3q', opacity=1.0, ori=0.0, pos=array([0., 0.]), size=array([0.5, 0.5]), texRes=128, units='norm', win=Window(...))
8.9413 	EXP 	Created nameQ1 = ImageStim(__class__=<class 'psychopy.visual.image.ImageStim'>, autoLog=True, color=array([1., 1., 1.]), colorSpace='rgb', contrast=1.0, depth=-1.0, flipHoriz=False, flipVert=False, image='sin', interpolate=True, mask=None, maskParams=None, name='nameQ1', opacity=1.0, ori=0.0, pos=array([-0.5, -0.2]), size=array([0.5, 0.5]), texRes=128, units='norm', win=Window(...))
8.9438 	EXP 	Created nameQ2 = ImageStim(__class__=<class 'psychopy.visual.image.ImageStim'>, autoLog=True, color=array([1., 1., 1.]), colorSpace='rgb', contrast=1.0, depth=-2.0, flipHoriz=False, flipVert=False, image='sin', interpolate=True, mask=None, maskParams=None, name='nameQ2', opacity=1.0, ori=0.0, pos=array([ 0.5, -0.2]), size=array([0.5, 0.5]), texRes=128, units='norm', win=Window(...))
8.9462 	EXP 	Created eggPainting1 = ImageStim(__class__=<class 'psychopy.visual.image.ImageStim'>, autoLog=True, color=array([1., 1., 1.]), colorSpace='rgb', contrast=1.0, depth=0.0, flipHoriz=False, flipVert=False, image='sin', interpolate=True, mask=None, maskParams=None, name='eggPainting1', opacity=1.0, ori=0.0, pos=array([-0.5, -0.2]), size=array([0.7, 1. ]), texRes=128, units='norm', win=Window(...))
8.9486 	EXP 	Created eggPainting2 = ImageStim(__class__=<class 'psychopy.visual.image.ImageStim'>, autoLog=True, color=array([1., 1., 1.]), colorSpace='rgb', contrast=1.0, depth=-2.0, flipHoriz=False, flipVert=False, image='sin', interpolate=True, mask=None, maskParams=None, name='eggPainting2', opacity=1.0, ori=0.0, pos=array([ 0.5, -0.2]), size=array([0.7, 1. ]), texRes=128, units='norm', win=Window(...))
8.9510 	EXP 	Created character1 = ImageStim(__class__=<class 'psychopy.visual.image.ImageStim'>, autoLog=True, color=array([1., 1., 1.]), colorSpace='rgb', contrast=1.0, depth=0.0, flipHoriz=False, flipVert=False, image='sin', interpolate=True, mask=None, maskParams=None, name='character1', opacity=1.0, ori=0.0, pos=array([-0.5, -0.2]), size=array([0.5, 1. ]), texRes=128, units='norm', win=Window(...))
8.9536 	EXP 	Created character2 = ImageStim(__class__=<class 'psychopy.visual.image.ImageStim'>, autoLog=True, color=array([1., 1., 1.]), colorSpace='rgb', contrast=1.0, depth=-1.0, flipHoriz=False, flipVert=False, image='sin', interpolate=True, mask=None, maskParams=None, name='character2', opacity=1.0, ori=0.0, pos=array([ 0.5, -0.2]), size=array([0.5, 1. ]), texRes=128, units='norm', win=Window(...))
8.9562 	EXP 	Created themeQ1 = ImageStim(__class__=<class 'psychopy.visual.image.ImageStim'>, autoLog=True, color=array([1., 1., 1.]), colorSpace='rgb', contrast=1.0, depth=-1.0, flipHoriz=False, flipVert=False, image='sin', interpolate=True, mask=None, maskParams=None, name='themeQ1', opacity=1.0, ori=0.0, pos=array([-0.5, -0.2]), size=array([0.5, 0.5]), texRes=128, units='norm', win=Window(...))
8.9588 	EXP 	Created themeQ2 = ImageStim(__class__=<class 'psychopy.visual.image.ImageStim'>, autoLog=True, color=array([1., 1., 1.]), colorSpace='rgb', contrast=1.0, depth=-2.0, flipHoriz=False, flipVert=False, image='sin', interpolate=True, mask=None, maskParams=None, name='themeQ2', opacity=1.0, ori=0.0, pos=array([ 0.5, -0.2]), size=array([0.5, 0.5]), texRes=128, units='norm', win=Window(...))
8.9612 	EXP 	Created gift1 = ImageStim(__class__=<class 'psychopy.visual.image.ImageStim'>, autoLog=True, color=array([1., 1., 1.]), colorSpace='rgb', contrast=1.0, depth=0.0, flipHoriz=False, flipVert=False, image='sin', interpolate=True, mask=None, maskParams=None, name='gift1', opacity=1.0, ori=0.0, pos=array([-0.5, -0.2]), size=array([0.5, 0.5]), texRes=128, units='norm', win=Window(...))
8.9636 	EXP 	Created gift2 = ImageStim(__class__=<class 'psychopy.visual.image.ImageStim'>, autoLog=True, color=array([1., 1., 1.]), colorSpace='rgb', contrast=1.0, depth=-1.0, flipHoriz=False, flipVert=False, image='sin', interpolate=True, mask=None, maskParams=None, name='gift2', opacity=1.0, ori=0.0, pos=array([ 0.5, -0.2]), size=array([0.5, 0.5]), texRes=128, units='norm', win=Window(...))
8.9674 	EXP 	Created northorsouth1 = ImageStim(__class__=<class 'psychopy.visual.image.ImageStim'>, autoLog=True, color=array([1., 1., 1.]), colorSpace='rgb', contrast=1.0, depth=0.0, flipHoriz=False, flipVert=False, image='northorsouth1.png', interpolate=True, mask=None, maskParams=None, name='northorsouth1', opacity=1.0, ori=0.0, pos=array([-0.5, -0.2]), size=array([0.5, 0.5]), texRes=128, units='norm', win=Window(...))
8.9710 	EXP 	Created northorsouth2 = ImageStim(__class__=<class 'psychopy.visual.image.ImageStim'>, autoLog=True, color=array([1., 1., 1.]), colorSpace='rgb', contrast=1.0, depth=-2.0, flipHoriz=False, flipVert=False, image='northorsouth2.png', interpolate=True, mask=None, maskParams=None, name='northorsouth2', opacity=1.0, ori=0.0, pos=array([ 0.5, -0.2]), size=array([0.5, 0.5]), texRes=128, units='norm', win=Window(...))
8.9962 	EXP 	text: autoDraw = True
9.2500 	DATA 	Keypress: g
9.2629 	EXP 	text: autoDraw = False
9.2629 	EXP 	waiting: autoDraw = True
25.2148 	DATA 	Keypress: equal
25.2258 	EXP 	Imported chooseBlock2.csv as conditions, 6 conditions, 1 params
25.2262 	EXP 	Created sequence: random, trialTypes=6, nReps=1, seed=None
25.2267 	EXP 	New trial (rep=0, index=0): OrderedDict([('condsFile', 'videoBlock_schemaN_pathB_6.csv')])
25.2365 	EXP 	Imported videoBlock_schemaN_pathB_6.csv as conditions, 1 conditions, 17 params
25.2369 	EXP 	Created sequence: random, trialTypes=1, nReps=1, seed=None
25.2376 	EXP 	New trial (rep=0, index=0): OrderedDict([('northOrSouth', 'north.png'), ('stimFile1a', 'stims/wedding-16.1a.mp4'), ('stimFile1b', 'stims/wedding-16.1b.mp4'), ('stimFile2', 'stims/wedding-16.2b.mp4'), ('stimFile3', 'stims/wedding-16.3b.mp4'), ('stimFile4', 'stims/wedding-16.4b.mp4'), ('stimFile5', 'stims/wedding-16.5.mp4'), ('QeggPainting1', 'stimsday1details/painting16.png'), ('Qcharacter1', 'stimsday1details/newperson18.png'), ('Qgift1', 'stimsday1details/gift16.png'), ('QeggPainting2', 'stimsday1details/newpainting6.png'), ('Qcharacter2', 'stimsday1details/couple16.png'), ('Qgift2', 'stimsday1details/new18.png'), ('Qname1', 'stimsday1details/n16.png'), ('Qtheme1', 'stimsday1details/ct16.png'), ('Qname2', 'stimsday1details/cn16.png'), ('Qtheme2', 'stimsday1details/t16.png')])
25.2491 	EXP 	waiting: autoDraw = False
25.2491 	EXP 	image_3: autoDraw = True
26.7143 	DATA 	Keypress: equal
27.2302 	EXP 	Created sequence: random, trialTypes=1, nReps=1, seed=None
27.2305 	EXP 	New trial (rep=0, index=0): None
27.7490 	EXP 	Created vid1a = MovieStim3(__class__=<class 'psychopy.visual.movie3.MovieStim3'>, autoLog=True, color=UNKNOWN, colorSpace=UNKNOWN, depth=-1.0, filename='stims/wedding-16.1a.mp4', flipHoriz=False, flipVert=False, fps=UNKNOWN, interpolate=True, loop=False, name='vid1a', noAudio=False, opacity=1.0, ori=0, pos=array([0., 0.]), size=array([1280.,  720.]), units='pix', vframe_callback=UNKNOWN, volume=UNKNOWN, win=Window(...))
28.1281 	EXP 	Created vid1b = MovieStim3(__class__=<class 'psychopy.visual.movie3.MovieStim3'>, autoLog=True, color=UNKNOWN, colorSpace=UNKNOWN, depth=-2.0, filename='stims/wedding-16.1b.mp4', flipHoriz=False, flipVert=False, fps=UNKNOWN, interpolate=True, loop=False, name='vid1b', noAudio=False, opacity=1.0, ori=0, pos=array([0., 0.]), size=array([1280.,  720.]), units='pix', vframe_callback=UNKNOWN, volume=UNKNOWN, win=Window(...))
28.5799 	EXP 	Created vid2 = MovieStim3(__class__=<class 'psychopy.visual.movie3.MovieStim3'>, autoLog=True, color=UNKNOWN, colorSpace=UNKNOWN, depth=-3.0, filename='stims/wedding-16.2b.mp4', flipHoriz=False, flipVert=False, fps=UNKNOWN, interpolate=True, loop=False, name='vid2', noAudio=False, opacity=1.0, ori=0, pos=array([0., 0.]), size=array([1280.,  720.]), units='pix', vframe_callback=UNKNOWN, volume=UNKNOWN, win=Window(...))
29.1152 	EXP 	Created vid3 = MovieStim3(__class__=<class 'psychopy.visual.movie3.MovieStim3'>, autoLog=True, color=UNKNOWN, colorSpace=UNKNOWN, depth=-4.0, filename='stims/wedding-16.3b.mp4', flipHoriz=False, flipVert=False, fps=UNKNOWN, interpolate=True, loop=False, name='vid3', noAudio=False, opacity=1.0, ori=0, pos=array([0., 0.]), size=array([1280.,  720.]), units='pix', vframe_callback=UNKNOWN, volume=UNKNOWN, win=Window(...))
29.6415 	EXP 	Created vid4 = MovieStim3(__class__=<class 'psychopy.visual.movie3.MovieStim3'>, autoLog=True, color=UNKNOWN, colorSpace=UNKNOWN, depth=-5.0, filename='stims/wedding-16.4b.mp4', flipHoriz=False, flipVert=False, fps=UNKNOWN, interpolate=True, loop=False, name='vid4', noAudio=False, opacity=1.0, ori=0, pos=array([0., 0.]), size=array([1280.,  720.]), units='pix', vframe_callback=UNKNOWN, volume=UNKNOWN, win=Window(...))
30.0370 	EXP 	Created vid5 = MovieStim3(__class__=<class 'psychopy.visual.movie3.MovieStim3'>, autoLog=True, color=UNKNOWN, colorSpace=UNKNOWN, depth=-6.0, filename='stims/wedding-16.5.mp4', flipHoriz=False, flipVert=False, fps=UNKNOWN, interpolate=True, loop=False, name='vid5', noAudio=False, opacity=1.0, ori=0, pos=array([0., 0.]), size=array([1280.,  720.]), units='pix', vframe_callback=UNKNOWN, volume=UNKNOWN, win=Window(...))
30.0811 	EXP 	Created sequence: random, trialTypes=1, nReps=1, seed=None
30.0814 	EXP 	New trial (rep=0, index=0): None
30.4889 	EXP 	Created vid1a_q = MovieStim3(__class__=<class 'psychopy.visual.movie3.MovieStim3'>, autoLog=True, color=UNKNOWN, colorSpace=UNKNOWN, depth=-1.0, filename='stims/wedding-16.1a.mp4', flipHoriz=False, flipVert=False, fps=UNKNOWN, interpolate=True, loop=False, name='vid1a_q', noAudio=False, opacity=1.0, ori=0, pos=array([0., 0.]), size=array([1280.,  720.]), units='pix', vframe_callback=UNKNOWN, volume=UNKNOWN, win=Window(...))
30.8593 	EXP 	Created vid1b_q = MovieStim3(__class__=<class 'psychopy.visual.movie3.MovieStim3'>, autoLog=True, color=UNKNOWN, colorSpace=UNKNOWN, depth=-2.0, filename='stims/wedding-16.1b.mp4', flipHoriz=False, flipVert=False, fps=UNKNOWN, interpolate=True, loop=False, name='vid1b_q', noAudio=False, opacity=1.0, ori=0, pos=array([0., 0.]), size=array([1280.,  720.]), units='pix', vframe_callback=UNKNOWN, volume=UNKNOWN, win=Window(...))
31.3043 	EXP 	Created vid2_q = MovieStim3(__class__=<class 'psychopy.visual.movie3.MovieStim3'>, autoLog=True, color=UNKNOWN, colorSpace=UNKNOWN, depth=-3.0, filename='stims/wedding-16.2b.mp4', flipHoriz=False, flipVert=False, fps=UNKNOWN, interpolate=True, loop=False, name='vid2_q', noAudio=False, opacity=1.0, ori=0, pos=array([0., 0.]), size=array([1280.,  720.]), units='pix', vframe_callback=UNKNOWN, volume=UNKNOWN, win=Window(...))
31.8166 	EXP 	Created vid3_q = MovieStim3(__class__=<class 'psychopy.visual.movie3.MovieStim3'>, autoLog=True, color=UNKNOWN, colorSpace=UNKNOWN, depth=-5.0, filename='stims/wedding-16.3b.mp4', flipHoriz=False, flipVert=False, fps=UNKNOWN, interpolate=True, loop=False, name='vid3_q', noAudio=False, opacity=1.0, ori=0, pos=array([0., 0.]), size=array([1280.,  720.]), units='pix', vframe_callback=UNKNOWN, volume=UNKNOWN, win=Window(...))
32.3220 	EXP 	Created vid4_q = MovieStim3(__class__=<class 'psychopy.visual.movie3.MovieStim3'>, autoLog=True, color=UNKNOWN, colorSpace=UNKNOWN, depth=-7.0, filename='stims/wedding-16.4b.mp4', flipHoriz=False, flipVert=False, fps=UNKNOWN, interpolate=True, loop=False, name='vid4_q', noAudio=False, opacity=1.0, ori=0, pos=array([0., 0.]), size=array([1280.,  720.]), units='pix', vframe_callback=UNKNOWN, volume=UNKNOWN, win=Window(...))
32.7032 	EXP 	Created vid5_q = MovieStim3(__class__=<class 'psychopy.visual.movie3.MovieStim3'>, autoLog=True, color=UNKNOWN, colorSpace=UNKNOWN, depth=-8.0, filename='stims/wedding-16.5.mp4', flipHoriz=False, flipVert=False, fps=UNKNOWN, interpolate=True, loop=False, name='vid5_q', noAudio=False, opacity=1.0, ori=0, pos=array([0., 0.]), size=array([1280.,  720.]), units='pix', vframe_callback=UNKNOWN, volume=UNKNOWN, win=Window(...))
32.7040 	EXP 	window1: recordFrameIntervals = False
32.7076 	DATA 	Keypress: equal
32.7099 	DATA 	Keypress: equal
32.7125 	DATA 	Keypress: equal
32.7148 	DATA 	Keypress: equal
32.7294 	EXP 	image_3: autoDraw = False
32.7294 	EXP 	vid1a: movie = 'stims/wedding-16.1a.mp4'
32.7294 	EXP 	vid1a: autoLog = True
32.7294 	EXP 	vid1b: movie = 'stims/wedding-16.1b.mp4'
32.7294 	EXP 	vid1b: autoLog = True
32.7294 	EXP 	vid2: movie = 'stims/wedding-16.2b.mp4'
32.7294 	EXP 	vid2: autoLog = True
32.7294 	EXP 	vid3: movie = 'stims/wedding-16.3b.mp4'
32.7294 	EXP 	vid3: autoLog = True
32.7294 	EXP 	vid4: movie = 'stims/wedding-16.4b.mp4'
32.7294 	EXP 	vid4: autoLog = True
32.7294 	EXP 	vid5: movie = 'stims/wedding-16.5.mp4'
32.7294 	EXP 	vid5: autoLog = True
32.7294 	EXP 	vid1a: autoDraw = False
32.7294 	EXP 	vid1b: autoDraw = False
32.7294 	EXP 	vid2: autoDraw = False
32.7294 	EXP 	vid3: autoDraw = False
32.7294 	EXP 	vid4: autoDraw = False
32.7294 	EXP 	vid5: autoDraw = False
32.7294 	EXP 	vid1a_q: movie = 'stims/wedding-16.1a.mp4'
32.7294 	EXP 	vid1a_q: autoLog = True
32.7294 	EXP 	vid1b_q: movie = 'stims/wedding-16.1b.mp4'
32.7294 	EXP 	vid1b_q: autoLog = True
32.7294 	EXP 	vid2_q: movie = 'stims/wedding-16.2b.mp4'
32.7294 	EXP 	vid2_q: autoLog = True
32.7294 	EXP 	vid3_q: movie = 'stims/wedding-16.3b.mp4'
32.7294 	EXP 	vid3_q: autoLog = True
32.7294 	EXP 	vid4_q: movie = 'stims/wedding-16.4b.mp4'
32.7294 	EXP 	vid4_q: autoLog = True
32.7294 	EXP 	vid5_q: movie = 'stims/wedding-16.5.mp4'
32.7294 	EXP 	vid5_q: autoLog = True
35.3695 	EXP 	window1: recordFrameIntervals = False
37.4926 	DATA 	Keypress: equal
37.4948 	DATA 	Keypress: equal
37.4968 	DATA 	Keypress: equal
37.6998 	EXP 	vid1a_q: movie = 'stims/wedding-16.1a.mp4'
37.6998 	EXP 	vid1b_q: movie = 'stims/wedding-16.1b.mp4'
37.6998 	EXP 	vid2_q: movie = 'stims/wedding-16.2b.mp4'
37.6998 	EXP 	vid3_q: movie = 'stims/wedding-16.3b.mp4'
37.6998 	EXP 	vid4_q: movie = 'stims/wedding-16.4b.mp4'
37.6998 	EXP 	vid5_q: movie = 'stims/wedding-16.5.mp4'
37.7137 	EXP 	vid1a_q: autoDraw = True
38.7146 	DATA 	Keypress: equal
40.2148 	DATA 	Keypress: equal
41.7144 	DATA 	Keypress: equal
43.2059 	DATA 	Keypress: equal
44.7055 	DATA 	Keypress: equal
46.2065 	DATA 	Keypress: equal
47.7044 	DATA 	Keypress: equal
49.2039 	DATA 	Keypress: equal
50.7064 	DATA 	Keypress: equal
52.2038 	DATA 	Keypress: equal
53.6290 	EXP 	Set vid1a_q finished
53.7144 	DATA 	Keypress: equal
54.1123 	EXP 	vid1b_q: autoDraw = True
55.2143 	DATA 	Keypress: equal
56.7145 	DATA 	Keypress: equal
58.2146 	DATA 	Keypress: equal
59.7144 	DATA 	Keypress: equal
61.2142 	DATA 	Keypress: equal
62.7145 	DATA 	Keypress: equal
63.0956 	EXP 	vid1b_q: autoDraw = False
63.1122 	EXP 	vid2_q: autoDraw = True
64.2141 	DATA 	Keypress: equal
65.7144 	DATA 	Keypress: equal
67.2140 	DATA 	Keypress: equal
68.7144 	DATA 	Keypress: equal
70.2143 	DATA 	Keypress: equal
71.7057 	DATA 	Keypress: equal
73.2054 	DATA 	Keypress: equal
74.7040 	DATA 	Keypress: equal
76.2049 	DATA 	Keypress: equal
77.7041 	DATA 	Keypress: equal
79.2055 	DATA 	Keypress: equal
80.0954 	EXP 	vid2_q: autoDraw = False
80.1120 	EXP 	l2q: autoDraw = True
80.7139 	DATA 	Keypress: equal
81.3304 	DATA 	Keypress: 2
82.2139 	DATA 	Keypress: equal
83.7135 	DATA 	Keypress: equal
84.0953 	EXP 	l2q: autoDraw = False
84.1120 	EXP 	vid3_q: autoDraw = True
85.2140 	DATA 	Keypress: equal
86.7142 	DATA 	Keypress: equal
88.2141 	DATA 	Keypress: equal
89.7138 	DATA 	Keypress: equal
91.2140 	DATA 	Keypress: equal
92.7035 	DATA 	Keypress: equal
94.2035 	DATA 	Keypress: equal
95.7047 	DATA 	Keypress: equal
97.2018 	DATA 	Keypress: equal
98.7044 	DATA 	Keypress: equal
100.2020 	DATA 	Keypress: equal
101.7039 	DATA 	Keypress: equal
103.2025 	DATA 	Keypress: equal
104.7050 	DATA 	Keypress: equal
106.2047 	DATA 	Keypress: equal
107.0950 	EXP 	vid3_q: autoDraw = False
107.1117 	EXP 	l3q: autoDraw = True
107.7137 	DATA 	Keypress: equal
108.9301 	DATA 	Keypress: 2
109.2131 	DATA 	Keypress: equal
110.7131 	DATA 	Keypress: equal
111.0950 	EXP 	l3q: autoDraw = False
111.1116 	EXP 	vid4_q: autoDraw = True
112.2134 	DATA 	Keypress: equal
113.7135 	DATA 	Keypress: equal
115.2134 	DATA 	Keypress: equal
116.7134 	DATA 	Keypress: equal
118.2136 	DATA 	Keypress: equal
119.7026 	DATA 	Keypress: equal
121.2050 	DATA 	Keypress: equal
122.7298 	DATA 	Keypress: equal
124.2047 	DATA 	Keypress: equal
125.7043 	DATA 	Keypress: equal
127.2050 	DATA 	Keypress: equal
128.7045 	DATA 	Keypress: equal
130.2057 	DATA 	Keypress: equal
131.7045 	DATA 	Keypress: equal
133.2049 	DATA 	Keypress: equal
134.7039 	DATA 	Keypress: equal
135.0946 	EXP 	vid4_q: autoDraw = False
135.1113 	EXP 	vid5_q: autoDraw = True
136.2134 	DATA 	Keypress: equal
137.7131 	DATA 	Keypress: equal
139.2135 	DATA 	Keypress: equal
140.7132 	DATA 	Keypress: equal
142.2133 	DATA 	Keypress: equal
143.7131 	DATA 	Keypress: equal
145.2032 	DATA 	Keypress: equal
146.7049 	DATA 	Keypress: equal
147.6612 	EXP 	Set vid5_q finished
147.8097 	EXP 	window1: recordFrameIntervals = False
147.8278 	EXP 	vid1a_q: autoDraw = False
147.8278 	EXP 	vid1b_q: autoDraw = False
147.8278 	EXP 	vid2_q: autoDraw = False
147.8278 	EXP 	l2q: autoDraw = False
147.8278 	EXP 	vid3_q: autoDraw = False
147.8278 	EXP 	l3q: autoDraw = False
147.8278 	EXP 	vid4_q: autoDraw = False
147.8278 	EXP 	vid5_q: autoDraw = False
148.0107 	EXP 	window1: recordFrameIntervals = False
149.5955 	DATA 	Keypress: equal
149.6977 	DATA 	Keypress: equal
149.8111 	EXP 	eggPainting1: image = 'stimsday1details/painting16.png'
149.8111 	EXP 	eggPainting2: image = 'stimsday1details/newpainting6.png'
149.8111 	EXP 	character1: image = 'stimsday1details/newperson18.png'
149.8111 	EXP 	character2: image = 'stimsday1details/couple16.png'
149.8111 	EXP 	gift1: image = 'stimsday1details/gift16.png'
149.8111 	EXP 	gift2: image = 'stimsday1details/new18.png'
149.8111 	EXP 	themeQ1: image = 'stimsday1details/ct16.png'
149.8111 	EXP 	themeQ2: image = 'stimsday1details/t16.png'
149.8111 	EXP 	nameQ1: image = 'stimsday1details/n16.png'
149.8111 	EXP 	nameQ2: image = 'stimsday1details/cn16.png'
149.8111 	EXP 	nameQ1: autoDraw = True
149.8111 	EXP 	nameQ2: autoDraw = True
150.5963 	DATA 	Keypress: 1
151.2126 	DATA 	Keypress: equal
151.8111 	EXP 	nameQ1: autoDraw = False
151.8111 	EXP 	nameQ2: autoDraw = False
151.8111 	EXP 	nameQ1: autoDraw = False
151.8111 	EXP 	nameQ2: autoDraw = False
151.8111 	EXP 	eggPainting1: autoDraw = True
151.8111 	EXP 	eggPainting2: autoDraw = True
152.5126 	DATA 	Keypress: 1
152.7126 	DATA 	Keypress: equal
153.8111 	EXP 	eggPainting1: autoDraw = False
153.8111 	EXP 	eggPainting2: autoDraw = False
153.8111 	EXP 	eggPainting1: autoDraw = False
153.8111 	EXP 	eggPainting2: autoDraw = False
153.8111 	EXP 	character1: autoDraw = True
153.8111 	EXP 	character2: autoDraw = True
154.1966 	DATA 	Keypress: equal
154.6124 	DATA 	Keypress: 2
155.6967 	DATA 	Keypress: equal
155.8111 	EXP 	character1: autoDraw = False
155.8111 	EXP 	character2: autoDraw = False
155.8111 	EXP 	character1: autoDraw = False
155.8111 	EXP 	character2: autoDraw = False
155.8111 	EXP 	themeQ1: autoDraw = True
155.8111 	EXP 	themeQ2: autoDraw = True
156.6790 	DATA 	Keypress: 2
157.1966 	DATA 	Keypress: equal
157.8110 	EXP 	themeQ1: autoDraw = False
157.8110 	EXP 	themeQ2: autoDraw = False
157.8110 	EXP 	themeQ1: autoDraw = False
157.8110 	EXP 	themeQ2: autoDraw = False
157.8110 	EXP 	gift1: autoDraw = True
157.8110 	EXP 	gift2: autoDraw = True
158.5457 	DATA 	Keypress: 1
158.6969 	DATA 	Keypress: equal
159.8110 	EXP 	gift1: autoDraw = False
159.8110 	EXP 	gift2: autoDraw = False
159.8110 	EXP 	gift1: autoDraw = False
159.8110 	EXP 	gift2: autoDraw = False
159.8110 	EXP 	northorsouth1: autoDraw = True
159.8110 	EXP 	northorsouth2: autoDraw = True
160.1964 	DATA 	Keypress: equal
160.6458 	DATA 	Keypress: 1
161.6965 	DATA 	Keypress: equal
161.9749 	EXP 	New trial (rep=0, index=1): OrderedDict([('condsFile', 'videoBlock_schemaN_pathB_4.csv')])
161.9872 	EXP 	Imported videoBlock_schemaN_pathB_4.csv as conditions, 1 conditions, 17 params
161.9877 	EXP 	Created sequence: random, trialTypes=1, nReps=1, seed=None
161.9884 	EXP 	New trial (rep=0, index=0): OrderedDict([('northOrSouth', 'north.png'), ('stimFile1a', 'stims/wedding-12.1a.mp4'), ('stimFile1b', 'stims/wedding-12.1b.mp4'), ('stimFile2', 'stims/wedding-12.2b.mp4'), ('stimFile3', 'stims/wedding-12.3b.mp4'), ('stimFile4', 'stims/wedding-12.4b.mp4'), ('stimFile5', 'stims/wedding-12.5.mp4'), ('QeggPainting1', 'stimsday1details/painting12.png'), ('Qcharacter1', 'stimsday1details/couple12.png'), ('Qgift1', 'stimsday1details/gift12.png'), ('QeggPainting2', 'stimsday1details/newpainting4.png'), ('Qcharacter2', 'stimsday1details/newperson16.png'), ('Qgift2', 'stimsday1details/new16.png'), ('Qname1', 'stimsday1details/n12.png'), ('Qtheme1', 'stimsday1details/t12.png'), ('Qname2', 'stimsday1details/cn12.png'), ('Qtheme2', 'stimsday1details/ct12.png')])
161.9943 	EXP 	northorsouth1: autoDraw = False
161.9943 	EXP 	northorsouth2: autoDraw = False
161.9943 	EXP 	northorsouth1: autoDraw = False
161.9943 	EXP 	northorsouth2: autoDraw = False
161.9943 	EXP 	image_3: autoDraw = True
163.1970 	DATA 	Keypress: equal
163.9790 	EXP 	Created sequence: random, trialTypes=1, nReps=1, seed=None
163.9793 	EXP 	New trial (rep=0, index=0): None
164.4062 	EXP 	Created vid1a = MovieStim3(__class__=<class 'psychopy.visual.movie3.MovieStim3'>, autoLog=True, color=UNKNOWN, colorSpace=UNKNOWN, depth=-1.0, filename='stims/wedding-12.1a.mp4', flipHoriz=False, flipVert=False, fps=UNKNOWN, interpolate=True, loop=False, name='vid1a', noAudio=False, opacity=1.0, ori=0, pos=array([0., 0.]), size=array([1280.,  720.]), units='pix', vframe_callback=UNKNOWN, volume=UNKNOWN, win=Window(...))
164.7812 	EXP 	Created vid1b = MovieStim3(__class__=<class 'psychopy.visual.movie3.MovieStim3'>, autoLog=True, color=UNKNOWN, colorSpace=UNKNOWN, depth=-2.0, filename='stims/wedding-12.1b.mp4', flipHoriz=False, flipVert=False, fps=UNKNOWN, interpolate=True, loop=False, name='vid1b', noAudio=False, opacity=1.0, ori=0, pos=array([0., 0.]), size=array([1280.,  720.]), units='pix', vframe_callback=UNKNOWN, volume=UNKNOWN, win=Window(...))
165.1903 	EXP 	Created vid2 = MovieStim3(__class__=<class 'psychopy.visual.movie3.MovieStim3'>, autoLog=True, color=UNKNOWN, colorSpace=UNKNOWN, depth=-3.0, filename='stims/wedding-12.2b.mp4', flipHoriz=False, flipVert=False, fps=UNKNOWN, interpolate=True, loop=False, name='vid2', noAudio=False, opacity=1.0, ori=0, pos=array([0., 0.]), size=array([1280.,  720.]), units='pix', vframe_callback=UNKNOWN, volume=UNKNOWN, win=Window(...))
165.7184 	EXP 	Created vid3 = MovieStim3(__class__=<class 'psychopy.visual.movie3.MovieStim3'>, autoLog=True, color=UNKNOWN, colorSpace=UNKNOWN, depth=-4.0, filename='stims/wedding-12.3b.mp4', flipHoriz=False, flipVert=False, fps=UNKNOWN, interpolate=True, loop=False, name='vid3', noAudio=False, opacity=1.0, ori=0, pos=array([0., 0.]), size=array([1280.,  720.]), units='pix', vframe_callback=UNKNOWN, volume=UNKNOWN, win=Window(...))
166.1839 	EXP 	Created vid4 = MovieStim3(__class__=<class 'psychopy.visual.movie3.MovieStim3'>, autoLog=True, color=UNKNOWN, colorSpace=UNKNOWN, depth=-5.0, filename='stims/wedding-12.4b.mp4', flipHoriz=False, flipVert=False, fps=UNKNOWN, interpolate=True, loop=False, name='vid4', noAudio=False, opacity=1.0, ori=0, pos=array([0., 0.]), size=array([1280.,  720.]), units='pix', vframe_callback=UNKNOWN, volume=UNKNOWN, win=Window(...))
166.5719 	EXP 	Created vid5 = MovieStim3(__class__=<class 'psychopy.visual.movie3.MovieStim3'>, autoLog=True, color=UNKNOWN, colorSpace=UNKNOWN, depth=-6.0, filename='stims/wedding-12.5.mp4', flipHoriz=False, flipVert=False, fps=UNKNOWN, interpolate=True, loop=False, name='vid5', noAudio=False, opacity=1.0, ori=0, pos=array([0., 0.]), size=array([1280.,  720.]), units='pix', vframe_callback=UNKNOWN, volume=UNKNOWN, win=Window(...))
166.6862 	EXP 	window1: recordFrameIntervals = False
166.6896 	DATA 	Keypress: equal
166.6919 	DATA 	Keypress: equal
166.7109 	EXP 	image_3: autoDraw = False
166.7109 	EXP 	image_3: autoDraw = False
166.7109 	EXP 	vid1a: movie = 'stims/wedding-12.1a.mp4'
166.7109 	EXP 	vid1a: autoLog = True
166.7109 	EXP 	vid1b: movie = 'stims/wedding-12.1b.mp4'
166.7109 	EXP 	vid1b: autoLog = True
166.7109 	EXP 	vid2: movie = 'stims/wedding-12.2b.mp4'
166.7109 	EXP 	vid2: autoLog = True
166.7109 	EXP 	vid3: movie = 'stims/wedding-12.3b.mp4'
166.7109 	EXP 	vid3: autoLog = True
166.7109 	EXP 	vid4: movie = 'stims/wedding-12.4b.mp4'
166.7109 	EXP 	vid4: autoLog = True
166.7109 	EXP 	vid5: movie = 'stims/wedding-12.5.mp4'
166.7109 	EXP 	vid5: autoLog = True
169.2487 	EXP 	window1: recordFrameIntervals = False
171.4738 	DATA 	Keypress: equal
171.4764 	DATA 	Keypress: equal
171.4788 	DATA 	Keypress: equal
171.6816 	EXP 	vid1a: movie = 'stims/wedding-12.1a.mp4'
171.6816 	EXP 	vid1b: movie = 'stims/wedding-12.1b.mp4'
171.6816 	EXP 	vid2: movie = 'stims/wedding-12.2b.mp4'
171.6816 	EXP 	vid3: movie = 'stims/wedding-12.3b.mp4'
171.6816 	EXP 	vid4: movie = 'stims/wedding-12.4b.mp4'
171.6816 	EXP 	vid5: movie = 'stims/wedding-12.5.mp4'
171.6942 	EXP 	vid1a: autoDraw = True
172.2045 	DATA 	Keypress: equal
173.7043 	DATA 	Keypress: equal
175.2041 	DATA 	Keypress: equal
176.7127 	DATA 	Keypress: equal
178.2130 	DATA 	Keypress: equal
179.6962 	DATA 	Keypress: equal
181.1963 	DATA 	Keypress: equal
182.6961 	DATA 	Keypress: equal
184.1962 	DATA 	Keypress: equal
185.6963 	DATA 	Keypress: equal
187.1963 	DATA 	Keypress: equal
187.9940 	EXP 	vid1a: autoDraw = False
188.0106 	EXP 	vid1b: autoDraw = True
188.6962 	DATA 	Keypress: equal
190.1964 	DATA 	Keypress: equal
191.6966 	DATA 	Keypress: equal
193.1960 	DATA 	Keypress: equal
194.6966 	DATA 	Keypress: equal
195.9939 	EXP 	vid1b: autoDraw = False
196.0105 	EXP 	vid2: autoDraw = True
196.1964 	DATA 	Keypress: equal
197.6964 	DATA 	Keypress: equal
199.1968 	DATA 	Keypress: equal
200.6963 	DATA 	Keypress: equal
202.1962 	DATA 	Keypress: equal
203.6959 	DATA 	Keypress: equal
205.1957 	DATA 	Keypress: equal
206.6959 	DATA 	Keypress: equal
208.1956 	DATA 	Keypress: equal
209.6957 	DATA 	Keypress: equal
211.1956 	DATA 	Keypress: equal
212.6957 	DATA 	Keypress: equal
212.8938 	EXP 	Set vid2 finished
213.0103 	EXP 	vid3: autoDraw = True
214.1956 	DATA 	Keypress: equal
215.6958 	DATA 	Keypress: equal
217.1955 	DATA 	Keypress: equal
218.6957 	DATA 	Keypress: equal
220.1956 	DATA 	Keypress: equal
221.6955 	DATA 	Keypress: equal
223.1956 	DATA 	Keypress: equal
224.6953 	DATA 	Keypress: equal
226.1953 	DATA 	Keypress: equal
227.6956 	DATA 	Keypress: equal
229.1955 	DATA 	Keypress: equal
230.6954 	DATA 	Keypress: equal
232.1953 	DATA 	Keypress: equal
233.6954 	DATA 	Keypress: equal
235.1952 	DATA 	Keypress: equal
235.9934 	EXP 	vid3: autoDraw = False
236.0100 	EXP 	vid4: autoDraw = True
236.6953 	DATA 	Keypress: equal
238.1956 	DATA 	Keypress: equal
239.6955 	DATA 	Keypress: equal
241.1953 	DATA 	Keypress: equal
242.6954 	DATA 	Keypress: equal
244.1952 	DATA 	Keypress: equal
245.6953 	DATA 	Keypress: equal
247.1951 	DATA 	Keypress: equal
248.7208 	DATA 	Keypress: equal
250.1950 	DATA 	Keypress: equal
251.6953 	DATA 	Keypress: equal
253.1951 	DATA 	Keypress: equal
254.6950 	DATA 	Keypress: equal
256.1949 	DATA 	Keypress: equal
257.6952 	DATA 	Keypress: equal
259.0597 	EXP 	Set vid4 finished
259.1950 	DATA 	Keypress: equal
260.0097 	EXP 	vid5: autoDraw = True
260.6951 	DATA 	Keypress: equal
262.1938 	DATA 	Keypress: equal
263.6949 	DATA 	Keypress: equal
265.1949 	DATA 	Keypress: equal
266.6951 	DATA 	Keypress: equal
268.1949 	DATA 	Keypress: equal
269.6951 	DATA 	Keypress: equal
271.1950 	DATA 	Keypress: equal
272.0595 	EXP 	Set vid5 finished
272.1713 	EXP 	Created sequence: random, trialTypes=1, nReps=1, seed=None
272.1716 	EXP 	New trial (rep=0, index=0): None
272.5913 	EXP 	Created vid1a_q = MovieStim3(__class__=<class 'psychopy.visual.movie3.MovieStim3'>, autoLog=True, color=UNKNOWN, colorSpace=UNKNOWN, depth=-1.0, filename='stims/wedding-12.1a.mp4', flipHoriz=False, flipVert=False, fps=UNKNOWN, interpolate=True, loop=False, name='vid1a_q', noAudio=False, opacity=1.0, ori=0, pos=array([0., 0.]), size=array([1280.,  720.]), units='pix', vframe_callback=UNKNOWN, volume=UNKNOWN, win=Window(...))
272.9585 	EXP 	Created vid1b_q = MovieStim3(__class__=<class 'psychopy.visual.movie3.MovieStim3'>, autoLog=True, color=UNKNOWN, colorSpace=UNKNOWN, depth=-2.0, filename='stims/wedding-12.1b.mp4', flipHoriz=False, flipVert=False, fps=UNKNOWN, interpolate=True, loop=False, name='vid1b_q', noAudio=False, opacity=1.0, ori=0, pos=array([0., 0.]), size=array([1280.,  720.]), units='pix', vframe_callback=UNKNOWN, volume=UNKNOWN, win=Window(...))
273.3640 	EXP 	Created vid2_q = MovieStim3(__class__=<class 'psychopy.visual.movie3.MovieStim3'>, autoLog=True, color=UNKNOWN, colorSpace=UNKNOWN, depth=-3.0, filename='stims/wedding-12.2b.mp4', flipHoriz=False, flipVert=False, fps=UNKNOWN, interpolate=True, loop=False, name='vid2_q', noAudio=False, opacity=1.0, ori=0, pos=array([0., 0.]), size=array([1280.,  720.]), units='pix', vframe_callback=UNKNOWN, volume=UNKNOWN, win=Window(...))
273.8797 	EXP 	Created vid3_q = MovieStim3(__class__=<class 'psychopy.visual.movie3.MovieStim3'>, autoLog=True, color=UNKNOWN, colorSpace=UNKNOWN, depth=-5.0, filename='stims/wedding-12.3b.mp4', flipHoriz=False, flipVert=False, fps=UNKNOWN, interpolate=True, loop=False, name='vid3_q', noAudio=False, opacity=1.0, ori=0, pos=array([0., 0.]), size=array([1280.,  720.]), units='pix', vframe_callback=UNKNOWN, volume=UNKNOWN, win=Window(...))
274.3376 	EXP 	Created vid4_q = MovieStim3(__class__=<class 'psychopy.visual.movie3.MovieStim3'>, autoLog=True, color=UNKNOWN, colorSpace=UNKNOWN, depth=-7.0, filename='stims/wedding-12.4b.mp4', flipHoriz=False, flipVert=False, fps=UNKNOWN, interpolate=True, loop=False, name='vid4_q', noAudio=False, opacity=1.0, ori=0, pos=array([0., 0.]), size=array([1280.,  720.]), units='pix', vframe_callback=UNKNOWN, volume=UNKNOWN, win=Window(...))
274.7137 	EXP 	Created vid5_q = MovieStim3(__class__=<class 'psychopy.visual.movie3.MovieStim3'>, autoLog=True, color=UNKNOWN, colorSpace=UNKNOWN, depth=-8.0, filename='stims/wedding-12.5.mp4', flipHoriz=False, flipVert=False, fps=UNKNOWN, interpolate=True, loop=False, name='vid5_q', noAudio=False, opacity=1.0, ori=0, pos=array([0., 0.]), size=array([1280.,  720.]), units='pix', vframe_callback=UNKNOWN, volume=UNKNOWN, win=Window(...))
274.9130 	EXP 	window1: recordFrameIntervals = False
274.9161 	DATA 	Keypress: equal
274.9183 	DATA 	Keypress: equal
274.9301 	EXP 	vid1a: autoDraw = False
274.9301 	EXP 	vid1b: autoDraw = False
274.9301 	EXP 	vid2: autoDraw = False
274.9301 	EXP 	vid3: autoDraw = False
274.9301 	EXP 	vid4: autoDraw = False
274.9301 	EXP 	vid5: autoDraw = False
274.9301 	EXP 	vid1a_q: movie = 'stims/wedding-12.1a.mp4'
274.9301 	EXP 	vid1a_q: autoLog = True
274.9301 	EXP 	vid1b_q: movie = 'stims/wedding-12.1b.mp4'
274.9301 	EXP 	vid1b_q: autoLog = True
274.9301 	EXP 	vid2_q: movie = 'stims/wedding-12.2b.mp4'
274.9301 	EXP 	vid2_q: autoLog = True
274.9301 	EXP 	vid3_q: movie = 'stims/wedding-12.3b.mp4'
274.9301 	EXP 	vid3_q: autoLog = True
274.9301 	EXP 	vid4_q: movie = 'stims/wedding-12.4b.mp4'
274.9301 	EXP 	vid4_q: autoLog = True
274.9301 	EXP 	vid5_q: movie = 'stims/wedding-12.5.mp4'
274.9301 	EXP 	vid5_q: autoLog = True
274.9301 	EXP 	vid1a_q: autoDraw = False
274.9301 	EXP 	vid1b_q: autoDraw = False
274.9301 	EXP 	vid2_q: autoDraw = False
274.9301 	EXP 	l2q: autoDraw = False
274.9301 	EXP 	vid3_q: autoDraw = False
274.9301 	EXP 	l3q: autoDraw = False
274.9301 	EXP 	vid4_q: autoDraw = False
274.9301 	EXP 	vid5_q: autoDraw = False
275.1110 	EXP 	window1: recordFrameIntervals = False
276.6996 	DATA 	Keypress: equal
276.9262 	EXP 	eggPainting1: image = 'stimsday1details/painting12.png'
276.9262 	EXP 	eggPainting2: image = 'stimsday1details/newpainting4.png'
276.9262 	EXP 	character1: image = 'stimsday1details/couple12.png'
276.9262 	EXP 	character2: image = 'stimsday1details/newperson16.png'
276.9262 	EXP 	gift1: image = 'stimsday1details/gift12.png'
276.9262 	EXP 	gift2: image = 'stimsday1details/new16.png'
276.9262 	EXP 	themeQ1: image = 'stimsday1details/t12.png'
276.9262 	EXP 	themeQ2: image = 'stimsday1details/ct12.png'
276.9262 	EXP 	nameQ1: image = 'stimsday1details/n12.png'
276.9262 	EXP 	nameQ2: image = 'stimsday1details/cn12.png'
276.9262 	EXP 	nameQ1: autoDraw = True
276.9262 	EXP 	nameQ2: autoDraw = True
277.1947 	DATA 	Keypress: equal
277.4111 	DATA 	Keypress: 1
278.6943 	DATA 	Keypress: equal
278.9095 	EXP 	nameQ1: autoDraw = False
278.9095 	EXP 	nameQ2: autoDraw = False
278.9095 	EXP 	nameQ1: autoDraw = False
278.9095 	EXP 	nameQ2: autoDraw = False
278.9095 	EXP 	eggPainting1: autoDraw = True
278.9095 	EXP 	eggPainting2: autoDraw = True
279.5449 	DATA 	Keypress: 1
280.1944 	DATA 	Keypress: equal
280.9095 	EXP 	eggPainting1: autoDraw = False
280.9095 	EXP 	eggPainting2: autoDraw = False
280.9095 	EXP 	eggPainting1: autoDraw = False
280.9095 	EXP 	eggPainting2: autoDraw = False
280.9095 	EXP 	character1: autoDraw = True
280.9095 	EXP 	character2: autoDraw = True
281.6943 	DATA 	Keypress: equal
281.9608 	DATA 	Keypress: 1
282.9094 	EXP 	character1: autoDraw = False
282.9094 	EXP 	character2: autoDraw = False
282.9094 	EXP 	character1: autoDraw = False
282.9094 	EXP 	character2: autoDraw = False
282.9094 	EXP 	themeQ1: autoDraw = True
282.9094 	EXP 	themeQ2: autoDraw = True
283.1944 	DATA 	Keypress: equal
284.1775 	DATA 	Keypress: 1
284.6943 	DATA 	Keypress: equal
284.9094 	EXP 	themeQ1: autoDraw = False
284.9094 	EXP 	themeQ2: autoDraw = False
284.9094 	EXP 	themeQ1: autoDraw = False
284.9094 	EXP 	themeQ2: autoDraw = False
284.9094 	EXP 	gift1: autoDraw = True
284.9094 	EXP 	gift2: autoDraw = True
285.7109 	DATA 	Keypress: 1
286.1942 	DATA 	Keypress: equal
286.9094 	EXP 	gift1: autoDraw = False
286.9094 	EXP 	gift2: autoDraw = False
286.9094 	EXP 	gift1: autoDraw = False
286.9094 	EXP 	gift2: autoDraw = False
286.9094 	EXP 	northorsouth1: autoDraw = True
286.9094 	EXP 	northorsouth2: autoDraw = True
287.6946 	DATA 	Keypress: equal
287.7607 	DATA 	Keypress: 1
289.1046 	EXP 	New trial (rep=0, index=2): OrderedDict([('condsFile', 'videoBlock_schemaN_pathB_5.csv')])
289.1174 	EXP 	Imported videoBlock_schemaN_pathB_5.csv as conditions, 1 conditions, 17 params
289.1178 	EXP 	Created sequence: random, trialTypes=1, nReps=1, seed=None
289.1186 	EXP 	New trial (rep=0, index=0): OrderedDict([('northOrSouth', 'north.png'), ('stimFile1a', 'stims/wedding-18.1a.mp4'), ('stimFile1b', 'stims/wedding-18.1b.mp4'), ('stimFile2', 'stims/wedding-18.2b.mp4'), ('stimFile3', 'stims/wedding-18.3b.mp4'), ('stimFile4', 'stims/wedding-18.4b.mp4'), ('stimFile5', 'stims/wedding-18.5.mp4'), ('QeggPainting1', 'stimsday1details/newpainting5.png'), ('Qcharacter1', 'stimsday1details/couple18.png'), ('Qgift1', 'stimsday1details/new17.png'), ('QeggPainting2', 'stimsday1details/painting18.png'), ('Qcharacter2', 'stimsday1details/newperson17.png'), ('Qgift2', 'stimsday1details/gift18.png'), ('Qname1', 'stimsday1details/cn18.png'), ('Qtheme1', 'stimsday1details/t18.png'), ('Qname2', 'stimsday1details/n18.png'), ('Qtheme2', 'stimsday1details/ct18.png')])
289.1260 	EXP 	northorsouth1: autoDraw = False
289.1260 	EXP 	northorsouth2: autoDraw = False
289.1260 	EXP 	northorsouth1: autoDraw = False
289.1260 	EXP 	northorsouth2: autoDraw = False
289.1260 	EXP 	image_3: autoDraw = True
289.1945 	DATA 	Keypress: equal
290.6947 	DATA 	Keypress: equal
291.1106 	EXP 	Created sequence: random, trialTypes=1, nReps=1, seed=None
291.1109 	EXP 	New trial (rep=0, index=0): None
291.5342 	EXP 	Created vid1a = MovieStim3(__class__=<class 'psychopy.visual.movie3.MovieStim3'>, autoLog=True, color=UNKNOWN, colorSpace=UNKNOWN, depth=-1.0, filename='stims/wedding-18.1a.mp4', flipHoriz=False, flipVert=False, fps=UNKNOWN, interpolate=True, loop=False, name='vid1a', noAudio=False, opacity=1.0, ori=0, pos=array([0., 0.]), size=array([1280.,  720.]), units='pix', vframe_callback=UNKNOWN, volume=UNKNOWN, win=Window(...))
291.9174 	EXP 	Created vid1b = MovieStim3(__class__=<class 'psychopy.visual.movie3.MovieStim3'>, autoLog=True, color=UNKNOWN, colorSpace=UNKNOWN, depth=-2.0, filename='stims/wedding-18.1b.mp4', flipHoriz=False, flipVert=False, fps=UNKNOWN, interpolate=True, loop=False, name='vid1b', noAudio=False, opacity=1.0, ori=0, pos=array([0., 0.]), size=array([1280.,  720.]), units='pix', vframe_callback=UNKNOWN, volume=UNKNOWN, win=Window(...))
292.3723 	EXP 	Created vid2 = MovieStim3(__class__=<class 'psychopy.visual.movie3.MovieStim3'>, autoLog=True, color=UNKNOWN, colorSpace=UNKNOWN, depth=-3.0, filename='stims/wedding-18.2b.mp4', flipHoriz=False, flipVert=False, fps=UNKNOWN, interpolate=True, loop=False, name='vid2', noAudio=False, opacity=1.0, ori=0, pos=array([0., 0.]), size=array([1280.,  720.]), units='pix', vframe_callback=UNKNOWN, volume=UNKNOWN, win=Window(...))
292.9113 	EXP 	Created vid3 = MovieStim3(__class__=<class 'psychopy.visual.movie3.MovieStim3'>, autoLog=True, color=UNKNOWN, colorSpace=UNKNOWN, depth=-4.0, filename='stims/wedding-18.3b.mp4', flipHoriz=False, flipVert=False, fps=UNKNOWN, interpolate=True, loop=False, name='vid3', noAudio=False, opacity=1.0, ori=0, pos=array([0., 0.]), size=array([1280.,  720.]), units='pix', vframe_callback=UNKNOWN, volume=UNKNOWN, win=Window(...))
293.4429 	EXP 	Created vid4 = MovieStim3(__class__=<class 'psychopy.visual.movie3.MovieStim3'>, autoLog=True, color=UNKNOWN, colorSpace=UNKNOWN, depth=-5.0, filename='stims/wedding-18.4b.mp4', flipHoriz=False, flipVert=False, fps=UNKNOWN, interpolate=True, loop=False, name='vid4', noAudio=False, opacity=1.0, ori=0, pos=array([0., 0.]), size=array([1280.,  720.]), units='pix', vframe_callback=UNKNOWN, volume=UNKNOWN, win=Window(...))
293.8505 	EXP 	Created vid5 = MovieStim3(__class__=<class 'psychopy.visual.movie3.MovieStim3'>, autoLog=True, color=UNKNOWN, colorSpace=UNKNOWN, depth=-6.0, filename='stims/wedding-18.5.mp4', flipHoriz=False, flipVert=False, fps=UNKNOWN, interpolate=True, loop=False, name='vid5', noAudio=False, opacity=1.0, ori=0, pos=array([0., 0.]), size=array([1280.,  720.]), units='pix', vframe_callback=UNKNOWN, volume=UNKNOWN, win=Window(...))
293.9338 	EXP 	window1: recordFrameIntervals = False
293.9370 	DATA 	Keypress: equal
293.9393 	DATA 	Keypress: equal
293.9593 	EXP 	image_3: autoDraw = False
293.9593 	EXP 	image_3: autoDraw = False
293.9593 	EXP 	vid1a: movie = 'stims/wedding-18.1a.mp4'
293.9593 	EXP 	vid1a: autoLog = True
293.9593 	EXP 	vid1b: movie = 'stims/wedding-18.1b.mp4'
293.9593 	EXP 	vid1b: autoLog = True
293.9593 	EXP 	vid2: movie = 'stims/wedding-18.2b.mp4'
293.9593 	EXP 	vid2: autoLog = True
293.9593 	EXP 	vid3: movie = 'stims/wedding-18.3b.mp4'
293.9593 	EXP 	vid3: autoLog = True
293.9593 	EXP 	vid4: movie = 'stims/wedding-18.4b.mp4'
293.9593 	EXP 	vid4: autoLog = True
293.9593 	EXP 	vid5: movie = 'stims/wedding-18.5.mp4'
293.9593 	EXP 	vid5: autoLog = True
296.6387 	EXP 	window1: recordFrameIntervals = False
298.7216 	DATA 	Keypress: equal
298.7242 	DATA 	Keypress: equal
298.7265 	DATA 	Keypress: equal
298.9290 	EXP 	vid1a: movie = 'stims/wedding-18.1a.mp4'
298.9290 	EXP 	vid1b: movie = 'stims/wedding-18.1b.mp4'
298.9290 	EXP 	vid2: movie = 'stims/wedding-18.2b.mp4'
298.9290 	EXP 	vid3: movie = 'stims/wedding-18.3b.mp4'
298.9290 	EXP 	vid4: movie = 'stims/wedding-18.4b.mp4'
298.9290 	EXP 	vid5: movie = 'stims/wedding-18.5.mp4'
298.9426 	EXP 	vid1a: autoDraw = True
299.6947 	DATA 	Keypress: equal
301.1945 	DATA 	Keypress: equal
302.6948 	DATA 	Keypress: equal
304.1947 	DATA 	Keypress: equal
305.6945 	DATA 	Keypress: equal
307.1947 	DATA 	Keypress: equal
308.6944 	DATA 	Keypress: equal
310.1943 	DATA 	Keypress: equal
311.6945 	DATA 	Keypress: equal
313.1943 	DATA 	Keypress: equal
314.6943 	DATA 	Keypress: equal
315.1257 	EXP 	vid1a: autoDraw = False
315.1424 	EXP 	vid1b: autoDraw = True
316.1945 	DATA 	Keypress: equal
317.6943 	DATA 	Keypress: equal
319.1942 	DATA 	Keypress: equal
320.6944 	DATA 	Keypress: equal
322.1942 	DATA 	Keypress: equal
323.1256 	EXP 	vid1b: autoDraw = False
323.1423 	EXP 	vid2: autoDraw = True
323.6944 	DATA 	Keypress: equal
325.1945 	DATA 	Keypress: equal
326.6944 	DATA 	Keypress: equal
328.1940 	DATA 	Keypress: equal
329.6944 	DATA 	Keypress: equal
331.1943 	DATA 	Keypress: equal
332.6941 	DATA 	Keypress: equal
334.2207 	DATA 	Keypress: equal
335.6939 	DATA 	Keypress: equal
337.1943 	DATA 	Keypress: equal
338.6940 	DATA 	Keypress: equal
339.7587 	EXP 	Set vid2 finished
340.1420 	EXP 	vid3: autoDraw = True
340.1940 	DATA 	Keypress: equal
341.6940 	DATA 	Keypress: equal
343.1940 	DATA 	Keypress: equal
344.6941 	DATA 	Keypress: equal
346.1944 	DATA 	Keypress: equal
347.6942 	DATA 	Keypress: equal
349.1938 	DATA 	Keypress: equal
350.6938 	DATA 	Keypress: equal
352.1938 	DATA 	Keypress: equal
353.6940 	DATA 	Keypress: equal
355.1941 	DATA 	Keypress: equal
356.6938 	DATA 	Keypress: equal
358.1935 	DATA 	Keypress: equal
359.6936 	DATA 	Keypress: equal
361.1936 	DATA 	Keypress: equal
362.7195 	DATA 	Keypress: equal
363.1251 	EXP 	vid3: autoDraw = False
363.1417 	EXP 	vid4: autoDraw = True
364.1936 	DATA 	Keypress: equal
365.6937 	DATA 	Keypress: equal
367.1937 	DATA 	Keypress: equal
368.6936 	DATA 	Keypress: equal
370.1938 	DATA 	Keypress: equal
371.6937 	DATA 	Keypress: equal
373.1938 	DATA 	Keypress: equal
374.6935 	DATA 	Keypress: equal
376.1936 	DATA 	Keypress: equal
377.6935 	DATA 	Keypress: equal
379.1936 	DATA 	Keypress: equal
380.6937 	DATA 	Keypress: equal
382.1936 	DATA 	Keypress: equal
383.6937 	DATA 	Keypress: equal
385.1936 	DATA 	Keypress: equal
386.6933 	DATA 	Keypress: equal
387.1248 	EXP 	vid4: autoDraw = False
387.1415 	EXP 	vid5: autoDraw = True
388.1937 	DATA 	Keypress: equal
389.6936 	DATA 	Keypress: equal
391.1937 	DATA 	Keypress: equal
392.6934 	DATA 	Keypress: equal
394.1934 	DATA 	Keypress: equal
395.6935 	DATA 	Keypress: equal
397.1937 	DATA 	Keypress: equal
398.6932 	DATA 	Keypress: equal
400.2744 	EXP 	Created sequence: random, trialTypes=1, nReps=1, seed=None
400.2747 	EXP 	New trial (rep=0, index=0): None
400.6921 	EXP 	Created vid1a_q = MovieStim3(__class__=<class 'psychopy.visual.movie3.MovieStim3'>, autoLog=True, color=UNKNOWN, colorSpace=UNKNOWN, depth=-1.0, filename='stims/wedding-18.1a.mp4', flipHoriz=False, flipVert=False, fps=UNKNOWN, interpolate=True, loop=False, name='vid1a_q', noAudio=False, opacity=1.0, ori=0, pos=array([0., 0.]), size=array([1280.,  720.]), units='pix', vframe_callback=UNKNOWN, volume=UNKNOWN, win=Window(...))
401.0606 	EXP 	Created vid1b_q = MovieStim3(__class__=<class 'psychopy.visual.movie3.MovieStim3'>, autoLog=True, color=UNKNOWN, colorSpace=UNKNOWN, depth=-2.0, filename='stims/wedding-18.1b.mp4', flipHoriz=False, flipVert=False, fps=UNKNOWN, interpolate=True, loop=False, name='vid1b_q', noAudio=False, opacity=1.0, ori=0, pos=array([0., 0.]), size=array([1280.,  720.]), units='pix', vframe_callback=UNKNOWN, volume=UNKNOWN, win=Window(...))
401.5081 	EXP 	Created vid2_q = MovieStim3(__class__=<class 'psychopy.visual.movie3.MovieStim3'>, autoLog=True, color=UNKNOWN, colorSpace=UNKNOWN, depth=-3.0, filename='stims/wedding-18.2b.mp4', flipHoriz=False, flipVert=False, fps=UNKNOWN, interpolate=True, loop=False, name='vid2_q', noAudio=False, opacity=1.0, ori=0, pos=array([0., 0.]), size=array([1280.,  720.]), units='pix', vframe_callback=UNKNOWN, volume=UNKNOWN, win=Window(...))
402.0233 	EXP 	Created vid3_q = MovieStim3(__class__=<class 'psychopy.visual.movie3.MovieStim3'>, autoLog=True, color=UNKNOWN, colorSpace=UNKNOWN, depth=-5.0, filename='stims/wedding-18.3b.mp4', flipHoriz=False, flipVert=False, fps=UNKNOWN, interpolate=True, loop=False, name='vid3_q', noAudio=False, opacity=1.0, ori=0, pos=array([0., 0.]), size=array([1280.,  720.]), units='pix', vframe_callback=UNKNOWN, volume=UNKNOWN, win=Window(...))
402.5338 	EXP 	Created vid4_q = MovieStim3(__class__=<class 'psychopy.visual.movie3.MovieStim3'>, autoLog=True, color=UNKNOWN, colorSpace=UNKNOWN, depth=-7.0, filename='stims/wedding-18.4b.mp4', flipHoriz=False, flipVert=False, fps=UNKNOWN, interpolate=True, loop=False, name='vid4_q', noAudio=False, opacity=1.0, ori=0, pos=array([0., 0.]), size=array([1280.,  720.]), units='pix', vframe_callback=UNKNOWN, volume=UNKNOWN, win=Window(...))
402.9237 	EXP 	Created vid5_q = MovieStim3(__class__=<class 'psychopy.visual.movie3.MovieStim3'>, autoLog=True, color=UNKNOWN, colorSpace=UNKNOWN, depth=-8.0, filename='stims/wedding-18.5.mp4', flipHoriz=False, flipVert=False, fps=UNKNOWN, interpolate=True, loop=False, name='vid5_q', noAudio=False, opacity=1.0, ori=0, pos=array([0., 0.]), size=array([1280.,  720.]), units='pix', vframe_callback=UNKNOWN, volume=UNKNOWN, win=Window(...))
403.1705 	EXP 	window1: recordFrameIntervals = False
403.1736 	DATA 	Keypress: equal
403.1758 	DATA 	Keypress: equal
403.1913 	EXP 	vid5: autoDraw = False
403.1913 	EXP 	vid1a: autoDraw = False
403.1913 	EXP 	vid1b: autoDraw = False
403.1913 	EXP 	vid2: autoDraw = False
403.1913 	EXP 	vid3: autoDraw = False
403.1913 	EXP 	vid4: autoDraw = False
403.1913 	EXP 	vid5: autoDraw = False
403.1913 	EXP 	vid1a_q: movie = 'stims/wedding-18.1a.mp4'
403.1913 	EXP 	vid1a_q: autoLog = True
403.1913 	EXP 	vid1b_q: movie = 'stims/wedding-18.1b.mp4'
403.1913 	EXP 	vid1b_q: autoLog = True
403.1913 	EXP 	vid2_q: movie = 'stims/wedding-18.2b.mp4'
403.1913 	EXP 	vid2_q: autoLog = True
403.1913 	EXP 	vid3_q: movie = 'stims/wedding-18.3b.mp4'
403.1913 	EXP 	vid3_q: autoLog = True
403.1913 	EXP 	vid4_q: movie = 'stims/wedding-18.4b.mp4'
403.1913 	EXP 	vid4_q: autoLog = True
403.1913 	EXP 	vid5_q: movie = 'stims/wedding-18.5.mp4'
403.1913 	EXP 	vid5_q: autoLog = True
403.1913 	EXP 	vid1a_q: autoDraw = False
403.1913 	EXP 	vid1b_q: autoDraw = False
403.1913 	EXP 	vid2_q: autoDraw = False
403.1913 	EXP 	l2q: autoDraw = False
403.1913 	EXP 	vid3_q: autoDraw = False
403.1913 	EXP 	l3q: autoDraw = False
403.1913 	EXP 	vid4_q: autoDraw = False
403.1913 	EXP 	vid5_q: autoDraw = False
403.3841 	EXP 	window1: recordFrameIntervals = False
404.9569 	DATA 	Keypress: equal
404.9590 	DATA 	Keypress: equal
405.1746 	EXP 	eggPainting1: image = 'stimsday1details/newpainting5.png'
405.1746 	EXP 	eggPainting2: image = 'stimsday1details/painting18.png'
405.1746 	EXP 	character1: image = 'stimsday1details/couple18.png'
405.1746 	EXP 	character2: image = 'stimsday1details/newperson17.png'
405.1746 	EXP 	gift1: image = 'stimsday1details/new17.png'
405.1746 	EXP 	gift2: image = 'stimsday1details/gift18.png'
405.1746 	EXP 	themeQ1: image = 'stimsday1details/t18.png'
405.1746 	EXP 	themeQ2: image = 'stimsday1details/ct18.png'
405.1746 	EXP 	nameQ1: image = 'stimsday1details/cn18.png'
405.1746 	EXP 	nameQ2: image = 'stimsday1details/n18.png'
405.1746 	EXP 	nameQ1: autoDraw = True
405.1746 	EXP 	nameQ2: autoDraw = True
406.0763 	DATA 	Keypress: 2
406.1926 	DATA 	Keypress: equal
407.1745 	EXP 	nameQ1: autoDraw = False
407.1745 	EXP 	nameQ2: autoDraw = False
407.1745 	EXP 	nameQ1: autoDraw = False
407.1745 	EXP 	nameQ2: autoDraw = False
407.1745 	EXP 	eggPainting1: autoDraw = True
407.1745 	EXP 	eggPainting2: autoDraw = True
407.6931 	DATA 	Keypress: equal
408.1594 	DATA 	Keypress: 2
409.1744 	EXP 	eggPainting1: autoDraw = False
409.1744 	EXP 	eggPainting2: autoDraw = False
409.1744 	EXP 	eggPainting1: autoDraw = False
409.1744 	EXP 	eggPainting2: autoDraw = False
409.1744 	EXP 	character1: autoDraw = True
409.1744 	EXP 	character2: autoDraw = True
409.1927 	DATA 	Keypress: equal
409.8760 	DATA 	Keypress: 1
410.6927 	DATA 	Keypress: equal
411.1744 	EXP 	character1: autoDraw = False
411.1744 	EXP 	character2: autoDraw = False
411.1744 	EXP 	character1: autoDraw = False
411.1744 	EXP 	character2: autoDraw = False
411.1744 	EXP 	themeQ1: autoDraw = True
411.1744 	EXP 	themeQ2: autoDraw = True
411.9925 	DATA 	Keypress: 1
412.1926 	DATA 	Keypress: equal
413.1744 	EXP 	themeQ1: autoDraw = False
413.1744 	EXP 	themeQ2: autoDraw = False
413.1744 	EXP 	themeQ1: autoDraw = False
413.1744 	EXP 	themeQ2: autoDraw = False
413.1744 	EXP 	gift1: autoDraw = True
413.1744 	EXP 	gift2: autoDraw = True
413.6929 	DATA 	Keypress: equal
413.8092 	DATA 	Keypress: 2
415.1744 	EXP 	gift1: autoDraw = False
415.1744 	EXP 	gift2: autoDraw = False
415.1744 	EXP 	gift1: autoDraw = False
415.1744 	EXP 	gift2: autoDraw = False
415.1744 	EXP 	northorsouth1: autoDraw = True
415.1744 	EXP 	northorsouth2: autoDraw = True
415.1926 	DATA 	Keypress: equal
415.7426 	DATA 	Keypress: 1
416.6927 	DATA 	Keypress: equal
417.4000 	EXP 	New trial (rep=0, index=3): OrderedDict([('condsFile', 'videoBlock_schemaN_pathA_6.csv')])
417.4131 	EXP 	Imported videoBlock_schemaN_pathA_6.csv as conditions, 1 conditions, 17 params
417.4136 	EXP 	Created sequence: random, trialTypes=1, nReps=1, seed=None
417.4143 	EXP 	New trial (rep=0, index=0): OrderedDict([('northOrSouth', 'north.png'), ('stimFile1a', 'stims/wedding-40.1a.mp4'), ('stimFile1b', 'stims/wedding-40.1b.mp4'), ('stimFile2', 'stims/wedding-40.2a.mp4'), ('stimFile3', 'stims/wedding-40.3a.mp4'), ('stimFile4', 'stims/wedding-40.4a.mp4'), ('stimFile5', 'stims/wedding-40.5.mp4'), ('QeggPainting1', 'stimsday1details/newegg6.png'), ('Qcharacter1', 'stimsday1details/newperson6.png'), ('Qgift1', 'stimsday1details/new6.png'), ('QeggPainting2', 'stimsday1details/egg40.png'), ('Qcharacter2', 'stimsday1details/couple40.png'), ('Qgift2', 'stimsday1details/gift40.png'), ('Qname1', 'stimsday1details/n40.png'), ('Qtheme1', 'stimsday1details/t40.png'), ('Qname2', 'stimsday1details/cn40.png'), ('Qtheme2', 'stimsday1details/ct40.png')])
417.4244 	EXP 	northorsouth1: autoDraw = False
417.4244 	EXP 	northorsouth2: autoDraw = False
417.4244 	EXP 	northorsouth1: autoDraw = False
417.4244 	EXP 	northorsouth2: autoDraw = False
417.4244 	EXP 	image_3: autoDraw = True
418.1932 	DATA 	Keypress: equal
419.4089 	EXP 	Created sequence: random, trialTypes=1, nReps=1, seed=None
419.4092 	EXP 	New trial (rep=0, index=0): None
419.8268 	EXP 	Created vid1a = MovieStim3(__class__=<class 'psychopy.visual.movie3.MovieStim3'>, autoLog=True, color=UNKNOWN, colorSpace=UNKNOWN, depth=-1.0, filename='stims/wedding-40.1a.mp4', flipHoriz=False, flipVert=False, fps=UNKNOWN, interpolate=True, loop=False, name='vid1a', noAudio=False, opacity=1.0, ori=0, pos=array([0., 0.]), size=array([1280.,  720.]), units='pix', vframe_callback=UNKNOWN, volume=UNKNOWN, win=Window(...))
420.1632 	EXP 	Created vid1b = MovieStim3(__class__=<class 'psychopy.visual.movie3.MovieStim3'>, autoLog=True, color=UNKNOWN, colorSpace=UNKNOWN, depth=-2.0, filename='stims/wedding-40.1b.mp4', flipHoriz=False, flipVert=False, fps=UNKNOWN, interpolate=True, loop=False, name='vid1b', noAudio=False, opacity=1.0, ori=0, pos=array([0., 0.]), size=array([1280.,  720.]), units='pix', vframe_callback=UNKNOWN, volume=UNKNOWN, win=Window(...))
420.6227 	EXP 	Created vid2 = MovieStim3(__class__=<class 'psychopy.visual.movie3.MovieStim3'>, autoLog=True, color=UNKNOWN, colorSpace=UNKNOWN, depth=-3.0, filename='stims/wedding-40.2a.mp4', flipHoriz=False, flipVert=False, fps=UNKNOWN, interpolate=True, loop=False, name='vid2', noAudio=False, opacity=1.0, ori=0, pos=array([0., 0.]), size=array([1280.,  720.]), units='pix', vframe_callback=UNKNOWN, volume=UNKNOWN, win=Window(...))
421.0866 	EXP 	Created vid3 = MovieStim3(__class__=<class 'psychopy.visual.movie3.MovieStim3'>, autoLog=True, color=UNKNOWN, colorSpace=UNKNOWN, depth=-4.0, filename='stims/wedding-40.3a.mp4', flipHoriz=False, flipVert=False, fps=UNKNOWN, interpolate=True, loop=False, name='vid3', noAudio=False, opacity=1.0, ori=0, pos=array([0., 0.]), size=array([1280.,  720.]), units='pix', vframe_callback=UNKNOWN, volume=UNKNOWN, win=Window(...))
421.5648 	EXP 	Created vid4 = MovieStim3(__class__=<class 'psychopy.visual.movie3.MovieStim3'>, autoLog=True, color=UNKNOWN, colorSpace=UNKNOWN, depth=-5.0, filename='stims/wedding-40.4a.mp4', flipHoriz=False, flipVert=False, fps=UNKNOWN, interpolate=True, loop=False, name='vid4', noAudio=False, opacity=1.0, ori=0, pos=array([0., 0.]), size=array([1280.,  720.]), units='pix', vframe_callback=UNKNOWN, volume=UNKNOWN, win=Window(...))
421.9726 	EXP 	Created vid5 = MovieStim3(__class__=<class 'psychopy.visual.movie3.MovieStim3'>, autoLog=True, color=UNKNOWN, colorSpace=UNKNOWN, depth=-6.0, filename='stims/wedding-40.5.mp4', flipHoriz=False, flipVert=False, fps=UNKNOWN, interpolate=True, loop=False, name='vid5', noAudio=False, opacity=1.0, ori=0, pos=array([0., 0.]), size=array([1280.,  720.]), units='pix', vframe_callback=UNKNOWN, volume=UNKNOWN, win=Window(...))
422.0857 	EXP 	window1: recordFrameIntervals = False
422.0893 	DATA 	Keypress: equal
422.0917 	DATA 	Keypress: equal
422.1076 	EXP 	image_3: autoDraw = False
422.1076 	EXP 	image_3: autoDraw = False
422.1076 	EXP 	vid1a: movie = 'stims/wedding-40.1a.mp4'
422.1076 	EXP 	vid1a: autoLog = True
422.1076 	EXP 	vid1b: movie = 'stims/wedding-40.1b.mp4'
422.1076 	EXP 	vid1b: autoLog = True
422.1076 	EXP 	vid2: movie = 'stims/wedding-40.2a.mp4'
422.1076 	EXP 	vid2: autoLog = True
422.1076 	EXP 	vid3: movie = 'stims/wedding-40.3a.mp4'
422.1076 	EXP 	vid3: autoLog = True
422.1076 	EXP 	vid4: movie = 'stims/wedding-40.4a.mp4'
422.1076 	EXP 	vid4: autoLog = True
422.1076 	EXP 	vid5: movie = 'stims/wedding-40.5.mp4'
422.1076 	EXP 	vid5: autoLog = True
424.6472 	EXP 	window1: recordFrameIntervals = False
426.8738 	DATA 	Keypress: equal
426.8763 	DATA 	Keypress: equal
426.8784 	DATA 	Keypress: equal
427.0745 	EXP 	vid1a: movie = 'stims/wedding-40.1a.mp4'
427.0745 	EXP 	vid1b: movie = 'stims/wedding-40.1b.mp4'
427.0745 	EXP 	vid2: movie = 'stims/wedding-40.2a.mp4'
427.0745 	EXP 	vid3: movie = 'stims/wedding-40.3a.mp4'
427.0745 	EXP 	vid4: movie = 'stims/wedding-40.4a.mp4'
427.0745 	EXP 	vid5: movie = 'stims/wedding-40.5.mp4'
427.0910 	EXP 	vid1a: autoDraw = True
427.1930 	DATA 	Keypress: equal
428.6928 	DATA 	Keypress: equal
430.1928 	DATA 	Keypress: equal
431.6929 	DATA 	Keypress: equal
433.1930 	DATA 	Keypress: equal
434.6928 	DATA 	Keypress: equal
436.1931 	DATA 	Keypress: equal
437.6931 	DATA 	Keypress: equal
439.1931 	DATA 	Keypress: equal
440.6930 	DATA 	Keypress: equal
442.1926 	DATA 	Keypress: equal
443.4240 	EXP 	vid1a: autoDraw = False
443.4407 	EXP 	vid1b: autoDraw = True
443.6930 	DATA 	Keypress: equal
445.1926 	DATA 	Keypress: equal
446.7081 	DATA 	Keypress: equal
448.1928 	DATA 	Keypress: equal
449.6931 	DATA 	Keypress: equal
451.1925 	DATA 	Keypress: equal
451.2073 	EXP 	Set vid1b finished
451.4406 	EXP 	vid2: autoDraw = True
452.6926 	DATA 	Keypress: equal
454.1930 	DATA 	Keypress: equal
455.6926 	DATA 	Keypress: equal
457.1928 	DATA 	Keypress: equal
458.6928 	DATA 	Keypress: equal
460.1925 	DATA 	Keypress: equal
461.6924 	DATA 	Keypress: equal
463.1924 	DATA 	Keypress: equal
464.6928 	DATA 	Keypress: equal
466.1923 	DATA 	Keypress: equal
467.6924 	DATA 	Keypress: equal
468.1237 	EXP 	Set vid2 finished
468.4404 	EXP 	vid3: autoDraw = True
469.1929 	DATA 	Keypress: equal
470.6923 	DATA 	Keypress: equal
472.2184 	DATA 	Keypress: equal
473.6925 	DATA 	Keypress: equal
475.1924 	DATA 	Keypress: equal
476.6924 	DATA 	Keypress: equal
478.1922 	DATA 	Keypress: equal
479.6922 	DATA 	Keypress: equal
481.1921 	DATA 	Keypress: equal
482.6921 	DATA 	Keypress: equal
484.1925 	DATA 	Keypress: equal
485.6921 	DATA 	Keypress: equal
487.1921 	DATA 	Keypress: equal
488.6920 	DATA 	Keypress: equal
490.1921 	DATA 	Keypress: equal
491.4234 	EXP 	vid3: autoDraw = False
491.4402 	EXP 	vid4: autoDraw = True
491.6843 	DATA 	Keypress: equal
493.1923 	DATA 	Keypress: equal
494.6922 	DATA 	Keypress: equal
496.1921 	DATA 	Keypress: equal
497.6922 	DATA 	Keypress: equal
499.1919 	DATA 	Keypress: equal
500.6922 	DATA 	Keypress: equal
502.1920 	DATA 	Keypress: equal
503.6918 	DATA 	Keypress: equal
505.1918 	DATA 	Keypress: equal
506.7181 	DATA 	Keypress: equal
508.1919 	DATA 	Keypress: equal
509.6918 	DATA 	Keypress: equal
511.1918 	DATA 	Keypress: equal
512.6917 	DATA 	Keypress: equal
514.1920 	DATA 	Keypress: equal
515.2898 	EXP 	Set vid4 finished
515.4398 	EXP 	vid5: autoDraw = True
515.6917 	DATA 	Keypress: equal
517.1921 	DATA 	Keypress: equal
518.6921 	DATA 	Keypress: equal
520.1922 	DATA 	Keypress: equal
521.6917 	DATA 	Keypress: equal
523.1919 	DATA 	Keypress: equal
524.6919 	DATA 	Keypress: equal
526.1917 	DATA 	Keypress: equal
527.6916 	DATA 	Keypress: equal
528.5955 	EXP 	Created sequence: random, trialTypes=1, nReps=1, seed=None
528.5958 	EXP 	New trial (rep=0, index=0): None
529.0099 	EXP 	Created vid1a_q = MovieStim3(__class__=<class 'psychopy.visual.movie3.MovieStim3'>, autoLog=True, color=UNKNOWN, colorSpace=UNKNOWN, depth=-1.0, filename='stims/wedding-40.1a.mp4', flipHoriz=False, flipVert=False, fps=UNKNOWN, interpolate=True, loop=False, name='vid1a_q', noAudio=False, opacity=1.0, ori=0, pos=array([0., 0.]), size=array([1280.,  720.]), units='pix', vframe_callback=UNKNOWN, volume=UNKNOWN, win=Window(...))
529.3400 	EXP 	Created vid1b_q = MovieStim3(__class__=<class 'psychopy.visual.movie3.MovieStim3'>, autoLog=True, color=UNKNOWN, colorSpace=UNKNOWN, depth=-2.0, filename='stims/wedding-40.1b.mp4', flipHoriz=False, flipVert=False, fps=UNKNOWN, interpolate=True, loop=False, name='vid1b_q', noAudio=False, opacity=1.0, ori=0, pos=array([0., 0.]), size=array([1280.,  720.]), units='pix', vframe_callback=UNKNOWN, volume=UNKNOWN, win=Window(...))
529.7902 	EXP 	Created vid2_q = MovieStim3(__class__=<class 'psychopy.visual.movie3.MovieStim3'>, autoLog=True, color=UNKNOWN, colorSpace=UNKNOWN, depth=-3.0, filename='stims/wedding-40.2a.mp4', flipHoriz=False, flipVert=False, fps=UNKNOWN, interpolate=True, loop=False, name='vid2_q', noAudio=False, opacity=1.0, ori=0, pos=array([0., 0.]), size=array([1280.,  720.]), units='pix', vframe_callback=UNKNOWN, volume=UNKNOWN, win=Window(...))
530.2507 	EXP 	Created vid3_q = MovieStim3(__class__=<class 'psychopy.visual.movie3.MovieStim3'>, autoLog=True, color=UNKNOWN, colorSpace=UNKNOWN, depth=-5.0, filename='stims/wedding-40.3a.mp4', flipHoriz=False, flipVert=False, fps=UNKNOWN, interpolate=True, loop=False, name='vid3_q', noAudio=False, opacity=1.0, ori=0, pos=array([0., 0.]), size=array([1280.,  720.]), units='pix', vframe_callback=UNKNOWN, volume=UNKNOWN, win=Window(...))
530.7198 	EXP 	Created vid4_q = MovieStim3(__class__=<class 'psychopy.visual.movie3.MovieStim3'>, autoLog=True, color=UNKNOWN, colorSpace=UNKNOWN, depth=-7.0, filename='stims/wedding-40.4a.mp4', flipHoriz=False, flipVert=False, fps=UNKNOWN, interpolate=True, loop=False, name='vid4_q', noAudio=False, opacity=1.0, ori=0, pos=array([0., 0.]), size=array([1280.,  720.]), units='pix', vframe_callback=UNKNOWN, volume=UNKNOWN, win=Window(...))
531.1161 	EXP 	Created vid5_q = MovieStim3(__class__=<class 'psychopy.visual.movie3.MovieStim3'>, autoLog=True, color=UNKNOWN, colorSpace=UNKNOWN, depth=-8.0, filename='stims/wedding-40.5.mp4', flipHoriz=False, flipVert=False, fps=UNKNOWN, interpolate=True, loop=False, name='vid5_q', noAudio=False, opacity=1.0, ori=0, pos=array([0., 0.]), size=array([1280.,  720.]), units='pix', vframe_callback=UNKNOWN, volume=UNKNOWN, win=Window(...))
531.3912 	EXP 	window1: recordFrameIntervals = False
531.3943 	DATA 	Keypress: equal
531.3965 	DATA 	Keypress: equal
531.4079 	EXP 	vid5: autoDraw = False
531.4079 	EXP 	vid1a: autoDraw = False
531.4079 	EXP 	vid1b: autoDraw = False
531.4079 	EXP 	vid2: autoDraw = False
531.4079 	EXP 	vid3: autoDraw = False
531.4079 	EXP 	vid4: autoDraw = False
531.4079 	EXP 	vid5: autoDraw = False
531.4079 	EXP 	vid1a_q: movie = 'stims/wedding-40.1a.mp4'
531.4079 	EXP 	vid1a_q: autoLog = True
531.4079 	EXP 	vid1b_q: movie = 'stims/wedding-40.1b.mp4'
531.4079 	EXP 	vid1b_q: autoLog = True
531.4079 	EXP 	vid2_q: movie = 'stims/wedding-40.2a.mp4'
531.4079 	EXP 	vid2_q: autoLog = True
531.4079 	EXP 	vid3_q: movie = 'stims/wedding-40.3a.mp4'
531.4079 	EXP 	vid3_q: autoLog = True
531.4079 	EXP 	vid4_q: movie = 'stims/wedding-40.4a.mp4'
531.4079 	EXP 	vid4_q: autoLog = True
531.4079 	EXP 	vid5_q: movie = 'stims/wedding-40.5.mp4'
531.4079 	EXP 	vid5_q: autoLog = True
531.4079 	EXP 	vid1a_q: autoDraw = False
531.4079 	EXP 	vid1b_q: autoDraw = False
531.4079 	EXP 	vid2_q: autoDraw = False
531.4079 	EXP 	l2q: autoDraw = False
531.4079 	EXP 	vid3_q: autoDraw = False
531.4079 	EXP 	l3q: autoDraw = False
531.4079 	EXP 	vid4_q: autoDraw = False
531.4079 	EXP 	vid5_q: autoDraw = False
531.6153 	EXP 	window1: recordFrameIntervals = False
533.1770 	DATA 	Keypress: equal
533.4095 	EXP 	eggPainting1: image = 'stimsday1details/newegg6.png'
533.4095 	EXP 	eggPainting2: image = 'stimsday1details/egg40.png'
533.4095 	EXP 	character1: image = 'stimsday1details/newperson6.png'
533.4095 	EXP 	character2: image = 'stimsday1details/couple40.png'
533.4095 	EXP 	gift1: image = 'stimsday1details/new6.png'
533.4095 	EXP 	gift2: image = 'stimsday1details/gift40.png'
533.4095 	EXP 	themeQ1: image = 'stimsday1details/t40.png'
533.4095 	EXP 	themeQ2: image = 'stimsday1details/ct40.png'
533.4095 	EXP 	nameQ1: image = 'stimsday1details/n40.png'
533.4095 	EXP 	nameQ2: image = 'stimsday1details/cn40.png'
533.4095 	EXP 	nameQ1: autoDraw = True
533.4095 	EXP 	nameQ2: autoDraw = True
533.6915 	DATA 	Keypress: equal
534.5743 	DATA 	Keypress: 1
535.1911 	DATA 	Keypress: equal
535.3895 	EXP 	nameQ1: autoDraw = False
535.3895 	EXP 	nameQ2: autoDraw = False
535.3895 	EXP 	nameQ1: autoDraw = False
535.3895 	EXP 	nameQ2: autoDraw = False
535.3895 	EXP 	eggPainting1: autoDraw = True
535.3895 	EXP 	eggPainting2: autoDraw = True
536.2911 	DATA 	Keypress: 2
536.6909 	DATA 	Keypress: equal
537.3895 	EXP 	eggPainting1: autoDraw = False
537.3895 	EXP 	eggPainting2: autoDraw = False
537.3895 	EXP 	eggPainting1: autoDraw = False
537.3895 	EXP 	eggPainting2: autoDraw = False
537.3895 	EXP 	character1: autoDraw = True
537.3895 	EXP 	character2: autoDraw = True
538.1913 	DATA 	Keypress: equal
538.2409 	DATA 	Keypress: 2
539.3895 	EXP 	character1: autoDraw = False
539.3895 	EXP 	character2: autoDraw = False
539.3895 	EXP 	character1: autoDraw = False
539.3895 	EXP 	character2: autoDraw = False
539.3895 	EXP 	themeQ1: autoDraw = True
539.3895 	EXP 	themeQ2: autoDraw = True
539.6910 	DATA 	Keypress: equal
540.0746 	DATA 	Keypress: 1
541.1910 	DATA 	Keypress: equal
541.3895 	EXP 	themeQ1: autoDraw = False
541.3895 	EXP 	themeQ2: autoDraw = False
541.3895 	EXP 	themeQ1: autoDraw = False
541.3895 	EXP 	themeQ2: autoDraw = False
541.3895 	EXP 	gift1: autoDraw = True
541.3895 	EXP 	gift2: autoDraw = True
542.0909 	DATA 	Keypress: 1
542.4078 	DATA 	Keypress: 2
542.6910 	DATA 	Keypress: equal
543.3894 	EXP 	gift1: autoDraw = False
543.3894 	EXP 	gift2: autoDraw = False
543.3894 	EXP 	gift1: autoDraw = False
543.3894 	EXP 	gift2: autoDraw = False
543.3894 	EXP 	northorsouth1: autoDraw = True
543.3894 	EXP 	northorsouth2: autoDraw = True
544.0578 	DATA 	Keypress: 1
544.1911 	DATA 	Keypress: equal
545.6412 	EXP 	New trial (rep=0, index=4): OrderedDict([('condsFile', 'videoBlock_schemaN_pathA_5.csv')])
545.6546 	EXP 	Imported videoBlock_schemaN_pathA_5.csv as conditions, 1 conditions, 17 params
545.6551 	EXP 	Created sequence: random, trialTypes=1, nReps=1, seed=None
545.6558 	EXP 	New trial (rep=0, index=0): OrderedDict([('northOrSouth', 'north.png'), ('stimFile1a', 'stims/wedding-15.1a.mp4'), ('stimFile1b', 'stims/wedding-15.1b.mp4'), ('stimFile2', 'stims/wedding-15.2a.mp4'), ('stimFile3', 'stims/wedding-15.3a.mp4'), ('stimFile4', 'stims/wedding-15.4a.mp4'), ('stimFile5', 'stims/wedding-15.5.mp4'), ('QeggPainting1', 'stimsday1details/egg15.png'), ('Qcharacter1', 'stimsday1details/couple15.png'), ('Qgift1', 'stimsday1details/gift15.png'), ('QeggPainting2', 'stimsday1details/newegg5.png'), ('Qcharacter2', 'stimsday1details/newperson5.png'), ('Qgift2', 'stimsday1details/new5.png'), ('Qname1', 'stimsday1details/n15.png'), ('Qtheme1', 'stimsday1details/t15.png'), ('Qname2', 'stimsday1details/cn15.png'), ('Qtheme2', 'stimsday1details/ct15.png')])
545.6728 	EXP 	northorsouth1: autoDraw = False
545.6728 	EXP 	northorsouth2: autoDraw = False
545.6728 	EXP 	northorsouth1: autoDraw = False
545.6728 	EXP 	northorsouth2: autoDraw = False
545.6728 	EXP 	image_3: autoDraw = True
545.6913 	DATA 	Keypress: equal
547.1912 	DATA 	Keypress: equal
547.6574 	EXP 	Created sequence: random, trialTypes=1, nReps=1, seed=None
547.6577 	EXP 	New trial (rep=0, index=0): None
548.1037 	EXP 	Created vid1a = MovieStim3(__class__=<class 'psychopy.visual.movie3.MovieStim3'>, autoLog=True, color=UNKNOWN, colorSpace=UNKNOWN, depth=-1.0, filename='stims/wedding-15.1a.mp4', flipHoriz=False, flipVert=False, fps=UNKNOWN, interpolate=True, loop=False, name='vid1a', noAudio=False, opacity=1.0, ori=0, pos=array([0., 0.]), size=array([1280.,  720.]), units='pix', vframe_callback=UNKNOWN, volume=UNKNOWN, win=Window(...))
548.5101 	EXP 	Created vid1b = MovieStim3(__class__=<class 'psychopy.visual.movie3.MovieStim3'>, autoLog=True, color=UNKNOWN, colorSpace=UNKNOWN, depth=-2.0, filename='stims/wedding-15.1b.mp4', flipHoriz=False, flipVert=False, fps=UNKNOWN, interpolate=True, loop=False, name='vid1b', noAudio=False, opacity=1.0, ori=0, pos=array([0., 0.]), size=array([1280.,  720.]), units='pix', vframe_callback=UNKNOWN, volume=UNKNOWN, win=Window(...))
549.0306 	EXP 	Created vid2 = MovieStim3(__class__=<class 'psychopy.visual.movie3.MovieStim3'>, autoLog=True, color=UNKNOWN, colorSpace=UNKNOWN, depth=-3.0, filename='stims/wedding-15.2a.mp4', flipHoriz=False, flipVert=False, fps=UNKNOWN, interpolate=True, loop=False, name='vid2', noAudio=False, opacity=1.0, ori=0, pos=array([0., 0.]), size=array([1280.,  720.]), units='pix', vframe_callback=UNKNOWN, volume=UNKNOWN, win=Window(...))
549.5089 	EXP 	Created vid3 = MovieStim3(__class__=<class 'psychopy.visual.movie3.MovieStim3'>, autoLog=True, color=UNKNOWN, colorSpace=UNKNOWN, depth=-4.0, filename='stims/wedding-15.3a.mp4', flipHoriz=False, flipVert=False, fps=UNKNOWN, interpolate=True, loop=False, name='vid3', noAudio=False, opacity=1.0, ori=0, pos=array([0., 0.]), size=array([1280.,  720.]), units='pix', vframe_callback=UNKNOWN, volume=UNKNOWN, win=Window(...))
550.1087 	EXP 	Created vid4 = MovieStim3(__class__=<class 'psychopy.visual.movie3.MovieStim3'>, autoLog=True, color=UNKNOWN, colorSpace=UNKNOWN, depth=-5.0, filename='stims/wedding-15.4a.mp4', flipHoriz=False, flipVert=False, fps=UNKNOWN, interpolate=True, loop=False, name='vid4', noAudio=False, opacity=1.0, ori=0, pos=array([0., 0.]), size=array([1280.,  720.]), units='pix', vframe_callback=UNKNOWN, volume=UNKNOWN, win=Window(...))
550.5483 	EXP 	Created vid5 = MovieStim3(__class__=<class 'psychopy.visual.movie3.MovieStim3'>, autoLog=True, color=UNKNOWN, colorSpace=UNKNOWN, depth=-6.0, filename='stims/wedding-15.5.mp4', flipHoriz=False, flipVert=False, fps=UNKNOWN, interpolate=True, loop=False, name='vid5', noAudio=False, opacity=1.0, ori=0, pos=array([0., 0.]), size=array([1280.,  720.]), units='pix', vframe_callback=UNKNOWN, volume=UNKNOWN, win=Window(...))
550.6142 	EXP 	window1: recordFrameIntervals = False
550.6176 	DATA 	Keypress: equal
550.6200 	DATA 	Keypress: equal
550.6394 	EXP 	image_3: autoDraw = False
550.6394 	EXP 	image_3: autoDraw = False
550.6394 	EXP 	vid1a: movie = 'stims/wedding-15.1a.mp4'
550.6394 	EXP 	vid1a: autoLog = True
550.6394 	EXP 	vid1b: movie = 'stims/wedding-15.1b.mp4'
550.6394 	EXP 	vid1b: autoLog = True
550.6394 	EXP 	vid2: movie = 'stims/wedding-15.2a.mp4'
550.6394 	EXP 	vid2: autoLog = True
550.6394 	EXP 	vid3: movie = 'stims/wedding-15.3a.mp4'
550.6394 	EXP 	vid3: autoLog = True
550.6394 	EXP 	vid4: movie = 'stims/wedding-15.4a.mp4'
550.6394 	EXP 	vid4: autoLog = True
550.6394 	EXP 	vid5: movie = 'stims/wedding-15.5.mp4'
550.6394 	EXP 	vid5: autoLog = True
553.3275 	EXP 	window1: recordFrameIntervals = False
555.4017 	DATA 	Keypress: equal
555.4040 	DATA 	Keypress: equal
555.4061 	DATA 	Keypress: equal
555.6087 	EXP 	vid1a: movie = 'stims/wedding-15.1a.mp4'
555.6087 	EXP 	vid1b: movie = 'stims/wedding-15.1b.mp4'
555.6087 	EXP 	vid2: movie = 'stims/wedding-15.2a.mp4'
555.6087 	EXP 	vid3: movie = 'stims/wedding-15.3a.mp4'
555.6087 	EXP 	vid4: movie = 'stims/wedding-15.4a.mp4'
555.6087 	EXP 	vid5: movie = 'stims/wedding-15.5.mp4'
555.6227 	EXP 	vid1a: autoDraw = True
556.1914 	DATA 	Keypress: equal
557.6915 	DATA 	Keypress: equal
559.1913 	DATA 	Keypress: equal
560.6912 	DATA 	Keypress: equal
562.1812 	DATA 	Keypress: equal
563.6819 	DATA 	Keypress: equal
565.1913 	DATA 	Keypress: equal
566.6822 	DATA 	Keypress: equal
568.1819 	DATA 	Keypress: equal
569.6911 	DATA 	Keypress: equal
571.1825 	DATA 	Keypress: equal
571.6724 	EXP 	vid1a: autoDraw = False
571.6891 	EXP 	vid1b: autoDraw = True
572.6910 	DATA 	Keypress: equal
574.1910 	DATA 	Keypress: equal
575.6910 	DATA 	Keypress: equal
577.1911 	DATA 	Keypress: equal
578.6909 	DATA 	Keypress: equal
579.6723 	EXP 	vid1b: autoDraw = False
579.6890 	EXP 	vid2: autoDraw = True
580.1912 	DATA 	Keypress: equal
581.6912 	DATA 	Keypress: equal
583.1908 	DATA 	Keypress: equal
584.6909 	DATA 	Keypress: equal
586.1909 	DATA 	Keypress: equal
587.6819 	DATA 	Keypress: equal
589.1808 	DATA 	Keypress: equal
590.6821 	DATA 	Keypress: equal
592.1818 	DATA 	Keypress: equal
593.6806 	DATA 	Keypress: equal
595.1812 	DATA 	Keypress: equal
596.6054 	EXP 	Set vid2 finished
596.6888 	EXP 	vid3: autoDraw = True
596.6907 	DATA 	Keypress: equal
598.1907 	DATA 	Keypress: equal
599.6908 	DATA 	Keypress: equal
601.1909 	DATA 	Keypress: equal
602.6908 	DATA 	Keypress: equal
604.1906 	DATA 	Keypress: equal
605.6825 	DATA 	Keypress: equal
607.1817 	DATA 	Keypress: equal
608.6820 	DATA 	Keypress: equal
610.1820 	DATA 	Keypress: equal
611.6821 	DATA 	Keypress: equal
613.1798 	DATA 	Keypress: equal
614.6820 	DATA 	Keypress: equal
616.1801 	DATA 	Keypress: equal
617.6818 	DATA 	Keypress: equal
619.1797 	DATA 	Keypress: equal
619.6718 	EXP 	vid3: autoDraw = False
619.6885 	EXP 	vid4: autoDraw = True
620.6903 	DATA 	Keypress: equal
622.1907 	DATA 	Keypress: equal
623.6903 	DATA 	Keypress: equal
625.2163 	DATA 	Keypress: equal
626.6903 	DATA 	Keypress: equal
628.1817 	DATA 	Keypress: equal
629.6815 	DATA 	Keypress: equal
631.1807 	DATA 	Keypress: equal
632.6816 	DATA 	Keypress: equal
634.1799 	DATA 	Keypress: equal
635.6810 	DATA 	Keypress: equal
637.1815 	DATA 	Keypress: equal
638.6817 	DATA 	Keypress: equal
640.1814 	DATA 	Keypress: equal
641.6802 	DATA 	Keypress: equal
643.1810 	DATA 	Keypress: equal
643.6715 	EXP 	vid4: autoDraw = False
643.6882 	EXP 	vid5: autoDraw = True
644.6904 	DATA 	Keypress: equal
646.1900 	DATA 	Keypress: equal
647.6901 	DATA 	Keypress: equal
649.1899 	DATA 	Keypress: equal
650.6900 	DATA 	Keypress: equal
652.1807 	DATA 	Keypress: equal
653.6795 	DATA 	Keypress: equal
655.1810 	DATA 	Keypress: equal
656.8567 	EXP 	Created sequence: random, trialTypes=1, nReps=1, seed=None
656.8570 	EXP 	New trial (rep=0, index=0): None
657.2786 	EXP 	Created vid1a_q = MovieStim3(__class__=<class 'psychopy.visual.movie3.MovieStim3'>, autoLog=True, color=UNKNOWN, colorSpace=UNKNOWN, depth=-1.0, filename='stims/wedding-15.1a.mp4', flipHoriz=False, flipVert=False, fps=UNKNOWN, interpolate=True, loop=False, name='vid1a_q', noAudio=False, opacity=1.0, ori=0, pos=array([0., 0.]), size=array([1280.,  720.]), units='pix', vframe_callback=UNKNOWN, volume=UNKNOWN, win=Window(...))
657.6572 	EXP 	Created vid1b_q = MovieStim3(__class__=<class 'psychopy.visual.movie3.MovieStim3'>, autoLog=True, color=UNKNOWN, colorSpace=UNKNOWN, depth=-2.0, filename='stims/wedding-15.1b.mp4', flipHoriz=False, flipVert=False, fps=UNKNOWN, interpolate=True, loop=False, name='vid1b_q', noAudio=False, opacity=1.0, ori=0, pos=array([0., 0.]), size=array([1280.,  720.]), units='pix', vframe_callback=UNKNOWN, volume=UNKNOWN, win=Window(...))
658.1314 	EXP 	Created vid2_q = MovieStim3(__class__=<class 'psychopy.visual.movie3.MovieStim3'>, autoLog=True, color=UNKNOWN, colorSpace=UNKNOWN, depth=-3.0, filename='stims/wedding-15.2a.mp4', flipHoriz=False, flipVert=False, fps=UNKNOWN, interpolate=True, loop=False, name='vid2_q', noAudio=False, opacity=1.0, ori=0, pos=array([0., 0.]), size=array([1280.,  720.]), units='pix', vframe_callback=UNKNOWN, volume=UNKNOWN, win=Window(...))
658.5937 	EXP 	Created vid3_q = MovieStim3(__class__=<class 'psychopy.visual.movie3.MovieStim3'>, autoLog=True, color=UNKNOWN, colorSpace=UNKNOWN, depth=-5.0, filename='stims/wedding-15.3a.mp4', flipHoriz=False, flipVert=False, fps=UNKNOWN, interpolate=True, loop=False, name='vid3_q', noAudio=False, opacity=1.0, ori=0, pos=array([0., 0.]), size=array([1280.,  720.]), units='pix', vframe_callback=UNKNOWN, volume=UNKNOWN, win=Window(...))
659.1294 	EXP 	Created vid4_q = MovieStim3(__class__=<class 'psychopy.visual.movie3.MovieStim3'>, autoLog=True, color=UNKNOWN, colorSpace=UNKNOWN, depth=-7.0, filename='stims/wedding-15.4a.mp4', flipHoriz=False, flipVert=False, fps=UNKNOWN, interpolate=True, loop=False, name='vid4_q', noAudio=False, opacity=1.0, ori=0, pos=array([0., 0.]), size=array([1280.,  720.]), units='pix', vframe_callback=UNKNOWN, volume=UNKNOWN, win=Window(...))
659.5322 	EXP 	Created vid5_q = MovieStim3(__class__=<class 'psychopy.visual.movie3.MovieStim3'>, autoLog=True, color=UNKNOWN, colorSpace=UNKNOWN, depth=-8.0, filename='stims/wedding-15.5.mp4', flipHoriz=False, flipVert=False, fps=UNKNOWN, interpolate=True, loop=False, name='vid5_q', noAudio=False, opacity=1.0, ori=0, pos=array([0., 0.]), size=array([1280.,  720.]), units='pix', vframe_callback=UNKNOWN, volume=UNKNOWN, win=Window(...))
659.8391 	EXP 	window1: recordFrameIntervals = False
659.8422 	DATA 	Keypress: equal
659.8446 	DATA 	Keypress: equal
659.8467 	DATA 	Keypress: equal
659.8583 	EXP 	vid5: autoDraw = False
659.8583 	EXP 	vid1a: autoDraw = False
659.8583 	EXP 	vid1b: autoDraw = False
659.8583 	EXP 	vid2: autoDraw = False
659.8583 	EXP 	vid3: autoDraw = False
659.8583 	EXP 	vid4: autoDraw = False
659.8583 	EXP 	vid5: autoDraw = False
659.8583 	EXP 	vid1a_q: movie = 'stims/wedding-15.1a.mp4'
659.8583 	EXP 	vid1a_q: autoLog = True
659.8583 	EXP 	vid1b_q: movie = 'stims/wedding-15.1b.mp4'
659.8583 	EXP 	vid1b_q: autoLog = True
659.8583 	EXP 	vid2_q: movie = 'stims/wedding-15.2a.mp4'
659.8583 	EXP 	vid2_q: autoLog = True
659.8583 	EXP 	vid3_q: movie = 'stims/wedding-15.3a.mp4'
659.8583 	EXP 	vid3_q: autoLog = True
659.8583 	EXP 	vid4_q: movie = 'stims/wedding-15.4a.mp4'
659.8583 	EXP 	vid4_q: autoLog = True
659.8583 	EXP 	vid5_q: movie = 'stims/wedding-15.5.mp4'
659.8583 	EXP 	vid5_q: autoLog = True
659.8583 	EXP 	vid1a_q: autoDraw = False
659.8583 	EXP 	vid1b_q: autoDraw = False
659.8583 	EXP 	vid2_q: autoDraw = False
659.8583 	EXP 	l2q: autoDraw = False
659.8583 	EXP 	vid3_q: autoDraw = False
659.8583 	EXP 	l3q: autoDraw = False
659.8583 	EXP 	vid4_q: autoDraw = False
659.8583 	EXP 	vid5_q: autoDraw = False
660.0856 	EXP 	window1: recordFrameIntervals = False
661.6260 	DATA 	Keypress: equal
661.8580 	EXP 	eggPainting1: image = 'stimsday1details/egg15.png'
661.8580 	EXP 	eggPainting2: image = 'stimsday1details/newegg5.png'
661.8580 	EXP 	character1: image = 'stimsday1details/couple15.png'
661.8580 	EXP 	character2: image = 'stimsday1details/newperson5.png'
661.8580 	EXP 	gift1: image = 'stimsday1details/gift15.png'
661.8580 	EXP 	gift2: image = 'stimsday1details/new5.png'
661.8580 	EXP 	themeQ1: image = 'stimsday1details/t15.png'
661.8580 	EXP 	themeQ2: image = 'stimsday1details/ct15.png'
661.8580 	EXP 	nameQ1: image = 'stimsday1details/n15.png'
661.8580 	EXP 	nameQ2: image = 'stimsday1details/cn15.png'
661.8580 	EXP 	nameQ1: autoDraw = True
661.8580 	EXP 	nameQ2: autoDraw = True
662.6900 	DATA 	Keypress: equal
662.8228 	DATA 	Keypress: 1
663.8378 	EXP 	nameQ1: autoDraw = False
663.8378 	EXP 	nameQ2: autoDraw = False
663.8378 	EXP 	nameQ1: autoDraw = False
663.8378 	EXP 	nameQ2: autoDraw = False
663.8378 	EXP 	eggPainting1: autoDraw = True
663.8378 	EXP 	eggPainting2: autoDraw = True
664.1894 	DATA 	Keypress: equal
664.4392 	DATA 	Keypress: 1
665.6895 	DATA 	Keypress: equal
665.8379 	EXP 	eggPainting1: autoDraw = False
665.8379 	EXP 	eggPainting2: autoDraw = False
665.8379 	EXP 	eggPainting1: autoDraw = False
665.8379 	EXP 	eggPainting2: autoDraw = False
665.8379 	EXP 	character1: autoDraw = True
665.8379 	EXP 	character2: autoDraw = True
666.5727 	DATA 	Keypress: 1
667.1893 	DATA 	Keypress: equal
667.8379 	EXP 	character1: autoDraw = False
667.8379 	EXP 	character2: autoDraw = False
667.8379 	EXP 	character1: autoDraw = False
667.8379 	EXP 	character2: autoDraw = False
667.8379 	EXP 	themeQ1: autoDraw = True
667.8379 	EXP 	themeQ2: autoDraw = True
668.6897 	DATA 	Keypress: equal
668.7225 	DATA 	Keypress: 1
669.8378 	EXP 	themeQ1: autoDraw = False
669.8378 	EXP 	themeQ2: autoDraw = False
669.8378 	EXP 	themeQ1: autoDraw = False
669.8378 	EXP 	themeQ2: autoDraw = False
669.8378 	EXP 	gift1: autoDraw = True
669.8378 	EXP 	gift2: autoDraw = True
670.1894 	DATA 	Keypress: equal
670.4892 	DATA 	Keypress: 1
671.6898 	DATA 	Keypress: equal
671.8378 	EXP 	gift1: autoDraw = False
671.8378 	EXP 	gift2: autoDraw = False
671.8378 	EXP 	gift1: autoDraw = False
671.8378 	EXP 	gift2: autoDraw = False
671.8378 	EXP 	northorsouth1: autoDraw = True
671.8378 	EXP 	northorsouth2: autoDraw = True
672.4730 	DATA 	Keypress: 1
673.1893 	DATA 	Keypress: equal
674.1230 	EXP 	New trial (rep=0, index=5): OrderedDict([('condsFile', 'videoBlock_schemaN_pathA_4.csv')])
674.1360 	EXP 	Imported videoBlock_schemaN_pathA_4.csv as conditions, 1 conditions, 17 params
674.1364 	EXP 	Created sequence: random, trialTypes=1, nReps=1, seed=None
674.1371 	EXP 	New trial (rep=0, index=0): OrderedDict([('northOrSouth', 'north.png'), ('stimFile1a', 'stims/wedding-13.1a.mp4'), ('stimFile1b', 'stims/wedding-13.1b.mp4'), ('stimFile2', 'stims/wedding-13.2a.mp4'), ('stimFile3', 'stims/wedding-13.3a.mp4'), ('stimFile4', 'stims/wedding-13.4a.mp4'), ('stimFile5', 'stims/wedding-13.5.mp4'), ('QeggPainting1', 'stimsday1details/egg13.png'), ('Qcharacter1', 'stimsday1details/couple13.png'), ('Qgift1', 'stimsday1details/new4.png'), ('QeggPainting2', 'stimsday1details/newegg4.png'), ('Qcharacter2', 'stimsday1details/newperson4.png'), ('Qgift2', 'stimsday1details/gift13.png'), ('Qname1', 'stimsday1details/n13.png'), ('Qtheme1', 'stimsday1details/ct13.png'), ('Qname2', 'stimsday1details/cn13.png'), ('Qtheme2', 'stimsday1details/t13.png')])
674.1544 	EXP 	northorsouth1: autoDraw = False
674.1544 	EXP 	northorsouth2: autoDraw = False
674.1544 	EXP 	northorsouth1: autoDraw = False
674.1544 	EXP 	northorsouth2: autoDraw = False
674.1544 	EXP 	image_3: autoDraw = True
674.6896 	DATA 	Keypress: equal
676.1391 	EXP 	Created sequence: random, trialTypes=1, nReps=1, seed=None
676.1394 	EXP 	New trial (rep=0, index=0): None
676.5479 	EXP 	Created vid1a = MovieStim3(__class__=<class 'psychopy.visual.movie3.MovieStim3'>, autoLog=True, color=UNKNOWN, colorSpace=UNKNOWN, depth=-1.0, filename='stims/wedding-13.1a.mp4', flipHoriz=False, flipVert=False, fps=UNKNOWN, interpolate=True, loop=False, name='vid1a', noAudio=False, opacity=1.0, ori=0, pos=array([0., 0.]), size=array([1280.,  720.]), units='pix', vframe_callback=UNKNOWN, volume=UNKNOWN, win=Window(...))
676.8960 	EXP 	Created vid1b = MovieStim3(__class__=<class 'psychopy.visual.movie3.MovieStim3'>, autoLog=True, color=UNKNOWN, colorSpace=UNKNOWN, depth=-2.0, filename='stims/wedding-13.1b.mp4', flipHoriz=False, flipVert=False, fps=UNKNOWN, interpolate=True, loop=False, name='vid1b', noAudio=False, opacity=1.0, ori=0, pos=array([0., 0.]), size=array([1280.,  720.]), units='pix', vframe_callback=UNKNOWN, volume=UNKNOWN, win=Window(...))
677.4113 	EXP 	Created vid2 = MovieStim3(__class__=<class 'psychopy.visual.movie3.MovieStim3'>, autoLog=True, color=UNKNOWN, colorSpace=UNKNOWN, depth=-3.0, filename='stims/wedding-13.2a.mp4', flipHoriz=False, flipVert=False, fps=UNKNOWN, interpolate=True, loop=False, name='vid2', noAudio=False, opacity=1.0, ori=0, pos=array([0., 0.]), size=array([1280.,  720.]), units='pix', vframe_callback=UNKNOWN, volume=UNKNOWN, win=Window(...))
677.8877 	EXP 	Created vid3 = MovieStim3(__class__=<class 'psychopy.visual.movie3.MovieStim3'>, autoLog=True, color=UNKNOWN, colorSpace=UNKNOWN, depth=-4.0, filename='stims/wedding-13.3a.mp4', flipHoriz=False, flipVert=False, fps=UNKNOWN, interpolate=True, loop=False, name='vid3', noAudio=False, opacity=1.0, ori=0, pos=array([0., 0.]), size=array([1280.,  720.]), units='pix', vframe_callback=UNKNOWN, volume=UNKNOWN, win=Window(...))
678.3827 	EXP 	Created vid4 = MovieStim3(__class__=<class 'psychopy.visual.movie3.MovieStim3'>, autoLog=True, color=UNKNOWN, colorSpace=UNKNOWN, depth=-5.0, filename='stims/wedding-13.4a.mp4', flipHoriz=False, flipVert=False, fps=UNKNOWN, interpolate=True, loop=False, name='vid4', noAudio=False, opacity=1.0, ori=0, pos=array([0., 0.]), size=array([1280.,  720.]), units='pix', vframe_callback=UNKNOWN, volume=UNKNOWN, win=Window(...))
678.8021 	EXP 	Created vid5 = MovieStim3(__class__=<class 'psychopy.visual.movie3.MovieStim3'>, autoLog=True, color=UNKNOWN, colorSpace=UNKNOWN, depth=-6.0, filename='stims/wedding-13.5.mp4', flipHoriz=False, flipVert=False, fps=UNKNOWN, interpolate=True, loop=False, name='vid5', noAudio=False, opacity=1.0, ori=0, pos=array([0., 0.]), size=array([1280.,  720.]), units='pix', vframe_callback=UNKNOWN, volume=UNKNOWN, win=Window(...))
679.1076 	EXP 	Created sequence: random, trialTypes=1, nReps=1, seed=None
679.1080 	EXP 	New trial (rep=0, index=0): None
679.5116 	EXP 	Created vid1a_q = MovieStim3(__class__=<class 'psychopy.visual.movie3.MovieStim3'>, autoLog=True, color=UNKNOWN, colorSpace=UNKNOWN, depth=-1.0, filename='stims/wedding-13.1a.mp4', flipHoriz=False, flipVert=False, fps=UNKNOWN, interpolate=True, loop=False, name='vid1a_q', noAudio=False, opacity=1.0, ori=0, pos=array([0., 0.]), size=array([1280.,  720.]), units='pix', vframe_callback=UNKNOWN, volume=UNKNOWN, win=Window(...))
679.8449 	EXP 	Created vid1b_q = MovieStim3(__class__=<class 'psychopy.visual.movie3.MovieStim3'>, autoLog=True, color=UNKNOWN, colorSpace=UNKNOWN, depth=-2.0, filename='stims/wedding-13.1b.mp4', flipHoriz=False, flipVert=False, fps=UNKNOWN, interpolate=True, loop=False, name='vid1b_q', noAudio=False, opacity=1.0, ori=0, pos=array([0., 0.]), size=array([1280.,  720.]), units='pix', vframe_callback=UNKNOWN, volume=UNKNOWN, win=Window(...))
680.3155 	EXP 	Created vid2_q = MovieStim3(__class__=<class 'psychopy.visual.movie3.MovieStim3'>, autoLog=True, color=UNKNOWN, colorSpace=UNKNOWN, depth=-3.0, filename='stims/wedding-13.2a.mp4', flipHoriz=False, flipVert=False, fps=UNKNOWN, interpolate=True, loop=False, name='vid2_q', noAudio=False, opacity=1.0, ori=0, pos=array([0., 0.]), size=array([1280.,  720.]), units='pix', vframe_callback=UNKNOWN, volume=UNKNOWN, win=Window(...))
680.7790 	EXP 	Created vid3_q = MovieStim3(__class__=<class 'psychopy.visual.movie3.MovieStim3'>, autoLog=True, color=UNKNOWN, colorSpace=UNKNOWN, depth=-5.0, filename='stims/wedding-13.3a.mp4', flipHoriz=False, flipVert=False, fps=UNKNOWN, interpolate=True, loop=False, name='vid3_q', noAudio=False, opacity=1.0, ori=0, pos=array([0., 0.]), size=array([1280.,  720.]), units='pix', vframe_callback=UNKNOWN, volume=UNKNOWN, win=Window(...))
681.2563 	EXP 	Created vid4_q = MovieStim3(__class__=<class 'psychopy.visual.movie3.MovieStim3'>, autoLog=True, color=UNKNOWN, colorSpace=UNKNOWN, depth=-7.0, filename='stims/wedding-13.4a.mp4', flipHoriz=False, flipVert=False, fps=UNKNOWN, interpolate=True, loop=False, name='vid4_q', noAudio=False, opacity=1.0, ori=0, pos=array([0., 0.]), size=array([1280.,  720.]), units='pix', vframe_callback=UNKNOWN, volume=UNKNOWN, win=Window(...))
681.6442 	EXP 	Created vid5_q = MovieStim3(__class__=<class 'psychopy.visual.movie3.MovieStim3'>, autoLog=True, color=UNKNOWN, colorSpace=UNKNOWN, depth=-8.0, filename='stims/wedding-13.5.mp4', flipHoriz=False, flipVert=False, fps=UNKNOWN, interpolate=True, loop=False, name='vid5_q', noAudio=False, opacity=1.0, ori=0, pos=array([0., 0.]), size=array([1280.,  720.]), units='pix', vframe_callback=UNKNOWN, volume=UNKNOWN, win=Window(...))
681.7583 	EXP 	window1: recordFrameIntervals = False
681.7619 	DATA 	Keypress: equal
681.7643 	DATA 	Keypress: equal
681.7665 	DATA 	Keypress: equal
681.7686 	DATA 	Keypress: equal
681.7877 	EXP 	image_3: autoDraw = False
681.7877 	EXP 	image_3: autoDraw = False
681.7877 	EXP 	vid1a: movie = 'stims/wedding-13.1a.mp4'
681.7877 	EXP 	vid1a: autoLog = True
681.7877 	EXP 	vid1b: movie = 'stims/wedding-13.1b.mp4'
681.7877 	EXP 	vid1b: autoLog = True
681.7877 	EXP 	vid2: movie = 'stims/wedding-13.2a.mp4'
681.7877 	EXP 	vid2: autoLog = True
681.7877 	EXP 	vid3: movie = 'stims/wedding-13.3a.mp4'
681.7877 	EXP 	vid3: autoLog = True
681.7877 	EXP 	vid4: movie = 'stims/wedding-13.4a.mp4'
681.7877 	EXP 	vid4: autoLog = True
681.7877 	EXP 	vid5: movie = 'stims/wedding-13.5.mp4'
681.7877 	EXP 	vid5: autoLog = True
681.7877 	EXP 	vid1a: autoDraw = False
681.7877 	EXP 	vid1b: autoDraw = False
681.7877 	EXP 	vid2: autoDraw = False
681.7877 	EXP 	vid3: autoDraw = False
681.7877 	EXP 	vid4: autoDraw = False
681.7877 	EXP 	vid5: autoDraw = False
681.7877 	EXP 	vid1a_q: movie = 'stims/wedding-13.1a.mp4'
681.7877 	EXP 	vid1a_q: autoLog = True
681.7877 	EXP 	vid1b_q: movie = 'stims/wedding-13.1b.mp4'
681.7877 	EXP 	vid1b_q: autoLog = True
681.7877 	EXP 	vid2_q: movie = 'stims/wedding-13.2a.mp4'
681.7877 	EXP 	vid2_q: autoLog = True
681.7877 	EXP 	vid3_q: movie = 'stims/wedding-13.3a.mp4'
681.7877 	EXP 	vid3_q: autoLog = True
681.7877 	EXP 	vid4_q: movie = 'stims/wedding-13.4a.mp4'
681.7877 	EXP 	vid4_q: autoLog = True
681.7877 	EXP 	vid5_q: movie = 'stims/wedding-13.5.mp4'
681.7877 	EXP 	vid5_q: autoLog = True
684.3334 	EXP 	window1: recordFrameIntervals = False
686.5473 	DATA 	Keypress: equal
686.5552 	DATA 	Keypress: equal
686.5577 	DATA 	Keypress: equal
686.6762 	DATA 	Keypress: equal
686.7543 	EXP 	vid1a_q: movie = 'stims/wedding-13.1a.mp4'
686.7543 	EXP 	vid1b_q: movie = 'stims/wedding-13.1b.mp4'
686.7543 	EXP 	vid2_q: movie = 'stims/wedding-13.2a.mp4'
686.7543 	EXP 	vid3_q: movie = 'stims/wedding-13.3a.mp4'
686.7543 	EXP 	vid4_q: movie = 'stims/wedding-13.4a.mp4'
686.7543 	EXP 	vid5_q: movie = 'stims/wedding-13.5.mp4'
686.7750 	EXP 	vid1a_q: autoDraw = True
688.1792 	DATA 	Keypress: equal
689.6806 	DATA 	Keypress: equal
691.1811 	DATA 	Keypress: equal
692.6812 	DATA 	Keypress: equal
694.1799 	DATA 	Keypress: equal
695.6896 	DATA 	Keypress: equal
697.1897 	DATA 	Keypress: equal
698.6893 	DATA 	Keypress: equal
700.1897 	DATA 	Keypress: equal
701.6893 	DATA 	Keypress: equal
701.8208 	EXP 	Set vid1a_q finished
703.1374 	EXP 	vid1b_q: autoDraw = True
703.1895 	DATA 	Keypress: equal
704.6811 	DATA 	Keypress: equal
706.1807 	DATA 	Keypress: equal
707.6805 	DATA 	Keypress: equal
709.1811 	DATA 	Keypress: equal
710.6809 	DATA 	Keypress: equal
711.2040 	EXP 	Set vid1b_q finished
712.1373 	EXP 	vid2_q: autoDraw = True
712.1894 	DATA 	Keypress: equal
713.6805 	DATA 	Keypress: equal
715.1805 	DATA 	Keypress: equal
716.6810 	DATA 	Keypress: equal
718.1798 	DATA 	Keypress: equal
719.6801 	DATA 	Keypress: equal
721.1892 	DATA 	Keypress: equal
722.6890 	DATA 	Keypress: equal
724.1893 	DATA 	Keypress: equal
725.6890 	DATA 	Keypress: equal
727.1893 	DATA 	Keypress: equal
728.6891 	DATA 	Keypress: equal
729.1204 	EXP 	vid2_q: autoDraw = False
729.1371 	EXP 	l2q: autoDraw = True
730.1892 	DATA 	Keypress: equal
730.8889 	DATA 	Keypress: 2
731.6885 	DATA 	Keypress: equal
733.1204 	EXP 	l2q: autoDraw = False
733.1370 	EXP 	vid3_q: autoDraw = True
733.1743 	DATA 	Keypress: equal
734.6801 	DATA 	Keypress: equal
736.1804 	DATA 	Keypress: equal
737.6792 	DATA 	Keypress: equal
739.1801 	DATA 	Keypress: equal
740.6809 	DATA 	Keypress: equal
742.1888 	DATA 	Keypress: equal
743.6891 	DATA 	Keypress: equal
745.1887 	DATA 	Keypress: equal
746.6888 	DATA 	Keypress: equal
748.1888 	DATA 	Keypress: equal
749.6889 	DATA 	Keypress: equal
751.1888 	DATA 	Keypress: equal
752.6889 	DATA 	Keypress: equal
754.1886 	DATA 	Keypress: equal
755.7363 	DATA 	Keypress: equal
756.1201 	EXP 	vid3_q: autoDraw = False
756.1367 	EXP 	l3q: autoDraw = True
757.1888 	DATA 	Keypress: equal
757.4215 	DATA 	Keypress: 2
758.6725 	DATA 	Keypress: equal
760.1200 	EXP 	l3q: autoDraw = False
760.1367 	EXP 	vid4_q: autoDraw = True
760.1739 	DATA 	Keypress: equal
761.6790 	DATA 	Keypress: equal
763.1798 	DATA 	Keypress: equal
764.6791 	DATA 	Keypress: equal
766.1796 	DATA 	Keypress: equal
767.6803 	DATA 	Keypress: equal
769.1888 	DATA 	Keypress: equal
770.6883 	DATA 	Keypress: equal
772.1885 	DATA 	Keypress: equal
773.6885 	DATA 	Keypress: equal
775.1887 	DATA 	Keypress: equal
776.6725 	DATA 	Keypress: equal
778.1723 	DATA 	Keypress: equal
779.6724 	DATA 	Keypress: equal
781.1725 	DATA 	Keypress: equal
782.6722 	DATA 	Keypress: equal
784.1197 	EXP 	vid4_q: autoDraw = False
784.1364 	EXP 	vid5_q: autoDraw = True
784.1736 	DATA 	Keypress: equal
785.6798 	DATA 	Keypress: equal
787.1775 	DATA 	Keypress: equal
788.6792 	DATA 	Keypress: equal
790.1777 	DATA 	Keypress: equal
791.6799 	DATA 	Keypress: equal
793.1884 	DATA 	Keypress: equal
794.6722 	DATA 	Keypress: equal
796.1738 	DATA 	Keypress: equal
796.1862 	EXP 	Set vid5_q finished
796.4616 	EXP 	window1: recordFrameIntervals = False
796.4696 	EXP 	vid1a_q: autoDraw = False
796.4696 	EXP 	vid1b_q: autoDraw = False
796.4696 	EXP 	vid2_q: autoDraw = False
796.4696 	EXP 	l2q: autoDraw = False
796.4696 	EXP 	vid3_q: autoDraw = False
796.4696 	EXP 	l3q: autoDraw = False
796.4696 	EXP 	vid4_q: autoDraw = False
796.4696 	EXP 	vid5_q: autoDraw = False
796.6755 	EXP 	window1: recordFrameIntervals = False
798.2481 	DATA 	Keypress: equal
798.4696 	EXP 	eggPainting1: image = 'stimsday1details/egg13.png'
798.4696 	EXP 	eggPainting2: image = 'stimsday1details/newegg4.png'
798.4696 	EXP 	character1: image = 'stimsday1details/couple13.png'
798.4696 	EXP 	character2: image = 'stimsday1details/newperson4.png'
798.4696 	EXP 	gift1: image = 'stimsday1details/new4.png'
798.4696 	EXP 	gift2: image = 'stimsday1details/gift13.png'
798.4696 	EXP 	themeQ1: image = 'stimsday1details/ct13.png'
798.4696 	EXP 	themeQ2: image = 'stimsday1details/t13.png'
798.4696 	EXP 	nameQ1: image = 'stimsday1details/n13.png'
798.4696 	EXP 	nameQ2: image = 'stimsday1details/cn13.png'
798.4696 	EXP 	nameQ1: autoDraw = True
798.4696 	EXP 	nameQ2: autoDraw = True
799.1722 	DATA 	Keypress: equal
799.3876 	DATA 	Keypress: 1
800.4529 	EXP 	nameQ1: autoDraw = False
800.4529 	EXP 	nameQ2: autoDraw = False
800.4529 	EXP 	nameQ1: autoDraw = False
800.4529 	EXP 	nameQ2: autoDraw = False
800.4529 	EXP 	eggPainting1: autoDraw = True
800.4529 	EXP 	eggPainting2: autoDraw = True
800.6718 	DATA 	Keypress: equal
801.3710 	DATA 	Keypress: 1
802.1711 	DATA 	Keypress: equal
802.4529 	EXP 	eggPainting1: autoDraw = False
802.4529 	EXP 	eggPainting2: autoDraw = False
802.4529 	EXP 	eggPainting1: autoDraw = False
802.4529 	EXP 	eggPainting2: autoDraw = False
802.4529 	EXP 	character1: autoDraw = True
802.4529 	EXP 	character2: autoDraw = True
803.3377 	DATA 	Keypress: 1
803.6709 	DATA 	Keypress: equal
804.4528 	EXP 	character1: autoDraw = False
804.4528 	EXP 	character2: autoDraw = False
804.4528 	EXP 	character1: autoDraw = False
804.4528 	EXP 	character2: autoDraw = False
804.4528 	EXP 	themeQ1: autoDraw = True
804.4528 	EXP 	themeQ2: autoDraw = True
805.1713 	DATA 	Keypress: equal
805.5542 	DATA 	Keypress: 2
806.4528 	EXP 	themeQ1: autoDraw = False
806.4528 	EXP 	themeQ2: autoDraw = False
806.4528 	EXP 	themeQ1: autoDraw = False
806.4528 	EXP 	themeQ2: autoDraw = False
806.4528 	EXP 	gift1: autoDraw = True
806.4528 	EXP 	gift2: autoDraw = True
806.6709 	DATA 	Keypress: equal
807.4375 	DATA 	Keypress: 2
808.1709 	DATA 	Keypress: equal
808.4527 	EXP 	gift1: autoDraw = False
808.4527 	EXP 	gift2: autoDraw = False
808.4527 	EXP 	gift1: autoDraw = False
808.4527 	EXP 	gift2: autoDraw = False
808.4527 	EXP 	northorsouth1: autoDraw = True
808.4527 	EXP 	northorsouth2: autoDraw = True
809.2044 	DATA 	Keypress: 1
809.6708 	DATA 	Keypress: equal
810.7860 	EXP 	northorsouth1: autoDraw = False
810.7860 	EXP 	northorsouth2: autoDraw = False
810.7860 	EXP 	northorsouth1: autoDraw = False
810.7860 	EXP 	northorsouth2: autoDraw = False
811.0895 	EXP 	window1: mouseVisible = True
