1.8208 	WARNING 	Import Error: No module named 'psychtoolbox'. Using event module for keyboard component.
5.5819 	EXP 	Created window1 = Window(allowGUI=False, allowStencil=False, args=UNKNOWN, autoLog=True, bitsMode=UNKNOWN, blendMode='avg', color=array([0., 0., 0.]), colorSpace='rgb', fullscr=<method-wrapper '__getattribute__' of attributeSetter object at 0x132a8ef128>, gamma=None, kwargs=UNKNOWN, lms=UNKNOWN, monitor=<psychopy.monitors.calibTools.Monitor object at 0x132c535978>, multiSample=False, name='window1', numSamples=2, pos=[0.0, 0.0], screen=0, size=array([1920, 1080]), stereo=False, units='norm', useFBO=True, useRetina=False, viewOri=0.0, viewPos=None, viewScale=None, waitBlanking=True, winType='pyglet')
5.5820 	EXP 	window1: recordFrameIntervals = False
5.7478 	EXP 	window1: recordFrameIntervals = True
5.9313 	EXP 	window1: recordFrameIntervals = False
6.0543 	EXP 	Created text = TextStim(__class__=<class 'psychopy.visual.text.TextStim'>, alignHoriz='center', alignVert='center', antialias=True, autoLog=True, bold=False, color='white', colorSpace='named', contrast=1.0, depth=0.0, flipHoriz=False, flipVert=False, font='Arial', fontFiles=[], height=0.1, italic=False, languageStyle='LTR', name='text', opacity=1.0, ori=0, pos=array([0., 0.]), rgb=array([255., 255., 255.]), text='Waiting for experimenter...', units='norm', win=Window(...), wrapWidth=1)
6.0631 	EXP 	Created waiting = TextStim(__class__=<class 'psychopy.visual.text.TextStim'>, alignHoriz='center', alignVert='center', antialias=True, autoLog=True, bold=False, color='white', colorSpace='named', contrast=1.0, depth=0.0, flipHoriz=False, flipVert=False, font='Arial', fontFiles=[], height=0.1, italic=False, languageStyle='LTR', name='waiting', opacity=1.0, ori=0, pos=array([0., 0.]), rgb=array([255., 255., 255.]), text='Waiting for scanner...', units='norm', win=Window(...), wrapWidth=1)
6.0864 	EXP 	Created image_3 = ImageStim(__class__=<class 'psychopy.visual.image.ImageStim'>, autoLog=True, color=array([1., 1., 1.]), colorSpace='rgb', contrast=1.0, depth=0.0, flipHoriz=False, flipVert=False, image='north.png', interpolate=True, mask=None, maskParams=None, name='image_3', opacity=1.0, ori=0.0, pos=array([0., 0.]), size=array([0.5, 0.5]), texRes=128, units='norm', win=Window(...))
6.0966 	EXP 	Created l2q = ImageStim(__class__=<class 'psychopy.visual.image.ImageStim'>, autoLog=True, color=array([1., 1., 1.]), colorSpace='rgb', contrast=1.0, depth=-4.0, flipHoriz=False, flipVert=False, image='LAYER2Q.png', interpolate=True, mask=None, maskParams=None, name='l2q', opacity=1.0, ori=0.0, pos=array([0., 0.]), size=array([0.5, 0.5]), texRes=128, units='norm', win=Window(...))
6.1065 	EXP 	Created l3q = ImageStim(__class__=<class 'psychopy.visual.image.ImageStim'>, autoLog=True, color=array([1., 1., 1.]), colorSpace='rgb', contrast=1.0, depth=-6.0, flipHoriz=False, flipVert=False, image='LAYER3Q.png', interpolate=True, mask=None, maskParams=None, name='l3q', opacity=1.0, ori=0.0, pos=array([0., 0.]), size=array([0.5, 0.5]), texRes=128, units='norm', win=Window(...))
6.1127 	EXP 	Created nameQ1 = ImageStim(__class__=<class 'psychopy.visual.image.ImageStim'>, autoLog=True, color=array([1., 1., 1.]), colorSpace='rgb', contrast=1.0, depth=-1.0, flipHoriz=False, flipVert=False, image='sin', interpolate=True, mask=None, maskParams=None, name='nameQ1', opacity=1.0, ori=0.0, pos=array([-0.5, -0.2]), size=array([0.5, 0.5]), texRes=128, units='norm', win=Window(...))
6.1151 	EXP 	Created nameQ2 = ImageStim(__class__=<class 'psychopy.visual.image.ImageStim'>, autoLog=True, color=array([1., 1., 1.]), colorSpace='rgb', contrast=1.0, depth=-2.0, flipHoriz=False, flipVert=False, image='sin', interpolate=True, mask=None, maskParams=None, name='nameQ2', opacity=1.0, ori=0.0, pos=array([ 0.5, -0.2]), size=array([0.5, 0.5]), texRes=128, units='norm', win=Window(...))
6.1174 	EXP 	Created eggPainting1 = ImageStim(__class__=<class 'psychopy.visual.image.ImageStim'>, autoLog=True, color=array([1., 1., 1.]), colorSpace='rgb', contrast=1.0, depth=0.0, flipHoriz=False, flipVert=False, image='sin', interpolate=True, mask=None, maskParams=None, name='eggPainting1', opacity=1.0, ori=0.0, pos=array([-0.5, -0.2]), size=array([0.7, 1. ]), texRes=128, units='norm', win=Window(...))
6.1198 	EXP 	Created eggPainting2 = ImageStim(__class__=<class 'psychopy.visual.image.ImageStim'>, autoLog=True, color=array([1., 1., 1.]), colorSpace='rgb', contrast=1.0, depth=-2.0, flipHoriz=False, flipVert=False, image='sin', interpolate=True, mask=None, maskParams=None, name='eggPainting2', opacity=1.0, ori=0.0, pos=array([ 0.5, -0.2]), size=array([0.7, 1. ]), texRes=128, units='norm', win=Window(...))
6.1222 	EXP 	Created character1 = ImageStim(__class__=<class 'psychopy.visual.image.ImageStim'>, autoLog=True, color=array([1., 1., 1.]), colorSpace='rgb', contrast=1.0, depth=0.0, flipHoriz=False, flipVert=False, image='sin', interpolate=True, mask=None, maskParams=None, name='character1', opacity=1.0, ori=0.0, pos=array([-0.5, -0.2]), size=array([0.5, 1. ]), texRes=128, units='norm', win=Window(...))
6.1245 	EXP 	Created character2 = ImageStim(__class__=<class 'psychopy.visual.image.ImageStim'>, autoLog=True, color=array([1., 1., 1.]), colorSpace='rgb', contrast=1.0, depth=-1.0, flipHoriz=False, flipVert=False, image='sin', interpolate=True, mask=None, maskParams=None, name='character2', opacity=1.0, ori=0.0, pos=array([ 0.5, -0.2]), size=array([0.5, 1. ]), texRes=128, units='norm', win=Window(...))
6.1268 	EXP 	Created themeQ1 = ImageStim(__class__=<class 'psychopy.visual.image.ImageStim'>, autoLog=True, color=array([1., 1., 1.]), colorSpace='rgb', contrast=1.0, depth=-1.0, flipHoriz=False, flipVert=False, image='sin', interpolate=True, mask=None, maskParams=None, name='themeQ1', opacity=1.0, ori=0.0, pos=array([-0.5, -0.2]), size=array([0.5, 0.5]), texRes=128, units='norm', win=Window(...))
6.1291 	EXP 	Created themeQ2 = ImageStim(__class__=<class 'psychopy.visual.image.ImageStim'>, autoLog=True, color=array([1., 1., 1.]), colorSpace='rgb', contrast=1.0, depth=-2.0, flipHoriz=False, flipVert=False, image='sin', interpolate=True, mask=None, maskParams=None, name='themeQ2', opacity=1.0, ori=0.0, pos=array([ 0.5, -0.2]), size=array([0.5, 0.5]), texRes=128, units='norm', win=Window(...))
6.1315 	EXP 	Created gift1 = ImageStim(__class__=<class 'psychopy.visual.image.ImageStim'>, autoLog=True, color=array([1., 1., 1.]), colorSpace='rgb', contrast=1.0, depth=0.0, flipHoriz=False, flipVert=False, image='sin', interpolate=True, mask=None, maskParams=None, name='gift1', opacity=1.0, ori=0.0, pos=array([-0.5, -0.2]), size=array([0.5, 0.5]), texRes=128, units='norm', win=Window(...))
6.1338 	EXP 	Created gift2 = ImageStim(__class__=<class 'psychopy.visual.image.ImageStim'>, autoLog=True, color=array([1., 1., 1.]), colorSpace='rgb', contrast=1.0, depth=-1.0, flipHoriz=False, flipVert=False, image='sin', interpolate=True, mask=None, maskParams=None, name='gift2', opacity=1.0, ori=0.0, pos=array([ 0.5, -0.2]), size=array([0.5, 0.5]), texRes=128, units='norm', win=Window(...))
6.1375 	EXP 	Created northorsouth1 = ImageStim(__class__=<class 'psychopy.visual.image.ImageStim'>, autoLog=True, color=array([1., 1., 1.]), colorSpace='rgb', contrast=1.0, depth=0.0, flipHoriz=False, flipVert=False, image='northorsouth1.png', interpolate=True, mask=None, maskParams=None, name='northorsouth1', opacity=1.0, ori=0.0, pos=array([-0.5, -0.2]), size=array([0.5, 0.5]), texRes=128, units='norm', win=Window(...))
6.1412 	EXP 	Created northorsouth2 = ImageStim(__class__=<class 'psychopy.visual.image.ImageStim'>, autoLog=True, color=array([1., 1., 1.]), colorSpace='rgb', contrast=1.0, depth=-2.0, flipHoriz=False, flipVert=False, image='northorsouth2.png', interpolate=True, mask=None, maskParams=None, name='northorsouth2', opacity=1.0, ori=0.0, pos=array([ 0.5, -0.2]), size=array([0.5, 0.5]), texRes=128, units='norm', win=Window(...))
6.1647 	EXP 	text: autoDraw = True
7.6898 	DATA 	Keypress: g
7.7142 	EXP 	text: autoDraw = False
7.7142 	EXP 	waiting: autoDraw = True
24.7036 	DATA 	Keypress: equal
24.7155 	EXP 	Imported chooseBlock1.csv as conditions, 6 conditions, 1 params
24.7159 	EXP 	Created sequence: random, trialTypes=6, nReps=1, seed=None
24.7163 	EXP 	New trial (rep=0, index=0): OrderedDict([('condsFile', 'videoBlock_schemaN_pathA_1.csv')])
24.7256 	EXP 	Imported videoBlock_schemaN_pathA_1.csv as conditions, 1 conditions, 17 params
24.7259 	EXP 	Created sequence: random, trialTypes=1, nReps=1, seed=None
24.7266 	EXP 	New trial (rep=0, index=0): OrderedDict([('northOrSouth', 'north.png'), ('stimFile1a', 'stims/wedding-3.1a.mp4'), ('stimFile1b', 'stims/wedding-3.1b.mp4'), ('stimFile2', 'stims/wedding-3.2a.mp4'), ('stimFile3', 'stims/wedding-3.3a.mp4'), ('stimFile4', 'stims/wedding-3.4a.mp4'), ('stimFile5', 'stims/wedding-3.5.mp4'), ('QeggPainting1', 'stimsday1details/egg3.png'), ('Qcharacter1', 'stimsday1details/couple3.png'), ('Qgift1', 'stimsday1details/new1.png'), ('QeggPainting2', 'stimsday1details/newegg1.png'), ('Qcharacter2', 'stimsday1details/newperson1.png'), ('Qgift2', 'stimsday1details/gift3.png'), ('Qname1', 'stimsday1details/cn3.png'), ('Qtheme1', 'stimsday1details/t3.png'), ('Qname2', 'stimsday1details/n3.png'), ('Qtheme2', 'stimsday1details/ct3.png')])
24.7385 	EXP 	waiting: autoDraw = False
24.7385 	EXP 	image_3: autoDraw = True
26.1998 	DATA 	Keypress: equal
26.7197 	EXP 	Created sequence: random, trialTypes=1, nReps=1, seed=None
26.7200 	EXP 	New trial (rep=0, index=0): None
27.2479 	EXP 	Created vid1a = MovieStim3(__class__=<class 'psychopy.visual.movie3.MovieStim3'>, autoLog=True, color=UNKNOWN, colorSpace=UNKNOWN, depth=-1.0, filename='stims/wedding-3.1a.mp4', flipHoriz=False, flipVert=False, fps=UNKNOWN, interpolate=True, loop=False, name='vid1a', noAudio=False, opacity=1.0, ori=0, pos=array([0., 0.]), size=array([1280.,  720.]), units='pix', vframe_callback=UNKNOWN, volume=UNKNOWN, win=Window(...))
27.5864 	EXP 	Created vid1b = MovieStim3(__class__=<class 'psychopy.visual.movie3.MovieStim3'>, autoLog=True, color=UNKNOWN, colorSpace=UNKNOWN, depth=-2.0, filename='stims/wedding-3.1b.mp4', flipHoriz=False, flipVert=False, fps=UNKNOWN, interpolate=True, loop=False, name='vid1b', noAudio=False, opacity=1.0, ori=0, pos=array([0., 0.]), size=array([1280.,  720.]), units='pix', vframe_callback=UNKNOWN, volume=UNKNOWN, win=Window(...))
28.0595 	EXP 	Created vid2 = MovieStim3(__class__=<class 'psychopy.visual.movie3.MovieStim3'>, autoLog=True, color=UNKNOWN, colorSpace=UNKNOWN, depth=-3.0, filename='stims/wedding-3.2a.mp4', flipHoriz=False, flipVert=False, fps=UNKNOWN, interpolate=True, loop=False, name='vid2', noAudio=False, opacity=1.0, ori=0, pos=array([0., 0.]), size=array([1280.,  720.]), units='pix', vframe_callback=UNKNOWN, volume=UNKNOWN, win=Window(...))
28.5218 	EXP 	Created vid3 = MovieStim3(__class__=<class 'psychopy.visual.movie3.MovieStim3'>, autoLog=True, color=UNKNOWN, colorSpace=UNKNOWN, depth=-4.0, filename='stims/wedding-3.3a.mp4', flipHoriz=False, flipVert=False, fps=UNKNOWN, interpolate=True, loop=False, name='vid3', noAudio=False, opacity=1.0, ori=0, pos=array([0., 0.]), size=array([1280.,  720.]), units='pix', vframe_callback=UNKNOWN, volume=UNKNOWN, win=Window(...))
28.9889 	EXP 	Created vid4 = MovieStim3(__class__=<class 'psychopy.visual.movie3.MovieStim3'>, autoLog=True, color=UNKNOWN, colorSpace=UNKNOWN, depth=-5.0, filename='stims/wedding-3.4a.mp4', flipHoriz=False, flipVert=False, fps=UNKNOWN, interpolate=True, loop=False, name='vid4', noAudio=False, opacity=1.0, ori=0, pos=array([0., 0.]), size=array([1280.,  720.]), units='pix', vframe_callback=UNKNOWN, volume=UNKNOWN, win=Window(...))
29.3758 	EXP 	Created vid5 = MovieStim3(__class__=<class 'psychopy.visual.movie3.MovieStim3'>, autoLog=True, color=UNKNOWN, colorSpace=UNKNOWN, depth=-6.0, filename='stims/wedding-3.5.mp4', flipHoriz=False, flipVert=False, fps=UNKNOWN, interpolate=True, loop=False, name='vid5', noAudio=False, opacity=1.0, ori=0, pos=array([0., 0.]), size=array([1280.,  720.]), units='pix', vframe_callback=UNKNOWN, volume=UNKNOWN, win=Window(...))
29.4167 	EXP 	Created sequence: random, trialTypes=1, nReps=1, seed=None
29.4170 	EXP 	New trial (rep=0, index=0): None
29.8303 	EXP 	Created vid1a_q = MovieStim3(__class__=<class 'psychopy.visual.movie3.MovieStim3'>, autoLog=True, color=UNKNOWN, colorSpace=UNKNOWN, depth=-1.0, filename='stims/wedding-3.1a.mp4', flipHoriz=False, flipVert=False, fps=UNKNOWN, interpolate=True, loop=False, name='vid1a_q', noAudio=False, opacity=1.0, ori=0, pos=array([0., 0.]), size=array([1280.,  720.]), units='pix', vframe_callback=UNKNOWN, volume=UNKNOWN, win=Window(...))
30.1638 	EXP 	Created vid1b_q = MovieStim3(__class__=<class 'psychopy.visual.movie3.MovieStim3'>, autoLog=True, color=UNKNOWN, colorSpace=UNKNOWN, depth=-2.0, filename='stims/wedding-3.1b.mp4', flipHoriz=False, flipVert=False, fps=UNKNOWN, interpolate=True, loop=False, name='vid1b_q', noAudio=False, opacity=1.0, ori=0, pos=array([0., 0.]), size=array([1280.,  720.]), units='pix', vframe_callback=UNKNOWN, volume=UNKNOWN, win=Window(...))
30.6240 	EXP 	Created vid2_q = MovieStim3(__class__=<class 'psychopy.visual.movie3.MovieStim3'>, autoLog=True, color=UNKNOWN, colorSpace=UNKNOWN, depth=-3.0, filename='stims/wedding-3.2a.mp4', flipHoriz=False, flipVert=False, fps=UNKNOWN, interpolate=True, loop=False, name='vid2_q', noAudio=False, opacity=1.0, ori=0, pos=array([0., 0.]), size=array([1280.,  720.]), units='pix', vframe_callback=UNKNOWN, volume=UNKNOWN, win=Window(...))
31.0821 	EXP 	Created vid3_q = MovieStim3(__class__=<class 'psychopy.visual.movie3.MovieStim3'>, autoLog=True, color=UNKNOWN, colorSpace=UNKNOWN, depth=-5.0, filename='stims/wedding-3.3a.mp4', flipHoriz=False, flipVert=False, fps=UNKNOWN, interpolate=True, loop=False, name='vid3_q', noAudio=False, opacity=1.0, ori=0, pos=array([0., 0.]), size=array([1280.,  720.]), units='pix', vframe_callback=UNKNOWN, volume=UNKNOWN, win=Window(...))
31.5465 	EXP 	Created vid4_q = MovieStim3(__class__=<class 'psychopy.visual.movie3.MovieStim3'>, autoLog=True, color=UNKNOWN, colorSpace=UNKNOWN, depth=-7.0, filename='stims/wedding-3.4a.mp4', flipHoriz=False, flipVert=False, fps=UNKNOWN, interpolate=True, loop=False, name='vid4_q', noAudio=False, opacity=1.0, ori=0, pos=array([0., 0.]), size=array([1280.,  720.]), units='pix', vframe_callback=UNKNOWN, volume=UNKNOWN, win=Window(...))
31.9252 	EXP 	Created vid5_q = MovieStim3(__class__=<class 'psychopy.visual.movie3.MovieStim3'>, autoLog=True, color=UNKNOWN, colorSpace=UNKNOWN, depth=-8.0, filename='stims/wedding-3.5.mp4', flipHoriz=False, flipVert=False, fps=UNKNOWN, interpolate=True, loop=False, name='vid5_q', noAudio=False, opacity=1.0, ori=0, pos=array([0., 0.]), size=array([1280.,  720.]), units='pix', vframe_callback=UNKNOWN, volume=UNKNOWN, win=Window(...))
31.9257 	EXP 	window1: recordFrameIntervals = False
31.9293 	DATA 	Keypress: equal
31.9315 	DATA 	Keypress: equal
31.9336 	DATA 	Keypress: equal
31.9486 	EXP 	image_3: autoDraw = False
31.9486 	EXP 	vid1a: movie = 'stims/wedding-3.1a.mp4'
31.9486 	EXP 	vid1a: autoLog = True
31.9486 	EXP 	vid1b: movie = 'stims/wedding-3.1b.mp4'
31.9486 	EXP 	vid1b: autoLog = True
31.9486 	EXP 	vid2: movie = 'stims/wedding-3.2a.mp4'
31.9486 	EXP 	vid2: autoLog = True
31.9486 	EXP 	vid3: movie = 'stims/wedding-3.3a.mp4'
31.9486 	EXP 	vid3: autoLog = True
31.9486 	EXP 	vid4: movie = 'stims/wedding-3.4a.mp4'
31.9486 	EXP 	vid4: autoLog = True
31.9486 	EXP 	vid5: movie = 'stims/wedding-3.5.mp4'
31.9486 	EXP 	vid5: autoLog = True
31.9486 	EXP 	vid1a: autoDraw = False
31.9486 	EXP 	vid1b: autoDraw = False
31.9486 	EXP 	vid2: autoDraw = False
31.9486 	EXP 	vid3: autoDraw = False
31.9486 	EXP 	vid4: autoDraw = False
31.9486 	EXP 	vid5: autoDraw = False
31.9486 	EXP 	vid1a_q: movie = 'stims/wedding-3.1a.mp4'
31.9486 	EXP 	vid1a_q: autoLog = True
31.9486 	EXP 	vid1b_q: movie = 'stims/wedding-3.1b.mp4'
31.9486 	EXP 	vid1b_q: autoLog = True
31.9486 	EXP 	vid2_q: movie = 'stims/wedding-3.2a.mp4'
31.9486 	EXP 	vid2_q: autoLog = True
31.9486 	EXP 	vid3_q: movie = 'stims/wedding-3.3a.mp4'
31.9486 	EXP 	vid3_q: autoLog = True
31.9486 	EXP 	vid4_q: movie = 'stims/wedding-3.4a.mp4'
31.9486 	EXP 	vid4_q: autoLog = True
31.9486 	EXP 	vid5_q: movie = 'stims/wedding-3.5.mp4'
31.9486 	EXP 	vid5_q: autoLog = True
34.4689 	EXP 	window1: recordFrameIntervals = False
36.7138 	DATA 	Keypress: equal
36.7164 	DATA 	Keypress: equal
36.7190 	DATA 	Keypress: equal
36.7210 	DATA 	Keypress: equal
36.9145 	EXP 	vid1a_q: movie = 'stims/wedding-3.1a.mp4'
36.9145 	EXP 	vid1b_q: movie = 'stims/wedding-3.1b.mp4'
36.9145 	EXP 	vid2_q: movie = 'stims/wedding-3.2a.mp4'
36.9145 	EXP 	vid3_q: movie = 'stims/wedding-3.3a.mp4'
36.9145 	EXP 	vid4_q: movie = 'stims/wedding-3.4a.mp4'
36.9145 	EXP 	vid5_q: movie = 'stims/wedding-3.5.mp4'
36.9315 	EXP 	vid1a_q: autoDraw = True
38.2003 	DATA 	Keypress: equal
39.7049 	DATA 	Keypress: equal
41.2045 	DATA 	Keypress: equal
42.7043 	DATA 	Keypress: equal
44.2001 	DATA 	Keypress: equal
45.7002 	DATA 	Keypress: equal
47.2007 	DATA 	Keypress: equal
48.6994 	DATA 	Keypress: equal
50.1994 	DATA 	Keypress: equal
51.4308 	EXP 	vid1a_q: autoDraw = False
51.4308 	EXP 	vid1b_q: autoDraw = True
51.6990 	DATA 	Keypress: equal
53.2001 	DATA 	Keypress: equal
54.7034 	DATA 	Keypress: equal
56.1952 	DATA 	Keypress: equal
57.7000 	DATA 	Keypress: equal
59.2004 	DATA 	Keypress: equal
59.9136 	EXP 	Set vid1b_q finished
60.4471 	EXP 	vid2_q: autoDraw = True
60.6942 	DATA 	Keypress: equal
62.1995 	DATA 	Keypress: equal
63.6993 	DATA 	Keypress: equal
65.2006 	DATA 	Keypress: equal
66.7003 	DATA 	Keypress: equal
68.2003 	DATA 	Keypress: equal
69.7009 	DATA 	Keypress: equal
71.1992 	DATA 	Keypress: equal
72.6990 	DATA 	Keypress: equal
74.2010 	DATA 	Keypress: equal
75.7014 	DATA 	Keypress: equal
77.1993 	DATA 	Keypress: equal
77.4352 	EXP 	vid2_q: autoDraw = False
77.4478 	EXP 	l2q: autoDraw = True
78.5372 	DATA 	Keypress: 2
78.6992 	DATA 	Keypress: equal
79.9359 	DATA 	Keypress: 2
80.1991 	DATA 	Keypress: equal
81.4345 	EXP 	l2q: autoDraw = False
81.4468 	EXP 	vid3_q: autoDraw = True
81.6941 	DATA 	Keypress: equal
83.1996 	DATA 	Keypress: equal
84.6954 	DATA 	Keypress: equal
86.2038 	DATA 	Keypress: equal
87.6992 	DATA 	Keypress: equal
89.1991 	DATA 	Keypress: equal
90.7028 	DATA 	Keypress: equal
92.2037 	DATA 	Keypress: equal
93.6991 	DATA 	Keypress: equal
95.1996 	DATA 	Keypress: equal
96.7036 	DATA 	Keypress: equal
98.1996 	DATA 	Keypress: equal
99.7037 	DATA 	Keypress: equal
101.2034 	DATA 	Keypress: equal
102.7031 	DATA 	Keypress: equal
104.1994 	DATA 	Keypress: equal
104.4335 	EXP 	vid3_q: autoDraw = False
104.4465 	EXP 	l3q: autoDraw = True
105.6997 	DATA 	Keypress: equal
105.8649 	DATA 	Keypress: 1
107.1989 	DATA 	Keypress: equal
108.4302 	EXP 	l3q: autoDraw = False
108.4477 	EXP 	vid4_q: autoDraw = True
108.6950 	DATA 	Keypress: equal
110.1996 	DATA 	Keypress: equal
111.6943 	DATA 	Keypress: equal
113.1922 	DATA 	Keypress: equal
114.6988 	DATA 	Keypress: equal
116.2036 	DATA 	Keypress: equal
117.6923 	DATA 	Keypress: equal
119.2039 	DATA 	Keypress: equal
120.6983 	DATA 	Keypress: equal
122.2086 	DATA 	Keypress: equal
123.6982 	DATA 	Keypress: equal
125.1981 	DATA 	Keypress: equal
126.7031 	DATA 	Keypress: equal
128.1981 	DATA 	Keypress: equal
129.7041 	DATA 	Keypress: equal
131.2028 	DATA 	Keypress: equal
131.6327 	EXP 	Set vid4_q finished
132.4350 	EXP 	vid5_q: autoDraw = True
132.7036 	DATA 	Keypress: equal
134.2025 	DATA 	Keypress: equal
135.6991 	DATA 	Keypress: equal
137.1949 	DATA 	Keypress: equal
138.7144 	DATA 	Keypress: equal
140.1934 	DATA 	Keypress: equal
141.6992 	DATA 	Keypress: equal
143.1944 	DATA 	Keypress: equal
144.6992 	DATA 	Keypress: equal
144.7463 	EXP 	Set vid5_q finished
144.8932 	EXP 	window1: recordFrameIntervals = False
144.8969 	EXP 	vid1a_q: autoDraw = False
144.8969 	EXP 	vid1b_q: autoDraw = False
144.8969 	EXP 	vid2_q: autoDraw = False
144.8969 	EXP 	l2q: autoDraw = False
144.8969 	EXP 	vid3_q: autoDraw = False
144.8969 	EXP 	l3q: autoDraw = False
144.8969 	EXP 	vid4_q: autoDraw = False
144.8969 	EXP 	vid5_q: autoDraw = False
145.0613 	EXP 	window1: recordFrameIntervals = False
146.6791 	DATA 	Keypress: equal
146.8962 	EXP 	eggPainting1: image = 'stimsday1details/egg3.png'
146.8962 	EXP 	eggPainting2: image = 'stimsday1details/newegg1.png'
146.8962 	EXP 	character1: image = 'stimsday1details/couple3.png'
146.8962 	EXP 	character2: image = 'stimsday1details/newperson1.png'
146.8962 	EXP 	gift1: image = 'stimsday1details/new1.png'
146.8962 	EXP 	gift2: image = 'stimsday1details/gift3.png'
146.8962 	EXP 	themeQ1: image = 'stimsday1details/t3.png'
146.8962 	EXP 	themeQ2: image = 'stimsday1details/ct3.png'
146.8962 	EXP 	nameQ1: image = 'stimsday1details/cn3.png'
146.8962 	EXP 	nameQ2: image = 'stimsday1details/n3.png'
146.8962 	EXP 	nameQ1: autoDraw = True
146.8962 	EXP 	nameQ2: autoDraw = True
147.6986 	DATA 	Keypress: equal
147.9698 	DATA 	Keypress: 2
148.8965 	EXP 	nameQ1: autoDraw = False
148.8965 	EXP 	nameQ2: autoDraw = False
148.8965 	EXP 	nameQ1: autoDraw = False
148.8965 	EXP 	nameQ2: autoDraw = False
148.8965 	EXP 	eggPainting1: autoDraw = True
148.8965 	EXP 	eggPainting2: autoDraw = True
149.1986 	DATA 	Keypress: equal
149.5979 	DATA 	Keypress: 1
150.6978 	DATA 	Keypress: equal
150.8959 	EXP 	eggPainting1: autoDraw = False
150.8959 	EXP 	eggPainting2: autoDraw = False
150.8959 	EXP 	eggPainting1: autoDraw = False
150.8959 	EXP 	eggPainting2: autoDraw = False
150.8959 	EXP 	character1: autoDraw = True
150.8959 	EXP 	character2: autoDraw = True
151.6308 	DATA 	Keypress: 1
152.2030 	DATA 	Keypress: equal
152.9003 	EXP 	character1: autoDraw = False
152.9003 	EXP 	character2: autoDraw = False
152.9003 	EXP 	character1: autoDraw = False
152.9003 	EXP 	character2: autoDraw = False
152.9003 	EXP 	themeQ1: autoDraw = True
152.9003 	EXP 	themeQ2: autoDraw = True
153.6527 	DATA 	Keypress: 1
153.7026 	DATA 	Keypress: equal
154.8957 	EXP 	themeQ1: autoDraw = False
154.8957 	EXP 	themeQ2: autoDraw = False
154.8957 	EXP 	themeQ1: autoDraw = False
154.8957 	EXP 	themeQ2: autoDraw = False
154.8957 	EXP 	gift1: autoDraw = True
154.8957 	EXP 	gift2: autoDraw = True
155.1977 	DATA 	Keypress: equal
155.9472 	DATA 	Keypress: 2
156.6979 	DATA 	Keypress: equal
156.8956 	EXP 	gift1: autoDraw = False
156.8956 	EXP 	gift2: autoDraw = False
156.8956 	EXP 	gift1: autoDraw = False
156.8956 	EXP 	gift2: autoDraw = False
156.8956 	EXP 	northorsouth1: autoDraw = True
156.8956 	EXP 	northorsouth2: autoDraw = True
157.6976 	DATA 	Keypress: 1
158.1977 	DATA 	Keypress: equal
159.0578 	EXP 	New trial (rep=0, index=1): OrderedDict([('condsFile', 'videoBlock_schemaN_pathB_3.csv')])
159.0702 	EXP 	Imported videoBlock_schemaN_pathB_3.csv as conditions, 1 conditions, 17 params
159.0707 	EXP 	Created sequence: random, trialTypes=1, nReps=1, seed=None
159.0714 	EXP 	New trial (rep=0, index=0): OrderedDict([('northOrSouth', 'north.png'), ('stimFile1a', 'stims/wedding-11.1a.mp4'), ('stimFile1b', 'stims/wedding-11.1b.mp4'), ('stimFile2', 'stims/wedding-11.2b.mp4'), ('stimFile3', 'stims/wedding-11.3b.mp4'), ('stimFile4', 'stims/wedding-11.4b.mp4'), ('stimFile5', 'stims/wedding-11.5.mp4'), ('QeggPainting1', 'stimsday1details/painting11.png'), ('Qcharacter1', 'stimsday1details/couple11.png'), ('Qgift1', 'stimsday1details/gift11.png'), ('QeggPainting2', 'stimsday1details/newpainting3.png'), ('Qcharacter2', 'stimsday1details/newperson15.png'), ('Qgift2', 'stimsday1details/new15.png'), ('Qname1', 'stimsday1details/cn11.png'), ('Qtheme1', 'stimsday1details/ct11.png'), ('Qname2', 'stimsday1details/n11.png'), ('Qtheme2', 'stimsday1details/t11.png')])
159.0803 	EXP 	northorsouth1: autoDraw = False
159.0803 	EXP 	northorsouth2: autoDraw = False
159.0803 	EXP 	northorsouth1: autoDraw = False
159.0803 	EXP 	northorsouth2: autoDraw = False
159.0803 	EXP 	image_3: autoDraw = True
159.6981 	DATA 	Keypress: equal
161.0681 	EXP 	Created sequence: random, trialTypes=1, nReps=1, seed=None
161.0684 	EXP 	New trial (rep=0, index=0): None
161.4656 	EXP 	Created vid1a = MovieStim3(__class__=<class 'psychopy.visual.movie3.MovieStim3'>, autoLog=True, color=UNKNOWN, colorSpace=UNKNOWN, depth=-1.0, filename='stims/wedding-11.1a.mp4', flipHoriz=False, flipVert=False, fps=UNKNOWN, interpolate=True, loop=False, name='vid1a', noAudio=False, opacity=1.0, ori=0, pos=array([0., 0.]), size=array([1280.,  720.]), units='pix', vframe_callback=UNKNOWN, volume=UNKNOWN, win=Window(...))
161.8033 	EXP 	Created vid1b = MovieStim3(__class__=<class 'psychopy.visual.movie3.MovieStim3'>, autoLog=True, color=UNKNOWN, colorSpace=UNKNOWN, depth=-2.0, filename='stims/wedding-11.1b.mp4', flipHoriz=False, flipVert=False, fps=UNKNOWN, interpolate=True, loop=False, name='vid1b', noAudio=False, opacity=1.0, ori=0, pos=array([0., 0.]), size=array([1280.,  720.]), units='pix', vframe_callback=UNKNOWN, volume=UNKNOWN, win=Window(...))
162.2716 	EXP 	Created vid2 = MovieStim3(__class__=<class 'psychopy.visual.movie3.MovieStim3'>, autoLog=True, color=UNKNOWN, colorSpace=UNKNOWN, depth=-3.0, filename='stims/wedding-11.2b.mp4', flipHoriz=False, flipVert=False, fps=UNKNOWN, interpolate=True, loop=False, name='vid2', noAudio=False, opacity=1.0, ori=0, pos=array([0., 0.]), size=array([1280.,  720.]), units='pix', vframe_callback=UNKNOWN, volume=UNKNOWN, win=Window(...))
162.8076 	EXP 	Created vid3 = MovieStim3(__class__=<class 'psychopy.visual.movie3.MovieStim3'>, autoLog=True, color=UNKNOWN, colorSpace=UNKNOWN, depth=-4.0, filename='stims/wedding-11.3b.mp4', flipHoriz=False, flipVert=False, fps=UNKNOWN, interpolate=True, loop=False, name='vid3', noAudio=False, opacity=1.0, ori=0, pos=array([0., 0.]), size=array([1280.,  720.]), units='pix', vframe_callback=UNKNOWN, volume=UNKNOWN, win=Window(...))
163.3289 	EXP 	Created vid4 = MovieStim3(__class__=<class 'psychopy.visual.movie3.MovieStim3'>, autoLog=True, color=UNKNOWN, colorSpace=UNKNOWN, depth=-5.0, filename='stims/wedding-11.4b.mp4', flipHoriz=False, flipVert=False, fps=UNKNOWN, interpolate=True, loop=False, name='vid4', noAudio=False, opacity=1.0, ori=0, pos=array([0., 0.]), size=array([1280.,  720.]), units='pix', vframe_callback=UNKNOWN, volume=UNKNOWN, win=Window(...))
163.7301 	EXP 	Created vid5 = MovieStim3(__class__=<class 'psychopy.visual.movie3.MovieStim3'>, autoLog=True, color=UNKNOWN, colorSpace=UNKNOWN, depth=-6.0, filename='stims/wedding-11.5.mp4', flipHoriz=False, flipVert=False, fps=UNKNOWN, interpolate=True, loop=False, name='vid5', noAudio=False, opacity=1.0, ori=0, pos=array([0., 0.]), size=array([1280.,  720.]), units='pix', vframe_callback=UNKNOWN, volume=UNKNOWN, win=Window(...))
163.8452 	EXP 	window1: recordFrameIntervals = False
163.8487 	DATA 	Keypress: equal
163.8510 	DATA 	Keypress: equal
163.8627 	EXP 	image_3: autoDraw = False
163.8627 	EXP 	image_3: autoDraw = False
163.8627 	EXP 	vid1a: movie = 'stims/wedding-11.1a.mp4'
163.8627 	EXP 	vid1a: autoLog = True
163.8627 	EXP 	vid1b: movie = 'stims/wedding-11.1b.mp4'
163.8627 	EXP 	vid1b: autoLog = True
163.8627 	EXP 	vid2: movie = 'stims/wedding-11.2b.mp4'
163.8627 	EXP 	vid2: autoLog = True
163.8627 	EXP 	vid3: movie = 'stims/wedding-11.3b.mp4'
163.8627 	EXP 	vid3: autoLog = True
163.8627 	EXP 	vid4: movie = 'stims/wedding-11.4b.mp4'
163.8627 	EXP 	vid4: autoLog = True
163.8627 	EXP 	vid5: movie = 'stims/wedding-11.5.mp4'
163.8627 	EXP 	vid5: autoLog = True
166.4504 	EXP 	window1: recordFrameIntervals = False
168.6335 	DATA 	Keypress: equal
168.6359 	DATA 	Keypress: equal
168.6380 	DATA 	Keypress: equal
168.6896 	DATA 	Keypress: equal
168.8459 	EXP 	vid1a: movie = 'stims/wedding-11.1a.mp4'
168.8459 	EXP 	vid1b: movie = 'stims/wedding-11.1b.mp4'
168.8459 	EXP 	vid2: movie = 'stims/wedding-11.2b.mp4'
168.8459 	EXP 	vid3: movie = 'stims/wedding-11.3b.mp4'
168.8459 	EXP 	vid4: movie = 'stims/wedding-11.4b.mp4'
168.8459 	EXP 	vid5: movie = 'stims/wedding-11.5.mp4'
168.8631 	EXP 	vid1a: autoDraw = True
170.2031 	DATA 	Keypress: equal
171.7030 	DATA 	Keypress: equal
173.1986 	DATA 	Keypress: equal
174.7020 	DATA 	Keypress: equal
176.1981 	DATA 	Keypress: equal
177.6918 	DATA 	Keypress: equal
179.1941 	DATA 	Keypress: equal
180.6981 	DATA 	Keypress: equal
182.1926 	DATA 	Keypress: equal
183.0836 	EXP 	vid1a: autoDraw = False
183.0961 	EXP 	vid1b: autoDraw = True
183.7031 	DATA 	Keypress: equal
185.2023 	DATA 	Keypress: equal
186.6982 	DATA 	Keypress: equal
188.1974 	DATA 	Keypress: equal
189.7156 	DATA 	Keypress: equal
191.1900 	DATA 	Keypress: equal
191.5124 	EXP 	Set vid1b finished
192.0960 	EXP 	vid2: autoDraw = True
192.6981 	DATA 	Keypress: equal
194.1994 	DATA 	Keypress: equal
195.6920 	DATA 	Keypress: equal
197.1904 	DATA 	Keypress: equal
198.6979 	DATA 	Keypress: equal
200.1980 	DATA 	Keypress: equal
201.6981 	DATA 	Keypress: equal
203.1896 	DATA 	Keypress: equal
204.6977 	DATA 	Keypress: equal
206.1974 	DATA 	Keypress: equal
207.6987 	DATA 	Keypress: equal
208.9784 	EXP 	Set vid2 finished
209.0952 	EXP 	vid3: autoDraw = True
209.1972 	DATA 	Keypress: equal
210.6983 	DATA 	Keypress: equal
212.1971 	DATA 	Keypress: equal
213.7022 	DATA 	Keypress: equal
215.2023 	DATA 	Keypress: equal
216.6968 	DATA 	Keypress: equal
218.2246 	DATA 	Keypress: equal
219.6943 	DATA 	Keypress: equal
221.1939 	DATA 	Keypress: equal
222.6884 	DATA 	Keypress: equal
224.1883 	DATA 	Keypress: equal
225.6923 	DATA 	Keypress: equal
227.1980 	DATA 	Keypress: equal
228.6881 	DATA 	Keypress: equal
230.1872 	DATA 	Keypress: equal
231.6872 	DATA 	Keypress: equal
232.0826 	EXP 	vid3: autoDraw = False
232.0957 	EXP 	vid4: autoDraw = True
233.2028 	DATA 	Keypress: equal
234.6977 	DATA 	Keypress: equal
236.1924 	DATA 	Keypress: equal
237.6887 	DATA 	Keypress: equal
239.1969 	DATA 	Keypress: equal
240.6980 	DATA 	Keypress: equal
242.1943 	DATA 	Keypress: equal
243.6922 	DATA 	Keypress: equal
245.1872 	DATA 	Keypress: equal
246.6912 	DATA 	Keypress: equal
248.1972 	DATA 	Keypress: equal
249.6972 	DATA 	Keypress: equal
251.1926 	DATA 	Keypress: equal
252.7142 	DATA 	Keypress: equal
254.1976 	DATA 	Keypress: equal
255.3611 	EXP 	Set vid4 finished
255.6965 	DATA 	Keypress: equal
256.0955 	EXP 	vid5: autoDraw = True
257.1966 	DATA 	Keypress: equal
258.6980 	DATA 	Keypress: equal
260.1966 	DATA 	Keypress: equal
261.6877 	DATA 	Keypress: equal
263.1908 	DATA 	Keypress: equal
264.6876 	DATA 	Keypress: equal
266.2016 	DATA 	Keypress: equal
267.6947 	DATA 	Keypress: equal
269.1658 	EXP 	Created sequence: random, trialTypes=1, nReps=1, seed=None
269.1661 	EXP 	New trial (rep=0, index=0): None
269.5645 	EXP 	Created vid1a_q = MovieStim3(__class__=<class 'psychopy.visual.movie3.MovieStim3'>, autoLog=True, color=UNKNOWN, colorSpace=UNKNOWN, depth=-1.0, filename='stims/wedding-11.1a.mp4', flipHoriz=False, flipVert=False, fps=UNKNOWN, interpolate=True, loop=False, name='vid1a_q', noAudio=False, opacity=1.0, ori=0, pos=array([0., 0.]), size=array([1280.,  720.]), units='pix', vframe_callback=UNKNOWN, volume=UNKNOWN, win=Window(...))
269.8941 	EXP 	Created vid1b_q = MovieStim3(__class__=<class 'psychopy.visual.movie3.MovieStim3'>, autoLog=True, color=UNKNOWN, colorSpace=UNKNOWN, depth=-2.0, filename='stims/wedding-11.1b.mp4', flipHoriz=False, flipVert=False, fps=UNKNOWN, interpolate=True, loop=False, name='vid1b_q', noAudio=False, opacity=1.0, ori=0, pos=array([0., 0.]), size=array([1280.,  720.]), units='pix', vframe_callback=UNKNOWN, volume=UNKNOWN, win=Window(...))
270.3415 	EXP 	Created vid2_q = MovieStim3(__class__=<class 'psychopy.visual.movie3.MovieStim3'>, autoLog=True, color=UNKNOWN, colorSpace=UNKNOWN, depth=-3.0, filename='stims/wedding-11.2b.mp4', flipHoriz=False, flipVert=False, fps=UNKNOWN, interpolate=True, loop=False, name='vid2_q', noAudio=False, opacity=1.0, ori=0, pos=array([0., 0.]), size=array([1280.,  720.]), units='pix', vframe_callback=UNKNOWN, volume=UNKNOWN, win=Window(...))
270.8599 	EXP 	Created vid3_q = MovieStim3(__class__=<class 'psychopy.visual.movie3.MovieStim3'>, autoLog=True, color=UNKNOWN, colorSpace=UNKNOWN, depth=-5.0, filename='stims/wedding-11.3b.mp4', flipHoriz=False, flipVert=False, fps=UNKNOWN, interpolate=True, loop=False, name='vid3_q', noAudio=False, opacity=1.0, ori=0, pos=array([0., 0.]), size=array([1280.,  720.]), units='pix', vframe_callback=UNKNOWN, volume=UNKNOWN, win=Window(...))
271.3637 	EXP 	Created vid4_q = MovieStim3(__class__=<class 'psychopy.visual.movie3.MovieStim3'>, autoLog=True, color=UNKNOWN, colorSpace=UNKNOWN, depth=-7.0, filename='stims/wedding-11.4b.mp4', flipHoriz=False, flipVert=False, fps=UNKNOWN, interpolate=True, loop=False, name='vid4_q', noAudio=False, opacity=1.0, ori=0, pos=array([0., 0.]), size=array([1280.,  720.]), units='pix', vframe_callback=UNKNOWN, volume=UNKNOWN, win=Window(...))
271.7566 	EXP 	Created vid5_q = MovieStim3(__class__=<class 'psychopy.visual.movie3.MovieStim3'>, autoLog=True, color=UNKNOWN, colorSpace=UNKNOWN, depth=-8.0, filename='stims/wedding-11.5.mp4', flipHoriz=False, flipVert=False, fps=UNKNOWN, interpolate=True, loop=False, name='vid5_q', noAudio=False, opacity=1.0, ori=0, pos=array([0., 0.]), size=array([1280.,  720.]), units='pix', vframe_callback=UNKNOWN, volume=UNKNOWN, win=Window(...))
271.9248 	EXP 	window1: recordFrameIntervals = False
271.9283 	DATA 	Keypress: equal
271.9308 	DATA 	Keypress: equal
271.9448 	EXP 	vid5: autoDraw = False
271.9448 	EXP 	vid1a: autoDraw = False
271.9448 	EXP 	vid1b: autoDraw = False
271.9448 	EXP 	vid2: autoDraw = False
271.9448 	EXP 	vid3: autoDraw = False
271.9448 	EXP 	vid4: autoDraw = False
271.9448 	EXP 	vid5: autoDraw = False
271.9448 	EXP 	vid1a_q: movie = 'stims/wedding-11.1a.mp4'
271.9448 	EXP 	vid1a_q: autoLog = True
271.9448 	EXP 	vid1b_q: movie = 'stims/wedding-11.1b.mp4'
271.9448 	EXP 	vid1b_q: autoLog = True
271.9448 	EXP 	vid2_q: movie = 'stims/wedding-11.2b.mp4'
271.9448 	EXP 	vid2_q: autoLog = True
271.9448 	EXP 	vid3_q: movie = 'stims/wedding-11.3b.mp4'
271.9448 	EXP 	vid3_q: autoLog = True
271.9448 	EXP 	vid4_q: movie = 'stims/wedding-11.4b.mp4'
271.9448 	EXP 	vid4_q: autoLog = True
271.9448 	EXP 	vid5_q: movie = 'stims/wedding-11.5.mp4'
271.9448 	EXP 	vid5_q: autoLog = True
271.9448 	EXP 	vid1a_q: autoDraw = False
271.9448 	EXP 	vid1b_q: autoDraw = False
271.9448 	EXP 	vid2_q: autoDraw = False
271.9448 	EXP 	l2q: autoDraw = False
271.9448 	EXP 	vid3_q: autoDraw = False
271.9448 	EXP 	l3q: autoDraw = False
271.9448 	EXP 	vid4_q: autoDraw = False
271.9448 	EXP 	vid5_q: autoDraw = False
272.2092 	EXP 	window1: recordFrameIntervals = False
273.7113 	DATA 	Keypress: equal
273.7133 	DATA 	Keypress: equal
273.9287 	EXP 	eggPainting1: image = 'stimsday1details/painting11.png'
273.9287 	EXP 	eggPainting2: image = 'stimsday1details/newpainting3.png'
273.9287 	EXP 	character1: image = 'stimsday1details/couple11.png'
273.9287 	EXP 	character2: image = 'stimsday1details/newperson15.png'
273.9287 	EXP 	gift1: image = 'stimsday1details/gift11.png'
273.9287 	EXP 	gift2: image = 'stimsday1details/new15.png'
273.9287 	EXP 	themeQ1: image = 'stimsday1details/ct11.png'
273.9287 	EXP 	themeQ2: image = 'stimsday1details/t11.png'
273.9287 	EXP 	nameQ1: image = 'stimsday1details/cn11.png'
273.9287 	EXP 	nameQ2: image = 'stimsday1details/n11.png'
273.9287 	EXP 	nameQ1: autoDraw = True
273.9287 	EXP 	nameQ2: autoDraw = True
274.9965 	DATA 	Keypress: 2
275.1962 	DATA 	Keypress: equal
275.9274 	EXP 	nameQ1: autoDraw = False
275.9274 	EXP 	nameQ2: autoDraw = False
275.9274 	EXP 	nameQ1: autoDraw = False
275.9274 	EXP 	nameQ2: autoDraw = False
275.9274 	EXP 	eggPainting1: autoDraw = True
275.9274 	EXP 	eggPainting2: autoDraw = True
276.6130 	DATA 	Keypress: 1
276.6959 	DATA 	Keypress: equal
277.9284 	EXP 	eggPainting1: autoDraw = False
277.9284 	EXP 	eggPainting2: autoDraw = False
277.9284 	EXP 	eggPainting1: autoDraw = False
277.9284 	EXP 	eggPainting2: autoDraw = False
277.9284 	EXP 	character1: autoDraw = True
277.9284 	EXP 	character2: autoDraw = True
278.2009 	DATA 	Keypress: equal
278.5306 	DATA 	Keypress: 1
279.7009 	DATA 	Keypress: equal
279.9274 	EXP 	character1: autoDraw = False
279.9274 	EXP 	character2: autoDraw = False
279.9274 	EXP 	character1: autoDraw = False
279.9274 	EXP 	character2: autoDraw = False
279.9274 	EXP 	themeQ1: autoDraw = True
279.9274 	EXP 	themeQ2: autoDraw = True
281.2005 	DATA 	Keypress: equal
281.6293 	DATA 	Keypress: 2
281.9273 	EXP 	themeQ1: autoDraw = False
281.9273 	EXP 	themeQ2: autoDraw = False
281.9273 	EXP 	themeQ1: autoDraw = False
281.9273 	EXP 	themeQ2: autoDraw = False
281.9273 	EXP 	gift1: autoDraw = True
281.9273 	EXP 	gift2: autoDraw = True
282.7006 	DATA 	Keypress: equal
283.6503 	DATA 	Keypress: 1
283.9285 	EXP 	gift1: autoDraw = False
283.9285 	EXP 	gift2: autoDraw = False
283.9285 	EXP 	gift1: autoDraw = False
283.9285 	EXP 	gift2: autoDraw = False
283.9285 	EXP 	northorsouth1: autoDraw = True
283.9285 	EXP 	northorsouth2: autoDraw = True
284.2012 	DATA 	Keypress: equal
284.5629 	DATA 	Keypress: 1
285.6849 	DATA 	Keypress: equal
286.1123 	EXP 	New trial (rep=0, index=2): OrderedDict([('condsFile', 'videoBlock_schemaN_pathB_2.csv')])
286.1248 	EXP 	Imported videoBlock_schemaN_pathB_2.csv as conditions, 1 conditions, 17 params
286.1253 	EXP 	Created sequence: random, trialTypes=1, nReps=1, seed=None
286.1260 	EXP 	New trial (rep=0, index=0): OrderedDict([('northOrSouth', 'north.png'), ('stimFile1a', 'stims/wedding-8.1a.mp4'), ('stimFile1b', 'stims/wedding-8.1b.mp4'), ('stimFile2', 'stims/wedding-8.2b.mp4'), ('stimFile3', 'stims/wedding-8.3b.mp4'), ('stimFile4', 'stims/wedding-8.4b.mp4'), ('stimFile5', 'stims/wedding-8.5.mp4'), ('QeggPainting1', 'stimsday1details/newpainting2.png'), ('Qcharacter1', 'stimsday1details/newperson14.png'), ('Qgift1', 'stimsday1details/new14.png'), ('QeggPainting2', 'stimsday1details/painting8.png'), ('Qcharacter2', 'stimsday1details/couple8.png'), ('Qgift2', 'stimsday1details/gift8.png'), ('Qname1', 'stimsday1details/n8.png'), ('Qtheme1', 'stimsday1details/t8.png'), ('Qname2', 'stimsday1details/cn8.png'), ('Qtheme2', 'stimsday1details/ct8.png')])
286.1326 	EXP 	northorsouth1: autoDraw = False
286.1326 	EXP 	northorsouth2: autoDraw = False
286.1326 	EXP 	northorsouth1: autoDraw = False
286.1326 	EXP 	northorsouth2: autoDraw = False
286.1326 	EXP 	image_3: autoDraw = True
287.1851 	DATA 	Keypress: equal
288.1225 	EXP 	Created sequence: random, trialTypes=1, nReps=1, seed=None
288.1227 	EXP 	New trial (rep=0, index=0): None
288.5297 	EXP 	Created vid1a = MovieStim3(__class__=<class 'psychopy.visual.movie3.MovieStim3'>, autoLog=True, color=UNKNOWN, colorSpace=UNKNOWN, depth=-1.0, filename='stims/wedding-8.1a.mp4', flipHoriz=False, flipVert=False, fps=UNKNOWN, interpolate=True, loop=False, name='vid1a', noAudio=False, opacity=1.0, ori=0, pos=array([0., 0.]), size=array([1280.,  720.]), units='pix', vframe_callback=UNKNOWN, volume=UNKNOWN, win=Window(...))
288.9147 	EXP 	Created vid1b = MovieStim3(__class__=<class 'psychopy.visual.movie3.MovieStim3'>, autoLog=True, color=UNKNOWN, colorSpace=UNKNOWN, depth=-2.0, filename='stims/wedding-8.1b.mp4', flipHoriz=False, flipVert=False, fps=UNKNOWN, interpolate=True, loop=False, name='vid1b', noAudio=False, opacity=1.0, ori=0, pos=array([0., 0.]), size=array([1280.,  720.]), units='pix', vframe_callback=UNKNOWN, volume=UNKNOWN, win=Window(...))
289.3690 	EXP 	Created vid2 = MovieStim3(__class__=<class 'psychopy.visual.movie3.MovieStim3'>, autoLog=True, color=UNKNOWN, colorSpace=UNKNOWN, depth=-3.0, filename='stims/wedding-8.2b.mp4', flipHoriz=False, flipVert=False, fps=UNKNOWN, interpolate=True, loop=False, name='vid2', noAudio=False, opacity=1.0, ori=0, pos=array([0., 0.]), size=array([1280.,  720.]), units='pix', vframe_callback=UNKNOWN, volume=UNKNOWN, win=Window(...))
289.9040 	EXP 	Created vid3 = MovieStim3(__class__=<class 'psychopy.visual.movie3.MovieStim3'>, autoLog=True, color=UNKNOWN, colorSpace=UNKNOWN, depth=-4.0, filename='stims/wedding-8.3b.mp4', flipHoriz=False, flipVert=False, fps=UNKNOWN, interpolate=True, loop=False, name='vid3', noAudio=False, opacity=1.0, ori=0, pos=array([0., 0.]), size=array([1280.,  720.]), units='pix', vframe_callback=UNKNOWN, volume=UNKNOWN, win=Window(...))
290.3721 	EXP 	Created vid4 = MovieStim3(__class__=<class 'psychopy.visual.movie3.MovieStim3'>, autoLog=True, color=UNKNOWN, colorSpace=UNKNOWN, depth=-5.0, filename='stims/wedding-8.4b.mp4', flipHoriz=False, flipVert=False, fps=UNKNOWN, interpolate=True, loop=False, name='vid4', noAudio=False, opacity=1.0, ori=0, pos=array([0., 0.]), size=array([1280.,  720.]), units='pix', vframe_callback=UNKNOWN, volume=UNKNOWN, win=Window(...))
290.7615 	EXP 	Created vid5 = MovieStim3(__class__=<class 'psychopy.visual.movie3.MovieStim3'>, autoLog=True, color=UNKNOWN, colorSpace=UNKNOWN, depth=-6.0, filename='stims/wedding-8.5.mp4', flipHoriz=False, flipVert=False, fps=UNKNOWN, interpolate=True, loop=False, name='vid5', noAudio=False, opacity=1.0, ori=0, pos=array([0., 0.]), size=array([1280.,  720.]), units='pix', vframe_callback=UNKNOWN, volume=UNKNOWN, win=Window(...))
290.8457 	EXP 	window1: recordFrameIntervals = False
290.8491 	DATA 	Keypress: equal
290.8521 	DATA 	Keypress: equal
290.8616 	EXP 	image_3: autoDraw = False
290.8616 	EXP 	image_3: autoDraw = False
290.8616 	EXP 	vid1a: movie = 'stims/wedding-8.1a.mp4'
290.8616 	EXP 	vid1a: autoLog = True
290.8616 	EXP 	vid1b: movie = 'stims/wedding-8.1b.mp4'
290.8616 	EXP 	vid1b: autoLog = True
290.8616 	EXP 	vid2: movie = 'stims/wedding-8.2b.mp4'
290.8616 	EXP 	vid2: autoLog = True
290.8616 	EXP 	vid3: movie = 'stims/wedding-8.3b.mp4'
290.8616 	EXP 	vid3: autoLog = True
290.8616 	EXP 	vid4: movie = 'stims/wedding-8.4b.mp4'
290.8616 	EXP 	vid4: autoLog = True
290.8616 	EXP 	vid5: movie = 'stims/wedding-8.5.mp4'
290.8616 	EXP 	vid5: autoLog = True
293.4450 	EXP 	window1: recordFrameIntervals = False
295.6335 	DATA 	Keypress: equal
295.6360 	DATA 	Keypress: equal
295.6381 	DATA 	Keypress: equal
295.8446 	EXP 	vid1a: movie = 'stims/wedding-8.1a.mp4'
295.8446 	EXP 	vid1b: movie = 'stims/wedding-8.1b.mp4'
295.8446 	EXP 	vid2: movie = 'stims/wedding-8.2b.mp4'
295.8446 	EXP 	vid3: movie = 'stims/wedding-8.3b.mp4'
295.8446 	EXP 	vid4: movie = 'stims/wedding-8.4b.mp4'
295.8446 	EXP 	vid5: movie = 'stims/wedding-8.5.mp4'
295.8613 	EXP 	vid1a: autoDraw = True
296.2008 	DATA 	Keypress: equal
297.6962 	DATA 	Keypress: equal
299.1967 	DATA 	Keypress: equal
300.6958 	DATA 	Keypress: equal
302.1961 	DATA 	Keypress: equal
303.6968 	DATA 	Keypress: equal
305.1864 	DATA 	Keypress: equal
306.6842 	DATA 	Keypress: equal
308.1872 	DATA 	Keypress: equal
309.6970 	DATA 	Keypress: equal
310.1309 	EXP 	vid1a: autoDraw = False
310.1442 	EXP 	vid1b: autoDraw = True
311.1867 	DATA 	Keypress: equal
312.6909 	DATA 	Keypress: equal
314.1881 	DATA 	Keypress: equal
315.6965 	DATA 	Keypress: equal
317.1955 	DATA 	Keypress: equal
318.6963 	DATA 	Keypress: equal
319.1268 	EXP 	vid1b: autoDraw = False
319.1436 	EXP 	vid2: autoDraw = True
320.1858 	DATA 	Keypress: equal
321.7146 	DATA 	Keypress: equal
323.1872 	DATA 	Keypress: equal
324.6888 	DATA 	Keypress: equal
326.1874 	DATA 	Keypress: equal
327.6840 	DATA 	Keypress: equal
329.1971 	DATA 	Keypress: equal
330.7005 	DATA 	Keypress: equal
332.1953 	DATA 	Keypress: equal
333.6956 	DATA 	Keypress: equal
335.1969 	DATA 	Keypress: equal
335.7274 	EXP 	Set vid2 finished
336.1438 	EXP 	vid3: autoDraw = True
336.6878 	DATA 	Keypress: equal
338.1849 	DATA 	Keypress: equal
339.6873 	DATA 	Keypress: equal
341.1847 	DATA 	Keypress: equal
342.6870 	DATA 	Keypress: equal
344.1864 	DATA 	Keypress: equal
345.6951 	DATA 	Keypress: equal
347.2004 	DATA 	Keypress: equal
348.6964 	DATA 	Keypress: equal
350.2212 	DATA 	Keypress: equal
351.6962 	DATA 	Keypress: equal
353.1961 	DATA 	Keypress: equal
354.7004 	DATA 	Keypress: equal
356.1950 	DATA 	Keypress: equal
357.6962 	DATA 	Keypress: equal
359.0938 	EXP 	Set vid3 finished
359.1432 	EXP 	vid4: autoDraw = True
359.1963 	DATA 	Keypress: equal
360.6840 	DATA 	Keypress: equal
362.1842 	DATA 	Keypress: equal
363.6848 	DATA 	Keypress: equal
365.1868 	DATA 	Keypress: equal
366.6873 	DATA 	Keypress: equal
368.1954 	DATA 	Keypress: equal
369.6959 	DATA 	Keypress: equal
371.1954 	DATA 	Keypress: equal
372.6950 	DATA 	Keypress: equal
374.1958 	DATA 	Keypress: equal
375.6822 	DATA 	Keypress: equal
377.1823 	DATA 	Keypress: equal
378.6815 	DATA 	Keypress: equal
380.1946 	DATA 	Keypress: equal
381.7002 	DATA 	Keypress: equal
382.2598 	EXP 	Set vid4 finished
383.1430 	EXP 	vid5: autoDraw = True
383.1823 	DATA 	Keypress: equal
384.6853 	DATA 	Keypress: equal
386.1852 	DATA 	Keypress: equal
387.6864 	DATA 	Keypress: equal
389.1834 	DATA 	Keypress: equal
390.6848 	DATA 	Keypress: equal
392.1870 	DATA 	Keypress: equal
393.6970 	DATA 	Keypress: equal
395.2000 	DATA 	Keypress: equal
395.3938 	EXP 	Set vid5 finished
395.5285 	EXP 	Created sequence: random, trialTypes=1, nReps=1, seed=None
395.5288 	EXP 	New trial (rep=0, index=0): None
395.9345 	EXP 	Created vid1a_q = MovieStim3(__class__=<class 'psychopy.visual.movie3.MovieStim3'>, autoLog=True, color=UNKNOWN, colorSpace=UNKNOWN, depth=-1.0, filename='stims/wedding-8.1a.mp4', flipHoriz=False, flipVert=False, fps=UNKNOWN, interpolate=True, loop=False, name='vid1a_q', noAudio=False, opacity=1.0, ori=0, pos=array([0., 0.]), size=array([1280.,  720.]), units='pix', vframe_callback=UNKNOWN, volume=UNKNOWN, win=Window(...))
396.3080 	EXP 	Created vid1b_q = MovieStim3(__class__=<class 'psychopy.visual.movie3.MovieStim3'>, autoLog=True, color=UNKNOWN, colorSpace=UNKNOWN, depth=-2.0, filename='stims/wedding-8.1b.mp4', flipHoriz=False, flipVert=False, fps=UNKNOWN, interpolate=True, loop=False, name='vid1b_q', noAudio=False, opacity=1.0, ori=0, pos=array([0., 0.]), size=array([1280.,  720.]), units='pix', vframe_callback=UNKNOWN, volume=UNKNOWN, win=Window(...))
396.7510 	EXP 	Created vid2_q = MovieStim3(__class__=<class 'psychopy.visual.movie3.MovieStim3'>, autoLog=True, color=UNKNOWN, colorSpace=UNKNOWN, depth=-3.0, filename='stims/wedding-8.2b.mp4', flipHoriz=False, flipVert=False, fps=UNKNOWN, interpolate=True, loop=False, name='vid2_q', noAudio=False, opacity=1.0, ori=0, pos=array([0., 0.]), size=array([1280.,  720.]), units='pix', vframe_callback=UNKNOWN, volume=UNKNOWN, win=Window(...))
397.2685 	EXP 	Created vid3_q = MovieStim3(__class__=<class 'psychopy.visual.movie3.MovieStim3'>, autoLog=True, color=UNKNOWN, colorSpace=UNKNOWN, depth=-5.0, filename='stims/wedding-8.3b.mp4', flipHoriz=False, flipVert=False, fps=UNKNOWN, interpolate=True, loop=False, name='vid3_q', noAudio=False, opacity=1.0, ori=0, pos=array([0., 0.]), size=array([1280.,  720.]), units='pix', vframe_callback=UNKNOWN, volume=UNKNOWN, win=Window(...))
397.7231 	EXP 	Created vid4_q = MovieStim3(__class__=<class 'psychopy.visual.movie3.MovieStim3'>, autoLog=True, color=UNKNOWN, colorSpace=UNKNOWN, depth=-7.0, filename='stims/wedding-8.4b.mp4', flipHoriz=False, flipVert=False, fps=UNKNOWN, interpolate=True, loop=False, name='vid4_q', noAudio=False, opacity=1.0, ori=0, pos=array([0., 0.]), size=array([1280.,  720.]), units='pix', vframe_callback=UNKNOWN, volume=UNKNOWN, win=Window(...))
398.1004 	EXP 	Created vid5_q = MovieStim3(__class__=<class 'psychopy.visual.movie3.MovieStim3'>, autoLog=True, color=UNKNOWN, colorSpace=UNKNOWN, depth=-8.0, filename='stims/wedding-8.5.mp4', flipHoriz=False, flipVert=False, fps=UNKNOWN, interpolate=True, loop=False, name='vid5_q', noAudio=False, opacity=1.0, ori=0, pos=array([0., 0.]), size=array([1280.,  720.]), units='pix', vframe_callback=UNKNOWN, volume=UNKNOWN, win=Window(...))
398.3475 	EXP 	window1: recordFrameIntervals = False
398.3506 	DATA 	Keypress: equal
398.3527 	DATA 	Keypress: equal
398.3595 	EXP 	vid1a: autoDraw = False
398.3595 	EXP 	vid1b: autoDraw = False
398.3595 	EXP 	vid2: autoDraw = False
398.3595 	EXP 	vid3: autoDraw = False
398.3595 	EXP 	vid4: autoDraw = False
398.3595 	EXP 	vid5: autoDraw = False
398.3595 	EXP 	vid1a_q: movie = 'stims/wedding-8.1a.mp4'
398.3595 	EXP 	vid1a_q: autoLog = True
398.3595 	EXP 	vid1b_q: movie = 'stims/wedding-8.1b.mp4'
398.3595 	EXP 	vid1b_q: autoLog = True
398.3595 	EXP 	vid2_q: movie = 'stims/wedding-8.2b.mp4'
398.3595 	EXP 	vid2_q: autoLog = True
398.3595 	EXP 	vid3_q: movie = 'stims/wedding-8.3b.mp4'
398.3595 	EXP 	vid3_q: autoLog = True
398.3595 	EXP 	vid4_q: movie = 'stims/wedding-8.4b.mp4'
398.3595 	EXP 	vid4_q: autoLog = True
398.3595 	EXP 	vid5_q: movie = 'stims/wedding-8.5.mp4'
398.3595 	EXP 	vid5_q: autoLog = True
398.3595 	EXP 	vid1a_q: autoDraw = False
398.3595 	EXP 	vid1b_q: autoDraw = False
398.3595 	EXP 	vid2_q: autoDraw = False
398.3595 	EXP 	l2q: autoDraw = False
398.3595 	EXP 	vid3_q: autoDraw = False
398.3595 	EXP 	l3q: autoDraw = False
398.3595 	EXP 	vid4_q: autoDraw = False
398.3595 	EXP 	vid5_q: autoDraw = False
398.5999 	EXP 	window1: recordFrameIntervals = False
400.1332 	DATA 	Keypress: equal
400.3488 	EXP 	eggPainting1: image = 'stimsday1details/newpainting2.png'
400.3488 	EXP 	eggPainting2: image = 'stimsday1details/painting8.png'
400.3488 	EXP 	character1: image = 'stimsday1details/newperson14.png'
400.3488 	EXP 	character2: image = 'stimsday1details/couple8.png'
400.3488 	EXP 	gift1: image = 'stimsday1details/new14.png'
400.3488 	EXP 	gift2: image = 'stimsday1details/gift8.png'
400.3488 	EXP 	themeQ1: image = 'stimsday1details/t8.png'
400.3488 	EXP 	themeQ2: image = 'stimsday1details/ct8.png'
400.3488 	EXP 	nameQ1: image = 'stimsday1details/n8.png'
400.3488 	EXP 	nameQ2: image = 'stimsday1details/cn8.png'
400.3488 	EXP 	nameQ1: autoDraw = True
400.3488 	EXP 	nameQ2: autoDraw = True
401.1953 	DATA 	Keypress: equal
401.4281 	DATA 	Keypress: 1
402.3430 	EXP 	nameQ1: autoDraw = False
402.3430 	EXP 	nameQ2: autoDraw = False
402.3430 	EXP 	nameQ1: autoDraw = False
402.3430 	EXP 	nameQ2: autoDraw = False
402.3430 	EXP 	eggPainting1: autoDraw = True
402.3430 	EXP 	eggPainting2: autoDraw = True
402.6945 	DATA 	Keypress: equal
403.0443 	DATA 	Keypress: 2
404.1941 	DATA 	Keypress: equal
404.3429 	EXP 	eggPainting1: autoDraw = False
404.3429 	EXP 	eggPainting2: autoDraw = False
404.3429 	EXP 	eggPainting1: autoDraw = False
404.3429 	EXP 	eggPainting2: autoDraw = False
404.3429 	EXP 	character1: autoDraw = True
404.3429 	EXP 	character2: autoDraw = True
405.3287 	DATA 	Keypress: 2
405.6950 	DATA 	Keypress: equal
406.3470 	EXP 	character1: autoDraw = False
406.3470 	EXP 	character2: autoDraw = False
406.3470 	EXP 	character1: autoDraw = False
406.3470 	EXP 	character2: autoDraw = False
406.3470 	EXP 	themeQ1: autoDraw = True
406.3470 	EXP 	themeQ2: autoDraw = True
407.1991 	DATA 	Keypress: equal
407.5980 	DATA 	Keypress: 1
408.3425 	EXP 	themeQ1: autoDraw = False
408.3425 	EXP 	themeQ2: autoDraw = False
408.3425 	EXP 	themeQ1: autoDraw = False
408.3425 	EXP 	themeQ2: autoDraw = False
408.3425 	EXP 	gift1: autoDraw = True
408.3425 	EXP 	gift2: autoDraw = True
408.6951 	DATA 	Keypress: equal
409.1785 	DATA 	Keypress: 2
410.1954 	DATA 	Keypress: equal
410.3424 	EXP 	gift1: autoDraw = False
410.3424 	EXP 	gift2: autoDraw = False
410.3424 	EXP 	gift1: autoDraw = False
410.3424 	EXP 	gift2: autoDraw = False
410.3424 	EXP 	northorsouth1: autoDraw = True
410.3424 	EXP 	northorsouth2: autoDraw = True
411.3617 	DATA 	Keypress: 1
411.6818 	DATA 	Keypress: equal
412.5666 	EXP 	New trial (rep=0, index=3): OrderedDict([('condsFile', 'videoBlock_schemaN_pathA_2.csv')])
412.5807 	EXP 	Imported videoBlock_schemaN_pathA_2.csv as conditions, 1 conditions, 17 params
412.5811 	EXP 	Created sequence: random, trialTypes=1, nReps=1, seed=None
412.5819 	EXP 	New trial (rep=0, index=0): OrderedDict([('northOrSouth', 'north.png'), ('stimFile1a', 'stims/wedding-5.1a.mp4'), ('stimFile1b', 'stims/wedding-5.1b.mp4'), ('stimFile2', 'stims/wedding-5.2a.mp4'), ('stimFile3', 'stims/wedding-5.3a.mp4'), ('stimFile4', 'stims/wedding-5.4a.mp4'), ('stimFile5', 'stims/wedding-5.5.mp4'), ('QeggPainting1', 'stimsday1details/newegg2.png'), ('Qcharacter1', 'stimsday1details/couple5.png'), ('Qgift1', 'stimsday1details/gift5.png'), ('QeggPainting2', 'stimsday1details/egg5.png'), ('Qcharacter2', 'stimsday1details/newperson2.png'), ('Qgift2', 'stimsday1details/new2.png'), ('Qname1', 'stimsday1details/cn5.png'), ('Qtheme1', 'stimsday1details/ct5.png'), ('Qname2', 'stimsday1details/n5.png'), ('Qtheme2', 'stimsday1details/t5.png')])
412.5932 	EXP 	northorsouth1: autoDraw = False
412.5932 	EXP 	northorsouth2: autoDraw = False
412.5932 	EXP 	northorsouth1: autoDraw = False
412.5932 	EXP 	northorsouth2: autoDraw = False
412.5932 	EXP 	image_3: autoDraw = True
413.1829 	DATA 	Keypress: equal
414.5771 	EXP 	Created sequence: random, trialTypes=1, nReps=1, seed=None
414.5774 	EXP 	New trial (rep=0, index=0): None
414.9885 	EXP 	Created vid1a = MovieStim3(__class__=<class 'psychopy.visual.movie3.MovieStim3'>, autoLog=True, color=UNKNOWN, colorSpace=UNKNOWN, depth=-1.0, filename='stims/wedding-5.1a.mp4', flipHoriz=False, flipVert=False, fps=UNKNOWN, interpolate=True, loop=False, name='vid1a', noAudio=False, opacity=1.0, ori=0, pos=array([0., 0.]), size=array([1280.,  720.]), units='pix', vframe_callback=UNKNOWN, volume=UNKNOWN, win=Window(...))
415.3683 	EXP 	Created vid1b = MovieStim3(__class__=<class 'psychopy.visual.movie3.MovieStim3'>, autoLog=True, color=UNKNOWN, colorSpace=UNKNOWN, depth=-2.0, filename='stims/wedding-5.1b.mp4', flipHoriz=False, flipVert=False, fps=UNKNOWN, interpolate=True, loop=False, name='vid1b', noAudio=False, opacity=1.0, ori=0, pos=array([0., 0.]), size=array([1280.,  720.]), units='pix', vframe_callback=UNKNOWN, volume=UNKNOWN, win=Window(...))
415.8378 	EXP 	Created vid2 = MovieStim3(__class__=<class 'psychopy.visual.movie3.MovieStim3'>, autoLog=True, color=UNKNOWN, colorSpace=UNKNOWN, depth=-3.0, filename='stims/wedding-5.2a.mp4', flipHoriz=False, flipVert=False, fps=UNKNOWN, interpolate=True, loop=False, name='vid2', noAudio=False, opacity=1.0, ori=0, pos=array([0., 0.]), size=array([1280.,  720.]), units='pix', vframe_callback=UNKNOWN, volume=UNKNOWN, win=Window(...))
416.3077 	EXP 	Created vid3 = MovieStim3(__class__=<class 'psychopy.visual.movie3.MovieStim3'>, autoLog=True, color=UNKNOWN, colorSpace=UNKNOWN, depth=-4.0, filename='stims/wedding-5.3a.mp4', flipHoriz=False, flipVert=False, fps=UNKNOWN, interpolate=True, loop=False, name='vid3', noAudio=False, opacity=1.0, ori=0, pos=array([0., 0.]), size=array([1280.,  720.]), units='pix', vframe_callback=UNKNOWN, volume=UNKNOWN, win=Window(...))
416.8572 	EXP 	Created vid4 = MovieStim3(__class__=<class 'psychopy.visual.movie3.MovieStim3'>, autoLog=True, color=UNKNOWN, colorSpace=UNKNOWN, depth=-5.0, filename='stims/wedding-5.4a.mp4', flipHoriz=False, flipVert=False, fps=UNKNOWN, interpolate=True, loop=False, name='vid4', noAudio=False, opacity=1.0, ori=0, pos=array([0., 0.]), size=array([1280.,  720.]), units='pix', vframe_callback=UNKNOWN, volume=UNKNOWN, win=Window(...))
417.2636 	EXP 	Created vid5 = MovieStim3(__class__=<class 'psychopy.visual.movie3.MovieStim3'>, autoLog=True, color=UNKNOWN, colorSpace=UNKNOWN, depth=-6.0, filename='stims/wedding-5.5.mp4', flipHoriz=False, flipVert=False, fps=UNKNOWN, interpolate=True, loop=False, name='vid5', noAudio=False, opacity=1.0, ori=0, pos=array([0., 0.]), size=array([1280.,  720.]), units='pix', vframe_callback=UNKNOWN, volume=UNKNOWN, win=Window(...))
417.3310 	EXP 	window1: recordFrameIntervals = False
417.3347 	DATA 	Keypress: equal
417.3375 	DATA 	Keypress: equal
417.3437 	EXP 	image_3: autoDraw = False
417.3437 	EXP 	image_3: autoDraw = False
417.3437 	EXP 	vid1a: movie = 'stims/wedding-5.1a.mp4'
417.3437 	EXP 	vid1a: autoLog = True
417.3437 	EXP 	vid1b: movie = 'stims/wedding-5.1b.mp4'
417.3437 	EXP 	vid1b: autoLog = True
417.3437 	EXP 	vid2: movie = 'stims/wedding-5.2a.mp4'
417.3437 	EXP 	vid2: autoLog = True
417.3437 	EXP 	vid3: movie = 'stims/wedding-5.3a.mp4'
417.3437 	EXP 	vid3: autoLog = True
417.3437 	EXP 	vid4: movie = 'stims/wedding-5.4a.mp4'
417.3437 	EXP 	vid4: autoLog = True
417.3437 	EXP 	vid5: movie = 'stims/wedding-5.5.mp4'
417.3437 	EXP 	vid5: autoLog = True
419.9786 	EXP 	window1: recordFrameIntervals = False
422.1188 	DATA 	Keypress: equal
422.1211 	DATA 	Keypress: equal
422.1236 	DATA 	Keypress: equal
422.1844 	DATA 	Keypress: equal
422.3269 	EXP 	vid1a: movie = 'stims/wedding-5.1a.mp4'
422.3269 	EXP 	vid1b: movie = 'stims/wedding-5.1b.mp4'
422.3269 	EXP 	vid2: movie = 'stims/wedding-5.2a.mp4'
422.3269 	EXP 	vid3: movie = 'stims/wedding-5.3a.mp4'
422.3269 	EXP 	vid4: movie = 'stims/wedding-5.4a.mp4'
422.3269 	EXP 	vid5: movie = 'stims/wedding-5.5.mp4'
422.3431 	EXP 	vid1a: autoDraw = True
423.6847 	DATA 	Keypress: equal
425.1868 	DATA 	Keypress: equal
426.6847 	DATA 	Keypress: equal
428.1834 	DATA 	Keypress: equal
429.6836 	DATA 	Keypress: equal
431.1940 	DATA 	Keypress: equal
432.6839 	DATA 	Keypress: equal
434.1792 	DATA 	Keypress: equal
435.7201 	DATA 	Keypress: equal
436.5922 	EXP 	vid1a: autoDraw = False
436.6091 	EXP 	vid1b: autoDraw = True
437.1847 	DATA 	Keypress: equal
438.6874 	DATA 	Keypress: equal
440.1855 	DATA 	Keypress: equal
441.6792 	DATA 	Keypress: equal
443.1864 	DATA 	Keypress: equal
444.6792 	DATA 	Keypress: equal
445.5920 	EXP 	vid1b: autoDraw = False
445.6089 	EXP 	vid2: autoDraw = True
446.1867 	DATA 	Keypress: equal
447.6852 	DATA 	Keypress: equal
449.1835 	DATA 	Keypress: equal
450.6827 	DATA 	Keypress: equal
452.1790 	DATA 	Keypress: equal
453.6786 	DATA 	Keypress: equal
455.1786 	DATA 	Keypress: equal
456.6782 	DATA 	Keypress: equal
458.1780 	DATA 	Keypress: equal
459.6782 	DATA 	Keypress: equal
461.1781 	DATA 	Keypress: equal
462.5933 	EXP 	vid2: autoDraw = False
462.6096 	EXP 	vid3: autoDraw = True
462.6862 	DATA 	Keypress: equal
464.1837 	DATA 	Keypress: equal
465.6786 	DATA 	Keypress: equal
467.1832 	DATA 	Keypress: equal
468.6795 	DATA 	Keypress: equal
470.1793 	DATA 	Keypress: equal
471.6784 	DATA 	Keypress: equal
473.1781 	DATA 	Keypress: equal
474.6782 	DATA 	Keypress: equal
476.1784 	DATA 	Keypress: equal
477.6781 	DATA 	Keypress: equal
479.1772 	DATA 	Keypress: equal
480.6779 	DATA 	Keypress: equal
482.1777 	DATA 	Keypress: equal
483.6782 	DATA 	Keypress: equal
485.1783 	DATA 	Keypress: equal
485.5918 	EXP 	vid3: autoDraw = False
485.6084 	EXP 	vid4: autoDraw = True
486.6860 	DATA 	Keypress: equal
488.1841 	DATA 	Keypress: equal
489.6844 	DATA 	Keypress: equal
491.1812 	DATA 	Keypress: equal
492.6771 	DATA 	Keypress: equal
494.1822 	DATA 	Keypress: equal
495.6778 	DATA 	Keypress: equal
497.1777 	DATA 	Keypress: equal
498.6779 	DATA 	Keypress: equal
500.1778 	DATA 	Keypress: equal
501.6777 	DATA 	Keypress: equal
503.1770 	DATA 	Keypress: equal
504.7040 	DATA 	Keypress: equal
506.1766 	DATA 	Keypress: equal
507.6778 	DATA 	Keypress: equal
509.1778 	DATA 	Keypress: equal
509.5965 	EXP 	vid4: autoDraw = False
509.6082 	EXP 	vid5: autoDraw = True
510.6789 	DATA 	Keypress: equal
512.1788 	DATA 	Keypress: equal
513.6790 	DATA 	Keypress: equal
515.1779 	DATA 	Keypress: equal
516.6767 	DATA 	Keypress: equal
518.1769 	DATA 	Keypress: equal
519.6775 	DATA 	Keypress: equal
521.1766 	DATA 	Keypress: equal
522.5577 	EXP 	Set vid5 finished
522.7513 	EXP 	Created sequence: random, trialTypes=1, nReps=1, seed=None
522.7517 	EXP 	New trial (rep=0, index=0): None
523.1522 	EXP 	Created vid1a_q = MovieStim3(__class__=<class 'psychopy.visual.movie3.MovieStim3'>, autoLog=True, color=UNKNOWN, colorSpace=UNKNOWN, depth=-1.0, filename='stims/wedding-5.1a.mp4', flipHoriz=False, flipVert=False, fps=UNKNOWN, interpolate=True, loop=False, name='vid1a_q', noAudio=False, opacity=1.0, ori=0, pos=array([0., 0.]), size=array([1280.,  720.]), units='pix', vframe_callback=UNKNOWN, volume=UNKNOWN, win=Window(...))
523.5238 	EXP 	Created vid1b_q = MovieStim3(__class__=<class 'psychopy.visual.movie3.MovieStim3'>, autoLog=True, color=UNKNOWN, colorSpace=UNKNOWN, depth=-2.0, filename='stims/wedding-5.1b.mp4', flipHoriz=False, flipVert=False, fps=UNKNOWN, interpolate=True, loop=False, name='vid1b_q', noAudio=False, opacity=1.0, ori=0, pos=array([0., 0.]), size=array([1280.,  720.]), units='pix', vframe_callback=UNKNOWN, volume=UNKNOWN, win=Window(...))
523.9706 	EXP 	Created vid2_q = MovieStim3(__class__=<class 'psychopy.visual.movie3.MovieStim3'>, autoLog=True, color=UNKNOWN, colorSpace=UNKNOWN, depth=-3.0, filename='stims/wedding-5.2a.mp4', flipHoriz=False, flipVert=False, fps=UNKNOWN, interpolate=True, loop=False, name='vid2_q', noAudio=False, opacity=1.0, ori=0, pos=array([0., 0.]), size=array([1280.,  720.]), units='pix', vframe_callback=UNKNOWN, volume=UNKNOWN, win=Window(...))
524.4338 	EXP 	Created vid3_q = MovieStim3(__class__=<class 'psychopy.visual.movie3.MovieStim3'>, autoLog=True, color=UNKNOWN, colorSpace=UNKNOWN, depth=-5.0, filename='stims/wedding-5.3a.mp4', flipHoriz=False, flipVert=False, fps=UNKNOWN, interpolate=True, loop=False, name='vid3_q', noAudio=False, opacity=1.0, ori=0, pos=array([0., 0.]), size=array([1280.,  720.]), units='pix', vframe_callback=UNKNOWN, volume=UNKNOWN, win=Window(...))
524.9619 	EXP 	Created vid4_q = MovieStim3(__class__=<class 'psychopy.visual.movie3.MovieStim3'>, autoLog=True, color=UNKNOWN, colorSpace=UNKNOWN, depth=-7.0, filename='stims/wedding-5.4a.mp4', flipHoriz=False, flipVert=False, fps=UNKNOWN, interpolate=True, loop=False, name='vid4_q', noAudio=False, opacity=1.0, ori=0, pos=array([0., 0.]), size=array([1280.,  720.]), units='pix', vframe_callback=UNKNOWN, volume=UNKNOWN, win=Window(...))
525.3487 	EXP 	Created vid5_q = MovieStim3(__class__=<class 'psychopy.visual.movie3.MovieStim3'>, autoLog=True, color=UNKNOWN, colorSpace=UNKNOWN, depth=-8.0, filename='stims/wedding-5.5.mp4', flipHoriz=False, flipVert=False, fps=UNKNOWN, interpolate=True, loop=False, name='vid5_q', noAudio=False, opacity=1.0, ori=0, pos=array([0., 0.]), size=array([1280.,  720.]), units='pix', vframe_callback=UNKNOWN, volume=UNKNOWN, win=Window(...))
525.6245 	EXP 	window1: recordFrameIntervals = False
525.6276 	DATA 	Keypress: equal
525.6299 	DATA 	Keypress: equal
525.6417 	EXP 	vid1a: autoDraw = False
525.6417 	EXP 	vid1b: autoDraw = False
525.6417 	EXP 	vid2: autoDraw = False
525.6417 	EXP 	vid3: autoDraw = False
525.6417 	EXP 	vid4: autoDraw = False
525.6417 	EXP 	vid5: autoDraw = False
525.6417 	EXP 	vid1a_q: movie = 'stims/wedding-5.1a.mp4'
525.6417 	EXP 	vid1a_q: autoLog = True
525.6417 	EXP 	vid1b_q: movie = 'stims/wedding-5.1b.mp4'
525.6417 	EXP 	vid1b_q: autoLog = True
525.6417 	EXP 	vid2_q: movie = 'stims/wedding-5.2a.mp4'
525.6417 	EXP 	vid2_q: autoLog = True
525.6417 	EXP 	vid3_q: movie = 'stims/wedding-5.3a.mp4'
525.6417 	EXP 	vid3_q: autoLog = True
525.6417 	EXP 	vid4_q: movie = 'stims/wedding-5.4a.mp4'
525.6417 	EXP 	vid4_q: autoLog = True
525.6417 	EXP 	vid5_q: movie = 'stims/wedding-5.5.mp4'
525.6417 	EXP 	vid5_q: autoLog = True
525.6417 	EXP 	vid1a_q: autoDraw = False
525.6417 	EXP 	vid1b_q: autoDraw = False
525.6417 	EXP 	vid2_q: autoDraw = False
525.6417 	EXP 	l2q: autoDraw = False
525.6417 	EXP 	vid3_q: autoDraw = False
525.6417 	EXP 	l3q: autoDraw = False
525.6417 	EXP 	vid4_q: autoDraw = False
525.6417 	EXP 	vid5_q: autoDraw = False
525.8375 	EXP 	window1: recordFrameIntervals = False
527.4111 	DATA 	Keypress: equal
527.4135 	DATA 	Keypress: equal
527.6265 	EXP 	eggPainting1: image = 'stimsday1details/newegg2.png'
527.6265 	EXP 	eggPainting2: image = 'stimsday1details/egg5.png'
527.6265 	EXP 	character1: image = 'stimsday1details/couple5.png'
527.6265 	EXP 	character2: image = 'stimsday1details/newperson2.png'
527.6265 	EXP 	gift1: image = 'stimsday1details/gift5.png'
527.6265 	EXP 	gift2: image = 'stimsday1details/new2.png'
527.6265 	EXP 	themeQ1: image = 'stimsday1details/ct5.png'
527.6265 	EXP 	themeQ2: image = 'stimsday1details/t5.png'
527.6265 	EXP 	nameQ1: image = 'stimsday1details/cn5.png'
527.6265 	EXP 	nameQ2: image = 'stimsday1details/n5.png'
527.6265 	EXP 	nameQ1: autoDraw = True
527.6265 	EXP 	nameQ2: autoDraw = True
528.6441 	DATA 	Keypress: 2
528.6759 	DATA 	Keypress: equal
529.6251 	EXP 	nameQ1: autoDraw = False
529.6251 	EXP 	nameQ2: autoDraw = False
529.6251 	EXP 	nameQ1: autoDraw = False
529.6251 	EXP 	nameQ2: autoDraw = False
529.6251 	EXP 	eggPainting1: autoDraw = True
529.6251 	EXP 	eggPainting2: autoDraw = True
530.1760 	DATA 	Keypress: equal
531.1966 	DATA 	Keypress: 2
531.6243 	EXP 	eggPainting1: autoDraw = False
531.6243 	EXP 	eggPainting2: autoDraw = False
531.6243 	EXP 	eggPainting1: autoDraw = False
531.6243 	EXP 	eggPainting2: autoDraw = False
531.6243 	EXP 	character1: autoDraw = True
531.6243 	EXP 	character2: autoDraw = True
531.6758 	DATA 	Keypress: equal
532.8762 	DATA 	Keypress: 1
533.1761 	DATA 	Keypress: equal
533.6253 	EXP 	character1: autoDraw = False
533.6253 	EXP 	character2: autoDraw = False
533.6253 	EXP 	character1: autoDraw = False
533.6253 	EXP 	character2: autoDraw = False
533.6253 	EXP 	themeQ1: autoDraw = True
533.6253 	EXP 	themeQ2: autoDraw = True
534.5602 	DATA 	Keypress: 2
534.6758 	DATA 	Keypress: equal
535.6241 	EXP 	themeQ1: autoDraw = False
535.6241 	EXP 	themeQ2: autoDraw = False
535.6241 	EXP 	themeQ1: autoDraw = False
535.6241 	EXP 	themeQ2: autoDraw = False
535.6241 	EXP 	gift1: autoDraw = True
535.6241 	EXP 	gift2: autoDraw = True
536.1763 	DATA 	Keypress: equal
536.4464 	DATA 	Keypress: 1
537.6250 	EXP 	gift1: autoDraw = False
537.6250 	EXP 	gift2: autoDraw = False
537.6250 	EXP 	gift1: autoDraw = False
537.6250 	EXP 	gift2: autoDraw = False
537.6250 	EXP 	northorsouth1: autoDraw = True
537.6250 	EXP 	northorsouth2: autoDraw = True
537.6762 	DATA 	Keypress: equal
538.1473 	DATA 	Keypress: 1
539.1764 	DATA 	Keypress: equal
539.8751 	EXP 	New trial (rep=0, index=4): OrderedDict([('condsFile', 'videoBlock_schemaN_pathA_3.csv')])
539.8879 	EXP 	Imported videoBlock_schemaN_pathA_3.csv as conditions, 1 conditions, 17 params
539.8884 	EXP 	Created sequence: random, trialTypes=1, nReps=1, seed=None
539.8891 	EXP 	New trial (rep=0, index=0): OrderedDict([('northOrSouth', 'north.png'), ('stimFile1a', 'stims/wedding-9.1a.mp4'), ('stimFile1b', 'stims/wedding-9.1b.mp4'), ('stimFile2', 'stims/wedding-9.2a.mp4'), ('stimFile3', 'stims/wedding-9.3a.mp4'), ('stimFile4', 'stims/wedding-9.4a.mp4'), ('stimFile5', 'stims/wedding-9.5.mp4'), ('QeggPainting1', 'stimsday1details/newegg3.png'), ('Qcharacter1', 'stimsday1details/newperson3.png'), ('Qgift1', 'stimsday1details/gift9.png'), ('QeggPainting2', 'stimsday1details/egg9.png'), ('Qcharacter2', 'stimsday1details/couple9.png'), ('Qgift2', 'stimsday1details/new3.png'), ('Qname1', 'stimsday1details/n9.png'), ('Qtheme1', 'stimsday1details/t9.png'), ('Qname2', 'stimsday1details/cn9.png'), ('Qtheme2', 'stimsday1details/ct9.png')])
539.9088 	EXP 	northorsouth1: autoDraw = False
539.9088 	EXP 	northorsouth2: autoDraw = False
539.9088 	EXP 	northorsouth1: autoDraw = False
539.9088 	EXP 	northorsouth2: autoDraw = False
539.9088 	EXP 	image_3: autoDraw = True
540.6762 	DATA 	Keypress: equal
541.8923 	EXP 	Created sequence: random, trialTypes=1, nReps=1, seed=None
541.8925 	EXP 	New trial (rep=0, index=0): None
542.2972 	EXP 	Created vid1a = MovieStim3(__class__=<class 'psychopy.visual.movie3.MovieStim3'>, autoLog=True, color=UNKNOWN, colorSpace=UNKNOWN, depth=-1.0, filename='stims/wedding-9.1a.mp4', flipHoriz=False, flipVert=False, fps=UNKNOWN, interpolate=True, loop=False, name='vid1a', noAudio=False, opacity=1.0, ori=0, pos=array([0., 0.]), size=array([1280.,  720.]), units='pix', vframe_callback=UNKNOWN, volume=UNKNOWN, win=Window(...))
542.6906 	EXP 	Created vid1b = MovieStim3(__class__=<class 'psychopy.visual.movie3.MovieStim3'>, autoLog=True, color=UNKNOWN, colorSpace=UNKNOWN, depth=-2.0, filename='stims/wedding-9.1b.mp4', flipHoriz=False, flipVert=False, fps=UNKNOWN, interpolate=True, loop=False, name='vid1b', noAudio=False, opacity=1.0, ori=0, pos=array([0., 0.]), size=array([1280.,  720.]), units='pix', vframe_callback=UNKNOWN, volume=UNKNOWN, win=Window(...))
543.1712 	EXP 	Created vid2 = MovieStim3(__class__=<class 'psychopy.visual.movie3.MovieStim3'>, autoLog=True, color=UNKNOWN, colorSpace=UNKNOWN, depth=-3.0, filename='stims/wedding-9.2a.mp4', flipHoriz=False, flipVert=False, fps=UNKNOWN, interpolate=True, loop=False, name='vid2', noAudio=False, opacity=1.0, ori=0, pos=array([0., 0.]), size=array([1280.,  720.]), units='pix', vframe_callback=UNKNOWN, volume=UNKNOWN, win=Window(...))
543.6450 	EXP 	Created vid3 = MovieStim3(__class__=<class 'psychopy.visual.movie3.MovieStim3'>, autoLog=True, color=UNKNOWN, colorSpace=UNKNOWN, depth=-4.0, filename='stims/wedding-9.3a.mp4', flipHoriz=False, flipVert=False, fps=UNKNOWN, interpolate=True, loop=False, name='vid3', noAudio=False, opacity=1.0, ori=0, pos=array([0., 0.]), size=array([1280.,  720.]), units='pix', vframe_callback=UNKNOWN, volume=UNKNOWN, win=Window(...))
544.1956 	EXP 	Created vid4 = MovieStim3(__class__=<class 'psychopy.visual.movie3.MovieStim3'>, autoLog=True, color=UNKNOWN, colorSpace=UNKNOWN, depth=-5.0, filename='stims/wedding-9.4a.mp4', flipHoriz=False, flipVert=False, fps=UNKNOWN, interpolate=True, loop=False, name='vid4', noAudio=False, opacity=1.0, ori=0, pos=array([0., 0.]), size=array([1280.,  720.]), units='pix', vframe_callback=UNKNOWN, volume=UNKNOWN, win=Window(...))
544.5968 	EXP 	Created vid5 = MovieStim3(__class__=<class 'psychopy.visual.movie3.MovieStim3'>, autoLog=True, color=UNKNOWN, colorSpace=UNKNOWN, depth=-6.0, filename='stims/wedding-9.5.mp4', flipHoriz=False, flipVert=False, fps=UNKNOWN, interpolate=True, loop=False, name='vid5', noAudio=False, opacity=1.0, ori=0, pos=array([0., 0.]), size=array([1280.,  720.]), units='pix', vframe_callback=UNKNOWN, volume=UNKNOWN, win=Window(...))
544.7099 	EXP 	window1: recordFrameIntervals = False
544.7136 	DATA 	Keypress: equal
544.7159 	DATA 	Keypress: equal
544.7244 	EXP 	image_3: autoDraw = False
544.7244 	EXP 	image_3: autoDraw = False
544.7244 	EXP 	vid1a: movie = 'stims/wedding-9.1a.mp4'
544.7244 	EXP 	vid1a: autoLog = True
544.7244 	EXP 	vid1b: movie = 'stims/wedding-9.1b.mp4'
544.7244 	EXP 	vid1b: autoLog = True
544.7244 	EXP 	vid2: movie = 'stims/wedding-9.2a.mp4'
544.7244 	EXP 	vid2: autoLog = True
544.7244 	EXP 	vid3: movie = 'stims/wedding-9.3a.mp4'
544.7244 	EXP 	vid3: autoLog = True
544.7244 	EXP 	vid4: movie = 'stims/wedding-9.4a.mp4'
544.7244 	EXP 	vid4: autoLog = True
544.7244 	EXP 	vid5: movie = 'stims/wedding-9.5.mp4'
544.7244 	EXP 	vid5: autoLog = True
547.3657 	EXP 	window1: recordFrameIntervals = False
549.4980 	DATA 	Keypress: equal
549.5004 	DATA 	Keypress: equal
549.5024 	DATA 	Keypress: equal
549.6756 	DATA 	Keypress: equal
549.7082 	EXP 	vid1a: movie = 'stims/wedding-9.1a.mp4'
549.7082 	EXP 	vid1b: movie = 'stims/wedding-9.1b.mp4'
549.7082 	EXP 	vid2: movie = 'stims/wedding-9.2a.mp4'
549.7082 	EXP 	vid3: movie = 'stims/wedding-9.3a.mp4'
549.7082 	EXP 	vid4: movie = 'stims/wedding-9.4a.mp4'
549.7082 	EXP 	vid5: movie = 'stims/wedding-9.5.mp4'
549.7242 	EXP 	vid1a: autoDraw = True
551.1763 	DATA 	Keypress: equal
552.6772 	DATA 	Keypress: equal
554.1772 	DATA 	Keypress: equal
555.6773 	DATA 	Keypress: equal
557.1775 	DATA 	Keypress: equal
558.6821 	DATA 	Keypress: equal
560.1819 	DATA 	Keypress: equal
561.6767 	DATA 	Keypress: equal
563.1772 	DATA 	Keypress: equal
563.9125 	EXP 	vid1a: autoDraw = False
563.9244 	EXP 	vid1b: autoDraw = True
564.6772 	DATA 	Keypress: equal
566.1761 	DATA 	Keypress: equal
567.6761 	DATA 	Keypress: equal
569.1770 	DATA 	Keypress: equal
570.6760 	DATA 	Keypress: equal
572.1756 	DATA 	Keypress: equal
572.9120 	EXP 	vid1b: autoDraw = False
572.9252 	EXP 	vid2: autoDraw = True
573.6761 	DATA 	Keypress: equal
575.1774 	DATA 	Keypress: equal
576.6789 	DATA 	Keypress: equal
578.1775 	DATA 	Keypress: equal
579.6829 	DATA 	Keypress: equal
581.1832 	DATA 	Keypress: equal
582.6780 	DATA 	Keypress: equal
584.1819 	DATA 	Keypress: equal
585.6828 	DATA 	Keypress: equal
587.1757 	DATA 	Keypress: equal
588.6761 	DATA 	Keypress: equal
589.9121 	EXP 	vid2: autoDraw = False
589.9250 	EXP 	vid3: autoDraw = True
590.1761 	DATA 	Keypress: equal
591.6767 	DATA 	Keypress: equal
593.1762 	DATA 	Keypress: equal
594.6760 	DATA 	Keypress: equal
596.1762 	DATA 	Keypress: equal
597.7021 	DATA 	Keypress: equal
599.1759 	DATA 	Keypress: equal
600.6762 	DATA 	Keypress: equal
602.1760 	DATA 	Keypress: equal
603.6811 	DATA 	Keypress: equal
605.1757 	DATA 	Keypress: equal
606.6759 	DATA 	Keypress: equal
608.1824 	DATA 	Keypress: equal
609.6771 	DATA 	Keypress: equal
611.1781 	DATA 	Keypress: equal
612.6801 	DATA 	Keypress: equal
612.8452 	EXP 	Set vid3 finished
612.9122 	EXP 	vid4: autoDraw = True
614.1794 	DATA 	Keypress: equal
615.6843 	DATA 	Keypress: equal
617.1790 	DATA 	Keypress: equal
618.6774 	DATA 	Keypress: equal
620.1731 	DATA 	Keypress: equal
621.6766 	DATA 	Keypress: equal
623.1764 	DATA 	Keypress: equal
624.6720 	DATA 	Keypress: equal
626.1764 	DATA 	Keypress: equal
627.6716 	DATA 	Keypress: equal
629.1764 	DATA 	Keypress: equal
630.6764 	DATA 	Keypress: equal
632.1753 	DATA 	Keypress: equal
633.6756 	DATA 	Keypress: equal
635.2011 	DATA 	Keypress: equal
636.6751 	DATA 	Keypress: equal
636.9106 	EXP 	vid4: autoDraw = False
636.9232 	EXP 	vid5: autoDraw = True
638.1754 	DATA 	Keypress: equal
639.6752 	DATA 	Keypress: equal
641.1713 	DATA 	Keypress: equal
642.6797 	DATA 	Keypress: equal
644.1763 	DATA 	Keypress: equal
645.6772 	DATA 	Keypress: equal
647.1751 	DATA 	Keypress: equal
648.6752 	DATA 	Keypress: equal
649.4739 	EXP 	Set vid5 finished
649.6871 	EXP 	Created sequence: random, trialTypes=1, nReps=1, seed=None
649.6874 	EXP 	New trial (rep=0, index=0): None
650.0885 	EXP 	Created vid1a_q = MovieStim3(__class__=<class 'psychopy.visual.movie3.MovieStim3'>, autoLog=True, color=UNKNOWN, colorSpace=UNKNOWN, depth=-1.0, filename='stims/wedding-9.1a.mp4', flipHoriz=False, flipVert=False, fps=UNKNOWN, interpolate=True, loop=False, name='vid1a_q', noAudio=False, opacity=1.0, ori=0, pos=array([0., 0.]), size=array([1280.,  720.]), units='pix', vframe_callback=UNKNOWN, volume=UNKNOWN, win=Window(...))
650.4665 	EXP 	Created vid1b_q = MovieStim3(__class__=<class 'psychopy.visual.movie3.MovieStim3'>, autoLog=True, color=UNKNOWN, colorSpace=UNKNOWN, depth=-2.0, filename='stims/wedding-9.1b.mp4', flipHoriz=False, flipVert=False, fps=UNKNOWN, interpolate=True, loop=False, name='vid1b_q', noAudio=False, opacity=1.0, ori=0, pos=array([0., 0.]), size=array([1280.,  720.]), units='pix', vframe_callback=UNKNOWN, volume=UNKNOWN, win=Window(...))
650.9361 	EXP 	Created vid2_q = MovieStim3(__class__=<class 'psychopy.visual.movie3.MovieStim3'>, autoLog=True, color=UNKNOWN, colorSpace=UNKNOWN, depth=-3.0, filename='stims/wedding-9.2a.mp4', flipHoriz=False, flipVert=False, fps=UNKNOWN, interpolate=True, loop=False, name='vid2_q', noAudio=False, opacity=1.0, ori=0, pos=array([0., 0.]), size=array([1280.,  720.]), units='pix', vframe_callback=UNKNOWN, volume=UNKNOWN, win=Window(...))
651.4011 	EXP 	Created vid3_q = MovieStim3(__class__=<class 'psychopy.visual.movie3.MovieStim3'>, autoLog=True, color=UNKNOWN, colorSpace=UNKNOWN, depth=-5.0, filename='stims/wedding-9.3a.mp4', flipHoriz=False, flipVert=False, fps=UNKNOWN, interpolate=True, loop=False, name='vid3_q', noAudio=False, opacity=1.0, ori=0, pos=array([0., 0.]), size=array([1280.,  720.]), units='pix', vframe_callback=UNKNOWN, volume=UNKNOWN, win=Window(...))
651.9335 	EXP 	Created vid4_q = MovieStim3(__class__=<class 'psychopy.visual.movie3.MovieStim3'>, autoLog=True, color=UNKNOWN, colorSpace=UNKNOWN, depth=-7.0, filename='stims/wedding-9.4a.mp4', flipHoriz=False, flipVert=False, fps=UNKNOWN, interpolate=True, loop=False, name='vid4_q', noAudio=False, opacity=1.0, ori=0, pos=array([0., 0.]), size=array([1280.,  720.]), units='pix', vframe_callback=UNKNOWN, volume=UNKNOWN, win=Window(...))
652.3220 	EXP 	Created vid5_q = MovieStim3(__class__=<class 'psychopy.visual.movie3.MovieStim3'>, autoLog=True, color=UNKNOWN, colorSpace=UNKNOWN, depth=-8.0, filename='stims/wedding-9.5.mp4', flipHoriz=False, flipVert=False, fps=UNKNOWN, interpolate=True, loop=False, name='vid5_q', noAudio=False, opacity=1.0, ori=0, pos=array([0., 0.]), size=array([1280.,  720.]), units='pix', vframe_callback=UNKNOWN, volume=UNKNOWN, win=Window(...))
652.6241 	EXP 	window1: recordFrameIntervals = False
652.6273 	DATA 	Keypress: equal
652.6301 	DATA 	Keypress: equal
652.6397 	EXP 	vid1a: autoDraw = False
652.6397 	EXP 	vid1b: autoDraw = False
652.6397 	EXP 	vid2: autoDraw = False
652.6397 	EXP 	vid3: autoDraw = False
652.6397 	EXP 	vid4: autoDraw = False
652.6397 	EXP 	vid5: autoDraw = False
652.6397 	EXP 	vid1a_q: movie = 'stims/wedding-9.1a.mp4'
652.6397 	EXP 	vid1a_q: autoLog = True
652.6397 	EXP 	vid1b_q: movie = 'stims/wedding-9.1b.mp4'
652.6397 	EXP 	vid1b_q: autoLog = True
652.6397 	EXP 	vid2_q: movie = 'stims/wedding-9.2a.mp4'
652.6397 	EXP 	vid2_q: autoLog = True
652.6397 	EXP 	vid3_q: movie = 'stims/wedding-9.3a.mp4'
652.6397 	EXP 	vid3_q: autoLog = True
652.6397 	EXP 	vid4_q: movie = 'stims/wedding-9.4a.mp4'
652.6397 	EXP 	vid4_q: autoLog = True
652.6397 	EXP 	vid5_q: movie = 'stims/wedding-9.5.mp4'
652.6397 	EXP 	vid5_q: autoLog = True
652.6397 	EXP 	vid1a_q: autoDraw = False
652.6397 	EXP 	vid1b_q: autoDraw = False
652.6397 	EXP 	vid2_q: autoDraw = False
652.6397 	EXP 	l2q: autoDraw = False
652.6397 	EXP 	vid3_q: autoDraw = False
652.6397 	EXP 	l3q: autoDraw = False
652.6397 	EXP 	vid4_q: autoDraw = False
652.6397 	EXP 	vid5_q: autoDraw = False
652.7939 	EXP 	window1: recordFrameIntervals = False
654.4097 	DATA 	Keypress: equal
654.6237 	EXP 	eggPainting1: image = 'stimsday1details/newegg3.png'
654.6237 	EXP 	eggPainting2: image = 'stimsday1details/egg9.png'
654.6237 	EXP 	character1: image = 'stimsday1details/newperson3.png'
654.6237 	EXP 	character2: image = 'stimsday1details/couple9.png'
654.6237 	EXP 	gift1: image = 'stimsday1details/gift9.png'
654.6237 	EXP 	gift2: image = 'stimsday1details/new3.png'
654.6237 	EXP 	themeQ1: image = 'stimsday1details/t9.png'
654.6237 	EXP 	themeQ2: image = 'stimsday1details/ct9.png'
654.6237 	EXP 	nameQ1: image = 'stimsday1details/n9.png'
654.6237 	EXP 	nameQ2: image = 'stimsday1details/cn9.png'
654.6237 	EXP 	nameQ1: autoDraw = True
654.6237 	EXP 	nameQ2: autoDraw = True
654.6751 	DATA 	Keypress: equal
655.6461 	DATA 	Keypress: 1
656.1839 	DATA 	Keypress: equal
656.6329 	EXP 	nameQ1: autoDraw = False
656.6329 	EXP 	nameQ2: autoDraw = False
656.6329 	EXP 	nameQ1: autoDraw = False
656.6329 	EXP 	nameQ2: autoDraw = False
656.6329 	EXP 	eggPainting1: autoDraw = True
656.6329 	EXP 	eggPainting2: autoDraw = True
657.2625 	DATA 	Keypress: 2
657.6790 	DATA 	Keypress: equal
658.6320 	EXP 	eggPainting1: autoDraw = False
658.6320 	EXP 	eggPainting2: autoDraw = False
658.6320 	EXP 	eggPainting1: autoDraw = False
658.6320 	EXP 	eggPainting2: autoDraw = False
658.6320 	EXP 	character1: autoDraw = True
658.6320 	EXP 	character2: autoDraw = True
659.1841 	DATA 	Keypress: equal
659.5338 	DATA 	Keypress: 2
660.6321 	EXP 	character1: autoDraw = False
660.6321 	EXP 	character2: autoDraw = False
660.6321 	EXP 	character1: autoDraw = False
660.6321 	EXP 	character2: autoDraw = False
660.6321 	EXP 	themeQ1: autoDraw = True
660.6321 	EXP 	themeQ2: autoDraw = True
660.6845 	DATA 	Keypress: equal
661.7742 	DATA 	Keypress: 1
662.1744 	DATA 	Keypress: equal
662.6226 	EXP 	themeQ1: autoDraw = False
662.6226 	EXP 	themeQ2: autoDraw = False
662.6226 	EXP 	themeQ1: autoDraw = False
662.6226 	EXP 	themeQ2: autoDraw = False
662.6226 	EXP 	gift1: autoDraw = True
662.6226 	EXP 	gift2: autoDraw = True
663.2754 	DATA 	Keypress: 1
663.6748 	DATA 	Keypress: equal
664.6232 	EXP 	gift1: autoDraw = False
664.6232 	EXP 	gift2: autoDraw = False
664.6232 	EXP 	gift1: autoDraw = False
664.6232 	EXP 	gift2: autoDraw = False
664.6232 	EXP 	northorsouth1: autoDraw = True
664.6232 	EXP 	northorsouth2: autoDraw = True
665.0123 	DATA 	Keypress: 1
665.1747 	DATA 	Keypress: equal
666.9143 	EXP 	New trial (rep=0, index=5): OrderedDict([('condsFile', 'videoBlock_schemaN_pathB_1.csv')])
666.9274 	EXP 	Imported videoBlock_schemaN_pathB_1.csv as conditions, 1 conditions, 17 params
666.9279 	EXP 	Created sequence: random, trialTypes=1, nReps=1, seed=None
666.9286 	EXP 	New trial (rep=0, index=0): OrderedDict([('northOrSouth', 'north.png'), ('stimFile1a', 'stims/wedding-4.1a.mp4'), ('stimFile1b', 'stims/wedding-4.1b.mp4'), ('stimFile2', 'stims/wedding-4.2b.mp4'), ('stimFile3', 'stims/wedding-4.3b.mp4'), ('stimFile4', 'stims/wedding-4.4b.mp4'), ('stimFile5', 'stims/wedding-4.5.mp4'), ('QeggPainting1', 'stimsday1details/newpainting1.png'), ('Qcharacter1', 'stimsday1details/newperson13.png'), ('Qgift1', 'stimsday1details/gift4.png'), ('QeggPainting2', 'stimsday1details/painting4.png'), ('Qcharacter2', 'stimsday1details/couple4.png'), ('Qgift2', 'stimsday1details/new13.png'), ('Qname1', 'stimsday1details/n4.png'), ('Qtheme1', 'stimsday1details/ct4.png'), ('Qname2', 'stimsday1details/cn4.png'), ('Qtheme2', 'stimsday1details/t4.png')])
666.9312 	DATA 	Keypress: equal
666.9404 	EXP 	northorsouth1: autoDraw = False
666.9404 	EXP 	northorsouth2: autoDraw = False
666.9404 	EXP 	northorsouth1: autoDraw = False
666.9404 	EXP 	northorsouth2: autoDraw = False
666.9404 	EXP 	image_3: autoDraw = True
668.1840 	DATA 	Keypress: equal
668.9332 	EXP 	Created sequence: random, trialTypes=1, nReps=1, seed=None
668.9335 	EXP 	New trial (rep=0, index=0): None
669.3425 	EXP 	Created vid1a = MovieStim3(__class__=<class 'psychopy.visual.movie3.MovieStim3'>, autoLog=True, color=UNKNOWN, colorSpace=UNKNOWN, depth=-1.0, filename='stims/wedding-4.1a.mp4', flipHoriz=False, flipVert=False, fps=UNKNOWN, interpolate=True, loop=False, name='vid1a', noAudio=False, opacity=1.0, ori=0, pos=array([0., 0.]), size=array([1280.,  720.]), units='pix', vframe_callback=UNKNOWN, volume=UNKNOWN, win=Window(...))
669.7291 	EXP 	Created vid1b = MovieStim3(__class__=<class 'psychopy.visual.movie3.MovieStim3'>, autoLog=True, color=UNKNOWN, colorSpace=UNKNOWN, depth=-2.0, filename='stims/wedding-4.1b.mp4', flipHoriz=False, flipVert=False, fps=UNKNOWN, interpolate=True, loop=False, name='vid1b', noAudio=False, opacity=1.0, ori=0, pos=array([0., 0.]), size=array([1280.,  720.]), units='pix', vframe_callback=UNKNOWN, volume=UNKNOWN, win=Window(...))
670.1347 	EXP 	Created vid2 = MovieStim3(__class__=<class 'psychopy.visual.movie3.MovieStim3'>, autoLog=True, color=UNKNOWN, colorSpace=UNKNOWN, depth=-3.0, filename='stims/wedding-4.2b.mp4', flipHoriz=False, flipVert=False, fps=UNKNOWN, interpolate=True, loop=False, name='vid2', noAudio=False, opacity=1.0, ori=0, pos=array([0., 0.]), size=array([1280.,  720.]), units='pix', vframe_callback=UNKNOWN, volume=UNKNOWN, win=Window(...))
670.6139 	EXP 	Created vid3 = MovieStim3(__class__=<class 'psychopy.visual.movie3.MovieStim3'>, autoLog=True, color=UNKNOWN, colorSpace=UNKNOWN, depth=-4.0, filename='stims/wedding-4.3b.mp4', flipHoriz=False, flipVert=False, fps=UNKNOWN, interpolate=True, loop=False, name='vid3', noAudio=False, opacity=1.0, ori=0, pos=array([0., 0.]), size=array([1280.,  720.]), units='pix', vframe_callback=UNKNOWN, volume=UNKNOWN, win=Window(...))
671.1452 	EXP 	Created vid4 = MovieStim3(__class__=<class 'psychopy.visual.movie3.MovieStim3'>, autoLog=True, color=UNKNOWN, colorSpace=UNKNOWN, depth=-5.0, filename='stims/wedding-4.4b.mp4', flipHoriz=False, flipVert=False, fps=UNKNOWN, interpolate=True, loop=False, name='vid4', noAudio=False, opacity=1.0, ori=0, pos=array([0., 0.]), size=array([1280.,  720.]), units='pix', vframe_callback=UNKNOWN, volume=UNKNOWN, win=Window(...))
671.5356 	EXP 	Created vid5 = MovieStim3(__class__=<class 'psychopy.visual.movie3.MovieStim3'>, autoLog=True, color=UNKNOWN, colorSpace=UNKNOWN, depth=-6.0, filename='stims/wedding-4.5.mp4', flipHoriz=False, flipVert=False, fps=UNKNOWN, interpolate=True, loop=False, name='vid5', noAudio=False, opacity=1.0, ori=0, pos=array([0., 0.]), size=array([1280.,  720.]), units='pix', vframe_callback=UNKNOWN, volume=UNKNOWN, win=Window(...))
671.8346 	EXP 	Created sequence: random, trialTypes=1, nReps=1, seed=None
671.8350 	EXP 	New trial (rep=0, index=0): None
672.2453 	EXP 	Created vid1a_q = MovieStim3(__class__=<class 'psychopy.visual.movie3.MovieStim3'>, autoLog=True, color=UNKNOWN, colorSpace=UNKNOWN, depth=-1.0, filename='stims/wedding-4.1a.mp4', flipHoriz=False, flipVert=False, fps=UNKNOWN, interpolate=True, loop=False, name='vid1a_q', noAudio=False, opacity=1.0, ori=0, pos=array([0., 0.]), size=array([1280.,  720.]), units='pix', vframe_callback=UNKNOWN, volume=UNKNOWN, win=Window(...))
672.6233 	EXP 	Created vid1b_q = MovieStim3(__class__=<class 'psychopy.visual.movie3.MovieStim3'>, autoLog=True, color=UNKNOWN, colorSpace=UNKNOWN, depth=-2.0, filename='stims/wedding-4.1b.mp4', flipHoriz=False, flipVert=False, fps=UNKNOWN, interpolate=True, loop=False, name='vid1b_q', noAudio=False, opacity=1.0, ori=0, pos=array([0., 0.]), size=array([1280.,  720.]), units='pix', vframe_callback=UNKNOWN, volume=UNKNOWN, win=Window(...))
673.0272 	EXP 	Created vid2_q = MovieStim3(__class__=<class 'psychopy.visual.movie3.MovieStim3'>, autoLog=True, color=UNKNOWN, colorSpace=UNKNOWN, depth=-3.0, filename='stims/wedding-4.2b.mp4', flipHoriz=False, flipVert=False, fps=UNKNOWN, interpolate=True, loop=False, name='vid2_q', noAudio=False, opacity=1.0, ori=0, pos=array([0., 0.]), size=array([1280.,  720.]), units='pix', vframe_callback=UNKNOWN, volume=UNKNOWN, win=Window(...))
673.5025 	EXP 	Created vid3_q = MovieStim3(__class__=<class 'psychopy.visual.movie3.MovieStim3'>, autoLog=True, color=UNKNOWN, colorSpace=UNKNOWN, depth=-5.0, filename='stims/wedding-4.3b.mp4', flipHoriz=False, flipVert=False, fps=UNKNOWN, interpolate=True, loop=False, name='vid3_q', noAudio=False, opacity=1.0, ori=0, pos=array([0., 0.]), size=array([1280.,  720.]), units='pix', vframe_callback=UNKNOWN, volume=UNKNOWN, win=Window(...))
674.0182 	EXP 	Created vid4_q = MovieStim3(__class__=<class 'psychopy.visual.movie3.MovieStim3'>, autoLog=True, color=UNKNOWN, colorSpace=UNKNOWN, depth=-7.0, filename='stims/wedding-4.4b.mp4', flipHoriz=False, flipVert=False, fps=UNKNOWN, interpolate=True, loop=False, name='vid4_q', noAudio=False, opacity=1.0, ori=0, pos=array([0., 0.]), size=array([1280.,  720.]), units='pix', vframe_callback=UNKNOWN, volume=UNKNOWN, win=Window(...))
674.4070 	EXP 	Created vid5_q = MovieStim3(__class__=<class 'psychopy.visual.movie3.MovieStim3'>, autoLog=True, color=UNKNOWN, colorSpace=UNKNOWN, depth=-8.0, filename='stims/wedding-4.5.mp4', flipHoriz=False, flipVert=False, fps=UNKNOWN, interpolate=True, loop=False, name='vid5_q', noAudio=False, opacity=1.0, ori=0, pos=array([0., 0.]), size=array([1280.,  720.]), units='pix', vframe_callback=UNKNOWN, volume=UNKNOWN, win=Window(...))
674.5218 	EXP 	window1: recordFrameIntervals = False
674.5253 	DATA 	Keypress: equal
674.5277 	DATA 	Keypress: equal
674.5301 	DATA 	Keypress: equal
674.5327 	DATA 	Keypress: equal
674.5403 	EXP 	image_3: autoDraw = False
674.5403 	EXP 	image_3: autoDraw = False
674.5403 	EXP 	vid1a: movie = 'stims/wedding-4.1a.mp4'
674.5403 	EXP 	vid1a: autoLog = True
674.5403 	EXP 	vid1b: movie = 'stims/wedding-4.1b.mp4'
674.5403 	EXP 	vid1b: autoLog = True
674.5403 	EXP 	vid2: movie = 'stims/wedding-4.2b.mp4'
674.5403 	EXP 	vid2: autoLog = True
674.5403 	EXP 	vid3: movie = 'stims/wedding-4.3b.mp4'
674.5403 	EXP 	vid3: autoLog = True
674.5403 	EXP 	vid4: movie = 'stims/wedding-4.4b.mp4'
674.5403 	EXP 	vid4: autoLog = True
674.5403 	EXP 	vid5: movie = 'stims/wedding-4.5.mp4'
674.5403 	EXP 	vid5: autoLog = True
674.5403 	EXP 	vid1a: autoDraw = False
674.5403 	EXP 	vid1b: autoDraw = False
674.5403 	EXP 	vid2: autoDraw = False
674.5403 	EXP 	vid3: autoDraw = False
674.5403 	EXP 	vid4: autoDraw = False
674.5403 	EXP 	vid5: autoDraw = False
674.5403 	EXP 	vid1a_q: movie = 'stims/wedding-4.1a.mp4'
674.5403 	EXP 	vid1a_q: autoLog = True
674.5403 	EXP 	vid1b_q: movie = 'stims/wedding-4.1b.mp4'
674.5403 	EXP 	vid1b_q: autoLog = True
674.5403 	EXP 	vid2_q: movie = 'stims/wedding-4.2b.mp4'
674.5403 	EXP 	vid2_q: autoLog = True
674.5403 	EXP 	vid3_q: movie = 'stims/wedding-4.3b.mp4'
674.5403 	EXP 	vid3_q: autoLog = True
674.5403 	EXP 	vid4_q: movie = 'stims/wedding-4.4b.mp4'
674.5403 	EXP 	vid4_q: autoLog = True
674.5403 	EXP 	vid5_q: movie = 'stims/wedding-4.5.mp4'
674.5403 	EXP 	vid5_q: autoLog = True
677.1125 	EXP 	window1: recordFrameIntervals = False
679.3097 	DATA 	Keypress: equal
679.3173 	DATA 	Keypress: equal
679.3195 	DATA 	Keypress: equal
679.5228 	EXP 	vid1a_q: movie = 'stims/wedding-4.1a.mp4'
679.5228 	EXP 	vid1b_q: movie = 'stims/wedding-4.1b.mp4'
679.5228 	EXP 	vid2_q: movie = 'stims/wedding-4.2b.mp4'
679.5228 	EXP 	vid3_q: movie = 'stims/wedding-4.3b.mp4'
679.5228 	EXP 	vid4_q: movie = 'stims/wedding-4.4b.mp4'
679.5228 	EXP 	vid5_q: movie = 'stims/wedding-4.5.mp4'
679.5394 	EXP 	vid1a_q: autoDraw = True
680.1796 	DATA 	Keypress: equal
681.6797 	DATA 	Keypress: equal
683.1791 	DATA 	Keypress: equal
684.6793 	DATA 	Keypress: equal
686.1753 	DATA 	Keypress: equal
687.6703 	DATA 	Keypress: equal
689.1755 	DATA 	Keypress: equal
690.6757 	DATA 	Keypress: equal
692.1708 	DATA 	Keypress: equal
693.6704 	DATA 	Keypress: equal
693.8401 	EXP 	vid1a_q: autoDraw = False
693.8555 	EXP 	vid1b_q: autoDraw = True
695.1742 	DATA 	Keypress: equal
696.6755 	DATA 	Keypress: equal
698.1757 	DATA 	Keypress: equal
699.6753 	DATA 	Keypress: equal
701.1748 	DATA 	Keypress: equal
702.6742 	DATA 	Keypress: equal
702.7221 	EXP 	Set vid1b_q finished
702.8568 	EXP 	vid2_q: autoDraw = True
704.1741 	DATA 	Keypress: equal
705.6755 	DATA 	Keypress: equal
707.1759 	DATA 	Keypress: equal
708.6763 	DATA 	Keypress: equal
710.1755 	DATA 	Keypress: equal
711.6838 	DATA 	Keypress: equal
713.1795 	DATA 	Keypress: equal
714.6785 	DATA 	Keypress: equal
716.1741 	DATA 	Keypress: equal
717.6796 	DATA 	Keypress: equal
719.1787 	DATA 	Keypress: equal
719.3719 	EXP 	Set vid2_q finished
719.8558 	EXP 	l2q: autoDraw = True
720.6737 	DATA 	Keypress: equal
721.7955 	DATA 	Keypress: 1
722.1738 	DATA 	Keypress: equal
723.6733 	DATA 	Keypress: equal
723.8562 	EXP 	l2q: autoDraw = False
723.8562 	EXP 	vid3_q: autoDraw = True
725.1747 	DATA 	Keypress: equal
726.6748 	DATA 	Keypress: equal
728.1748 	DATA 	Keypress: equal
729.6746 	DATA 	Keypress: equal
731.2007 	DATA 	Keypress: equal
732.6744 	DATA 	Keypress: equal
734.1744 	DATA 	Keypress: equal
735.6793 	DATA 	Keypress: equal
737.1745 	DATA 	Keypress: equal
738.6795 	DATA 	Keypress: equal
740.1786 	DATA 	Keypress: equal
741.6748 	DATA 	Keypress: equal
743.1743 	DATA 	Keypress: equal
744.6706 	DATA 	Keypress: equal
746.1696 	DATA 	Keypress: equal
746.8726 	EXP 	vid3_q: autoDraw = False
746.8726 	EXP 	l3q: autoDraw = True
747.6745 	DATA 	Keypress: equal
748.2604 	DATA 	Keypress: 1
749.1742 	DATA 	Keypress: equal
750.6738 	DATA 	Keypress: equal
750.8550 	EXP 	l3q: autoDraw = False
750.8550 	EXP 	vid4_q: autoDraw = True
752.1684 	DATA 	Keypress: equal
753.6747 	DATA 	Keypress: equal
755.1747 	DATA 	Keypress: equal
756.6761 	DATA 	Keypress: equal
758.1662 	DATA 	Keypress: equal
759.6759 	DATA 	Keypress: equal
761.1803 	DATA 	Keypress: equal
762.6742 	DATA 	Keypress: equal
764.1734 	DATA 	Keypress: equal
765.6735 	DATA 	Keypress: equal
767.1736 	DATA 	Keypress: equal
768.6733 	DATA 	Keypress: equal
770.1744 	DATA 	Keypress: equal
771.6731 	DATA 	Keypress: equal
773.1733 	DATA 	Keypress: equal
774.6744 	DATA 	Keypress: equal
774.7714 	EXP 	Set vid4_q finished
774.8553 	EXP 	vid5_q: autoDraw = True
776.1734 	DATA 	Keypress: equal
777.6682 	DATA 	Keypress: equal
779.1741 	DATA 	Keypress: equal
780.6743 	DATA 	Keypress: equal
782.1993 	DATA 	Keypress: equal
783.6729 	DATA 	Keypress: equal
785.1744 	DATA 	Keypress: equal
786.6783 	DATA 	Keypress: equal
787.4044 	EXP 	Set vid5_q finished
787.6893 	EXP 	window1: recordFrameIntervals = False
787.7047 	EXP 	vid1a_q: autoDraw = False
787.7047 	EXP 	vid1b_q: autoDraw = False
787.7047 	EXP 	vid2_q: autoDraw = False
787.7047 	EXP 	l2q: autoDraw = False
787.7047 	EXP 	vid3_q: autoDraw = False
787.7047 	EXP 	l3q: autoDraw = False
787.7047 	EXP 	vid4_q: autoDraw = False
787.7047 	EXP 	vid5_q: autoDraw = False
787.9524 	EXP 	window1: recordFrameIntervals = False
789.4758 	DATA 	Keypress: equal
789.6649 	DATA 	Keypress: equal
789.6913 	EXP 	eggPainting1: image = 'stimsday1details/newpainting1.png'
789.6913 	EXP 	eggPainting2: image = 'stimsday1details/painting4.png'
789.6913 	EXP 	character1: image = 'stimsday1details/newperson13.png'
789.6913 	EXP 	character2: image = 'stimsday1details/couple4.png'
789.6913 	EXP 	gift1: image = 'stimsday1details/gift4.png'
789.6913 	EXP 	gift2: image = 'stimsday1details/new13.png'
789.6913 	EXP 	themeQ1: image = 'stimsday1details/ct4.png'
789.6913 	EXP 	themeQ2: image = 'stimsday1details/t4.png'
789.6913 	EXP 	nameQ1: image = 'stimsday1details/n4.png'
789.6913 	EXP 	nameQ2: image = 'stimsday1details/cn4.png'
789.6913 	EXP 	nameQ1: autoDraw = True
789.6913 	EXP 	nameQ2: autoDraw = True
790.3740 	DATA 	Keypress: 1
791.1736 	DATA 	Keypress: equal
791.6879 	EXP 	nameQ1: autoDraw = False
791.6879 	EXP 	nameQ2: autoDraw = False
791.6879 	EXP 	nameQ1: autoDraw = False
791.6879 	EXP 	nameQ2: autoDraw = False
791.6879 	EXP 	eggPainting1: autoDraw = True
791.6879 	EXP 	eggPainting2: autoDraw = True
792.4564 	DATA 	Keypress: 2
792.6725 	DATA 	Keypress: equal
793.6876 	EXP 	eggPainting1: autoDraw = False
793.6876 	EXP 	eggPainting2: autoDraw = False
793.6876 	EXP 	eggPainting1: autoDraw = False
793.6876 	EXP 	eggPainting2: autoDraw = False
793.6876 	EXP 	character1: autoDraw = True
793.6876 	EXP 	character2: autoDraw = True
794.1780 	DATA 	Keypress: equal
794.7060 	DATA 	Keypress: 2
795.6741 	DATA 	Keypress: equal
795.6882 	EXP 	character1: autoDraw = False
795.6882 	EXP 	character2: autoDraw = False
795.6882 	EXP 	character1: autoDraw = False
795.6882 	EXP 	character2: autoDraw = False
795.6882 	EXP 	themeQ1: autoDraw = True
795.6882 	EXP 	themeQ2: autoDraw = True
796.9100 	DATA 	Keypress: 2
797.1727 	DATA 	Keypress: equal
797.6875 	EXP 	themeQ1: autoDraw = False
797.6875 	EXP 	themeQ2: autoDraw = False
797.6875 	EXP 	themeQ1: autoDraw = False
797.6875 	EXP 	themeQ2: autoDraw = False
797.6875 	EXP 	gift1: autoDraw = True
797.6875 	EXP 	gift2: autoDraw = True
798.6737 	DATA 	Keypress: equal
799.3231 	DATA 	Keypress: 2
799.6875 	EXP 	gift1: autoDraw = False
799.6875 	EXP 	gift2: autoDraw = False
799.6875 	EXP 	gift1: autoDraw = False
799.6875 	EXP 	gift2: autoDraw = False
799.6875 	EXP 	northorsouth1: autoDraw = True
799.6875 	EXP 	northorsouth2: autoDraw = True
800.1732 	DATA 	Keypress: equal
800.3731 	DATA 	Keypress: 1
801.6773 	DATA 	Keypress: equal
802.1879 	EXP 	northorsouth1: autoDraw = False
802.1879 	EXP 	northorsouth2: autoDraw = False
802.1879 	EXP 	northorsouth1: autoDraw = False
802.1879 	EXP 	northorsouth2: autoDraw = False
802.4913 	EXP 	window1: mouseVisible = True
