1.8310 	WARNING 	Import Error: No module named 'psychtoolbox'. Using event module for keyboard component.
7.2685 	EXP 	Created window1 = Window(allowGUI=False, allowStencil=False, args=UNKNOWN, autoLog=True, bitsMode=UNKNOWN, blendMode='avg', color=array([0., 0., 0.]), colorSpace='rgb', fullscr=<method-wrapper '__getattribute__' of attributeSetter object at 0x1323178390>, gamma=None, kwargs=UNKNOWN, lms=UNKNOWN, monitor=<psychopy.monitors.calibTools.Monitor object at 0x132260d2e8>, multiSample=False, name='window1', numSamples=2, pos=[0.0, 0.0], screen=0, size=array([1920, 1080]), stereo=False, units='norm', useFBO=True, useRetina=False, viewOri=0.0, viewPos=None, viewScale=None, waitBlanking=True, winType='pyglet')
7.2685 	EXP 	window1: recordFrameIntervals = False
7.4344 	EXP 	window1: recordFrameIntervals = True
7.6179 	EXP 	window1: recordFrameIntervals = False
7.7406 	EXP 	Created text = TextStim(__class__=<class 'psychopy.visual.text.TextStim'>, alignHoriz='center', alignVert='center', antialias=True, autoLog=True, bold=False, color='white', colorSpace='named', contrast=1.0, depth=0.0, flipHoriz=False, flipVert=False, font='Arial', fontFiles=[], height=0.1, italic=False, languageStyle='LTR', name='text', opacity=1.0, ori=0, pos=array([0., 0.]), rgb=array([255., 255., 255.]), text='Waiting for experimenter...', units='norm', win=Window(...), wrapWidth=1)
7.7500 	EXP 	Created waiting = TextStim(__class__=<class 'psychopy.visual.text.TextStim'>, alignHoriz='center', alignVert='center', antialias=True, autoLog=True, bold=False, color='white', colorSpace='named', contrast=1.0, depth=0.0, flipHoriz=False, flipVert=False, font='Arial', fontFiles=[], height=0.1, italic=False, languageStyle='LTR', name='waiting', opacity=1.0, ori=0, pos=array([0., 0.]), rgb=array([255., 255., 255.]), text='waiting for scanner', units='norm', win=Window(...), wrapWidth=1)
7.7706 	EXP 	Created image_2 = ImageStim(__class__=<class 'psychopy.visual.image.ImageStim'>, autoLog=True, color=array([1., 1., 1.]), colorSpace='rgb', contrast=1.0, depth=0.0, flipHoriz=False, flipVert=False, image='south.png', interpolate=True, mask=None, maskParams=None, name='image_2', opacity=1.0, ori=0.0, pos=array([0., 0.]), size=array([0.5, 0.5]), texRes=128, units='norm', win=Window(...))
7.7765 	EXP 	Created image = ImageStim(__class__=<class 'psychopy.visual.image.ImageStim'>, autoLog=True, color=array([1., 1., 1.]), colorSpace='rgb', contrast=1.0, depth=-8.0, flipHoriz=False, flipVert=False, image='sin', interpolate=True, mask=None, maskParams=None, name='image', opacity=1.0, ori=0.0, pos=array([0., 0.]), size=array([0.5, 0.5]), texRes=128, units='norm', win=Window(...))
7.7885 	EXP 	Created l2q = ImageStim(__class__=<class 'psychopy.visual.image.ImageStim'>, autoLog=True, color=array([1., 1., 1.]), colorSpace='rgb', contrast=1.0, depth=-4.0, flipHoriz=False, flipVert=False, image='LAYER2Q.png', interpolate=True, mask=None, maskParams=None, name='l2q', opacity=1.0, ori=0.0, pos=array([0., 0.]), size=array([0.5, 0.5]), texRes=128, units='norm', win=Window(...))
7.7992 	EXP 	Created l3q = ImageStim(__class__=<class 'psychopy.visual.image.ImageStim'>, autoLog=True, color=array([1., 1., 1.]), colorSpace='rgb', contrast=1.0, depth=-6.0, flipHoriz=False, flipVert=False, image='LAYER3Q.png', interpolate=True, mask=None, maskParams=None, name='l3q', opacity=1.0, ori=0.0, pos=array([0., 0.]), size=array([0.5, 0.5]), texRes=128, units='norm', win=Window(...))
7.8016 	EXP 	Created reveal = ImageStim(__class__=<class 'psychopy.visual.image.ImageStim'>, autoLog=True, color=array([1., 1., 1.]), colorSpace='rgb', contrast=1.0, depth=-12.0, flipHoriz=False, flipVert=False, image='sin', interpolate=True, mask=None, maskParams=None, name='reveal', opacity=1.0, ori=0.0, pos=array([0., 0.]), size=array([0.5, 0.5]), texRes=128, units='norm', win=Window(...))
7.8040 	EXP 	Created nameQ1 = ImageStim(__class__=<class 'psychopy.visual.image.ImageStim'>, autoLog=True, color=array([1., 1., 1.]), colorSpace='rgb', contrast=1.0, depth=-1.0, flipHoriz=False, flipVert=False, image='sin', interpolate=True, mask=None, maskParams=None, name='nameQ1', opacity=1.0, ori=0.0, pos=array([-0.5, -0.2]), size=array([0.5, 0.5]), texRes=128, units='norm', win=Window(...))
7.8063 	EXP 	Created nameQ2 = ImageStim(__class__=<class 'psychopy.visual.image.ImageStim'>, autoLog=True, color=array([1., 1., 1.]), colorSpace='rgb', contrast=1.0, depth=-2.0, flipHoriz=False, flipVert=False, image='sin', interpolate=True, mask=None, maskParams=None, name='nameQ2', opacity=1.0, ori=0.0, pos=array([ 0.5, -0.2]), size=array([0.5, 0.5]), texRes=128, units='norm', win=Window(...))
7.8090 	EXP 	Created eggPainting1 = ImageStim(__class__=<class 'psychopy.visual.image.ImageStim'>, autoLog=True, color=array([1., 1., 1.]), colorSpace='rgb', contrast=1.0, depth=0.0, flipHoriz=False, flipVert=False, image='sin', interpolate=True, mask=None, maskParams=None, name='eggPainting1', opacity=1.0, ori=0.0, pos=array([-0.5, -0.2]), size=array([0.7, 1. ]), texRes=128, units='norm', win=Window(...))
7.8114 	EXP 	Created eggPainting2 = ImageStim(__class__=<class 'psychopy.visual.image.ImageStim'>, autoLog=True, color=array([1., 1., 1.]), colorSpace='rgb', contrast=1.0, depth=-2.0, flipHoriz=False, flipVert=False, image='sin', interpolate=True, mask=None, maskParams=None, name='eggPainting2', opacity=1.0, ori=0.0, pos=array([ 0.5, -0.2]), size=array([0.7, 1. ]), texRes=128, units='norm', win=Window(...))
7.8139 	EXP 	Created character1 = ImageStim(__class__=<class 'psychopy.visual.image.ImageStim'>, autoLog=True, color=array([1., 1., 1.]), colorSpace='rgb', contrast=1.0, depth=0.0, flipHoriz=False, flipVert=False, image='sin', interpolate=True, mask=None, maskParams=None, name='character1', opacity=1.0, ori=0.0, pos=array([-0.5, -0.2]), size=array([0.5, 1. ]), texRes=128, units='norm', win=Window(...))
7.8163 	EXP 	Created character2 = ImageStim(__class__=<class 'psychopy.visual.image.ImageStim'>, autoLog=True, color=array([1., 1., 1.]), colorSpace='rgb', contrast=1.0, depth=-1.0, flipHoriz=False, flipVert=False, image='sin', interpolate=True, mask=None, maskParams=None, name='character2', opacity=1.0, ori=0.0, pos=array([ 0.5, -0.2]), size=array([0.5, 1. ]), texRes=128, units='norm', win=Window(...))
7.8188 	EXP 	Created themeQ1 = ImageStim(__class__=<class 'psychopy.visual.image.ImageStim'>, autoLog=True, color=array([1., 1., 1.]), colorSpace='rgb', contrast=1.0, depth=-1.0, flipHoriz=False, flipVert=False, image='sin', interpolate=True, mask=None, maskParams=None, name='themeQ1', opacity=1.0, ori=0.0, pos=array([-0.5, -0.2]), size=array([0.5, 0.5]), texRes=128, units='norm', win=Window(...))
7.8212 	EXP 	Created themeQ2 = ImageStim(__class__=<class 'psychopy.visual.image.ImageStim'>, autoLog=True, color=array([1., 1., 1.]), colorSpace='rgb', contrast=1.0, depth=-2.0, flipHoriz=False, flipVert=False, image='sin', interpolate=True, mask=None, maskParams=None, name='themeQ2', opacity=1.0, ori=0.0, pos=array([ 0.5, -0.2]), size=array([0.5, 0.5]), texRes=128, units='norm', win=Window(...))
7.8236 	EXP 	Created gift1 = ImageStim(__class__=<class 'psychopy.visual.image.ImageStim'>, autoLog=True, color=array([1., 1., 1.]), colorSpace='rgb', contrast=1.0, depth=0.0, flipHoriz=False, flipVert=False, image='sin', interpolate=True, mask=None, maskParams=None, name='gift1', opacity=1.0, ori=0.0, pos=array([-0.5, -0.2]), size=array([0.5, 0.5]), texRes=128, units='norm', win=Window(...))
7.8260 	EXP 	Created gift2 = ImageStim(__class__=<class 'psychopy.visual.image.ImageStim'>, autoLog=True, color=array([1., 1., 1.]), colorSpace='rgb', contrast=1.0, depth=-1.0, flipHoriz=False, flipVert=False, image='sin', interpolate=True, mask=None, maskParams=None, name='gift2', opacity=1.0, ori=0.0, pos=array([ 0.5, -0.2]), size=array([0.5, 0.5]), texRes=128, units='norm', win=Window(...))
7.8298 	EXP 	Created northorsouth1 = ImageStim(__class__=<class 'psychopy.visual.image.ImageStim'>, autoLog=True, color=array([1., 1., 1.]), colorSpace='rgb', contrast=1.0, depth=0.0, flipHoriz=False, flipVert=False, image='northorsouth1.png', interpolate=True, mask=None, maskParams=None, name='northorsouth1', opacity=1.0, ori=0.0, pos=array([-0.5, -0.2]), size=array([0.5, 0.5]), texRes=128, units='norm', win=Window(...))
7.8334 	EXP 	Created northorsouth2 = ImageStim(__class__=<class 'psychopy.visual.image.ImageStim'>, autoLog=True, color=array([1., 1., 1.]), colorSpace='rgb', contrast=1.0, depth=-2.0, flipHoriz=False, flipVert=False, image='northorsouth2.png', interpolate=True, mask=None, maskParams=None, name='northorsouth2', opacity=1.0, ori=0.0, pos=array([ 0.5, -0.2]), size=array([0.5, 0.5]), texRes=128, units='norm', win=Window(...))
7.8515 	EXP 	text: autoDraw = True
9.0390 	DATA 	Keypress: g
9.0719 	EXP 	text: autoDraw = False
9.0719 	EXP 	waiting: autoDraw = True
27.1235 	DATA 	Keypress: equal
27.1339 	EXP 	Imported chooseBlock4.csv as conditions, 6 conditions, 1 params
27.1345 	EXP 	Created sequence: random, trialTypes=6, nReps=1, seed=None
27.1350 	EXP 	New trial (rep=0, index=0): OrderedDict([('condsFile', 'videoBlock_schemaS_pathB_4.csv')])
27.1446 	EXP 	Imported videoBlock_schemaS_pathB_4.csv as conditions, 1 conditions, 17 params
27.1449 	EXP 	Created sequence: random, trialTypes=1, nReps=1, seed=None
27.1456 	EXP 	New trial (rep=0, index=0): OrderedDict([('northOrSouth', 'south.png'), ('stimFile1a', 'stims/wedding-35.1a.mp4'), ('stimFile1b', 'stims/wedding-35.1b.mp4'), ('stimFile2', 'stims/wedding-35.2b.mp4'), ('stimFile3', 'stims/wedding-35.3a.mp4'), ('stimFile4', 'stims/wedding-35.4b.mp4'), ('stimFile5', 'stims/wedding-35.5.mp4'), ('QeggPainting1', 'stimsday1details/newpainting10.png'), ('Qcharacter1', 'stimsday1details/newperson22.png'), ('Qgift1', 'stimsday1details/gift35.png'), ('QeggPainting2', 'stimsday1details/painting35.png'), ('Qcharacter2', 'stimsday1details/couple35.png'), ('Qgift2', 'stimsday1details/new22.png'), ('Qname1', 'stimsday1details/n35.png'), ('Qtheme1', 'stimsday1details/t35.png'), ('Qname2', 'stimsday1details/cn35.png'), ('Qtheme2', 'stimsday1details/ct35.png')])
27.1676 	EXP 	waiting: autoDraw = False
27.1676 	EXP 	image_2: autoDraw = True
28.6194 	DATA 	Keypress: equal
29.1350 	EXP 	Created sequence: random, trialTypes=1, nReps=1, seed=None
29.1353 	EXP 	New trial (rep=0, index=0): None
29.7471 	EXP 	Created vid1a = MovieStim3(__class__=<class 'psychopy.visual.movie3.MovieStim3'>, autoLog=True, color=UNKNOWN, colorSpace=UNKNOWN, depth=-1.0, filename='stims/wedding-35.1a.mp4', flipHoriz=False, flipVert=False, fps=UNKNOWN, interpolate=True, loop=False, name='vid1a', noAudio=False, opacity=1.0, ori=0, pos=array([0., 0.]), size=array([1280.,  720.]), units='pix', vframe_callback=UNKNOWN, volume=UNKNOWN, win=Window(...))
30.1342 	EXP 	Created vid1b = MovieStim3(__class__=<class 'psychopy.visual.movie3.MovieStim3'>, autoLog=True, color=UNKNOWN, colorSpace=UNKNOWN, depth=-2.0, filename='stims/wedding-35.1b.mp4', flipHoriz=False, flipVert=False, fps=UNKNOWN, interpolate=True, loop=False, name='vid1b', noAudio=False, opacity=1.0, ori=0, pos=array([0., 0.]), size=array([1280.,  720.]), units='pix', vframe_callback=UNKNOWN, volume=UNKNOWN, win=Window(...))
30.5443 	EXP 	Created vid2 = MovieStim3(__class__=<class 'psychopy.visual.movie3.MovieStim3'>, autoLog=True, color=UNKNOWN, colorSpace=UNKNOWN, depth=-3.0, filename='stims/wedding-35.2b.mp4', flipHoriz=False, flipVert=False, fps=UNKNOWN, interpolate=True, loop=False, name='vid2', noAudio=False, opacity=1.0, ori=0, pos=array([0., 0.]), size=array([1280.,  720.]), units='pix', vframe_callback=UNKNOWN, volume=UNKNOWN, win=Window(...))
31.0123 	EXP 	Created vid3 = MovieStim3(__class__=<class 'psychopy.visual.movie3.MovieStim3'>, autoLog=True, color=UNKNOWN, colorSpace=UNKNOWN, depth=-4.0, filename='stims/wedding-35.3a.mp4', flipHoriz=False, flipVert=False, fps=UNKNOWN, interpolate=True, loop=False, name='vid3', noAudio=False, opacity=1.0, ori=0, pos=array([0., 0.]), size=array([1280.,  720.]), units='pix', vframe_callback=UNKNOWN, volume=UNKNOWN, win=Window(...))
31.4785 	EXP 	Created vid4 = MovieStim3(__class__=<class 'psychopy.visual.movie3.MovieStim3'>, autoLog=True, color=UNKNOWN, colorSpace=UNKNOWN, depth=-5.0, filename='stims/wedding-35.4b.mp4', flipHoriz=False, flipVert=False, fps=UNKNOWN, interpolate=True, loop=False, name='vid4', noAudio=False, opacity=1.0, ori=0, pos=array([0., 0.]), size=array([1280.,  720.]), units='pix', vframe_callback=UNKNOWN, volume=UNKNOWN, win=Window(...))
31.9074 	EXP 	Created vid5 = MovieStim3(__class__=<class 'psychopy.visual.movie3.MovieStim3'>, autoLog=True, color=UNKNOWN, colorSpace=UNKNOWN, depth=-6.0, filename='stims/wedding-35.5.mp4', flipHoriz=False, flipVert=False, fps=UNKNOWN, interpolate=True, loop=False, name='vid5', noAudio=False, opacity=1.0, ori=0, pos=array([0., 0.]), size=array([1280.,  720.]), units='pix', vframe_callback=UNKNOWN, volume=UNKNOWN, win=Window(...))
31.9522 	EXP 	Created sequence: random, trialTypes=1, nReps=1, seed=None
31.9526 	EXP 	New trial (rep=0, index=0): None
32.4288 	EXP 	Created vid1a_q = MovieStim3(__class__=<class 'psychopy.visual.movie3.MovieStim3'>, autoLog=True, color=UNKNOWN, colorSpace=UNKNOWN, depth=-1.0, filename='stims/wedding-35.1a.mp4', flipHoriz=False, flipVert=False, fps=UNKNOWN, interpolate=True, loop=False, name='vid1a_q', noAudio=False, opacity=1.0, ori=0, pos=array([0., 0.]), size=array([1280.,  720.]), units='pix', vframe_callback=UNKNOWN, volume=UNKNOWN, win=Window(...))
32.7956 	EXP 	Created vid1b_q = MovieStim3(__class__=<class 'psychopy.visual.movie3.MovieStim3'>, autoLog=True, color=UNKNOWN, colorSpace=UNKNOWN, depth=-2.0, filename='stims/wedding-35.1b.mp4', flipHoriz=False, flipVert=False, fps=UNKNOWN, interpolate=True, loop=False, name='vid1b_q', noAudio=False, opacity=1.0, ori=0, pos=array([0., 0.]), size=array([1280.,  720.]), units='pix', vframe_callback=UNKNOWN, volume=UNKNOWN, win=Window(...))
33.1994 	EXP 	Created vid2_q = MovieStim3(__class__=<class 'psychopy.visual.movie3.MovieStim3'>, autoLog=True, color=UNKNOWN, colorSpace=UNKNOWN, depth=-3.0, filename='stims/wedding-35.2b.mp4', flipHoriz=False, flipVert=False, fps=UNKNOWN, interpolate=True, loop=False, name='vid2_q', noAudio=False, opacity=1.0, ori=0, pos=array([0., 0.]), size=array([1280.,  720.]), units='pix', vframe_callback=UNKNOWN, volume=UNKNOWN, win=Window(...))
33.6547 	EXP 	Created vid3_q = MovieStim3(__class__=<class 'psychopy.visual.movie3.MovieStim3'>, autoLog=True, color=UNKNOWN, colorSpace=UNKNOWN, depth=-5.0, filename='stims/wedding-35.3a.mp4', flipHoriz=False, flipVert=False, fps=UNKNOWN, interpolate=True, loop=False, name='vid3_q', noAudio=False, opacity=1.0, ori=0, pos=array([0., 0.]), size=array([1280.,  720.]), units='pix', vframe_callback=UNKNOWN, volume=UNKNOWN, win=Window(...))
34.1054 	EXP 	Created vid4_q = MovieStim3(__class__=<class 'psychopy.visual.movie3.MovieStim3'>, autoLog=True, color=UNKNOWN, colorSpace=UNKNOWN, depth=-7.0, filename='stims/wedding-35.4b.mp4', flipHoriz=False, flipVert=False, fps=UNKNOWN, interpolate=True, loop=False, name='vid4_q', noAudio=False, opacity=1.0, ori=0, pos=array([0., 0.]), size=array([1280.,  720.]), units='pix', vframe_callback=UNKNOWN, volume=UNKNOWN, win=Window(...))
34.4985 	EXP 	Created vid5_q = MovieStim3(__class__=<class 'psychopy.visual.movie3.MovieStim3'>, autoLog=True, color=UNKNOWN, colorSpace=UNKNOWN, depth=-8.0, filename='stims/wedding-35.5.mp4', flipHoriz=False, flipVert=False, fps=UNKNOWN, interpolate=True, loop=False, name='vid5_q', noAudio=False, opacity=1.0, ori=0, pos=array([0., 0.]), size=array([1280.,  720.]), units='pix', vframe_callback=UNKNOWN, volume=UNKNOWN, win=Window(...))
34.4990 	EXP 	window1: recordFrameIntervals = False
34.5030 	DATA 	Keypress: equal
34.5054 	DATA 	Keypress: equal
34.5074 	DATA 	Keypress: equal
34.5178 	EXP 	image_2: autoDraw = False
34.5178 	EXP 	vid1a: movie = 'stims/wedding-35.1a.mp4'
34.5178 	EXP 	vid1a: autoLog = True
34.5178 	EXP 	vid1b: movie = 'stims/wedding-35.1b.mp4'
34.5178 	EXP 	vid1b: autoLog = True
34.5178 	EXP 	vid2: movie = 'stims/wedding-35.2b.mp4'
34.5178 	EXP 	vid2: autoLog = True
34.5178 	EXP 	vid3: movie = 'stims/wedding-35.3a.mp4'
34.5178 	EXP 	vid3: autoLog = True
34.5178 	EXP 	vid4: movie = 'stims/wedding-35.4b.mp4'
34.5178 	EXP 	vid4: autoLog = True
34.5178 	EXP 	vid5: movie = 'stims/wedding-35.5.mp4'
34.5178 	EXP 	vid5: autoLog = True
34.5178 	EXP 	vid1a: autoDraw = False
34.5178 	EXP 	vid1b: autoDraw = False
34.5178 	EXP 	vid2: autoDraw = False
34.5178 	EXP 	vid3: autoDraw = False
34.5178 	EXP 	vid4: autoDraw = False
34.5178 	EXP 	vid5: autoDraw = False
34.5178 	EXP 	image: autoDraw = False
34.5178 	EXP 	vid1a_q: movie = 'stims/wedding-35.1a.mp4'
34.5178 	EXP 	vid1a_q: autoLog = True
34.5178 	EXP 	vid1b_q: movie = 'stims/wedding-35.1b.mp4'
34.5178 	EXP 	vid1b_q: autoLog = True
34.5178 	EXP 	vid2_q: movie = 'stims/wedding-35.2b.mp4'
34.5178 	EXP 	vid2_q: autoLog = True
34.5178 	EXP 	vid3_q: movie = 'stims/wedding-35.3a.mp4'
34.5178 	EXP 	vid3_q: autoLog = True
34.5178 	EXP 	vid4_q: movie = 'stims/wedding-35.4b.mp4'
34.5178 	EXP 	vid4_q: autoLog = True
34.5178 	EXP 	vid5_q: movie = 'stims/wedding-35.5.mp4'
34.5178 	EXP 	vid5_q: autoLog = True
37.0933 	EXP 	window1: recordFrameIntervals = False
38.7870 	DATA 	Keypress: equal
38.7897 	DATA 	Keypress: equal
38.7919 	DATA 	Keypress: equal
39.0018 	EXP 	vid1a_q: movie = 'stims/wedding-35.1a.mp4'
39.0018 	EXP 	vid1b_q: movie = 'stims/wedding-35.1b.mp4'
39.0018 	EXP 	vid2_q: movie = 'stims/wedding-35.2b.mp4'
39.0018 	EXP 	vid3_q: movie = 'stims/wedding-35.3a.mp4'
39.0018 	EXP 	vid4_q: movie = 'stims/wedding-35.4b.mp4'
39.0018 	EXP 	vid5_q: movie = 'stims/wedding-35.5.mp4'
39.0018 	EXP 	reveal: image = 'south.png'
39.0182 	EXP 	vid1a_q: autoDraw = True
39.0182 	EXP 	reveal: autoDraw = True
39.0182 	EXP 	reveal: autoDraw = False
39.1194 	DATA 	Keypress: equal
40.6265 	DATA 	Keypress: equal
42.1196 	DATA 	Keypress: equal
43.6197 	DATA 	Keypress: equal
45.1198 	DATA 	Keypress: equal
46.6245 	DATA 	Keypress: equal
48.1200 	DATA 	Keypress: equal
49.6480 	DATA 	Keypress: equal
51.1202 	DATA 	Keypress: equal
52.6200 	DATA 	Keypress: equal
54.1205 	DATA 	Keypress: equal
55.6198 	DATA 	Keypress: equal
57.1202 	DATA 	Keypress: equal
58.6201 	DATA 	Keypress: equal
60.1199 	DATA 	Keypress: equal
61.6199 	DATA 	Keypress: equal
61.9679 	EXP 	vid1a_q: autoDraw = False
61.9837 	EXP 	vid1b_q: autoDraw = True
63.1238 	DATA 	Keypress: equal
64.6243 	DATA 	Keypress: equal
66.1198 	DATA 	Keypress: equal
67.6197 	DATA 	Keypress: equal
69.1186 	DATA 	Keypress: equal
70.6193 	DATA 	Keypress: equal
70.6512 	EXP 	Set vid1b_q finished
70.9846 	EXP 	vid2_q: autoDraw = True
72.1188 	DATA 	Keypress: equal
73.6186 	DATA 	Keypress: equal
75.1192 	DATA 	Keypress: equal
76.6187 	DATA 	Keypress: equal
78.1188 	DATA 	Keypress: equal
79.6190 	DATA 	Keypress: equal
81.1190 	DATA 	Keypress: equal
82.6214 	DATA 	Keypress: equal
84.1211 	DATA 	Keypress: equal
85.6215 	DATA 	Keypress: equal
87.1194 	DATA 	Keypress: equal
87.9715 	EXP 	vid2_q: autoDraw = False
87.9833 	EXP 	l2q: autoDraw = True
88.6239 	DATA 	Keypress: equal
90.1233 	DATA 	Keypress: equal
90.3349 	DATA 	Keypress: 2
91.6231 	DATA 	Keypress: equal
91.9708 	EXP 	l2q: autoDraw = False
91.9840 	EXP 	vid3_q: autoDraw = True
93.1188 	DATA 	Keypress: equal
94.6190 	DATA 	Keypress: equal
96.1186 	DATA 	Keypress: equal
97.6471 	DATA 	Keypress: equal
99.1191 	DATA 	Keypress: equal
100.6190 	DATA 	Keypress: equal
102.1191 	DATA 	Keypress: equal
103.6189 	DATA 	Keypress: equal
105.1191 	DATA 	Keypress: equal
106.6190 	DATA 	Keypress: equal
108.1194 	DATA 	Keypress: equal
109.6156 	DATA 	Keypress: equal
111.1190 	DATA 	Keypress: equal
112.6187 	DATA 	Keypress: equal
114.1191 	DATA 	Keypress: equal
114.9706 	EXP 	vid3_q: autoDraw = False
114.9835 	EXP 	l3q: autoDraw = True
115.6238 	DATA 	Keypress: equal
116.4728 	DATA 	Keypress: 1
117.1237 	DATA 	Keypress: equal
118.6185 	DATA 	Keypress: equal
118.9661 	EXP 	l3q: autoDraw = False
118.9835 	EXP 	vid4_q: autoDraw = True
120.1188 	DATA 	Keypress: equal
121.6201 	DATA 	Keypress: equal
123.1190 	DATA 	Keypress: equal
124.6200 	DATA 	Keypress: equal
126.1190 	DATA 	Keypress: equal
127.6243 	DATA 	Keypress: equal
129.1160 	DATA 	Keypress: equal
130.6192 	DATA 	Keypress: equal
132.1190 	DATA 	Keypress: equal
133.6192 	DATA 	Keypress: equal
135.1145 	DATA 	Keypress: equal
136.6194 	DATA 	Keypress: equal
138.1195 	DATA 	Keypress: equal
139.6184 	DATA 	Keypress: equal
141.1191 	DATA 	Keypress: equal
141.8997 	EXP 	Set vid4_q finished
142.6222 	DATA 	Keypress: equal
142.9838 	EXP 	vid5_q: autoDraw = True
144.1190 	DATA 	Keypress: equal
145.6185 	DATA 	Keypress: equal
147.1194 	DATA 	Keypress: equal
148.6136 	DATA 	Keypress: equal
150.1190 	DATA 	Keypress: equal
151.6182 	DATA 	Keypress: equal
153.1183 	DATA 	Keypress: equal
154.6185 	DATA 	Keypress: equal
155.3001 	EXP 	Set vid5_q finished
155.4534 	EXP 	window1: recordFrameIntervals = False
155.4662 	EXP 	vid1a_q: autoDraw = False
155.4662 	EXP 	vid1b_q: autoDraw = False
155.4662 	EXP 	vid2_q: autoDraw = False
155.4662 	EXP 	l2q: autoDraw = False
155.4662 	EXP 	vid3_q: autoDraw = False
155.4662 	EXP 	l3q: autoDraw = False
155.4662 	EXP 	vid4_q: autoDraw = False
155.4662 	EXP 	vid5_q: autoDraw = False
155.4662 	EXP 	reveal: autoDraw = False
155.6766 	EXP 	window1: recordFrameIntervals = False
157.2400 	DATA 	Keypress: equal
157.4668 	EXP 	eggPainting1: image = 'stimsday1details/newpainting10.png'
157.4668 	EXP 	eggPainting2: image = 'stimsday1details/painting35.png'
157.4668 	EXP 	character1: image = 'stimsday1details/newperson22.png'
157.4668 	EXP 	character2: image = 'stimsday1details/couple35.png'
157.4668 	EXP 	gift1: image = 'stimsday1details/gift35.png'
157.4668 	EXP 	gift2: image = 'stimsday1details/new22.png'
157.4668 	EXP 	themeQ1: image = 'stimsday1details/t35.png'
157.4668 	EXP 	themeQ2: image = 'stimsday1details/ct35.png'
157.4668 	EXP 	nameQ1: image = 'stimsday1details/n35.png'
157.4668 	EXP 	nameQ2: image = 'stimsday1details/cn35.png'
157.4668 	EXP 	nameQ1: autoDraw = True
157.4668 	EXP 	nameQ2: autoDraw = True
157.6184 	DATA 	Keypress: equal
158.3185 	DATA 	Keypress: 1
159.1183 	DATA 	Keypress: equal
159.4499 	EXP 	nameQ1: autoDraw = False
159.4499 	EXP 	nameQ2: autoDraw = False
159.4499 	EXP 	nameQ1: autoDraw = False
159.4499 	EXP 	nameQ2: autoDraw = False
159.4499 	EXP 	eggPainting1: autoDraw = True
159.4499 	EXP 	eggPainting2: autoDraw = True
160.6178 	DATA 	Keypress: equal
160.6357 	DATA 	Keypress: 2
161.4535 	EXP 	eggPainting1: autoDraw = False
161.4535 	EXP 	eggPainting2: autoDraw = False
161.4535 	EXP 	eggPainting1: autoDraw = False
161.4535 	EXP 	eggPainting2: autoDraw = False
161.4535 	EXP 	character1: autoDraw = True
161.4535 	EXP 	character2: autoDraw = True
162.1178 	DATA 	Keypress: equal
162.3341 	DATA 	Keypress: 2
163.4497 	EXP 	character1: autoDraw = False
163.4497 	EXP 	character2: autoDraw = False
163.4497 	EXP 	character1: autoDraw = False
163.4497 	EXP 	character2: autoDraw = False
163.4497 	EXP 	themeQ1: autoDraw = True
163.4497 	EXP 	themeQ2: autoDraw = True
163.6216 	DATA 	Keypress: equal
164.5713 	DATA 	Keypress: 1
165.1218 	DATA 	Keypress: equal
165.4493 	EXP 	themeQ1: autoDraw = False
165.4493 	EXP 	themeQ2: autoDraw = False
165.4493 	EXP 	themeQ1: autoDraw = False
165.4493 	EXP 	themeQ2: autoDraw = False
165.4493 	EXP 	gift1: autoDraw = True
165.4493 	EXP 	gift2: autoDraw = True
166.3385 	DATA 	Keypress: 1
166.6174 	DATA 	Keypress: equal
167.4581 	EXP 	gift1: autoDraw = False
167.4581 	EXP 	gift2: autoDraw = False
167.4581 	EXP 	gift1: autoDraw = False
167.4581 	EXP 	gift2: autoDraw = False
167.4581 	EXP 	northorsouth1: autoDraw = True
167.4581 	EXP 	northorsouth2: autoDraw = True
168.0890 	DATA 	Keypress: 2
168.1223 	DATA 	Keypress: equal
169.6162 	EXP 	New trial (rep=0, index=1): OrderedDict([('condsFile', 'videoBlock_schemaS_pathA_5.csv')])
169.6289 	EXP 	Imported videoBlock_schemaS_pathA_5.csv as conditions, 1 conditions, 17 params
169.6294 	EXP 	Created sequence: random, trialTypes=1, nReps=1, seed=None
169.6301 	EXP 	New trial (rep=0, index=0): OrderedDict([('northOrSouth', 'south.png'), ('stimFile1a', 'stims/wedding-26.1a.mp4'), ('stimFile1b', 'stims/wedding-26.1b.mp4'), ('stimFile2', 'stims/wedding-26.2a.mp4'), ('stimFile3', 'stims/wedding-26.3b.mp4'), ('stimFile4', 'stims/wedding-26.4a.mp4'), ('stimFile5', 'stims/wedding-26.5.mp4'), ('QeggPainting1', 'stimsday1details/egg26.png'), ('Qcharacter1', 'stimsday1details/couple26.png'), ('Qgift1', 'stimsday1details/gift26.png'), ('QeggPainting2', 'stimsday1details/newegg11.png'), ('Qcharacter2', 'stimsday1details/newperson11.png'), ('Qgift2', 'stimsday1details/new11.png'), ('Qname1', 'stimsday1details/cn26.png'), ('Qtheme1', 'stimsday1details/ct26.png'), ('Qname2', 'stimsday1details/n26.png'), ('Qtheme2', 'stimsday1details/t26.png')])
169.6325 	DATA 	Keypress: equal
169.6371 	EXP 	northorsouth1: autoDraw = False
169.6371 	EXP 	northorsouth2: autoDraw = False
169.6371 	EXP 	northorsouth1: autoDraw = False
169.6371 	EXP 	northorsouth2: autoDraw = False
169.6371 	EXP 	image_2: autoDraw = True
171.1262 	DATA 	Keypress: equal
171.6265 	EXP 	Created sequence: random, trialTypes=1, nReps=1, seed=None
171.6268 	EXP 	New trial (rep=0, index=0): None
172.1304 	EXP 	Created vid1a = MovieStim3(__class__=<class 'psychopy.visual.movie3.MovieStim3'>, autoLog=True, color=UNKNOWN, colorSpace=UNKNOWN, depth=-1.0, filename='stims/wedding-26.1a.mp4', flipHoriz=False, flipVert=False, fps=UNKNOWN, interpolate=True, loop=False, name='vid1a', noAudio=False, opacity=1.0, ori=0, pos=array([0., 0.]), size=array([1280.,  720.]), units='pix', vframe_callback=UNKNOWN, volume=UNKNOWN, win=Window(...))
172.5291 	EXP 	Created vid1b = MovieStim3(__class__=<class 'psychopy.visual.movie3.MovieStim3'>, autoLog=True, color=UNKNOWN, colorSpace=UNKNOWN, depth=-2.0, filename='stims/wedding-26.1b.mp4', flipHoriz=False, flipVert=False, fps=UNKNOWN, interpolate=True, loop=False, name='vid1b', noAudio=False, opacity=1.0, ori=0, pos=array([0., 0.]), size=array([1280.,  720.]), units='pix', vframe_callback=UNKNOWN, volume=UNKNOWN, win=Window(...))
173.0264 	EXP 	Created vid2 = MovieStim3(__class__=<class 'psychopy.visual.movie3.MovieStim3'>, autoLog=True, color=UNKNOWN, colorSpace=UNKNOWN, depth=-3.0, filename='stims/wedding-26.2a.mp4', flipHoriz=False, flipVert=False, fps=UNKNOWN, interpolate=True, loop=False, name='vid2', noAudio=False, opacity=1.0, ori=0, pos=array([0., 0.]), size=array([1280.,  720.]), units='pix', vframe_callback=UNKNOWN, volume=UNKNOWN, win=Window(...))
173.6218 	EXP 	Created vid3 = MovieStim3(__class__=<class 'psychopy.visual.movie3.MovieStim3'>, autoLog=True, color=UNKNOWN, colorSpace=UNKNOWN, depth=-4.0, filename='stims/wedding-26.3b.mp4', flipHoriz=False, flipVert=False, fps=UNKNOWN, interpolate=True, loop=False, name='vid3', noAudio=False, opacity=1.0, ori=0, pos=array([0., 0.]), size=array([1280.,  720.]), units='pix', vframe_callback=UNKNOWN, volume=UNKNOWN, win=Window(...))
174.2084 	EXP 	Created vid4 = MovieStim3(__class__=<class 'psychopy.visual.movie3.MovieStim3'>, autoLog=True, color=UNKNOWN, colorSpace=UNKNOWN, depth=-5.0, filename='stims/wedding-26.4a.mp4', flipHoriz=False, flipVert=False, fps=UNKNOWN, interpolate=True, loop=False, name='vid4', noAudio=False, opacity=1.0, ori=0, pos=array([0., 0.]), size=array([1280.,  720.]), units='pix', vframe_callback=UNKNOWN, volume=UNKNOWN, win=Window(...))
174.6338 	EXP 	Created vid5 = MovieStim3(__class__=<class 'psychopy.visual.movie3.MovieStim3'>, autoLog=True, color=UNKNOWN, colorSpace=UNKNOWN, depth=-6.0, filename='stims/wedding-26.5.mp4', flipHoriz=False, flipVert=False, fps=UNKNOWN, interpolate=True, loop=False, name='vid5', noAudio=False, opacity=1.0, ori=0, pos=array([0., 0.]), size=array([1280.,  720.]), units='pix', vframe_callback=UNKNOWN, volume=UNKNOWN, win=Window(...))
174.7532 	EXP 	window1: recordFrameIntervals = False
174.7567 	DATA 	Keypress: equal
174.7590 	DATA 	Keypress: equal
174.7663 	EXP 	image_2: autoDraw = False
174.7663 	EXP 	image_2: autoDraw = False
174.7663 	EXP 	vid1a: movie = 'stims/wedding-26.1a.mp4'
174.7663 	EXP 	vid1a: autoLog = True
174.7663 	EXP 	vid1b: movie = 'stims/wedding-26.1b.mp4'
174.7663 	EXP 	vid1b: autoLog = True
174.7663 	EXP 	vid2: movie = 'stims/wedding-26.2a.mp4'
174.7663 	EXP 	vid2: autoLog = True
174.7663 	EXP 	vid3: movie = 'stims/wedding-26.3b.mp4'
174.7663 	EXP 	vid3: autoLog = True
174.7663 	EXP 	vid4: movie = 'stims/wedding-26.4a.mp4'
174.7663 	EXP 	vid4: autoLog = True
174.7663 	EXP 	vid5: movie = 'stims/wedding-26.5.mp4'
174.7663 	EXP 	vid5: autoLog = True
177.5136 	EXP 	window1: recordFrameIntervals = False
179.0406 	DATA 	Keypress: equal
179.0431 	DATA 	Keypress: equal
179.0457 	DATA 	Keypress: equal
179.2491 	EXP 	vid1a: movie = 'stims/wedding-26.1a.mp4'
179.2491 	EXP 	vid1b: movie = 'stims/wedding-26.1b.mp4'
179.2491 	EXP 	vid2: movie = 'stims/wedding-26.2a.mp4'
179.2491 	EXP 	vid3: movie = 'stims/wedding-26.3b.mp4'
179.2491 	EXP 	vid4: movie = 'stims/wedding-26.4a.mp4'
179.2491 	EXP 	vid5: movie = 'stims/wedding-26.5.mp4'
179.2491 	EXP 	image: image = 'south.png'
179.2653 	EXP 	vid1a: autoDraw = True
179.2653 	EXP 	image: autoDraw = True
179.2653 	EXP 	image: autoDraw = False
180.1144 	DATA 	Keypress: equal
181.6122 	DATA 	Keypress: equal
183.1185 	DATA 	Keypress: equal
184.6187 	DATA 	Keypress: equal
186.1184 	DATA 	Keypress: equal
187.6181 	DATA 	Keypress: equal
189.1181 	DATA 	Keypress: equal
190.6182 	DATA 	Keypress: equal
192.1185 	DATA 	Keypress: equal
193.6172 	DATA 	Keypress: equal
195.1173 	DATA 	Keypress: equal
196.6181 	DATA 	Keypress: equal
198.1188 	DATA 	Keypress: equal
199.6221 	DATA 	Keypress: equal
201.1170 	DATA 	Keypress: equal
201.2817 	EXP 	Set vid1a finished
201.6488 	EXP 	vid1b: autoDraw = True
202.6172 	DATA 	Keypress: equal
204.1228 	DATA 	Keypress: equal
205.6220 	DATA 	Keypress: equal
207.1224 	DATA 	Keypress: equal
208.6173 	DATA 	Keypress: equal
210.1174 	DATA 	Keypress: equal
210.6316 	EXP 	vid1b: autoDraw = False
210.6485 	EXP 	vid2: autoDraw = True
211.6221 	DATA 	Keypress: equal
213.1172 	DATA 	Keypress: equal
214.6175 	DATA 	Keypress: equal
216.1176 	DATA 	Keypress: equal
217.6167 	DATA 	Keypress: equal
219.1219 	DATA 	Keypress: equal
220.6178 	DATA 	Keypress: equal
222.1123 	DATA 	Keypress: equal
223.6177 	DATA 	Keypress: equal
225.1180 	DATA 	Keypress: equal
226.4657 	EXP 	Set vid2 finished
226.6173 	DATA 	Keypress: equal
227.6483 	EXP 	vid3: autoDraw = True
228.1173 	DATA 	Keypress: equal
229.6217 	DATA 	Keypress: equal
231.1178 	DATA 	Keypress: equal
232.6446 	DATA 	Keypress: equal
234.1169 	DATA 	Keypress: equal
235.6170 	DATA 	Keypress: equal
237.1178 	DATA 	Keypress: equal
238.6174 	DATA 	Keypress: equal
240.1174 	DATA 	Keypress: equal
241.6115 	DATA 	Keypress: equal
243.1117 	DATA 	Keypress: equal
244.6093 	DATA 	Keypress: equal
246.1173 	DATA 	Keypress: equal
247.6125 	DATA 	Keypress: equal
249.1171 	DATA 	Keypress: equal
250.6178 	DATA 	Keypress: equal
250.6369 	EXP 	vid3: autoDraw = False
250.6481 	EXP 	vid4: autoDraw = True
252.1166 	DATA 	Keypress: equal
253.6221 	DATA 	Keypress: equal
255.1180 	DATA 	Keypress: equal
256.6173 	DATA 	Keypress: equal
258.1178 	DATA 	Keypress: equal
259.6121 	DATA 	Keypress: equal
261.1174 	DATA 	Keypress: equal
262.6114 	DATA 	Keypress: equal
264.1179 	DATA 	Keypress: equal
265.6176 	DATA 	Keypress: equal
267.1177 	DATA 	Keypress: equal
268.6172 	DATA 	Keypress: equal
270.1169 	DATA 	Keypress: equal
271.6170 	DATA 	Keypress: equal
273.1162 	DATA 	Keypress: equal
274.6175 	DATA 	Keypress: equal
274.6357 	EXP 	vid4: autoDraw = False
274.6487 	EXP 	vid5: autoDraw = True
276.1163 	DATA 	Keypress: equal
277.6219 	DATA 	Keypress: equal
279.1216 	DATA 	Keypress: equal
280.6085 	DATA 	Keypress: equal
282.1115 	DATA 	Keypress: equal
283.6164 	DATA 	Keypress: equal
285.1165 	DATA 	Keypress: equal
286.6124 	DATA 	Keypress: equal
287.2653 	EXP 	Set vid5 finished
287.3930 	EXP 	Created sequence: random, trialTypes=1, nReps=1, seed=None
287.3933 	EXP 	New trial (rep=0, index=0): None
287.8639 	EXP 	Created vid1a_q = MovieStim3(__class__=<class 'psychopy.visual.movie3.MovieStim3'>, autoLog=True, color=UNKNOWN, colorSpace=UNKNOWN, depth=-1.0, filename='stims/wedding-26.1a.mp4', flipHoriz=False, flipVert=False, fps=UNKNOWN, interpolate=True, loop=False, name='vid1a_q', noAudio=False, opacity=1.0, ori=0, pos=array([0., 0.]), size=array([1280.,  720.]), units='pix', vframe_callback=UNKNOWN, volume=UNKNOWN, win=Window(...))
288.2357 	EXP 	Created vid1b_q = MovieStim3(__class__=<class 'psychopy.visual.movie3.MovieStim3'>, autoLog=True, color=UNKNOWN, colorSpace=UNKNOWN, depth=-2.0, filename='stims/wedding-26.1b.mp4', flipHoriz=False, flipVert=False, fps=UNKNOWN, interpolate=True, loop=False, name='vid1b_q', noAudio=False, opacity=1.0, ori=0, pos=array([0., 0.]), size=array([1280.,  720.]), units='pix', vframe_callback=UNKNOWN, volume=UNKNOWN, win=Window(...))
288.6870 	EXP 	Created vid2_q = MovieStim3(__class__=<class 'psychopy.visual.movie3.MovieStim3'>, autoLog=True, color=UNKNOWN, colorSpace=UNKNOWN, depth=-3.0, filename='stims/wedding-26.2a.mp4', flipHoriz=False, flipVert=False, fps=UNKNOWN, interpolate=True, loop=False, name='vid2_q', noAudio=False, opacity=1.0, ori=0, pos=array([0., 0.]), size=array([1280.,  720.]), units='pix', vframe_callback=UNKNOWN, volume=UNKNOWN, win=Window(...))
289.2151 	EXP 	Created vid3_q = MovieStim3(__class__=<class 'psychopy.visual.movie3.MovieStim3'>, autoLog=True, color=UNKNOWN, colorSpace=UNKNOWN, depth=-5.0, filename='stims/wedding-26.3b.mp4', flipHoriz=False, flipVert=False, fps=UNKNOWN, interpolate=True, loop=False, name='vid3_q', noAudio=False, opacity=1.0, ori=0, pos=array([0., 0.]), size=array([1280.,  720.]), units='pix', vframe_callback=UNKNOWN, volume=UNKNOWN, win=Window(...))
289.7492 	EXP 	Created vid4_q = MovieStim3(__class__=<class 'psychopy.visual.movie3.MovieStim3'>, autoLog=True, color=UNKNOWN, colorSpace=UNKNOWN, depth=-7.0, filename='stims/wedding-26.4a.mp4', flipHoriz=False, flipVert=False, fps=UNKNOWN, interpolate=True, loop=False, name='vid4_q', noAudio=False, opacity=1.0, ori=0, pos=array([0., 0.]), size=array([1280.,  720.]), units='pix', vframe_callback=UNKNOWN, volume=UNKNOWN, win=Window(...))
290.1285 	EXP 	Created vid5_q = MovieStim3(__class__=<class 'psychopy.visual.movie3.MovieStim3'>, autoLog=True, color=UNKNOWN, colorSpace=UNKNOWN, depth=-8.0, filename='stims/wedding-26.5.mp4', flipHoriz=False, flipVert=False, fps=UNKNOWN, interpolate=True, loop=False, name='vid5_q', noAudio=False, opacity=1.0, ori=0, pos=array([0., 0.]), size=array([1280.,  720.]), units='pix', vframe_callback=UNKNOWN, volume=UNKNOWN, win=Window(...))
290.2906 	EXP 	window1: recordFrameIntervals = False
290.2942 	DATA 	Keypress: equal
290.2965 	DATA 	Keypress: equal
290.3143 	EXP 	vid1a: autoDraw = False
290.3143 	EXP 	vid1b: autoDraw = False
290.3143 	EXP 	vid2: autoDraw = False
290.3143 	EXP 	vid3: autoDraw = False
290.3143 	EXP 	vid4: autoDraw = False
290.3143 	EXP 	vid5: autoDraw = False
290.3143 	EXP 	image: autoDraw = False
290.3143 	EXP 	vid1a_q: movie = 'stims/wedding-26.1a.mp4'
290.3143 	EXP 	vid1a_q: autoLog = True
290.3143 	EXP 	vid1b_q: movie = 'stims/wedding-26.1b.mp4'
290.3143 	EXP 	vid1b_q: autoLog = True
290.3143 	EXP 	vid2_q: movie = 'stims/wedding-26.2a.mp4'
290.3143 	EXP 	vid2_q: autoLog = True
290.3143 	EXP 	vid3_q: movie = 'stims/wedding-26.3b.mp4'
290.3143 	EXP 	vid3_q: autoLog = True
290.3143 	EXP 	vid4_q: movie = 'stims/wedding-26.4a.mp4'
290.3143 	EXP 	vid4_q: autoLog = True
290.3143 	EXP 	vid5_q: movie = 'stims/wedding-26.5.mp4'
290.3143 	EXP 	vid5_q: autoLog = True
290.3143 	EXP 	vid1a_q: autoDraw = False
290.3143 	EXP 	vid1b_q: autoDraw = False
290.3143 	EXP 	vid2_q: autoDraw = False
290.3143 	EXP 	l2q: autoDraw = False
290.3143 	EXP 	vid3_q: autoDraw = False
290.3143 	EXP 	l3q: autoDraw = False
290.3143 	EXP 	vid4_q: autoDraw = False
290.3143 	EXP 	vid5_q: autoDraw = False
290.3143 	EXP 	reveal: autoDraw = False
290.4990 	EXP 	window1: recordFrameIntervals = False
292.0762 	DATA 	Keypress: equal
292.2981 	EXP 	eggPainting1: image = 'stimsday1details/egg26.png'
292.2981 	EXP 	eggPainting2: image = 'stimsday1details/newegg11.png'
292.2981 	EXP 	character1: image = 'stimsday1details/couple26.png'
292.2981 	EXP 	character2: image = 'stimsday1details/newperson11.png'
292.2981 	EXP 	gift1: image = 'stimsday1details/gift26.png'
292.2981 	EXP 	gift2: image = 'stimsday1details/new11.png'
292.2981 	EXP 	themeQ1: image = 'stimsday1details/ct26.png'
292.2981 	EXP 	themeQ2: image = 'stimsday1details/t26.png'
292.2981 	EXP 	nameQ1: image = 'stimsday1details/cn26.png'
292.2981 	EXP 	nameQ2: image = 'stimsday1details/n26.png'
292.2981 	EXP 	nameQ1: autoDraw = True
292.2981 	EXP 	nameQ2: autoDraw = True
292.6204 	DATA 	Keypress: equal
293.4037 	DATA 	Keypress: 2
294.1249 	DATA 	Keypress: equal
294.2856 	EXP 	nameQ1: autoDraw = False
294.2856 	EXP 	nameQ2: autoDraw = False
294.2856 	EXP 	nameQ1: autoDraw = False
294.2856 	EXP 	nameQ2: autoDraw = False
294.2856 	EXP 	eggPainting1: autoDraw = True
294.2856 	EXP 	eggPainting2: autoDraw = True
295.6264 	DATA 	Keypress: equal
295.9372 	DATA 	Keypress: 1
296.2857 	EXP 	eggPainting1: autoDraw = False
296.2857 	EXP 	eggPainting2: autoDraw = False
296.2857 	EXP 	eggPainting1: autoDraw = False
296.2857 	EXP 	eggPainting2: autoDraw = False
296.2857 	EXP 	character1: autoDraw = True
296.2857 	EXP 	character2: autoDraw = True
297.1212 	DATA 	Keypress: equal
297.1226 	DATA 	Keypress: 1
298.2855 	EXP 	character1: autoDraw = False
298.2855 	EXP 	character2: autoDraw = False
298.2855 	EXP 	character1: autoDraw = False
298.2855 	EXP 	character2: autoDraw = False
298.2855 	EXP 	themeQ1: autoDraw = True
298.2855 	EXP 	themeQ2: autoDraw = True
298.6156 	DATA 	Keypress: equal
298.9362 	DATA 	Keypress: 2
300.1157 	DATA 	Keypress: equal
300.2855 	EXP 	themeQ1: autoDraw = False
300.2855 	EXP 	themeQ2: autoDraw = False
300.2855 	EXP 	themeQ1: autoDraw = False
300.2855 	EXP 	themeQ2: autoDraw = False
300.2855 	EXP 	gift1: autoDraw = True
300.2855 	EXP 	gift2: autoDraw = True
301.6156 	DATA 	Keypress: 2
301.6170 	DATA 	Keypress: equal
302.2858 	EXP 	gift1: autoDraw = False
302.2858 	EXP 	gift2: autoDraw = False
302.2858 	EXP 	gift1: autoDraw = False
302.2858 	EXP 	gift2: autoDraw = False
302.2858 	EXP 	northorsouth1: autoDraw = True
302.2858 	EXP 	northorsouth2: autoDraw = True
303.1154 	DATA 	Keypress: equal
303.1371 	DATA 	Keypress: 2
304.4753 	EXP 	New trial (rep=0, index=2): OrderedDict([('condsFile', 'videoBlock_schemaS_pathB_5.csv')])
304.4899 	EXP 	Imported videoBlock_schemaS_pathB_5.csv as conditions, 1 conditions, 17 params
304.4903 	EXP 	Created sequence: random, trialTypes=1, nReps=1, seed=None
304.4911 	EXP 	New trial (rep=0, index=0): OrderedDict([('northOrSouth', 'south.png'), ('stimFile1a', 'stims/wedding-31.1a.mp4'), ('stimFile1b', 'stims/wedding-31.1b.mp4'), ('stimFile2', 'stims/wedding-31.2b.mp4'), ('stimFile3', 'stims/wedding-31.3a.mp4'), ('stimFile4', 'stims/wedding-31.4b.mp4'), ('stimFile5', 'stims/wedding-31.5.mp4'), ('QeggPainting1', 'stimsday1details/painting31.png'), ('Qcharacter1', 'stimsday1details/couple31.png'), ('Qgift1', 'stimsday1details/gift31.png'), ('QeggPainting2', 'stimsday1details/newpainting11.png'), ('Qcharacter2', 'stimsday1details/newperson23.png'), ('Qgift2', 'stimsday1details/new23.png'), ('Qname1', 'stimsday1details/cn31.png'), ('Qtheme1', 'stimsday1details/ct31.png'), ('Qname2', 'stimsday1details/n31.png'), ('Qtheme2', 'stimsday1details/t31.png')])
304.4979 	EXP 	northorsouth1: autoDraw = False
304.4979 	EXP 	northorsouth2: autoDraw = False
304.4979 	EXP 	northorsouth1: autoDraw = False
304.4979 	EXP 	northorsouth2: autoDraw = False
304.4979 	EXP 	image_2: autoDraw = True
304.6165 	DATA 	Keypress: equal
306.1168 	DATA 	Keypress: equal
306.4862 	EXP 	Created sequence: random, trialTypes=1, nReps=1, seed=None
306.4865 	EXP 	New trial (rep=0, index=0): None
306.9811 	EXP 	Created vid1a = MovieStim3(__class__=<class 'psychopy.visual.movie3.MovieStim3'>, autoLog=True, color=UNKNOWN, colorSpace=UNKNOWN, depth=-1.0, filename='stims/wedding-31.1a.mp4', flipHoriz=False, flipVert=False, fps=UNKNOWN, interpolate=True, loop=False, name='vid1a', noAudio=False, opacity=1.0, ori=0, pos=array([0., 0.]), size=array([1280.,  720.]), units='pix', vframe_callback=UNKNOWN, volume=UNKNOWN, win=Window(...))
307.3713 	EXP 	Created vid1b = MovieStim3(__class__=<class 'psychopy.visual.movie3.MovieStim3'>, autoLog=True, color=UNKNOWN, colorSpace=UNKNOWN, depth=-2.0, filename='stims/wedding-31.1b.mp4', flipHoriz=False, flipVert=False, fps=UNKNOWN, interpolate=True, loop=False, name='vid1b', noAudio=False, opacity=1.0, ori=0, pos=array([0., 0.]), size=array([1280.,  720.]), units='pix', vframe_callback=UNKNOWN, volume=UNKNOWN, win=Window(...))
307.8319 	EXP 	Created vid2 = MovieStim3(__class__=<class 'psychopy.visual.movie3.MovieStim3'>, autoLog=True, color=UNKNOWN, colorSpace=UNKNOWN, depth=-3.0, filename='stims/wedding-31.2b.mp4', flipHoriz=False, flipVert=False, fps=UNKNOWN, interpolate=True, loop=False, name='vid2', noAudio=False, opacity=1.0, ori=0, pos=array([0., 0.]), size=array([1280.,  720.]), units='pix', vframe_callback=UNKNOWN, volume=UNKNOWN, win=Window(...))
308.2965 	EXP 	Created vid3 = MovieStim3(__class__=<class 'psychopy.visual.movie3.MovieStim3'>, autoLog=True, color=UNKNOWN, colorSpace=UNKNOWN, depth=-4.0, filename='stims/wedding-31.3a.mp4', flipHoriz=False, flipVert=False, fps=UNKNOWN, interpolate=True, loop=False, name='vid3', noAudio=False, opacity=1.0, ori=0, pos=array([0., 0.]), size=array([1280.,  720.]), units='pix', vframe_callback=UNKNOWN, volume=UNKNOWN, win=Window(...))
308.7760 	EXP 	Created vid4 = MovieStim3(__class__=<class 'psychopy.visual.movie3.MovieStim3'>, autoLog=True, color=UNKNOWN, colorSpace=UNKNOWN, depth=-5.0, filename='stims/wedding-31.4b.mp4', flipHoriz=False, flipVert=False, fps=UNKNOWN, interpolate=True, loop=False, name='vid4', noAudio=False, opacity=1.0, ori=0, pos=array([0., 0.]), size=array([1280.,  720.]), units='pix', vframe_callback=UNKNOWN, volume=UNKNOWN, win=Window(...))
309.1751 	EXP 	Created vid5 = MovieStim3(__class__=<class 'psychopy.visual.movie3.MovieStim3'>, autoLog=True, color=UNKNOWN, colorSpace=UNKNOWN, depth=-6.0, filename='stims/wedding-31.5.mp4', flipHoriz=False, flipVert=False, fps=UNKNOWN, interpolate=True, loop=False, name='vid5', noAudio=False, opacity=1.0, ori=0, pos=array([0., 0.]), size=array([1280.,  720.]), units='pix', vframe_callback=UNKNOWN, volume=UNKNOWN, win=Window(...))
309.2618 	EXP 	window1: recordFrameIntervals = False
309.2651 	DATA 	Keypress: equal
309.2674 	DATA 	Keypress: equal
309.2806 	EXP 	image_2: autoDraw = False
309.2806 	EXP 	image_2: autoDraw = False
309.2806 	EXP 	vid1a: movie = 'stims/wedding-31.1a.mp4'
309.2806 	EXP 	vid1a: autoLog = True
309.2806 	EXP 	vid1b: movie = 'stims/wedding-31.1b.mp4'
309.2806 	EXP 	vid1b: autoLog = True
309.2806 	EXP 	vid2: movie = 'stims/wedding-31.2b.mp4'
309.2806 	EXP 	vid2: autoLog = True
309.2806 	EXP 	vid3: movie = 'stims/wedding-31.3a.mp4'
309.2806 	EXP 	vid3: autoLog = True
309.2806 	EXP 	vid4: movie = 'stims/wedding-31.4b.mp4'
309.2806 	EXP 	vid4: autoLog = True
309.2806 	EXP 	vid5: movie = 'stims/wedding-31.5.mp4'
309.2806 	EXP 	vid5: autoLog = True
311.9351 	EXP 	window1: recordFrameIntervals = False
313.5487 	DATA 	Keypress: equal
313.5512 	DATA 	Keypress: equal
313.6094 	DATA 	Keypress: equal
313.7641 	EXP 	vid1a: movie = 'stims/wedding-31.1a.mp4'
313.7641 	EXP 	vid1b: movie = 'stims/wedding-31.1b.mp4'
313.7641 	EXP 	vid2: movie = 'stims/wedding-31.2b.mp4'
313.7641 	EXP 	vid3: movie = 'stims/wedding-31.3a.mp4'
313.7641 	EXP 	vid4: movie = 'stims/wedding-31.4b.mp4'
313.7641 	EXP 	vid5: movie = 'stims/wedding-31.5.mp4'
313.7641 	EXP 	image: image = 'south.png'
313.7807 	EXP 	vid1a: autoDraw = True
313.7807 	EXP 	image: autoDraw = True
313.7807 	EXP 	image: autoDraw = False
315.1205 	DATA 	Keypress: equal
316.6167 	DATA 	Keypress: equal
318.1157 	DATA 	Keypress: equal
319.6210 	DATA 	Keypress: equal
321.1167 	DATA 	Keypress: equal
322.6154 	DATA 	Keypress: equal
324.1165 	DATA 	Keypress: equal
325.6077 	DATA 	Keypress: equal
327.1384 	DATA 	Keypress: equal
328.6071 	DATA 	Keypress: equal
330.1065 	DATA 	Keypress: equal
331.6170 	DATA 	Keypress: equal
333.1157 	DATA 	Keypress: equal
334.6077 	DATA 	Keypress: equal
336.1080 	DATA 	Keypress: equal
336.5019 	EXP 	vid1a: autoDraw = False
336.5147 	EXP 	vid1b: autoDraw = True
337.6155 	DATA 	Keypress: equal
339.1161 	DATA 	Keypress: equal
340.6202 	DATA 	Keypress: equal
342.1071 	DATA 	Keypress: equal
343.6068 	DATA 	Keypress: equal
345.1106 	DATA 	Keypress: equal
345.5013 	EXP 	vid1b: autoDraw = False
345.5141 	EXP 	vid2: autoDraw = True
346.6206 	DATA 	Keypress: equal
348.1170 	DATA 	Keypress: equal
349.6216 	DATA 	Keypress: equal
351.1211 	DATA 	Keypress: equal
352.6099 	DATA 	Keypress: equal
354.1107 	DATA 	Keypress: equal
355.6056 	DATA 	Keypress: equal
357.1070 	DATA 	Keypress: equal
358.6158 	DATA 	Keypress: equal
360.1079 	DATA 	Keypress: equal
361.6163 	DATA 	Keypress: equal
361.9975 	EXP 	Set vid2 finished
362.5144 	EXP 	vid3: autoDraw = True
363.1159 	DATA 	Keypress: equal
364.6149 	DATA 	Keypress: equal
366.1162 	DATA 	Keypress: equal
367.6150 	DATA 	Keypress: equal
369.1157 	DATA 	Keypress: equal
370.6148 	DATA 	Keypress: equal
372.1056 	DATA 	Keypress: equal
373.6103 	DATA 	Keypress: equal
375.1056 	DATA 	Keypress: equal
376.6073 	DATA 	Keypress: equal
378.1047 	DATA 	Keypress: equal
379.6070 	DATA 	Keypress: equal
381.1053 	DATA 	Keypress: equal
382.6066 	DATA 	Keypress: equal
384.1151 	DATA 	Keypress: equal
385.5009 	EXP 	vid3: autoDraw = False
385.5134 	EXP 	vid4: autoDraw = True
385.6156 	DATA 	Keypress: equal
387.1208 	DATA 	Keypress: equal
388.6146 	DATA 	Keypress: equal
390.1108 	DATA 	Keypress: equal
391.6067 	DATA 	Keypress: equal
393.1059 	DATA 	Keypress: equal
394.6077 	DATA 	Keypress: equal
396.1064 	DATA 	Keypress: equal
397.6061 	DATA 	Keypress: equal
399.1101 	DATA 	Keypress: equal
400.6032 	DATA 	Keypress: equal
402.1054 	DATA 	Keypress: equal
403.6053 	DATA 	Keypress: equal
405.1032 	DATA 	Keypress: equal
406.6151 	DATA 	Keypress: equal
408.1072 	DATA 	Keypress: equal
409.5055 	EXP 	vid4: autoDraw = False
409.5180 	EXP 	vid5: autoDraw = True
409.6033 	DATA 	Keypress: equal
411.1033 	DATA 	Keypress: equal
412.6034 	DATA 	Keypress: equal
414.1065 	DATA 	Keypress: equal
415.6085 	DATA 	Keypress: equal
417.1035 	DATA 	Keypress: equal
418.6033 	DATA 	Keypress: equal
420.1025 	DATA 	Keypress: equal
421.6050 	DATA 	Keypress: equal
421.6634 	EXP 	Set vid5 finished
421.8169 	EXP 	Created sequence: random, trialTypes=1, nReps=1, seed=None
421.8172 	EXP 	New trial (rep=0, index=0): None
422.3016 	EXP 	Created vid1a_q = MovieStim3(__class__=<class 'psychopy.visual.movie3.MovieStim3'>, autoLog=True, color=UNKNOWN, colorSpace=UNKNOWN, depth=-1.0, filename='stims/wedding-31.1a.mp4', flipHoriz=False, flipVert=False, fps=UNKNOWN, interpolate=True, loop=False, name='vid1a_q', noAudio=False, opacity=1.0, ori=0, pos=array([0., 0.]), size=array([1280.,  720.]), units='pix', vframe_callback=UNKNOWN, volume=UNKNOWN, win=Window(...))
422.6833 	EXP 	Created vid1b_q = MovieStim3(__class__=<class 'psychopy.visual.movie3.MovieStim3'>, autoLog=True, color=UNKNOWN, colorSpace=UNKNOWN, depth=-2.0, filename='stims/wedding-31.1b.mp4', flipHoriz=False, flipVert=False, fps=UNKNOWN, interpolate=True, loop=False, name='vid1b_q', noAudio=False, opacity=1.0, ori=0, pos=array([0., 0.]), size=array([1280.,  720.]), units='pix', vframe_callback=UNKNOWN, volume=UNKNOWN, win=Window(...))
423.1348 	EXP 	Created vid2_q = MovieStim3(__class__=<class 'psychopy.visual.movie3.MovieStim3'>, autoLog=True, color=UNKNOWN, colorSpace=UNKNOWN, depth=-3.0, filename='stims/wedding-31.2b.mp4', flipHoriz=False, flipVert=False, fps=UNKNOWN, interpolate=True, loop=False, name='vid2_q', noAudio=False, opacity=1.0, ori=0, pos=array([0., 0.]), size=array([1280.,  720.]), units='pix', vframe_callback=UNKNOWN, volume=UNKNOWN, win=Window(...))
423.5968 	EXP 	Created vid3_q = MovieStim3(__class__=<class 'psychopy.visual.movie3.MovieStim3'>, autoLog=True, color=UNKNOWN, colorSpace=UNKNOWN, depth=-5.0, filename='stims/wedding-31.3a.mp4', flipHoriz=False, flipVert=False, fps=UNKNOWN, interpolate=True, loop=False, name='vid3_q', noAudio=False, opacity=1.0, ori=0, pos=array([0., 0.]), size=array([1280.,  720.]), units='pix', vframe_callback=UNKNOWN, volume=UNKNOWN, win=Window(...))
424.0664 	EXP 	Created vid4_q = MovieStim3(__class__=<class 'psychopy.visual.movie3.MovieStim3'>, autoLog=True, color=UNKNOWN, colorSpace=UNKNOWN, depth=-7.0, filename='stims/wedding-31.4b.mp4', flipHoriz=False, flipVert=False, fps=UNKNOWN, interpolate=True, loop=False, name='vid4_q', noAudio=False, opacity=1.0, ori=0, pos=array([0., 0.]), size=array([1280.,  720.]), units='pix', vframe_callback=UNKNOWN, volume=UNKNOWN, win=Window(...))
424.4518 	EXP 	Created vid5_q = MovieStim3(__class__=<class 'psychopy.visual.movie3.MovieStim3'>, autoLog=True, color=UNKNOWN, colorSpace=UNKNOWN, depth=-8.0, filename='stims/wedding-31.5.mp4', flipHoriz=False, flipVert=False, fps=UNKNOWN, interpolate=True, loop=False, name='vid5_q', noAudio=False, opacity=1.0, ori=0, pos=array([0., 0.]), size=array([1280.,  720.]), units='pix', vframe_callback=UNKNOWN, volume=UNKNOWN, win=Window(...))
424.7090 	EXP 	window1: recordFrameIntervals = False
424.7121 	DATA 	Keypress: equal
424.7143 	DATA 	Keypress: equal
424.7303 	EXP 	vid1a: autoDraw = False
424.7303 	EXP 	vid1b: autoDraw = False
424.7303 	EXP 	vid2: autoDraw = False
424.7303 	EXP 	vid3: autoDraw = False
424.7303 	EXP 	vid4: autoDraw = False
424.7303 	EXP 	vid5: autoDraw = False
424.7303 	EXP 	image: autoDraw = False
424.7303 	EXP 	vid1a_q: movie = 'stims/wedding-31.1a.mp4'
424.7303 	EXP 	vid1a_q: autoLog = True
424.7303 	EXP 	vid1b_q: movie = 'stims/wedding-31.1b.mp4'
424.7303 	EXP 	vid1b_q: autoLog = True
424.7303 	EXP 	vid2_q: movie = 'stims/wedding-31.2b.mp4'
424.7303 	EXP 	vid2_q: autoLog = True
424.7303 	EXP 	vid3_q: movie = 'stims/wedding-31.3a.mp4'
424.7303 	EXP 	vid3_q: autoLog = True
424.7303 	EXP 	vid4_q: movie = 'stims/wedding-31.4b.mp4'
424.7303 	EXP 	vid4_q: autoLog = True
424.7303 	EXP 	vid5_q: movie = 'stims/wedding-31.5.mp4'
424.7303 	EXP 	vid5_q: autoLog = True
424.7303 	EXP 	vid1a_q: autoDraw = False
424.7303 	EXP 	vid1b_q: autoDraw = False
424.7303 	EXP 	vid2_q: autoDraw = False
424.7303 	EXP 	l2q: autoDraw = False
424.7303 	EXP 	vid3_q: autoDraw = False
424.7303 	EXP 	l3q: autoDraw = False
424.7303 	EXP 	vid4_q: autoDraw = False
424.7303 	EXP 	vid5_q: autoDraw = False
424.7303 	EXP 	reveal: autoDraw = False
424.9041 	EXP 	window1: recordFrameIntervals = False
426.4957 	DATA 	Keypress: equal
426.7123 	EXP 	eggPainting1: image = 'stimsday1details/painting31.png'
426.7123 	EXP 	eggPainting2: image = 'stimsday1details/newpainting11.png'
426.7123 	EXP 	character1: image = 'stimsday1details/couple31.png'
426.7123 	EXP 	character2: image = 'stimsday1details/newperson23.png'
426.7123 	EXP 	gift1: image = 'stimsday1details/gift31.png'
426.7123 	EXP 	gift2: image = 'stimsday1details/new23.png'
426.7123 	EXP 	themeQ1: image = 'stimsday1details/ct31.png'
426.7123 	EXP 	themeQ2: image = 'stimsday1details/t31.png'
426.7123 	EXP 	nameQ1: image = 'stimsday1details/cn31.png'
426.7123 	EXP 	nameQ2: image = 'stimsday1details/n31.png'
426.7123 	EXP 	nameQ1: autoDraw = True
426.7123 	EXP 	nameQ2: autoDraw = True
427.6153 	DATA 	Keypress: equal
427.6657 	DATA 	Keypress: 2
428.6958 	EXP 	nameQ1: autoDraw = False
428.6958 	EXP 	nameQ2: autoDraw = False
428.6958 	EXP 	nameQ1: autoDraw = False
428.6958 	EXP 	nameQ2: autoDraw = False
428.6958 	EXP 	eggPainting1: autoDraw = True
428.6958 	EXP 	eggPainting2: autoDraw = True
429.1142 	DATA 	Keypress: equal
429.3643 	DATA 	Keypress: 1
430.6136 	DATA 	Keypress: equal
430.6966 	EXP 	eggPainting1: autoDraw = False
430.6966 	EXP 	eggPainting2: autoDraw = False
430.6966 	EXP 	eggPainting1: autoDraw = False
430.6966 	EXP 	eggPainting2: autoDraw = False
430.6966 	EXP 	character1: autoDraw = True
430.6966 	EXP 	character2: autoDraw = True
431.4648 	DATA 	Keypress: 1
432.1033 	DATA 	Keypress: equal
432.7008 	EXP 	character1: autoDraw = False
432.7008 	EXP 	character2: autoDraw = False
432.7008 	EXP 	character1: autoDraw = False
432.7008 	EXP 	character2: autoDraw = False
432.7008 	EXP 	themeQ1: autoDraw = True
432.7008 	EXP 	themeQ2: autoDraw = True
433.5017 	DATA 	Keypress: 2
433.6019 	DATA 	Keypress: equal
434.6998 	EXP 	themeQ1: autoDraw = False
434.6998 	EXP 	themeQ2: autoDraw = False
434.6998 	EXP 	themeQ1: autoDraw = False
434.6998 	EXP 	themeQ2: autoDraw = False
434.6998 	EXP 	gift1: autoDraw = True
434.6998 	EXP 	gift2: autoDraw = True
435.1018 	DATA 	Keypress: equal
436.4802 	DATA 	Keypress: 2
436.6021 	DATA 	Keypress: equal
436.7010 	EXP 	gift1: autoDraw = False
436.7010 	EXP 	gift2: autoDraw = False
436.7010 	EXP 	gift1: autoDraw = False
436.7010 	EXP 	gift2: autoDraw = False
436.7010 	EXP 	northorsouth1: autoDraw = True
436.7010 	EXP 	northorsouth2: autoDraw = True
437.2637 	DATA 	Keypress: 2
438.1015 	DATA 	Keypress: equal
438.2807 	DATA 	Keypress: 2
438.9201 	EXP 	New trial (rep=0, index=3): OrderedDict([('condsFile', 'videoBlock_schemaS_pathA_6.csv')])
438.9329 	EXP 	Imported videoBlock_schemaS_pathA_6.csv as conditions, 1 conditions, 17 params
438.9333 	EXP 	Created sequence: random, trialTypes=1, nReps=1, seed=None
438.9340 	EXP 	New trial (rep=0, index=0): OrderedDict([('northOrSouth', 'south.png'), ('stimFile1a', 'stims/wedding-30.1a.mp4'), ('stimFile1b', 'stims/wedding-30.1b.mp4'), ('stimFile2', 'stims/wedding-30.2a.mp4'), ('stimFile3', 'stims/wedding-30.3b.mp4'), ('stimFile4', 'stims/wedding-30.4a.mp4'), ('stimFile5', 'stims/wedding-30.5.mp4'), ('QeggPainting1', 'stimsday1details/newegg12.png'), ('Qcharacter1', 'stimsday1details/couple30.png'), ('Qgift1', 'stimsday1details/new12.png'), ('QeggPainting2', 'stimsday1details/egg30.png'), ('Qcharacter2', 'stimsday1details/newperson12.png'), ('Qgift2', 'stimsday1details/gift30.png'), ('Qname1', 'stimsday1details/n30.png'), ('Qtheme1', 'stimsday1details/t30.png'), ('Qname2', 'stimsday1details/cn30.png'), ('Qtheme2', 'stimsday1details/ct30.png')])
438.9462 	EXP 	northorsouth1: autoDraw = False
438.9462 	EXP 	northorsouth2: autoDraw = False
438.9462 	EXP 	northorsouth1: autoDraw = False
438.9462 	EXP 	northorsouth2: autoDraw = False
438.9462 	EXP 	image_2: autoDraw = True
439.6140 	DATA 	Keypress: equal
440.9299 	EXP 	Created sequence: random, trialTypes=1, nReps=1, seed=None
440.9301 	EXP 	New trial (rep=0, index=0): None
441.4196 	EXP 	Created vid1a = MovieStim3(__class__=<class 'psychopy.visual.movie3.MovieStim3'>, autoLog=True, color=UNKNOWN, colorSpace=UNKNOWN, depth=-1.0, filename='stims/wedding-30.1a.mp4', flipHoriz=False, flipVert=False, fps=UNKNOWN, interpolate=True, loop=False, name='vid1a', noAudio=False, opacity=1.0, ori=0, pos=array([0., 0.]), size=array([1280.,  720.]), units='pix', vframe_callback=UNKNOWN, volume=UNKNOWN, win=Window(...))
441.7964 	EXP 	Created vid1b = MovieStim3(__class__=<class 'psychopy.visual.movie3.MovieStim3'>, autoLog=True, color=UNKNOWN, colorSpace=UNKNOWN, depth=-2.0, filename='stims/wedding-30.1b.mp4', flipHoriz=False, flipVert=False, fps=UNKNOWN, interpolate=True, loop=False, name='vid1b', noAudio=False, opacity=1.0, ori=0, pos=array([0., 0.]), size=array([1280.,  720.]), units='pix', vframe_callback=UNKNOWN, volume=UNKNOWN, win=Window(...))
442.2814 	EXP 	Created vid2 = MovieStim3(__class__=<class 'psychopy.visual.movie3.MovieStim3'>, autoLog=True, color=UNKNOWN, colorSpace=UNKNOWN, depth=-3.0, filename='stims/wedding-30.2a.mp4', flipHoriz=False, flipVert=False, fps=UNKNOWN, interpolate=True, loop=False, name='vid2', noAudio=False, opacity=1.0, ori=0, pos=array([0., 0.]), size=array([1280.,  720.]), units='pix', vframe_callback=UNKNOWN, volume=UNKNOWN, win=Window(...))
442.8098 	EXP 	Created vid3 = MovieStim3(__class__=<class 'psychopy.visual.movie3.MovieStim3'>, autoLog=True, color=UNKNOWN, colorSpace=UNKNOWN, depth=-4.0, filename='stims/wedding-30.3b.mp4', flipHoriz=False, flipVert=False, fps=UNKNOWN, interpolate=True, loop=False, name='vid3', noAudio=False, opacity=1.0, ori=0, pos=array([0., 0.]), size=array([1280.,  720.]), units='pix', vframe_callback=UNKNOWN, volume=UNKNOWN, win=Window(...))
443.3616 	EXP 	Created vid4 = MovieStim3(__class__=<class 'psychopy.visual.movie3.MovieStim3'>, autoLog=True, color=UNKNOWN, colorSpace=UNKNOWN, depth=-5.0, filename='stims/wedding-30.4a.mp4', flipHoriz=False, flipVert=False, fps=UNKNOWN, interpolate=True, loop=False, name='vid4', noAudio=False, opacity=1.0, ori=0, pos=array([0., 0.]), size=array([1280.,  720.]), units='pix', vframe_callback=UNKNOWN, volume=UNKNOWN, win=Window(...))
443.7603 	EXP 	Created vid5 = MovieStim3(__class__=<class 'psychopy.visual.movie3.MovieStim3'>, autoLog=True, color=UNKNOWN, colorSpace=UNKNOWN, depth=-6.0, filename='stims/wedding-30.5.mp4', flipHoriz=False, flipVert=False, fps=UNKNOWN, interpolate=True, loop=False, name='vid5', noAudio=False, opacity=1.0, ori=0, pos=array([0., 0.]), size=array([1280.,  720.]), units='pix', vframe_callback=UNKNOWN, volume=UNKNOWN, win=Window(...))
443.8426 	EXP 	window1: recordFrameIntervals = False
443.8460 	DATA 	Keypress: equal
443.8483 	DATA 	Keypress: equal
443.8628 	EXP 	image_2: autoDraw = False
443.8628 	EXP 	image_2: autoDraw = False
443.8628 	EXP 	vid1a: movie = 'stims/wedding-30.1a.mp4'
443.8628 	EXP 	vid1a: autoLog = True
443.8628 	EXP 	vid1b: movie = 'stims/wedding-30.1b.mp4'
443.8628 	EXP 	vid1b: autoLog = True
443.8628 	EXP 	vid2: movie = 'stims/wedding-30.2a.mp4'
443.8628 	EXP 	vid2: autoLog = True
443.8628 	EXP 	vid3: movie = 'stims/wedding-30.3b.mp4'
443.8628 	EXP 	vid3: autoLog = True
443.8628 	EXP 	vid4: movie = 'stims/wedding-30.4a.mp4'
443.8628 	EXP 	vid4: autoLog = True
443.8628 	EXP 	vid5: movie = 'stims/wedding-30.5.mp4'
443.8628 	EXP 	vid5: autoLog = True
446.6377 	EXP 	window1: recordFrameIntervals = False
448.1308 	DATA 	Keypress: equal
448.1335 	DATA 	Keypress: equal
448.1355 	DATA 	Keypress: equal
448.3456 	EXP 	vid1a: movie = 'stims/wedding-30.1a.mp4'
448.3456 	EXP 	vid1b: movie = 'stims/wedding-30.1b.mp4'
448.3456 	EXP 	vid2: movie = 'stims/wedding-30.2a.mp4'
448.3456 	EXP 	vid3: movie = 'stims/wedding-30.3b.mp4'
448.3456 	EXP 	vid4: movie = 'stims/wedding-30.4a.mp4'
448.3456 	EXP 	vid5: movie = 'stims/wedding-30.5.mp4'
448.3456 	EXP 	image: image = 'south.png'
448.3621 	EXP 	vid1a: autoDraw = True
448.3621 	EXP 	image: autoDraw = True
448.3621 	EXP 	image: autoDraw = False
448.6074 	DATA 	Keypress: equal
450.1074 	DATA 	Keypress: equal
451.6079 	DATA 	Keypress: equal
453.1065 	DATA 	Keypress: equal
454.6052 	DATA 	Keypress: equal
456.1057 	DATA 	Keypress: equal
457.6050 	DATA 	Keypress: equal
459.1197 	DATA 	Keypress: equal
460.6153 	DATA 	Keypress: equal
462.1149 	DATA 	Keypress: equal
463.6160 	DATA 	Keypress: equal
465.1161 	DATA 	Keypress: equal
466.6002 	DATA 	Keypress: equal
468.1198 	DATA 	Keypress: equal
469.6136 	DATA 	Keypress: equal
470.9452 	EXP 	vid1a: autoDraw = False
470.9627 	EXP 	vid1b: autoDraw = True
471.1088 	DATA 	Keypress: equal
472.6062 	DATA 	Keypress: equal
474.1051 	DATA 	Keypress: equal
475.6046 	DATA 	Keypress: equal
477.1040 	DATA 	Keypress: equal
478.6030 	DATA 	Keypress: equal
479.5452 	EXP 	Set vid1b finished
479.9627 	EXP 	vid2: autoDraw = True
480.1017 	DATA 	Keypress: equal
481.6059 	DATA 	Keypress: equal
483.1053 	DATA 	Keypress: equal
484.6036 	DATA 	Keypress: equal
486.1074 	DATA 	Keypress: equal
487.6034 	DATA 	Keypress: equal
489.1023 	DATA 	Keypress: equal
490.6135 	DATA 	Keypress: equal
492.0991 	DATA 	Keypress: equal
493.5992 	DATA 	Keypress: equal
495.1154 	DATA 	Keypress: equal
496.6170 	DATA 	Keypress: equal
496.9505 	EXP 	vid2: autoDraw = False
496.9628 	EXP 	vid3: autoDraw = True
498.1018 	DATA 	Keypress: equal
499.6051 	DATA 	Keypress: equal
501.1022 	DATA 	Keypress: equal
502.6137 	DATA 	Keypress: equal
504.1191 	DATA 	Keypress: equal
505.6153 	DATA 	Keypress: equal
507.1190 	DATA 	Keypress: equal
508.6131 	DATA 	Keypress: equal
510.1136 	DATA 	Keypress: equal
511.6144 	DATA 	Keypress: equal
513.1134 	DATA 	Keypress: equal
514.6129 	DATA 	Keypress: equal
516.1134 	DATA 	Keypress: equal
517.6020 	DATA 	Keypress: equal
519.1033 	DATA 	Keypress: equal
519.9452 	EXP 	vid3: autoDraw = False
519.9452 	EXP 	vid4: autoDraw = True
520.5980 	DATA 	Keypress: equal
522.1152 	DATA 	Keypress: equal
523.6012 	DATA 	Keypress: equal
525.1038 	DATA 	Keypress: equal
526.6044 	DATA 	Keypress: equal
528.1016 	DATA 	Keypress: equal
529.6030 	DATA 	Keypress: equal
531.1009 	DATA 	Keypress: equal
532.6018 	DATA 	Keypress: equal
534.0979 	DATA 	Keypress: equal
535.6035 	DATA 	Keypress: equal
537.1048 	DATA 	Keypress: equal
538.6010 	DATA 	Keypress: equal
540.1173 	DATA 	Keypress: equal
541.6182 	DATA 	Keypress: equal
543.0973 	DATA 	Keypress: equal
543.9445 	EXP 	vid4: autoDraw = False
543.9621 	EXP 	vid5: autoDraw = True
544.6045 	DATA 	Keypress: equal
546.0971 	DATA 	Keypress: equal
547.6036 	DATA 	Keypress: equal
549.1047 	DATA 	Keypress: equal
550.6044 	DATA 	Keypress: equal
552.0969 	DATA 	Keypress: equal
553.5981 	DATA 	Keypress: equal
555.0977 	DATA 	Keypress: equal
556.3787 	EXP 	Set vid5 finished
556.5631 	EXP 	Created sequence: random, trialTypes=1, nReps=1, seed=None
556.5634 	EXP 	New trial (rep=0, index=0): None
557.0507 	EXP 	Created vid1a_q = MovieStim3(__class__=<class 'psychopy.visual.movie3.MovieStim3'>, autoLog=True, color=UNKNOWN, colorSpace=UNKNOWN, depth=-1.0, filename='stims/wedding-30.1a.mp4', flipHoriz=False, flipVert=False, fps=UNKNOWN, interpolate=True, loop=False, name='vid1a_q', noAudio=False, opacity=1.0, ori=0, pos=array([0., 0.]), size=array([1280.,  720.]), units='pix', vframe_callback=UNKNOWN, volume=UNKNOWN, win=Window(...))
557.4206 	EXP 	Created vid1b_q = MovieStim3(__class__=<class 'psychopy.visual.movie3.MovieStim3'>, autoLog=True, color=UNKNOWN, colorSpace=UNKNOWN, depth=-2.0, filename='stims/wedding-30.1b.mp4', flipHoriz=False, flipVert=False, fps=UNKNOWN, interpolate=True, loop=False, name='vid1b_q', noAudio=False, opacity=1.0, ori=0, pos=array([0., 0.]), size=array([1280.,  720.]), units='pix', vframe_callback=UNKNOWN, volume=UNKNOWN, win=Window(...))
557.8889 	EXP 	Created vid2_q = MovieStim3(__class__=<class 'psychopy.visual.movie3.MovieStim3'>, autoLog=True, color=UNKNOWN, colorSpace=UNKNOWN, depth=-3.0, filename='stims/wedding-30.2a.mp4', flipHoriz=False, flipVert=False, fps=UNKNOWN, interpolate=True, loop=False, name='vid2_q', noAudio=False, opacity=1.0, ori=0, pos=array([0., 0.]), size=array([1280.,  720.]), units='pix', vframe_callback=UNKNOWN, volume=UNKNOWN, win=Window(...))
558.4063 	EXP 	Created vid3_q = MovieStim3(__class__=<class 'psychopy.visual.movie3.MovieStim3'>, autoLog=True, color=UNKNOWN, colorSpace=UNKNOWN, depth=-5.0, filename='stims/wedding-30.3b.mp4', flipHoriz=False, flipVert=False, fps=UNKNOWN, interpolate=True, loop=False, name='vid3_q', noAudio=False, opacity=1.0, ori=0, pos=array([0., 0.]), size=array([1280.,  720.]), units='pix', vframe_callback=UNKNOWN, volume=UNKNOWN, win=Window(...))
558.9387 	EXP 	Created vid4_q = MovieStim3(__class__=<class 'psychopy.visual.movie3.MovieStim3'>, autoLog=True, color=UNKNOWN, colorSpace=UNKNOWN, depth=-7.0, filename='stims/wedding-30.4a.mp4', flipHoriz=False, flipVert=False, fps=UNKNOWN, interpolate=True, loop=False, name='vid4_q', noAudio=False, opacity=1.0, ori=0, pos=array([0., 0.]), size=array([1280.,  720.]), units='pix', vframe_callback=UNKNOWN, volume=UNKNOWN, win=Window(...))
559.3264 	EXP 	Created vid5_q = MovieStim3(__class__=<class 'psychopy.visual.movie3.MovieStim3'>, autoLog=True, color=UNKNOWN, colorSpace=UNKNOWN, depth=-8.0, filename='stims/wedding-30.5.mp4', flipHoriz=False, flipVert=False, fps=UNKNOWN, interpolate=True, loop=False, name='vid5_q', noAudio=False, opacity=1.0, ori=0, pos=array([0., 0.]), size=array([1280.,  720.]), units='pix', vframe_callback=UNKNOWN, volume=UNKNOWN, win=Window(...))
559.6165 	EXP 	window1: recordFrameIntervals = False
559.6197 	DATA 	Keypress: equal
559.6219 	DATA 	Keypress: equal
559.6239 	DATA 	Keypress: equal
559.6293 	EXP 	vid1a: autoDraw = False
559.6293 	EXP 	vid1b: autoDraw = False
559.6293 	EXP 	vid2: autoDraw = False
559.6293 	EXP 	vid3: autoDraw = False
559.6293 	EXP 	vid4: autoDraw = False
559.6293 	EXP 	vid5: autoDraw = False
559.6293 	EXP 	image: autoDraw = False
559.6293 	EXP 	vid1a_q: movie = 'stims/wedding-30.1a.mp4'
559.6293 	EXP 	vid1a_q: autoLog = True
559.6293 	EXP 	vid1b_q: movie = 'stims/wedding-30.1b.mp4'
559.6293 	EXP 	vid1b_q: autoLog = True
559.6293 	EXP 	vid2_q: movie = 'stims/wedding-30.2a.mp4'
559.6293 	EXP 	vid2_q: autoLog = True
559.6293 	EXP 	vid3_q: movie = 'stims/wedding-30.3b.mp4'
559.6293 	EXP 	vid3_q: autoLog = True
559.6293 	EXP 	vid4_q: movie = 'stims/wedding-30.4a.mp4'
559.6293 	EXP 	vid4_q: autoLog = True
559.6293 	EXP 	vid5_q: movie = 'stims/wedding-30.5.mp4'
559.6293 	EXP 	vid5_q: autoLog = True
559.6293 	EXP 	vid1a_q: autoDraw = False
559.6293 	EXP 	vid1b_q: autoDraw = False
559.6293 	EXP 	vid2_q: autoDraw = False
559.6293 	EXP 	l2q: autoDraw = False
559.6293 	EXP 	vid3_q: autoDraw = False
559.6293 	EXP 	l3q: autoDraw = False
559.6293 	EXP 	vid4_q: autoDraw = False
559.6293 	EXP 	vid5_q: autoDraw = False
559.6293 	EXP 	reveal: autoDraw = False
559.8150 	EXP 	window1: recordFrameIntervals = False
561.4032 	DATA 	Keypress: equal
561.6182 	EXP 	eggPainting1: image = 'stimsday1details/newegg12.png'
561.6182 	EXP 	eggPainting2: image = 'stimsday1details/egg30.png'
561.6182 	EXP 	character1: image = 'stimsday1details/couple30.png'
561.6182 	EXP 	character2: image = 'stimsday1details/newperson12.png'
561.6182 	EXP 	gift1: image = 'stimsday1details/new12.png'
561.6182 	EXP 	gift2: image = 'stimsday1details/gift30.png'
561.6182 	EXP 	themeQ1: image = 'stimsday1details/t30.png'
561.6182 	EXP 	themeQ2: image = 'stimsday1details/ct30.png'
561.6182 	EXP 	nameQ1: image = 'stimsday1details/n30.png'
561.6182 	EXP 	nameQ2: image = 'stimsday1details/cn30.png'
561.6182 	EXP 	nameQ1: autoDraw = True
561.6182 	EXP 	nameQ2: autoDraw = True
562.6126 	DATA 	Keypress: equal
562.6793 	DATA 	Keypress: 1
563.6110 	EXP 	nameQ1: autoDraw = False
563.6110 	EXP 	nameQ2: autoDraw = False
563.6110 	EXP 	nameQ1: autoDraw = False
563.6110 	EXP 	nameQ2: autoDraw = False
563.6110 	EXP 	eggPainting1: autoDraw = True
563.6110 	EXP 	eggPainting2: autoDraw = True
564.0969 	DATA 	Keypress: equal
564.9960 	DATA 	Keypress: 2
565.5979 	DATA 	Keypress: equal
565.6106 	EXP 	eggPainting1: autoDraw = False
565.6106 	EXP 	eggPainting2: autoDraw = False
565.6106 	EXP 	eggPainting1: autoDraw = False
565.6106 	EXP 	eggPainting2: autoDraw = False
565.6106 	EXP 	character1: autoDraw = True
565.6106 	EXP 	character2: autoDraw = True
566.3133 	DATA 	Keypress: 1
567.0996 	DATA 	Keypress: equal
567.6106 	EXP 	character1: autoDraw = False
567.6106 	EXP 	character2: autoDraw = False
567.6106 	EXP 	character1: autoDraw = False
567.6106 	EXP 	character2: autoDraw = False
567.6106 	EXP 	themeQ1: autoDraw = True
567.6106 	EXP 	themeQ2: autoDraw = True
568.6048 	DATA 	Keypress: equal
569.0676 	DATA 	Keypress: 1
569.6152 	EXP 	themeQ1: autoDraw = False
569.6152 	EXP 	themeQ2: autoDraw = False
569.6152 	EXP 	themeQ1: autoDraw = False
569.6152 	EXP 	themeQ2: autoDraw = False
569.6152 	EXP 	gift1: autoDraw = True
569.6152 	EXP 	gift2: autoDraw = True
570.1041 	DATA 	Keypress: equal
571.0664 	DATA 	Keypress: 1
571.6044 	DATA 	Keypress: equal
571.6148 	EXP 	gift1: autoDraw = False
571.6148 	EXP 	gift2: autoDraw = False
571.6148 	EXP 	gift1: autoDraw = False
571.6148 	EXP 	gift2: autoDraw = False
571.6148 	EXP 	northorsouth1: autoDraw = True
571.6148 	EXP 	northorsouth2: autoDraw = True
572.6042 	DATA 	Keypress: 2
573.1052 	DATA 	Keypress: equal
573.8755 	EXP 	New trial (rep=0, index=4): OrderedDict([('condsFile', 'videoBlock_schemaS_pathB_6.csv')])
573.8883 	EXP 	Imported videoBlock_schemaS_pathB_6.csv as conditions, 1 conditions, 17 params
573.8887 	EXP 	Created sequence: random, trialTypes=1, nReps=1, seed=None
573.8895 	EXP 	New trial (rep=0, index=0): OrderedDict([('northOrSouth', 'south.png'), ('stimFile1a', 'stims/wedding-37.1a.mp4'), ('stimFile1b', 'stims/wedding-37.1b.mp4'), ('stimFile2', 'stims/wedding-37.2b.mp4'), ('stimFile3', 'stims/wedding-37.3a.mp4'), ('stimFile4', 'stims/wedding-37.4b.mp4'), ('stimFile5', 'stims/wedding-37.5.mp4'), ('QeggPainting1', 'stimsday1details/painting37.png'), ('Qcharacter1', 'stimsday1details/couple37.png'), ('Qgift1', 'stimsday1details/gift37.png'), ('QeggPainting2', 'stimsday1details/newpainting12.png'), ('Qcharacter2', 'stimsday1details/newperson24.png'), ('Qgift2', 'stimsday1details/new24.png'), ('Qname1', 'stimsday1details/n37.png'), ('Qtheme1', 'stimsday1details/t37.png'), ('Qname2', 'stimsday1details/cn37.png'), ('Qtheme2', 'stimsday1details/ct37.png')])
573.8939 	EXP 	northorsouth1: autoDraw = False
573.8939 	EXP 	northorsouth2: autoDraw = False
573.8939 	EXP 	northorsouth1: autoDraw = False
573.8939 	EXP 	northorsouth2: autoDraw = False
573.8939 	EXP 	image_2: autoDraw = True
574.5963 	DATA 	Keypress: equal
575.8825 	EXP 	Created sequence: random, trialTypes=1, nReps=1, seed=None
575.8829 	EXP 	New trial (rep=0, index=0): None
576.3747 	EXP 	Created vid1a = MovieStim3(__class__=<class 'psychopy.visual.movie3.MovieStim3'>, autoLog=True, color=UNKNOWN, colorSpace=UNKNOWN, depth=-1.0, filename='stims/wedding-37.1a.mp4', flipHoriz=False, flipVert=False, fps=UNKNOWN, interpolate=True, loop=False, name='vid1a', noAudio=False, opacity=1.0, ori=0, pos=array([0., 0.]), size=array([1280.,  720.]), units='pix', vframe_callback=UNKNOWN, volume=UNKNOWN, win=Window(...))
576.7522 	EXP 	Created vid1b = MovieStim3(__class__=<class 'psychopy.visual.movie3.MovieStim3'>, autoLog=True, color=UNKNOWN, colorSpace=UNKNOWN, depth=-2.0, filename='stims/wedding-37.1b.mp4', flipHoriz=False, flipVert=False, fps=UNKNOWN, interpolate=True, loop=False, name='vid1b', noAudio=False, opacity=1.0, ori=0, pos=array([0., 0.]), size=array([1280.,  720.]), units='pix', vframe_callback=UNKNOWN, volume=UNKNOWN, win=Window(...))
577.1670 	EXP 	Created vid2 = MovieStim3(__class__=<class 'psychopy.visual.movie3.MovieStim3'>, autoLog=True, color=UNKNOWN, colorSpace=UNKNOWN, depth=-3.0, filename='stims/wedding-37.2b.mp4', flipHoriz=False, flipVert=False, fps=UNKNOWN, interpolate=True, loop=False, name='vid2', noAudio=False, opacity=1.0, ori=0, pos=array([0., 0.]), size=array([1280.,  720.]), units='pix', vframe_callback=UNKNOWN, volume=UNKNOWN, win=Window(...))
577.6369 	EXP 	Created vid3 = MovieStim3(__class__=<class 'psychopy.visual.movie3.MovieStim3'>, autoLog=True, color=UNKNOWN, colorSpace=UNKNOWN, depth=-4.0, filename='stims/wedding-37.3a.mp4', flipHoriz=False, flipVert=False, fps=UNKNOWN, interpolate=True, loop=False, name='vid3', noAudio=False, opacity=1.0, ori=0, pos=array([0., 0.]), size=array([1280.,  720.]), units='pix', vframe_callback=UNKNOWN, volume=UNKNOWN, win=Window(...))
578.1148 	EXP 	Created vid4 = MovieStim3(__class__=<class 'psychopy.visual.movie3.MovieStim3'>, autoLog=True, color=UNKNOWN, colorSpace=UNKNOWN, depth=-5.0, filename='stims/wedding-37.4b.mp4', flipHoriz=False, flipVert=False, fps=UNKNOWN, interpolate=True, loop=False, name='vid4', noAudio=False, opacity=1.0, ori=0, pos=array([0., 0.]), size=array([1280.,  720.]), units='pix', vframe_callback=UNKNOWN, volume=UNKNOWN, win=Window(...))
578.5205 	EXP 	Created vid5 = MovieStim3(__class__=<class 'psychopy.visual.movie3.MovieStim3'>, autoLog=True, color=UNKNOWN, colorSpace=UNKNOWN, depth=-6.0, filename='stims/wedding-37.5.mp4', flipHoriz=False, flipVert=False, fps=UNKNOWN, interpolate=True, loop=False, name='vid5', noAudio=False, opacity=1.0, ori=0, pos=array([0., 0.]), size=array([1280.,  720.]), units='pix', vframe_callback=UNKNOWN, volume=UNKNOWN, win=Window(...))
578.6090 	EXP 	window1: recordFrameIntervals = False
578.6124 	DATA 	Keypress: equal
578.6147 	DATA 	Keypress: equal
578.6276 	EXP 	image_2: autoDraw = False
578.6276 	EXP 	image_2: autoDraw = False
578.6276 	EXP 	vid1a: movie = 'stims/wedding-37.1a.mp4'
578.6276 	EXP 	vid1a: autoLog = True
578.6276 	EXP 	vid1b: movie = 'stims/wedding-37.1b.mp4'
578.6276 	EXP 	vid1b: autoLog = True
578.6276 	EXP 	vid2: movie = 'stims/wedding-37.2b.mp4'
578.6276 	EXP 	vid2: autoLog = True
578.6276 	EXP 	vid3: movie = 'stims/wedding-37.3a.mp4'
578.6276 	EXP 	vid3: autoLog = True
578.6276 	EXP 	vid4: movie = 'stims/wedding-37.4b.mp4'
578.6276 	EXP 	vid4: autoLog = True
578.6276 	EXP 	vid5: movie = 'stims/wedding-37.5.mp4'
578.6276 	EXP 	vid5: autoLog = True
581.2418 	EXP 	window1: recordFrameIntervals = False
582.8973 	DATA 	Keypress: equal
582.8999 	DATA 	Keypress: equal
582.9019 	DATA 	Keypress: equal
583.1113 	EXP 	vid1a: movie = 'stims/wedding-37.1a.mp4'
583.1113 	EXP 	vid1b: movie = 'stims/wedding-37.1b.mp4'
583.1113 	EXP 	vid2: movie = 'stims/wedding-37.2b.mp4'
583.1113 	EXP 	vid3: movie = 'stims/wedding-37.3a.mp4'
583.1113 	EXP 	vid4: movie = 'stims/wedding-37.4b.mp4'
583.1113 	EXP 	vid5: movie = 'stims/wedding-37.5.mp4'
583.1113 	EXP 	image: image = 'south.png'
583.1281 	EXP 	vid1a: autoDraw = True
583.1281 	EXP 	image: autoDraw = True
583.1281 	EXP 	image: autoDraw = False
583.6002 	DATA 	Keypress: equal
585.1026 	DATA 	Keypress: equal
586.5966 	DATA 	Keypress: equal
588.0972 	DATA 	Keypress: equal
589.5963 	DATA 	Keypress: equal
591.1003 	DATA 	Keypress: equal
592.5968 	DATA 	Keypress: equal
594.0967 	DATA 	Keypress: equal
595.5957 	DATA 	Keypress: equal
597.0965 	DATA 	Keypress: equal
598.5963 	DATA 	Keypress: equal
600.0959 	DATA 	Keypress: equal
601.5965 	DATA 	Keypress: equal
603.0963 	DATA 	Keypress: equal
604.5957 	DATA 	Keypress: equal
605.8767 	EXP 	Set vid1a finished
605.9109 	EXP 	vid1b: autoDraw = True
606.0953 	DATA 	Keypress: equal
607.5955 	DATA 	Keypress: equal
609.1002 	DATA 	Keypress: equal
610.6003 	DATA 	Keypress: equal
612.1004 	DATA 	Keypress: equal
613.6008 	DATA 	Keypress: equal
614.3599 	EXP 	Set vid1b finished
614.9107 	EXP 	vid2: autoDraw = True
615.0962 	DATA 	Keypress: equal
616.5959 	DATA 	Keypress: equal
618.0964 	DATA 	Keypress: equal
619.5958 	DATA 	Keypress: equal
621.0960 	DATA 	Keypress: equal
622.5966 	DATA 	Keypress: equal
624.0953 	DATA 	Keypress: equal
625.5955 	DATA 	Keypress: equal
627.1003 	DATA 	Keypress: equal
628.5953 	DATA 	Keypress: equal
630.0997 	DATA 	Keypress: equal
631.5604 	EXP 	Set vid2 finished
631.5957 	DATA 	Keypress: equal
631.9108 	EXP 	vid3: autoDraw = True
633.0954 	DATA 	Keypress: equal
634.5972 	DATA 	Keypress: equal
636.0972 	DATA 	Keypress: equal
637.5970 	DATA 	Keypress: equal
639.0961 	DATA 	Keypress: equal
640.5960 	DATA 	Keypress: equal
642.0958 	DATA 	Keypress: equal
643.5958 	DATA 	Keypress: equal
645.0971 	DATA 	Keypress: equal
646.5970 	DATA 	Keypress: equal
648.0979 	DATA 	Keypress: equal
649.5957 	DATA 	Keypress: equal
651.0994 	DATA 	Keypress: equal
652.6006 	DATA 	Keypress: equal
654.0978 	DATA 	Keypress: equal
654.7959 	EXP 	Set vid3 finished
654.9126 	EXP 	vid4: autoDraw = True
655.5986 	DATA 	Keypress: equal
657.0982 	DATA 	Keypress: equal
658.5982 	DATA 	Keypress: equal
660.0946 	DATA 	Keypress: equal
661.5946 	DATA 	Keypress: equal
663.1279 	DATA 	Keypress: equal
664.5946 	DATA 	Keypress: equal
666.0947 	DATA 	Keypress: equal
667.5949 	DATA 	Keypress: equal
669.0992 	DATA 	Keypress: equal
670.6040 	DATA 	Keypress: equal
672.0998 	DATA 	Keypress: equal
673.6040 	DATA 	Keypress: equal
675.0972 	DATA 	Keypress: equal
676.6020 	DATA 	Keypress: equal
678.1020 	DATA 	Keypress: equal
678.5286 	EXP 	Set vid4 finished
678.9093 	EXP 	vid5: autoDraw = True
679.5952 	DATA 	Keypress: equal
681.0951 	DATA 	Keypress: equal
682.5954 	DATA 	Keypress: equal
684.0960 	DATA 	Keypress: equal
685.5964 	DATA 	Keypress: equal
687.0959 	DATA 	Keypress: equal
688.5995 	DATA 	Keypress: equal
690.0949 	DATA 	Keypress: equal
691.3267 	EXP 	Set vid5 finished
691.5515 	EXP 	Created sequence: random, trialTypes=1, nReps=1, seed=None
691.5518 	EXP 	New trial (rep=0, index=0): None
692.0406 	EXP 	Created vid1a_q = MovieStim3(__class__=<class 'psychopy.visual.movie3.MovieStim3'>, autoLog=True, color=UNKNOWN, colorSpace=UNKNOWN, depth=-1.0, filename='stims/wedding-37.1a.mp4', flipHoriz=False, flipVert=False, fps=UNKNOWN, interpolate=True, loop=False, name='vid1a_q', noAudio=False, opacity=1.0, ori=0, pos=array([0., 0.]), size=array([1280.,  720.]), units='pix', vframe_callback=UNKNOWN, volume=UNKNOWN, win=Window(...))
692.4070 	EXP 	Created vid1b_q = MovieStim3(__class__=<class 'psychopy.visual.movie3.MovieStim3'>, autoLog=True, color=UNKNOWN, colorSpace=UNKNOWN, depth=-2.0, filename='stims/wedding-37.1b.mp4', flipHoriz=False, flipVert=False, fps=UNKNOWN, interpolate=True, loop=False, name='vid1b_q', noAudio=False, opacity=1.0, ori=0, pos=array([0., 0.]), size=array([1280.,  720.]), units='pix', vframe_callback=UNKNOWN, volume=UNKNOWN, win=Window(...))
692.8182 	EXP 	Created vid2_q = MovieStim3(__class__=<class 'psychopy.visual.movie3.MovieStim3'>, autoLog=True, color=UNKNOWN, colorSpace=UNKNOWN, depth=-3.0, filename='stims/wedding-37.2b.mp4', flipHoriz=False, flipVert=False, fps=UNKNOWN, interpolate=True, loop=False, name='vid2_q', noAudio=False, opacity=1.0, ori=0, pos=array([0., 0.]), size=array([1280.,  720.]), units='pix', vframe_callback=UNKNOWN, volume=UNKNOWN, win=Window(...))
693.2798 	EXP 	Created vid3_q = MovieStim3(__class__=<class 'psychopy.visual.movie3.MovieStim3'>, autoLog=True, color=UNKNOWN, colorSpace=UNKNOWN, depth=-5.0, filename='stims/wedding-37.3a.mp4', flipHoriz=False, flipVert=False, fps=UNKNOWN, interpolate=True, loop=False, name='vid3_q', noAudio=False, opacity=1.0, ori=0, pos=array([0., 0.]), size=array([1280.,  720.]), units='pix', vframe_callback=UNKNOWN, volume=UNKNOWN, win=Window(...))
693.7445 	EXP 	Created vid4_q = MovieStim3(__class__=<class 'psychopy.visual.movie3.MovieStim3'>, autoLog=True, color=UNKNOWN, colorSpace=UNKNOWN, depth=-7.0, filename='stims/wedding-37.4b.mp4', flipHoriz=False, flipVert=False, fps=UNKNOWN, interpolate=True, loop=False, name='vid4_q', noAudio=False, opacity=1.0, ori=0, pos=array([0., 0.]), size=array([1280.,  720.]), units='pix', vframe_callback=UNKNOWN, volume=UNKNOWN, win=Window(...))
694.1349 	EXP 	Created vid5_q = MovieStim3(__class__=<class 'psychopy.visual.movie3.MovieStim3'>, autoLog=True, color=UNKNOWN, colorSpace=UNKNOWN, depth=-8.0, filename='stims/wedding-37.5.mp4', flipHoriz=False, flipVert=False, fps=UNKNOWN, interpolate=True, loop=False, name='vid5_q', noAudio=False, opacity=1.0, ori=0, pos=array([0., 0.]), size=array([1280.,  720.]), units='pix', vframe_callback=UNKNOWN, volume=UNKNOWN, win=Window(...))
694.4547 	EXP 	window1: recordFrameIntervals = False
694.4583 	DATA 	Keypress: equal
694.4609 	DATA 	Keypress: equal
694.4768 	EXP 	vid1a: autoDraw = False
694.4768 	EXP 	vid1b: autoDraw = False
694.4768 	EXP 	vid2: autoDraw = False
694.4768 	EXP 	vid3: autoDraw = False
694.4768 	EXP 	vid4: autoDraw = False
694.4768 	EXP 	vid5: autoDraw = False
694.4768 	EXP 	image: autoDraw = False
694.4768 	EXP 	vid1a_q: movie = 'stims/wedding-37.1a.mp4'
694.4768 	EXP 	vid1a_q: autoLog = True
694.4768 	EXP 	vid1b_q: movie = 'stims/wedding-37.1b.mp4'
694.4768 	EXP 	vid1b_q: autoLog = True
694.4768 	EXP 	vid2_q: movie = 'stims/wedding-37.2b.mp4'
694.4768 	EXP 	vid2_q: autoLog = True
694.4768 	EXP 	vid3_q: movie = 'stims/wedding-37.3a.mp4'
694.4768 	EXP 	vid3_q: autoLog = True
694.4768 	EXP 	vid4_q: movie = 'stims/wedding-37.4b.mp4'
694.4768 	EXP 	vid4_q: autoLog = True
694.4768 	EXP 	vid5_q: movie = 'stims/wedding-37.5.mp4'
694.4768 	EXP 	vid5_q: autoLog = True
694.4768 	EXP 	vid1a_q: autoDraw = False
694.4768 	EXP 	vid1b_q: autoDraw = False
694.4768 	EXP 	vid2_q: autoDraw = False
694.4768 	EXP 	l2q: autoDraw = False
694.4768 	EXP 	vid3_q: autoDraw = False
694.4768 	EXP 	l3q: autoDraw = False
694.4768 	EXP 	vid4_q: autoDraw = False
694.4768 	EXP 	vid5_q: autoDraw = False
694.4768 	EXP 	reveal: autoDraw = False
694.6460 	EXP 	window1: recordFrameIntervals = False
696.2413 	DATA 	Keypress: equal
696.2434 	DATA 	Keypress: equal
696.4589 	EXP 	eggPainting1: image = 'stimsday1details/painting37.png'
696.4589 	EXP 	eggPainting2: image = 'stimsday1details/newpainting12.png'
696.4589 	EXP 	character1: image = 'stimsday1details/couple37.png'
696.4589 	EXP 	character2: image = 'stimsday1details/newperson24.png'
696.4589 	EXP 	gift1: image = 'stimsday1details/gift37.png'
696.4589 	EXP 	gift2: image = 'stimsday1details/new24.png'
696.4589 	EXP 	themeQ1: image = 'stimsday1details/t37.png'
696.4589 	EXP 	themeQ2: image = 'stimsday1details/ct37.png'
696.4589 	EXP 	nameQ1: image = 'stimsday1details/n37.png'
696.4589 	EXP 	nameQ2: image = 'stimsday1details/cn37.png'
696.4589 	EXP 	nameQ1: autoDraw = True
696.4589 	EXP 	nameQ2: autoDraw = True
697.5963 	DATA 	Keypress: equal
698.2120 	DATA 	Keypress: 1
698.4445 	EXP 	nameQ1: autoDraw = False
698.4445 	EXP 	nameQ2: autoDraw = False
698.4445 	EXP 	nameQ1: autoDraw = False
698.4445 	EXP 	nameQ2: autoDraw = False
698.4445 	EXP 	eggPainting1: autoDraw = True
698.4445 	EXP 	eggPainting2: autoDraw = True
699.0946 	DATA 	Keypress: equal
699.4816 	DATA 	Keypress: 1
700.4423 	EXP 	eggPainting1: autoDraw = False
700.4423 	EXP 	eggPainting2: autoDraw = False
700.4423 	EXP 	eggPainting1: autoDraw = False
700.4423 	EXP 	eggPainting2: autoDraw = False
700.4423 	EXP 	character1: autoDraw = True
700.4423 	EXP 	character2: autoDraw = True
700.5948 	DATA 	Keypress: equal
701.2941 	DATA 	Keypress: 1
702.0948 	DATA 	Keypress: equal
702.4428 	EXP 	character1: autoDraw = False
702.4428 	EXP 	character2: autoDraw = False
702.4428 	EXP 	character1: autoDraw = False
702.4428 	EXP 	character2: autoDraw = False
702.4428 	EXP 	themeQ1: autoDraw = True
702.4428 	EXP 	themeQ2: autoDraw = True
703.1814 	DATA 	Keypress: 1
703.5945 	DATA 	Keypress: equal
704.4429 	EXP 	themeQ1: autoDraw = False
704.4429 	EXP 	themeQ2: autoDraw = False
704.4429 	EXP 	themeQ1: autoDraw = False
704.4429 	EXP 	themeQ2: autoDraw = False
704.4429 	EXP 	gift1: autoDraw = True
704.4429 	EXP 	gift2: autoDraw = True
705.0945 	DATA 	Keypress: equal
705.2111 	DATA 	Keypress: 1
706.4428 	EXP 	gift1: autoDraw = False
706.4428 	EXP 	gift2: autoDraw = False
706.4428 	EXP 	gift1: autoDraw = False
706.4428 	EXP 	gift2: autoDraw = False
706.4428 	EXP 	northorsouth1: autoDraw = True
706.4428 	EXP 	northorsouth2: autoDraw = True
706.5991 	DATA 	Keypress: equal
706.9614 	DATA 	Keypress: 2
708.0986 	DATA 	Keypress: equal
708.7278 	EXP 	New trial (rep=0, index=5): OrderedDict([('condsFile', 'videoBlock_schemaS_pathA_4.csv')])
708.7406 	EXP 	Imported videoBlock_schemaS_pathA_4.csv as conditions, 1 conditions, 17 params
708.7411 	EXP 	Created sequence: random, trialTypes=1, nReps=1, seed=None
708.7418 	EXP 	New trial (rep=0, index=0): OrderedDict([('northOrSouth', 'south.png'), ('stimFile1a', 'stims/wedding-21.1a.mp4'), ('stimFile1b', 'stims/wedding-21.1b.mp4'), ('stimFile2', 'stims/wedding-21.2a.mp4'), ('stimFile3', 'stims/wedding-21.3b.mp4'), ('stimFile4', 'stims/wedding-21.4a.mp4'), ('stimFile5', 'stims/wedding-21.5.mp4'), ('QeggPainting1', 'stimsday1details/egg21.png'), ('Qcharacter1', 'stimsday1details/newperson10.png'), ('Qgift1', 'stimsday1details/gift21.png'), ('QeggPainting2', 'stimsday1details/newegg10.png'), ('Qcharacter2', 'stimsday1details/couple21.png'), ('Qgift2', 'stimsday1details/new10.png'), ('Qname1', 'stimsday1details/n21.png'), ('Qtheme1', 'stimsday1details/ct21.png'), ('Qname2', 'stimsday1details/cn21.png'), ('Qtheme2', 'stimsday1details/t21.png')])
708.7474 	EXP 	northorsouth1: autoDraw = False
708.7474 	EXP 	northorsouth2: autoDraw = False
708.7474 	EXP 	northorsouth1: autoDraw = False
708.7474 	EXP 	northorsouth2: autoDraw = False
708.7474 	EXP 	image_2: autoDraw = True
709.5950 	DATA 	Keypress: equal
710.7316 	EXP 	Created sequence: random, trialTypes=1, nReps=1, seed=None
710.7319 	EXP 	New trial (rep=0, index=0): None
711.2180 	EXP 	Created vid1a = MovieStim3(__class__=<class 'psychopy.visual.movie3.MovieStim3'>, autoLog=True, color=UNKNOWN, colorSpace=UNKNOWN, depth=-1.0, filename='stims/wedding-21.1a.mp4', flipHoriz=False, flipVert=False, fps=UNKNOWN, interpolate=True, loop=False, name='vid1a', noAudio=False, opacity=1.0, ori=0, pos=array([0., 0.]), size=array([1280.,  720.]), units='pix', vframe_callback=UNKNOWN, volume=UNKNOWN, win=Window(...))
711.5655 	EXP 	Created vid1b = MovieStim3(__class__=<class 'psychopy.visual.movie3.MovieStim3'>, autoLog=True, color=UNKNOWN, colorSpace=UNKNOWN, depth=-2.0, filename='stims/wedding-21.1b.mp4', flipHoriz=False, flipVert=False, fps=UNKNOWN, interpolate=True, loop=False, name='vid1b', noAudio=False, opacity=1.0, ori=0, pos=array([0., 0.]), size=array([1280.,  720.]), units='pix', vframe_callback=UNKNOWN, volume=UNKNOWN, win=Window(...))
712.0471 	EXP 	Created vid2 = MovieStim3(__class__=<class 'psychopy.visual.movie3.MovieStim3'>, autoLog=True, color=UNKNOWN, colorSpace=UNKNOWN, depth=-3.0, filename='stims/wedding-21.2a.mp4', flipHoriz=False, flipVert=False, fps=UNKNOWN, interpolate=True, loop=False, name='vid2', noAudio=False, opacity=1.0, ori=0, pos=array([0., 0.]), size=array([1280.,  720.]), units='pix', vframe_callback=UNKNOWN, volume=UNKNOWN, win=Window(...))
712.5867 	EXP 	Created vid3 = MovieStim3(__class__=<class 'psychopy.visual.movie3.MovieStim3'>, autoLog=True, color=UNKNOWN, colorSpace=UNKNOWN, depth=-4.0, filename='stims/wedding-21.3b.mp4', flipHoriz=False, flipVert=False, fps=UNKNOWN, interpolate=True, loop=False, name='vid3', noAudio=False, opacity=1.0, ori=0, pos=array([0., 0.]), size=array([1280.,  720.]), units='pix', vframe_callback=UNKNOWN, volume=UNKNOWN, win=Window(...))
713.1359 	EXP 	Created vid4 = MovieStim3(__class__=<class 'psychopy.visual.movie3.MovieStim3'>, autoLog=True, color=UNKNOWN, colorSpace=UNKNOWN, depth=-5.0, filename='stims/wedding-21.4a.mp4', flipHoriz=False, flipVert=False, fps=UNKNOWN, interpolate=True, loop=False, name='vid4', noAudio=False, opacity=1.0, ori=0, pos=array([0., 0.]), size=array([1280.,  720.]), units='pix', vframe_callback=UNKNOWN, volume=UNKNOWN, win=Window(...))
713.5155 	EXP 	Created vid5 = MovieStim3(__class__=<class 'psychopy.visual.movie3.MovieStim3'>, autoLog=True, color=UNKNOWN, colorSpace=UNKNOWN, depth=-6.0, filename='stims/wedding-21.5.mp4', flipHoriz=False, flipVert=False, fps=UNKNOWN, interpolate=True, loop=False, name='vid5', noAudio=False, opacity=1.0, ori=0, pos=array([0., 0.]), size=array([1280.,  720.]), units='pix', vframe_callback=UNKNOWN, volume=UNKNOWN, win=Window(...))
713.7691 	EXP 	Created sequence: random, trialTypes=1, nReps=1, seed=None
713.7694 	EXP 	New trial (rep=0, index=0): None
714.2505 	EXP 	Created vid1a_q = MovieStim3(__class__=<class 'psychopy.visual.movie3.MovieStim3'>, autoLog=True, color=UNKNOWN, colorSpace=UNKNOWN, depth=-1.0, filename='stims/wedding-21.1a.mp4', flipHoriz=False, flipVert=False, fps=UNKNOWN, interpolate=True, loop=False, name='vid1a_q', noAudio=False, opacity=1.0, ori=0, pos=array([0., 0.]), size=array([1280.,  720.]), units='pix', vframe_callback=UNKNOWN, volume=UNKNOWN, win=Window(...))
714.5903 	EXP 	Created vid1b_q = MovieStim3(__class__=<class 'psychopy.visual.movie3.MovieStim3'>, autoLog=True, color=UNKNOWN, colorSpace=UNKNOWN, depth=-2.0, filename='stims/wedding-21.1b.mp4', flipHoriz=False, flipVert=False, fps=UNKNOWN, interpolate=True, loop=False, name='vid1b_q', noAudio=False, opacity=1.0, ori=0, pos=array([0., 0.]), size=array([1280.,  720.]), units='pix', vframe_callback=UNKNOWN, volume=UNKNOWN, win=Window(...))
715.0607 	EXP 	Created vid2_q = MovieStim3(__class__=<class 'psychopy.visual.movie3.MovieStim3'>, autoLog=True, color=UNKNOWN, colorSpace=UNKNOWN, depth=-3.0, filename='stims/wedding-21.2a.mp4', flipHoriz=False, flipVert=False, fps=UNKNOWN, interpolate=True, loop=False, name='vid2_q', noAudio=False, opacity=1.0, ori=0, pos=array([0., 0.]), size=array([1280.,  720.]), units='pix', vframe_callback=UNKNOWN, volume=UNKNOWN, win=Window(...))
715.5789 	EXP 	Created vid3_q = MovieStim3(__class__=<class 'psychopy.visual.movie3.MovieStim3'>, autoLog=True, color=UNKNOWN, colorSpace=UNKNOWN, depth=-5.0, filename='stims/wedding-21.3b.mp4', flipHoriz=False, flipVert=False, fps=UNKNOWN, interpolate=True, loop=False, name='vid3_q', noAudio=False, opacity=1.0, ori=0, pos=array([0., 0.]), size=array([1280.,  720.]), units='pix', vframe_callback=UNKNOWN, volume=UNKNOWN, win=Window(...))
716.1070 	EXP 	Created vid4_q = MovieStim3(__class__=<class 'psychopy.visual.movie3.MovieStim3'>, autoLog=True, color=UNKNOWN, colorSpace=UNKNOWN, depth=-7.0, filename='stims/wedding-21.4a.mp4', flipHoriz=False, flipVert=False, fps=UNKNOWN, interpolate=True, loop=False, name='vid4_q', noAudio=False, opacity=1.0, ori=0, pos=array([0., 0.]), size=array([1280.,  720.]), units='pix', vframe_callback=UNKNOWN, volume=UNKNOWN, win=Window(...))
716.4808 	EXP 	Created vid5_q = MovieStim3(__class__=<class 'psychopy.visual.movie3.MovieStim3'>, autoLog=True, color=UNKNOWN, colorSpace=UNKNOWN, depth=-8.0, filename='stims/wedding-21.5.mp4', flipHoriz=False, flipVert=False, fps=UNKNOWN, interpolate=True, loop=False, name='vid5_q', noAudio=False, opacity=1.0, ori=0, pos=array([0., 0.]), size=array([1280.,  720.]), units='pix', vframe_callback=UNKNOWN, volume=UNKNOWN, win=Window(...))
716.6023 	EXP 	window1: recordFrameIntervals = False
716.6058 	DATA 	Keypress: equal
716.6082 	DATA 	Keypress: equal
716.6107 	DATA 	Keypress: equal
716.6129 	DATA 	Keypress: equal
716.6255 	EXP 	image_2: autoDraw = False
716.6255 	EXP 	image_2: autoDraw = False
716.6255 	EXP 	vid1a: movie = 'stims/wedding-21.1a.mp4'
716.6255 	EXP 	vid1a: autoLog = True
716.6255 	EXP 	vid1b: movie = 'stims/wedding-21.1b.mp4'
716.6255 	EXP 	vid1b: autoLog = True
716.6255 	EXP 	vid2: movie = 'stims/wedding-21.2a.mp4'
716.6255 	EXP 	vid2: autoLog = True
716.6255 	EXP 	vid3: movie = 'stims/wedding-21.3b.mp4'
716.6255 	EXP 	vid3: autoLog = True
716.6255 	EXP 	vid4: movie = 'stims/wedding-21.4a.mp4'
716.6255 	EXP 	vid4: autoLog = True
716.6255 	EXP 	vid5: movie = 'stims/wedding-21.5.mp4'
716.6255 	EXP 	vid5: autoLog = True
716.6255 	EXP 	vid1a: autoDraw = False
716.6255 	EXP 	vid1b: autoDraw = False
716.6255 	EXP 	vid2: autoDraw = False
716.6255 	EXP 	vid3: autoDraw = False
716.6255 	EXP 	vid4: autoDraw = False
716.6255 	EXP 	vid5: autoDraw = False
716.6255 	EXP 	image: autoDraw = False
716.6255 	EXP 	vid1a_q: movie = 'stims/wedding-21.1a.mp4'
716.6255 	EXP 	vid1a_q: autoLog = True
716.6255 	EXP 	vid1b_q: movie = 'stims/wedding-21.1b.mp4'
716.6255 	EXP 	vid1b_q: autoLog = True
716.6255 	EXP 	vid2_q: movie = 'stims/wedding-21.2a.mp4'
716.6255 	EXP 	vid2_q: autoLog = True
716.6255 	EXP 	vid3_q: movie = 'stims/wedding-21.3b.mp4'
716.6255 	EXP 	vid3_q: autoLog = True
716.6255 	EXP 	vid4_q: movie = 'stims/wedding-21.4a.mp4'
716.6255 	EXP 	vid4_q: autoLog = True
716.6255 	EXP 	vid5_q: movie = 'stims/wedding-21.5.mp4'
716.6255 	EXP 	vid5_q: autoLog = True
719.3494 	EXP 	window1: recordFrameIntervals = False
720.8961 	DATA 	Keypress: equal
720.8986 	DATA 	Keypress: equal
720.9008 	DATA 	Keypress: equal
721.0927 	EXP 	vid1a_q: movie = 'stims/wedding-21.1a.mp4'
721.0927 	EXP 	vid1b_q: movie = 'stims/wedding-21.1b.mp4'
721.0927 	EXP 	vid2_q: movie = 'stims/wedding-21.2a.mp4'
721.0927 	EXP 	vid3_q: movie = 'stims/wedding-21.3b.mp4'
721.0927 	EXP 	vid4_q: movie = 'stims/wedding-21.4a.mp4'
721.0927 	EXP 	vid5_q: movie = 'stims/wedding-21.5.mp4'
721.0927 	EXP 	reveal: image = 'south.png'
721.1098 	EXP 	vid1a_q: autoDraw = True
721.1098 	EXP 	reveal: autoDraw = True
721.1098 	EXP 	reveal: autoDraw = False
721.5955 	DATA 	Keypress: equal
723.0956 	DATA 	Keypress: equal
724.5965 	DATA 	Keypress: equal
726.0955 	DATA 	Keypress: equal
727.5966 	DATA 	Keypress: equal
729.0943 	DATA 	Keypress: equal
730.5940 	DATA 	Keypress: equal
732.0981 	DATA 	Keypress: equal
733.5942 	DATA 	Keypress: equal
735.0943 	DATA 	Keypress: equal
736.5968 	DATA 	Keypress: equal
738.0939 	DATA 	Keypress: equal
739.5939 	DATA 	Keypress: equal
741.0940 	DATA 	Keypress: equal
742.5940 	DATA 	Keypress: equal
743.7800 	EXP 	vid1a_q: autoDraw = False
743.7921 	EXP 	vid1b_q: autoDraw = True
744.0954 	DATA 	Keypress: equal
745.5942 	DATA 	Keypress: equal
747.0938 	DATA 	Keypress: equal
748.5939 	DATA 	Keypress: equal
750.0958 	DATA 	Keypress: equal
751.5957 	DATA 	Keypress: equal
752.3430 	EXP 	Set vid1b_q finished
752.7929 	EXP 	vid2_q: autoDraw = True
753.0952 	DATA 	Keypress: equal
754.5939 	DATA 	Keypress: equal
756.0939 	DATA 	Keypress: equal
757.5940 	DATA 	Keypress: equal
759.0941 	DATA 	Keypress: equal
760.5937 	DATA 	Keypress: equal
762.0946 	DATA 	Keypress: equal
763.5945 	DATA 	Keypress: equal
765.1219 	DATA 	Keypress: equal
766.5891 	DATA 	Keypress: equal
768.0905 	DATA 	Keypress: equal
769.5948 	DATA 	Keypress: equal
769.7792 	EXP 	vid2_q: autoDraw = False
769.7925 	EXP 	l2q: autoDraw = True
771.0944 	DATA 	Keypress: equal
771.7941 	DATA 	Keypress: 1
772.5941 	DATA 	Keypress: equal
773.7803 	EXP 	l2q: autoDraw = False
773.7922 	EXP 	vid3_q: autoDraw = True
774.0945 	DATA 	Keypress: equal
775.5941 	DATA 	Keypress: equal
777.0985 	DATA 	Keypress: equal
778.5955 	DATA 	Keypress: equal
780.0941 	DATA 	Keypress: equal
781.6221 	DATA 	Keypress: equal
783.0944 	DATA 	Keypress: equal
784.5936 	DATA 	Keypress: equal
786.0947 	DATA 	Keypress: equal
787.5929 	DATA 	Keypress: equal
789.0946 	DATA 	Keypress: equal
790.5934 	DATA 	Keypress: equal
792.0935 	DATA 	Keypress: equal
793.5942 	DATA 	Keypress: equal
795.0930 	DATA 	Keypress: equal
796.5930 	DATA 	Keypress: equal
796.7756 	EXP 	vid3_q: autoDraw = False
796.7909 	EXP 	l3q: autoDraw = True
798.0940 	DATA 	Keypress: equal
798.6434 	DATA 	Keypress: 1
799.5981 	DATA 	Keypress: equal
800.7795 	EXP 	l3q: autoDraw = False
800.7959 	EXP 	vid4_q: autoDraw = True
801.0983 	DATA 	Keypress: equal
802.5987 	DATA 	Keypress: equal
804.1000 	DATA 	Keypress: equal
805.5935 	DATA 	Keypress: equal
807.0950 	DATA 	Keypress: equal
808.5932 	DATA 	Keypress: equal
810.0929 	DATA 	Keypress: equal
811.5942 	DATA 	Keypress: equal
813.0936 	DATA 	Keypress: equal
814.5935 	DATA 	Keypress: equal
816.0931 	DATA 	Keypress: equal
817.5933 	DATA 	Keypress: equal
819.0932 	DATA 	Keypress: equal
820.5946 	DATA 	Keypress: equal
822.0948 	DATA 	Keypress: equal
823.5995 	DATA 	Keypress: equal
824.7788 	EXP 	vid4_q: autoDraw = False
824.7916 	EXP 	vid5_q: autoDraw = True
825.0928 	DATA 	Keypress: equal
826.5929 	DATA 	Keypress: equal
828.0933 	DATA 	Keypress: equal
829.5869 	DATA 	Keypress: equal
831.0934 	DATA 	Keypress: equal
832.5938 	DATA 	Keypress: equal
834.0935 	DATA 	Keypress: equal
835.5933 	DATA 	Keypress: equal
837.0931 	DATA 	Keypress: equal
838.0639 	EXP 	window1: recordFrameIntervals = False
838.0742 	EXP 	vid5_q: autoDraw = False
838.0742 	EXP 	vid1a_q: autoDraw = False
838.0742 	EXP 	vid1b_q: autoDraw = False
838.0742 	EXP 	vid2_q: autoDraw = False
838.0742 	EXP 	l2q: autoDraw = False
838.0742 	EXP 	vid3_q: autoDraw = False
838.0742 	EXP 	l3q: autoDraw = False
838.0742 	EXP 	vid4_q: autoDraw = False
838.0742 	EXP 	vid5_q: autoDraw = False
838.0742 	EXP 	reveal: autoDraw = False
838.2604 	EXP 	window1: recordFrameIntervals = False
839.8501 	DATA 	Keypress: equal
840.0647 	EXP 	eggPainting1: image = 'stimsday1details/egg21.png'
840.0647 	EXP 	eggPainting2: image = 'stimsday1details/newegg10.png'
840.0647 	EXP 	character1: image = 'stimsday1details/newperson10.png'
840.0647 	EXP 	character2: image = 'stimsday1details/couple21.png'
840.0647 	EXP 	gift1: image = 'stimsday1details/gift21.png'
840.0647 	EXP 	gift2: image = 'stimsday1details/new10.png'
840.0647 	EXP 	themeQ1: image = 'stimsday1details/ct21.png'
840.0647 	EXP 	themeQ2: image = 'stimsday1details/t21.png'
840.0647 	EXP 	nameQ1: image = 'stimsday1details/n21.png'
840.0647 	EXP 	nameQ2: image = 'stimsday1details/cn21.png'
840.0647 	EXP 	nameQ1: autoDraw = True
840.0647 	EXP 	nameQ2: autoDraw = True
840.0933 	DATA 	Keypress: equal
840.8260 	DATA 	Keypress: 1
841.5930 	DATA 	Keypress: equal
842.0579 	EXP 	nameQ1: autoDraw = False
842.0579 	EXP 	nameQ2: autoDraw = False
842.0579 	EXP 	nameQ1: autoDraw = False
842.0579 	EXP 	nameQ2: autoDraw = False
842.0579 	EXP 	eggPainting1: autoDraw = True
842.0579 	EXP 	eggPainting2: autoDraw = True
843.0932 	DATA 	Keypress: equal
843.6931 	DATA 	Keypress: 1
844.0581 	EXP 	eggPainting1: autoDraw = False
844.0581 	EXP 	eggPainting2: autoDraw = False
844.0581 	EXP 	eggPainting1: autoDraw = False
844.0581 	EXP 	eggPainting2: autoDraw = False
844.0581 	EXP 	character1: autoDraw = True
844.0581 	EXP 	character2: autoDraw = True
844.5918 	DATA 	Keypress: equal
845.1302 	DATA 	Keypress: 2
846.0569 	EXP 	character1: autoDraw = False
846.0569 	EXP 	character2: autoDraw = False
846.0569 	EXP 	character1: autoDraw = False
846.0569 	EXP 	character2: autoDraw = False
846.0569 	EXP 	themeQ1: autoDraw = True
846.0569 	EXP 	themeQ2: autoDraw = True
846.0930 	DATA 	Keypress: equal
847.0760 	DATA 	Keypress: 2
847.5931 	DATA 	Keypress: equal
848.0620 	EXP 	themeQ1: autoDraw = False
848.0620 	EXP 	themeQ2: autoDraw = False
848.0620 	EXP 	themeQ1: autoDraw = False
848.0620 	EXP 	themeQ2: autoDraw = False
848.0620 	EXP 	gift1: autoDraw = True
848.0620 	EXP 	gift2: autoDraw = True
849.0758 	DATA 	Keypress: 1
849.0928 	DATA 	Keypress: equal
850.0611 	EXP 	gift1: autoDraw = False
850.0611 	EXP 	gift2: autoDraw = False
850.0611 	EXP 	gift1: autoDraw = False
850.0611 	EXP 	gift2: autoDraw = False
850.0611 	EXP 	northorsouth1: autoDraw = True
850.0611 	EXP 	northorsouth2: autoDraw = True
850.5921 	DATA 	Keypress: equal
850.7255 	DATA 	Keypress: 2
852.5383 	DATA 	Keypress: equal
852.5572 	EXP 	northorsouth1: autoDraw = False
852.5572 	EXP 	northorsouth2: autoDraw = False
852.5572 	EXP 	northorsouth1: autoDraw = False
852.5572 	EXP 	northorsouth2: autoDraw = False
852.8640 	EXP 	window1: mouseVisible = True
