1.8272 	WARNING 	Import Error: No module named 'psychtoolbox'. Using event module for keyboard component.
5.2201 	EXP 	Created window1 = Window(allowGUI=False, allowStencil=False, args=UNKNOWN, autoLog=True, bitsMode=UNKNOWN, blendMode='avg', color=array([0., 0., 0.]), colorSpace='rgb', fullscr=<method-wrapper '__getattribute__' of attributeSetter object at 0x13299d31d0>, gamma=None, kwargs=UNKNOWN, lms=UNKNOWN, monitor=<psychopy.monitors.calibTools.Monitor object at 0x132b636cf8>, multiSample=False, name='window1', numSamples=2, pos=[0.0, 0.0], screen=0, size=array([1920, 1080]), stereo=False, units='norm', useFBO=True, useRetina=False, viewOri=0.0, viewPos=None, viewScale=None, waitBlanking=True, winType='pyglet')
5.2202 	EXP 	window1: recordFrameIntervals = False
5.3858 	EXP 	window1: recordFrameIntervals = True
5.5696 	EXP 	window1: recordFrameIntervals = False
5.6936 	EXP 	Created text = TextStim(__class__=<class 'psychopy.visual.text.TextStim'>, alignHoriz='center', alignVert='center', antialias=True, autoLog=True, bold=False, color='white', colorSpace='named', contrast=1.0, depth=0.0, flipHoriz=False, flipVert=False, font='Arial', fontFiles=[], height=0.1, italic=False, languageStyle='LTR', name='text', opacity=1.0, ori=0, pos=array([0., 0.]), rgb=array([255., 255., 255.]), text='Waiting for experimenter...', units='norm', win=Window(...), wrapWidth=1)
5.7030 	EXP 	Created waiting = TextStim(__class__=<class 'psychopy.visual.text.TextStim'>, alignHoriz='center', alignVert='center', antialias=True, autoLog=True, bold=False, color='white', colorSpace='named', contrast=1.0, depth=0.0, flipHoriz=False, flipVert=False, font='Arial', fontFiles=[], height=0.1, italic=False, languageStyle='LTR', name='waiting', opacity=1.0, ori=0, pos=array([0., 0.]), rgb=array([255., 255., 255.]), text='waiting for scanner', units='norm', win=Window(...), wrapWidth=1)
5.7230 	EXP 	Created image_2 = ImageStim(__class__=<class 'psychopy.visual.image.ImageStim'>, autoLog=True, color=array([1., 1., 1.]), colorSpace='rgb', contrast=1.0, depth=0.0, flipHoriz=False, flipVert=False, image='south.png', interpolate=True, mask=None, maskParams=None, name='image_2', opacity=1.0, ori=0.0, pos=array([0., 0.]), size=array([0.8, 0.8]), texRes=128, units='norm', win=Window(...))
5.7289 	EXP 	Created image = ImageStim(__class__=<class 'psychopy.visual.image.ImageStim'>, autoLog=True, color=array([1., 1., 1.]), colorSpace='rgb', contrast=1.0, depth=-8.0, flipHoriz=False, flipVert=False, image='sin', interpolate=True, mask=None, maskParams=None, name='image', opacity=1.0, ori=0.0, pos=array([0., 0.]), size=array([0.5, 0.5]), texRes=128, units='norm', win=Window(...))
5.7407 	EXP 	Created l2q = ImageStim(__class__=<class 'psychopy.visual.image.ImageStim'>, autoLog=True, color=array([1., 1., 1.]), colorSpace='rgb', contrast=1.0, depth=-4.0, flipHoriz=False, flipVert=False, image='LAYER2Q.png', interpolate=True, mask=None, maskParams=None, name='l2q', opacity=1.0, ori=0.0, pos=array([0., 0.]), size=array([0.8, 0.8]), texRes=128, units='norm', win=Window(...))
5.7515 	EXP 	Created l3q = ImageStim(__class__=<class 'psychopy.visual.image.ImageStim'>, autoLog=True, color=array([1., 1., 1.]), colorSpace='rgb', contrast=1.0, depth=-6.0, flipHoriz=False, flipVert=False, image='LAYER3Q.png', interpolate=True, mask=None, maskParams=None, name='l3q', opacity=1.0, ori=0.0, pos=array([0., 0.]), size=array([0.8, 0.8]), texRes=128, units='norm', win=Window(...))
5.7539 	EXP 	Created reveal = ImageStim(__class__=<class 'psychopy.visual.image.ImageStim'>, autoLog=True, color=array([1., 1., 1.]), colorSpace='rgb', contrast=1.0, depth=-12.0, flipHoriz=False, flipVert=False, image='sin', interpolate=True, mask=None, maskParams=None, name='reveal', opacity=1.0, ori=0.0, pos=array([0., 0.]), size=array([0.5, 0.5]), texRes=128, units='norm', win=Window(...))
5.7562 	EXP 	Created nameQ1 = ImageStim(__class__=<class 'psychopy.visual.image.ImageStim'>, autoLog=True, color=array([1., 1., 1.]), colorSpace='rgb', contrast=1.0, depth=-1.0, flipHoriz=False, flipVert=False, image='sin', interpolate=True, mask=None, maskParams=None, name='nameQ1', opacity=1.0, ori=0.0, pos=array([-0.5, -0.2]), size=array([0.5, 0.5]), texRes=128, units='norm', win=Window(...))
5.7586 	EXP 	Created nameQ2 = ImageStim(__class__=<class 'psychopy.visual.image.ImageStim'>, autoLog=True, color=array([1., 1., 1.]), colorSpace='rgb', contrast=1.0, depth=-2.0, flipHoriz=False, flipVert=False, image='sin', interpolate=True, mask=None, maskParams=None, name='nameQ2', opacity=1.0, ori=0.0, pos=array([ 0.5, -0.2]), size=array([0.5, 0.5]), texRes=128, units='norm', win=Window(...))
5.7610 	EXP 	Created eggPainting1 = ImageStim(__class__=<class 'psychopy.visual.image.ImageStim'>, autoLog=True, color=array([1., 1., 1.]), colorSpace='rgb', contrast=1.0, depth=0.0, flipHoriz=False, flipVert=False, image='sin', interpolate=True, mask=None, maskParams=None, name='eggPainting1', opacity=1.0, ori=0.0, pos=array([-0.5, -0.2]), size=array([0.7, 1. ]), texRes=128, units='norm', win=Window(...))
5.7634 	EXP 	Created eggPainting2 = ImageStim(__class__=<class 'psychopy.visual.image.ImageStim'>, autoLog=True, color=array([1., 1., 1.]), colorSpace='rgb', contrast=1.0, depth=-2.0, flipHoriz=False, flipVert=False, image='sin', interpolate=True, mask=None, maskParams=None, name='eggPainting2', opacity=1.0, ori=0.0, pos=array([ 0.5, -0.2]), size=array([0.7, 1. ]), texRes=128, units='norm', win=Window(...))
5.7657 	EXP 	Created character1 = ImageStim(__class__=<class 'psychopy.visual.image.ImageStim'>, autoLog=True, color=array([1., 1., 1.]), colorSpace='rgb', contrast=1.0, depth=0.0, flipHoriz=False, flipVert=False, image='sin', interpolate=True, mask=None, maskParams=None, name='character1', opacity=1.0, ori=0.0, pos=array([-0.5, -0.2]), size=array([0.5, 1. ]), texRes=128, units='norm', win=Window(...))
5.7681 	EXP 	Created character2 = ImageStim(__class__=<class 'psychopy.visual.image.ImageStim'>, autoLog=True, color=array([1., 1., 1.]), colorSpace='rgb', contrast=1.0, depth=-1.0, flipHoriz=False, flipVert=False, image='sin', interpolate=True, mask=None, maskParams=None, name='character2', opacity=1.0, ori=0.0, pos=array([ 0.5, -0.2]), size=array([0.5, 1. ]), texRes=128, units='norm', win=Window(...))
5.7705 	EXP 	Created themeQ1 = ImageStim(__class__=<class 'psychopy.visual.image.ImageStim'>, autoLog=True, color=array([1., 1., 1.]), colorSpace='rgb', contrast=1.0, depth=-1.0, flipHoriz=False, flipVert=False, image='sin', interpolate=True, mask=None, maskParams=None, name='themeQ1', opacity=1.0, ori=0.0, pos=array([-0.5, -0.2]), size=array([0.5, 0.5]), texRes=128, units='norm', win=Window(...))
5.7728 	EXP 	Created themeQ2 = ImageStim(__class__=<class 'psychopy.visual.image.ImageStim'>, autoLog=True, color=array([1., 1., 1.]), colorSpace='rgb', contrast=1.0, depth=-2.0, flipHoriz=False, flipVert=False, image='sin', interpolate=True, mask=None, maskParams=None, name='themeQ2', opacity=1.0, ori=0.0, pos=array([ 0.5, -0.2]), size=array([0.5, 0.5]), texRes=128, units='norm', win=Window(...))
5.7751 	EXP 	Created gift1 = ImageStim(__class__=<class 'psychopy.visual.image.ImageStim'>, autoLog=True, color=array([1., 1., 1.]), colorSpace='rgb', contrast=1.0, depth=0.0, flipHoriz=False, flipVert=False, image='sin', interpolate=True, mask=None, maskParams=None, name='gift1', opacity=1.0, ori=0.0, pos=array([-0.5, -0.2]), size=array([0.5, 0.5]), texRes=128, units='norm', win=Window(...))
5.7775 	EXP 	Created gift2 = ImageStim(__class__=<class 'psychopy.visual.image.ImageStim'>, autoLog=True, color=array([1., 1., 1.]), colorSpace='rgb', contrast=1.0, depth=-1.0, flipHoriz=False, flipVert=False, image='sin', interpolate=True, mask=None, maskParams=None, name='gift2', opacity=1.0, ori=0.0, pos=array([ 0.5, -0.2]), size=array([0.5, 0.5]), texRes=128, units='norm', win=Window(...))
5.7810 	EXP 	Created northorsouth1 = ImageStim(__class__=<class 'psychopy.visual.image.ImageStim'>, autoLog=True, color=array([1., 1., 1.]), colorSpace='rgb', contrast=1.0, depth=0.0, flipHoriz=False, flipVert=False, image='northorsouth1.png', interpolate=True, mask=None, maskParams=None, name='northorsouth1', opacity=1.0, ori=0.0, pos=array([-0.5, -0.2]), size=array([0.5, 0.5]), texRes=128, units='norm', win=Window(...))
5.7844 	EXP 	Created northorsouth2 = ImageStim(__class__=<class 'psychopy.visual.image.ImageStim'>, autoLog=True, color=array([1., 1., 1.]), colorSpace='rgb', contrast=1.0, depth=-2.0, flipHoriz=False, flipVert=False, image='northorsouth2.png', interpolate=True, mask=None, maskParams=None, name='northorsouth2', opacity=1.0, ori=0.0, pos=array([ 0.5, -0.2]), size=array([0.5, 0.5]), texRes=128, units='norm', win=Window(...))
5.8024 	EXP 	text: autoDraw = True
6.8563 	DATA 	Keypress: g
6.8691 	EXP 	text: autoDraw = False
6.8691 	EXP 	waiting: autoDraw = True
22.7208 	DATA 	Keypress: equal
22.7328 	EXP 	Imported chooseBlock4.csv as conditions, 6 conditions, 1 params
22.7333 	EXP 	Created sequence: random, trialTypes=6, nReps=1, seed=None
22.7336 	EXP 	New trial (rep=0, index=0): OrderedDict([('condsFile', 'videoBlock_schemaS_pathB_4.csv')])
22.7429 	EXP 	Imported videoBlock_schemaS_pathB_4.csv as conditions, 1 conditions, 17 params
22.7432 	EXP 	Created sequence: random, trialTypes=1, nReps=1, seed=None
22.7439 	EXP 	New trial (rep=0, index=0): OrderedDict([('northOrSouth', 'south.png'), ('stimFile1a', 'stims/wedding-35.1a.mp4'), ('stimFile1b', 'stims/wedding-35.1b.mp4'), ('stimFile2', 'stims/wedding-35.2b.mp4'), ('stimFile3', 'stims/wedding-35.3a.mp4'), ('stimFile4', 'stims/wedding-35.4b.mp4'), ('stimFile5', 'stims/wedding-35.5.mp4'), ('QeggPainting1', 'stimsday1details/newpainting10.png'), ('Qcharacter1', 'stimsday1details/newperson22.png'), ('Qgift1', 'stimsday1details/gift35.png'), ('QeggPainting2', 'stimsday1details/painting35.png'), ('Qcharacter2', 'stimsday1details/couple35.png'), ('Qgift2', 'stimsday1details/new22.png'), ('Qname1', 'stimsday1details/n35.png'), ('Qtheme1', 'stimsday1details/t35.png'), ('Qname2', 'stimsday1details/cn35.png'), ('Qtheme2', 'stimsday1details/ct35.png')])
22.7547 	EXP 	waiting: autoDraw = False
22.7547 	EXP 	image_2: autoDraw = True
24.2214 	DATA 	Keypress: equal
24.7368 	EXP 	Created sequence: random, trialTypes=1, nReps=1, seed=None
24.7370 	EXP 	New trial (rep=0, index=0): None
25.3341 	EXP 	Created vid1a = MovieStim3(__class__=<class 'psychopy.visual.movie3.MovieStim3'>, autoLog=True, color=UNKNOWN, colorSpace=UNKNOWN, depth=-1.0, filename='stims/wedding-35.1a.mp4', flipHoriz=False, flipVert=False, fps=UNKNOWN, interpolate=True, loop=False, name='vid1a', noAudio=False, opacity=1.0, ori=0, pos=array([0., 0.]), size=array([1280.,  720.]), units='pix', vframe_callback=UNKNOWN, volume=UNKNOWN, win=Window(...))
25.7155 	EXP 	Created vid1b = MovieStim3(__class__=<class 'psychopy.visual.movie3.MovieStim3'>, autoLog=True, color=UNKNOWN, colorSpace=UNKNOWN, depth=-2.0, filename='stims/wedding-35.1b.mp4', flipHoriz=False, flipVert=False, fps=UNKNOWN, interpolate=True, loop=False, name='vid1b', noAudio=False, opacity=1.0, ori=0, pos=array([0., 0.]), size=array([1280.,  720.]), units='pix', vframe_callback=UNKNOWN, volume=UNKNOWN, win=Window(...))
26.1314 	EXP 	Created vid2 = MovieStim3(__class__=<class 'psychopy.visual.movie3.MovieStim3'>, autoLog=True, color=UNKNOWN, colorSpace=UNKNOWN, depth=-3.0, filename='stims/wedding-35.2b.mp4', flipHoriz=False, flipVert=False, fps=UNKNOWN, interpolate=True, loop=False, name='vid2', noAudio=False, opacity=1.0, ori=0, pos=array([0., 0.]), size=array([1280.,  720.]), units='pix', vframe_callback=UNKNOWN, volume=UNKNOWN, win=Window(...))
26.5982 	EXP 	Created vid3 = MovieStim3(__class__=<class 'psychopy.visual.movie3.MovieStim3'>, autoLog=True, color=UNKNOWN, colorSpace=UNKNOWN, depth=-4.0, filename='stims/wedding-35.3a.mp4', flipHoriz=False, flipVert=False, fps=UNKNOWN, interpolate=True, loop=False, name='vid3', noAudio=False, opacity=1.0, ori=0, pos=array([0., 0.]), size=array([1280.,  720.]), units='pix', vframe_callback=UNKNOWN, volume=UNKNOWN, win=Window(...))
27.0649 	EXP 	Created vid4 = MovieStim3(__class__=<class 'psychopy.visual.movie3.MovieStim3'>, autoLog=True, color=UNKNOWN, colorSpace=UNKNOWN, depth=-5.0, filename='stims/wedding-35.4b.mp4', flipHoriz=False, flipVert=False, fps=UNKNOWN, interpolate=True, loop=False, name='vid4', noAudio=False, opacity=1.0, ori=0, pos=array([0., 0.]), size=array([1280.,  720.]), units='pix', vframe_callback=UNKNOWN, volume=UNKNOWN, win=Window(...))
27.4775 	EXP 	Created vid5 = MovieStim3(__class__=<class 'psychopy.visual.movie3.MovieStim3'>, autoLog=True, color=UNKNOWN, colorSpace=UNKNOWN, depth=-6.0, filename='stims/wedding-35.5.mp4', flipHoriz=False, flipVert=False, fps=UNKNOWN, interpolate=True, loop=False, name='vid5', noAudio=False, opacity=1.0, ori=0, pos=array([0., 0.]), size=array([1280.,  720.]), units='pix', vframe_callback=UNKNOWN, volume=UNKNOWN, win=Window(...))
27.5233 	EXP 	Created sequence: random, trialTypes=1, nReps=1, seed=None
27.5237 	EXP 	New trial (rep=0, index=0): None
28.0040 	EXP 	Created vid1a_q = MovieStim3(__class__=<class 'psychopy.visual.movie3.MovieStim3'>, autoLog=True, color=UNKNOWN, colorSpace=UNKNOWN, depth=-1.0, filename='stims/wedding-35.1a.mp4', flipHoriz=False, flipVert=False, fps=UNKNOWN, interpolate=True, loop=False, name='vid1a_q', noAudio=False, opacity=1.0, ori=0, pos=array([0., 0.]), size=array([1280.,  720.]), units='pix', vframe_callback=UNKNOWN, volume=UNKNOWN, win=Window(...))
28.3742 	EXP 	Created vid1b_q = MovieStim3(__class__=<class 'psychopy.visual.movie3.MovieStim3'>, autoLog=True, color=UNKNOWN, colorSpace=UNKNOWN, depth=-2.0, filename='stims/wedding-35.1b.mp4', flipHoriz=False, flipVert=False, fps=UNKNOWN, interpolate=True, loop=False, name='vid1b_q', noAudio=False, opacity=1.0, ori=0, pos=array([0., 0.]), size=array([1280.,  720.]), units='pix', vframe_callback=UNKNOWN, volume=UNKNOWN, win=Window(...))
28.7813 	EXP 	Created vid2_q = MovieStim3(__class__=<class 'psychopy.visual.movie3.MovieStim3'>, autoLog=True, color=UNKNOWN, colorSpace=UNKNOWN, depth=-3.0, filename='stims/wedding-35.2b.mp4', flipHoriz=False, flipVert=False, fps=UNKNOWN, interpolate=True, loop=False, name='vid2_q', noAudio=False, opacity=1.0, ori=0, pos=array([0., 0.]), size=array([1280.,  720.]), units='pix', vframe_callback=UNKNOWN, volume=UNKNOWN, win=Window(...))
29.2406 	EXP 	Created vid3_q = MovieStim3(__class__=<class 'psychopy.visual.movie3.MovieStim3'>, autoLog=True, color=UNKNOWN, colorSpace=UNKNOWN, depth=-5.0, filename='stims/wedding-35.3a.mp4', flipHoriz=False, flipVert=False, fps=UNKNOWN, interpolate=True, loop=False, name='vid3_q', noAudio=False, opacity=1.0, ori=0, pos=array([0., 0.]), size=array([1280.,  720.]), units='pix', vframe_callback=UNKNOWN, volume=UNKNOWN, win=Window(...))
29.6982 	EXP 	Created vid4_q = MovieStim3(__class__=<class 'psychopy.visual.movie3.MovieStim3'>, autoLog=True, color=UNKNOWN, colorSpace=UNKNOWN, depth=-7.0, filename='stims/wedding-35.4b.mp4', flipHoriz=False, flipVert=False, fps=UNKNOWN, interpolate=True, loop=False, name='vid4_q', noAudio=False, opacity=1.0, ori=0, pos=array([0., 0.]), size=array([1280.,  720.]), units='pix', vframe_callback=UNKNOWN, volume=UNKNOWN, win=Window(...))
30.0939 	EXP 	Created vid5_q = MovieStim3(__class__=<class 'psychopy.visual.movie3.MovieStim3'>, autoLog=True, color=UNKNOWN, colorSpace=UNKNOWN, depth=-8.0, filename='stims/wedding-35.5.mp4', flipHoriz=False, flipVert=False, fps=UNKNOWN, interpolate=True, loop=False, name='vid5_q', noAudio=False, opacity=1.0, ori=0, pos=array([0., 0.]), size=array([1280.,  720.]), units='pix', vframe_callback=UNKNOWN, volume=UNKNOWN, win=Window(...))
30.0945 	EXP 	window1: recordFrameIntervals = False
30.0993 	DATA 	Keypress: equal
30.1017 	DATA 	Keypress: equal
30.1042 	DATA 	Keypress: equal
30.1190 	EXP 	image_2: autoDraw = False
30.1190 	EXP 	vid1a: movie = 'stims/wedding-35.1a.mp4'
30.1190 	EXP 	vid1a: autoLog = True
30.1190 	EXP 	vid1b: movie = 'stims/wedding-35.1b.mp4'
30.1190 	EXP 	vid1b: autoLog = True
30.1190 	EXP 	vid2: movie = 'stims/wedding-35.2b.mp4'
30.1190 	EXP 	vid2: autoLog = True
30.1190 	EXP 	vid3: movie = 'stims/wedding-35.3a.mp4'
30.1190 	EXP 	vid3: autoLog = True
30.1190 	EXP 	vid4: movie = 'stims/wedding-35.4b.mp4'
30.1190 	EXP 	vid4: autoLog = True
30.1190 	EXP 	vid5: movie = 'stims/wedding-35.5.mp4'
30.1190 	EXP 	vid5: autoLog = True
30.1190 	EXP 	vid1a: autoDraw = False
30.1190 	EXP 	vid1b: autoDraw = False
30.1190 	EXP 	vid2: autoDraw = False
30.1190 	EXP 	vid3: autoDraw = False
30.1190 	EXP 	vid4: autoDraw = False
30.1190 	EXP 	vid5: autoDraw = False
30.1190 	EXP 	image: autoDraw = False
30.1190 	EXP 	vid1a_q: movie = 'stims/wedding-35.1a.mp4'
30.1190 	EXP 	vid1a_q: autoLog = True
30.1190 	EXP 	vid1b_q: movie = 'stims/wedding-35.1b.mp4'
30.1190 	EXP 	vid1b_q: autoLog = True
30.1190 	EXP 	vid2_q: movie = 'stims/wedding-35.2b.mp4'
30.1190 	EXP 	vid2_q: autoLog = True
30.1190 	EXP 	vid3_q: movie = 'stims/wedding-35.3a.mp4'
30.1190 	EXP 	vid3_q: autoLog = True
30.1190 	EXP 	vid4_q: movie = 'stims/wedding-35.4b.mp4'
30.1190 	EXP 	vid4_q: autoLog = True
30.1190 	EXP 	vid5_q: movie = 'stims/wedding-35.5.mp4'
30.1190 	EXP 	vid5_q: autoLog = True
32.7183 	EXP 	window1: recordFrameIntervals = False
34.3827 	DATA 	Keypress: equal
34.3854 	DATA 	Keypress: equal
34.3879 	DATA 	Keypress: equal
34.5906 	EXP 	vid1a_q: movie = 'stims/wedding-35.1a.mp4'
34.5906 	EXP 	vid1b_q: movie = 'stims/wedding-35.1b.mp4'
34.5906 	EXP 	vid2_q: movie = 'stims/wedding-35.2b.mp4'
34.5906 	EXP 	vid3_q: movie = 'stims/wedding-35.3a.mp4'
34.5906 	EXP 	vid4_q: movie = 'stims/wedding-35.4b.mp4'
34.5906 	EXP 	vid5_q: movie = 'stims/wedding-35.5.mp4'
34.5906 	EXP 	reveal: image = 'south.png'
34.6189 	EXP 	vid1a_q: autoDraw = True
34.6189 	EXP 	reveal: autoDraw = True
34.6189 	EXP 	reveal: autoDraw = False
34.7114 	DATA 	Keypress: equal
36.2120 	DATA 	Keypress: equal
37.7124 	DATA 	Keypress: equal
39.2207 	DATA 	Keypress: equal
40.7208 	DATA 	Keypress: equal
42.2211 	DATA 	Keypress: equal
43.7210 	DATA 	Keypress: equal
45.2208 	DATA 	Keypress: equal
46.7210 	DATA 	Keypress: equal
48.2485 	DATA 	Keypress: equal
49.7207 	DATA 	Keypress: equal
51.2206 	DATA 	Keypress: equal
52.7207 	DATA 	Keypress: equal
54.2211 	DATA 	Keypress: equal
55.7113 	DATA 	Keypress: equal
57.2127 	DATA 	Keypress: equal
57.5353 	EXP 	vid1a_q: autoDraw = False
57.5517 	EXP 	vid1b_q: autoDraw = True
58.7204 	DATA 	Keypress: equal
60.2206 	DATA 	Keypress: equal
61.7207 	DATA 	Keypress: equal
63.2204 	DATA 	Keypress: equal
64.7205 	DATA 	Keypress: equal
66.2104 	DATA 	Keypress: equal
66.2352 	EXP 	Set vid1b_q finished
66.5519 	EXP 	vid2_q: autoDraw = True
67.7207 	DATA 	Keypress: equal
69.2205 	DATA 	Keypress: equal
70.7206 	DATA 	Keypress: equal
72.2205 	DATA 	Keypress: equal
73.7208 	DATA 	Keypress: equal
75.2114 	DATA 	Keypress: equal
76.7396 	DATA 	Keypress: equal
78.2106 	DATA 	Keypress: equal
79.7114 	DATA 	Keypress: equal
81.2119 	DATA 	Keypress: equal
82.7117 	DATA 	Keypress: equal
83.5348 	EXP 	vid2_q: autoDraw = False
83.5516 	EXP 	l2q: autoDraw = True
84.2206 	DATA 	Keypress: equal
85.6367 	DATA 	Keypress: 2
85.7198 	DATA 	Keypress: equal
87.2198 	DATA 	Keypress: equal
87.5347 	EXP 	l2q: autoDraw = False
87.5514 	EXP 	vid3_q: autoDraw = True
88.7202 	DATA 	Keypress: equal
90.2203 	DATA 	Keypress: equal
91.7202 	DATA 	Keypress: equal
93.2224 	DATA 	Keypress: equal
94.7199 	DATA 	Keypress: equal
96.2200 	DATA 	Keypress: equal
97.7093 	DATA 	Keypress: equal
99.2105 	DATA 	Keypress: equal
100.7127 	DATA 	Keypress: equal
102.2107 	DATA 	Keypress: equal
103.7108 	DATA 	Keypress: equal
105.2112 	DATA 	Keypress: equal
106.7105 	DATA 	Keypress: equal
108.2108 	DATA 	Keypress: equal
109.7120 	DATA 	Keypress: equal
110.5346 	EXP 	vid3_q: autoDraw = False
110.5513 	EXP 	l3q: autoDraw = True
111.2199 	DATA 	Keypress: equal
111.9695 	DATA 	Keypress: 2
112.7193 	DATA 	Keypress: equal
114.2201 	DATA 	Keypress: equal
114.5344 	EXP 	l3q: autoDraw = False
114.5513 	EXP 	vid4_q: autoDraw = True
115.7196 	DATA 	Keypress: equal
117.2202 	DATA 	Keypress: equal
118.7198 	DATA 	Keypress: equal
120.2198 	DATA 	Keypress: equal
121.7195 	DATA 	Keypress: equal
123.2198 	DATA 	Keypress: equal
124.7121 	DATA 	Keypress: equal
126.2108 	DATA 	Keypress: equal
127.7113 	DATA 	Keypress: equal
129.2108 	DATA 	Keypress: equal
130.7102 	DATA 	Keypress: equal
132.2113 	DATA 	Keypress: equal
133.7104 	DATA 	Keypress: equal
135.2097 	DATA 	Keypress: equal
136.7107 	DATA 	Keypress: equal
137.4677 	EXP 	Set vid4_q finished
138.2194 	DATA 	Keypress: equal
138.5509 	EXP 	vid5_q: autoDraw = True
139.7195 	DATA 	Keypress: equal
141.2194 	DATA 	Keypress: equal
142.7196 	DATA 	Keypress: equal
144.2201 	DATA 	Keypress: equal
145.7195 	DATA 	Keypress: equal
147.2194 	DATA 	Keypress: equal
148.7089 	DATA 	Keypress: equal
150.2114 	DATA 	Keypress: equal
150.8675 	EXP 	Set vid5_q finished
151.0193 	EXP 	window1: recordFrameIntervals = False
151.0340 	EXP 	vid1a_q: autoDraw = False
151.0340 	EXP 	vid1b_q: autoDraw = False
151.0340 	EXP 	vid2_q: autoDraw = False
151.0340 	EXP 	l2q: autoDraw = False
151.0340 	EXP 	vid3_q: autoDraw = False
151.0340 	EXP 	l3q: autoDraw = False
151.0340 	EXP 	vid4_q: autoDraw = False
151.0340 	EXP 	vid5_q: autoDraw = False
151.0340 	EXP 	reveal: autoDraw = False
151.2324 	EXP 	window1: recordFrameIntervals = False
152.8059 	DATA 	Keypress: equal
153.0341 	EXP 	eggPainting1: image = 'stimsday1details/newpainting10.png'
153.0341 	EXP 	eggPainting2: image = 'stimsday1details/painting35.png'
153.0341 	EXP 	character1: image = 'stimsday1details/newperson22.png'
153.0341 	EXP 	character2: image = 'stimsday1details/couple35.png'
153.0341 	EXP 	gift1: image = 'stimsday1details/gift35.png'
153.0341 	EXP 	gift2: image = 'stimsday1details/new22.png'
153.0341 	EXP 	themeQ1: image = 'stimsday1details/t35.png'
153.0341 	EXP 	themeQ2: image = 'stimsday1details/ct35.png'
153.0341 	EXP 	nameQ1: image = 'stimsday1details/n35.png'
153.0341 	EXP 	nameQ2: image = 'stimsday1details/cn35.png'
153.0341 	EXP 	nameQ1: autoDraw = True
153.0341 	EXP 	nameQ2: autoDraw = True
153.2189 	DATA 	Keypress: equal
154.1358 	DATA 	Keypress: 1
154.7188 	DATA 	Keypress: equal
155.0174 	EXP 	nameQ1: autoDraw = False
155.0174 	EXP 	nameQ2: autoDraw = False
155.0174 	EXP 	nameQ1: autoDraw = False
155.0174 	EXP 	nameQ2: autoDraw = False
155.0174 	EXP 	eggPainting1: autoDraw = True
155.0174 	EXP 	eggPainting2: autoDraw = True
156.2023 	DATA 	Keypress: 2
156.2048 	DATA 	Keypress: equal
157.0174 	EXP 	eggPainting1: autoDraw = False
157.0174 	EXP 	eggPainting2: autoDraw = False
157.0174 	EXP 	eggPainting1: autoDraw = False
157.0174 	EXP 	eggPainting2: autoDraw = False
157.0174 	EXP 	character1: autoDraw = True
157.0174 	EXP 	character2: autoDraw = True
157.7190 	DATA 	Keypress: equal
158.0520 	DATA 	Keypress: 2
159.0172 	EXP 	character1: autoDraw = False
159.0172 	EXP 	character2: autoDraw = False
159.0172 	EXP 	character1: autoDraw = False
159.0172 	EXP 	character2: autoDraw = False
159.0172 	EXP 	themeQ1: autoDraw = True
159.0172 	EXP 	themeQ2: autoDraw = True
159.2189 	DATA 	Keypress: equal
160.2191 	DATA 	Keypress: 1
160.7189 	DATA 	Keypress: equal
161.0172 	EXP 	themeQ1: autoDraw = False
161.0172 	EXP 	themeQ2: autoDraw = False
161.0172 	EXP 	themeQ1: autoDraw = False
161.0172 	EXP 	themeQ2: autoDraw = False
161.0172 	EXP 	gift1: autoDraw = True
161.0172 	EXP 	gift2: autoDraw = True
161.9189 	DATA 	Keypress: 1
162.2189 	DATA 	Keypress: equal
163.0172 	EXP 	gift1: autoDraw = False
163.0172 	EXP 	gift2: autoDraw = False
163.0172 	EXP 	gift1: autoDraw = False
163.0172 	EXP 	gift2: autoDraw = False
163.0172 	EXP 	northorsouth1: autoDraw = True
163.0172 	EXP 	northorsouth2: autoDraw = True
163.7193 	DATA 	Keypress: equal
164.2192 	DATA 	Keypress: 2
165.1793 	EXP 	New trial (rep=0, index=1): OrderedDict([('condsFile', 'videoBlock_schemaS_pathA_5.csv')])
165.1918 	EXP 	Imported videoBlock_schemaS_pathA_5.csv as conditions, 1 conditions, 17 params
165.1924 	EXP 	Created sequence: random, trialTypes=1, nReps=1, seed=None
165.1931 	EXP 	New trial (rep=0, index=0): OrderedDict([('northOrSouth', 'south.png'), ('stimFile1a', 'stims/wedding-26.1a.mp4'), ('stimFile1b', 'stims/wedding-26.1b.mp4'), ('stimFile2', 'stims/wedding-26.2a.mp4'), ('stimFile3', 'stims/wedding-26.3b.mp4'), ('stimFile4', 'stims/wedding-26.4a.mp4'), ('stimFile5', 'stims/wedding-26.5.mp4'), ('QeggPainting1', 'stimsday1details/egg26.png'), ('Qcharacter1', 'stimsday1details/couple26.png'), ('Qgift1', 'stimsday1details/gift26.png'), ('QeggPainting2', 'stimsday1details/newegg11.png'), ('Qcharacter2', 'stimsday1details/newperson11.png'), ('Qgift2', 'stimsday1details/new11.png'), ('Qname1', 'stimsday1details/cn26.png'), ('Qtheme1', 'stimsday1details/ct26.png'), ('Qname2', 'stimsday1details/n26.png'), ('Qtheme2', 'stimsday1details/t26.png')])
165.2004 	EXP 	northorsouth1: autoDraw = False
165.2004 	EXP 	northorsouth2: autoDraw = False
165.2004 	EXP 	northorsouth1: autoDraw = False
165.2004 	EXP 	northorsouth2: autoDraw = False
165.2004 	EXP 	image_2: autoDraw = True
165.2192 	DATA 	Keypress: equal
166.7189 	DATA 	Keypress: equal
167.1851 	EXP 	Created sequence: random, trialTypes=1, nReps=1, seed=None
167.1854 	EXP 	New trial (rep=0, index=0): None
167.6691 	EXP 	Created vid1a = MovieStim3(__class__=<class 'psychopy.visual.movie3.MovieStim3'>, autoLog=True, color=UNKNOWN, colorSpace=UNKNOWN, depth=-1.0, filename='stims/wedding-26.1a.mp4', flipHoriz=False, flipVert=False, fps=UNKNOWN, interpolate=True, loop=False, name='vid1a', noAudio=False, opacity=1.0, ori=0, pos=array([0., 0.]), size=array([1280.,  720.]), units='pix', vframe_callback=UNKNOWN, volume=UNKNOWN, win=Window(...))
168.0552 	EXP 	Created vid1b = MovieStim3(__class__=<class 'psychopy.visual.movie3.MovieStim3'>, autoLog=True, color=UNKNOWN, colorSpace=UNKNOWN, depth=-2.0, filename='stims/wedding-26.1b.mp4', flipHoriz=False, flipVert=False, fps=UNKNOWN, interpolate=True, loop=False, name='vid1b', noAudio=False, opacity=1.0, ori=0, pos=array([0., 0.]), size=array([1280.,  720.]), units='pix', vframe_callback=UNKNOWN, volume=UNKNOWN, win=Window(...))
168.5227 	EXP 	Created vid2 = MovieStim3(__class__=<class 'psychopy.visual.movie3.MovieStim3'>, autoLog=True, color=UNKNOWN, colorSpace=UNKNOWN, depth=-3.0, filename='stims/wedding-26.2a.mp4', flipHoriz=False, flipVert=False, fps=UNKNOWN, interpolate=True, loop=False, name='vid2', noAudio=False, opacity=1.0, ori=0, pos=array([0., 0.]), size=array([1280.,  720.]), units='pix', vframe_callback=UNKNOWN, volume=UNKNOWN, win=Window(...))
169.0700 	EXP 	Created vid3 = MovieStim3(__class__=<class 'psychopy.visual.movie3.MovieStim3'>, autoLog=True, color=UNKNOWN, colorSpace=UNKNOWN, depth=-4.0, filename='stims/wedding-26.3b.mp4', flipHoriz=False, flipVert=False, fps=UNKNOWN, interpolate=True, loop=False, name='vid3', noAudio=False, opacity=1.0, ori=0, pos=array([0., 0.]), size=array([1280.,  720.]), units='pix', vframe_callback=UNKNOWN, volume=UNKNOWN, win=Window(...))
169.6236 	EXP 	Created vid4 = MovieStim3(__class__=<class 'psychopy.visual.movie3.MovieStim3'>, autoLog=True, color=UNKNOWN, colorSpace=UNKNOWN, depth=-5.0, filename='stims/wedding-26.4a.mp4', flipHoriz=False, flipVert=False, fps=UNKNOWN, interpolate=True, loop=False, name='vid4', noAudio=False, opacity=1.0, ori=0, pos=array([0., 0.]), size=array([1280.,  720.]), units='pix', vframe_callback=UNKNOWN, volume=UNKNOWN, win=Window(...))
170.0224 	EXP 	Created vid5 = MovieStim3(__class__=<class 'psychopy.visual.movie3.MovieStim3'>, autoLog=True, color=UNKNOWN, colorSpace=UNKNOWN, depth=-6.0, filename='stims/wedding-26.5.mp4', flipHoriz=False, flipVert=False, fps=UNKNOWN, interpolate=True, loop=False, name='vid5', noAudio=False, opacity=1.0, ori=0, pos=array([0., 0.]), size=array([1280.,  720.]), units='pix', vframe_callback=UNKNOWN, volume=UNKNOWN, win=Window(...))
170.1429 	EXP 	window1: recordFrameIntervals = False
170.1463 	DATA 	Keypress: equal
170.1486 	DATA 	Keypress: equal
170.1673 	EXP 	image_2: autoDraw = False
170.1673 	EXP 	image_2: autoDraw = False
170.1673 	EXP 	vid1a: movie = 'stims/wedding-26.1a.mp4'
170.1673 	EXP 	vid1a: autoLog = True
170.1673 	EXP 	vid1b: movie = 'stims/wedding-26.1b.mp4'
170.1673 	EXP 	vid1b: autoLog = True
170.1673 	EXP 	vid2: movie = 'stims/wedding-26.2a.mp4'
170.1673 	EXP 	vid2: autoLog = True
170.1673 	EXP 	vid3: movie = 'stims/wedding-26.3b.mp4'
170.1673 	EXP 	vid3: autoLog = True
170.1673 	EXP 	vid4: movie = 'stims/wedding-26.4a.mp4'
170.1673 	EXP 	vid4: autoLog = True
170.1673 	EXP 	vid5: movie = 'stims/wedding-26.5.mp4'
170.1673 	EXP 	vid5: autoLog = True
172.9386 	EXP 	window1: recordFrameIntervals = False
174.4311 	DATA 	Keypress: equal
174.4335 	DATA 	Keypress: equal
174.4355 	DATA 	Keypress: equal
174.6381 	EXP 	vid1a: movie = 'stims/wedding-26.1a.mp4'
174.6381 	EXP 	vid1b: movie = 'stims/wedding-26.1b.mp4'
174.6381 	EXP 	vid2: movie = 'stims/wedding-26.2a.mp4'
174.6381 	EXP 	vid3: movie = 'stims/wedding-26.3b.mp4'
174.6381 	EXP 	vid4: movie = 'stims/wedding-26.4a.mp4'
174.6381 	EXP 	vid5: movie = 'stims/wedding-26.5.mp4'
174.6381 	EXP 	image: image = 'south.png'
174.6506 	EXP 	vid1a: autoDraw = True
174.6506 	EXP 	image: autoDraw = True
174.6506 	EXP 	image: autoDraw = False
175.7193 	DATA 	Keypress: equal
177.2191 	DATA 	Keypress: equal
178.7099 	DATA 	Keypress: equal
180.2092 	DATA 	Keypress: equal
181.7094 	DATA 	Keypress: equal
183.2085 	DATA 	Keypress: equal
184.7104 	DATA 	Keypress: equal
186.2080 	DATA 	Keypress: equal
187.7093 	DATA 	Keypress: equal
189.2052 	DATA 	Keypress: equal
190.7100 	DATA 	Keypress: equal
192.2108 	DATA 	Keypress: equal
193.7095 	DATA 	Keypress: equal
195.2286 	DATA 	Keypress: equal
196.6835 	EXP 	Set vid1a finished
196.7188 	DATA 	Keypress: equal
197.2167 	EXP 	vid1b: autoDraw = True
198.2188 	DATA 	Keypress: equal
199.7191 	DATA 	Keypress: equal
201.2188 	DATA 	Keypress: equal
202.7188 	DATA 	Keypress: equal
204.2034 	DATA 	Keypress: equal
205.7034 	DATA 	Keypress: equal
206.1998 	EXP 	vid1b: autoDraw = False
206.2167 	EXP 	vid2: autoDraw = True
207.2187 	DATA 	Keypress: equal
208.7187 	DATA 	Keypress: equal
210.2187 	DATA 	Keypress: equal
211.7188 	DATA 	Keypress: equal
213.2185 	DATA 	Keypress: equal
214.7185 	DATA 	Keypress: equal
216.2093 	DATA 	Keypress: equal
217.7050 	DATA 	Keypress: equal
219.2099 	DATA 	Keypress: equal
220.7097 	DATA 	Keypress: equal
222.0333 	EXP 	Set vid2 finished
222.2022 	DATA 	Keypress: equal
223.2164 	EXP 	vid3: autoDraw = True
223.7024 	DATA 	Keypress: equal
225.2027 	DATA 	Keypress: equal
226.7024 	DATA 	Keypress: equal
228.2195 	DATA 	Keypress: equal
229.7024 	DATA 	Keypress: equal
231.2022 	DATA 	Keypress: equal
232.7094 	DATA 	Keypress: equal
234.2104 	DATA 	Keypress: equal
235.7104 	DATA 	Keypress: equal
237.2089 	DATA 	Keypress: equal
238.7097 	DATA 	Keypress: equal
240.2093 	DATA 	Keypress: equal
241.7016 	DATA 	Keypress: equal
243.2013 	DATA 	Keypress: equal
244.7017 	DATA 	Keypress: equal
246.1994 	EXP 	vid3: autoDraw = False
246.2014 	DATA 	Keypress: equal
246.2163 	EXP 	vid4: autoDraw = True
247.7016 	DATA 	Keypress: equal
249.2014 	DATA 	Keypress: equal
250.7016 	DATA 	Keypress: equal
252.2013 	DATA 	Keypress: equal
253.7016 	DATA 	Keypress: equal
255.2087 	DATA 	Keypress: equal
256.7065 	DATA 	Keypress: equal
258.2012 	DATA 	Keypress: equal
259.7014 	DATA 	Keypress: equal
261.2015 	DATA 	Keypress: equal
262.7012 	DATA 	Keypress: equal
264.2012 	DATA 	Keypress: equal
265.7082 	DATA 	Keypress: equal
267.2013 	DATA 	Keypress: equal
268.7012 	DATA 	Keypress: equal
270.1991 	EXP 	vid4: autoDraw = False
270.2011 	DATA 	Keypress: equal
270.2160 	EXP 	vid5: autoDraw = True
271.7011 	DATA 	Keypress: equal
273.2012 	DATA 	Keypress: equal
274.7011 	DATA 	Keypress: equal
276.2014 	DATA 	Keypress: equal
277.7010 	DATA 	Keypress: equal
279.2011 	DATA 	Keypress: equal
280.7010 	DATA 	Keypress: equal
282.2012 	DATA 	Keypress: equal
282.8323 	EXP 	Set vid5 finished
282.9614 	EXP 	Created sequence: random, trialTypes=1, nReps=1, seed=None
282.9617 	EXP 	New trial (rep=0, index=0): None
283.4334 	EXP 	Created vid1a_q = MovieStim3(__class__=<class 'psychopy.visual.movie3.MovieStim3'>, autoLog=True, color=UNKNOWN, colorSpace=UNKNOWN, depth=-1.0, filename='stims/wedding-26.1a.mp4', flipHoriz=False, flipVert=False, fps=UNKNOWN, interpolate=True, loop=False, name='vid1a_q', noAudio=False, opacity=1.0, ori=0, pos=array([0., 0.]), size=array([1280.,  720.]), units='pix', vframe_callback=UNKNOWN, volume=UNKNOWN, win=Window(...))
283.8126 	EXP 	Created vid1b_q = MovieStim3(__class__=<class 'psychopy.visual.movie3.MovieStim3'>, autoLog=True, color=UNKNOWN, colorSpace=UNKNOWN, depth=-2.0, filename='stims/wedding-26.1b.mp4', flipHoriz=False, flipVert=False, fps=UNKNOWN, interpolate=True, loop=False, name='vid1b_q', noAudio=False, opacity=1.0, ori=0, pos=array([0., 0.]), size=array([1280.,  720.]), units='pix', vframe_callback=UNKNOWN, volume=UNKNOWN, win=Window(...))
284.2661 	EXP 	Created vid2_q = MovieStim3(__class__=<class 'psychopy.visual.movie3.MovieStim3'>, autoLog=True, color=UNKNOWN, colorSpace=UNKNOWN, depth=-3.0, filename='stims/wedding-26.2a.mp4', flipHoriz=False, flipVert=False, fps=UNKNOWN, interpolate=True, loop=False, name='vid2_q', noAudio=False, opacity=1.0, ori=0, pos=array([0., 0.]), size=array([1280.,  720.]), units='pix', vframe_callback=UNKNOWN, volume=UNKNOWN, win=Window(...))
284.7953 	EXP 	Created vid3_q = MovieStim3(__class__=<class 'psychopy.visual.movie3.MovieStim3'>, autoLog=True, color=UNKNOWN, colorSpace=UNKNOWN, depth=-5.0, filename='stims/wedding-26.3b.mp4', flipHoriz=False, flipVert=False, fps=UNKNOWN, interpolate=True, loop=False, name='vid3_q', noAudio=False, opacity=1.0, ori=0, pos=array([0., 0.]), size=array([1280.,  720.]), units='pix', vframe_callback=UNKNOWN, volume=UNKNOWN, win=Window(...))
285.3354 	EXP 	Created vid4_q = MovieStim3(__class__=<class 'psychopy.visual.movie3.MovieStim3'>, autoLog=True, color=UNKNOWN, colorSpace=UNKNOWN, depth=-7.0, filename='stims/wedding-26.4a.mp4', flipHoriz=False, flipVert=False, fps=UNKNOWN, interpolate=True, loop=False, name='vid4_q', noAudio=False, opacity=1.0, ori=0, pos=array([0., 0.]), size=array([1280.,  720.]), units='pix', vframe_callback=UNKNOWN, volume=UNKNOWN, win=Window(...))
285.7228 	EXP 	Created vid5_q = MovieStim3(__class__=<class 'psychopy.visual.movie3.MovieStim3'>, autoLog=True, color=UNKNOWN, colorSpace=UNKNOWN, depth=-8.0, filename='stims/wedding-26.5.mp4', flipHoriz=False, flipVert=False, fps=UNKNOWN, interpolate=True, loop=False, name='vid5_q', noAudio=False, opacity=1.0, ori=0, pos=array([0., 0.]), size=array([1280.,  720.]), units='pix', vframe_callback=UNKNOWN, volume=UNKNOWN, win=Window(...))
285.8864 	EXP 	window1: recordFrameIntervals = False
285.8900 	DATA 	Keypress: equal
285.8924 	DATA 	Keypress: equal
285.9040 	EXP 	vid1a: autoDraw = False
285.9040 	EXP 	vid1b: autoDraw = False
285.9040 	EXP 	vid2: autoDraw = False
285.9040 	EXP 	vid3: autoDraw = False
285.9040 	EXP 	vid4: autoDraw = False
285.9040 	EXP 	vid5: autoDraw = False
285.9040 	EXP 	image: autoDraw = False
285.9040 	EXP 	vid1a_q: movie = 'stims/wedding-26.1a.mp4'
285.9040 	EXP 	vid1a_q: autoLog = True
285.9040 	EXP 	vid1b_q: movie = 'stims/wedding-26.1b.mp4'
285.9040 	EXP 	vid1b_q: autoLog = True
285.9040 	EXP 	vid2_q: movie = 'stims/wedding-26.2a.mp4'
285.9040 	EXP 	vid2_q: autoLog = True
285.9040 	EXP 	vid3_q: movie = 'stims/wedding-26.3b.mp4'
285.9040 	EXP 	vid3_q: autoLog = True
285.9040 	EXP 	vid4_q: movie = 'stims/wedding-26.4a.mp4'
285.9040 	EXP 	vid4_q: autoLog = True
285.9040 	EXP 	vid5_q: movie = 'stims/wedding-26.5.mp4'
285.9040 	EXP 	vid5_q: autoLog = True
285.9040 	EXP 	vid1a_q: autoDraw = False
285.9040 	EXP 	vid1b_q: autoDraw = False
285.9040 	EXP 	vid2_q: autoDraw = False
285.9040 	EXP 	l2q: autoDraw = False
285.9040 	EXP 	vid3_q: autoDraw = False
285.9040 	EXP 	l3q: autoDraw = False
285.9040 	EXP 	vid4_q: autoDraw = False
285.9040 	EXP 	vid5_q: autoDraw = False
285.9040 	EXP 	reveal: autoDraw = False
286.0897 	EXP 	window1: recordFrameIntervals = False
287.6728 	DATA 	Keypress: equal
287.9038 	EXP 	eggPainting1: image = 'stimsday1details/egg26.png'
287.9038 	EXP 	eggPainting2: image = 'stimsday1details/newegg11.png'
287.9038 	EXP 	character1: image = 'stimsday1details/couple26.png'
287.9038 	EXP 	character2: image = 'stimsday1details/newperson11.png'
287.9038 	EXP 	gift1: image = 'stimsday1details/gift26.png'
287.9038 	EXP 	gift2: image = 'stimsday1details/new11.png'
287.9038 	EXP 	themeQ1: image = 'stimsday1details/ct26.png'
287.9038 	EXP 	themeQ2: image = 'stimsday1details/t26.png'
287.9038 	EXP 	nameQ1: image = 'stimsday1details/cn26.png'
287.9038 	EXP 	nameQ2: image = 'stimsday1details/n26.png'
287.9038 	EXP 	nameQ1: autoDraw = True
287.9038 	EXP 	nameQ2: autoDraw = True
288.2005 	DATA 	Keypress: equal
289.7008 	DATA 	Keypress: equal
289.8822 	EXP 	nameQ1: autoDraw = False
289.8822 	EXP 	nameQ2: autoDraw = False
289.8822 	EXP 	nameQ1: autoDraw = False
289.8822 	EXP 	nameQ2: autoDraw = False
289.8822 	EXP 	eggPainting1: autoDraw = True
289.8822 	EXP 	eggPainting2: autoDraw = True
290.0003 	DATA 	Keypress: 2
290.8173 	DATA 	Keypress: 1
291.2003 	DATA 	Keypress: equal
291.8824 	EXP 	eggPainting1: autoDraw = False
291.8824 	EXP 	eggPainting2: autoDraw = False
291.8824 	EXP 	eggPainting1: autoDraw = False
291.8824 	EXP 	eggPainting2: autoDraw = False
291.8824 	EXP 	character1: autoDraw = True
291.8824 	EXP 	character2: autoDraw = True
292.6006 	DATA 	Keypress: 1
292.7009 	DATA 	Keypress: equal
293.8823 	EXP 	character1: autoDraw = False
293.8823 	EXP 	character2: autoDraw = False
293.8823 	EXP 	character1: autoDraw = False
293.8823 	EXP 	character2: autoDraw = False
293.8823 	EXP 	themeQ1: autoDraw = True
293.8823 	EXP 	themeQ2: autoDraw = True
294.2008 	DATA 	Keypress: equal
294.8840 	DATA 	Keypress: 2
295.7009 	DATA 	Keypress: equal
295.8821 	EXP 	themeQ1: autoDraw = False
295.8821 	EXP 	themeQ2: autoDraw = False
295.8821 	EXP 	themeQ1: autoDraw = False
295.8821 	EXP 	themeQ2: autoDraw = False
295.8821 	EXP 	gift1: autoDraw = True
295.8821 	EXP 	gift2: autoDraw = True
296.6505 	DATA 	Keypress: 1
297.2004 	DATA 	Keypress: equal
297.8823 	EXP 	gift1: autoDraw = False
297.8823 	EXP 	gift2: autoDraw = False
297.8823 	EXP 	gift1: autoDraw = False
297.8823 	EXP 	gift2: autoDraw = False
297.8823 	EXP 	northorsouth1: autoDraw = True
297.8823 	EXP 	northorsouth2: autoDraw = True
298.7007 	DATA 	Keypress: equal
298.8341 	DATA 	Keypress: 2
300.0726 	EXP 	New trial (rep=0, index=2): OrderedDict([('condsFile', 'videoBlock_schemaS_pathA_4.csv')])
300.0888 	EXP 	Imported videoBlock_schemaS_pathA_4.csv as conditions, 1 conditions, 17 params
300.0892 	EXP 	Created sequence: random, trialTypes=1, nReps=1, seed=None
300.0900 	EXP 	New trial (rep=0, index=0): OrderedDict([('northOrSouth', 'south.png'), ('stimFile1a', 'stims/wedding-21.1a.mp4'), ('stimFile1b', 'stims/wedding-21.1b.mp4'), ('stimFile2', 'stims/wedding-21.2a.mp4'), ('stimFile3', 'stims/wedding-21.3b.mp4'), ('stimFile4', 'stims/wedding-21.4a.mp4'), ('stimFile5', 'stims/wedding-21.5.mp4'), ('QeggPainting1', 'stimsday1details/egg21.png'), ('Qcharacter1', 'stimsday1details/newperson10.png'), ('Qgift1', 'stimsday1details/gift21.png'), ('QeggPainting2', 'stimsday1details/newegg10.png'), ('Qcharacter2', 'stimsday1details/couple21.png'), ('Qgift2', 'stimsday1details/new10.png'), ('Qname1', 'stimsday1details/n21.png'), ('Qtheme1', 'stimsday1details/ct21.png'), ('Qname2', 'stimsday1details/cn21.png'), ('Qtheme2', 'stimsday1details/t21.png')])
300.0988 	EXP 	northorsouth1: autoDraw = False
300.0988 	EXP 	northorsouth2: autoDraw = False
300.0988 	EXP 	northorsouth1: autoDraw = False
300.0988 	EXP 	northorsouth2: autoDraw = False
300.0988 	EXP 	image_2: autoDraw = True
300.2007 	DATA 	Keypress: equal
301.7009 	DATA 	Keypress: equal
302.0834 	EXP 	Created sequence: random, trialTypes=1, nReps=1, seed=None
302.0837 	EXP 	New trial (rep=0, index=0): None
302.5789 	EXP 	Created vid1a = MovieStim3(__class__=<class 'psychopy.visual.movie3.MovieStim3'>, autoLog=True, color=UNKNOWN, colorSpace=UNKNOWN, depth=-1.0, filename='stims/wedding-21.1a.mp4', flipHoriz=False, flipVert=False, fps=UNKNOWN, interpolate=True, loop=False, name='vid1a', noAudio=False, opacity=1.0, ori=0, pos=array([0., 0.]), size=array([1280.,  720.]), units='pix', vframe_callback=UNKNOWN, volume=UNKNOWN, win=Window(...))
302.9298 	EXP 	Created vid1b = MovieStim3(__class__=<class 'psychopy.visual.movie3.MovieStim3'>, autoLog=True, color=UNKNOWN, colorSpace=UNKNOWN, depth=-2.0, filename='stims/wedding-21.1b.mp4', flipHoriz=False, flipVert=False, fps=UNKNOWN, interpolate=True, loop=False, name='vid1b', noAudio=False, opacity=1.0, ori=0, pos=array([0., 0.]), size=array([1280.,  720.]), units='pix', vframe_callback=UNKNOWN, volume=UNKNOWN, win=Window(...))
303.4197 	EXP 	Created vid2 = MovieStim3(__class__=<class 'psychopy.visual.movie3.MovieStim3'>, autoLog=True, color=UNKNOWN, colorSpace=UNKNOWN, depth=-3.0, filename='stims/wedding-21.2a.mp4', flipHoriz=False, flipVert=False, fps=UNKNOWN, interpolate=True, loop=False, name='vid2', noAudio=False, opacity=1.0, ori=0, pos=array([0., 0.]), size=array([1280.,  720.]), units='pix', vframe_callback=UNKNOWN, volume=UNKNOWN, win=Window(...))
303.9673 	EXP 	Created vid3 = MovieStim3(__class__=<class 'psychopy.visual.movie3.MovieStim3'>, autoLog=True, color=UNKNOWN, colorSpace=UNKNOWN, depth=-4.0, filename='stims/wedding-21.3b.mp4', flipHoriz=False, flipVert=False, fps=UNKNOWN, interpolate=True, loop=False, name='vid3', noAudio=False, opacity=1.0, ori=0, pos=array([0., 0.]), size=array([1280.,  720.]), units='pix', vframe_callback=UNKNOWN, volume=UNKNOWN, win=Window(...))
304.5242 	EXP 	Created vid4 = MovieStim3(__class__=<class 'psychopy.visual.movie3.MovieStim3'>, autoLog=True, color=UNKNOWN, colorSpace=UNKNOWN, depth=-5.0, filename='stims/wedding-21.4a.mp4', flipHoriz=False, flipVert=False, fps=UNKNOWN, interpolate=True, loop=False, name='vid4', noAudio=False, opacity=1.0, ori=0, pos=array([0., 0.]), size=array([1280.,  720.]), units='pix', vframe_callback=UNKNOWN, volume=UNKNOWN, win=Window(...))
304.9134 	EXP 	Created vid5 = MovieStim3(__class__=<class 'psychopy.visual.movie3.MovieStim3'>, autoLog=True, color=UNKNOWN, colorSpace=UNKNOWN, depth=-6.0, filename='stims/wedding-21.5.mp4', flipHoriz=False, flipVert=False, fps=UNKNOWN, interpolate=True, loop=False, name='vid5', noAudio=False, opacity=1.0, ori=0, pos=array([0., 0.]), size=array([1280.,  720.]), units='pix', vframe_callback=UNKNOWN, volume=UNKNOWN, win=Window(...))
305.0012 	EXP 	window1: recordFrameIntervals = False
305.0060 	DATA 	Keypress: equal
305.0086 	DATA 	Keypress: equal
305.0205 	EXP 	image_2: autoDraw = False
305.0205 	EXP 	image_2: autoDraw = False
305.0205 	EXP 	vid1a: movie = 'stims/wedding-21.1a.mp4'
305.0205 	EXP 	vid1a: autoLog = True
305.0205 	EXP 	vid1b: movie = 'stims/wedding-21.1b.mp4'
305.0205 	EXP 	vid1b: autoLog = True
305.0205 	EXP 	vid2: movie = 'stims/wedding-21.2a.mp4'
305.0205 	EXP 	vid2: autoLog = True
305.0205 	EXP 	vid3: movie = 'stims/wedding-21.3b.mp4'
305.0205 	EXP 	vid3: autoLog = True
305.0205 	EXP 	vid4: movie = 'stims/wedding-21.4a.mp4'
305.0205 	EXP 	vid4: autoLog = True
305.0205 	EXP 	vid5: movie = 'stims/wedding-21.5.mp4'
305.0205 	EXP 	vid5: autoLog = True
307.7808 	EXP 	window1: recordFrameIntervals = False
309.2903 	DATA 	Keypress: equal
309.2926 	DATA 	Keypress: equal
309.2946 	DATA 	Keypress: equal
309.4987 	EXP 	vid1a: movie = 'stims/wedding-21.1a.mp4'
309.4987 	EXP 	vid1b: movie = 'stims/wedding-21.1b.mp4'
309.4987 	EXP 	vid2: movie = 'stims/wedding-21.2a.mp4'
309.4987 	EXP 	vid3: movie = 'stims/wedding-21.3b.mp4'
309.4987 	EXP 	vid4: movie = 'stims/wedding-21.4a.mp4'
309.4987 	EXP 	vid5: movie = 'stims/wedding-21.5.mp4'
309.4987 	EXP 	image: image = 'south.png'
309.5173 	EXP 	vid1a: autoDraw = True
309.5173 	EXP 	image: autoDraw = True
309.5173 	EXP 	image: autoDraw = False
310.7010 	DATA 	Keypress: equal
312.2007 	DATA 	Keypress: equal
313.7004 	DATA 	Keypress: equal
315.2010 	DATA 	Keypress: equal
316.7008 	DATA 	Keypress: equal
318.2007 	DATA 	Keypress: equal
319.7115 	DATA 	Keypress: equal
321.2007 	DATA 	Keypress: equal
322.7006 	DATA 	Keypress: equal
324.2006 	DATA 	Keypress: equal
325.7005 	DATA 	Keypress: equal
327.2006 	DATA 	Keypress: equal
328.7004 	DATA 	Keypress: equal
330.2007 	DATA 	Keypress: equal
331.7004 	DATA 	Keypress: equal
332.0985 	EXP 	vid1a: autoDraw = False
332.1150 	EXP 	vid1b: autoDraw = True
333.2005 	DATA 	Keypress: equal
334.7007 	DATA 	Keypress: equal
336.2003 	DATA 	Keypress: equal
337.7005 	DATA 	Keypress: equal
339.2003 	DATA 	Keypress: equal
340.6484 	EXP 	Set vid1b finished
340.7002 	DATA 	Keypress: equal
341.1151 	EXP 	vid2: autoDraw = True
342.2007 	DATA 	Keypress: equal
343.7002 	DATA 	Keypress: equal
345.2305 	DATA 	Keypress: equal
346.7005 	DATA 	Keypress: equal
348.2002 	DATA 	Keypress: equal
349.7002 	DATA 	Keypress: equal
351.1999 	DATA 	Keypress: equal
352.7004 	DATA 	Keypress: equal
354.1999 	DATA 	Keypress: equal
355.7003 	DATA 	Keypress: equal
357.2001 	DATA 	Keypress: equal
358.0982 	EXP 	vid2: autoDraw = False
358.1147 	EXP 	vid3: autoDraw = True
358.7002 	DATA 	Keypress: equal
360.2002 	DATA 	Keypress: equal
361.7001 	DATA 	Keypress: equal
363.2006 	DATA 	Keypress: equal
364.7000 	DATA 	Keypress: equal
366.1998 	DATA 	Keypress: equal
367.7002 	DATA 	Keypress: equal
369.1999 	DATA 	Keypress: equal
370.6998 	DATA 	Keypress: equal
372.1998 	DATA 	Keypress: equal
373.7000 	DATA 	Keypress: equal
375.1998 	DATA 	Keypress: equal
376.6998 	DATA 	Keypress: equal
378.2002 	DATA 	Keypress: equal
379.7275 	DATA 	Keypress: equal
381.0979 	EXP 	vid3: autoDraw = False
381.1146 	EXP 	vid4: autoDraw = True
381.2002 	DATA 	Keypress: equal
382.7000 	DATA 	Keypress: equal
384.1996 	DATA 	Keypress: equal
385.7001 	DATA 	Keypress: equal
387.2001 	DATA 	Keypress: equal
388.6998 	DATA 	Keypress: equal
390.1999 	DATA 	Keypress: equal
391.6996 	DATA 	Keypress: equal
393.1996 	DATA 	Keypress: equal
394.6999 	DATA 	Keypress: equal
396.1996 	DATA 	Keypress: equal
397.6997 	DATA 	Keypress: equal
399.1997 	DATA 	Keypress: equal
400.6996 	DATA 	Keypress: equal
402.1996 	DATA 	Keypress: equal
403.6995 	DATA 	Keypress: equal
405.0976 	EXP 	vid4: autoDraw = False
405.1141 	EXP 	vid5: autoDraw = True
405.1998 	DATA 	Keypress: equal
406.6996 	DATA 	Keypress: equal
408.1997 	DATA 	Keypress: equal
409.6995 	DATA 	Keypress: equal
411.1995 	DATA 	Keypress: equal
412.6993 	DATA 	Keypress: equal
414.2277 	DATA 	Keypress: equal
415.6995 	DATA 	Keypress: equal
417.1993 	DATA 	Keypress: equal
418.2356 	EXP 	Created sequence: random, trialTypes=1, nReps=1, seed=None
418.2359 	EXP 	New trial (rep=0, index=0): None
418.7211 	EXP 	Created vid1a_q = MovieStim3(__class__=<class 'psychopy.visual.movie3.MovieStim3'>, autoLog=True, color=UNKNOWN, colorSpace=UNKNOWN, depth=-1.0, filename='stims/wedding-21.1a.mp4', flipHoriz=False, flipVert=False, fps=UNKNOWN, interpolate=True, loop=False, name='vid1a_q', noAudio=False, opacity=1.0, ori=0, pos=array([0., 0.]), size=array([1280.,  720.]), units='pix', vframe_callback=UNKNOWN, volume=UNKNOWN, win=Window(...))
419.0656 	EXP 	Created vid1b_q = MovieStim3(__class__=<class 'psychopy.visual.movie3.MovieStim3'>, autoLog=True, color=UNKNOWN, colorSpace=UNKNOWN, depth=-2.0, filename='stims/wedding-21.1b.mp4', flipHoriz=False, flipVert=False, fps=UNKNOWN, interpolate=True, loop=False, name='vid1b_q', noAudio=False, opacity=1.0, ori=0, pos=array([0., 0.]), size=array([1280.,  720.]), units='pix', vframe_callback=UNKNOWN, volume=UNKNOWN, win=Window(...))
419.5408 	EXP 	Created vid2_q = MovieStim3(__class__=<class 'psychopy.visual.movie3.MovieStim3'>, autoLog=True, color=UNKNOWN, colorSpace=UNKNOWN, depth=-3.0, filename='stims/wedding-21.2a.mp4', flipHoriz=False, flipVert=False, fps=UNKNOWN, interpolate=True, loop=False, name='vid2_q', noAudio=False, opacity=1.0, ori=0, pos=array([0., 0.]), size=array([1280.,  720.]), units='pix', vframe_callback=UNKNOWN, volume=UNKNOWN, win=Window(...))
420.0616 	EXP 	Created vid3_q = MovieStim3(__class__=<class 'psychopy.visual.movie3.MovieStim3'>, autoLog=True, color=UNKNOWN, colorSpace=UNKNOWN, depth=-5.0, filename='stims/wedding-21.3b.mp4', flipHoriz=False, flipVert=False, fps=UNKNOWN, interpolate=True, loop=False, name='vid3_q', noAudio=False, opacity=1.0, ori=0, pos=array([0., 0.]), size=array([1280.,  720.]), units='pix', vframe_callback=UNKNOWN, volume=UNKNOWN, win=Window(...))
420.5970 	EXP 	Created vid4_q = MovieStim3(__class__=<class 'psychopy.visual.movie3.MovieStim3'>, autoLog=True, color=UNKNOWN, colorSpace=UNKNOWN, depth=-7.0, filename='stims/wedding-21.4a.mp4', flipHoriz=False, flipVert=False, fps=UNKNOWN, interpolate=True, loop=False, name='vid4_q', noAudio=False, opacity=1.0, ori=0, pos=array([0., 0.]), size=array([1280.,  720.]), units='pix', vframe_callback=UNKNOWN, volume=UNKNOWN, win=Window(...))
420.9755 	EXP 	Created vid5_q = MovieStim3(__class__=<class 'psychopy.visual.movie3.MovieStim3'>, autoLog=True, color=UNKNOWN, colorSpace=UNKNOWN, depth=-8.0, filename='stims/wedding-21.5.mp4', flipHoriz=False, flipVert=False, fps=UNKNOWN, interpolate=True, loop=False, name='vid5_q', noAudio=False, opacity=1.0, ori=0, pos=array([0., 0.]), size=array([1280.,  720.]), units='pix', vframe_callback=UNKNOWN, volume=UNKNOWN, win=Window(...))
421.2339 	EXP 	window1: recordFrameIntervals = False
421.2372 	DATA 	Keypress: equal
421.2395 	DATA 	Keypress: equal
421.2509 	EXP 	vid5: autoDraw = False
421.2509 	EXP 	vid1a: autoDraw = False
421.2509 	EXP 	vid1b: autoDraw = False
421.2509 	EXP 	vid2: autoDraw = False
421.2509 	EXP 	vid3: autoDraw = False
421.2509 	EXP 	vid4: autoDraw = False
421.2509 	EXP 	vid5: autoDraw = False
421.2509 	EXP 	image: autoDraw = False
421.2509 	EXP 	vid1a_q: movie = 'stims/wedding-21.1a.mp4'
421.2509 	EXP 	vid1a_q: autoLog = True
421.2509 	EXP 	vid1b_q: movie = 'stims/wedding-21.1b.mp4'
421.2509 	EXP 	vid1b_q: autoLog = True
421.2509 	EXP 	vid2_q: movie = 'stims/wedding-21.2a.mp4'
421.2509 	EXP 	vid2_q: autoLog = True
421.2509 	EXP 	vid3_q: movie = 'stims/wedding-21.3b.mp4'
421.2509 	EXP 	vid3_q: autoLog = True
421.2509 	EXP 	vid4_q: movie = 'stims/wedding-21.4a.mp4'
421.2509 	EXP 	vid4_q: autoLog = True
421.2509 	EXP 	vid5_q: movie = 'stims/wedding-21.5.mp4'
421.2509 	EXP 	vid5_q: autoLog = True
421.2509 	EXP 	vid1a_q: autoDraw = False
421.2509 	EXP 	vid1b_q: autoDraw = False
421.2509 	EXP 	vid2_q: autoDraw = False
421.2509 	EXP 	l2q: autoDraw = False
421.2509 	EXP 	vid3_q: autoDraw = False
421.2509 	EXP 	l3q: autoDraw = False
421.2509 	EXP 	vid4_q: autoDraw = False
421.2509 	EXP 	vid5_q: autoDraw = False
421.2509 	EXP 	reveal: autoDraw = False
421.4389 	EXP 	window1: recordFrameIntervals = False
423.0206 	DATA 	Keypress: equal
423.1939 	DATA 	Keypress: equal
423.2515 	EXP 	eggPainting1: image = 'stimsday1details/egg21.png'
423.2515 	EXP 	eggPainting2: image = 'stimsday1details/newegg10.png'
423.2515 	EXP 	character1: image = 'stimsday1details/newperson10.png'
423.2515 	EXP 	character2: image = 'stimsday1details/couple21.png'
423.2515 	EXP 	gift1: image = 'stimsday1details/gift21.png'
423.2515 	EXP 	gift2: image = 'stimsday1details/new10.png'
423.2515 	EXP 	themeQ1: image = 'stimsday1details/ct21.png'
423.2515 	EXP 	themeQ2: image = 'stimsday1details/t21.png'
423.2515 	EXP 	nameQ1: image = 'stimsday1details/n21.png'
423.2515 	EXP 	nameQ2: image = 'stimsday1details/cn21.png'
423.2515 	EXP 	nameQ1: autoDraw = True
423.2515 	EXP 	nameQ2: autoDraw = True
424.4326 	DATA 	Keypress: 1
424.6988 	DATA 	Keypress: equal
425.2307 	EXP 	nameQ1: autoDraw = False
425.2307 	EXP 	nameQ2: autoDraw = False
425.2307 	EXP 	nameQ1: autoDraw = False
425.2307 	EXP 	nameQ2: autoDraw = False
425.2307 	EXP 	eggPainting1: autoDraw = True
425.2307 	EXP 	eggPainting2: autoDraw = True
425.8987 	DATA 	Keypress: 1
426.1988 	DATA 	Keypress: equal
427.2306 	EXP 	eggPainting1: autoDraw = False
427.2306 	EXP 	eggPainting2: autoDraw = False
427.2306 	EXP 	eggPainting1: autoDraw = False
427.2306 	EXP 	eggPainting2: autoDraw = False
427.2306 	EXP 	character1: autoDraw = True
427.2306 	EXP 	character2: autoDraw = True
427.6989 	DATA 	Keypress: equal
428.1988 	DATA 	Keypress: 2
429.1989 	DATA 	Keypress: equal
429.2306 	EXP 	character1: autoDraw = False
429.2306 	EXP 	character2: autoDraw = False
429.2306 	EXP 	character1: autoDraw = False
429.2306 	EXP 	character2: autoDraw = False
429.2306 	EXP 	themeQ1: autoDraw = True
429.2306 	EXP 	themeQ2: autoDraw = True
430.3490 	DATA 	Keypress: 2
430.6987 	DATA 	Keypress: equal
431.2306 	EXP 	themeQ1: autoDraw = False
431.2306 	EXP 	themeQ2: autoDraw = False
431.2306 	EXP 	themeQ1: autoDraw = False
431.2306 	EXP 	themeQ2: autoDraw = False
431.2306 	EXP 	gift1: autoDraw = True
431.2306 	EXP 	gift2: autoDraw = True
432.0332 	DATA 	Keypress: 1
432.1993 	DATA 	Keypress: equal
433.2304 	EXP 	gift1: autoDraw = False
433.2304 	EXP 	gift2: autoDraw = False
433.2304 	EXP 	gift1: autoDraw = False
433.2304 	EXP 	gift2: autoDraw = False
433.2304 	EXP 	northorsouth1: autoDraw = True
433.2304 	EXP 	northorsouth2: autoDraw = True
433.6989 	DATA 	Keypress: equal
434.3819 	DATA 	Keypress: 2
435.1991 	DATA 	Keypress: equal
435.4575 	EXP 	New trial (rep=0, index=3): OrderedDict([('condsFile', 'videoBlock_schemaS_pathB_6.csv')])
435.4724 	EXP 	Imported videoBlock_schemaS_pathB_6.csv as conditions, 1 conditions, 17 params
435.4729 	EXP 	Created sequence: random, trialTypes=1, nReps=1, seed=None
435.4737 	EXP 	New trial (rep=0, index=0): OrderedDict([('northOrSouth', 'south.png'), ('stimFile1a', 'stims/wedding-37.1a.mp4'), ('stimFile1b', 'stims/wedding-37.1b.mp4'), ('stimFile2', 'stims/wedding-37.2b.mp4'), ('stimFile3', 'stims/wedding-37.3a.mp4'), ('stimFile4', 'stims/wedding-37.4b.mp4'), ('stimFile5', 'stims/wedding-37.5.mp4'), ('QeggPainting1', 'stimsday1details/painting37.png'), ('Qcharacter1', 'stimsday1details/couple37.png'), ('Qgift1', 'stimsday1details/gift37.png'), ('QeggPainting2', 'stimsday1details/newpainting12.png'), ('Qcharacter2', 'stimsday1details/newperson24.png'), ('Qgift2', 'stimsday1details/new24.png'), ('Qname1', 'stimsday1details/n37.png'), ('Qtheme1', 'stimsday1details/t37.png'), ('Qname2', 'stimsday1details/cn37.png'), ('Qtheme2', 'stimsday1details/ct37.png')])
435.4805 	EXP 	northorsouth1: autoDraw = False
435.4805 	EXP 	northorsouth2: autoDraw = False
435.4805 	EXP 	northorsouth1: autoDraw = False
435.4805 	EXP 	northorsouth2: autoDraw = False
435.4805 	EXP 	image_2: autoDraw = True
436.6992 	DATA 	Keypress: equal
437.4652 	EXP 	Created sequence: random, trialTypes=1, nReps=1, seed=None
437.4655 	EXP 	New trial (rep=0, index=0): None
437.9650 	EXP 	Created vid1a = MovieStim3(__class__=<class 'psychopy.visual.movie3.MovieStim3'>, autoLog=True, color=UNKNOWN, colorSpace=UNKNOWN, depth=-1.0, filename='stims/wedding-37.1a.mp4', flipHoriz=False, flipVert=False, fps=UNKNOWN, interpolate=True, loop=False, name='vid1a', noAudio=False, opacity=1.0, ori=0, pos=array([0., 0.]), size=array([1280.,  720.]), units='pix', vframe_callback=UNKNOWN, volume=UNKNOWN, win=Window(...))
438.3501 	EXP 	Created vid1b = MovieStim3(__class__=<class 'psychopy.visual.movie3.MovieStim3'>, autoLog=True, color=UNKNOWN, colorSpace=UNKNOWN, depth=-2.0, filename='stims/wedding-37.1b.mp4', flipHoriz=False, flipVert=False, fps=UNKNOWN, interpolate=True, loop=False, name='vid1b', noAudio=False, opacity=1.0, ori=0, pos=array([0., 0.]), size=array([1280.,  720.]), units='pix', vframe_callback=UNKNOWN, volume=UNKNOWN, win=Window(...))
438.7721 	EXP 	Created vid2 = MovieStim3(__class__=<class 'psychopy.visual.movie3.MovieStim3'>, autoLog=True, color=UNKNOWN, colorSpace=UNKNOWN, depth=-3.0, filename='stims/wedding-37.2b.mp4', flipHoriz=False, flipVert=False, fps=UNKNOWN, interpolate=True, loop=False, name='vid2', noAudio=False, opacity=1.0, ori=0, pos=array([0., 0.]), size=array([1280.,  720.]), units='pix', vframe_callback=UNKNOWN, volume=UNKNOWN, win=Window(...))
439.2416 	EXP 	Created vid3 = MovieStim3(__class__=<class 'psychopy.visual.movie3.MovieStim3'>, autoLog=True, color=UNKNOWN, colorSpace=UNKNOWN, depth=-4.0, filename='stims/wedding-37.3a.mp4', flipHoriz=False, flipVert=False, fps=UNKNOWN, interpolate=True, loop=False, name='vid3', noAudio=False, opacity=1.0, ori=0, pos=array([0., 0.]), size=array([1280.,  720.]), units='pix', vframe_callback=UNKNOWN, volume=UNKNOWN, win=Window(...))
439.7204 	EXP 	Created vid4 = MovieStim3(__class__=<class 'psychopy.visual.movie3.MovieStim3'>, autoLog=True, color=UNKNOWN, colorSpace=UNKNOWN, depth=-5.0, filename='stims/wedding-37.4b.mp4', flipHoriz=False, flipVert=False, fps=UNKNOWN, interpolate=True, loop=False, name='vid4', noAudio=False, opacity=1.0, ori=0, pos=array([0., 0.]), size=array([1280.,  720.]), units='pix', vframe_callback=UNKNOWN, volume=UNKNOWN, win=Window(...))
440.1329 	EXP 	Created vid5 = MovieStim3(__class__=<class 'psychopy.visual.movie3.MovieStim3'>, autoLog=True, color=UNKNOWN, colorSpace=UNKNOWN, depth=-6.0, filename='stims/wedding-37.5.mp4', flipHoriz=False, flipVert=False, fps=UNKNOWN, interpolate=True, loop=False, name='vid5', noAudio=False, opacity=1.0, ori=0, pos=array([0., 0.]), size=array([1280.,  720.]), units='pix', vframe_callback=UNKNOWN, volume=UNKNOWN, win=Window(...))
440.2375 	EXP 	window1: recordFrameIntervals = False
440.2409 	DATA 	Keypress: equal
440.2432 	DATA 	Keypress: equal
440.2639 	EXP 	image_2: autoDraw = False
440.2639 	EXP 	image_2: autoDraw = False
440.2639 	EXP 	vid1a: movie = 'stims/wedding-37.1a.mp4'
440.2639 	EXP 	vid1a: autoLog = True
440.2639 	EXP 	vid1b: movie = 'stims/wedding-37.1b.mp4'
440.2639 	EXP 	vid1b: autoLog = True
440.2639 	EXP 	vid2: movie = 'stims/wedding-37.2b.mp4'
440.2639 	EXP 	vid2: autoLog = True
440.2639 	EXP 	vid3: movie = 'stims/wedding-37.3a.mp4'
440.2639 	EXP 	vid3: autoLog = True
440.2639 	EXP 	vid4: movie = 'stims/wedding-37.4b.mp4'
440.2639 	EXP 	vid4: autoLog = True
440.2639 	EXP 	vid5: movie = 'stims/wedding-37.5.mp4'
440.2639 	EXP 	vid5: autoLog = True
442.8909 	EXP 	window1: recordFrameIntervals = False
444.5250 	DATA 	Keypress: equal
444.5273 	DATA 	Keypress: equal
444.5293 	DATA 	Keypress: equal
444.7326 	EXP 	vid1a: movie = 'stims/wedding-37.1a.mp4'
444.7326 	EXP 	vid1b: movie = 'stims/wedding-37.1b.mp4'
444.7326 	EXP 	vid2: movie = 'stims/wedding-37.2b.mp4'
444.7326 	EXP 	vid3: movie = 'stims/wedding-37.3a.mp4'
444.7326 	EXP 	vid4: movie = 'stims/wedding-37.4b.mp4'
444.7326 	EXP 	vid5: movie = 'stims/wedding-37.5.mp4'
444.7326 	EXP 	image: image = 'south.png'
444.7472 	EXP 	vid1a: autoDraw = True
444.7472 	EXP 	image: autoDraw = True
444.7472 	EXP 	image: autoDraw = False
445.6993 	DATA 	Keypress: equal
447.1990 	DATA 	Keypress: equal
448.6993 	DATA 	Keypress: equal
450.1990 	DATA 	Keypress: equal
451.6991 	DATA 	Keypress: equal
453.1989 	DATA 	Keypress: equal
454.6989 	DATA 	Keypress: equal
456.1988 	DATA 	Keypress: equal
457.6991 	DATA 	Keypress: equal
459.1988 	DATA 	Keypress: equal
460.6990 	DATA 	Keypress: equal
462.1992 	DATA 	Keypress: equal
463.6990 	DATA 	Keypress: equal
465.1991 	DATA 	Keypress: equal
466.6989 	DATA 	Keypress: equal
467.4801 	EXP 	vid1a: autoDraw = False
467.4968 	EXP 	vid1b: autoDraw = True
468.1989 	DATA 	Keypress: equal
469.6987 	DATA 	Keypress: equal
471.1985 	DATA 	Keypress: equal
472.6988 	DATA 	Keypress: equal
474.1990 	DATA 	Keypress: equal
475.6985 	DATA 	Keypress: equal
475.9299 	EXP 	Set vid1b finished
476.4967 	EXP 	vid2: autoDraw = True
477.1985 	DATA 	Keypress: equal
478.6984 	DATA 	Keypress: equal
480.1988 	DATA 	Keypress: equal
481.6989 	DATA 	Keypress: equal
483.1988 	DATA 	Keypress: equal
484.6987 	DATA 	Keypress: equal
486.1984 	DATA 	Keypress: equal
487.6985 	DATA 	Keypress: equal
489.1984 	DATA 	Keypress: equal
490.6984 	DATA 	Keypress: equal
492.1983 	DATA 	Keypress: equal
493.1630 	EXP 	Set vid2 finished
493.4965 	EXP 	vid3: autoDraw = True
493.6983 	DATA 	Keypress: equal
495.1983 	DATA 	Keypress: equal
496.6981 	DATA 	Keypress: equal
498.1984 	DATA 	Keypress: equal
499.6997 	DATA 	Keypress: equal
501.1981 	DATA 	Keypress: equal
502.6982 	DATA 	Keypress: equal
504.1988 	DATA 	Keypress: equal
505.6982 	DATA 	Keypress: equal
507.1983 	DATA 	Keypress: equal
508.6982 	DATA 	Keypress: equal
510.1984 	DATA 	Keypress: equal
511.6981 	DATA 	Keypress: equal
513.1984 	DATA 	Keypress: equal
514.6984 	DATA 	Keypress: equal
516.1981 	DATA 	Keypress: equal
516.3795 	EXP 	Set vid3 finished
516.4962 	EXP 	vid4: autoDraw = True
517.6983 	DATA 	Keypress: equal
519.1980 	DATA 	Keypress: equal
520.6982 	DATA 	Keypress: equal
522.1980 	DATA 	Keypress: equal
523.6982 	DATA 	Keypress: equal
525.1981 	DATA 	Keypress: equal
526.6981 	DATA 	Keypress: equal
528.1981 	DATA 	Keypress: equal
529.6978 	DATA 	Keypress: equal
531.1981 	DATA 	Keypress: equal
532.6979 	DATA 	Keypress: equal
534.2173 	DATA 	Keypress: equal
535.6979 	DATA 	Keypress: equal
537.1981 	DATA 	Keypress: equal
538.6980 	DATA 	Keypress: equal
540.1126 	EXP 	Set vid4 finished
540.1978 	DATA 	Keypress: equal
540.4959 	EXP 	vid5: autoDraw = True
541.6981 	DATA 	Keypress: equal
543.1980 	DATA 	Keypress: equal
544.6977 	DATA 	Keypress: equal
546.1979 	DATA 	Keypress: equal
547.6980 	DATA 	Keypress: equal
549.1980 	DATA 	Keypress: equal
550.6977 	DATA 	Keypress: equal
552.1898 	DATA 	Keypress: equal
552.9124 	EXP 	Set vid5 finished
553.1079 	EXP 	Created sequence: random, trialTypes=1, nReps=1, seed=None
553.1082 	EXP 	New trial (rep=0, index=0): None
553.6010 	EXP 	Created vid1a_q = MovieStim3(__class__=<class 'psychopy.visual.movie3.MovieStim3'>, autoLog=True, color=UNKNOWN, colorSpace=UNKNOWN, depth=-1.0, filename='stims/wedding-37.1a.mp4', flipHoriz=False, flipVert=False, fps=UNKNOWN, interpolate=True, loop=False, name='vid1a_q', noAudio=False, opacity=1.0, ori=0, pos=array([0., 0.]), size=array([1280.,  720.]), units='pix', vframe_callback=UNKNOWN, volume=UNKNOWN, win=Window(...))
553.9739 	EXP 	Created vid1b_q = MovieStim3(__class__=<class 'psychopy.visual.movie3.MovieStim3'>, autoLog=True, color=UNKNOWN, colorSpace=UNKNOWN, depth=-2.0, filename='stims/wedding-37.1b.mp4', flipHoriz=False, flipVert=False, fps=UNKNOWN, interpolate=True, loop=False, name='vid1b_q', noAudio=False, opacity=1.0, ori=0, pos=array([0., 0.]), size=array([1280.,  720.]), units='pix', vframe_callback=UNKNOWN, volume=UNKNOWN, win=Window(...))
554.3904 	EXP 	Created vid2_q = MovieStim3(__class__=<class 'psychopy.visual.movie3.MovieStim3'>, autoLog=True, color=UNKNOWN, colorSpace=UNKNOWN, depth=-3.0, filename='stims/wedding-37.2b.mp4', flipHoriz=False, flipVert=False, fps=UNKNOWN, interpolate=True, loop=False, name='vid2_q', noAudio=False, opacity=1.0, ori=0, pos=array([0., 0.]), size=array([1280.,  720.]), units='pix', vframe_callback=UNKNOWN, volume=UNKNOWN, win=Window(...))
554.8562 	EXP 	Created vid3_q = MovieStim3(__class__=<class 'psychopy.visual.movie3.MovieStim3'>, autoLog=True, color=UNKNOWN, colorSpace=UNKNOWN, depth=-5.0, filename='stims/wedding-37.3a.mp4', flipHoriz=False, flipVert=False, fps=UNKNOWN, interpolate=True, loop=False, name='vid3_q', noAudio=False, opacity=1.0, ori=0, pos=array([0., 0.]), size=array([1280.,  720.]), units='pix', vframe_callback=UNKNOWN, volume=UNKNOWN, win=Window(...))
555.3234 	EXP 	Created vid4_q = MovieStim3(__class__=<class 'psychopy.visual.movie3.MovieStim3'>, autoLog=True, color=UNKNOWN, colorSpace=UNKNOWN, depth=-7.0, filename='stims/wedding-37.4b.mp4', flipHoriz=False, flipVert=False, fps=UNKNOWN, interpolate=True, loop=False, name='vid4_q', noAudio=False, opacity=1.0, ori=0, pos=array([0., 0.]), size=array([1280.,  720.]), units='pix', vframe_callback=UNKNOWN, volume=UNKNOWN, win=Window(...))
555.7221 	EXP 	Created vid5_q = MovieStim3(__class__=<class 'psychopy.visual.movie3.MovieStim3'>, autoLog=True, color=UNKNOWN, colorSpace=UNKNOWN, depth=-8.0, filename='stims/wedding-37.5.mp4', flipHoriz=False, flipVert=False, fps=UNKNOWN, interpolate=True, loop=False, name='vid5_q', noAudio=False, opacity=1.0, ori=0, pos=array([0., 0.]), size=array([1280.,  720.]), units='pix', vframe_callback=UNKNOWN, volume=UNKNOWN, win=Window(...))
556.0163 	EXP 	window1: recordFrameIntervals = False
556.0194 	DATA 	Keypress: equal
556.0216 	DATA 	Keypress: equal
556.0328 	EXP 	vid1a: autoDraw = False
556.0328 	EXP 	vid1b: autoDraw = False
556.0328 	EXP 	vid2: autoDraw = False
556.0328 	EXP 	vid3: autoDraw = False
556.0328 	EXP 	vid4: autoDraw = False
556.0328 	EXP 	vid5: autoDraw = False
556.0328 	EXP 	image: autoDraw = False
556.0328 	EXP 	vid1a_q: movie = 'stims/wedding-37.1a.mp4'
556.0328 	EXP 	vid1a_q: autoLog = True
556.0328 	EXP 	vid1b_q: movie = 'stims/wedding-37.1b.mp4'
556.0328 	EXP 	vid1b_q: autoLog = True
556.0328 	EXP 	vid2_q: movie = 'stims/wedding-37.2b.mp4'
556.0328 	EXP 	vid2_q: autoLog = True
556.0328 	EXP 	vid3_q: movie = 'stims/wedding-37.3a.mp4'
556.0328 	EXP 	vid3_q: autoLog = True
556.0328 	EXP 	vid4_q: movie = 'stims/wedding-37.4b.mp4'
556.0328 	EXP 	vid4_q: autoLog = True
556.0328 	EXP 	vid5_q: movie = 'stims/wedding-37.5.mp4'
556.0328 	EXP 	vid5_q: autoLog = True
556.0328 	EXP 	vid1a_q: autoDraw = False
556.0328 	EXP 	vid1b_q: autoDraw = False
556.0328 	EXP 	vid2_q: autoDraw = False
556.0328 	EXP 	l2q: autoDraw = False
556.0328 	EXP 	vid3_q: autoDraw = False
556.0328 	EXP 	l3q: autoDraw = False
556.0328 	EXP 	vid4_q: autoDraw = False
556.0328 	EXP 	vid5_q: autoDraw = False
556.0328 	EXP 	reveal: autoDraw = False
556.2005 	EXP 	window1: recordFrameIntervals = False
557.8031 	DATA 	Keypress: equal
558.0290 	EXP 	eggPainting1: image = 'stimsday1details/painting37.png'
558.0290 	EXP 	eggPainting2: image = 'stimsday1details/newpainting12.png'
558.0290 	EXP 	character1: image = 'stimsday1details/couple37.png'
558.0290 	EXP 	character2: image = 'stimsday1details/newperson24.png'
558.0290 	EXP 	gift1: image = 'stimsday1details/gift37.png'
558.0290 	EXP 	gift2: image = 'stimsday1details/new24.png'
558.0290 	EXP 	themeQ1: image = 'stimsday1details/t37.png'
558.0290 	EXP 	themeQ2: image = 'stimsday1details/ct37.png'
558.0290 	EXP 	nameQ1: image = 'stimsday1details/n37.png'
558.0290 	EXP 	nameQ2: image = 'stimsday1details/cn37.png'
558.0290 	EXP 	nameQ1: autoDraw = True
558.0290 	EXP 	nameQ2: autoDraw = True
558.1974 	DATA 	Keypress: equal
559.1644 	DATA 	Keypress: 1
559.6975 	DATA 	Keypress: equal
560.0121 	EXP 	nameQ1: autoDraw = False
560.0121 	EXP 	nameQ2: autoDraw = False
560.0121 	EXP 	nameQ1: autoDraw = False
560.0121 	EXP 	nameQ2: autoDraw = False
560.0121 	EXP 	eggPainting1: autoDraw = True
560.0121 	EXP 	eggPainting2: autoDraw = True
561.1140 	DATA 	Keypress: 1
561.1973 	DATA 	Keypress: equal
562.0121 	EXP 	eggPainting1: autoDraw = False
562.0121 	EXP 	eggPainting2: autoDraw = False
562.0121 	EXP 	eggPainting1: autoDraw = False
562.0121 	EXP 	eggPainting2: autoDraw = False
562.0121 	EXP 	character1: autoDraw = True
562.0121 	EXP 	character2: autoDraw = True
562.6973 	DATA 	Keypress: equal
563.3639 	DATA 	Keypress: 1
564.0122 	EXP 	character1: autoDraw = False
564.0122 	EXP 	character2: autoDraw = False
564.0122 	EXP 	character1: autoDraw = False
564.0122 	EXP 	character2: autoDraw = False
564.0122 	EXP 	themeQ1: autoDraw = True
564.0122 	EXP 	themeQ2: autoDraw = True
564.1973 	DATA 	Keypress: equal
565.4472 	DATA 	Keypress: 1
565.6972 	DATA 	Keypress: equal
566.0122 	EXP 	themeQ1: autoDraw = False
566.0122 	EXP 	themeQ2: autoDraw = False
566.0122 	EXP 	themeQ1: autoDraw = False
566.0122 	EXP 	themeQ2: autoDraw = False
566.0122 	EXP 	gift1: autoDraw = True
566.0122 	EXP 	gift2: autoDraw = True
566.7970 	DATA 	Keypress: 1
567.1970 	DATA 	Keypress: equal
568.0121 	EXP 	gift1: autoDraw = False
568.0121 	EXP 	gift2: autoDraw = False
568.0121 	EXP 	gift1: autoDraw = False
568.0121 	EXP 	gift2: autoDraw = False
568.0121 	EXP 	northorsouth1: autoDraw = True
568.0121 	EXP 	northorsouth2: autoDraw = True
568.6973 	DATA 	Keypress: equal
569.1807 	DATA 	Keypress: 2
570.2673 	EXP 	New trial (rep=0, index=4): OrderedDict([('condsFile', 'videoBlock_schemaS_pathA_6.csv')])
570.2802 	EXP 	Imported videoBlock_schemaS_pathA_6.csv as conditions, 1 conditions, 17 params
570.2807 	EXP 	Created sequence: random, trialTypes=1, nReps=1, seed=None
570.2814 	EXP 	New trial (rep=0, index=0): OrderedDict([('northOrSouth', 'south.png'), ('stimFile1a', 'stims/wedding-30.1a.mp4'), ('stimFile1b', 'stims/wedding-30.1b.mp4'), ('stimFile2', 'stims/wedding-30.2a.mp4'), ('stimFile3', 'stims/wedding-30.3b.mp4'), ('stimFile4', 'stims/wedding-30.4a.mp4'), ('stimFile5', 'stims/wedding-30.5.mp4'), ('QeggPainting1', 'stimsday1details/newegg12.png'), ('Qcharacter1', 'stimsday1details/couple30.png'), ('Qgift1', 'stimsday1details/new12.png'), ('QeggPainting2', 'stimsday1details/egg30.png'), ('Qcharacter2', 'stimsday1details/newperson12.png'), ('Qgift2', 'stimsday1details/gift30.png'), ('Qname1', 'stimsday1details/n30.png'), ('Qtheme1', 'stimsday1details/t30.png'), ('Qname2', 'stimsday1details/cn30.png'), ('Qtheme2', 'stimsday1details/ct30.png')])
570.2842 	DATA 	Keypress: equal
570.2955 	EXP 	northorsouth1: autoDraw = False
570.2955 	EXP 	northorsouth2: autoDraw = False
570.2955 	EXP 	northorsouth1: autoDraw = False
570.2955 	EXP 	northorsouth2: autoDraw = False
570.2955 	EXP 	image_2: autoDraw = True
571.6974 	DATA 	Keypress: equal
572.2800 	EXP 	Created sequence: random, trialTypes=1, nReps=1, seed=None
572.2804 	EXP 	New trial (rep=0, index=0): None
572.7729 	EXP 	Created vid1a = MovieStim3(__class__=<class 'psychopy.visual.movie3.MovieStim3'>, autoLog=True, color=UNKNOWN, colorSpace=UNKNOWN, depth=-1.0, filename='stims/wedding-30.1a.mp4', flipHoriz=False, flipVert=False, fps=UNKNOWN, interpolate=True, loop=False, name='vid1a', noAudio=False, opacity=1.0, ori=0, pos=array([0., 0.]), size=array([1280.,  720.]), units='pix', vframe_callback=UNKNOWN, volume=UNKNOWN, win=Window(...))
573.1564 	EXP 	Created vid1b = MovieStim3(__class__=<class 'psychopy.visual.movie3.MovieStim3'>, autoLog=True, color=UNKNOWN, colorSpace=UNKNOWN, depth=-2.0, filename='stims/wedding-30.1b.mp4', flipHoriz=False, flipVert=False, fps=UNKNOWN, interpolate=True, loop=False, name='vid1b', noAudio=False, opacity=1.0, ori=0, pos=array([0., 0.]), size=array([1280.,  720.]), units='pix', vframe_callback=UNKNOWN, volume=UNKNOWN, win=Window(...))
573.6469 	EXP 	Created vid2 = MovieStim3(__class__=<class 'psychopy.visual.movie3.MovieStim3'>, autoLog=True, color=UNKNOWN, colorSpace=UNKNOWN, depth=-3.0, filename='stims/wedding-30.2a.mp4', flipHoriz=False, flipVert=False, fps=UNKNOWN, interpolate=True, loop=False, name='vid2', noAudio=False, opacity=1.0, ori=0, pos=array([0., 0.]), size=array([1280.,  720.]), units='pix', vframe_callback=UNKNOWN, volume=UNKNOWN, win=Window(...))
574.1876 	EXP 	Created vid3 = MovieStim3(__class__=<class 'psychopy.visual.movie3.MovieStim3'>, autoLog=True, color=UNKNOWN, colorSpace=UNKNOWN, depth=-4.0, filename='stims/wedding-30.3b.mp4', flipHoriz=False, flipVert=False, fps=UNKNOWN, interpolate=True, loop=False, name='vid3', noAudio=False, opacity=1.0, ori=0, pos=array([0., 0.]), size=array([1280.,  720.]), units='pix', vframe_callback=UNKNOWN, volume=UNKNOWN, win=Window(...))
574.7492 	EXP 	Created vid4 = MovieStim3(__class__=<class 'psychopy.visual.movie3.MovieStim3'>, autoLog=True, color=UNKNOWN, colorSpace=UNKNOWN, depth=-5.0, filename='stims/wedding-30.4a.mp4', flipHoriz=False, flipVert=False, fps=UNKNOWN, interpolate=True, loop=False, name='vid4', noAudio=False, opacity=1.0, ori=0, pos=array([0., 0.]), size=array([1280.,  720.]), units='pix', vframe_callback=UNKNOWN, volume=UNKNOWN, win=Window(...))
575.1536 	EXP 	Created vid5 = MovieStim3(__class__=<class 'psychopy.visual.movie3.MovieStim3'>, autoLog=True, color=UNKNOWN, colorSpace=UNKNOWN, depth=-6.0, filename='stims/wedding-30.5.mp4', flipHoriz=False, flipVert=False, fps=UNKNOWN, interpolate=True, loop=False, name='vid5', noAudio=False, opacity=1.0, ori=0, pos=array([0., 0.]), size=array([1280.,  720.]), units='pix', vframe_callback=UNKNOWN, volume=UNKNOWN, win=Window(...))
575.2120 	EXP 	window1: recordFrameIntervals = False
575.2152 	DATA 	Keypress: equal
575.2175 	DATA 	Keypress: equal
575.2295 	EXP 	image_2: autoDraw = False
575.2295 	EXP 	image_2: autoDraw = False
575.2295 	EXP 	vid1a: movie = 'stims/wedding-30.1a.mp4'
575.2295 	EXP 	vid1a: autoLog = True
575.2295 	EXP 	vid1b: movie = 'stims/wedding-30.1b.mp4'
575.2295 	EXP 	vid1b: autoLog = True
575.2295 	EXP 	vid2: movie = 'stims/wedding-30.2a.mp4'
575.2295 	EXP 	vid2: autoLog = True
575.2295 	EXP 	vid3: movie = 'stims/wedding-30.3b.mp4'
575.2295 	EXP 	vid3: autoLog = True
575.2295 	EXP 	vid4: movie = 'stims/wedding-30.4a.mp4'
575.2295 	EXP 	vid4: autoLog = True
575.2295 	EXP 	vid5: movie = 'stims/wedding-30.5.mp4'
575.2295 	EXP 	vid5: autoLog = True
578.0310 	EXP 	window1: recordFrameIntervals = False
579.4990 	DATA 	Keypress: equal
579.5014 	DATA 	Keypress: equal
579.5036 	DATA 	Keypress: equal
579.7121 	EXP 	vid1a: movie = 'stims/wedding-30.1a.mp4'
579.7121 	EXP 	vid1b: movie = 'stims/wedding-30.1b.mp4'
579.7121 	EXP 	vid2: movie = 'stims/wedding-30.2a.mp4'
579.7121 	EXP 	vid3: movie = 'stims/wedding-30.3b.mp4'
579.7121 	EXP 	vid4: movie = 'stims/wedding-30.4a.mp4'
579.7121 	EXP 	vid5: movie = 'stims/wedding-30.5.mp4'
579.7121 	EXP 	image: image = 'south.png'
579.7287 	EXP 	vid1a: autoDraw = True
579.7287 	EXP 	image: autoDraw = True
579.7287 	EXP 	image: autoDraw = False
580.6977 	DATA 	Keypress: equal
582.1972 	DATA 	Keypress: equal
583.6975 	DATA 	Keypress: equal
585.1979 	DATA 	Keypress: equal
586.7248 	DATA 	Keypress: equal
588.1882 	DATA 	Keypress: equal
589.6890 	DATA 	Keypress: equal
591.1877 	DATA 	Keypress: equal
592.6882 	DATA 	Keypress: equal
594.1883 	DATA 	Keypress: equal
595.6876 	DATA 	Keypress: equal
597.1972 	DATA 	Keypress: equal
598.6879 	DATA 	Keypress: equal
600.1883 	DATA 	Keypress: equal
601.6888 	DATA 	Keypress: equal
602.2951 	EXP 	vid1a: autoDraw = False
602.3118 	EXP 	vid1b: autoDraw = True
603.1882 	DATA 	Keypress: equal
604.6970 	DATA 	Keypress: equal
606.1874 	DATA 	Keypress: equal
607.6971 	DATA 	Keypress: equal
609.1971 	DATA 	Keypress: equal
610.6882 	DATA 	Keypress: equal
610.8950 	EXP 	Set vid1b finished
611.3116 	EXP 	vid2: autoDraw = True
612.2245 	DATA 	Keypress: equal
613.6883 	DATA 	Keypress: equal
615.1974 	DATA 	Keypress: equal
616.6889 	DATA 	Keypress: equal
618.1880 	DATA 	Keypress: equal
619.6881 	DATA 	Keypress: equal
621.1970 	DATA 	Keypress: equal
622.6968 	DATA 	Keypress: equal
624.1969 	DATA 	Keypress: equal
625.6970 	DATA 	Keypress: equal
627.1966 	DATA 	Keypress: equal
628.2946 	EXP 	vid2: autoDraw = False
628.3113 	EXP 	vid3: autoDraw = True
628.6873 	DATA 	Keypress: equal
630.1884 	DATA 	Keypress: equal
631.6870 	DATA 	Keypress: equal
633.1873 	DATA 	Keypress: equal
634.6870 	DATA 	Keypress: equal
636.1880 	DATA 	Keypress: equal
637.6966 	DATA 	Keypress: equal
639.1965 	DATA 	Keypress: equal
640.6964 	DATA 	Keypress: equal
642.1966 	DATA 	Keypress: equal
643.6966 	DATA 	Keypress: equal
645.1969 	DATA 	Keypress: equal
646.7243 	DATA 	Keypress: equal
648.1967 	DATA 	Keypress: equal
649.6964 	DATA 	Keypress: equal
651.1966 	DATA 	Keypress: equal
651.2943 	EXP 	vid3: autoDraw = False
651.3110 	EXP 	vid4: autoDraw = True
652.6872 	DATA 	Keypress: equal
654.1881 	DATA 	Keypress: equal
655.6877 	DATA 	Keypress: equal
657.1866 	DATA 	Keypress: equal
658.6865 	DATA 	Keypress: equal
660.1963 	DATA 	Keypress: equal
661.6963 	DATA 	Keypress: equal
663.1965 	DATA 	Keypress: equal
664.6962 	DATA 	Keypress: equal
666.1963 	DATA 	Keypress: equal
667.6964 	DATA 	Keypress: equal
669.1961 	DATA 	Keypress: equal
670.6960 	DATA 	Keypress: equal
672.1961 	DATA 	Keypress: equal
673.6962 	DATA 	Keypress: equal
675.1962 	DATA 	Keypress: equal
675.2943 	EXP 	vid4: autoDraw = False
675.3108 	EXP 	vid5: autoDraw = True
676.6876 	DATA 	Keypress: equal
678.1854 	DATA 	Keypress: equal
679.6872 	DATA 	Keypress: equal
681.2155 	DATA 	Keypress: equal
682.6878 	DATA 	Keypress: equal
684.1959 	DATA 	Keypress: equal
685.6958 	DATA 	Keypress: equal
687.1960 	DATA 	Keypress: equal
687.7274 	EXP 	Set vid5 finished
687.9442 	EXP 	Created sequence: random, trialTypes=1, nReps=1, seed=None
687.9445 	EXP 	New trial (rep=0, index=0): None
688.4312 	EXP 	Created vid1a_q = MovieStim3(__class__=<class 'psychopy.visual.movie3.MovieStim3'>, autoLog=True, color=UNKNOWN, colorSpace=UNKNOWN, depth=-1.0, filename='stims/wedding-30.1a.mp4', flipHoriz=False, flipVert=False, fps=UNKNOWN, interpolate=True, loop=False, name='vid1a_q', noAudio=False, opacity=1.0, ori=0, pos=array([0., 0.]), size=array([1280.,  720.]), units='pix', vframe_callback=UNKNOWN, volume=UNKNOWN, win=Window(...))
688.8044 	EXP 	Created vid1b_q = MovieStim3(__class__=<class 'psychopy.visual.movie3.MovieStim3'>, autoLog=True, color=UNKNOWN, colorSpace=UNKNOWN, depth=-2.0, filename='stims/wedding-30.1b.mp4', flipHoriz=False, flipVert=False, fps=UNKNOWN, interpolate=True, loop=False, name='vid1b_q', noAudio=False, opacity=1.0, ori=0, pos=array([0., 0.]), size=array([1280.,  720.]), units='pix', vframe_callback=UNKNOWN, volume=UNKNOWN, win=Window(...))
689.2832 	EXP 	Created vid2_q = MovieStim3(__class__=<class 'psychopy.visual.movie3.MovieStim3'>, autoLog=True, color=UNKNOWN, colorSpace=UNKNOWN, depth=-3.0, filename='stims/wedding-30.2a.mp4', flipHoriz=False, flipVert=False, fps=UNKNOWN, interpolate=True, loop=False, name='vid2_q', noAudio=False, opacity=1.0, ori=0, pos=array([0., 0.]), size=array([1280.,  720.]), units='pix', vframe_callback=UNKNOWN, volume=UNKNOWN, win=Window(...))
689.8393 	EXP 	Created vid3_q = MovieStim3(__class__=<class 'psychopy.visual.movie3.MovieStim3'>, autoLog=True, color=UNKNOWN, colorSpace=UNKNOWN, depth=-5.0, filename='stims/wedding-30.3b.mp4', flipHoriz=False, flipVert=False, fps=UNKNOWN, interpolate=True, loop=False, name='vid3_q', noAudio=False, opacity=1.0, ori=0, pos=array([0., 0.]), size=array([1280.,  720.]), units='pix', vframe_callback=UNKNOWN, volume=UNKNOWN, win=Window(...))
690.3730 	EXP 	Created vid4_q = MovieStim3(__class__=<class 'psychopy.visual.movie3.MovieStim3'>, autoLog=True, color=UNKNOWN, colorSpace=UNKNOWN, depth=-7.0, filename='stims/wedding-30.4a.mp4', flipHoriz=False, flipVert=False, fps=UNKNOWN, interpolate=True, loop=False, name='vid4_q', noAudio=False, opacity=1.0, ori=0, pos=array([0., 0.]), size=array([1280.,  720.]), units='pix', vframe_callback=UNKNOWN, volume=UNKNOWN, win=Window(...))
690.7624 	EXP 	Created vid5_q = MovieStim3(__class__=<class 'psychopy.visual.movie3.MovieStim3'>, autoLog=True, color=UNKNOWN, colorSpace=UNKNOWN, depth=-8.0, filename='stims/wedding-30.5.mp4', flipHoriz=False, flipVert=False, fps=UNKNOWN, interpolate=True, loop=False, name='vid5_q', noAudio=False, opacity=1.0, ori=0, pos=array([0., 0.]), size=array([1280.,  720.]), units='pix', vframe_callback=UNKNOWN, volume=UNKNOWN, win=Window(...))
691.0838 	EXP 	window1: recordFrameIntervals = False
691.0868 	DATA 	Keypress: equal
691.0890 	DATA 	Keypress: equal
691.0942 	EXP 	vid1a: autoDraw = False
691.0942 	EXP 	vid1b: autoDraw = False
691.0942 	EXP 	vid2: autoDraw = False
691.0942 	EXP 	vid3: autoDraw = False
691.0942 	EXP 	vid4: autoDraw = False
691.0942 	EXP 	vid5: autoDraw = False
691.0942 	EXP 	image: autoDraw = False
691.0942 	EXP 	vid1a_q: movie = 'stims/wedding-30.1a.mp4'
691.0942 	EXP 	vid1a_q: autoLog = True
691.0942 	EXP 	vid1b_q: movie = 'stims/wedding-30.1b.mp4'
691.0942 	EXP 	vid1b_q: autoLog = True
691.0942 	EXP 	vid2_q: movie = 'stims/wedding-30.2a.mp4'
691.0942 	EXP 	vid2_q: autoLog = True
691.0942 	EXP 	vid3_q: movie = 'stims/wedding-30.3b.mp4'
691.0942 	EXP 	vid3_q: autoLog = True
691.0942 	EXP 	vid4_q: movie = 'stims/wedding-30.4a.mp4'
691.0942 	EXP 	vid4_q: autoLog = True
691.0942 	EXP 	vid5_q: movie = 'stims/wedding-30.5.mp4'
691.0942 	EXP 	vid5_q: autoLog = True
691.0942 	EXP 	vid1a_q: autoDraw = False
691.0942 	EXP 	vid1b_q: autoDraw = False
691.0942 	EXP 	vid2_q: autoDraw = False
691.0942 	EXP 	l2q: autoDraw = False
691.0942 	EXP 	vid3_q: autoDraw = False
691.0942 	EXP 	l3q: autoDraw = False
691.0942 	EXP 	vid4_q: autoDraw = False
691.0942 	EXP 	vid5_q: autoDraw = False
691.0942 	EXP 	reveal: autoDraw = False
691.2830 	EXP 	window1: recordFrameIntervals = False
692.8694 	DATA 	Keypress: equal
693.0939 	EXP 	eggPainting1: image = 'stimsday1details/newegg12.png'
693.0939 	EXP 	eggPainting2: image = 'stimsday1details/egg30.png'
693.0939 	EXP 	character1: image = 'stimsday1details/couple30.png'
693.0939 	EXP 	character2: image = 'stimsday1details/newperson12.png'
693.0939 	EXP 	gift1: image = 'stimsday1details/new12.png'
693.0939 	EXP 	gift2: image = 'stimsday1details/gift30.png'
693.0939 	EXP 	themeQ1: image = 'stimsday1details/t30.png'
693.0939 	EXP 	themeQ2: image = 'stimsday1details/ct30.png'
693.0939 	EXP 	nameQ1: image = 'stimsday1details/n30.png'
693.0939 	EXP 	nameQ2: image = 'stimsday1details/cn30.png'
693.0939 	EXP 	nameQ1: autoDraw = True
693.0939 	EXP 	nameQ2: autoDraw = True
693.1957 	DATA 	Keypress: equal
694.0126 	DATA 	Keypress: 1
694.6957 	DATA 	Keypress: equal
695.0772 	EXP 	nameQ1: autoDraw = False
695.0772 	EXP 	nameQ2: autoDraw = False
695.0772 	EXP 	nameQ1: autoDraw = False
695.0772 	EXP 	nameQ2: autoDraw = False
695.0772 	EXP 	eggPainting1: autoDraw = True
695.0772 	EXP 	eggPainting2: autoDraw = True
696.1291 	DATA 	Keypress: 2
696.1956 	DATA 	Keypress: equal
697.0773 	EXP 	eggPainting1: autoDraw = False
697.0773 	EXP 	eggPainting2: autoDraw = False
697.0773 	EXP 	eggPainting1: autoDraw = False
697.0773 	EXP 	eggPainting2: autoDraw = False
697.0773 	EXP 	character1: autoDraw = True
697.0773 	EXP 	character2: autoDraw = True
697.6955 	DATA 	Keypress: equal
698.0621 	DATA 	Keypress: 1
699.0770 	EXP 	character1: autoDraw = False
699.0770 	EXP 	character2: autoDraw = False
699.0770 	EXP 	character1: autoDraw = False
699.0770 	EXP 	character2: autoDraw = False
699.0770 	EXP 	themeQ1: autoDraw = True
699.0770 	EXP 	themeQ2: autoDraw = True
699.1957 	DATA 	Keypress: equal
700.6790 	DATA 	Keypress: 1
700.6953 	DATA 	Keypress: equal
701.0772 	EXP 	themeQ1: autoDraw = False
701.0772 	EXP 	themeQ2: autoDraw = False
701.0772 	EXP 	themeQ1: autoDraw = False
701.0772 	EXP 	themeQ2: autoDraw = False
701.0772 	EXP 	gift1: autoDraw = True
701.0772 	EXP 	gift2: autoDraw = True
702.1957 	DATA 	Keypress: equal
702.2787 	DATA 	Keypress: 2
703.0771 	EXP 	gift1: autoDraw = False
703.0771 	EXP 	gift2: autoDraw = False
703.0771 	EXP 	gift1: autoDraw = False
703.0771 	EXP 	gift2: autoDraw = False
703.0771 	EXP 	northorsouth1: autoDraw = True
703.0771 	EXP 	northorsouth2: autoDraw = True
703.6956 	DATA 	Keypress: equal
704.3286 	DATA 	Keypress: 2
705.3626 	EXP 	New trial (rep=0, index=5): OrderedDict([('condsFile', 'videoBlock_schemaS_pathB_5.csv')])
705.3775 	EXP 	Imported videoBlock_schemaS_pathB_5.csv as conditions, 1 conditions, 17 params
705.3779 	EXP 	Created sequence: random, trialTypes=1, nReps=1, seed=None
705.3787 	EXP 	New trial (rep=0, index=0): OrderedDict([('northOrSouth', 'south.png'), ('stimFile1a', 'stims/wedding-31.1a.mp4'), ('stimFile1b', 'stims/wedding-31.1b.mp4'), ('stimFile2', 'stims/wedding-31.2b.mp4'), ('stimFile3', 'stims/wedding-31.3a.mp4'), ('stimFile4', 'stims/wedding-31.4b.mp4'), ('stimFile5', 'stims/wedding-31.5.mp4'), ('QeggPainting1', 'stimsday1details/painting31.png'), ('Qcharacter1', 'stimsday1details/couple31.png'), ('Qgift1', 'stimsday1details/gift31.png'), ('QeggPainting2', 'stimsday1details/newpainting11.png'), ('Qcharacter2', 'stimsday1details/newperson23.png'), ('Qgift2', 'stimsday1details/new23.png'), ('Qname1', 'stimsday1details/cn31.png'), ('Qtheme1', 'stimsday1details/ct31.png'), ('Qname2', 'stimsday1details/n31.png'), ('Qtheme2', 'stimsday1details/t31.png')])
705.3814 	DATA 	Keypress: equal
705.3938 	EXP 	northorsouth1: autoDraw = False
705.3938 	EXP 	northorsouth2: autoDraw = False
705.3938 	EXP 	northorsouth1: autoDraw = False
705.3938 	EXP 	northorsouth2: autoDraw = False
705.3938 	EXP 	image_2: autoDraw = True
706.6955 	DATA 	Keypress: equal
707.3785 	EXP 	Created sequence: random, trialTypes=1, nReps=1, seed=None
707.3787 	EXP 	New trial (rep=0, index=0): None
707.8763 	EXP 	Created vid1a = MovieStim3(__class__=<class 'psychopy.visual.movie3.MovieStim3'>, autoLog=True, color=UNKNOWN, colorSpace=UNKNOWN, depth=-1.0, filename='stims/wedding-31.1a.mp4', flipHoriz=False, flipVert=False, fps=UNKNOWN, interpolate=True, loop=False, name='vid1a', noAudio=False, opacity=1.0, ori=0, pos=array([0., 0.]), size=array([1280.,  720.]), units='pix', vframe_callback=UNKNOWN, volume=UNKNOWN, win=Window(...))
708.2759 	EXP 	Created vid1b = MovieStim3(__class__=<class 'psychopy.visual.movie3.MovieStim3'>, autoLog=True, color=UNKNOWN, colorSpace=UNKNOWN, depth=-2.0, filename='stims/wedding-31.1b.mp4', flipHoriz=False, flipVert=False, fps=UNKNOWN, interpolate=True, loop=False, name='vid1b', noAudio=False, opacity=1.0, ori=0, pos=array([0., 0.]), size=array([1280.,  720.]), units='pix', vframe_callback=UNKNOWN, volume=UNKNOWN, win=Window(...))
708.7463 	EXP 	Created vid2 = MovieStim3(__class__=<class 'psychopy.visual.movie3.MovieStim3'>, autoLog=True, color=UNKNOWN, colorSpace=UNKNOWN, depth=-3.0, filename='stims/wedding-31.2b.mp4', flipHoriz=False, flipVert=False, fps=UNKNOWN, interpolate=True, loop=False, name='vid2', noAudio=False, opacity=1.0, ori=0, pos=array([0., 0.]), size=array([1280.,  720.]), units='pix', vframe_callback=UNKNOWN, volume=UNKNOWN, win=Window(...))
709.2191 	EXP 	Created vid3 = MovieStim3(__class__=<class 'psychopy.visual.movie3.MovieStim3'>, autoLog=True, color=UNKNOWN, colorSpace=UNKNOWN, depth=-4.0, filename='stims/wedding-31.3a.mp4', flipHoriz=False, flipVert=False, fps=UNKNOWN, interpolate=True, loop=False, name='vid3', noAudio=False, opacity=1.0, ori=0, pos=array([0., 0.]), size=array([1280.,  720.]), units='pix', vframe_callback=UNKNOWN, volume=UNKNOWN, win=Window(...))
709.7064 	EXP 	Created vid4 = MovieStim3(__class__=<class 'psychopy.visual.movie3.MovieStim3'>, autoLog=True, color=UNKNOWN, colorSpace=UNKNOWN, depth=-5.0, filename='stims/wedding-31.4b.mp4', flipHoriz=False, flipVert=False, fps=UNKNOWN, interpolate=True, loop=False, name='vid4', noAudio=False, opacity=1.0, ori=0, pos=array([0., 0.]), size=array([1280.,  720.]), units='pix', vframe_callback=UNKNOWN, volume=UNKNOWN, win=Window(...))
710.1139 	EXP 	Created vid5 = MovieStim3(__class__=<class 'psychopy.visual.movie3.MovieStim3'>, autoLog=True, color=UNKNOWN, colorSpace=UNKNOWN, depth=-6.0, filename='stims/wedding-31.5.mp4', flipHoriz=False, flipVert=False, fps=UNKNOWN, interpolate=True, loop=False, name='vid5', noAudio=False, opacity=1.0, ori=0, pos=array([0., 0.]), size=array([1280.,  720.]), units='pix', vframe_callback=UNKNOWN, volume=UNKNOWN, win=Window(...))
710.4243 	EXP 	Created sequence: random, trialTypes=1, nReps=1, seed=None
710.4247 	EXP 	New trial (rep=0, index=0): None
710.9129 	EXP 	Created vid1a_q = MovieStim3(__class__=<class 'psychopy.visual.movie3.MovieStim3'>, autoLog=True, color=UNKNOWN, colorSpace=UNKNOWN, depth=-1.0, filename='stims/wedding-31.1a.mp4', flipHoriz=False, flipVert=False, fps=UNKNOWN, interpolate=True, loop=False, name='vid1a_q', noAudio=False, opacity=1.0, ori=0, pos=array([0., 0.]), size=array([1280.,  720.]), units='pix', vframe_callback=UNKNOWN, volume=UNKNOWN, win=Window(...))
711.2966 	EXP 	Created vid1b_q = MovieStim3(__class__=<class 'psychopy.visual.movie3.MovieStim3'>, autoLog=True, color=UNKNOWN, colorSpace=UNKNOWN, depth=-2.0, filename='stims/wedding-31.1b.mp4', flipHoriz=False, flipVert=False, fps=UNKNOWN, interpolate=True, loop=False, name='vid1b_q', noAudio=False, opacity=1.0, ori=0, pos=array([0., 0.]), size=array([1280.,  720.]), units='pix', vframe_callback=UNKNOWN, volume=UNKNOWN, win=Window(...))
711.7482 	EXP 	Created vid2_q = MovieStim3(__class__=<class 'psychopy.visual.movie3.MovieStim3'>, autoLog=True, color=UNKNOWN, colorSpace=UNKNOWN, depth=-3.0, filename='stims/wedding-31.2b.mp4', flipHoriz=False, flipVert=False, fps=UNKNOWN, interpolate=True, loop=False, name='vid2_q', noAudio=False, opacity=1.0, ori=0, pos=array([0., 0.]), size=array([1280.,  720.]), units='pix', vframe_callback=UNKNOWN, volume=UNKNOWN, win=Window(...))
712.2123 	EXP 	Created vid3_q = MovieStim3(__class__=<class 'psychopy.visual.movie3.MovieStim3'>, autoLog=True, color=UNKNOWN, colorSpace=UNKNOWN, depth=-5.0, filename='stims/wedding-31.3a.mp4', flipHoriz=False, flipVert=False, fps=UNKNOWN, interpolate=True, loop=False, name='vid3_q', noAudio=False, opacity=1.0, ori=0, pos=array([0., 0.]), size=array([1280.,  720.]), units='pix', vframe_callback=UNKNOWN, volume=UNKNOWN, win=Window(...))
712.6861 	EXP 	Created vid4_q = MovieStim3(__class__=<class 'psychopy.visual.movie3.MovieStim3'>, autoLog=True, color=UNKNOWN, colorSpace=UNKNOWN, depth=-7.0, filename='stims/wedding-31.4b.mp4', flipHoriz=False, flipVert=False, fps=UNKNOWN, interpolate=True, loop=False, name='vid4_q', noAudio=False, opacity=1.0, ori=0, pos=array([0., 0.]), size=array([1280.,  720.]), units='pix', vframe_callback=UNKNOWN, volume=UNKNOWN, win=Window(...))
713.0809 	EXP 	Created vid5_q = MovieStim3(__class__=<class 'psychopy.visual.movie3.MovieStim3'>, autoLog=True, color=UNKNOWN, colorSpace=UNKNOWN, depth=-8.0, filename='stims/wedding-31.5.mp4', flipHoriz=False, flipVert=False, fps=UNKNOWN, interpolate=True, loop=False, name='vid5_q', noAudio=False, opacity=1.0, ori=0, pos=array([0., 0.]), size=array([1280.,  720.]), units='pix', vframe_callback=UNKNOWN, volume=UNKNOWN, win=Window(...))
713.2018 	EXP 	window1: recordFrameIntervals = False
713.2054 	DATA 	Keypress: equal
713.2078 	DATA 	Keypress: equal
713.2100 	DATA 	Keypress: equal
713.2121 	DATA 	Keypress: equal
713.2271 	EXP 	image_2: autoDraw = False
713.2271 	EXP 	image_2: autoDraw = False
713.2271 	EXP 	vid1a: movie = 'stims/wedding-31.1a.mp4'
713.2271 	EXP 	vid1a: autoLog = True
713.2271 	EXP 	vid1b: movie = 'stims/wedding-31.1b.mp4'
713.2271 	EXP 	vid1b: autoLog = True
713.2271 	EXP 	vid2: movie = 'stims/wedding-31.2b.mp4'
713.2271 	EXP 	vid2: autoLog = True
713.2271 	EXP 	vid3: movie = 'stims/wedding-31.3a.mp4'
713.2271 	EXP 	vid3: autoLog = True
713.2271 	EXP 	vid4: movie = 'stims/wedding-31.4b.mp4'
713.2271 	EXP 	vid4: autoLog = True
713.2271 	EXP 	vid5: movie = 'stims/wedding-31.5.mp4'
713.2271 	EXP 	vid5: autoLog = True
713.2271 	EXP 	vid1a: autoDraw = False
713.2271 	EXP 	vid1b: autoDraw = False
713.2271 	EXP 	vid2: autoDraw = False
713.2271 	EXP 	vid3: autoDraw = False
713.2271 	EXP 	vid4: autoDraw = False
713.2271 	EXP 	vid5: autoDraw = False
713.2271 	EXP 	image: autoDraw = False
713.2271 	EXP 	vid1a_q: movie = 'stims/wedding-31.1a.mp4'
713.2271 	EXP 	vid1a_q: autoLog = True
713.2271 	EXP 	vid1b_q: movie = 'stims/wedding-31.1b.mp4'
713.2271 	EXP 	vid1b_q: autoLog = True
713.2271 	EXP 	vid2_q: movie = 'stims/wedding-31.2b.mp4'
713.2271 	EXP 	vid2_q: autoLog = True
713.2271 	EXP 	vid3_q: movie = 'stims/wedding-31.3a.mp4'
713.2271 	EXP 	vid3_q: autoLog = True
713.2271 	EXP 	vid4_q: movie = 'stims/wedding-31.4b.mp4'
713.2271 	EXP 	vid4_q: autoLog = True
713.2271 	EXP 	vid5_q: movie = 'stims/wedding-31.5.mp4'
713.2271 	EXP 	vid5_q: autoLog = True
715.9103 	EXP 	window1: recordFrameIntervals = False
717.4946 	DATA 	Keypress: equal
717.4971 	DATA 	Keypress: equal
717.4992 	DATA 	Keypress: equal
717.6979 	EXP 	vid1a_q: movie = 'stims/wedding-31.1a.mp4'
717.6979 	EXP 	vid1b_q: movie = 'stims/wedding-31.1b.mp4'
717.6979 	EXP 	vid2_q: movie = 'stims/wedding-31.2b.mp4'
717.6979 	EXP 	vid3_q: movie = 'stims/wedding-31.3a.mp4'
717.6979 	EXP 	vid4_q: movie = 'stims/wedding-31.4b.mp4'
717.6979 	EXP 	vid5_q: movie = 'stims/wedding-31.5.mp4'
717.6979 	EXP 	reveal: image = 'south.png'
717.7104 	EXP 	vid1a_q: autoDraw = True
717.7104 	EXP 	reveal: autoDraw = True
717.7104 	EXP 	reveal: autoDraw = False
718.6868 	DATA 	Keypress: equal
720.1869 	DATA 	Keypress: equal
721.6873 	DATA 	Keypress: equal
723.1956 	DATA 	Keypress: equal
724.6955 	DATA 	Keypress: equal
726.1955 	DATA 	Keypress: equal
727.6953 	DATA 	Keypress: equal
729.1954 	DATA 	Keypress: equal
730.6957 	DATA 	Keypress: equal
732.1953 	DATA 	Keypress: equal
733.6955 	DATA 	Keypress: equal
735.1955 	DATA 	Keypress: equal
736.6953 	DATA 	Keypress: equal
738.1871 	DATA 	Keypress: equal
739.6853 	DATA 	Keypress: equal
740.4432 	EXP 	vid1a_q: autoDraw = False
740.4432 	EXP 	vid1b_q: autoDraw = True
741.1861 	DATA 	Keypress: equal
742.6842 	DATA 	Keypress: equal
744.1871 	DATA 	Keypress: equal
745.6832 	DATA 	Keypress: equal
747.1874 	DATA 	Keypress: equal
748.7209 	DATA 	Keypress: equal
749.4431 	EXP 	vid1b_q: autoDraw = False
749.4431 	EXP 	vid2_q: autoDraw = True
750.1861 	DATA 	Keypress: equal
751.6872 	DATA 	Keypress: equal
753.1862 	DATA 	Keypress: equal
754.6848 	DATA 	Keypress: equal
756.1857 	DATA 	Keypress: equal
757.6869 	DATA 	Keypress: equal
759.1949 	DATA 	Keypress: equal
760.6953 	DATA 	Keypress: equal
762.1953 	DATA 	Keypress: equal
763.6950 	DATA 	Keypress: equal
765.1950 	DATA 	Keypress: equal
765.9264 	EXP 	Set vid2_q finished
766.4429 	EXP 	l2q: autoDraw = True
766.6950 	DATA 	Keypress: equal
768.1114 	DATA 	Keypress: 2
768.1948 	DATA 	Keypress: equal
769.6948 	DATA 	Keypress: equal
770.4430 	EXP 	l2q: autoDraw = False
770.4430 	EXP 	vid3_q: autoDraw = True
771.1857 	DATA 	Keypress: equal
772.6854 	DATA 	Keypress: equal
774.1869 	DATA 	Keypress: equal
775.6855 	DATA 	Keypress: equal
777.1857 	DATA 	Keypress: equal
778.6848 	DATA 	Keypress: equal
780.1949 	DATA 	Keypress: equal
781.6950 	DATA 	Keypress: equal
783.1947 	DATA 	Keypress: equal
784.6950 	DATA 	Keypress: equal
786.1948 	DATA 	Keypress: equal
787.6862 	DATA 	Keypress: equal
789.1944 	DATA 	Keypress: equal
790.6944 	DATA 	Keypress: equal
792.1945 	DATA 	Keypress: equal
793.4425 	EXP 	vid3_q: autoDraw = False
793.4425 	EXP 	l3q: autoDraw = True
793.6945 	DATA 	Keypress: equal
794.8778 	DATA 	Keypress: 2
795.1942 	DATA 	Keypress: equal
796.6944 	DATA 	Keypress: equal
797.4428 	EXP 	l3q: autoDraw = False
797.4428 	EXP 	vid4_q: autoDraw = True
798.1840 	DATA 	Keypress: equal
799.6860 	DATA 	Keypress: equal
801.1834 	DATA 	Keypress: equal
802.6865 	DATA 	Keypress: equal
804.1840 	DATA 	Keypress: equal
805.6854 	DATA 	Keypress: equal
807.2223 	DATA 	Keypress: equal
808.6943 	DATA 	Keypress: equal
810.1944 	DATA 	Keypress: equal
811.6944 	DATA 	Keypress: equal
813.1944 	DATA 	Keypress: equal
814.6943 	DATA 	Keypress: equal
816.1785 	DATA 	Keypress: equal
817.6786 	DATA 	Keypress: equal
819.1786 	DATA 	Keypress: equal
820.6945 	DATA 	Keypress: equal
821.4423 	EXP 	vid4_q: autoDraw = False
821.4423 	EXP 	vid5_q: autoDraw = True
822.1852 	DATA 	Keypress: equal
823.6862 	DATA 	Keypress: equal
825.1859 	DATA 	Keypress: equal
826.6848 	DATA 	Keypress: equal
828.1848 	DATA 	Keypress: equal
829.6827 	DATA 	Keypress: equal
831.1940 	DATA 	Keypress: equal
832.6941 	DATA 	Keypress: equal
833.5923 	EXP 	Set vid5_q finished
833.8971 	EXP 	window1: recordFrameIntervals = False
833.9087 	EXP 	vid1a_q: autoDraw = False
833.9087 	EXP 	vid1b_q: autoDraw = False
833.9087 	EXP 	vid2_q: autoDraw = False
833.9087 	EXP 	l2q: autoDraw = False
833.9087 	EXP 	vid3_q: autoDraw = False
833.9087 	EXP 	l3q: autoDraw = False
833.9087 	EXP 	vid4_q: autoDraw = False
833.9087 	EXP 	vid5_q: autoDraw = False
833.9087 	EXP 	reveal: autoDraw = False
834.0758 	EXP 	window1: recordFrameIntervals = False
835.6830 	DATA 	Keypress: equal
835.6852 	DATA 	Keypress: equal
835.9088 	EXP 	eggPainting1: image = 'stimsday1details/painting31.png'
835.9088 	EXP 	eggPainting2: image = 'stimsday1details/newpainting11.png'
835.9088 	EXP 	character1: image = 'stimsday1details/couple31.png'
835.9088 	EXP 	character2: image = 'stimsday1details/newperson23.png'
835.9088 	EXP 	gift1: image = 'stimsday1details/gift31.png'
835.9088 	EXP 	gift2: image = 'stimsday1details/new23.png'
835.9088 	EXP 	themeQ1: image = 'stimsday1details/ct31.png'
835.9088 	EXP 	themeQ2: image = 'stimsday1details/t31.png'
835.9088 	EXP 	nameQ1: image = 'stimsday1details/cn31.png'
835.9088 	EXP 	nameQ2: image = 'stimsday1details/n31.png'
835.9088 	EXP 	nameQ1: autoDraw = True
835.9088 	EXP 	nameQ2: autoDraw = True
836.8272 	DATA 	Keypress: 2
837.1941 	DATA 	Keypress: equal
837.8922 	EXP 	nameQ1: autoDraw = False
837.8922 	EXP 	nameQ2: autoDraw = False
837.8922 	EXP 	nameQ1: autoDraw = False
837.8922 	EXP 	nameQ2: autoDraw = False
837.8922 	EXP 	eggPainting1: autoDraw = True
837.8922 	EXP 	eggPainting2: autoDraw = True
838.6269 	DATA 	Keypress: 1
838.6780 	DATA 	Keypress: equal
839.8921 	EXP 	eggPainting1: autoDraw = False
839.8921 	EXP 	eggPainting2: autoDraw = False
839.8921 	EXP 	eggPainting1: autoDraw = False
839.8921 	EXP 	eggPainting2: autoDraw = False
839.8921 	EXP 	character1: autoDraw = True
839.8921 	EXP 	character2: autoDraw = True
840.1772 	DATA 	Keypress: equal
840.9935 	DATA 	Keypress: 1
841.6771 	DATA 	Keypress: equal
841.8921 	EXP 	character1: autoDraw = False
841.8921 	EXP 	character2: autoDraw = False
841.8921 	EXP 	character1: autoDraw = False
841.8921 	EXP 	character2: autoDraw = False
841.8921 	EXP 	themeQ1: autoDraw = True
841.8921 	EXP 	themeQ2: autoDraw = True
842.9605 	DATA 	Keypress: 2
843.1771 	DATA 	Keypress: equal
843.8921 	EXP 	themeQ1: autoDraw = False
843.8921 	EXP 	themeQ2: autoDraw = False
843.8921 	EXP 	themeQ1: autoDraw = False
843.8921 	EXP 	themeQ2: autoDraw = False
843.8921 	EXP 	gift1: autoDraw = True
843.8921 	EXP 	gift2: autoDraw = True
844.6772 	DATA 	Keypress: equal
845.0936 	DATA 	Keypress: 1
845.8920 	EXP 	gift1: autoDraw = False
845.8920 	EXP 	gift2: autoDraw = False
845.8920 	EXP 	gift1: autoDraw = False
845.8920 	EXP 	gift2: autoDraw = False
845.8920 	EXP 	northorsouth1: autoDraw = True
845.8920 	EXP 	northorsouth2: autoDraw = True
846.1771 	DATA 	Keypress: equal
846.9440 	DATA 	Keypress: 2
847.6770 	DATA 	Keypress: equal
848.3754 	EXP 	northorsouth1: autoDraw = False
848.3754 	EXP 	northorsouth2: autoDraw = False
848.3754 	EXP 	northorsouth1: autoDraw = False
848.3754 	EXP 	northorsouth2: autoDraw = False
848.6867 	EXP 	window1: mouseVisible = True
