1.8389 	WARNING 	Import Error: No module named 'psychtoolbox'. Using event module for keyboard component.
7.4799 	WARNING 	User requested fullscreen with size [2560 1440], but screen is actually [1920, 1080]. Using actual size
8.1281 	EXP 	Created window1 = Window(allowGUI=False, allowStencil=False, args=UNKNOWN, autoLog=True, bitsMode=UNKNOWN, blendMode='avg', color=array([0., 0., 0.]), colorSpace='rgb', fullscr=<method-wrapper '__getattribute__' of attributeSetter object at 0x1327a55208>, gamma=None, kwargs=UNKNOWN, lms=UNKNOWN, monitor=<psychopy.monitors.calibTools.Monitor object at 0x13276be588>, multiSample=False, name='window1', numSamples=2, pos=[0.0, 0.0], screen=0, size=array([1920, 1080]), stereo=False, units='norm', useFBO=True, useRetina=False, viewOri=0.0, viewPos=None, viewScale=None, waitBlanking=True, winType='pyglet')
8.1282 	EXP 	window1: recordFrameIntervals = False
8.2929 	EXP 	window1: recordFrameIntervals = True
8.4775 	EXP 	window1: recordFrameIntervals = False
8.6005 	EXP 	Created text = TextStim(__class__=<class 'psychopy.visual.text.TextStim'>, alignHoriz='center', alignVert='center', antialias=True, autoLog=True, bold=False, color='white', colorSpace='named', contrast=1.0, depth=0.0, flipHoriz=False, flipVert=False, font='Arial', fontFiles=[], height=0.1, italic=False, languageStyle='LTR', name='text', opacity=1.0, ori=0, pos=array([0., 0.]), rgb=array([255., 255., 255.]), text='waiting for experimenter...', units='norm', win=Window(...), wrapWidth=1)
8.6090 	EXP 	Created waiting = TextStim(__class__=<class 'psychopy.visual.text.TextStim'>, alignHoriz='center', alignVert='center', antialias=True, autoLog=True, bold=False, color='white', colorSpace='named', contrast=1.0, depth=0.0, flipHoriz=False, flipVert=False, font='Arial', fontFiles=[], height=0.1, italic=False, languageStyle='LTR', name='waiting', opacity=1.0, ori=0, pos=array([0., 0.]), rgb=array([255., 255., 255.]), text='waiting for scanner', units='norm', win=Window(...), wrapWidth=1)
8.6298 	EXP 	Created image_2 = ImageStim(__class__=<class 'psychopy.visual.image.ImageStim'>, autoLog=True, color=array([1., 1., 1.]), colorSpace='rgb', contrast=1.0, depth=0.0, flipHoriz=False, flipVert=False, image='south.png', interpolate=True, mask=None, maskParams=None, name='image_2', opacity=1.0, ori=0.0, pos=array([0., 0.]), size=array([0.5, 0.5]), texRes=128, units='norm', win=Window(...))
8.6400 	EXP 	Created l2q = ImageStim(__class__=<class 'psychopy.visual.image.ImageStim'>, autoLog=True, color=array([1., 1., 1.]), colorSpace='rgb', contrast=1.0, depth=-4.0, flipHoriz=False, flipVert=False, image='LAYER2Q.png', interpolate=True, mask=None, maskParams=None, name='l2q', opacity=1.0, ori=0.0, pos=array([0., 0.]), size=array([0.5, 0.5]), texRes=128, units='norm', win=Window(...))
8.6500 	EXP 	Created l3q = ImageStim(__class__=<class 'psychopy.visual.image.ImageStim'>, autoLog=True, color=array([1., 1., 1.]), colorSpace='rgb', contrast=1.0, depth=-6.0, flipHoriz=False, flipVert=False, image='LAYER3Q.png', interpolate=True, mask=None, maskParams=None, name='l3q', opacity=1.0, ori=0.0, pos=array([0., 0.]), size=array([0.5, 0.5]), texRes=128, units='norm', win=Window(...))
8.6561 	EXP 	Created nameQ1 = ImageStim(__class__=<class 'psychopy.visual.image.ImageStim'>, autoLog=True, color=array([1., 1., 1.]), colorSpace='rgb', contrast=1.0, depth=-1.0, flipHoriz=False, flipVert=False, image='sin', interpolate=True, mask=None, maskParams=None, name='nameQ1', opacity=1.0, ori=0.0, pos=array([-0.5, -0.2]), size=array([0.5, 0.5]), texRes=128, units='norm', win=Window(...))
8.6586 	EXP 	Created nameQ2 = ImageStim(__class__=<class 'psychopy.visual.image.ImageStim'>, autoLog=True, color=array([1., 1., 1.]), colorSpace='rgb', contrast=1.0, depth=-2.0, flipHoriz=False, flipVert=False, image='sin', interpolate=True, mask=None, maskParams=None, name='nameQ2', opacity=1.0, ori=0.0, pos=array([ 0.5, -0.2]), size=array([0.5, 0.5]), texRes=128, units='norm', win=Window(...))
8.6610 	EXP 	Created eggPainting1 = ImageStim(__class__=<class 'psychopy.visual.image.ImageStim'>, autoLog=True, color=array([1., 1., 1.]), colorSpace='rgb', contrast=1.0, depth=0.0, flipHoriz=False, flipVert=False, image='sin', interpolate=True, mask=None, maskParams=None, name='eggPainting1', opacity=1.0, ori=0.0, pos=array([-0.5, -0.2]), size=array([0.7, 1. ]), texRes=128, units='norm', win=Window(...))
8.6634 	EXP 	Created eggPainting2 = ImageStim(__class__=<class 'psychopy.visual.image.ImageStim'>, autoLog=True, color=array([1., 1., 1.]), colorSpace='rgb', contrast=1.0, depth=-2.0, flipHoriz=False, flipVert=False, image='sin', interpolate=True, mask=None, maskParams=None, name='eggPainting2', opacity=1.0, ori=0.0, pos=array([ 0.5, -0.2]), size=array([0.7, 1. ]), texRes=128, units='norm', win=Window(...))
8.6658 	EXP 	Created character1 = ImageStim(__class__=<class 'psychopy.visual.image.ImageStim'>, autoLog=True, color=array([1., 1., 1.]), colorSpace='rgb', contrast=1.0, depth=0.0, flipHoriz=False, flipVert=False, image='sin', interpolate=True, mask=None, maskParams=None, name='character1', opacity=1.0, ori=0.0, pos=array([-0.5, -0.2]), size=array([0.5, 1. ]), texRes=128, units='norm', win=Window(...))
8.6682 	EXP 	Created character2 = ImageStim(__class__=<class 'psychopy.visual.image.ImageStim'>, autoLog=True, color=array([1., 1., 1.]), colorSpace='rgb', contrast=1.0, depth=-1.0, flipHoriz=False, flipVert=False, image='sin', interpolate=True, mask=None, maskParams=None, name='character2', opacity=1.0, ori=0.0, pos=array([ 0.5, -0.2]), size=array([0.5, 1. ]), texRes=128, units='norm', win=Window(...))
8.6706 	EXP 	Created themeQ1 = ImageStim(__class__=<class 'psychopy.visual.image.ImageStim'>, autoLog=True, color=array([1., 1., 1.]), colorSpace='rgb', contrast=1.0, depth=-1.0, flipHoriz=False, flipVert=False, image='sin', interpolate=True, mask=None, maskParams=None, name='themeQ1', opacity=1.0, ori=0.0, pos=array([-0.5, -0.2]), size=array([0.5, 0.5]), texRes=128, units='norm', win=Window(...))
8.6731 	EXP 	Created themeQ2 = ImageStim(__class__=<class 'psychopy.visual.image.ImageStim'>, autoLog=True, color=array([1., 1., 1.]), colorSpace='rgb', contrast=1.0, depth=-2.0, flipHoriz=False, flipVert=False, image='sin', interpolate=True, mask=None, maskParams=None, name='themeQ2', opacity=1.0, ori=0.0, pos=array([ 0.5, -0.2]), size=array([0.5, 0.5]), texRes=128, units='norm', win=Window(...))
8.6755 	EXP 	Created gift1 = ImageStim(__class__=<class 'psychopy.visual.image.ImageStim'>, autoLog=True, color=array([1., 1., 1.]), colorSpace='rgb', contrast=1.0, depth=0.0, flipHoriz=False, flipVert=False, image='sin', interpolate=True, mask=None, maskParams=None, name='gift1', opacity=1.0, ori=0.0, pos=array([-0.5, -0.2]), size=array([0.5, 0.5]), texRes=128, units='norm', win=Window(...))
8.6779 	EXP 	Created gift2 = ImageStim(__class__=<class 'psychopy.visual.image.ImageStim'>, autoLog=True, color=array([1., 1., 1.]), colorSpace='rgb', contrast=1.0, depth=-1.0, flipHoriz=False, flipVert=False, image='sin', interpolate=True, mask=None, maskParams=None, name='gift2', opacity=1.0, ori=0.0, pos=array([ 0.5, -0.2]), size=array([0.5, 0.5]), texRes=128, units='norm', win=Window(...))
8.6817 	EXP 	Created northorsouth1 = ImageStim(__class__=<class 'psychopy.visual.image.ImageStim'>, autoLog=True, color=array([1., 1., 1.]), colorSpace='rgb', contrast=1.0, depth=0.0, flipHoriz=False, flipVert=False, image='northorsouth1.png', interpolate=True, mask=None, maskParams=None, name='northorsouth1', opacity=1.0, ori=0.0, pos=array([-0.5, -0.2]), size=array([0.5, 0.5]), texRes=128, units='norm', win=Window(...))
8.6853 	EXP 	Created northorsouth2 = ImageStim(__class__=<class 'psychopy.visual.image.ImageStim'>, autoLog=True, color=array([1., 1., 1.]), colorSpace='rgb', contrast=1.0, depth=-2.0, flipHoriz=False, flipVert=False, image='northorsouth2.png', interpolate=True, mask=None, maskParams=None, name='northorsouth2', opacity=1.0, ori=0.0, pos=array([ 0.5, -0.2]), size=array([0.5, 0.5]), texRes=128, units='norm', win=Window(...))
8.7099 	EXP 	text: autoDraw = True
10.0631 	DATA 	Keypress: g
10.0764 	EXP 	text: autoDraw = False
10.0764 	EXP 	waiting: autoDraw = True
36.1193 	DATA 	Keypress: equal
36.1302 	EXP 	Imported chooseBlock3.csv as conditions, 6 conditions, 1 params
36.1307 	EXP 	Created sequence: random, trialTypes=6, nReps=1, seed=None
36.1310 	EXP 	New trial (rep=0, index=0): OrderedDict([('condsFile', 'videoBlock_schemaS_pathB_1.csv')])
36.1403 	EXP 	Imported videoBlock_schemaS_pathB_1.csv as conditions, 1 conditions, 17 params
36.1406 	EXP 	Created sequence: random, trialTypes=1, nReps=1, seed=None
36.1413 	EXP 	New trial (rep=0, index=0): OrderedDict([('northOrSouth', 'south.png'), ('stimFile1a', 'stims/wedding-39.1a.mp4'), ('stimFile1b', 'stims/wedding-39.1b.mp4'), ('stimFile2', 'stims/wedding-39.2b.mp4'), ('stimFile3', 'stims/wedding-39.3a.mp4'), ('stimFile4', 'stims/wedding-39.4b.mp4'), ('stimFile5', 'stims/wedding-39.5.mp4'), ('QeggPainting1', 'stimsday1details/newpainting7.png'), ('Qcharacter1', 'stimsday1details/newperson19.png'), ('Qgift1', 'stimsday1details/gift39.png'), ('QeggPainting2', 'stimsday1details/painting39.png'), ('Qcharacter2', 'stimsday1details/couple39.png'), ('Qgift2', 'stimsday1details/new19.png'), ('Qname1', 'stimsday1details/n39.png'), ('Qtheme1', 'stimsday1details/t39.png'), ('Qname2', 'stimsday1details/cn39.png'), ('Qtheme2', 'stimsday1details/ct39.png')])
36.1592 	EXP 	waiting: autoDraw = False
36.1592 	EXP 	image_2: autoDraw = True
37.6320 	DATA 	Keypress: equal
38.1310 	EXP 	Created sequence: random, trialTypes=1, nReps=1, seed=None
38.1313 	EXP 	New trial (rep=0, index=0): None
38.7939 	EXP 	Created vid1a = MovieStim3(__class__=<class 'psychopy.visual.movie3.MovieStim3'>, autoLog=True, color=UNKNOWN, colorSpace=UNKNOWN, depth=-1.0, filename='stims/wedding-39.1a.mp4', flipHoriz=False, flipVert=False, fps=UNKNOWN, interpolate=True, loop=False, name='vid1a', noAudio=False, opacity=1.0, ori=0, pos=array([0., 0.]), size=array([1280.,  720.]), units='pix', vframe_callback=UNKNOWN, volume=UNKNOWN, win=Window(...))
39.1709 	EXP 	Created vid1b = MovieStim3(__class__=<class 'psychopy.visual.movie3.MovieStim3'>, autoLog=True, color=UNKNOWN, colorSpace=UNKNOWN, depth=-2.0, filename='stims/wedding-39.1b.mp4', flipHoriz=False, flipVert=False, fps=UNKNOWN, interpolate=True, loop=False, name='vid1b', noAudio=False, opacity=1.0, ori=0, pos=array([0., 0.]), size=array([1280.,  720.]), units='pix', vframe_callback=UNKNOWN, volume=UNKNOWN, win=Window(...))
39.6470 	EXP 	Created vid2 = MovieStim3(__class__=<class 'psychopy.visual.movie3.MovieStim3'>, autoLog=True, color=UNKNOWN, colorSpace=UNKNOWN, depth=-3.0, filename='stims/wedding-39.2b.mp4', flipHoriz=False, flipVert=False, fps=UNKNOWN, interpolate=True, loop=False, name='vid2', noAudio=False, opacity=1.0, ori=0, pos=array([0., 0.]), size=array([1280.,  720.]), units='pix', vframe_callback=UNKNOWN, volume=UNKNOWN, win=Window(...))
40.1111 	EXP 	Created vid3 = MovieStim3(__class__=<class 'psychopy.visual.movie3.MovieStim3'>, autoLog=True, color=UNKNOWN, colorSpace=UNKNOWN, depth=-4.0, filename='stims/wedding-39.3a.mp4', flipHoriz=False, flipVert=False, fps=UNKNOWN, interpolate=True, loop=False, name='vid3', noAudio=False, opacity=1.0, ori=0, pos=array([0., 0.]), size=array([1280.,  720.]), units='pix', vframe_callback=UNKNOWN, volume=UNKNOWN, win=Window(...))
40.5856 	EXP 	Created vid4 = MovieStim3(__class__=<class 'psychopy.visual.movie3.MovieStim3'>, autoLog=True, color=UNKNOWN, colorSpace=UNKNOWN, depth=-5.0, filename='stims/wedding-39.4b.mp4', flipHoriz=False, flipVert=False, fps=UNKNOWN, interpolate=True, loop=False, name='vid4', noAudio=False, opacity=1.0, ori=0, pos=array([0., 0.]), size=array([1280.,  720.]), units='pix', vframe_callback=UNKNOWN, volume=UNKNOWN, win=Window(...))
40.9799 	EXP 	Created vid5 = MovieStim3(__class__=<class 'psychopy.visual.movie3.MovieStim3'>, autoLog=True, color=UNKNOWN, colorSpace=UNKNOWN, depth=-6.0, filename='stims/wedding-39.5.mp4', flipHoriz=False, flipVert=False, fps=UNKNOWN, interpolate=True, loop=False, name='vid5', noAudio=False, opacity=1.0, ori=0, pos=array([0., 0.]), size=array([1280.,  720.]), units='pix', vframe_callback=UNKNOWN, volume=UNKNOWN, win=Window(...))
41.0218 	EXP 	Created sequence: random, trialTypes=1, nReps=1, seed=None
41.0221 	EXP 	New trial (rep=0, index=0): None
41.5659 	EXP 	Created vid1a_q = MovieStim3(__class__=<class 'psychopy.visual.movie3.MovieStim3'>, autoLog=True, color=UNKNOWN, colorSpace=UNKNOWN, depth=-1.0, filename='stims/wedding-39.1a.mp4', flipHoriz=False, flipVert=False, fps=UNKNOWN, interpolate=True, loop=False, name='vid1a_q', noAudio=False, opacity=1.0, ori=0, pos=array([0., 0.]), size=array([1280.,  720.]), units='pix', vframe_callback=UNKNOWN, volume=UNKNOWN, win=Window(...))
41.9371 	EXP 	Created vid1b_q = MovieStim3(__class__=<class 'psychopy.visual.movie3.MovieStim3'>, autoLog=True, color=UNKNOWN, colorSpace=UNKNOWN, depth=-2.0, filename='stims/wedding-39.1b.mp4', flipHoriz=False, flipVert=False, fps=UNKNOWN, interpolate=True, loop=False, name='vid1b_q', noAudio=False, opacity=1.0, ori=0, pos=array([0., 0.]), size=array([1280.,  720.]), units='pix', vframe_callback=UNKNOWN, volume=UNKNOWN, win=Window(...))
42.4111 	EXP 	Created vid2_q = MovieStim3(__class__=<class 'psychopy.visual.movie3.MovieStim3'>, autoLog=True, color=UNKNOWN, colorSpace=UNKNOWN, depth=-3.0, filename='stims/wedding-39.2b.mp4', flipHoriz=False, flipVert=False, fps=UNKNOWN, interpolate=True, loop=False, name='vid2_q', noAudio=False, opacity=1.0, ori=0, pos=array([0., 0.]), size=array([1280.,  720.]), units='pix', vframe_callback=UNKNOWN, volume=UNKNOWN, win=Window(...))
42.8661 	EXP 	Created vid3_q = MovieStim3(__class__=<class 'psychopy.visual.movie3.MovieStim3'>, autoLog=True, color=UNKNOWN, colorSpace=UNKNOWN, depth=-5.0, filename='stims/wedding-39.3a.mp4', flipHoriz=False, flipVert=False, fps=UNKNOWN, interpolate=True, loop=False, name='vid3_q', noAudio=False, opacity=1.0, ori=0, pos=array([0., 0.]), size=array([1280.,  720.]), units='pix', vframe_callback=UNKNOWN, volume=UNKNOWN, win=Window(...))
43.3326 	EXP 	Created vid4_q = MovieStim3(__class__=<class 'psychopy.visual.movie3.MovieStim3'>, autoLog=True, color=UNKNOWN, colorSpace=UNKNOWN, depth=-7.0, filename='stims/wedding-39.4b.mp4', flipHoriz=False, flipVert=False, fps=UNKNOWN, interpolate=True, loop=False, name='vid4_q', noAudio=False, opacity=1.0, ori=0, pos=array([0., 0.]), size=array([1280.,  720.]), units='pix', vframe_callback=UNKNOWN, volume=UNKNOWN, win=Window(...))
43.7134 	EXP 	Created vid5_q = MovieStim3(__class__=<class 'psychopy.visual.movie3.MovieStim3'>, autoLog=True, color=UNKNOWN, colorSpace=UNKNOWN, depth=-8.0, filename='stims/wedding-39.5.mp4', flipHoriz=False, flipVert=False, fps=UNKNOWN, interpolate=True, loop=False, name='vid5_q', noAudio=False, opacity=1.0, ori=0, pos=array([0., 0.]), size=array([1280.,  720.]), units='pix', vframe_callback=UNKNOWN, volume=UNKNOWN, win=Window(...))
43.7140 	EXP 	window1: recordFrameIntervals = False
43.7181 	DATA 	Keypress: equal
43.7204 	DATA 	Keypress: equal
43.7225 	DATA 	Keypress: equal
43.7247 	DATA 	Keypress: equal
43.7433 	EXP 	image_2: autoDraw = False
43.7433 	EXP 	vid1a: movie = 'stims/wedding-39.1a.mp4'
43.7433 	EXP 	vid1a: autoLog = True
43.7433 	EXP 	vid1b: movie = 'stims/wedding-39.1b.mp4'
43.7433 	EXP 	vid1b: autoLog = True
43.7433 	EXP 	vid2: movie = 'stims/wedding-39.2b.mp4'
43.7433 	EXP 	vid2: autoLog = True
43.7433 	EXP 	vid3: movie = 'stims/wedding-39.3a.mp4'
43.7433 	EXP 	vid3: autoLog = True
43.7433 	EXP 	vid4: movie = 'stims/wedding-39.4b.mp4'
43.7433 	EXP 	vid4: autoLog = True
43.7433 	EXP 	vid5: movie = 'stims/wedding-39.5.mp4'
43.7433 	EXP 	vid5: autoLog = True
43.7433 	EXP 	vid1a: autoDraw = False
43.7433 	EXP 	vid1b: autoDraw = False
43.7433 	EXP 	vid2: autoDraw = False
43.7433 	EXP 	vid3: autoDraw = False
43.7433 	EXP 	vid4: autoDraw = False
43.7433 	EXP 	vid5: autoDraw = False
43.7433 	EXP 	vid1a_q: movie = 'stims/wedding-39.1a.mp4'
43.7433 	EXP 	vid1a_q: autoLog = True
43.7433 	EXP 	vid1b_q: movie = 'stims/wedding-39.1b.mp4'
43.7433 	EXP 	vid1b_q: autoLog = True
43.7433 	EXP 	vid2_q: movie = 'stims/wedding-39.2b.mp4'
43.7433 	EXP 	vid2_q: autoLog = True
43.7433 	EXP 	vid3_q: movie = 'stims/wedding-39.3a.mp4'
43.7433 	EXP 	vid3_q: autoLog = True
43.7433 	EXP 	vid4_q: movie = 'stims/wedding-39.4b.mp4'
43.7433 	EXP 	vid4_q: autoLog = True
43.7433 	EXP 	vid5_q: movie = 'stims/wedding-39.5.mp4'
43.7433 	EXP 	vid5_q: autoLog = True
46.4369 	EXP 	window1: recordFrameIntervals = False
48.0021 	DATA 	Keypress: equal
48.0052 	DATA 	Keypress: equal
48.1176 	DATA 	Keypress: equal
48.2098 	EXP 	vid1a_q: movie = 'stims/wedding-39.1a.mp4'
48.2098 	EXP 	vid1b_q: movie = 'stims/wedding-39.1b.mp4'
48.2098 	EXP 	vid2_q: movie = 'stims/wedding-39.2b.mp4'
48.2098 	EXP 	vid3_q: movie = 'stims/wedding-39.3a.mp4'
48.2098 	EXP 	vid4_q: movie = 'stims/wedding-39.4b.mp4'
48.2098 	EXP 	vid5_q: movie = 'stims/wedding-39.5.mp4'
48.2265 	EXP 	vid1a_q: autoDraw = True
49.6289 	DATA 	Keypress: equal
51.1337 	DATA 	Keypress: equal
52.6542 	DATA 	Keypress: equal
54.1326 	DATA 	Keypress: equal
55.6275 	DATA 	Keypress: equal
57.1190 	DATA 	Keypress: equal
58.6182 	DATA 	Keypress: equal
60.1241 	DATA 	Keypress: equal
61.6188 	DATA 	Keypress: equal
63.1187 	DATA 	Keypress: equal
64.6202 	DATA 	Keypress: equal
66.1233 	DATA 	Keypress: equal
67.6180 	DATA 	Keypress: equal
69.1193 	DATA 	Keypress: equal
70.6180 	DATA 	Keypress: equal
72.1326 	DATA 	Keypress: equal
73.6281 	DATA 	Keypress: equal
75.1283 	DATA 	Keypress: equal
76.6271 	DATA 	Keypress: equal
77.1928 	EXP 	Set vid1a_q finished
78.0427 	EXP 	vid1b_q: autoDraw = True
78.1237 	DATA 	Keypress: equal
79.6213 	DATA 	Keypress: equal
81.1208 	DATA 	Keypress: equal
82.6222 	DATA 	Keypress: equal
84.1229 	DATA 	Keypress: equal
85.6225 	DATA 	Keypress: equal
86.8918 	EXP 	Set vid1b_q finished
87.0428 	EXP 	vid2_q: autoDraw = True
87.1195 	DATA 	Keypress: equal
88.6247 	DATA 	Keypress: equal
90.1181 	DATA 	Keypress: equal
91.6162 	DATA 	Keypress: equal
93.1186 	DATA 	Keypress: equal
94.6169 	DATA 	Keypress: equal
96.1279 	DATA 	Keypress: equal
97.6271 	DATA 	Keypress: equal
99.1315 	DATA 	Keypress: equal
100.6268 	DATA 	Keypress: equal
102.1290 	DATA 	Keypress: equal
103.6558 	DATA 	Keypress: equal
104.0425 	EXP 	vid2_q: autoDraw = False
104.0425 	EXP 	l2q: autoDraw = True
105.1308 	DATA 	Keypress: equal
106.6319 	DATA 	Keypress: equal
106.6435 	DATA 	Keypress: 2
108.0428 	EXP 	l2q: autoDraw = False
108.0428 	EXP 	vid3_q: autoDraw = True
108.1177 	DATA 	Keypress: equal
109.6171 	DATA 	Keypress: equal
111.1207 	DATA 	Keypress: equal
112.6154 	DATA 	Keypress: equal
114.1271 	DATA 	Keypress: equal
115.6268 	DATA 	Keypress: equal
117.1273 	DATA 	Keypress: equal
118.6268 	DATA 	Keypress: equal
120.1331 	DATA 	Keypress: equal
121.6276 	DATA 	Keypress: equal
123.1277 	DATA 	Keypress: equal
124.6283 	DATA 	Keypress: equal
126.1264 	DATA 	Keypress: equal
127.6264 	DATA 	Keypress: equal
129.1151 	DATA 	Keypress: equal
130.6179 	DATA 	Keypress: equal
131.0247 	EXP 	vid3_q: autoDraw = False
131.0411 	EXP 	l3q: autoDraw = True
132.1153 	DATA 	Keypress: equal
133.6150 	DATA 	Keypress: equal
133.9777 	DATA 	Keypress: 1
135.0249 	EXP 	l3q: autoDraw = False
135.0410 	EXP 	vid4_q: autoDraw = True
135.1235 	DATA 	Keypress: equal
136.6204 	DATA 	Keypress: equal
138.1184 	DATA 	Keypress: equal
139.6165 	DATA 	Keypress: equal
141.1179 	DATA 	Keypress: equal
142.6142 	DATA 	Keypress: equal
144.1145 	DATA 	Keypress: equal
145.6268 	DATA 	Keypress: equal
147.1270 	DATA 	Keypress: equal
148.6274 	DATA 	Keypress: equal
150.1277 	DATA 	Keypress: equal
151.6278 	DATA 	Keypress: equal
153.1282 	DATA 	Keypress: equal
154.6259 	DATA 	Keypress: equal
156.1266 	DATA 	Keypress: equal
157.6269 	DATA 	Keypress: equal
159.0411 	EXP 	vid4_q: autoDraw = False
159.0411 	EXP 	vid5_q: autoDraw = True
159.1172 	DATA 	Keypress: equal
160.6153 	DATA 	Keypress: equal
162.1149 	DATA 	Keypress: equal
163.6185 	DATA 	Keypress: equal
165.1172 	DATA 	Keypress: equal
166.6193 	DATA 	Keypress: equal
168.1152 	DATA 	Keypress: equal
169.6261 	DATA 	Keypress: equal
171.1586 	DATA 	Keypress: equal
171.2075 	EXP 	Set vid5_q finished
171.3307 	EXP 	window1: recordFrameIntervals = False
171.3416 	EXP 	vid1a_q: autoDraw = False
171.3416 	EXP 	vid1b_q: autoDraw = False
171.3416 	EXP 	vid2_q: autoDraw = False
171.3416 	EXP 	l2q: autoDraw = False
171.3416 	EXP 	vid3_q: autoDraw = False
171.3416 	EXP 	l3q: autoDraw = False
171.3416 	EXP 	vid4_q: autoDraw = False
171.3416 	EXP 	vid5_q: autoDraw = False
171.6107 	EXP 	window1: recordFrameIntervals = False
173.1169 	DATA 	Keypress: equal
173.3414 	EXP 	eggPainting1: image = 'stimsday1details/newpainting7.png'
173.3414 	EXP 	eggPainting2: image = 'stimsday1details/painting39.png'
173.3414 	EXP 	character1: image = 'stimsday1details/newperson19.png'
173.3414 	EXP 	character2: image = 'stimsday1details/couple39.png'
173.3414 	EXP 	gift1: image = 'stimsday1details/gift39.png'
173.3414 	EXP 	gift2: image = 'stimsday1details/new19.png'
173.3414 	EXP 	themeQ1: image = 'stimsday1details/t39.png'
173.3414 	EXP 	themeQ2: image = 'stimsday1details/ct39.png'
173.3414 	EXP 	nameQ1: image = 'stimsday1details/n39.png'
173.3414 	EXP 	nameQ2: image = 'stimsday1details/cn39.png'
173.3414 	EXP 	nameQ1: autoDraw = True
173.3414 	EXP 	nameQ2: autoDraw = True
173.9432 	DATA 	Keypress: 1
174.1258 	DATA 	Keypress: equal
175.3242 	EXP 	nameQ1: autoDraw = False
175.3242 	EXP 	nameQ2: autoDraw = False
175.3242 	EXP 	nameQ1: autoDraw = False
175.3242 	EXP 	nameQ2: autoDraw = False
175.3242 	EXP 	eggPainting1: autoDraw = True
175.3242 	EXP 	eggPainting2: autoDraw = True
175.6252 	DATA 	Keypress: equal
176.2597 	DATA 	Keypress: 2
177.1259 	DATA 	Keypress: equal
177.3247 	EXP 	eggPainting1: autoDraw = False
177.3247 	EXP 	eggPainting2: autoDraw = False
177.3247 	EXP 	eggPainting1: autoDraw = False
177.3247 	EXP 	eggPainting2: autoDraw = False
177.3247 	EXP 	character1: autoDraw = True
177.3247 	EXP 	character2: autoDraw = True
178.2269 	DATA 	Keypress: 2
178.6140 	DATA 	Keypress: equal
179.3251 	EXP 	character1: autoDraw = False
179.3251 	EXP 	character2: autoDraw = False
179.3251 	EXP 	character1: autoDraw = False
179.3251 	EXP 	character2: autoDraw = False
179.3251 	EXP 	themeQ1: autoDraw = True
179.3251 	EXP 	themeQ2: autoDraw = True
180.0941 	DATA 	Keypress: 1
180.1146 	DATA 	Keypress: equal
181.3251 	EXP 	themeQ1: autoDraw = False
181.3251 	EXP 	themeQ2: autoDraw = False
181.3251 	EXP 	themeQ1: autoDraw = False
181.3251 	EXP 	themeQ2: autoDraw = False
181.3251 	EXP 	gift1: autoDraw = True
181.3251 	EXP 	gift2: autoDraw = True
181.6128 	DATA 	Keypress: equal
181.9630 	DATA 	Keypress: 1
183.1133 	DATA 	Keypress: equal
183.3251 	EXP 	gift1: autoDraw = False
183.3251 	EXP 	gift2: autoDraw = False
183.3251 	EXP 	gift1: autoDraw = False
183.3251 	EXP 	gift2: autoDraw = False
183.3251 	EXP 	northorsouth1: autoDraw = True
183.3251 	EXP 	northorsouth2: autoDraw = True
183.8767 	DATA 	Keypress: 2
184.6134 	DATA 	Keypress: equal
185.4907 	EXP 	New trial (rep=0, index=1): OrderedDict([('condsFile', 'videoBlock_schemaS_pathB_3.csv')])
185.5033 	EXP 	Imported videoBlock_schemaS_pathB_3.csv as conditions, 1 conditions, 17 params
185.5038 	EXP 	Created sequence: random, trialTypes=1, nReps=1, seed=None
185.5045 	EXP 	New trial (rep=0, index=0): OrderedDict([('northOrSouth', 'south.png'), ('stimFile1a', 'stims/wedding-41.1a.mp4'), ('stimFile1b', 'stims/wedding-41.1b.mp4'), ('stimFile2', 'stims/wedding-41.2b.mp4'), ('stimFile3', 'stims/wedding-41.3a.mp4'), ('stimFile4', 'stims/wedding-41.4b.mp4'), ('stimFile5', 'stims/wedding-41.5.mp4'), ('QeggPainting1', 'stimsday1details/painting41.png'), ('Qcharacter1', 'stimsday1details/couple41.png'), ('Qgift1', 'stimsday1details/new21.png'), ('QeggPainting2', 'stimsday1details/newpainting9.png'), ('Qcharacter2', 'stimsday1details/newperson21.png'), ('Qgift2', 'stimsday1details/gift41.png'), ('Qname1', 'stimsday1details/cn41.png'), ('Qtheme1', 'stimsday1details/t41.png'), ('Qname2', 'stimsday1details/n41.png'), ('Qtheme2', 'stimsday1details/ct41.png')])
185.5241 	EXP 	northorsouth1: autoDraw = False
185.5241 	EXP 	northorsouth2: autoDraw = False
185.5241 	EXP 	northorsouth1: autoDraw = False
185.5241 	EXP 	northorsouth2: autoDraw = False
185.5241 	EXP 	image_2: autoDraw = True
186.1260 	DATA 	Keypress: equal
187.5096 	EXP 	Created sequence: random, trialTypes=1, nReps=1, seed=None
187.5099 	EXP 	New trial (rep=0, index=0): None
188.0734 	EXP 	Created vid1a = MovieStim3(__class__=<class 'psychopy.visual.movie3.MovieStim3'>, autoLog=True, color=UNKNOWN, colorSpace=UNKNOWN, depth=-1.0, filename='stims/wedding-41.1a.mp4', flipHoriz=False, flipVert=False, fps=UNKNOWN, interpolate=True, loop=False, name='vid1a', noAudio=False, opacity=1.0, ori=0, pos=array([0., 0.]), size=array([1280.,  720.]), units='pix', vframe_callback=UNKNOWN, volume=UNKNOWN, win=Window(...))
188.4645 	EXP 	Created vid1b = MovieStim3(__class__=<class 'psychopy.visual.movie3.MovieStim3'>, autoLog=True, color=UNKNOWN, colorSpace=UNKNOWN, depth=-2.0, filename='stims/wedding-41.1b.mp4', flipHoriz=False, flipVert=False, fps=UNKNOWN, interpolate=True, loop=False, name='vid1b', noAudio=False, opacity=1.0, ori=0, pos=array([0., 0.]), size=array([1280.,  720.]), units='pix', vframe_callback=UNKNOWN, volume=UNKNOWN, win=Window(...))
188.9735 	EXP 	Created vid2 = MovieStim3(__class__=<class 'psychopy.visual.movie3.MovieStim3'>, autoLog=True, color=UNKNOWN, colorSpace=UNKNOWN, depth=-3.0, filename='stims/wedding-41.2b.mp4', flipHoriz=False, flipVert=False, fps=UNKNOWN, interpolate=True, loop=False, name='vid2', noAudio=False, opacity=1.0, ori=0, pos=array([0., 0.]), size=array([1280.,  720.]), units='pix', vframe_callback=UNKNOWN, volume=UNKNOWN, win=Window(...))
189.5205 	EXP 	Created vid3 = MovieStim3(__class__=<class 'psychopy.visual.movie3.MovieStim3'>, autoLog=True, color=UNKNOWN, colorSpace=UNKNOWN, depth=-4.0, filename='stims/wedding-41.3a.mp4', flipHoriz=False, flipVert=False, fps=UNKNOWN, interpolate=True, loop=False, name='vid3', noAudio=False, opacity=1.0, ori=0, pos=array([0., 0.]), size=array([1280.,  720.]), units='pix', vframe_callback=UNKNOWN, volume=UNKNOWN, win=Window(...))
189.9875 	EXP 	Created vid4 = MovieStim3(__class__=<class 'psychopy.visual.movie3.MovieStim3'>, autoLog=True, color=UNKNOWN, colorSpace=UNKNOWN, depth=-5.0, filename='stims/wedding-41.4b.mp4', flipHoriz=False, flipVert=False, fps=UNKNOWN, interpolate=True, loop=False, name='vid4', noAudio=False, opacity=1.0, ori=0, pos=array([0., 0.]), size=array([1280.,  720.]), units='pix', vframe_callback=UNKNOWN, volume=UNKNOWN, win=Window(...))
190.3890 	EXP 	Created vid5 = MovieStim3(__class__=<class 'psychopy.visual.movie3.MovieStim3'>, autoLog=True, color=UNKNOWN, colorSpace=UNKNOWN, depth=-6.0, filename='stims/wedding-41.5.mp4', flipHoriz=False, flipVert=False, fps=UNKNOWN, interpolate=True, loop=False, name='vid5', noAudio=False, opacity=1.0, ori=0, pos=array([0., 0.]), size=array([1280.,  720.]), units='pix', vframe_callback=UNKNOWN, volume=UNKNOWN, win=Window(...))
190.5079 	EXP 	window1: recordFrameIntervals = False
190.5113 	DATA 	Keypress: equal
190.5139 	DATA 	Keypress: equal
190.5249 	EXP 	image_2: autoDraw = False
190.5249 	EXP 	image_2: autoDraw = False
190.5249 	EXP 	vid1a: movie = 'stims/wedding-41.1a.mp4'
190.5249 	EXP 	vid1a: autoLog = True
190.5249 	EXP 	vid1b: movie = 'stims/wedding-41.1b.mp4'
190.5249 	EXP 	vid1b: autoLog = True
190.5249 	EXP 	vid2: movie = 'stims/wedding-41.2b.mp4'
190.5249 	EXP 	vid2: autoLog = True
190.5249 	EXP 	vid3: movie = 'stims/wedding-41.3a.mp4'
190.5249 	EXP 	vid3: autoLog = True
190.5249 	EXP 	vid4: movie = 'stims/wedding-41.4b.mp4'
190.5249 	EXP 	vid4: autoLog = True
190.5249 	EXP 	vid5: movie = 'stims/wedding-41.5.mp4'
190.5249 	EXP 	vid5: autoLog = True
193.3624 	EXP 	window1: recordFrameIntervals = False
194.7950 	DATA 	Keypress: equal
194.7972 	DATA 	Keypress: equal
194.7992 	DATA 	Keypress: equal
195.0082 	EXP 	vid1a: movie = 'stims/wedding-41.1a.mp4'
195.0082 	EXP 	vid1b: movie = 'stims/wedding-41.1b.mp4'
195.0082 	EXP 	vid2: movie = 'stims/wedding-41.2b.mp4'
195.0082 	EXP 	vid3: movie = 'stims/wedding-41.3a.mp4'
195.0082 	EXP 	vid4: movie = 'stims/wedding-41.4b.mp4'
195.0082 	EXP 	vid5: movie = 'stims/wedding-41.5.mp4'
195.0237 	EXP 	vid1a: autoDraw = True
195.1267 	DATA 	Keypress: equal
196.6260 	DATA 	Keypress: equal
198.1262 	DATA 	Keypress: equal
199.6310 	DATA 	Keypress: equal
201.1305 	DATA 	Keypress: equal
202.6139 	DATA 	Keypress: equal
204.1142 	DATA 	Keypress: equal
205.6172 	DATA 	Keypress: equal
207.1150 	DATA 	Keypress: equal
208.6178 	DATA 	Keypress: equal
210.1163 	DATA 	Keypress: equal
211.6170 	DATA 	Keypress: equal
213.1170 	DATA 	Keypress: equal
214.6150 	DATA 	Keypress: equal
216.1145 	DATA 	Keypress: equal
217.6146 	DATA 	Keypress: equal
219.1303 	DATA 	Keypress: equal
220.6139 	DATA 	Keypress: equal
222.1141 	DATA 	Keypress: equal
223.6190 	DATA 	Keypress: equal
224.5234 	EXP 	vid1a: autoDraw = False
224.5399 	EXP 	vid1b: autoDraw = True
225.1133 	DATA 	Keypress: equal
226.6171 	DATA 	Keypress: equal
228.1413 	DATA 	Keypress: equal
229.6167 	DATA 	Keypress: equal
231.1172 	DATA 	Keypress: equal
232.6169 	DATA 	Keypress: equal
233.5066 	EXP 	Set vid1b finished
233.5407 	EXP 	vid2: autoDraw = True
234.1172 	DATA 	Keypress: equal
235.6141 	DATA 	Keypress: equal
237.1132 	DATA 	Keypress: equal
238.6178 	DATA 	Keypress: equal
240.1251 	DATA 	Keypress: equal
241.6104 	DATA 	Keypress: equal
243.1312 	DATA 	Keypress: equal
244.6304 	DATA 	Keypress: equal
246.1307 	DATA 	Keypress: equal
247.6101 	DATA 	Keypress: equal
249.1261 	DATA 	Keypress: equal
249.7566 	EXP 	Set vid2 finished
250.5403 	EXP 	vid3: autoDraw = True
250.6186 	DATA 	Keypress: equal
252.1134 	DATA 	Keypress: equal
253.6172 	DATA 	Keypress: equal
255.1249 	DATA 	Keypress: equal
256.6102 	DATA 	Keypress: equal
258.1103 	DATA 	Keypress: equal
259.6253 	DATA 	Keypress: equal
261.1093 	DATA 	Keypress: equal
262.6093 	DATA 	Keypress: equal
264.1093 	DATA 	Keypress: equal
265.6104 	DATA 	Keypress: equal
267.1106 	DATA 	Keypress: equal
268.6109 	DATA 	Keypress: equal
270.1254 	DATA 	Keypress: equal
271.6095 	DATA 	Keypress: equal
273.1155 	DATA 	Keypress: equal
273.5268 	EXP 	vid3: autoDraw = False
273.5408 	EXP 	vid4: autoDraw = True
274.6162 	DATA 	Keypress: equal
276.1140 	DATA 	Keypress: equal
277.6176 	DATA 	Keypress: equal
279.1090 	DATA 	Keypress: equal
280.6093 	DATA 	Keypress: equal
282.1265 	DATA 	Keypress: equal
283.6094 	DATA 	Keypress: equal
285.1092 	DATA 	Keypress: equal
286.6084 	DATA 	Keypress: equal
288.1083 	DATA 	Keypress: equal
289.6092 	DATA 	Keypress: equal
291.1085 	DATA 	Keypress: equal
292.6087 	DATA 	Keypress: equal
294.1083 	DATA 	Keypress: equal
295.6092 	DATA 	Keypress: equal
297.0248 	EXP 	Set vid4 finished
297.1110 	DATA 	Keypress: equal
297.5418 	EXP 	vid5: autoDraw = True
298.6147 	DATA 	Keypress: equal
300.1118 	DATA 	Keypress: equal
301.6120 	DATA 	Keypress: equal
303.1121 	DATA 	Keypress: equal
304.6089 	DATA 	Keypress: equal
306.1085 	DATA 	Keypress: equal
307.6085 	DATA 	Keypress: equal
309.1087 	DATA 	Keypress: equal
310.6375 	EXP 	Created sequence: random, trialTypes=1, nReps=1, seed=None
310.6378 	EXP 	New trial (rep=0, index=0): None
311.1995 	EXP 	Created vid1a_q = MovieStim3(__class__=<class 'psychopy.visual.movie3.MovieStim3'>, autoLog=True, color=UNKNOWN, colorSpace=UNKNOWN, depth=-1.0, filename='stims/wedding-41.1a.mp4', flipHoriz=False, flipVert=False, fps=UNKNOWN, interpolate=True, loop=False, name='vid1a_q', noAudio=False, opacity=1.0, ori=0, pos=array([0., 0.]), size=array([1280.,  720.]), units='pix', vframe_callback=UNKNOWN, volume=UNKNOWN, win=Window(...))
311.5787 	EXP 	Created vid1b_q = MovieStim3(__class__=<class 'psychopy.visual.movie3.MovieStim3'>, autoLog=True, color=UNKNOWN, colorSpace=UNKNOWN, depth=-2.0, filename='stims/wedding-41.1b.mp4', flipHoriz=False, flipVert=False, fps=UNKNOWN, interpolate=True, loop=False, name='vid1b_q', noAudio=False, opacity=1.0, ori=0, pos=array([0., 0.]), size=array([1280.,  720.]), units='pix', vframe_callback=UNKNOWN, volume=UNKNOWN, win=Window(...))
312.0871 	EXP 	Created vid2_q = MovieStim3(__class__=<class 'psychopy.visual.movie3.MovieStim3'>, autoLog=True, color=UNKNOWN, colorSpace=UNKNOWN, depth=-3.0, filename='stims/wedding-41.2b.mp4', flipHoriz=False, flipVert=False, fps=UNKNOWN, interpolate=True, loop=False, name='vid2_q', noAudio=False, opacity=1.0, ori=0, pos=array([0., 0.]), size=array([1280.,  720.]), units='pix', vframe_callback=UNKNOWN, volume=UNKNOWN, win=Window(...))
312.6201 	EXP 	Created vid3_q = MovieStim3(__class__=<class 'psychopy.visual.movie3.MovieStim3'>, autoLog=True, color=UNKNOWN, colorSpace=UNKNOWN, depth=-5.0, filename='stims/wedding-41.3a.mp4', flipHoriz=False, flipVert=False, fps=UNKNOWN, interpolate=True, loop=False, name='vid3_q', noAudio=False, opacity=1.0, ori=0, pos=array([0., 0.]), size=array([1280.,  720.]), units='pix', vframe_callback=UNKNOWN, volume=UNKNOWN, win=Window(...))
313.0850 	EXP 	Created vid4_q = MovieStim3(__class__=<class 'psychopy.visual.movie3.MovieStim3'>, autoLog=True, color=UNKNOWN, colorSpace=UNKNOWN, depth=-7.0, filename='stims/wedding-41.4b.mp4', flipHoriz=False, flipVert=False, fps=UNKNOWN, interpolate=True, loop=False, name='vid4_q', noAudio=False, opacity=1.0, ori=0, pos=array([0., 0.]), size=array([1280.,  720.]), units='pix', vframe_callback=UNKNOWN, volume=UNKNOWN, win=Window(...))
313.4764 	EXP 	Created vid5_q = MovieStim3(__class__=<class 'psychopy.visual.movie3.MovieStim3'>, autoLog=True, color=UNKNOWN, colorSpace=UNKNOWN, depth=-8.0, filename='stims/wedding-41.5.mp4', flipHoriz=False, flipVert=False, fps=UNKNOWN, interpolate=True, loop=False, name='vid5_q', noAudio=False, opacity=1.0, ori=0, pos=array([0., 0.]), size=array([1280.,  720.]), units='pix', vframe_callback=UNKNOWN, volume=UNKNOWN, win=Window(...))
313.6644 	EXP 	window1: recordFrameIntervals = False
313.6675 	DATA 	Keypress: equal
313.6700 	DATA 	Keypress: equal
313.6723 	DATA 	Keypress: equal
313.6900 	EXP 	vid5: autoDraw = False
313.6900 	EXP 	vid1a: autoDraw = False
313.6900 	EXP 	vid1b: autoDraw = False
313.6900 	EXP 	vid2: autoDraw = False
313.6900 	EXP 	vid3: autoDraw = False
313.6900 	EXP 	vid4: autoDraw = False
313.6900 	EXP 	vid5: autoDraw = False
313.6900 	EXP 	vid1a_q: movie = 'stims/wedding-41.1a.mp4'
313.6900 	EXP 	vid1a_q: autoLog = True
313.6900 	EXP 	vid1b_q: movie = 'stims/wedding-41.1b.mp4'
313.6900 	EXP 	vid1b_q: autoLog = True
313.6900 	EXP 	vid2_q: movie = 'stims/wedding-41.2b.mp4'
313.6900 	EXP 	vid2_q: autoLog = True
313.6900 	EXP 	vid3_q: movie = 'stims/wedding-41.3a.mp4'
313.6900 	EXP 	vid3_q: autoLog = True
313.6900 	EXP 	vid4_q: movie = 'stims/wedding-41.4b.mp4'
313.6900 	EXP 	vid4_q: autoLog = True
313.6900 	EXP 	vid5_q: movie = 'stims/wedding-41.5.mp4'
313.6900 	EXP 	vid5_q: autoLog = True
313.6900 	EXP 	vid1a_q: autoDraw = False
313.6900 	EXP 	vid1b_q: autoDraw = False
313.6900 	EXP 	vid2_q: autoDraw = False
313.6900 	EXP 	l2q: autoDraw = False
313.6900 	EXP 	vid3_q: autoDraw = False
313.6900 	EXP 	l3q: autoDraw = False
313.6900 	EXP 	vid4_q: autoDraw = False
313.6900 	EXP 	vid5_q: autoDraw = False
313.8934 	EXP 	window1: recordFrameIntervals = False
315.4512 	DATA 	Keypress: equal
315.6723 	EXP 	eggPainting1: image = 'stimsday1details/painting41.png'
315.6723 	EXP 	eggPainting2: image = 'stimsday1details/newpainting9.png'
315.6723 	EXP 	character1: image = 'stimsday1details/couple41.png'
315.6723 	EXP 	character2: image = 'stimsday1details/newperson21.png'
315.6723 	EXP 	gift1: image = 'stimsday1details/new21.png'
315.6723 	EXP 	gift2: image = 'stimsday1details/gift41.png'
315.6723 	EXP 	themeQ1: image = 'stimsday1details/t41.png'
315.6723 	EXP 	themeQ2: image = 'stimsday1details/ct41.png'
315.6723 	EXP 	nameQ1: image = 'stimsday1details/cn41.png'
315.6723 	EXP 	nameQ2: image = 'stimsday1details/n41.png'
315.6723 	EXP 	nameQ1: autoDraw = True
315.6723 	EXP 	nameQ2: autoDraw = True
316.5735 	DATA 	Keypress: 2
316.6070 	DATA 	Keypress: equal
317.6563 	EXP 	nameQ1: autoDraw = False
317.6563 	EXP 	nameQ2: autoDraw = False
317.6563 	EXP 	nameQ1: autoDraw = False
317.6563 	EXP 	nameQ2: autoDraw = False
317.6563 	EXP 	eggPainting1: autoDraw = True
317.6563 	EXP 	eggPainting2: autoDraw = True
318.1069 	DATA 	Keypress: equal
318.2245 	DATA 	Keypress: 1
319.6119 	DATA 	Keypress: equal
319.6600 	EXP 	eggPainting1: autoDraw = False
319.6600 	EXP 	eggPainting2: autoDraw = False
319.6600 	EXP 	eggPainting1: autoDraw = False
319.6600 	EXP 	eggPainting2: autoDraw = False
319.6600 	EXP 	character1: autoDraw = True
319.6600 	EXP 	character2: autoDraw = True
320.3746 	DATA 	Keypress: 1
321.1076 	DATA 	Keypress: equal
321.6595 	EXP 	character1: autoDraw = False
321.6595 	EXP 	character2: autoDraw = False
321.6595 	EXP 	character1: autoDraw = False
321.6595 	EXP 	character2: autoDraw = False
321.6595 	EXP 	themeQ1: autoDraw = True
321.6595 	EXP 	themeQ2: autoDraw = True
322.4402 	DATA 	Keypress: 1
322.6124 	DATA 	Keypress: equal
323.6606 	EXP 	themeQ1: autoDraw = False
323.6606 	EXP 	themeQ2: autoDraw = False
323.6606 	EXP 	themeQ1: autoDraw = False
323.6606 	EXP 	themeQ2: autoDraw = False
323.6606 	EXP 	gift1: autoDraw = True
323.6606 	EXP 	gift2: autoDraw = True
324.1122 	DATA 	Keypress: equal
324.3903 	DATA 	Keypress: 2
325.6123 	DATA 	Keypress: equal
325.6598 	EXP 	gift1: autoDraw = False
325.6598 	EXP 	gift2: autoDraw = False
325.6598 	EXP 	gift1: autoDraw = False
325.6598 	EXP 	gift2: autoDraw = False
325.6598 	EXP 	northorsouth1: autoDraw = True
325.6598 	EXP 	northorsouth2: autoDraw = True
327.0913 	DATA 	Keypress: 2
327.1120 	DATA 	Keypress: equal
327.8471 	EXP 	New trial (rep=0, index=2): OrderedDict([('condsFile', 'videoBlock_schemaS_pathA_3.csv')])
327.8599 	EXP 	Imported videoBlock_schemaS_pathA_3.csv as conditions, 1 conditions, 17 params
327.8604 	EXP 	Created sequence: random, trialTypes=1, nReps=1, seed=None
327.8612 	EXP 	New trial (rep=0, index=0): OrderedDict([('northOrSouth', 'south.png'), ('stimFile1a', 'stims/wedding-36.1a.mp4'), ('stimFile1b', 'stims/wedding-36.1b.mp4'), ('stimFile2', 'stims/wedding-36.2a.mp4'), ('stimFile3', 'stims/wedding-36.3b.mp4'), ('stimFile4', 'stims/wedding-36.4a.mp4'), ('stimFile5', 'stims/wedding-36.5.mp4'), ('QeggPainting1', 'stimsday1details/egg36.png'), ('Qcharacter1', 'stimsday1details/couple36.png'), ('Qgift1', 'stimsday1details/gift36.png'), ('QeggPainting2', 'stimsday1details/newegg9.png'), ('Qcharacter2', 'stimsday1details/newperson9.png'), ('Qgift2', 'stimsday1details/new9.png'), ('Qname1', 'stimsday1details/n36.png'), ('Qtheme1', 'stimsday1details/t36.png'), ('Qname2', 'stimsday1details/cn36.png'), ('Qtheme2', 'stimsday1details/ct36.png')])
327.8726 	EXP 	northorsouth1: autoDraw = False
327.8726 	EXP 	northorsouth2: autoDraw = False
327.8726 	EXP 	northorsouth1: autoDraw = False
327.8726 	EXP 	northorsouth2: autoDraw = False
327.8726 	EXP 	image_2: autoDraw = True
328.6125 	DATA 	Keypress: equal
329.8612 	EXP 	Created sequence: random, trialTypes=1, nReps=1, seed=None
329.8615 	EXP 	New trial (rep=0, index=0): None
330.4214 	EXP 	Created vid1a = MovieStim3(__class__=<class 'psychopy.visual.movie3.MovieStim3'>, autoLog=True, color=UNKNOWN, colorSpace=UNKNOWN, depth=-1.0, filename='stims/wedding-36.1a.mp4', flipHoriz=False, flipVert=False, fps=UNKNOWN, interpolate=True, loop=False, name='vid1a', noAudio=False, opacity=1.0, ori=0, pos=array([0., 0.]), size=array([1280.,  720.]), units='pix', vframe_callback=UNKNOWN, volume=UNKNOWN, win=Window(...))
330.8089 	EXP 	Created vid1b = MovieStim3(__class__=<class 'psychopy.visual.movie3.MovieStim3'>, autoLog=True, color=UNKNOWN, colorSpace=UNKNOWN, depth=-2.0, filename='stims/wedding-36.1b.mp4', flipHoriz=False, flipVert=False, fps=UNKNOWN, interpolate=True, loop=False, name='vid1b', noAudio=False, opacity=1.0, ori=0, pos=array([0., 0.]), size=array([1280.,  720.]), units='pix', vframe_callback=UNKNOWN, volume=UNKNOWN, win=Window(...))
331.2852 	EXP 	Created vid2 = MovieStim3(__class__=<class 'psychopy.visual.movie3.MovieStim3'>, autoLog=True, color=UNKNOWN, colorSpace=UNKNOWN, depth=-3.0, filename='stims/wedding-36.2a.mp4', flipHoriz=False, flipVert=False, fps=UNKNOWN, interpolate=True, loop=False, name='vid2', noAudio=False, opacity=1.0, ori=0, pos=array([0., 0.]), size=array([1280.,  720.]), units='pix', vframe_callback=UNKNOWN, volume=UNKNOWN, win=Window(...))
331.8229 	EXP 	Created vid3 = MovieStim3(__class__=<class 'psychopy.visual.movie3.MovieStim3'>, autoLog=True, color=UNKNOWN, colorSpace=UNKNOWN, depth=-4.0, filename='stims/wedding-36.3b.mp4', flipHoriz=False, flipVert=False, fps=UNKNOWN, interpolate=True, loop=False, name='vid3', noAudio=False, opacity=1.0, ori=0, pos=array([0., 0.]), size=array([1280.,  720.]), units='pix', vframe_callback=UNKNOWN, volume=UNKNOWN, win=Window(...))
332.3710 	EXP 	Created vid4 = MovieStim3(__class__=<class 'psychopy.visual.movie3.MovieStim3'>, autoLog=True, color=UNKNOWN, colorSpace=UNKNOWN, depth=-5.0, filename='stims/wedding-36.4a.mp4', flipHoriz=False, flipVert=False, fps=UNKNOWN, interpolate=True, loop=False, name='vid4', noAudio=False, opacity=1.0, ori=0, pos=array([0., 0.]), size=array([1280.,  720.]), units='pix', vframe_callback=UNKNOWN, volume=UNKNOWN, win=Window(...))
332.7705 	EXP 	Created vid5 = MovieStim3(__class__=<class 'psychopy.visual.movie3.MovieStim3'>, autoLog=True, color=UNKNOWN, colorSpace=UNKNOWN, depth=-6.0, filename='stims/wedding-36.5.mp4', flipHoriz=False, flipVert=False, fps=UNKNOWN, interpolate=True, loop=False, name='vid5', noAudio=False, opacity=1.0, ori=0, pos=array([0., 0.]), size=array([1280.,  720.]), units='pix', vframe_callback=UNKNOWN, volume=UNKNOWN, win=Window(...))
332.8583 	EXP 	window1: recordFrameIntervals = False
332.8617 	DATA 	Keypress: equal
332.8640 	DATA 	Keypress: equal
332.8724 	EXP 	image_2: autoDraw = False
332.8724 	EXP 	image_2: autoDraw = False
332.8724 	EXP 	vid1a: movie = 'stims/wedding-36.1a.mp4'
332.8724 	EXP 	vid1a: autoLog = True
332.8724 	EXP 	vid1b: movie = 'stims/wedding-36.1b.mp4'
332.8724 	EXP 	vid1b: autoLog = True
332.8724 	EXP 	vid2: movie = 'stims/wedding-36.2a.mp4'
332.8724 	EXP 	vid2: autoLog = True
332.8724 	EXP 	vid3: movie = 'stims/wedding-36.3b.mp4'
332.8724 	EXP 	vid3: autoLog = True
332.8724 	EXP 	vid4: movie = 'stims/wedding-36.4a.mp4'
332.8724 	EXP 	vid4: autoLog = True
332.8724 	EXP 	vid5: movie = 'stims/wedding-36.5.mp4'
332.8724 	EXP 	vid5: autoLog = True
335.7207 	EXP 	window1: recordFrameIntervals = False
337.1456 	DATA 	Keypress: equal
337.1481 	DATA 	Keypress: equal
337.1505 	DATA 	Keypress: equal
337.3560 	EXP 	vid1a: movie = 'stims/wedding-36.1a.mp4'
337.3560 	EXP 	vid1b: movie = 'stims/wedding-36.1b.mp4'
337.3560 	EXP 	vid2: movie = 'stims/wedding-36.2a.mp4'
337.3560 	EXP 	vid3: movie = 'stims/wedding-36.3b.mp4'
337.3560 	EXP 	vid4: movie = 'stims/wedding-36.4a.mp4'
337.3560 	EXP 	vid5: movie = 'stims/wedding-36.5.mp4'
337.3728 	EXP 	vid1a: autoDraw = True
337.6077 	DATA 	Keypress: equal
339.1079 	DATA 	Keypress: equal
340.6073 	DATA 	Keypress: equal
342.1077 	DATA 	Keypress: equal
343.6127 	DATA 	Keypress: equal
345.1073 	DATA 	Keypress: equal
346.6079 	DATA 	Keypress: equal
348.1074 	DATA 	Keypress: equal
349.6077 	DATA 	Keypress: equal
351.1079 	DATA 	Keypress: equal
352.6083 	DATA 	Keypress: equal
354.1073 	DATA 	Keypress: equal
355.6076 	DATA 	Keypress: equal
357.1083 	DATA 	Keypress: equal
358.6073 	DATA 	Keypress: equal
360.1075 	DATA 	Keypress: equal
361.6077 	DATA 	Keypress: equal
363.1128 	DATA 	Keypress: equal
364.6080 	DATA 	Keypress: equal
366.1085 	DATA 	Keypress: equal
366.4728 	EXP 	Set vid1a finished
366.8899 	EXP 	vid1b: autoDraw = True
367.6084 	DATA 	Keypress: equal
369.1084 	DATA 	Keypress: equal
370.6094 	DATA 	Keypress: equal
372.1088 	DATA 	Keypress: equal
373.6096 	DATA 	Keypress: equal
375.1066 	DATA 	Keypress: equal
375.8761 	EXP 	vid1b: autoDraw = False
375.8886 	EXP 	vid2: autoDraw = True
376.6072 	DATA 	Keypress: equal
378.1071 	DATA 	Keypress: equal
379.6073 	DATA 	Keypress: equal
381.1084 	DATA 	Keypress: equal
382.6091 	DATA 	Keypress: equal
384.1127 	DATA 	Keypress: equal
385.6066 	DATA 	Keypress: equal
387.1088 	DATA 	Keypress: equal
388.6341 	DATA 	Keypress: equal
390.1077 	DATA 	Keypress: equal
391.6066 	DATA 	Keypress: equal
392.8712 	EXP 	vid2: autoDraw = False
392.8887 	EXP 	vid3: autoDraw = True
393.1071 	DATA 	Keypress: equal
394.6082 	DATA 	Keypress: equal
396.1073 	DATA 	Keypress: equal
397.6076 	DATA 	Keypress: equal
399.1074 	DATA 	Keypress: equal
400.6071 	DATA 	Keypress: equal
402.1074 	DATA 	Keypress: equal
403.6068 	DATA 	Keypress: equal
405.1071 	DATA 	Keypress: equal
406.6075 	DATA 	Keypress: equal
408.1113 	DATA 	Keypress: equal
409.6117 	DATA 	Keypress: equal
411.1116 	DATA 	Keypress: equal
412.6072 	DATA 	Keypress: equal
414.1070 	DATA 	Keypress: equal
415.6118 	DATA 	Keypress: equal
415.8715 	EXP 	vid3: autoDraw = False
415.8877 	EXP 	vid4: autoDraw = True
417.1074 	DATA 	Keypress: equal
418.6075 	DATA 	Keypress: equal
420.1074 	DATA 	Keypress: equal
421.6073 	DATA 	Keypress: equal
423.1243 	DATA 	Keypress: equal
424.6074 	DATA 	Keypress: equal
426.1106 	DATA 	Keypress: equal
427.6069 	DATA 	Keypress: equal
429.1073 	DATA 	Keypress: equal
430.6070 	DATA 	Keypress: equal
432.1114 	DATA 	Keypress: equal
433.6118 	DATA 	Keypress: equal
435.1111 	DATA 	Keypress: equal
436.6068 	DATA 	Keypress: equal
438.1080 	DATA 	Keypress: equal
439.5404 	EXP 	Set vid4 finished
439.6127 	DATA 	Keypress: equal
439.8732 	EXP 	vid5: autoDraw = True
441.1068 	DATA 	Keypress: equal
442.6063 	DATA 	Keypress: equal
444.1074 	DATA 	Keypress: equal
445.6070 	DATA 	Keypress: equal
447.1071 	DATA 	Keypress: equal
448.6070 	DATA 	Keypress: equal
450.1064 	DATA 	Keypress: equal
451.6063 	DATA 	Keypress: equal
452.6212 	EXP 	Set vid5 finished
452.7664 	EXP 	Created sequence: random, trialTypes=1, nReps=1, seed=None
452.7667 	EXP 	New trial (rep=0, index=0): None
453.3203 	EXP 	Created vid1a_q = MovieStim3(__class__=<class 'psychopy.visual.movie3.MovieStim3'>, autoLog=True, color=UNKNOWN, colorSpace=UNKNOWN, depth=-1.0, filename='stims/wedding-36.1a.mp4', flipHoriz=False, flipVert=False, fps=UNKNOWN, interpolate=True, loop=False, name='vid1a_q', noAudio=False, opacity=1.0, ori=0, pos=array([0., 0.]), size=array([1280.,  720.]), units='pix', vframe_callback=UNKNOWN, volume=UNKNOWN, win=Window(...))
453.6965 	EXP 	Created vid1b_q = MovieStim3(__class__=<class 'psychopy.visual.movie3.MovieStim3'>, autoLog=True, color=UNKNOWN, colorSpace=UNKNOWN, depth=-2.0, filename='stims/wedding-36.1b.mp4', flipHoriz=False, flipVert=False, fps=UNKNOWN, interpolate=True, loop=False, name='vid1b_q', noAudio=False, opacity=1.0, ori=0, pos=array([0., 0.]), size=array([1280.,  720.]), units='pix', vframe_callback=UNKNOWN, volume=UNKNOWN, win=Window(...))
454.1608 	EXP 	Created vid2_q = MovieStim3(__class__=<class 'psychopy.visual.movie3.MovieStim3'>, autoLog=True, color=UNKNOWN, colorSpace=UNKNOWN, depth=-3.0, filename='stims/wedding-36.2a.mp4', flipHoriz=False, flipVert=False, fps=UNKNOWN, interpolate=True, loop=False, name='vid2_q', noAudio=False, opacity=1.0, ori=0, pos=array([0., 0.]), size=array([1280.,  720.]), units='pix', vframe_callback=UNKNOWN, volume=UNKNOWN, win=Window(...))
454.6760 	EXP 	Created vid3_q = MovieStim3(__class__=<class 'psychopy.visual.movie3.MovieStim3'>, autoLog=True, color=UNKNOWN, colorSpace=UNKNOWN, depth=-5.0, filename='stims/wedding-36.3b.mp4', flipHoriz=False, flipVert=False, fps=UNKNOWN, interpolate=True, loop=False, name='vid3_q', noAudio=False, opacity=1.0, ori=0, pos=array([0., 0.]), size=array([1280.,  720.]), units='pix', vframe_callback=UNKNOWN, volume=UNKNOWN, win=Window(...))
455.2056 	EXP 	Created vid4_q = MovieStim3(__class__=<class 'psychopy.visual.movie3.MovieStim3'>, autoLog=True, color=UNKNOWN, colorSpace=UNKNOWN, depth=-7.0, filename='stims/wedding-36.4a.mp4', flipHoriz=False, flipVert=False, fps=UNKNOWN, interpolate=True, loop=False, name='vid4_q', noAudio=False, opacity=1.0, ori=0, pos=array([0., 0.]), size=array([1280.,  720.]), units='pix', vframe_callback=UNKNOWN, volume=UNKNOWN, win=Window(...))
455.5912 	EXP 	Created vid5_q = MovieStim3(__class__=<class 'psychopy.visual.movie3.MovieStim3'>, autoLog=True, color=UNKNOWN, colorSpace=UNKNOWN, depth=-8.0, filename='stims/wedding-36.5.mp4', flipHoriz=False, flipVert=False, fps=UNKNOWN, interpolate=True, loop=False, name='vid5_q', noAudio=False, opacity=1.0, ori=0, pos=array([0., 0.]), size=array([1280.,  720.]), units='pix', vframe_callback=UNKNOWN, volume=UNKNOWN, win=Window(...))
455.8398 	EXP 	window1: recordFrameIntervals = False
455.8429 	DATA 	Keypress: equal
455.8451 	DATA 	Keypress: equal
455.8541 	EXP 	vid1a: autoDraw = False
455.8541 	EXP 	vid1b: autoDraw = False
455.8541 	EXP 	vid2: autoDraw = False
455.8541 	EXP 	vid3: autoDraw = False
455.8541 	EXP 	vid4: autoDraw = False
455.8541 	EXP 	vid5: autoDraw = False
455.8541 	EXP 	vid1a_q: movie = 'stims/wedding-36.1a.mp4'
455.8541 	EXP 	vid1a_q: autoLog = True
455.8541 	EXP 	vid1b_q: movie = 'stims/wedding-36.1b.mp4'
455.8541 	EXP 	vid1b_q: autoLog = True
455.8541 	EXP 	vid2_q: movie = 'stims/wedding-36.2a.mp4'
455.8541 	EXP 	vid2_q: autoLog = True
455.8541 	EXP 	vid3_q: movie = 'stims/wedding-36.3b.mp4'
455.8541 	EXP 	vid3_q: autoLog = True
455.8541 	EXP 	vid4_q: movie = 'stims/wedding-36.4a.mp4'
455.8541 	EXP 	vid4_q: autoLog = True
455.8541 	EXP 	vid5_q: movie = 'stims/wedding-36.5.mp4'
455.8541 	EXP 	vid5_q: autoLog = True
455.8541 	EXP 	vid1a_q: autoDraw = False
455.8541 	EXP 	vid1b_q: autoDraw = False
455.8541 	EXP 	vid2_q: autoDraw = False
455.8541 	EXP 	l2q: autoDraw = False
455.8541 	EXP 	vid3_q: autoDraw = False
455.8541 	EXP 	l3q: autoDraw = False
455.8541 	EXP 	vid4_q: autoDraw = False
455.8541 	EXP 	vid5_q: autoDraw = False
456.0540 	EXP 	window1: recordFrameIntervals = False
457.6263 	DATA 	Keypress: equal
457.6288 	DATA 	Keypress: equal
457.8415 	EXP 	eggPainting1: image = 'stimsday1details/egg36.png'
457.8415 	EXP 	eggPainting2: image = 'stimsday1details/newegg9.png'
457.8415 	EXP 	character1: image = 'stimsday1details/couple36.png'
457.8415 	EXP 	character2: image = 'stimsday1details/newperson9.png'
457.8415 	EXP 	gift1: image = 'stimsday1details/gift36.png'
457.8415 	EXP 	gift2: image = 'stimsday1details/new9.png'
457.8415 	EXP 	themeQ1: image = 'stimsday1details/t36.png'
457.8415 	EXP 	themeQ2: image = 'stimsday1details/ct36.png'
457.8415 	EXP 	nameQ1: image = 'stimsday1details/n36.png'
457.8415 	EXP 	nameQ2: image = 'stimsday1details/cn36.png'
457.8415 	EXP 	nameQ1: autoDraw = True
457.8415 	EXP 	nameQ2: autoDraw = True
458.5722 	DATA 	Keypress: 1
459.1051 	DATA 	Keypress: equal
459.8369 	EXP 	nameQ1: autoDraw = False
459.8369 	EXP 	nameQ2: autoDraw = False
459.8369 	EXP 	nameQ1: autoDraw = False
459.8369 	EXP 	nameQ2: autoDraw = False
459.8369 	EXP 	eggPainting1: autoDraw = True
459.8369 	EXP 	eggPainting2: autoDraw = True
460.5387 	DATA 	Keypress: 1
460.6053 	DATA 	Keypress: equal
461.8371 	EXP 	eggPainting1: autoDraw = False
461.8371 	EXP 	eggPainting2: autoDraw = False
461.8371 	EXP 	eggPainting1: autoDraw = False
461.8371 	EXP 	eggPainting2: autoDraw = False
461.8371 	EXP 	character1: autoDraw = True
461.8371 	EXP 	character2: autoDraw = True
462.1058 	DATA 	Keypress: equal
462.6555 	DATA 	Keypress: 1
463.6101 	DATA 	Keypress: equal
463.8372 	EXP 	character1: autoDraw = False
463.8372 	EXP 	character2: autoDraw = False
463.8372 	EXP 	character1: autoDraw = False
463.8372 	EXP 	character2: autoDraw = False
463.8372 	EXP 	themeQ1: autoDraw = True
463.8372 	EXP 	themeQ2: autoDraw = True
464.6112 	DATA 	Keypress: 1
465.1101 	DATA 	Keypress: equal
465.8378 	EXP 	themeQ1: autoDraw = False
465.8378 	EXP 	themeQ2: autoDraw = False
465.8378 	EXP 	themeQ1: autoDraw = False
465.8378 	EXP 	themeQ2: autoDraw = False
465.8378 	EXP 	gift1: autoDraw = True
465.8378 	EXP 	gift2: autoDraw = True
466.4885 	DATA 	Keypress: 1
466.6104 	DATA 	Keypress: equal
467.8375 	EXP 	gift1: autoDraw = False
467.8375 	EXP 	gift2: autoDraw = False
467.8375 	EXP 	gift1: autoDraw = False
467.8375 	EXP 	gift2: autoDraw = False
467.8375 	EXP 	northorsouth1: autoDraw = True
467.8375 	EXP 	northorsouth2: autoDraw = True
468.1056 	DATA 	Keypress: equal
468.7270 	DATA 	Keypress: 2
469.6059 	DATA 	Keypress: equal
470.0654 	EXP 	New trial (rep=0, index=3): OrderedDict([('condsFile', 'videoBlock_schemaS_pathB_2.csv')])
470.0786 	EXP 	Imported videoBlock_schemaS_pathB_2.csv as conditions, 1 conditions, 17 params
470.0790 	EXP 	Created sequence: random, trialTypes=1, nReps=1, seed=None
470.0798 	EXP 	New trial (rep=0, index=0): OrderedDict([('northOrSouth', 'south.png'), ('stimFile1a', 'stims/wedding-32.1a.mp4'), ('stimFile1b', 'stims/wedding-32.1b.mp4'), ('stimFile2', 'stims/wedding-32.2b.mp4'), ('stimFile3', 'stims/wedding-32.3a.mp4'), ('stimFile4', 'stims/wedding-32.4b.mp4'), ('stimFile5', 'stims/wedding-32.5.mp4'), ('QeggPainting1', 'stimsday1details/newpainting8.png'), ('Qcharacter1', 'stimsday1details/newperson20.png'), ('Qgift1', 'stimsday1details/new20.png'), ('QeggPainting2', 'stimsday1details/painting32.png'), ('Qcharacter2', 'stimsday1details/couple32.png'), ('Qgift2', 'stimsday1details/gift32.png'), ('Qname1', 'stimsday1details/n32.png'), ('Qtheme1', 'stimsday1details/t32.png'), ('Qname2', 'stimsday1details/cn32.png'), ('Qtheme2', 'stimsday1details/ct32.png')])
470.0872 	EXP 	northorsouth1: autoDraw = False
470.0872 	EXP 	northorsouth2: autoDraw = False
470.0872 	EXP 	northorsouth1: autoDraw = False
470.0872 	EXP 	northorsouth2: autoDraw = False
470.0872 	EXP 	image_2: autoDraw = True
471.1061 	DATA 	Keypress: equal
472.0769 	EXP 	Created sequence: random, trialTypes=1, nReps=1, seed=None
472.0772 	EXP 	New trial (rep=0, index=0): None
472.6513 	EXP 	Created vid1a = MovieStim3(__class__=<class 'psychopy.visual.movie3.MovieStim3'>, autoLog=True, color=UNKNOWN, colorSpace=UNKNOWN, depth=-1.0, filename='stims/wedding-32.1a.mp4', flipHoriz=False, flipVert=False, fps=UNKNOWN, interpolate=True, loop=False, name='vid1a', noAudio=False, opacity=1.0, ori=0, pos=array([0., 0.]), size=array([1280.,  720.]), units='pix', vframe_callback=UNKNOWN, volume=UNKNOWN, win=Window(...))
473.0358 	EXP 	Created vid1b = MovieStim3(__class__=<class 'psychopy.visual.movie3.MovieStim3'>, autoLog=True, color=UNKNOWN, colorSpace=UNKNOWN, depth=-2.0, filename='stims/wedding-32.1b.mp4', flipHoriz=False, flipVert=False, fps=UNKNOWN, interpolate=True, loop=False, name='vid1b', noAudio=False, opacity=1.0, ori=0, pos=array([0., 0.]), size=array([1280.,  720.]), units='pix', vframe_callback=UNKNOWN, volume=UNKNOWN, win=Window(...))
473.4458 	EXP 	Created vid2 = MovieStim3(__class__=<class 'psychopy.visual.movie3.MovieStim3'>, autoLog=True, color=UNKNOWN, colorSpace=UNKNOWN, depth=-3.0, filename='stims/wedding-32.2b.mp4', flipHoriz=False, flipVert=False, fps=UNKNOWN, interpolate=True, loop=False, name='vid2', noAudio=False, opacity=1.0, ori=0, pos=array([0., 0.]), size=array([1280.,  720.]), units='pix', vframe_callback=UNKNOWN, volume=UNKNOWN, win=Window(...))
473.9144 	EXP 	Created vid3 = MovieStim3(__class__=<class 'psychopy.visual.movie3.MovieStim3'>, autoLog=True, color=UNKNOWN, colorSpace=UNKNOWN, depth=-4.0, filename='stims/wedding-32.3a.mp4', flipHoriz=False, flipVert=False, fps=UNKNOWN, interpolate=True, loop=False, name='vid3', noAudio=False, opacity=1.0, ori=0, pos=array([0., 0.]), size=array([1280.,  720.]), units='pix', vframe_callback=UNKNOWN, volume=UNKNOWN, win=Window(...))
474.4545 	EXP 	Created vid4 = MovieStim3(__class__=<class 'psychopy.visual.movie3.MovieStim3'>, autoLog=True, color=UNKNOWN, colorSpace=UNKNOWN, depth=-5.0, filename='stims/wedding-32.4b.mp4', flipHoriz=False, flipVert=False, fps=UNKNOWN, interpolate=True, loop=False, name='vid4', noAudio=False, opacity=1.0, ori=0, pos=array([0., 0.]), size=array([1280.,  720.]), units='pix', vframe_callback=UNKNOWN, volume=UNKNOWN, win=Window(...))
474.8003 	EXP 	Created vid5 = MovieStim3(__class__=<class 'psychopy.visual.movie3.MovieStim3'>, autoLog=True, color=UNKNOWN, colorSpace=UNKNOWN, depth=-6.0, filename='stims/wedding-32.5.mp4', flipHoriz=False, flipVert=False, fps=UNKNOWN, interpolate=True, loop=False, name='vid5', noAudio=False, opacity=1.0, ori=0, pos=array([0., 0.]), size=array([1280.,  720.]), units='pix', vframe_callback=UNKNOWN, volume=UNKNOWN, win=Window(...))
474.8858 	EXP 	window1: recordFrameIntervals = False
474.8892 	DATA 	Keypress: equal
474.8918 	DATA 	Keypress: equal
474.9049 	EXP 	image_2: autoDraw = False
474.9049 	EXP 	image_2: autoDraw = False
474.9049 	EXP 	vid1a: movie = 'stims/wedding-32.1a.mp4'
474.9049 	EXP 	vid1a: autoLog = True
474.9049 	EXP 	vid1b: movie = 'stims/wedding-32.1b.mp4'
474.9049 	EXP 	vid1b: autoLog = True
474.9049 	EXP 	vid2: movie = 'stims/wedding-32.2b.mp4'
474.9049 	EXP 	vid2: autoLog = True
474.9049 	EXP 	vid3: movie = 'stims/wedding-32.3a.mp4'
474.9049 	EXP 	vid3: autoLog = True
474.9049 	EXP 	vid4: movie = 'stims/wedding-32.4b.mp4'
474.9049 	EXP 	vid4: autoLog = True
474.9049 	EXP 	vid5: movie = 'stims/wedding-32.5.mp4'
474.9049 	EXP 	vid5: autoLog = True
477.5826 	EXP 	window1: recordFrameIntervals = False
479.1739 	DATA 	Keypress: equal
479.1764 	DATA 	Keypress: equal
479.1784 	DATA 	Keypress: equal
479.3879 	EXP 	vid1a: movie = 'stims/wedding-32.1a.mp4'
479.3879 	EXP 	vid1b: movie = 'stims/wedding-32.1b.mp4'
479.3879 	EXP 	vid2: movie = 'stims/wedding-32.2b.mp4'
479.3879 	EXP 	vid3: movie = 'stims/wedding-32.3a.mp4'
479.3879 	EXP 	vid4: movie = 'stims/wedding-32.4b.mp4'
479.3879 	EXP 	vid5: movie = 'stims/wedding-32.5.mp4'
479.4039 	EXP 	vid1a: autoDraw = True
480.1062 	DATA 	Keypress: equal
481.6061 	DATA 	Keypress: equal
483.1065 	DATA 	Keypress: equal
484.6108 	DATA 	Keypress: equal
486.1115 	DATA 	Keypress: equal
487.6065 	DATA 	Keypress: equal
489.1070 	DATA 	Keypress: equal
490.6067 	DATA 	Keypress: equal
492.1068 	DATA 	Keypress: equal
493.6068 	DATA 	Keypress: equal
495.1016 	DATA 	Keypress: equal
496.6066 	DATA 	Keypress: equal
498.1065 	DATA 	Keypress: equal
499.6020 	DATA 	Keypress: equal
501.1055 	DATA 	Keypress: equal
502.6010 	DATA 	Keypress: equal
504.1054 	DATA 	Keypress: equal
505.6062 	DATA 	Keypress: equal
507.1061 	DATA 	Keypress: equal
508.6060 	DATA 	Keypress: equal
509.0915 	EXP 	vid1a: autoDraw = False
509.1045 	EXP 	vid1b: autoDraw = True
510.1064 	DATA 	Keypress: equal
511.6159 	DATA 	Keypress: equal
513.1055 	DATA 	Keypress: equal
514.6064 	DATA 	Keypress: equal
516.1059 	DATA 	Keypress: equal
517.6064 	DATA 	Keypress: equal
518.0543 	EXP 	Set vid1b finished
518.1044 	EXP 	vid2: autoDraw = True
519.1061 	DATA 	Keypress: equal
520.6099 	DATA 	Keypress: equal
522.1052 	DATA 	Keypress: equal
523.6018 	DATA 	Keypress: equal
525.1057 	DATA 	Keypress: equal
526.6060 	DATA 	Keypress: equal
528.1060 	DATA 	Keypress: equal
529.5998 	DATA 	Keypress: equal
531.1058 	DATA 	Keypress: equal
532.6057 	DATA 	Keypress: equal
534.1058 	DATA 	Keypress: equal
534.8204 	EXP 	Set vid2 finished
535.1041 	EXP 	vid3: autoDraw = True
535.6057 	DATA 	Keypress: equal
537.1056 	DATA 	Keypress: equal
538.6055 	DATA 	Keypress: equal
540.1344 	DATA 	Keypress: equal
541.6048 	DATA 	Keypress: equal
543.1059 	DATA 	Keypress: equal
544.6056 	DATA 	Keypress: equal
546.1061 	DATA 	Keypress: equal
547.6053 	DATA 	Keypress: equal
549.1008 	DATA 	Keypress: equal
550.6060 	DATA 	Keypress: equal
552.1060 	DATA 	Keypress: equal
553.6062 	DATA 	Keypress: equal
555.1061 	DATA 	Keypress: equal
556.5994 	DATA 	Keypress: equal
558.0885 	EXP 	vid3: autoDraw = False
558.1057 	EXP 	vid4: autoDraw = True
558.1079 	DATA 	Keypress: equal
559.6076 	DATA 	Keypress: equal
561.1055 	DATA 	Keypress: equal
562.6047 	DATA 	Keypress: equal
564.1096 	DATA 	Keypress: equal
565.6059 	DATA 	Keypress: equal
567.1048 	DATA 	Keypress: equal
568.6049 	DATA 	Keypress: equal
570.1015 	DATA 	Keypress: equal
571.6052 	DATA 	Keypress: equal
573.0996 	DATA 	Keypress: equal
574.6333 	DATA 	Keypress: equal
576.1054 	DATA 	Keypress: equal
577.6057 	DATA 	Keypress: equal
579.1048 	DATA 	Keypress: equal
580.5997 	DATA 	Keypress: equal
582.0909 	EXP 	vid4: autoDraw = False
582.0981 	DATA 	Keypress: equal
582.1029 	EXP 	vid5: autoDraw = True
583.6058 	DATA 	Keypress: equal
585.1046 	DATA 	Keypress: equal
586.6068 	DATA 	Keypress: equal
588.0973 	DATA 	Keypress: equal
589.5985 	DATA 	Keypress: equal
591.1002 	DATA 	Keypress: equal
592.6055 	DATA 	Keypress: equal
592.7521 	EXP 	Set vid5 finished
592.9411 	EXP 	Created sequence: random, trialTypes=1, nReps=1, seed=None
592.9415 	EXP 	New trial (rep=0, index=0): None
593.5050 	EXP 	Created vid1a_q = MovieStim3(__class__=<class 'psychopy.visual.movie3.MovieStim3'>, autoLog=True, color=UNKNOWN, colorSpace=UNKNOWN, depth=-1.0, filename='stims/wedding-32.1a.mp4', flipHoriz=False, flipVert=False, fps=UNKNOWN, interpolate=True, loop=False, name='vid1a_q', noAudio=False, opacity=1.0, ori=0, pos=array([0., 0.]), size=array([1280.,  720.]), units='pix', vframe_callback=UNKNOWN, volume=UNKNOWN, win=Window(...))
593.8804 	EXP 	Created vid1b_q = MovieStim3(__class__=<class 'psychopy.visual.movie3.MovieStim3'>, autoLog=True, color=UNKNOWN, colorSpace=UNKNOWN, depth=-2.0, filename='stims/wedding-32.1b.mp4', flipHoriz=False, flipVert=False, fps=UNKNOWN, interpolate=True, loop=False, name='vid1b_q', noAudio=False, opacity=1.0, ori=0, pos=array([0., 0.]), size=array([1280.,  720.]), units='pix', vframe_callback=UNKNOWN, volume=UNKNOWN, win=Window(...))
594.2853 	EXP 	Created vid2_q = MovieStim3(__class__=<class 'psychopy.visual.movie3.MovieStim3'>, autoLog=True, color=UNKNOWN, colorSpace=UNKNOWN, depth=-3.0, filename='stims/wedding-32.2b.mp4', flipHoriz=False, flipVert=False, fps=UNKNOWN, interpolate=True, loop=False, name='vid2_q', noAudio=False, opacity=1.0, ori=0, pos=array([0., 0.]), size=array([1280.,  720.]), units='pix', vframe_callback=UNKNOWN, volume=UNKNOWN, win=Window(...))
594.7445 	EXP 	Created vid3_q = MovieStim3(__class__=<class 'psychopy.visual.movie3.MovieStim3'>, autoLog=True, color=UNKNOWN, colorSpace=UNKNOWN, depth=-5.0, filename='stims/wedding-32.3a.mp4', flipHoriz=False, flipVert=False, fps=UNKNOWN, interpolate=True, loop=False, name='vid3_q', noAudio=False, opacity=1.0, ori=0, pos=array([0., 0.]), size=array([1280.,  720.]), units='pix', vframe_callback=UNKNOWN, volume=UNKNOWN, win=Window(...))
595.2673 	EXP 	Created vid4_q = MovieStim3(__class__=<class 'psychopy.visual.movie3.MovieStim3'>, autoLog=True, color=UNKNOWN, colorSpace=UNKNOWN, depth=-7.0, filename='stims/wedding-32.4b.mp4', flipHoriz=False, flipVert=False, fps=UNKNOWN, interpolate=True, loop=False, name='vid4_q', noAudio=False, opacity=1.0, ori=0, pos=array([0., 0.]), size=array([1280.,  720.]), units='pix', vframe_callback=UNKNOWN, volume=UNKNOWN, win=Window(...))
595.6086 	EXP 	Created vid5_q = MovieStim3(__class__=<class 'psychopy.visual.movie3.MovieStim3'>, autoLog=True, color=UNKNOWN, colorSpace=UNKNOWN, depth=-8.0, filename='stims/wedding-32.5.mp4', flipHoriz=False, flipVert=False, fps=UNKNOWN, interpolate=True, loop=False, name='vid5_q', noAudio=False, opacity=1.0, ori=0, pos=array([0., 0.]), size=array([1280.,  720.]), units='pix', vframe_callback=UNKNOWN, volume=UNKNOWN, win=Window(...))
595.8893 	EXP 	window1: recordFrameIntervals = False
595.8926 	DATA 	Keypress: equal
595.8948 	DATA 	Keypress: equal
595.9030 	EXP 	vid1a: autoDraw = False
595.9030 	EXP 	vid1b: autoDraw = False
595.9030 	EXP 	vid2: autoDraw = False
595.9030 	EXP 	vid3: autoDraw = False
595.9030 	EXP 	vid4: autoDraw = False
595.9030 	EXP 	vid5: autoDraw = False
595.9030 	EXP 	vid1a_q: movie = 'stims/wedding-32.1a.mp4'
595.9030 	EXP 	vid1a_q: autoLog = True
595.9030 	EXP 	vid1b_q: movie = 'stims/wedding-32.1b.mp4'
595.9030 	EXP 	vid1b_q: autoLog = True
595.9030 	EXP 	vid2_q: movie = 'stims/wedding-32.2b.mp4'
595.9030 	EXP 	vid2_q: autoLog = True
595.9030 	EXP 	vid3_q: movie = 'stims/wedding-32.3a.mp4'
595.9030 	EXP 	vid3_q: autoLog = True
595.9030 	EXP 	vid4_q: movie = 'stims/wedding-32.4b.mp4'
595.9030 	EXP 	vid4_q: autoLog = True
595.9030 	EXP 	vid5_q: movie = 'stims/wedding-32.5.mp4'
595.9030 	EXP 	vid5_q: autoLog = True
595.9030 	EXP 	vid1a_q: autoDraw = False
595.9030 	EXP 	vid1b_q: autoDraw = False
595.9030 	EXP 	vid2_q: autoDraw = False
595.9030 	EXP 	l2q: autoDraw = False
595.9030 	EXP 	vid3_q: autoDraw = False
595.9030 	EXP 	l3q: autoDraw = False
595.9030 	EXP 	vid4_q: autoDraw = False
595.9030 	EXP 	vid5_q: autoDraw = False
596.0858 	EXP 	window1: recordFrameIntervals = False
597.6754 	DATA 	Keypress: equal
597.8904 	EXP 	eggPainting1: image = 'stimsday1details/newpainting8.png'
597.8904 	EXP 	eggPainting2: image = 'stimsday1details/painting32.png'
597.8904 	EXP 	character1: image = 'stimsday1details/newperson20.png'
597.8904 	EXP 	character2: image = 'stimsday1details/couple32.png'
597.8904 	EXP 	gift1: image = 'stimsday1details/new20.png'
597.8904 	EXP 	gift2: image = 'stimsday1details/gift32.png'
597.8904 	EXP 	themeQ1: image = 'stimsday1details/t32.png'
597.8904 	EXP 	themeQ2: image = 'stimsday1details/ct32.png'
597.8904 	EXP 	nameQ1: image = 'stimsday1details/n32.png'
597.8904 	EXP 	nameQ2: image = 'stimsday1details/cn32.png'
597.8904 	EXP 	nameQ1: autoDraw = True
597.8904 	EXP 	nameQ2: autoDraw = True
598.4886 	DATA 	Keypress: 1
598.6047 	DATA 	Keypress: equal
599.8865 	EXP 	nameQ1: autoDraw = False
599.8865 	EXP 	nameQ2: autoDraw = False
599.8865 	EXP 	nameQ1: autoDraw = False
599.8865 	EXP 	nameQ2: autoDraw = False
599.8865 	EXP 	eggPainting1: autoDraw = True
599.8865 	EXP 	eggPainting2: autoDraw = True
600.1044 	DATA 	Keypress: equal
600.6535 	DATA 	Keypress: 2
601.6051 	DATA 	Keypress: equal
601.8859 	EXP 	eggPainting1: autoDraw = False
601.8859 	EXP 	eggPainting2: autoDraw = False
601.8859 	EXP 	eggPainting1: autoDraw = False
601.8859 	EXP 	eggPainting2: autoDraw = False
601.8859 	EXP 	character1: autoDraw = True
601.8859 	EXP 	character2: autoDraw = True
602.8543 	DATA 	Keypress: 2
603.1047 	DATA 	Keypress: equal
603.8859 	EXP 	character1: autoDraw = False
603.8859 	EXP 	character2: autoDraw = False
603.8859 	EXP 	character1: autoDraw = False
603.8859 	EXP 	character2: autoDraw = False
603.8859 	EXP 	themeQ1: autoDraw = True
603.8859 	EXP 	themeQ2: autoDraw = True
604.6048 	DATA 	Keypress: equal
604.8545 	DATA 	Keypress: 1
605.8948 	EXP 	themeQ1: autoDraw = False
605.8948 	EXP 	themeQ2: autoDraw = False
605.8948 	EXP 	themeQ1: autoDraw = False
605.8948 	EXP 	themeQ2: autoDraw = False
605.8948 	EXP 	gift1: autoDraw = True
605.8948 	EXP 	gift2: autoDraw = True
606.0965 	DATA 	Keypress: equal
606.6581 	DATA 	Keypress: 2
607.5958 	DATA 	Keypress: equal
607.8949 	EXP 	gift1: autoDraw = False
607.8949 	EXP 	gift2: autoDraw = False
607.8949 	EXP 	gift1: autoDraw = False
607.8949 	EXP 	gift2: autoDraw = False
607.8949 	EXP 	northorsouth1: autoDraw = True
607.8949 	EXP 	northorsouth2: autoDraw = True
608.7460 	DATA 	Keypress: 2
609.0963 	DATA 	Keypress: equal
610.1436 	EXP 	New trial (rep=0, index=4): OrderedDict([('condsFile', 'videoBlock_schemaS_pathA_2.csv')])
610.1569 	EXP 	Imported videoBlock_schemaS_pathA_2.csv as conditions, 1 conditions, 17 params
610.1574 	EXP 	Created sequence: random, trialTypes=1, nReps=1, seed=None
610.1581 	EXP 	New trial (rep=0, index=0): OrderedDict([('northOrSouth', 'south.png'), ('stimFile1a', 'stims/wedding-25.1a.mp4'), ('stimFile1b', 'stims/wedding-25.1b.mp4'), ('stimFile2', 'stims/wedding-25.2a.mp4'), ('stimFile3', 'stims/wedding-25.3b.mp4'), ('stimFile4', 'stims/wedding-25.4a.mp4'), ('stimFile5', 'stims/wedding-25.5.mp4'), ('QeggPainting1', 'stimsday1details/egg25.png'), ('Qcharacter1', 'stimsday1details/couple25.png'), ('Qgift1', 'stimsday1details/gift25.png'), ('QeggPainting2', 'stimsday1details/newegg8.png'), ('Qcharacter2', 'stimsday1details/newperson8.png'), ('Qgift2', 'stimsday1details/new8.png'), ('Qname1', 'stimsday1details/cn25.png'), ('Qtheme1', 'stimsday1details/ct25.png'), ('Qname2', 'stimsday1details/n25.png'), ('Qtheme2', 'stimsday1details/t25.png')])
610.1693 	EXP 	northorsouth1: autoDraw = False
610.1693 	EXP 	northorsouth2: autoDraw = False
610.1693 	EXP 	northorsouth1: autoDraw = False
610.1693 	EXP 	northorsouth2: autoDraw = False
610.1693 	EXP 	image_2: autoDraw = True
610.6079 	DATA 	Keypress: equal
612.1085 	DATA 	Keypress: equal
612.1574 	EXP 	Created sequence: random, trialTypes=1, nReps=1, seed=None
612.1576 	EXP 	New trial (rep=0, index=0): None
612.7204 	EXP 	Created vid1a = MovieStim3(__class__=<class 'psychopy.visual.movie3.MovieStim3'>, autoLog=True, color=UNKNOWN, colorSpace=UNKNOWN, depth=-1.0, filename='stims/wedding-25.1a.mp4', flipHoriz=False, flipVert=False, fps=UNKNOWN, interpolate=True, loop=False, name='vid1a', noAudio=False, opacity=1.0, ori=0, pos=array([0., 0.]), size=array([1280.,  720.]), units='pix', vframe_callback=UNKNOWN, volume=UNKNOWN, win=Window(...))
613.0606 	EXP 	Created vid1b = MovieStim3(__class__=<class 'psychopy.visual.movie3.MovieStim3'>, autoLog=True, color=UNKNOWN, colorSpace=UNKNOWN, depth=-2.0, filename='stims/wedding-25.1b.mp4', flipHoriz=False, flipVert=False, fps=UNKNOWN, interpolate=True, loop=False, name='vid1b', noAudio=False, opacity=1.0, ori=0, pos=array([0., 0.]), size=array([1280.,  720.]), units='pix', vframe_callback=UNKNOWN, volume=UNKNOWN, win=Window(...))
613.5234 	EXP 	Created vid2 = MovieStim3(__class__=<class 'psychopy.visual.movie3.MovieStim3'>, autoLog=True, color=UNKNOWN, colorSpace=UNKNOWN, depth=-3.0, filename='stims/wedding-25.2a.mp4', flipHoriz=False, flipVert=False, fps=UNKNOWN, interpolate=True, loop=False, name='vid2', noAudio=False, opacity=1.0, ori=0, pos=array([0., 0.]), size=array([1280.,  720.]), units='pix', vframe_callback=UNKNOWN, volume=UNKNOWN, win=Window(...))
614.0643 	EXP 	Created vid3 = MovieStim3(__class__=<class 'psychopy.visual.movie3.MovieStim3'>, autoLog=True, color=UNKNOWN, colorSpace=UNKNOWN, depth=-4.0, filename='stims/wedding-25.3b.mp4', flipHoriz=False, flipVert=False, fps=UNKNOWN, interpolate=True, loop=False, name='vid3', noAudio=False, opacity=1.0, ori=0, pos=array([0., 0.]), size=array([1280.,  720.]), units='pix', vframe_callback=UNKNOWN, volume=UNKNOWN, win=Window(...))
614.6254 	EXP 	Created vid4 = MovieStim3(__class__=<class 'psychopy.visual.movie3.MovieStim3'>, autoLog=True, color=UNKNOWN, colorSpace=UNKNOWN, depth=-5.0, filename='stims/wedding-25.4a.mp4', flipHoriz=False, flipVert=False, fps=UNKNOWN, interpolate=True, loop=False, name='vid4', noAudio=False, opacity=1.0, ori=0, pos=array([0., 0.]), size=array([1280.,  720.]), units='pix', vframe_callback=UNKNOWN, volume=UNKNOWN, win=Window(...))
615.0236 	EXP 	Created vid5 = MovieStim3(__class__=<class 'psychopy.visual.movie3.MovieStim3'>, autoLog=True, color=UNKNOWN, colorSpace=UNKNOWN, depth=-6.0, filename='stims/wedding-25.5.mp4', flipHoriz=False, flipVert=False, fps=UNKNOWN, interpolate=True, loop=False, name='vid5', noAudio=False, opacity=1.0, ori=0, pos=array([0., 0.]), size=array([1280.,  720.]), units='pix', vframe_callback=UNKNOWN, volume=UNKNOWN, win=Window(...))
615.1083 	EXP 	window1: recordFrameIntervals = False
615.1117 	DATA 	Keypress: equal
615.1143 	DATA 	Keypress: equal
615.1194 	EXP 	image_2: autoDraw = False
615.1194 	EXP 	image_2: autoDraw = False
615.1194 	EXP 	vid1a: movie = 'stims/wedding-25.1a.mp4'
615.1194 	EXP 	vid1a: autoLog = True
615.1194 	EXP 	vid1b: movie = 'stims/wedding-25.1b.mp4'
615.1194 	EXP 	vid1b: autoLog = True
615.1194 	EXP 	vid2: movie = 'stims/wedding-25.2a.mp4'
615.1194 	EXP 	vid2: autoLog = True
615.1194 	EXP 	vid3: movie = 'stims/wedding-25.3b.mp4'
615.1194 	EXP 	vid3: autoLog = True
615.1194 	EXP 	vid4: movie = 'stims/wedding-25.4a.mp4'
615.1194 	EXP 	vid4: autoLog = True
615.1194 	EXP 	vid5: movie = 'stims/wedding-25.5.mp4'
615.1194 	EXP 	vid5: autoLog = True
617.9276 	EXP 	window1: recordFrameIntervals = False
619.3966 	DATA 	Keypress: equal
619.4031 	DATA 	Keypress: equal
619.5952 	DATA 	Keypress: equal
619.6030 	EXP 	vid1a: movie = 'stims/wedding-25.1a.mp4'
619.6030 	EXP 	vid1b: movie = 'stims/wedding-25.1b.mp4'
619.6030 	EXP 	vid2: movie = 'stims/wedding-25.2a.mp4'
619.6030 	EXP 	vid3: movie = 'stims/wedding-25.3b.mp4'
619.6030 	EXP 	vid4: movie = 'stims/wedding-25.4a.mp4'
619.6030 	EXP 	vid5: movie = 'stims/wedding-25.5.mp4'
619.6192 	EXP 	vid1a: autoDraw = True
621.1053 	DATA 	Keypress: equal
622.6234 	DATA 	Keypress: equal
624.0967 	DATA 	Keypress: equal
625.5954 	DATA 	Keypress: equal
627.1002 	DATA 	Keypress: equal
628.6046 	DATA 	Keypress: equal
630.1099 	DATA 	Keypress: equal
631.5995 	DATA 	Keypress: equal
633.1083 	DATA 	Keypress: equal
634.6090 	DATA 	Keypress: equal
636.1036 	DATA 	Keypress: equal
637.6034 	DATA 	Keypress: equal
639.1082 	DATA 	Keypress: equal
640.6036 	DATA 	Keypress: equal
642.1041 	DATA 	Keypress: equal
643.6005 	DATA 	Keypress: equal
645.0953 	DATA 	Keypress: equal
646.5945 	DATA 	Keypress: equal
648.1038 	DATA 	Keypress: equal
649.1726 	EXP 	vid1a: autoDraw = False
649.1859 	EXP 	vid1b: autoDraw = True
649.5950 	DATA 	Keypress: equal
651.1037 	DATA 	Keypress: equal
652.5957 	DATA 	Keypress: equal
654.1047 	DATA 	Keypress: equal
655.6053 	DATA 	Keypress: equal
657.1304 	DATA 	Keypress: equal
657.2688 	EXP 	Set vid1b finished
658.1859 	EXP 	vid2: autoDraw = True
658.5977 	DATA 	Keypress: equal
660.0999 	DATA 	Keypress: equal
661.6038 	DATA 	Keypress: equal
663.0992 	DATA 	Keypress: equal
664.5942 	DATA 	Keypress: equal
666.0952 	DATA 	Keypress: equal
667.5937 	DATA 	Keypress: equal
669.1087 	DATA 	Keypress: equal
670.6090 	DATA 	Keypress: equal
672.1034 	DATA 	Keypress: equal
673.6312 	DATA 	Keypress: equal
674.4681 	EXP 	Set vid2 finished
675.1041 	DATA 	Keypress: equal
675.1856 	EXP 	vid3: autoDraw = True
676.5994 	DATA 	Keypress: equal
678.0938 	DATA 	Keypress: equal
679.5950 	DATA 	Keypress: equal
681.0938 	DATA 	Keypress: equal
682.5946 	DATA 	Keypress: equal
684.0977 	DATA 	Keypress: equal
685.6043 	DATA 	Keypress: equal
687.1035 	DATA 	Keypress: equal
688.6077 	DATA 	Keypress: equal
690.1042 	DATA 	Keypress: equal
691.6029 	DATA 	Keypress: equal
693.1316 	DATA 	Keypress: equal
694.6029 	DATA 	Keypress: equal
696.1089 	DATA 	Keypress: equal
697.6042 	DATA 	Keypress: equal
698.1723 	EXP 	vid3: autoDraw = False
698.1854 	EXP 	vid4: autoDraw = True
699.0951 	DATA 	Keypress: equal
700.5947 	DATA 	Keypress: equal
702.0999 	DATA 	Keypress: equal
703.5983 	DATA 	Keypress: equal
705.0961 	DATA 	Keypress: equal
706.6029 	DATA 	Keypress: equal
708.1037 	DATA 	Keypress: equal
709.6033 	DATA 	Keypress: equal
711.1028 	DATA 	Keypress: equal
712.6033 	DATA 	Keypress: equal
714.1044 	DATA 	Keypress: equal
715.6029 	DATA 	Keypress: equal
717.1032 	DATA 	Keypress: equal
718.6026 	DATA 	Keypress: equal
720.0945 	DATA 	Keypress: equal
721.5914 	DATA 	Keypress: equal
722.1719 	EXP 	vid4: autoDraw = False
722.1851 	EXP 	vid5: autoDraw = True
723.0935 	DATA 	Keypress: equal
724.5919 	DATA 	Keypress: equal
726.0945 	DATA 	Keypress: equal
727.6353 	DATA 	Keypress: equal
729.1029 	DATA 	Keypress: equal
730.6081 	DATA 	Keypress: equal
732.1079 	DATA 	Keypress: equal
733.6070 	DATA 	Keypress: equal
734.3014 	EXP 	Set vid5 finished
734.5030 	EXP 	Created sequence: random, trialTypes=1, nReps=1, seed=None
734.5034 	EXP 	New trial (rep=0, index=0): None
735.0668 	EXP 	Created vid1a_q = MovieStim3(__class__=<class 'psychopy.visual.movie3.MovieStim3'>, autoLog=True, color=UNKNOWN, colorSpace=UNKNOWN, depth=-1.0, filename='stims/wedding-25.1a.mp4', flipHoriz=False, flipVert=False, fps=UNKNOWN, interpolate=True, loop=False, name='vid1a_q', noAudio=False, opacity=1.0, ori=0, pos=array([0., 0.]), size=array([1280.,  720.]), units='pix', vframe_callback=UNKNOWN, volume=UNKNOWN, win=Window(...))
735.4011 	EXP 	Created vid1b_q = MovieStim3(__class__=<class 'psychopy.visual.movie3.MovieStim3'>, autoLog=True, color=UNKNOWN, colorSpace=UNKNOWN, depth=-2.0, filename='stims/wedding-25.1b.mp4', flipHoriz=False, flipVert=False, fps=UNKNOWN, interpolate=True, loop=False, name='vid1b_q', noAudio=False, opacity=1.0, ori=0, pos=array([0., 0.]), size=array([1280.,  720.]), units='pix', vframe_callback=UNKNOWN, volume=UNKNOWN, win=Window(...))
735.8484 	EXP 	Created vid2_q = MovieStim3(__class__=<class 'psychopy.visual.movie3.MovieStim3'>, autoLog=True, color=UNKNOWN, colorSpace=UNKNOWN, depth=-3.0, filename='stims/wedding-25.2a.mp4', flipHoriz=False, flipVert=False, fps=UNKNOWN, interpolate=True, loop=False, name='vid2_q', noAudio=False, opacity=1.0, ori=0, pos=array([0., 0.]), size=array([1280.,  720.]), units='pix', vframe_callback=UNKNOWN, volume=UNKNOWN, win=Window(...))
736.3689 	EXP 	Created vid3_q = MovieStim3(__class__=<class 'psychopy.visual.movie3.MovieStim3'>, autoLog=True, color=UNKNOWN, colorSpace=UNKNOWN, depth=-5.0, filename='stims/wedding-25.3b.mp4', flipHoriz=False, flipVert=False, fps=UNKNOWN, interpolate=True, loop=False, name='vid3_q', noAudio=False, opacity=1.0, ori=0, pos=array([0., 0.]), size=array([1280.,  720.]), units='pix', vframe_callback=UNKNOWN, volume=UNKNOWN, win=Window(...))
736.9075 	EXP 	Created vid4_q = MovieStim3(__class__=<class 'psychopy.visual.movie3.MovieStim3'>, autoLog=True, color=UNKNOWN, colorSpace=UNKNOWN, depth=-7.0, filename='stims/wedding-25.4a.mp4', flipHoriz=False, flipVert=False, fps=UNKNOWN, interpolate=True, loop=False, name='vid4_q', noAudio=False, opacity=1.0, ori=0, pos=array([0., 0.]), size=array([1280.,  720.]), units='pix', vframe_callback=UNKNOWN, volume=UNKNOWN, win=Window(...))
737.2962 	EXP 	Created vid5_q = MovieStim3(__class__=<class 'psychopy.visual.movie3.MovieStim3'>, autoLog=True, color=UNKNOWN, colorSpace=UNKNOWN, depth=-8.0, filename='stims/wedding-25.5.mp4', flipHoriz=False, flipVert=False, fps=UNKNOWN, interpolate=True, loop=False, name='vid5_q', noAudio=False, opacity=1.0, ori=0, pos=array([0., 0.]), size=array([1280.,  720.]), units='pix', vframe_callback=UNKNOWN, volume=UNKNOWN, win=Window(...))
737.6024 	EXP 	window1: recordFrameIntervals = False
737.6055 	DATA 	Keypress: equal
737.6080 	DATA 	Keypress: equal
737.6173 	EXP 	vid1a: autoDraw = False
737.6173 	EXP 	vid1b: autoDraw = False
737.6173 	EXP 	vid2: autoDraw = False
737.6173 	EXP 	vid3: autoDraw = False
737.6173 	EXP 	vid4: autoDraw = False
737.6173 	EXP 	vid5: autoDraw = False
737.6173 	EXP 	vid1a_q: movie = 'stims/wedding-25.1a.mp4'
737.6173 	EXP 	vid1a_q: autoLog = True
737.6173 	EXP 	vid1b_q: movie = 'stims/wedding-25.1b.mp4'
737.6173 	EXP 	vid1b_q: autoLog = True
737.6173 	EXP 	vid2_q: movie = 'stims/wedding-25.2a.mp4'
737.6173 	EXP 	vid2_q: autoLog = True
737.6173 	EXP 	vid3_q: movie = 'stims/wedding-25.3b.mp4'
737.6173 	EXP 	vid3_q: autoLog = True
737.6173 	EXP 	vid4_q: movie = 'stims/wedding-25.4a.mp4'
737.6173 	EXP 	vid4_q: autoLog = True
737.6173 	EXP 	vid5_q: movie = 'stims/wedding-25.5.mp4'
737.6173 	EXP 	vid5_q: autoLog = True
737.6173 	EXP 	vid1a_q: autoDraw = False
737.6173 	EXP 	vid1b_q: autoDraw = False
737.6173 	EXP 	vid2_q: autoDraw = False
737.6173 	EXP 	l2q: autoDraw = False
737.6173 	EXP 	vid3_q: autoDraw = False
737.6173 	EXP 	l3q: autoDraw = False
737.6173 	EXP 	vid4_q: autoDraw = False
737.6173 	EXP 	vid5_q: autoDraw = False
737.8211 	EXP 	window1: recordFrameIntervals = False
739.3892 	DATA 	Keypress: equal
739.5900 	DATA 	Keypress: equal
739.6056 	EXP 	eggPainting1: image = 'stimsday1details/egg25.png'
739.6056 	EXP 	eggPainting2: image = 'stimsday1details/newegg8.png'
739.6056 	EXP 	character1: image = 'stimsday1details/couple25.png'
739.6056 	EXP 	character2: image = 'stimsday1details/newperson8.png'
739.6056 	EXP 	gift1: image = 'stimsday1details/gift25.png'
739.6056 	EXP 	gift2: image = 'stimsday1details/new8.png'
739.6056 	EXP 	themeQ1: image = 'stimsday1details/ct25.png'
739.6056 	EXP 	themeQ2: image = 'stimsday1details/t25.png'
739.6056 	EXP 	nameQ1: image = 'stimsday1details/cn25.png'
739.6056 	EXP 	nameQ2: image = 'stimsday1details/n25.png'
739.6056 	EXP 	nameQ1: autoDraw = True
739.6056 	EXP 	nameQ2: autoDraw = True
740.4190 	DATA 	Keypress: 2
741.0899 	DATA 	Keypress: equal
741.6007 	EXP 	nameQ1: autoDraw = False
741.6007 	EXP 	nameQ2: autoDraw = False
741.6007 	EXP 	nameQ1: autoDraw = False
741.6007 	EXP 	nameQ2: autoDraw = False
741.6007 	EXP 	eggPainting1: autoDraw = True
741.6007 	EXP 	eggPainting2: autoDraw = True
742.2689 	DATA 	Keypress: 1
742.6077 	DATA 	Keypress: equal
743.6009 	EXP 	eggPainting1: autoDraw = False
743.6009 	EXP 	eggPainting2: autoDraw = False
743.6009 	EXP 	eggPainting1: autoDraw = False
743.6009 	EXP 	eggPainting2: autoDraw = False
743.6009 	EXP 	character1: autoDraw = True
743.6009 	EXP 	character2: autoDraw = True
744.1022 	DATA 	Keypress: equal
744.2742 	DATA 	Keypress: 1
745.5898 	DATA 	Keypress: equal
745.6012 	EXP 	character1: autoDraw = False
745.6012 	EXP 	character2: autoDraw = False
745.6012 	EXP 	character1: autoDraw = False
745.6012 	EXP 	character2: autoDraw = False
745.6012 	EXP 	themeQ1: autoDraw = True
745.6012 	EXP 	themeQ2: autoDraw = True
746.8238 	DATA 	Keypress: 2
747.1017 	DATA 	Keypress: equal
747.6049 	EXP 	themeQ1: autoDraw = False
747.6049 	EXP 	themeQ2: autoDraw = False
747.6049 	EXP 	themeQ1: autoDraw = False
747.6049 	EXP 	themeQ2: autoDraw = False
747.6049 	EXP 	gift1: autoDraw = True
747.6049 	EXP 	gift2: autoDraw = True
748.3526 	DATA 	Keypress: 1
748.6022 	DATA 	Keypress: equal
749.6002 	EXP 	gift1: autoDraw = False
749.6002 	EXP 	gift2: autoDraw = False
749.6002 	EXP 	gift1: autoDraw = False
749.6002 	EXP 	gift2: autoDraw = False
749.6002 	EXP 	northorsouth1: autoDraw = True
749.6002 	EXP 	northorsouth2: autoDraw = True
750.0910 	DATA 	Keypress: equal
750.7894 	DATA 	Keypress: 2
751.5900 	DATA 	Keypress: equal
751.8888 	EXP 	New trial (rep=0, index=5): OrderedDict([('condsFile', 'videoBlock_schemaS_pathA_1.csv')])
751.9029 	EXP 	Imported videoBlock_schemaS_pathA_1.csv as conditions, 1 conditions, 17 params
751.9034 	EXP 	Created sequence: random, trialTypes=1, nReps=1, seed=None
751.9042 	EXP 	New trial (rep=0, index=0): OrderedDict([('northOrSouth', 'south.png'), ('stimFile1a', 'stims/wedding-14.1a.mp4'), ('stimFile1b', 'stims/wedding-14.1b.mp4'), ('stimFile2', 'stims/wedding-14.2a.mp4'), ('stimFile3', 'stims/wedding-14.3b.mp4'), ('stimFile4', 'stims/wedding-14.4a.mp4'), ('stimFile5', 'stims/wedding-14.5.mp4'), ('QeggPainting1', 'stimsday1details/newegg7.png'), ('Qcharacter1', 'stimsday1details/newperson7.png'), ('Qgift1', 'stimsday1details/gift14.png'), ('QeggPainting2', 'stimsday1details/egg14.png'), ('Qcharacter2', 'stimsday1details/couple14.png'), ('Qgift2', 'stimsday1details/new7.png'), ('Qname1', 'stimsday1details/n14.png'), ('Qtheme1', 'stimsday1details/t14.png'), ('Qname2', 'stimsday1details/cn14.png'), ('Qtheme2', 'stimsday1details/ct14.png')])
751.9177 	EXP 	northorsouth1: autoDraw = False
751.9177 	EXP 	northorsouth2: autoDraw = False
751.9177 	EXP 	northorsouth1: autoDraw = False
751.9177 	EXP 	northorsouth2: autoDraw = False
751.9177 	EXP 	image_2: autoDraw = True
753.1060 	DATA 	Keypress: equal
753.9067 	EXP 	Created sequence: random, trialTypes=1, nReps=1, seed=None
753.9069 	EXP 	New trial (rep=0, index=0): None
754.4964 	EXP 	Created vid1a = MovieStim3(__class__=<class 'psychopy.visual.movie3.MovieStim3'>, autoLog=True, color=UNKNOWN, colorSpace=UNKNOWN, depth=-1.0, filename='stims/wedding-14.1a.mp4', flipHoriz=False, flipVert=False, fps=UNKNOWN, interpolate=True, loop=False, name='vid1a', noAudio=False, opacity=1.0, ori=0, pos=array([0., 0.]), size=array([1280.,  720.]), units='pix', vframe_callback=UNKNOWN, volume=UNKNOWN, win=Window(...))
754.8411 	EXP 	Created vid1b = MovieStim3(__class__=<class 'psychopy.visual.movie3.MovieStim3'>, autoLog=True, color=UNKNOWN, colorSpace=UNKNOWN, depth=-2.0, filename='stims/wedding-14.1b.mp4', flipHoriz=False, flipVert=False, fps=UNKNOWN, interpolate=True, loop=False, name='vid1b', noAudio=False, opacity=1.0, ori=0, pos=array([0., 0.]), size=array([1280.,  720.]), units='pix', vframe_callback=UNKNOWN, volume=UNKNOWN, win=Window(...))
755.2629 	EXP 	Created vid2 = MovieStim3(__class__=<class 'psychopy.visual.movie3.MovieStim3'>, autoLog=True, color=UNKNOWN, colorSpace=UNKNOWN, depth=-3.0, filename='stims/wedding-14.2a.mp4', flipHoriz=False, flipVert=False, fps=UNKNOWN, interpolate=True, loop=False, name='vid2', noAudio=False, opacity=1.0, ori=0, pos=array([0., 0.]), size=array([1280.,  720.]), units='pix', vframe_callback=UNKNOWN, volume=UNKNOWN, win=Window(...))
755.8545 	EXP 	Created vid3 = MovieStim3(__class__=<class 'psychopy.visual.movie3.MovieStim3'>, autoLog=True, color=UNKNOWN, colorSpace=UNKNOWN, depth=-4.0, filename='stims/wedding-14.3b.mp4', flipHoriz=False, flipVert=False, fps=UNKNOWN, interpolate=True, loop=False, name='vid3', noAudio=False, opacity=1.0, ori=0, pos=array([0., 0.]), size=array([1280.,  720.]), units='pix', vframe_callback=UNKNOWN, volume=UNKNOWN, win=Window(...))
756.4324 	EXP 	Created vid4 = MovieStim3(__class__=<class 'psychopy.visual.movie3.MovieStim3'>, autoLog=True, color=UNKNOWN, colorSpace=UNKNOWN, depth=-5.0, filename='stims/wedding-14.4a.mp4', flipHoriz=False, flipVert=False, fps=UNKNOWN, interpolate=True, loop=False, name='vid4', noAudio=False, opacity=1.0, ori=0, pos=array([0., 0.]), size=array([1280.,  720.]), units='pix', vframe_callback=UNKNOWN, volume=UNKNOWN, win=Window(...))
756.8462 	EXP 	Created vid5 = MovieStim3(__class__=<class 'psychopy.visual.movie3.MovieStim3'>, autoLog=True, color=UNKNOWN, colorSpace=UNKNOWN, depth=-6.0, filename='stims/wedding-14.5.mp4', flipHoriz=False, flipVert=False, fps=UNKNOWN, interpolate=True, loop=False, name='vid5', noAudio=False, opacity=1.0, ori=0, pos=array([0., 0.]), size=array([1280.,  720.]), units='pix', vframe_callback=UNKNOWN, volume=UNKNOWN, win=Window(...))
757.1359 	EXP 	Created sequence: random, trialTypes=1, nReps=1, seed=None
757.1362 	EXP 	New trial (rep=0, index=0): None
757.6924 	EXP 	Created vid1a_q = MovieStim3(__class__=<class 'psychopy.visual.movie3.MovieStim3'>, autoLog=True, color=UNKNOWN, colorSpace=UNKNOWN, depth=-1.0, filename='stims/wedding-14.1a.mp4', flipHoriz=False, flipVert=False, fps=UNKNOWN, interpolate=True, loop=False, name='vid1a_q', noAudio=False, opacity=1.0, ori=0, pos=array([0., 0.]), size=array([1280.,  720.]), units='pix', vframe_callback=UNKNOWN, volume=UNKNOWN, win=Window(...))
758.0241 	EXP 	Created vid1b_q = MovieStim3(__class__=<class 'psychopy.visual.movie3.MovieStim3'>, autoLog=True, color=UNKNOWN, colorSpace=UNKNOWN, depth=-2.0, filename='stims/wedding-14.1b.mp4', flipHoriz=False, flipVert=False, fps=UNKNOWN, interpolate=True, loop=False, name='vid1b_q', noAudio=False, opacity=1.0, ori=0, pos=array([0., 0.]), size=array([1280.,  720.]), units='pix', vframe_callback=UNKNOWN, volume=UNKNOWN, win=Window(...))
758.4342 	EXP 	Created vid2_q = MovieStim3(__class__=<class 'psychopy.visual.movie3.MovieStim3'>, autoLog=True, color=UNKNOWN, colorSpace=UNKNOWN, depth=-3.0, filename='stims/wedding-14.2a.mp4', flipHoriz=False, flipVert=False, fps=UNKNOWN, interpolate=True, loop=False, name='vid2_q', noAudio=False, opacity=1.0, ori=0, pos=array([0., 0.]), size=array([1280.,  720.]), units='pix', vframe_callback=UNKNOWN, volume=UNKNOWN, win=Window(...))
758.9624 	EXP 	Created vid3_q = MovieStim3(__class__=<class 'psychopy.visual.movie3.MovieStim3'>, autoLog=True, color=UNKNOWN, colorSpace=UNKNOWN, depth=-5.0, filename='stims/wedding-14.3b.mp4', flipHoriz=False, flipVert=False, fps=UNKNOWN, interpolate=True, loop=False, name='vid3_q', noAudio=False, opacity=1.0, ori=0, pos=array([0., 0.]), size=array([1280.,  720.]), units='pix', vframe_callback=UNKNOWN, volume=UNKNOWN, win=Window(...))
759.4927 	EXP 	Created vid4_q = MovieStim3(__class__=<class 'psychopy.visual.movie3.MovieStim3'>, autoLog=True, color=UNKNOWN, colorSpace=UNKNOWN, depth=-7.0, filename='stims/wedding-14.4a.mp4', flipHoriz=False, flipVert=False, fps=UNKNOWN, interpolate=True, loop=False, name='vid4_q', noAudio=False, opacity=1.0, ori=0, pos=array([0., 0.]), size=array([1280.,  720.]), units='pix', vframe_callback=UNKNOWN, volume=UNKNOWN, win=Window(...))
759.8787 	EXP 	Created vid5_q = MovieStim3(__class__=<class 'psychopy.visual.movie3.MovieStim3'>, autoLog=True, color=UNKNOWN, colorSpace=UNKNOWN, depth=-8.0, filename='stims/wedding-14.5.mp4', flipHoriz=False, flipVert=False, fps=UNKNOWN, interpolate=True, loop=False, name='vid5_q', noAudio=False, opacity=1.0, ori=0, pos=array([0., 0.]), size=array([1280.,  720.]), units='pix', vframe_callback=UNKNOWN, volume=UNKNOWN, win=Window(...))
759.9983 	EXP 	window1: recordFrameIntervals = False
760.0018 	DATA 	Keypress: equal
760.0044 	DATA 	Keypress: equal
760.0069 	DATA 	Keypress: equal
760.0091 	DATA 	Keypress: equal
760.0180 	EXP 	image_2: autoDraw = False
760.0180 	EXP 	image_2: autoDraw = False
760.0180 	EXP 	vid1a: movie = 'stims/wedding-14.1a.mp4'
760.0180 	EXP 	vid1a: autoLog = True
760.0180 	EXP 	vid1b: movie = 'stims/wedding-14.1b.mp4'
760.0180 	EXP 	vid1b: autoLog = True
760.0180 	EXP 	vid2: movie = 'stims/wedding-14.2a.mp4'
760.0180 	EXP 	vid2: autoLog = True
760.0180 	EXP 	vid3: movie = 'stims/wedding-14.3b.mp4'
760.0180 	EXP 	vid3: autoLog = True
760.0180 	EXP 	vid4: movie = 'stims/wedding-14.4a.mp4'
760.0180 	EXP 	vid4: autoLog = True
760.0180 	EXP 	vid5: movie = 'stims/wedding-14.5.mp4'
760.0180 	EXP 	vid5: autoLog = True
760.0180 	EXP 	vid1a: autoDraw = False
760.0180 	EXP 	vid1b: autoDraw = False
760.0180 	EXP 	vid2: autoDraw = False
760.0180 	EXP 	vid3: autoDraw = False
760.0180 	EXP 	vid4: autoDraw = False
760.0180 	EXP 	vid5: autoDraw = False
760.0180 	EXP 	vid1a_q: movie = 'stims/wedding-14.1a.mp4'
760.0180 	EXP 	vid1a_q: autoLog = True
760.0180 	EXP 	vid1b_q: movie = 'stims/wedding-14.1b.mp4'
760.0180 	EXP 	vid1b_q: autoLog = True
760.0180 	EXP 	vid2_q: movie = 'stims/wedding-14.2a.mp4'
760.0180 	EXP 	vid2_q: autoLog = True
760.0180 	EXP 	vid3_q: movie = 'stims/wedding-14.3b.mp4'
760.0180 	EXP 	vid3_q: autoLog = True
760.0180 	EXP 	vid4_q: movie = 'stims/wedding-14.4a.mp4'
760.0180 	EXP 	vid4_q: autoLog = True
760.0180 	EXP 	vid5_q: movie = 'stims/wedding-14.5.mp4'
760.0180 	EXP 	vid5_q: autoLog = True
762.7788 	EXP 	window1: recordFrameIntervals = False
764.2854 	DATA 	Keypress: equal
764.2931 	DATA 	Keypress: equal
764.2954 	DATA 	Keypress: equal
764.5004 	EXP 	vid1a_q: movie = 'stims/wedding-14.1a.mp4'
764.5004 	EXP 	vid1b_q: movie = 'stims/wedding-14.1b.mp4'
764.5004 	EXP 	vid2_q: movie = 'stims/wedding-14.2a.mp4'
764.5004 	EXP 	vid3_q: movie = 'stims/wedding-14.3b.mp4'
764.5004 	EXP 	vid4_q: movie = 'stims/wedding-14.4a.mp4'
764.5004 	EXP 	vid5_q: movie = 'stims/wedding-14.5.mp4'
764.5172 	EXP 	vid1a_q: autoDraw = True
765.0901 	DATA 	Keypress: equal
766.5938 	DATA 	Keypress: equal
768.0905 	DATA 	Keypress: equal
769.5942 	DATA 	Keypress: equal
771.0905 	DATA 	Keypress: equal
772.6070 	DATA 	Keypress: equal
774.1024 	DATA 	Keypress: equal
775.6019 	DATA 	Keypress: equal
777.1068 	DATA 	Keypress: equal
778.6028 	DATA 	Keypress: equal
780.1027 	DATA 	Keypress: equal
781.6029 	DATA 	Keypress: equal
783.1095 	DATA 	Keypress: equal
784.6043 	DATA 	Keypress: equal
786.1022 	DATA 	Keypress: equal
787.6026 	DATA 	Keypress: equal
789.1076 	DATA 	Keypress: equal
790.5946 	DATA 	Keypress: equal
792.0947 	DATA 	Keypress: equal
793.5937 	DATA 	Keypress: equal
794.1500 	EXP 	vid1a_q: autoDraw = False
794.1663 	EXP 	vid1b_q: autoDraw = True
795.1015 	DATA 	Keypress: equal
796.6025 	DATA 	Keypress: equal
798.1031 	DATA 	Keypress: equal
799.6021 	DATA 	Keypress: equal
801.1023 	DATA 	Keypress: equal
802.2674 	EXP 	Set vid1b_q finished
802.5902 	DATA 	Keypress: equal
803.1513 	EXP 	vid2_q: autoDraw = True
804.0938 	DATA 	Keypress: equal
805.5913 	DATA 	Keypress: equal
807.0950 	DATA 	Keypress: equal
808.6022 	DATA 	Keypress: equal
810.1017 	DATA 	Keypress: equal
811.6023 	DATA 	Keypress: equal
813.1015 	DATA 	Keypress: equal
814.6066 	DATA 	Keypress: equal
816.1022 	DATA 	Keypress: equal
817.6018 	DATA 	Keypress: equal
819.1070 	DATA 	Keypress: equal
819.8995 	EXP 	Set vid2_q finished
820.1710 	EXP 	l2q: autoDraw = True
820.6017 	DATA 	Keypress: equal
820.9732 	DATA 	Keypress: 2
822.0904 	DATA 	Keypress: equal
823.5901 	DATA 	Keypress: equal
824.1378 	EXP 	l2q: autoDraw = False
824.1550 	EXP 	vid3_q: autoDraw = True
825.0899 	DATA 	Keypress: equal
826.5930 	DATA 	Keypress: equal
828.0932 	DATA 	Keypress: equal
829.6024 	DATA 	Keypress: equal
831.1017 	DATA 	Keypress: equal
832.6076 	DATA 	Keypress: equal
834.1080 	DATA 	Keypress: equal
835.5876 	DATA 	Keypress: equal
837.1008 	DATA 	Keypress: equal
838.6066 	DATA 	Keypress: equal
840.1023 	DATA 	Keypress: equal
841.6014 	DATA 	Keypress: equal
843.1019 	DATA 	Keypress: equal
844.5900 	DATA 	Keypress: equal
846.0915 	DATA 	Keypress: equal
847.1584 	EXP 	vid3_q: autoDraw = False
847.1584 	EXP 	l3q: autoDraw = True
847.5890 	DATA 	Keypress: equal
848.6886 	DATA 	Keypress: 1
849.0884 	DATA 	Keypress: equal
850.5883 	DATA 	Keypress: equal
851.1543 	EXP 	l3q: autoDraw = False
851.1543 	EXP 	vid4_q: autoDraw = True
852.0921 	DATA 	Keypress: equal
853.5934 	DATA 	Keypress: equal
855.0928 	DATA 	Keypress: equal
856.6060 	DATA 	Keypress: equal
858.1017 	DATA 	Keypress: equal
859.6021 	DATA 	Keypress: equal
861.1021 	DATA 	Keypress: equal
862.6008 	DATA 	Keypress: equal
864.0854 	DATA 	Keypress: equal
865.6016 	DATA 	Keypress: equal
867.0858 	DATA 	Keypress: equal
868.5853 	DATA 	Keypress: equal
870.1053 	DATA 	Keypress: equal
871.5857 	DATA 	Keypress: equal
873.0921 	DATA 	Keypress: equal
874.5920 	DATA 	Keypress: equal
875.1544 	EXP 	vid4_q: autoDraw = False
875.1662 	EXP 	vid5_q: autoDraw = True
876.0859 	DATA 	Keypress: equal
877.5853 	DATA 	Keypress: equal
879.0853 	DATA 	Keypress: equal
880.5918 	DATA 	Keypress: equal
882.0851 	DATA 	Keypress: equal
883.5921 	DATA 	Keypress: equal
885.0927 	DATA 	Keypress: equal
886.5890 	DATA 	Keypress: equal
887.6157 	EXP 	Set vid5_q finished
887.9058 	EXP 	window1: recordFrameIntervals = False
887.9165 	EXP 	vid1a_q: autoDraw = False
887.9165 	EXP 	vid1b_q: autoDraw = False
887.9165 	EXP 	vid2_q: autoDraw = False
887.9165 	EXP 	l2q: autoDraw = False
887.9165 	EXP 	vid3_q: autoDraw = False
887.9165 	EXP 	l3q: autoDraw = False
887.9165 	EXP 	vid4_q: autoDraw = False
887.9165 	EXP 	vid5_q: autoDraw = False
888.1064 	EXP 	window1: recordFrameIntervals = False
889.6914 	DATA 	Keypress: equal
889.6938 	DATA 	Keypress: equal
889.9064 	EXP 	eggPainting1: image = 'stimsday1details/newegg7.png'
889.9064 	EXP 	eggPainting2: image = 'stimsday1details/egg14.png'
889.9064 	EXP 	character1: image = 'stimsday1details/newperson7.png'
889.9064 	EXP 	character2: image = 'stimsday1details/couple14.png'
889.9064 	EXP 	gift1: image = 'stimsday1details/gift14.png'
889.9064 	EXP 	gift2: image = 'stimsday1details/new7.png'
889.9064 	EXP 	themeQ1: image = 'stimsday1details/t14.png'
889.9064 	EXP 	themeQ2: image = 'stimsday1details/ct14.png'
889.9064 	EXP 	nameQ1: image = 'stimsday1details/n14.png'
889.9064 	EXP 	nameQ2: image = 'stimsday1details/cn14.png'
889.9064 	EXP 	nameQ1: autoDraw = True
889.9064 	EXP 	nameQ2: autoDraw = True
891.0345 	DATA 	Keypress: 1
891.0841 	DATA 	Keypress: equal
891.8983 	EXP 	nameQ1: autoDraw = False
891.8983 	EXP 	nameQ2: autoDraw = False
891.8983 	EXP 	nameQ1: autoDraw = False
891.8983 	EXP 	nameQ2: autoDraw = False
891.8983 	EXP 	eggPainting1: autoDraw = True
891.8983 	EXP 	eggPainting2: autoDraw = True
892.5839 	DATA 	Keypress: equal
892.8042 	DATA 	Keypress: 2
893.9038 	EXP 	eggPainting1: autoDraw = False
893.9038 	EXP 	eggPainting2: autoDraw = False
893.9038 	EXP 	eggPainting1: autoDraw = False
893.9038 	EXP 	eggPainting2: autoDraw = False
893.9038 	EXP 	character1: autoDraw = True
893.9038 	EXP 	character2: autoDraw = True
894.0843 	DATA 	Keypress: equal
894.7499 	DATA 	Keypress: 2
895.5845 	DATA 	Keypress: equal
895.8984 	EXP 	character1: autoDraw = False
895.8984 	EXP 	character2: autoDraw = False
895.8984 	EXP 	character1: autoDraw = False
895.8984 	EXP 	character2: autoDraw = False
895.8984 	EXP 	themeQ1: autoDraw = True
895.8984 	EXP 	themeQ2: autoDraw = True
896.6761 	DATA 	Keypress: 1
897.0886 	DATA 	Keypress: equal
897.8877 	EXP 	themeQ1: autoDraw = False
897.8877 	EXP 	themeQ2: autoDraw = False
897.8877 	EXP 	themeQ1: autoDraw = False
897.8877 	EXP 	themeQ2: autoDraw = False
897.8877 	EXP 	gift1: autoDraw = True
897.8877 	EXP 	gift2: autoDraw = True
898.5888 	DATA 	Keypress: equal
898.7767 	DATA 	Keypress: 1
899.8876 	EXP 	gift1: autoDraw = False
899.8876 	EXP 	gift2: autoDraw = False
899.8876 	EXP 	gift1: autoDraw = False
899.8876 	EXP 	gift2: autoDraw = False
899.8876 	EXP 	northorsouth1: autoDraw = True
899.8876 	EXP 	northorsouth2: autoDraw = True
900.0893 	DATA 	Keypress: equal
900.6884 	DATA 	Keypress: 2
901.5842 	DATA 	Keypress: equal
902.3662 	EXP 	northorsouth1: autoDraw = False
902.3662 	EXP 	northorsouth2: autoDraw = False
902.3662 	EXP 	northorsouth1: autoDraw = False
902.3662 	EXP 	northorsouth2: autoDraw = False
902.6724 	EXP 	window1: mouseVisible = True
