1.8397 	WARNING 	Import Error: No module named 'psychtoolbox'. Using event module for keyboard component.
7.7379 	WARNING 	User requested fullscreen with size [2560 1440], but screen is actually [1920, 1080]. Using actual size
8.3854 	EXP 	Created window1 = Window(allowGUI=False, allowStencil=False, args=UNKNOWN, autoLog=True, bitsMode=UNKNOWN, blendMode='avg', color=array([0., 0., 0.]), colorSpace='rgb', fullscr=<method-wrapper '__getattribute__' of attributeSetter object at 0x132236f0b8>, gamma=None, kwargs=UNKNOWN, lms=UNKNOWN, monitor=<psychopy.monitors.calibTools.Monitor object at 0x1324043ba8>, multiSample=False, name='window1', numSamples=2, pos=[0.0, 0.0], screen=0, size=array([1920, 1080]), stereo=False, units='norm', useFBO=True, useRetina=False, viewOri=0.0, viewPos=None, viewScale=None, waitBlanking=True, winType='pyglet')
8.3854 	EXP 	window1: recordFrameIntervals = False
8.5513 	EXP 	window1: recordFrameIntervals = True
8.7348 	EXP 	window1: recordFrameIntervals = False
8.8602 	EXP 	Created text = TextStim(__class__=<class 'psychopy.visual.text.TextStim'>, alignHoriz='center', alignVert='center', antialias=True, autoLog=True, bold=False, color='white', colorSpace='named', contrast=1.0, depth=0.0, flipHoriz=False, flipVert=False, font='Arial', fontFiles=[], height=0.1, italic=False, languageStyle='LTR', name='text', opacity=1.0, ori=0, pos=array([0., 0.]), rgb=array([255., 255., 255.]), text='waiting for experimenter...', units='norm', win=Window(...), wrapWidth=1)
8.8692 	EXP 	Created waiting = TextStim(__class__=<class 'psychopy.visual.text.TextStim'>, alignHoriz='center', alignVert='center', antialias=True, autoLog=True, bold=False, color='white', colorSpace='named', contrast=1.0, depth=0.0, flipHoriz=False, flipVert=False, font='Arial', fontFiles=[], height=0.1, italic=False, languageStyle='LTR', name='waiting', opacity=1.0, ori=0, pos=array([0., 0.]), rgb=array([255., 255., 255.]), text='waiting for scanner...', units='norm', win=Window(...), wrapWidth=1)
8.8896 	EXP 	Created image_3 = ImageStim(__class__=<class 'psychopy.visual.image.ImageStim'>, autoLog=True, color=array([1., 1., 1.]), colorSpace='rgb', contrast=1.0, depth=0.0, flipHoriz=False, flipVert=False, image='north.png', interpolate=True, mask=None, maskParams=None, name='image_3', opacity=1.0, ori=0.0, pos=array([0., 0.]), size=array([0.5, 0.5]), texRes=128, units='norm', win=Window(...))
8.9003 	EXP 	Created l2q = ImageStim(__class__=<class 'psychopy.visual.image.ImageStim'>, autoLog=True, color=array([1., 1., 1.]), colorSpace='rgb', contrast=1.0, depth=-4.0, flipHoriz=False, flipVert=False, image='LAYER2Q.png', interpolate=True, mask=None, maskParams=None, name='l2q', opacity=1.0, ori=0.0, pos=array([0., 0.]), size=array([0.5, 0.5]), texRes=128, units='norm', win=Window(...))
8.9102 	EXP 	Created l3q = ImageStim(__class__=<class 'psychopy.visual.image.ImageStim'>, autoLog=True, color=array([1., 1., 1.]), colorSpace='rgb', contrast=1.0, depth=-6.0, flipHoriz=False, flipVert=False, image='LAYER3Q.png', interpolate=True, mask=None, maskParams=None, name='l3q', opacity=1.0, ori=0.0, pos=array([0., 0.]), size=array([0.5, 0.5]), texRes=128, units='norm', win=Window(...))
8.9162 	EXP 	Created nameQ1 = ImageStim(__class__=<class 'psychopy.visual.image.ImageStim'>, autoLog=True, color=array([1., 1., 1.]), colorSpace='rgb', contrast=1.0, depth=-1.0, flipHoriz=False, flipVert=False, image='sin', interpolate=True, mask=None, maskParams=None, name='nameQ1', opacity=1.0, ori=0.0, pos=array([-0.5, -0.2]), size=array([0.5, 0.5]), texRes=128, units='norm', win=Window(...))
8.9187 	EXP 	Created nameQ2 = ImageStim(__class__=<class 'psychopy.visual.image.ImageStim'>, autoLog=True, color=array([1., 1., 1.]), colorSpace='rgb', contrast=1.0, depth=-2.0, flipHoriz=False, flipVert=False, image='sin', interpolate=True, mask=None, maskParams=None, name='nameQ2', opacity=1.0, ori=0.0, pos=array([ 0.5, -0.2]), size=array([0.5, 0.5]), texRes=128, units='norm', win=Window(...))
8.9210 	EXP 	Created eggPainting1 = ImageStim(__class__=<class 'psychopy.visual.image.ImageStim'>, autoLog=True, color=array([1., 1., 1.]), colorSpace='rgb', contrast=1.0, depth=0.0, flipHoriz=False, flipVert=False, image='sin', interpolate=True, mask=None, maskParams=None, name='eggPainting1', opacity=1.0, ori=0.0, pos=array([-0.5, -0.2]), size=array([0.7, 1. ]), texRes=128, units='norm', win=Window(...))
8.9233 	EXP 	Created eggPainting2 = ImageStim(__class__=<class 'psychopy.visual.image.ImageStim'>, autoLog=True, color=array([1., 1., 1.]), colorSpace='rgb', contrast=1.0, depth=-2.0, flipHoriz=False, flipVert=False, image='sin', interpolate=True, mask=None, maskParams=None, name='eggPainting2', opacity=1.0, ori=0.0, pos=array([ 0.5, -0.2]), size=array([0.7, 1. ]), texRes=128, units='norm', win=Window(...))
8.9257 	EXP 	Created character1 = ImageStim(__class__=<class 'psychopy.visual.image.ImageStim'>, autoLog=True, color=array([1., 1., 1.]), colorSpace='rgb', contrast=1.0, depth=0.0, flipHoriz=False, flipVert=False, image='sin', interpolate=True, mask=None, maskParams=None, name='character1', opacity=1.0, ori=0.0, pos=array([-0.5, -0.2]), size=array([0.5, 1. ]), texRes=128, units='norm', win=Window(...))
8.9280 	EXP 	Created character2 = ImageStim(__class__=<class 'psychopy.visual.image.ImageStim'>, autoLog=True, color=array([1., 1., 1.]), colorSpace='rgb', contrast=1.0, depth=-1.0, flipHoriz=False, flipVert=False, image='sin', interpolate=True, mask=None, maskParams=None, name='character2', opacity=1.0, ori=0.0, pos=array([ 0.5, -0.2]), size=array([0.5, 1. ]), texRes=128, units='norm', win=Window(...))
8.9304 	EXP 	Created themeQ1 = ImageStim(__class__=<class 'psychopy.visual.image.ImageStim'>, autoLog=True, color=array([1., 1., 1.]), colorSpace='rgb', contrast=1.0, depth=-1.0, flipHoriz=False, flipVert=False, image='sin', interpolate=True, mask=None, maskParams=None, name='themeQ1', opacity=1.0, ori=0.0, pos=array([-0.5, -0.2]), size=array([0.5, 0.5]), texRes=128, units='norm', win=Window(...))
8.9327 	EXP 	Created themeQ2 = ImageStim(__class__=<class 'psychopy.visual.image.ImageStim'>, autoLog=True, color=array([1., 1., 1.]), colorSpace='rgb', contrast=1.0, depth=-2.0, flipHoriz=False, flipVert=False, image='sin', interpolate=True, mask=None, maskParams=None, name='themeQ2', opacity=1.0, ori=0.0, pos=array([ 0.5, -0.2]), size=array([0.5, 0.5]), texRes=128, units='norm', win=Window(...))
8.9350 	EXP 	Created gift1 = ImageStim(__class__=<class 'psychopy.visual.image.ImageStim'>, autoLog=True, color=array([1., 1., 1.]), colorSpace='rgb', contrast=1.0, depth=0.0, flipHoriz=False, flipVert=False, image='sin', interpolate=True, mask=None, maskParams=None, name='gift1', opacity=1.0, ori=0.0, pos=array([-0.5, -0.2]), size=array([0.5, 0.5]), texRes=128, units='norm', win=Window(...))
8.9374 	EXP 	Created gift2 = ImageStim(__class__=<class 'psychopy.visual.image.ImageStim'>, autoLog=True, color=array([1., 1., 1.]), colorSpace='rgb', contrast=1.0, depth=-1.0, flipHoriz=False, flipVert=False, image='sin', interpolate=True, mask=None, maskParams=None, name='gift2', opacity=1.0, ori=0.0, pos=array([ 0.5, -0.2]), size=array([0.5, 0.5]), texRes=128, units='norm', win=Window(...))
8.9410 	EXP 	Created northorsouth1 = ImageStim(__class__=<class 'psychopy.visual.image.ImageStim'>, autoLog=True, color=array([1., 1., 1.]), colorSpace='rgb', contrast=1.0, depth=0.0, flipHoriz=False, flipVert=False, image='northorsouth1.png', interpolate=True, mask=None, maskParams=None, name='northorsouth1', opacity=1.0, ori=0.0, pos=array([-0.5, -0.2]), size=array([0.5, 0.5]), texRes=128, units='norm', win=Window(...))
8.9447 	EXP 	Created northorsouth2 = ImageStim(__class__=<class 'psychopy.visual.image.ImageStim'>, autoLog=True, color=array([1., 1., 1.]), colorSpace='rgb', contrast=1.0, depth=-2.0, flipHoriz=False, flipVert=False, image='northorsouth2.png', interpolate=True, mask=None, maskParams=None, name='northorsouth2', opacity=1.0, ori=0.0, pos=array([ 0.5, -0.2]), size=array([0.5, 0.5]), texRes=128, units='norm', win=Window(...))
8.9679 	EXP 	text: autoDraw = True
11.6384 	DATA 	Keypress: g
11.6512 	EXP 	text: autoDraw = False
11.6512 	EXP 	waiting: autoDraw = True
11.7028 	DATA 	Keypress: g
38.1526 	DATA 	Keypress: equal
38.1636 	EXP 	Imported chooseBlock2.csv as conditions, 6 conditions, 1 params
38.1641 	EXP 	Created sequence: random, trialTypes=6, nReps=1, seed=None
38.1645 	EXP 	New trial (rep=0, index=0): OrderedDict([('condsFile', 'videoBlock_schemaN_pathB_5.csv')])
38.1737 	EXP 	Imported videoBlock_schemaN_pathB_5.csv as conditions, 1 conditions, 17 params
38.1741 	EXP 	Created sequence: random, trialTypes=1, nReps=1, seed=None
38.1748 	EXP 	New trial (rep=0, index=0): OrderedDict([('northOrSouth', 'north.png'), ('stimFile1a', 'stims/wedding-18.1a.mp4'), ('stimFile1b', 'stims/wedding-18.1b.mp4'), ('stimFile2', 'stims/wedding-18.2b.mp4'), ('stimFile3', 'stims/wedding-18.3b.mp4'), ('stimFile4', 'stims/wedding-18.4b.mp4'), ('stimFile5', 'stims/wedding-18.5.mp4'), ('QeggPainting1', 'stimsday1details/newpainting5.png'), ('Qcharacter1', 'stimsday1details/couple18.png'), ('Qgift1', 'stimsday1details/new17.png'), ('QeggPainting2', 'stimsday1details/painting18.png'), ('Qcharacter2', 'stimsday1details/newperson17.png'), ('Qgift2', 'stimsday1details/gift18.png'), ('Qname1', 'stimsday1details/cn18.png'), ('Qtheme1', 'stimsday1details/t18.png'), ('Qname2', 'stimsday1details/n18.png'), ('Qtheme2', 'stimsday1details/ct18.png')])
38.1853 	EXP 	waiting: autoDraw = False
38.1853 	EXP 	image_3: autoDraw = True
39.6528 	DATA 	Keypress: equal
40.1684 	EXP 	Created sequence: random, trialTypes=1, nReps=1, seed=None
40.1687 	EXP 	New trial (rep=0, index=0): None
40.6976 	EXP 	Created vid1a = MovieStim3(__class__=<class 'psychopy.visual.movie3.MovieStim3'>, autoLog=True, color=UNKNOWN, colorSpace=UNKNOWN, depth=-1.0, filename='stims/wedding-18.1a.mp4', flipHoriz=False, flipVert=False, fps=UNKNOWN, interpolate=True, loop=False, name='vid1a', noAudio=False, opacity=1.0, ori=0, pos=array([0., 0.]), size=array([1280.,  720.]), units='pix', vframe_callback=UNKNOWN, volume=UNKNOWN, win=Window(...))
41.0716 	EXP 	Created vid1b = MovieStim3(__class__=<class 'psychopy.visual.movie3.MovieStim3'>, autoLog=True, color=UNKNOWN, colorSpace=UNKNOWN, depth=-2.0, filename='stims/wedding-18.1b.mp4', flipHoriz=False, flipVert=False, fps=UNKNOWN, interpolate=True, loop=False, name='vid1b', noAudio=False, opacity=1.0, ori=0, pos=array([0., 0.]), size=array([1280.,  720.]), units='pix', vframe_callback=UNKNOWN, volume=UNKNOWN, win=Window(...))
41.5239 	EXP 	Created vid2 = MovieStim3(__class__=<class 'psychopy.visual.movie3.MovieStim3'>, autoLog=True, color=UNKNOWN, colorSpace=UNKNOWN, depth=-3.0, filename='stims/wedding-18.2b.mp4', flipHoriz=False, flipVert=False, fps=UNKNOWN, interpolate=True, loop=False, name='vid2', noAudio=False, opacity=1.0, ori=0, pos=array([0., 0.]), size=array([1280.,  720.]), units='pix', vframe_callback=UNKNOWN, volume=UNKNOWN, win=Window(...))
42.0561 	EXP 	Created vid3 = MovieStim3(__class__=<class 'psychopy.visual.movie3.MovieStim3'>, autoLog=True, color=UNKNOWN, colorSpace=UNKNOWN, depth=-4.0, filename='stims/wedding-18.3b.mp4', flipHoriz=False, flipVert=False, fps=UNKNOWN, interpolate=True, loop=False, name='vid3', noAudio=False, opacity=1.0, ori=0, pos=array([0., 0.]), size=array([1280.,  720.]), units='pix', vframe_callback=UNKNOWN, volume=UNKNOWN, win=Window(...))
42.5835 	EXP 	Created vid4 = MovieStim3(__class__=<class 'psychopy.visual.movie3.MovieStim3'>, autoLog=True, color=UNKNOWN, colorSpace=UNKNOWN, depth=-5.0, filename='stims/wedding-18.4b.mp4', flipHoriz=False, flipVert=False, fps=UNKNOWN, interpolate=True, loop=False, name='vid4', noAudio=False, opacity=1.0, ori=0, pos=array([0., 0.]), size=array([1280.,  720.]), units='pix', vframe_callback=UNKNOWN, volume=UNKNOWN, win=Window(...))
42.9856 	EXP 	Created vid5 = MovieStim3(__class__=<class 'psychopy.visual.movie3.MovieStim3'>, autoLog=True, color=UNKNOWN, colorSpace=UNKNOWN, depth=-6.0, filename='stims/wedding-18.5.mp4', flipHoriz=False, flipVert=False, fps=UNKNOWN, interpolate=True, loop=False, name='vid5', noAudio=False, opacity=1.0, ori=0, pos=array([0., 0.]), size=array([1280.,  720.]), units='pix', vframe_callback=UNKNOWN, volume=UNKNOWN, win=Window(...))
43.0286 	EXP 	Created sequence: random, trialTypes=1, nReps=1, seed=None
43.0289 	EXP 	New trial (rep=0, index=0): None
43.4416 	EXP 	Created vid1a_q = MovieStim3(__class__=<class 'psychopy.visual.movie3.MovieStim3'>, autoLog=True, color=UNKNOWN, colorSpace=UNKNOWN, depth=-1.0, filename='stims/wedding-18.1a.mp4', flipHoriz=False, flipVert=False, fps=UNKNOWN, interpolate=True, loop=False, name='vid1a_q', noAudio=False, opacity=1.0, ori=0, pos=array([0., 0.]), size=array([1280.,  720.]), units='pix', vframe_callback=UNKNOWN, volume=UNKNOWN, win=Window(...))
43.8074 	EXP 	Created vid1b_q = MovieStim3(__class__=<class 'psychopy.visual.movie3.MovieStim3'>, autoLog=True, color=UNKNOWN, colorSpace=UNKNOWN, depth=-2.0, filename='stims/wedding-18.1b.mp4', flipHoriz=False, flipVert=False, fps=UNKNOWN, interpolate=True, loop=False, name='vid1b_q', noAudio=False, opacity=1.0, ori=0, pos=array([0., 0.]), size=array([1280.,  720.]), units='pix', vframe_callback=UNKNOWN, volume=UNKNOWN, win=Window(...))
44.2498 	EXP 	Created vid2_q = MovieStim3(__class__=<class 'psychopy.visual.movie3.MovieStim3'>, autoLog=True, color=UNKNOWN, colorSpace=UNKNOWN, depth=-3.0, filename='stims/wedding-18.2b.mp4', flipHoriz=False, flipVert=False, fps=UNKNOWN, interpolate=True, loop=False, name='vid2_q', noAudio=False, opacity=1.0, ori=0, pos=array([0., 0.]), size=array([1280.,  720.]), units='pix', vframe_callback=UNKNOWN, volume=UNKNOWN, win=Window(...))
44.7600 	EXP 	Created vid3_q = MovieStim3(__class__=<class 'psychopy.visual.movie3.MovieStim3'>, autoLog=True, color=UNKNOWN, colorSpace=UNKNOWN, depth=-5.0, filename='stims/wedding-18.3b.mp4', flipHoriz=False, flipVert=False, fps=UNKNOWN, interpolate=True, loop=False, name='vid3_q', noAudio=False, opacity=1.0, ori=0, pos=array([0., 0.]), size=array([1280.,  720.]), units='pix', vframe_callback=UNKNOWN, volume=UNKNOWN, win=Window(...))
45.2675 	EXP 	Created vid4_q = MovieStim3(__class__=<class 'psychopy.visual.movie3.MovieStim3'>, autoLog=True, color=UNKNOWN, colorSpace=UNKNOWN, depth=-7.0, filename='stims/wedding-18.4b.mp4', flipHoriz=False, flipVert=False, fps=UNKNOWN, interpolate=True, loop=False, name='vid4_q', noAudio=False, opacity=1.0, ori=0, pos=array([0., 0.]), size=array([1280.,  720.]), units='pix', vframe_callback=UNKNOWN, volume=UNKNOWN, win=Window(...))
45.6627 	EXP 	Created vid5_q = MovieStim3(__class__=<class 'psychopy.visual.movie3.MovieStim3'>, autoLog=True, color=UNKNOWN, colorSpace=UNKNOWN, depth=-8.0, filename='stims/wedding-18.5.mp4', flipHoriz=False, flipVert=False, fps=UNKNOWN, interpolate=True, loop=False, name='vid5_q', noAudio=False, opacity=1.0, ori=0, pos=array([0., 0.]), size=array([1280.,  720.]), units='pix', vframe_callback=UNKNOWN, volume=UNKNOWN, win=Window(...))
45.6631 	EXP 	window1: recordFrameIntervals = False
45.6669 	DATA 	Keypress: equal
45.6692 	DATA 	Keypress: equal
45.6724 	DATA 	Keypress: equal
45.6745 	DATA 	Keypress: equal
45.6867 	EXP 	image_3: autoDraw = False
45.6867 	EXP 	vid1a: movie = 'stims/wedding-18.1a.mp4'
45.6867 	EXP 	vid1a: autoLog = True
45.6867 	EXP 	vid1b: movie = 'stims/wedding-18.1b.mp4'
45.6867 	EXP 	vid1b: autoLog = True
45.6867 	EXP 	vid2: movie = 'stims/wedding-18.2b.mp4'
45.6867 	EXP 	vid2: autoLog = True
45.6867 	EXP 	vid3: movie = 'stims/wedding-18.3b.mp4'
45.6867 	EXP 	vid3: autoLog = True
45.6867 	EXP 	vid4: movie = 'stims/wedding-18.4b.mp4'
45.6867 	EXP 	vid4: autoLog = True
45.6867 	EXP 	vid5: movie = 'stims/wedding-18.5.mp4'
45.6867 	EXP 	vid5: autoLog = True
45.6867 	EXP 	vid1a: autoDraw = False
45.6867 	EXP 	vid1b: autoDraw = False
45.6867 	EXP 	vid2: autoDraw = False
45.6867 	EXP 	vid3: autoDraw = False
45.6867 	EXP 	vid4: autoDraw = False
45.6867 	EXP 	vid5: autoDraw = False
45.6867 	EXP 	vid1a_q: movie = 'stims/wedding-18.1a.mp4'
45.6867 	EXP 	vid1a_q: autoLog = True
45.6867 	EXP 	vid1b_q: movie = 'stims/wedding-18.1b.mp4'
45.6867 	EXP 	vid1b_q: autoLog = True
45.6867 	EXP 	vid2_q: movie = 'stims/wedding-18.2b.mp4'
45.6867 	EXP 	vid2_q: autoLog = True
45.6867 	EXP 	vid3_q: movie = 'stims/wedding-18.3b.mp4'
45.6867 	EXP 	vid3_q: autoLog = True
45.6867 	EXP 	vid4_q: movie = 'stims/wedding-18.4b.mp4'
45.6867 	EXP 	vid4_q: autoLog = True
45.6867 	EXP 	vid5_q: movie = 'stims/wedding-18.5.mp4'
45.6867 	EXP 	vid5_q: autoLog = True
48.3256 	EXP 	window1: recordFrameIntervals = False
50.4517 	DATA 	Keypress: equal
50.4539 	DATA 	Keypress: equal
50.4563 	DATA 	Keypress: equal
50.6509 	EXP 	vid1a_q: movie = 'stims/wedding-18.1a.mp4'
50.6509 	EXP 	vid1b_q: movie = 'stims/wedding-18.1b.mp4'
50.6509 	EXP 	vid2_q: movie = 'stims/wedding-18.2b.mp4'
50.6509 	EXP 	vid3_q: movie = 'stims/wedding-18.3b.mp4'
50.6509 	EXP 	vid4_q: movie = 'stims/wedding-18.4b.mp4'
50.6509 	EXP 	vid5_q: movie = 'stims/wedding-18.5.mp4'
50.6675 	EXP 	vid1a_q: autoDraw = True
51.6529 	DATA 	Keypress: equal
53.1529 	DATA 	Keypress: equal
54.6526 	DATA 	Keypress: equal
56.1526 	DATA 	Keypress: equal
57.6527 	DATA 	Keypress: equal
59.1526 	DATA 	Keypress: equal
60.6524 	DATA 	Keypress: equal
62.1525 	DATA 	Keypress: equal
63.6526 	DATA 	Keypress: equal
65.1524 	DATA 	Keypress: equal
66.6527 	DATA 	Keypress: equal
67.0339 	EXP 	vid1a_q: autoDraw = False
67.0505 	EXP 	vid1b_q: autoDraw = True
68.1525 	DATA 	Keypress: equal
69.6525 	DATA 	Keypress: equal
71.1523 	DATA 	Keypress: equal
72.6524 	DATA 	Keypress: equal
74.1525 	DATA 	Keypress: equal
75.6527 	DATA 	Keypress: equal
75.7171 	EXP 	Set vid1b_q finished
76.0504 	EXP 	vid2_q: autoDraw = True
77.1525 	DATA 	Keypress: equal
78.6522 	DATA 	Keypress: equal
80.1524 	DATA 	Keypress: equal
81.6522 	DATA 	Keypress: equal
83.1522 	DATA 	Keypress: equal
84.6523 	DATA 	Keypress: equal
86.1524 	DATA 	Keypress: equal
87.6525 	DATA 	Keypress: equal
89.1525 	DATA 	Keypress: equal
90.6522 	DATA 	Keypress: equal
92.1521 	DATA 	Keypress: equal
92.6669 	EXP 	Set vid2_q finished
93.0502 	EXP 	l2q: autoDraw = True
93.6522 	DATA 	Keypress: equal
94.4018 	DATA 	Keypress: 2
95.1519 	DATA 	Keypress: equal
96.6517 	DATA 	Keypress: equal
97.0335 	EXP 	l2q: autoDraw = False
97.0501 	EXP 	vid3_q: autoDraw = True
98.1525 	DATA 	Keypress: equal
99.6523 	DATA 	Keypress: equal
101.1522 	DATA 	Keypress: equal
102.6520 	DATA 	Keypress: equal
104.1523 	DATA 	Keypress: equal
105.6525 	DATA 	Keypress: equal
107.1522 	DATA 	Keypress: equal
108.6519 	DATA 	Keypress: equal
110.1521 	DATA 	Keypress: equal
111.6518 	DATA 	Keypress: equal
113.1520 	DATA 	Keypress: equal
114.6518 	DATA 	Keypress: equal
116.1518 	DATA 	Keypress: equal
117.6521 	DATA 	Keypress: equal
119.1519 	DATA 	Keypress: equal
120.0332 	EXP 	vid3_q: autoDraw = False
120.0499 	EXP 	l3q: autoDraw = True
120.6519 	DATA 	Keypress: equal
121.1680 	DATA 	Keypress: 2
122.1516 	DATA 	Keypress: equal
123.6517 	DATA 	Keypress: equal
124.0332 	EXP 	l3q: autoDraw = False
124.0498 	EXP 	vid4_q: autoDraw = True
125.1517 	DATA 	Keypress: equal
126.6518 	DATA 	Keypress: equal
128.1521 	DATA 	Keypress: equal
129.6518 	DATA 	Keypress: equal
131.1518 	DATA 	Keypress: equal
132.6520 	DATA 	Keypress: equal
134.1517 	DATA 	Keypress: equal
135.6519 	DATA 	Keypress: equal
137.1515 	DATA 	Keypress: equal
138.6791 	DATA 	Keypress: equal
140.1515 	DATA 	Keypress: equal
141.6517 	DATA 	Keypress: equal
143.1517 	DATA 	Keypress: equal
144.6514 	DATA 	Keypress: equal
146.1515 	DATA 	Keypress: equal
147.6517 	DATA 	Keypress: equal
148.0829 	EXP 	vid4_q: autoDraw = False
148.0829 	EXP 	vid5_q: autoDraw = True
149.1513 	DATA 	Keypress: equal
150.6514 	DATA 	Keypress: equal
152.1515 	DATA 	Keypress: equal
153.6513 	DATA 	Keypress: equal
155.1517 	DATA 	Keypress: equal
156.6516 	DATA 	Keypress: equal
158.1513 	DATA 	Keypress: equal
159.6513 	DATA 	Keypress: equal
161.1546 	EXP 	window1: recordFrameIntervals = False
161.1566 	DATA 	Keypress: equal
161.1661 	EXP 	vid5_q: autoDraw = False
161.1661 	EXP 	vid1a_q: autoDraw = False
161.1661 	EXP 	vid1b_q: autoDraw = False
161.1661 	EXP 	vid2_q: autoDraw = False
161.1661 	EXP 	l2q: autoDraw = False
161.1661 	EXP 	vid3_q: autoDraw = False
161.1661 	EXP 	l3q: autoDraw = False
161.1661 	EXP 	vid4_q: autoDraw = False
161.1661 	EXP 	vid5_q: autoDraw = False
161.3737 	EXP 	window1: recordFrameIntervals = False
162.9410 	DATA 	Keypress: equal
163.1660 	EXP 	eggPainting1: image = 'stimsday1details/newpainting5.png'
163.1660 	EXP 	eggPainting2: image = 'stimsday1details/painting18.png'
163.1660 	EXP 	character1: image = 'stimsday1details/couple18.png'
163.1660 	EXP 	character2: image = 'stimsday1details/newperson17.png'
163.1660 	EXP 	gift1: image = 'stimsday1details/new17.png'
163.1660 	EXP 	gift2: image = 'stimsday1details/gift18.png'
163.1660 	EXP 	themeQ1: image = 'stimsday1details/t18.png'
163.1660 	EXP 	themeQ2: image = 'stimsday1details/ct18.png'
163.1660 	EXP 	nameQ1: image = 'stimsday1details/cn18.png'
163.1660 	EXP 	nameQ2: image = 'stimsday1details/n18.png'
163.1660 	EXP 	nameQ1: autoDraw = True
163.1660 	EXP 	nameQ2: autoDraw = True
164.1512 	DATA 	Keypress: equal
164.1672 	DATA 	Keypress: 2
164.1827 	EXP 	nameQ1: autoDraw = False
164.1827 	EXP 	nameQ2: autoDraw = False
164.1827 	EXP 	eggPainting1: autoDraw = True
164.1827 	EXP 	eggPainting2: autoDraw = True
164.9841 	DATA 	Keypress: 2
164.9993 	EXP 	eggPainting1: autoDraw = False
164.9993 	EXP 	eggPainting2: autoDraw = False
164.9993 	EXP 	character1: autoDraw = True
164.9993 	EXP 	character2: autoDraw = True
165.6511 	DATA 	Keypress: equal
165.6525 	DATA 	Keypress: 1
165.6659 	EXP 	character1: autoDraw = False
165.6659 	EXP 	character2: autoDraw = False
165.6659 	EXP 	themeQ1: autoDraw = True
165.6659 	EXP 	themeQ2: autoDraw = True
166.4510 	DATA 	Keypress: 1
166.4660 	EXP 	themeQ1: autoDraw = False
166.4660 	EXP 	themeQ2: autoDraw = False
166.4660 	EXP 	gift1: autoDraw = True
166.4660 	EXP 	gift2: autoDraw = True
167.0507 	DATA 	Keypress: 2
167.0660 	EXP 	gift1: autoDraw = False
167.0660 	EXP 	gift2: autoDraw = False
167.0660 	EXP 	northorsouth1: autoDraw = True
167.0660 	EXP 	northorsouth2: autoDraw = True
167.1507 	DATA 	Keypress: equal
167.6507 	DATA 	Keypress: 2
167.8306 	EXP 	New trial (rep=0, index=1): OrderedDict([('condsFile', 'videoBlock_schemaN_pathB_4.csv')])
167.8433 	EXP 	Imported videoBlock_schemaN_pathB_4.csv as conditions, 1 conditions, 17 params
167.8438 	EXP 	Created sequence: random, trialTypes=1, nReps=1, seed=None
167.8445 	EXP 	New trial (rep=0, index=0): OrderedDict([('northOrSouth', 'north.png'), ('stimFile1a', 'stims/wedding-12.1a.mp4'), ('stimFile1b', 'stims/wedding-12.1b.mp4'), ('stimFile2', 'stims/wedding-12.2b.mp4'), ('stimFile3', 'stims/wedding-12.3b.mp4'), ('stimFile4', 'stims/wedding-12.4b.mp4'), ('stimFile5', 'stims/wedding-12.5.mp4'), ('QeggPainting1', 'stimsday1details/painting12.png'), ('Qcharacter1', 'stimsday1details/couple12.png'), ('Qgift1', 'stimsday1details/gift12.png'), ('QeggPainting2', 'stimsday1details/newpainting4.png'), ('Qcharacter2', 'stimsday1details/newperson16.png'), ('Qgift2', 'stimsday1details/new16.png'), ('Qname1', 'stimsday1details/n12.png'), ('Qtheme1', 'stimsday1details/t12.png'), ('Qname2', 'stimsday1details/cn12.png'), ('Qtheme2', 'stimsday1details/ct12.png')])
167.8493 	EXP 	northorsouth1: autoDraw = False
167.8493 	EXP 	northorsouth2: autoDraw = False
167.8493 	EXP 	image_3: autoDraw = True
168.6511 	DATA 	Keypress: equal
169.8338 	EXP 	Created sequence: random, trialTypes=1, nReps=1, seed=None
169.8341 	EXP 	New trial (rep=0, index=0): None
170.2585 	EXP 	Created vid1a = MovieStim3(__class__=<class 'psychopy.visual.movie3.MovieStim3'>, autoLog=True, color=UNKNOWN, colorSpace=UNKNOWN, depth=-1.0, filename='stims/wedding-12.1a.mp4', flipHoriz=False, flipVert=False, fps=UNKNOWN, interpolate=True, loop=False, name='vid1a', noAudio=False, opacity=1.0, ori=0, pos=array([0., 0.]), size=array([1280.,  720.]), units='pix', vframe_callback=UNKNOWN, volume=UNKNOWN, win=Window(...))
170.6316 	EXP 	Created vid1b = MovieStim3(__class__=<class 'psychopy.visual.movie3.MovieStim3'>, autoLog=True, color=UNKNOWN, colorSpace=UNKNOWN, depth=-2.0, filename='stims/wedding-12.1b.mp4', flipHoriz=False, flipVert=False, fps=UNKNOWN, interpolate=True, loop=False, name='vid1b', noAudio=False, opacity=1.0, ori=0, pos=array([0., 0.]), size=array([1280.,  720.]), units='pix', vframe_callback=UNKNOWN, volume=UNKNOWN, win=Window(...))
171.0405 	EXP 	Created vid2 = MovieStim3(__class__=<class 'psychopy.visual.movie3.MovieStim3'>, autoLog=True, color=UNKNOWN, colorSpace=UNKNOWN, depth=-3.0, filename='stims/wedding-12.2b.mp4', flipHoriz=False, flipVert=False, fps=UNKNOWN, interpolate=True, loop=False, name='vid2', noAudio=False, opacity=1.0, ori=0, pos=array([0., 0.]), size=array([1280.,  720.]), units='pix', vframe_callback=UNKNOWN, volume=UNKNOWN, win=Window(...))
171.5692 	EXP 	Created vid3 = MovieStim3(__class__=<class 'psychopy.visual.movie3.MovieStim3'>, autoLog=True, color=UNKNOWN, colorSpace=UNKNOWN, depth=-4.0, filename='stims/wedding-12.3b.mp4', flipHoriz=False, flipVert=False, fps=UNKNOWN, interpolate=True, loop=False, name='vid3', noAudio=False, opacity=1.0, ori=0, pos=array([0., 0.]), size=array([1280.,  720.]), units='pix', vframe_callback=UNKNOWN, volume=UNKNOWN, win=Window(...))
172.0305 	EXP 	Created vid4 = MovieStim3(__class__=<class 'psychopy.visual.movie3.MovieStim3'>, autoLog=True, color=UNKNOWN, colorSpace=UNKNOWN, depth=-5.0, filename='stims/wedding-12.4b.mp4', flipHoriz=False, flipVert=False, fps=UNKNOWN, interpolate=True, loop=False, name='vid4', noAudio=False, opacity=1.0, ori=0, pos=array([0., 0.]), size=array([1280.,  720.]), units='pix', vframe_callback=UNKNOWN, volume=UNKNOWN, win=Window(...))
172.4192 	EXP 	Created vid5 = MovieStim3(__class__=<class 'psychopy.visual.movie3.MovieStim3'>, autoLog=True, color=UNKNOWN, colorSpace=UNKNOWN, depth=-6.0, filename='stims/wedding-12.5.mp4', flipHoriz=False, flipVert=False, fps=UNKNOWN, interpolate=True, loop=False, name='vid5', noAudio=False, opacity=1.0, ori=0, pos=array([0., 0.]), size=array([1280.,  720.]), units='pix', vframe_callback=UNKNOWN, volume=UNKNOWN, win=Window(...))
172.5360 	EXP 	window1: recordFrameIntervals = False
172.5395 	DATA 	Keypress: equal
172.5418 	DATA 	Keypress: equal
172.5532 	EXP 	image_3: autoDraw = False
172.5532 	EXP 	image_3: autoDraw = False
172.5532 	EXP 	vid1a: movie = 'stims/wedding-12.1a.mp4'
172.5532 	EXP 	vid1a: autoLog = True
172.5532 	EXP 	vid1b: movie = 'stims/wedding-12.1b.mp4'
172.5532 	EXP 	vid1b: autoLog = True
172.5532 	EXP 	vid2: movie = 'stims/wedding-12.2b.mp4'
172.5532 	EXP 	vid2: autoLog = True
172.5532 	EXP 	vid3: movie = 'stims/wedding-12.3b.mp4'
172.5532 	EXP 	vid3: autoLog = True
172.5532 	EXP 	vid4: movie = 'stims/wedding-12.4b.mp4'
172.5532 	EXP 	vid4: autoLog = True
172.5532 	EXP 	vid5: movie = 'stims/wedding-12.5.mp4'
172.5532 	EXP 	vid5: autoLog = True
175.0847 	EXP 	window1: recordFrameIntervals = False
177.3240 	DATA 	Keypress: equal
177.3262 	DATA 	Keypress: equal
177.3284 	DATA 	Keypress: equal
177.5326 	EXP 	vid1a: movie = 'stims/wedding-12.1a.mp4'
177.5326 	EXP 	vid1b: movie = 'stims/wedding-12.1b.mp4'
177.5326 	EXP 	vid2: movie = 'stims/wedding-12.2b.mp4'
177.5326 	EXP 	vid3: movie = 'stims/wedding-12.3b.mp4'
177.5326 	EXP 	vid4: movie = 'stims/wedding-12.4b.mp4'
177.5326 	EXP 	vid5: movie = 'stims/wedding-12.5.mp4'
177.5519 	EXP 	vid1a: autoDraw = True
177.6513 	DATA 	Keypress: equal
179.1511 	DATA 	Keypress: equal
180.6513 	DATA 	Keypress: equal
182.1509 	DATA 	Keypress: equal
183.6515 	DATA 	Keypress: equal
185.1512 	DATA 	Keypress: equal
186.6511 	DATA 	Keypress: equal
188.1513 	DATA 	Keypress: equal
189.6511 	DATA 	Keypress: equal
191.1508 	DATA 	Keypress: equal
192.6511 	DATA 	Keypress: equal
193.8490 	EXP 	vid1a: autoDraw = False
193.8656 	EXP 	vid1b: autoDraw = True
194.1510 	DATA 	Keypress: equal
195.6512 	DATA 	Keypress: equal
197.1512 	DATA 	Keypress: equal
198.6512 	DATA 	Keypress: equal
200.1510 	DATA 	Keypress: equal
201.6508 	DATA 	Keypress: equal
201.8489 	EXP 	vid1b: autoDraw = False
201.8655 	EXP 	vid2: autoDraw = True
203.1510 	DATA 	Keypress: equal
204.6659 	DATA 	Keypress: equal
206.1507 	DATA 	Keypress: equal
207.6506 	DATA 	Keypress: equal
209.1507 	DATA 	Keypress: equal
210.6508 	DATA 	Keypress: equal
212.1509 	DATA 	Keypress: equal
213.6506 	DATA 	Keypress: equal
215.1505 	DATA 	Keypress: equal
216.6507 	DATA 	Keypress: equal
218.1506 	DATA 	Keypress: equal
218.7487 	EXP 	Set vid2 finished
218.8653 	EXP 	vid3: autoDraw = True
219.6507 	DATA 	Keypress: equal
221.1508 	DATA 	Keypress: equal
222.6507 	DATA 	Keypress: equal
224.1505 	DATA 	Keypress: equal
225.6505 	DATA 	Keypress: equal
227.1508 	DATA 	Keypress: equal
228.6505 	DATA 	Keypress: equal
230.1507 	DATA 	Keypress: equal
231.6506 	DATA 	Keypress: equal
233.1508 	DATA 	Keypress: equal
234.6502 	DATA 	Keypress: equal
236.1506 	DATA 	Keypress: equal
237.6504 	DATA 	Keypress: equal
239.1780 	DATA 	Keypress: equal
240.6502 	DATA 	Keypress: equal
241.8484 	EXP 	vid3: autoDraw = False
241.8650 	EXP 	vid4: autoDraw = True
242.1505 	DATA 	Keypress: equal
243.6505 	DATA 	Keypress: equal
245.1504 	DATA 	Keypress: equal
246.6501 	DATA 	Keypress: equal
248.1502 	DATA 	Keypress: equal
249.6502 	DATA 	Keypress: equal
251.1502 	DATA 	Keypress: equal
252.6507 	DATA 	Keypress: equal
254.1503 	DATA 	Keypress: equal
255.6504 	DATA 	Keypress: equal
257.1503 	DATA 	Keypress: equal
258.6503 	DATA 	Keypress: equal
260.1500 	DATA 	Keypress: equal
261.6500 	DATA 	Keypress: equal
263.1500 	DATA 	Keypress: equal
264.6500 	DATA 	Keypress: equal
264.9148 	EXP 	Set vid4 finished
265.8647 	EXP 	vid5: autoDraw = True
266.1499 	DATA 	Keypress: equal
267.6500 	DATA 	Keypress: equal
269.1503 	DATA 	Keypress: equal
270.6501 	DATA 	Keypress: equal
272.1502 	DATA 	Keypress: equal
273.6498 	DATA 	Keypress: equal
275.1499 	DATA 	Keypress: equal
276.6500 	DATA 	Keypress: equal
277.9146 	EXP 	Set vid5 finished
278.0254 	EXP 	Created sequence: random, trialTypes=1, nReps=1, seed=None
278.0257 	EXP 	New trial (rep=0, index=0): None
278.4438 	EXP 	Created vid1a_q = MovieStim3(__class__=<class 'psychopy.visual.movie3.MovieStim3'>, autoLog=True, color=UNKNOWN, colorSpace=UNKNOWN, depth=-1.0, filename='stims/wedding-12.1a.mp4', flipHoriz=False, flipVert=False, fps=UNKNOWN, interpolate=True, loop=False, name='vid1a_q', noAudio=False, opacity=1.0, ori=0, pos=array([0., 0.]), size=array([1280.,  720.]), units='pix', vframe_callback=UNKNOWN, volume=UNKNOWN, win=Window(...))
278.8102 	EXP 	Created vid1b_q = MovieStim3(__class__=<class 'psychopy.visual.movie3.MovieStim3'>, autoLog=True, color=UNKNOWN, colorSpace=UNKNOWN, depth=-2.0, filename='stims/wedding-12.1b.mp4', flipHoriz=False, flipVert=False, fps=UNKNOWN, interpolate=True, loop=False, name='vid1b_q', noAudio=False, opacity=1.0, ori=0, pos=array([0., 0.]), size=array([1280.,  720.]), units='pix', vframe_callback=UNKNOWN, volume=UNKNOWN, win=Window(...))
279.2096 	EXP 	Created vid2_q = MovieStim3(__class__=<class 'psychopy.visual.movie3.MovieStim3'>, autoLog=True, color=UNKNOWN, colorSpace=UNKNOWN, depth=-3.0, filename='stims/wedding-12.2b.mp4', flipHoriz=False, flipVert=False, fps=UNKNOWN, interpolate=True, loop=False, name='vid2_q', noAudio=False, opacity=1.0, ori=0, pos=array([0., 0.]), size=array([1280.,  720.]), units='pix', vframe_callback=UNKNOWN, volume=UNKNOWN, win=Window(...))
279.7268 	EXP 	Created vid3_q = MovieStim3(__class__=<class 'psychopy.visual.movie3.MovieStim3'>, autoLog=True, color=UNKNOWN, colorSpace=UNKNOWN, depth=-5.0, filename='stims/wedding-12.3b.mp4', flipHoriz=False, flipVert=False, fps=UNKNOWN, interpolate=True, loop=False, name='vid3_q', noAudio=False, opacity=1.0, ori=0, pos=array([0., 0.]), size=array([1280.,  720.]), units='pix', vframe_callback=UNKNOWN, volume=UNKNOWN, win=Window(...))
280.1825 	EXP 	Created vid4_q = MovieStim3(__class__=<class 'psychopy.visual.movie3.MovieStim3'>, autoLog=True, color=UNKNOWN, colorSpace=UNKNOWN, depth=-7.0, filename='stims/wedding-12.4b.mp4', flipHoriz=False, flipVert=False, fps=UNKNOWN, interpolate=True, loop=False, name='vid4_q', noAudio=False, opacity=1.0, ori=0, pos=array([0., 0.]), size=array([1280.,  720.]), units='pix', vframe_callback=UNKNOWN, volume=UNKNOWN, win=Window(...))
280.5563 	EXP 	Created vid5_q = MovieStim3(__class__=<class 'psychopy.visual.movie3.MovieStim3'>, autoLog=True, color=UNKNOWN, colorSpace=UNKNOWN, depth=-8.0, filename='stims/wedding-12.5.mp4', flipHoriz=False, flipVert=False, fps=UNKNOWN, interpolate=True, loop=False, name='vid5_q', noAudio=False, opacity=1.0, ori=0, pos=array([0., 0.]), size=array([1280.,  720.]), units='pix', vframe_callback=UNKNOWN, volume=UNKNOWN, win=Window(...))
280.7580 	EXP 	window1: recordFrameIntervals = False
280.7611 	DATA 	Keypress: equal
280.7633 	DATA 	Keypress: equal
280.7813 	EXP 	vid1a: autoDraw = False
280.7813 	EXP 	vid1b: autoDraw = False
280.7813 	EXP 	vid2: autoDraw = False
280.7813 	EXP 	vid3: autoDraw = False
280.7813 	EXP 	vid4: autoDraw = False
280.7813 	EXP 	vid5: autoDraw = False
280.7813 	EXP 	vid1a_q: movie = 'stims/wedding-12.1a.mp4'
280.7813 	EXP 	vid1a_q: autoLog = True
280.7813 	EXP 	vid1b_q: movie = 'stims/wedding-12.1b.mp4'
280.7813 	EXP 	vid1b_q: autoLog = True
280.7813 	EXP 	vid2_q: movie = 'stims/wedding-12.2b.mp4'
280.7813 	EXP 	vid2_q: autoLog = True
280.7813 	EXP 	vid3_q: movie = 'stims/wedding-12.3b.mp4'
280.7813 	EXP 	vid3_q: autoLog = True
280.7813 	EXP 	vid4_q: movie = 'stims/wedding-12.4b.mp4'
280.7813 	EXP 	vid4_q: autoLog = True
280.7813 	EXP 	vid5_q: movie = 'stims/wedding-12.5.mp4'
280.7813 	EXP 	vid5_q: autoLog = True
280.7813 	EXP 	vid1a_q: autoDraw = False
280.7813 	EXP 	vid1b_q: autoDraw = False
280.7813 	EXP 	vid2_q: autoDraw = False
280.7813 	EXP 	l2q: autoDraw = False
280.7813 	EXP 	vid3_q: autoDraw = False
280.7813 	EXP 	l3q: autoDraw = False
280.7813 	EXP 	vid4_q: autoDraw = False
280.7813 	EXP 	vid5_q: autoDraw = False
280.9650 	EXP 	window1: recordFrameIntervals = False
282.5445 	DATA 	Keypress: equal
282.6428 	DATA 	Keypress: equal
282.7645 	EXP 	eggPainting1: image = 'stimsday1details/painting12.png'
282.7645 	EXP 	eggPainting2: image = 'stimsday1details/newpainting4.png'
282.7645 	EXP 	character1: image = 'stimsday1details/couple12.png'
282.7645 	EXP 	character2: image = 'stimsday1details/newperson16.png'
282.7645 	EXP 	gift1: image = 'stimsday1details/gift12.png'
282.7645 	EXP 	gift2: image = 'stimsday1details/new16.png'
282.7645 	EXP 	themeQ1: image = 'stimsday1details/t12.png'
282.7645 	EXP 	themeQ2: image = 'stimsday1details/ct12.png'
282.7645 	EXP 	nameQ1: image = 'stimsday1details/n12.png'
282.7645 	EXP 	nameQ2: image = 'stimsday1details/cn12.png'
282.7645 	EXP 	nameQ1: autoDraw = True
282.7645 	EXP 	nameQ2: autoDraw = True
283.1829 	DATA 	Keypress: 1
283.1979 	EXP 	nameQ1: autoDraw = False
283.1979 	EXP 	nameQ2: autoDraw = False
283.1979 	EXP 	eggPainting1: autoDraw = True
283.1979 	EXP 	eggPainting2: autoDraw = True
283.7326 	DATA 	Keypress: 2
283.7479 	EXP 	eggPainting1: autoDraw = False
283.7479 	EXP 	eggPainting2: autoDraw = False
283.7479 	EXP 	character1: autoDraw = True
283.7479 	EXP 	character2: autoDraw = True
284.1493 	DATA 	Keypress: equal
284.5662 	DATA 	Keypress: 1
284.5812 	EXP 	character1: autoDraw = False
284.5812 	EXP 	character2: autoDraw = False
284.5812 	EXP 	themeQ1: autoDraw = True
284.5812 	EXP 	themeQ2: autoDraw = True
285.3825 	DATA 	Keypress: 1
285.3978 	EXP 	themeQ1: autoDraw = False
285.3978 	EXP 	themeQ2: autoDraw = False
285.3978 	EXP 	gift1: autoDraw = True
285.3978 	EXP 	gift2: autoDraw = True
285.6493 	DATA 	Keypress: equal
286.1158 	DATA 	Keypress: 1
286.1312 	EXP 	gift1: autoDraw = False
286.1312 	EXP 	gift2: autoDraw = False
286.1312 	EXP 	northorsouth1: autoDraw = True
286.1312 	EXP 	northorsouth2: autoDraw = True
286.8996 	DATA 	Keypress: 1
287.1096 	EXP 	New trial (rep=0, index=2): OrderedDict([('condsFile', 'videoBlock_schemaN_pathB_6.csv')])
287.1232 	EXP 	Imported videoBlock_schemaN_pathB_6.csv as conditions, 1 conditions, 17 params
287.1236 	EXP 	Created sequence: random, trialTypes=1, nReps=1, seed=None
287.1244 	EXP 	New trial (rep=0, index=0): OrderedDict([('northOrSouth', 'north.png'), ('stimFile1a', 'stims/wedding-16.1a.mp4'), ('stimFile1b', 'stims/wedding-16.1b.mp4'), ('stimFile2', 'stims/wedding-16.2b.mp4'), ('stimFile3', 'stims/wedding-16.3b.mp4'), ('stimFile4', 'stims/wedding-16.4b.mp4'), ('stimFile5', 'stims/wedding-16.5.mp4'), ('QeggPainting1', 'stimsday1details/painting16.png'), ('Qcharacter1', 'stimsday1details/newperson18.png'), ('Qgift1', 'stimsday1details/gift16.png'), ('QeggPainting2', 'stimsday1details/newpainting6.png'), ('Qcharacter2', 'stimsday1details/couple16.png'), ('Qgift2', 'stimsday1details/new18.png'), ('Qname1', 'stimsday1details/n16.png'), ('Qtheme1', 'stimsday1details/ct16.png'), ('Qname2', 'stimsday1details/cn16.png'), ('Qtheme2', 'stimsday1details/t16.png')])
287.1311 	EXP 	northorsouth1: autoDraw = False
287.1311 	EXP 	northorsouth2: autoDraw = False
287.1311 	EXP 	image_3: autoDraw = True
287.1496 	DATA 	Keypress: equal
288.6495 	DATA 	Keypress: equal
289.1156 	EXP 	Created sequence: random, trialTypes=1, nReps=1, seed=None
289.1158 	EXP 	New trial (rep=0, index=0): None
289.5261 	EXP 	Created vid1a = MovieStim3(__class__=<class 'psychopy.visual.movie3.MovieStim3'>, autoLog=True, color=UNKNOWN, colorSpace=UNKNOWN, depth=-1.0, filename='stims/wedding-16.1a.mp4', flipHoriz=False, flipVert=False, fps=UNKNOWN, interpolate=True, loop=False, name='vid1a', noAudio=False, opacity=1.0, ori=0, pos=array([0., 0.]), size=array([1280.,  720.]), units='pix', vframe_callback=UNKNOWN, volume=UNKNOWN, win=Window(...))
289.9101 	EXP 	Created vid1b = MovieStim3(__class__=<class 'psychopy.visual.movie3.MovieStim3'>, autoLog=True, color=UNKNOWN, colorSpace=UNKNOWN, depth=-2.0, filename='stims/wedding-16.1b.mp4', flipHoriz=False, flipVert=False, fps=UNKNOWN, interpolate=True, loop=False, name='vid1b', noAudio=False, opacity=1.0, ori=0, pos=array([0., 0.]), size=array([1280.,  720.]), units='pix', vframe_callback=UNKNOWN, volume=UNKNOWN, win=Window(...))
290.3671 	EXP 	Created vid2 = MovieStim3(__class__=<class 'psychopy.visual.movie3.MovieStim3'>, autoLog=True, color=UNKNOWN, colorSpace=UNKNOWN, depth=-3.0, filename='stims/wedding-16.2b.mp4', flipHoriz=False, flipVert=False, fps=UNKNOWN, interpolate=True, loop=False, name='vid2', noAudio=False, opacity=1.0, ori=0, pos=array([0., 0.]), size=array([1280.,  720.]), units='pix', vframe_callback=UNKNOWN, volume=UNKNOWN, win=Window(...))
290.9025 	EXP 	Created vid3 = MovieStim3(__class__=<class 'psychopy.visual.movie3.MovieStim3'>, autoLog=True, color=UNKNOWN, colorSpace=UNKNOWN, depth=-4.0, filename='stims/wedding-16.3b.mp4', flipHoriz=False, flipVert=False, fps=UNKNOWN, interpolate=True, loop=False, name='vid3', noAudio=False, opacity=1.0, ori=0, pos=array([0., 0.]), size=array([1280.,  720.]), units='pix', vframe_callback=UNKNOWN, volume=UNKNOWN, win=Window(...))
291.4338 	EXP 	Created vid4 = MovieStim3(__class__=<class 'psychopy.visual.movie3.MovieStim3'>, autoLog=True, color=UNKNOWN, colorSpace=UNKNOWN, depth=-5.0, filename='stims/wedding-16.4b.mp4', flipHoriz=False, flipVert=False, fps=UNKNOWN, interpolate=True, loop=False, name='vid4', noAudio=False, opacity=1.0, ori=0, pos=array([0., 0.]), size=array([1280.,  720.]), units='pix', vframe_callback=UNKNOWN, volume=UNKNOWN, win=Window(...))
291.8269 	EXP 	Created vid5 = MovieStim3(__class__=<class 'psychopy.visual.movie3.MovieStim3'>, autoLog=True, color=UNKNOWN, colorSpace=UNKNOWN, depth=-6.0, filename='stims/wedding-16.5.mp4', flipHoriz=False, flipVert=False, fps=UNKNOWN, interpolate=True, loop=False, name='vid5', noAudio=False, opacity=1.0, ori=0, pos=array([0., 0.]), size=array([1280.,  720.]), units='pix', vframe_callback=UNKNOWN, volume=UNKNOWN, win=Window(...))
291.9131 	EXP 	window1: recordFrameIntervals = False
291.9165 	DATA 	Keypress: equal
291.9188 	DATA 	Keypress: equal
291.9311 	EXP 	image_3: autoDraw = False
291.9311 	EXP 	image_3: autoDraw = False
291.9311 	EXP 	vid1a: movie = 'stims/wedding-16.1a.mp4'
291.9311 	EXP 	vid1a: autoLog = True
291.9311 	EXP 	vid1b: movie = 'stims/wedding-16.1b.mp4'
291.9311 	EXP 	vid1b: autoLog = True
291.9311 	EXP 	vid2: movie = 'stims/wedding-16.2b.mp4'
291.9311 	EXP 	vid2: autoLog = True
291.9311 	EXP 	vid3: movie = 'stims/wedding-16.3b.mp4'
291.9311 	EXP 	vid3: autoLog = True
291.9311 	EXP 	vid4: movie = 'stims/wedding-16.4b.mp4'
291.9311 	EXP 	vid4: autoLog = True
291.9311 	EXP 	vid5: movie = 'stims/wedding-16.5.mp4'
291.9311 	EXP 	vid5: autoLog = True
294.5848 	EXP 	window1: recordFrameIntervals = False
296.7010 	DATA 	Keypress: equal
296.7033 	DATA 	Keypress: equal
296.7053 	DATA 	Keypress: equal
296.9144 	EXP 	vid1a: movie = 'stims/wedding-16.1a.mp4'
296.9144 	EXP 	vid1b: movie = 'stims/wedding-16.1b.mp4'
296.9144 	EXP 	vid2: movie = 'stims/wedding-16.2b.mp4'
296.9144 	EXP 	vid3: movie = 'stims/wedding-16.3b.mp4'
296.9144 	EXP 	vid4: movie = 'stims/wedding-16.4b.mp4'
296.9144 	EXP 	vid5: movie = 'stims/wedding-16.5.mp4'
296.9310 	EXP 	vid1a: autoDraw = True
297.6497 	DATA 	Keypress: equal
299.1499 	DATA 	Keypress: equal
300.6495 	DATA 	Keypress: equal
302.1417 	DATA 	Keypress: equal
303.6498 	DATA 	Keypress: equal
305.1498 	DATA 	Keypress: equal
306.6494 	DATA 	Keypress: equal
308.1496 	DATA 	Keypress: equal
309.6495 	DATA 	Keypress: equal
311.1494 	DATA 	Keypress: equal
312.6494 	DATA 	Keypress: equal
312.8475 	EXP 	Set vid1a finished
313.1475 	EXP 	vid1b: autoDraw = True
314.1494 	DATA 	Keypress: equal
315.6494 	DATA 	Keypress: equal
317.1492 	DATA 	Keypress: equal
318.6496 	DATA 	Keypress: equal
320.1493 	DATA 	Keypress: equal
321.1307 	EXP 	vid1b: autoDraw = False
321.1473 	EXP 	vid2: autoDraw = True
321.6494 	DATA 	Keypress: equal
323.1493 	DATA 	Keypress: equal
324.6491 	DATA 	Keypress: equal
326.1770 	DATA 	Keypress: equal
327.6491 	DATA 	Keypress: equal
329.1494 	DATA 	Keypress: equal
330.6492 	DATA 	Keypress: equal
332.1494 	DATA 	Keypress: equal
333.6492 	DATA 	Keypress: equal
335.1493 	DATA 	Keypress: equal
336.6406 	DATA 	Keypress: equal
338.1305 	EXP 	vid2: autoDraw = False
338.1471 	EXP 	vid3: autoDraw = True
338.1490 	DATA 	Keypress: equal
339.6492 	DATA 	Keypress: equal
341.1491 	DATA 	Keypress: equal
342.6490 	DATA 	Keypress: equal
344.1491 	DATA 	Keypress: equal
345.6490 	DATA 	Keypress: equal
347.1400 	DATA 	Keypress: equal
348.6490 	DATA 	Keypress: equal
350.1492 	DATA 	Keypress: equal
351.6490 	DATA 	Keypress: equal
353.1493 	DATA 	Keypress: equal
354.6490 	DATA 	Keypress: equal
356.1396 	DATA 	Keypress: equal
357.6490 	DATA 	Keypress: equal
359.1397 	DATA 	Keypress: equal
360.6658 	DATA 	Keypress: equal
361.1302 	EXP 	vid3: autoDraw = False
361.1468 	EXP 	vid4: autoDraw = True
362.1489 	DATA 	Keypress: equal
363.6488 	DATA 	Keypress: equal
365.1492 	DATA 	Keypress: equal
366.6486 	DATA 	Keypress: equal
368.1488 	DATA 	Keypress: equal
369.6487 	DATA 	Keypress: equal
371.1401 	DATA 	Keypress: equal
372.6400 	DATA 	Keypress: equal
374.1400 	DATA 	Keypress: equal
375.6402 	DATA 	Keypress: equal
377.1398 	DATA 	Keypress: equal
378.6401 	DATA 	Keypress: equal
380.1391 	DATA 	Keypress: equal
381.6394 	DATA 	Keypress: equal
383.1486 	DATA 	Keypress: equal
384.6407 	DATA 	Keypress: equal
385.1299 	EXP 	vid4: autoDraw = False
385.1466 	EXP 	vid5: autoDraw = True
386.1487 	DATA 	Keypress: equal
387.6486 	DATA 	Keypress: equal
389.1488 	DATA 	Keypress: equal
390.6488 	DATA 	Keypress: equal
392.1487 	DATA 	Keypress: equal
393.6486 	DATA 	Keypress: equal
395.1666 	DATA 	Keypress: equal
396.6399 	DATA 	Keypress: equal
397.6965 	EXP 	Set vid5 finished
397.8587 	EXP 	Created sequence: random, trialTypes=1, nReps=1, seed=None
397.8590 	EXP 	New trial (rep=0, index=0): None
398.2733 	EXP 	Created vid1a_q = MovieStim3(__class__=<class 'psychopy.visual.movie3.MovieStim3'>, autoLog=True, color=UNKNOWN, colorSpace=UNKNOWN, depth=-1.0, filename='stims/wedding-16.1a.mp4', flipHoriz=False, flipVert=False, fps=UNKNOWN, interpolate=True, loop=False, name='vid1a_q', noAudio=False, opacity=1.0, ori=0, pos=array([0., 0.]), size=array([1280.,  720.]), units='pix', vframe_callback=UNKNOWN, volume=UNKNOWN, win=Window(...))
398.6475 	EXP 	Created vid1b_q = MovieStim3(__class__=<class 'psychopy.visual.movie3.MovieStim3'>, autoLog=True, color=UNKNOWN, colorSpace=UNKNOWN, depth=-2.0, filename='stims/wedding-16.1b.mp4', flipHoriz=False, flipVert=False, fps=UNKNOWN, interpolate=True, loop=False, name='vid1b_q', noAudio=False, opacity=1.0, ori=0, pos=array([0., 0.]), size=array([1280.,  720.]), units='pix', vframe_callback=UNKNOWN, volume=UNKNOWN, win=Window(...))
399.0930 	EXP 	Created vid2_q = MovieStim3(__class__=<class 'psychopy.visual.movie3.MovieStim3'>, autoLog=True, color=UNKNOWN, colorSpace=UNKNOWN, depth=-3.0, filename='stims/wedding-16.2b.mp4', flipHoriz=False, flipVert=False, fps=UNKNOWN, interpolate=True, loop=False, name='vid2_q', noAudio=False, opacity=1.0, ori=0, pos=array([0., 0.]), size=array([1280.,  720.]), units='pix', vframe_callback=UNKNOWN, volume=UNKNOWN, win=Window(...))
399.6101 	EXP 	Created vid3_q = MovieStim3(__class__=<class 'psychopy.visual.movie3.MovieStim3'>, autoLog=True, color=UNKNOWN, colorSpace=UNKNOWN, depth=-5.0, filename='stims/wedding-16.3b.mp4', flipHoriz=False, flipVert=False, fps=UNKNOWN, interpolate=True, loop=False, name='vid3_q', noAudio=False, opacity=1.0, ori=0, pos=array([0., 0.]), size=array([1280.,  720.]), units='pix', vframe_callback=UNKNOWN, volume=UNKNOWN, win=Window(...))
400.1207 	EXP 	Created vid4_q = MovieStim3(__class__=<class 'psychopy.visual.movie3.MovieStim3'>, autoLog=True, color=UNKNOWN, colorSpace=UNKNOWN, depth=-7.0, filename='stims/wedding-16.4b.mp4', flipHoriz=False, flipVert=False, fps=UNKNOWN, interpolate=True, loop=False, name='vid4_q', noAudio=False, opacity=1.0, ori=0, pos=array([0., 0.]), size=array([1280.,  720.]), units='pix', vframe_callback=UNKNOWN, volume=UNKNOWN, win=Window(...))
400.5040 	EXP 	Created vid5_q = MovieStim3(__class__=<class 'psychopy.visual.movie3.MovieStim3'>, autoLog=True, color=UNKNOWN, colorSpace=UNKNOWN, depth=-8.0, filename='stims/wedding-16.5.mp4', flipHoriz=False, flipVert=False, fps=UNKNOWN, interpolate=True, loop=False, name='vid5_q', noAudio=False, opacity=1.0, ori=0, pos=array([0., 0.]), size=array([1280.,  720.]), units='pix', vframe_callback=UNKNOWN, volume=UNKNOWN, win=Window(...))
400.7527 	EXP 	window1: recordFrameIntervals = False
400.7558 	DATA 	Keypress: equal
400.7580 	DATA 	Keypress: equal
400.7632 	EXP 	vid1a: autoDraw = False
400.7632 	EXP 	vid1b: autoDraw = False
400.7632 	EXP 	vid2: autoDraw = False
400.7632 	EXP 	vid3: autoDraw = False
400.7632 	EXP 	vid4: autoDraw = False
400.7632 	EXP 	vid5: autoDraw = False
400.7632 	EXP 	vid1a_q: movie = 'stims/wedding-16.1a.mp4'
400.7632 	EXP 	vid1a_q: autoLog = True
400.7632 	EXP 	vid1b_q: movie = 'stims/wedding-16.1b.mp4'
400.7632 	EXP 	vid1b_q: autoLog = True
400.7632 	EXP 	vid2_q: movie = 'stims/wedding-16.2b.mp4'
400.7632 	EXP 	vid2_q: autoLog = True
400.7632 	EXP 	vid3_q: movie = 'stims/wedding-16.3b.mp4'
400.7632 	EXP 	vid3_q: autoLog = True
400.7632 	EXP 	vid4_q: movie = 'stims/wedding-16.4b.mp4'
400.7632 	EXP 	vid4_q: autoLog = True
400.7632 	EXP 	vid5_q: movie = 'stims/wedding-16.5.mp4'
400.7632 	EXP 	vid5_q: autoLog = True
400.7632 	EXP 	vid1a_q: autoDraw = False
400.7632 	EXP 	vid1b_q: autoDraw = False
400.7632 	EXP 	vid2_q: autoDraw = False
400.7632 	EXP 	l2q: autoDraw = False
400.7632 	EXP 	vid3_q: autoDraw = False
400.7632 	EXP 	l3q: autoDraw = False
400.7632 	EXP 	vid4_q: autoDraw = False
400.7632 	EXP 	vid5_q: autoDraw = False
400.9354 	EXP 	window1: recordFrameIntervals = False
402.5389 	DATA 	Keypress: equal
402.6376 	DATA 	Keypress: equal
402.7631 	EXP 	eggPainting1: image = 'stimsday1details/painting16.png'
402.7631 	EXP 	eggPainting2: image = 'stimsday1details/newpainting6.png'
402.7631 	EXP 	character1: image = 'stimsday1details/newperson18.png'
402.7631 	EXP 	character2: image = 'stimsday1details/couple16.png'
402.7631 	EXP 	gift1: image = 'stimsday1details/gift16.png'
402.7631 	EXP 	gift2: image = 'stimsday1details/new18.png'
402.7631 	EXP 	themeQ1: image = 'stimsday1details/ct16.png'
402.7631 	EXP 	themeQ2: image = 'stimsday1details/t16.png'
402.7631 	EXP 	nameQ1: image = 'stimsday1details/n16.png'
402.7631 	EXP 	nameQ2: image = 'stimsday1details/cn16.png'
402.7631 	EXP 	nameQ1: autoDraw = True
402.7631 	EXP 	nameQ2: autoDraw = True
403.2648 	DATA 	Keypress: 1
403.2797 	EXP 	nameQ1: autoDraw = False
403.2797 	EXP 	nameQ2: autoDraw = False
403.2797 	EXP 	eggPainting1: autoDraw = True
403.2797 	EXP 	eggPainting2: autoDraw = True
403.7147 	DATA 	Keypress: 1
403.7297 	EXP 	eggPainting1: autoDraw = False
403.7297 	EXP 	eggPainting2: autoDraw = False
403.7297 	EXP 	character1: autoDraw = True
403.7297 	EXP 	character2: autoDraw = True
404.1482 	DATA 	Keypress: equal
404.2644 	DATA 	Keypress: 1
404.2797 	EXP 	character1: autoDraw = False
404.2797 	EXP 	character2: autoDraw = False
404.2797 	EXP 	themeQ1: autoDraw = True
404.2797 	EXP 	themeQ2: autoDraw = True
404.8644 	DATA 	Keypress: 1
404.8797 	EXP 	themeQ1: autoDraw = False
404.8797 	EXP 	themeQ2: autoDraw = False
404.8797 	EXP 	gift1: autoDraw = True
404.8797 	EXP 	gift2: autoDraw = True
405.6483 	DATA 	Keypress: equal
405.7816 	DATA 	Keypress: 1
405.7963 	EXP 	gift1: autoDraw = False
405.7963 	EXP 	gift2: autoDraw = False
405.7963 	EXP 	northorsouth1: autoDraw = True
405.7963 	EXP 	northorsouth2: autoDraw = True
406.5645 	DATA 	Keypress: 2
406.8055 	EXP 	New trial (rep=0, index=3): OrderedDict([('condsFile', 'videoBlock_schemaN_pathA_6.csv')])
406.8183 	EXP 	Imported videoBlock_schemaN_pathA_6.csv as conditions, 1 conditions, 17 params
406.8188 	EXP 	Created sequence: random, trialTypes=1, nReps=1, seed=None
406.8195 	EXP 	New trial (rep=0, index=0): OrderedDict([('northOrSouth', 'north.png'), ('stimFile1a', 'stims/wedding-40.1a.mp4'), ('stimFile1b', 'stims/wedding-40.1b.mp4'), ('stimFile2', 'stims/wedding-40.2a.mp4'), ('stimFile3', 'stims/wedding-40.3a.mp4'), ('stimFile4', 'stims/wedding-40.4a.mp4'), ('stimFile5', 'stims/wedding-40.5.mp4'), ('QeggPainting1', 'stimsday1details/newegg6.png'), ('Qcharacter1', 'stimsday1details/newperson6.png'), ('Qgift1', 'stimsday1details/new6.png'), ('QeggPainting2', 'stimsday1details/egg40.png'), ('Qcharacter2', 'stimsday1details/couple40.png'), ('Qgift2', 'stimsday1details/gift40.png'), ('Qname1', 'stimsday1details/n40.png'), ('Qtheme1', 'stimsday1details/t40.png'), ('Qname2', 'stimsday1details/cn40.png'), ('Qtheme2', 'stimsday1details/ct40.png')])
406.8297 	EXP 	northorsouth1: autoDraw = False
406.8297 	EXP 	northorsouth2: autoDraw = False
406.8297 	EXP 	image_3: autoDraw = True
407.1480 	DATA 	Keypress: equal
408.6480 	DATA 	Keypress: equal
408.8141 	EXP 	Created sequence: random, trialTypes=1, nReps=1, seed=None
408.8146 	EXP 	New trial (rep=0, index=0): None
409.2361 	EXP 	Created vid1a = MovieStim3(__class__=<class 'psychopy.visual.movie3.MovieStim3'>, autoLog=True, color=UNKNOWN, colorSpace=UNKNOWN, depth=-1.0, filename='stims/wedding-40.1a.mp4', flipHoriz=False, flipVert=False, fps=UNKNOWN, interpolate=True, loop=False, name='vid1a', noAudio=False, opacity=1.0, ori=0, pos=array([0., 0.]), size=array([1280.,  720.]), units='pix', vframe_callback=UNKNOWN, volume=UNKNOWN, win=Window(...))
409.5703 	EXP 	Created vid1b = MovieStim3(__class__=<class 'psychopy.visual.movie3.MovieStim3'>, autoLog=True, color=UNKNOWN, colorSpace=UNKNOWN, depth=-2.0, filename='stims/wedding-40.1b.mp4', flipHoriz=False, flipVert=False, fps=UNKNOWN, interpolate=True, loop=False, name='vid1b', noAudio=False, opacity=1.0, ori=0, pos=array([0., 0.]), size=array([1280.,  720.]), units='pix', vframe_callback=UNKNOWN, volume=UNKNOWN, win=Window(...))
410.0294 	EXP 	Created vid2 = MovieStim3(__class__=<class 'psychopy.visual.movie3.MovieStim3'>, autoLog=True, color=UNKNOWN, colorSpace=UNKNOWN, depth=-3.0, filename='stims/wedding-40.2a.mp4', flipHoriz=False, flipVert=False, fps=UNKNOWN, interpolate=True, loop=False, name='vid2', noAudio=False, opacity=1.0, ori=0, pos=array([0., 0.]), size=array([1280.,  720.]), units='pix', vframe_callback=UNKNOWN, volume=UNKNOWN, win=Window(...))
410.4959 	EXP 	Created vid3 = MovieStim3(__class__=<class 'psychopy.visual.movie3.MovieStim3'>, autoLog=True, color=UNKNOWN, colorSpace=UNKNOWN, depth=-4.0, filename='stims/wedding-40.3a.mp4', flipHoriz=False, flipVert=False, fps=UNKNOWN, interpolate=True, loop=False, name='vid3', noAudio=False, opacity=1.0, ori=0, pos=array([0., 0.]), size=array([1280.,  720.]), units='pix', vframe_callback=UNKNOWN, volume=UNKNOWN, win=Window(...))
410.9753 	EXP 	Created vid4 = MovieStim3(__class__=<class 'psychopy.visual.movie3.MovieStim3'>, autoLog=True, color=UNKNOWN, colorSpace=UNKNOWN, depth=-5.0, filename='stims/wedding-40.4a.mp4', flipHoriz=False, flipVert=False, fps=UNKNOWN, interpolate=True, loop=False, name='vid4', noAudio=False, opacity=1.0, ori=0, pos=array([0., 0.]), size=array([1280.,  720.]), units='pix', vframe_callback=UNKNOWN, volume=UNKNOWN, win=Window(...))
411.3817 	EXP 	Created vid5 = MovieStim3(__class__=<class 'psychopy.visual.movie3.MovieStim3'>, autoLog=True, color=UNKNOWN, colorSpace=UNKNOWN, depth=-6.0, filename='stims/wedding-40.5.mp4', flipHoriz=False, flipVert=False, fps=UNKNOWN, interpolate=True, loop=False, name='vid5', noAudio=False, opacity=1.0, ori=0, pos=array([0., 0.]), size=array([1280.,  720.]), units='pix', vframe_callback=UNKNOWN, volume=UNKNOWN, win=Window(...))
411.4842 	EXP 	window1: recordFrameIntervals = False
411.4877 	DATA 	Keypress: equal
411.5000 	EXP 	image_3: autoDraw = False
411.5000 	EXP 	image_3: autoDraw = False
411.5000 	EXP 	vid1a: movie = 'stims/wedding-40.1a.mp4'
411.5000 	EXP 	vid1a: autoLog = True
411.5000 	EXP 	vid1b: movie = 'stims/wedding-40.1b.mp4'
411.5000 	EXP 	vid1b: autoLog = True
411.5000 	EXP 	vid2: movie = 'stims/wedding-40.2a.mp4'
411.5000 	EXP 	vid2: autoLog = True
411.5000 	EXP 	vid3: movie = 'stims/wedding-40.3a.mp4'
411.5000 	EXP 	vid3: autoLog = True
411.5000 	EXP 	vid4: movie = 'stims/wedding-40.4a.mp4'
411.5000 	EXP 	vid4: autoLog = True
411.5000 	EXP 	vid5: movie = 'stims/wedding-40.5.mp4'
411.5000 	EXP 	vid5: autoLog = True
414.0281 	EXP 	window1: recordFrameIntervals = False
416.2727 	DATA 	Keypress: equal
416.2749 	DATA 	Keypress: equal
416.2769 	DATA 	Keypress: equal
416.2790 	DATA 	Keypress: equal
416.4800 	EXP 	vid1a: movie = 'stims/wedding-40.1a.mp4'
416.4800 	EXP 	vid1b: movie = 'stims/wedding-40.1b.mp4'
416.4800 	EXP 	vid2: movie = 'stims/wedding-40.2a.mp4'
416.4800 	EXP 	vid3: movie = 'stims/wedding-40.3a.mp4'
416.4800 	EXP 	vid4: movie = 'stims/wedding-40.4a.mp4'
416.4800 	EXP 	vid5: movie = 'stims/wedding-40.5.mp4'
416.5009 	EXP 	vid1a: autoDraw = True
417.6376 	DATA 	Keypress: equal
419.1391 	DATA 	Keypress: equal
420.6374 	DATA 	Keypress: equal
422.1391 	DATA 	Keypress: equal
423.6370 	DATA 	Keypress: equal
425.1480 	DATA 	Keypress: equal
426.6478 	DATA 	Keypress: equal
428.1480 	DATA 	Keypress: equal
429.6482 	DATA 	Keypress: equal
431.1479 	DATA 	Keypress: equal
432.6482 	DATA 	Keypress: equal
432.8293 	EXP 	vid1a: autoDraw = False
432.8460 	EXP 	vid1b: autoDraw = True
434.1480 	DATA 	Keypress: equal
435.6480 	DATA 	Keypress: equal
437.1479 	DATA 	Keypress: equal
438.6479 	DATA 	Keypress: equal
440.1478 	DATA 	Keypress: equal
440.6126 	EXP 	Set vid1b finished
440.8458 	EXP 	vid2: autoDraw = True
441.6480 	DATA 	Keypress: equal
443.1480 	DATA 	Keypress: equal
444.6479 	DATA 	Keypress: equal
446.1480 	DATA 	Keypress: equal
447.6476 	DATA 	Keypress: equal
449.1477 	DATA 	Keypress: equal
450.6377 	DATA 	Keypress: equal
452.1372 	DATA 	Keypress: equal
453.6392 	DATA 	Keypress: equal
455.1479 	DATA 	Keypress: equal
456.6381 	DATA 	Keypress: equal
457.5291 	EXP 	Set vid2 finished
457.8457 	EXP 	vid3: autoDraw = True
458.1476 	DATA 	Keypress: equal
459.6479 	DATA 	Keypress: equal
461.1476 	DATA 	Keypress: equal
462.6479 	DATA 	Keypress: equal
464.1474 	DATA 	Keypress: equal
465.6475 	DATA 	Keypress: equal
467.1382 	DATA 	Keypress: equal
468.6391 	DATA 	Keypress: equal
470.1381 	DATA 	Keypress: equal
471.6386 	DATA 	Keypress: equal
473.1378 	DATA 	Keypress: equal
474.6359 	DATA 	Keypress: equal
476.1385 	DATA 	Keypress: equal
477.6354 	DATA 	Keypress: equal
479.1378 	DATA 	Keypress: equal
480.6367 	DATA 	Keypress: equal
480.8287 	EXP 	vid3: autoDraw = False
480.8454 	EXP 	vid4: autoDraw = True
482.1472 	DATA 	Keypress: equal
483.6475 	DATA 	Keypress: equal
485.1475 	DATA 	Keypress: equal
486.6473 	DATA 	Keypress: equal
488.1472 	DATA 	Keypress: equal
489.6376 	DATA 	Keypress: equal
491.1370 	DATA 	Keypress: equal
492.6384 	DATA 	Keypress: equal
494.1382 	DATA 	Keypress: equal
495.6387 	DATA 	Keypress: equal
497.1381 	DATA 	Keypress: equal
498.6389 	DATA 	Keypress: equal
500.1380 	DATA 	Keypress: equal
501.6388 	DATA 	Keypress: equal
503.1369 	DATA 	Keypress: equal
504.6380 	DATA 	Keypress: equal
504.6952 	EXP 	Set vid4 finished
504.8451 	EXP 	vid5: autoDraw = True
506.1470 	DATA 	Keypress: equal
507.6471 	DATA 	Keypress: equal
509.1473 	DATA 	Keypress: equal
510.6469 	DATA 	Keypress: equal
512.1470 	DATA 	Keypress: equal
513.6377 	DATA 	Keypress: equal
515.1353 	DATA 	Keypress: equal
516.6372 	DATA 	Keypress: equal
518.0048 	EXP 	Created sequence: random, trialTypes=1, nReps=1, seed=None
518.0051 	EXP 	New trial (rep=0, index=0): None
518.4199 	EXP 	Created vid1a_q = MovieStim3(__class__=<class 'psychopy.visual.movie3.MovieStim3'>, autoLog=True, color=UNKNOWN, colorSpace=UNKNOWN, depth=-1.0, filename='stims/wedding-40.1a.mp4', flipHoriz=False, flipVert=False, fps=UNKNOWN, interpolate=True, loop=False, name='vid1a_q', noAudio=False, opacity=1.0, ori=0, pos=array([0., 0.]), size=array([1280.,  720.]), units='pix', vframe_callback=UNKNOWN, volume=UNKNOWN, win=Window(...))
518.7487 	EXP 	Created vid1b_q = MovieStim3(__class__=<class 'psychopy.visual.movie3.MovieStim3'>, autoLog=True, color=UNKNOWN, colorSpace=UNKNOWN, depth=-2.0, filename='stims/wedding-40.1b.mp4', flipHoriz=False, flipVert=False, fps=UNKNOWN, interpolate=True, loop=False, name='vid1b_q', noAudio=False, opacity=1.0, ori=0, pos=array([0., 0.]), size=array([1280.,  720.]), units='pix', vframe_callback=UNKNOWN, volume=UNKNOWN, win=Window(...))
519.1964 	EXP 	Created vid2_q = MovieStim3(__class__=<class 'psychopy.visual.movie3.MovieStim3'>, autoLog=True, color=UNKNOWN, colorSpace=UNKNOWN, depth=-3.0, filename='stims/wedding-40.2a.mp4', flipHoriz=False, flipVert=False, fps=UNKNOWN, interpolate=True, loop=False, name='vid2_q', noAudio=False, opacity=1.0, ori=0, pos=array([0., 0.]), size=array([1280.,  720.]), units='pix', vframe_callback=UNKNOWN, volume=UNKNOWN, win=Window(...))
519.6560 	EXP 	Created vid3_q = MovieStim3(__class__=<class 'psychopy.visual.movie3.MovieStim3'>, autoLog=True, color=UNKNOWN, colorSpace=UNKNOWN, depth=-5.0, filename='stims/wedding-40.3a.mp4', flipHoriz=False, flipVert=False, fps=UNKNOWN, interpolate=True, loop=False, name='vid3_q', noAudio=False, opacity=1.0, ori=0, pos=array([0., 0.]), size=array([1280.,  720.]), units='pix', vframe_callback=UNKNOWN, volume=UNKNOWN, win=Window(...))
520.1251 	EXP 	Created vid4_q = MovieStim3(__class__=<class 'psychopy.visual.movie3.MovieStim3'>, autoLog=True, color=UNKNOWN, colorSpace=UNKNOWN, depth=-7.0, filename='stims/wedding-40.4a.mp4', flipHoriz=False, flipVert=False, fps=UNKNOWN, interpolate=True, loop=False, name='vid4_q', noAudio=False, opacity=1.0, ori=0, pos=array([0., 0.]), size=array([1280.,  720.]), units='pix', vframe_callback=UNKNOWN, volume=UNKNOWN, win=Window(...))
520.5216 	EXP 	Created vid5_q = MovieStim3(__class__=<class 'psychopy.visual.movie3.MovieStim3'>, autoLog=True, color=UNKNOWN, colorSpace=UNKNOWN, depth=-8.0, filename='stims/wedding-40.5.mp4', flipHoriz=False, flipVert=False, fps=UNKNOWN, interpolate=True, loop=False, name='vid5_q', noAudio=False, opacity=1.0, ori=0, pos=array([0., 0.]), size=array([1280.,  720.]), units='pix', vframe_callback=UNKNOWN, volume=UNKNOWN, win=Window(...))
520.7995 	EXP 	window1: recordFrameIntervals = False
520.8027 	DATA 	Keypress: equal
520.8051 	DATA 	Keypress: equal
520.8164 	EXP 	vid5: autoDraw = False
520.8164 	EXP 	vid1a: autoDraw = False
520.8164 	EXP 	vid1b: autoDraw = False
520.8164 	EXP 	vid2: autoDraw = False
520.8164 	EXP 	vid3: autoDraw = False
520.8164 	EXP 	vid4: autoDraw = False
520.8164 	EXP 	vid5: autoDraw = False
520.8164 	EXP 	vid1a_q: movie = 'stims/wedding-40.1a.mp4'
520.8164 	EXP 	vid1a_q: autoLog = True
520.8164 	EXP 	vid1b_q: movie = 'stims/wedding-40.1b.mp4'
520.8164 	EXP 	vid1b_q: autoLog = True
520.8164 	EXP 	vid2_q: movie = 'stims/wedding-40.2a.mp4'
520.8164 	EXP 	vid2_q: autoLog = True
520.8164 	EXP 	vid3_q: movie = 'stims/wedding-40.3a.mp4'
520.8164 	EXP 	vid3_q: autoLog = True
520.8164 	EXP 	vid4_q: movie = 'stims/wedding-40.4a.mp4'
520.8164 	EXP 	vid4_q: autoLog = True
520.8164 	EXP 	vid5_q: movie = 'stims/wedding-40.5.mp4'
520.8164 	EXP 	vid5_q: autoLog = True
520.8164 	EXP 	vid1a_q: autoDraw = False
520.8164 	EXP 	vid1b_q: autoDraw = False
520.8164 	EXP 	vid2_q: autoDraw = False
520.8164 	EXP 	l2q: autoDraw = False
520.8164 	EXP 	vid3_q: autoDraw = False
520.8164 	EXP 	l3q: autoDraw = False
520.8164 	EXP 	vid4_q: autoDraw = False
520.8164 	EXP 	vid5_q: autoDraw = False
521.0061 	EXP 	window1: recordFrameIntervals = False
522.5862 	DATA 	Keypress: equal
522.6324 	DATA 	Keypress: equal
522.8116 	EXP 	eggPainting1: image = 'stimsday1details/newegg6.png'
522.8116 	EXP 	eggPainting2: image = 'stimsday1details/egg40.png'
522.8116 	EXP 	character1: image = 'stimsday1details/newperson6.png'
522.8116 	EXP 	character2: image = 'stimsday1details/couple40.png'
522.8116 	EXP 	gift1: image = 'stimsday1details/new6.png'
522.8116 	EXP 	gift2: image = 'stimsday1details/gift40.png'
522.8116 	EXP 	themeQ1: image = 'stimsday1details/t40.png'
522.8116 	EXP 	themeQ2: image = 'stimsday1details/ct40.png'
522.8116 	EXP 	nameQ1: image = 'stimsday1details/n40.png'
522.8116 	EXP 	nameQ2: image = 'stimsday1details/cn40.png'
522.8116 	EXP 	nameQ1: autoDraw = True
522.8116 	EXP 	nameQ2: autoDraw = True
523.3466 	DATA 	Keypress: 1
523.3615 	EXP 	nameQ1: autoDraw = False
523.3615 	EXP 	nameQ2: autoDraw = False
523.3615 	EXP 	eggPainting1: autoDraw = True
523.3615 	EXP 	eggPainting2: autoDraw = True
524.0298 	DATA 	Keypress: 2
524.0449 	EXP 	eggPainting1: autoDraw = False
524.0449 	EXP 	eggPainting2: autoDraw = False
524.0449 	EXP 	character1: autoDraw = True
524.0449 	EXP 	character2: autoDraw = True
524.1465 	DATA 	Keypress: equal
525.0464 	DATA 	Keypress: 2
525.0615 	EXP 	character1: autoDraw = False
525.0615 	EXP 	character2: autoDraw = False
525.0615 	EXP 	themeQ1: autoDraw = True
525.0615 	EXP 	themeQ2: autoDraw = True
525.6464 	DATA 	Keypress: equal
525.8135 	DATA 	Keypress: 1
525.8282 	EXP 	themeQ1: autoDraw = False
525.8282 	EXP 	themeQ2: autoDraw = False
525.8282 	EXP 	gift1: autoDraw = True
525.8282 	EXP 	gift2: autoDraw = True
526.5298 	DATA 	Keypress: 2
526.5448 	EXP 	gift1: autoDraw = False
526.5448 	EXP 	gift2: autoDraw = False
526.5448 	EXP 	northorsouth1: autoDraw = True
526.5448 	EXP 	northorsouth2: autoDraw = True
527.1463 	DATA 	Keypress: equal
527.2129 	DATA 	Keypress: 1
527.4821 	EXP 	New trial (rep=0, index=4): OrderedDict([('condsFile', 'videoBlock_schemaN_pathA_5.csv')])
527.4953 	EXP 	Imported videoBlock_schemaN_pathA_5.csv as conditions, 1 conditions, 17 params
527.4958 	EXP 	Created sequence: random, trialTypes=1, nReps=1, seed=None
527.4965 	EXP 	New trial (rep=0, index=0): OrderedDict([('northOrSouth', 'north.png'), ('stimFile1a', 'stims/wedding-15.1a.mp4'), ('stimFile1b', 'stims/wedding-15.1b.mp4'), ('stimFile2', 'stims/wedding-15.2a.mp4'), ('stimFile3', 'stims/wedding-15.3a.mp4'), ('stimFile4', 'stims/wedding-15.4a.mp4'), ('stimFile5', 'stims/wedding-15.5.mp4'), ('QeggPainting1', 'stimsday1details/egg15.png'), ('Qcharacter1', 'stimsday1details/couple15.png'), ('Qgift1', 'stimsday1details/gift15.png'), ('QeggPainting2', 'stimsday1details/newegg5.png'), ('Qcharacter2', 'stimsday1details/newperson5.png'), ('Qgift2', 'stimsday1details/new5.png'), ('Qname1', 'stimsday1details/n15.png'), ('Qtheme1', 'stimsday1details/t15.png'), ('Qname2', 'stimsday1details/cn15.png'), ('Qtheme2', 'stimsday1details/ct15.png')])
527.5115 	EXP 	northorsouth1: autoDraw = False
527.5115 	EXP 	northorsouth2: autoDraw = False
527.5115 	EXP 	image_3: autoDraw = True
528.6466 	DATA 	Keypress: equal
529.4960 	EXP 	Created sequence: random, trialTypes=1, nReps=1, seed=None
529.4963 	EXP 	New trial (rep=0, index=0): None
529.9314 	EXP 	Created vid1a = MovieStim3(__class__=<class 'psychopy.visual.movie3.MovieStim3'>, autoLog=True, color=UNKNOWN, colorSpace=UNKNOWN, depth=-1.0, filename='stims/wedding-15.1a.mp4', flipHoriz=False, flipVert=False, fps=UNKNOWN, interpolate=True, loop=False, name='vid1a', noAudio=False, opacity=1.0, ori=0, pos=array([0., 0.]), size=array([1280.,  720.]), units='pix', vframe_callback=UNKNOWN, volume=UNKNOWN, win=Window(...))
530.3186 	EXP 	Created vid1b = MovieStim3(__class__=<class 'psychopy.visual.movie3.MovieStim3'>, autoLog=True, color=UNKNOWN, colorSpace=UNKNOWN, depth=-2.0, filename='stims/wedding-15.1b.mp4', flipHoriz=False, flipVert=False, fps=UNKNOWN, interpolate=True, loop=False, name='vid1b', noAudio=False, opacity=1.0, ori=0, pos=array([0., 0.]), size=array([1280.,  720.]), units='pix', vframe_callback=UNKNOWN, volume=UNKNOWN, win=Window(...))
530.8020 	EXP 	Created vid2 = MovieStim3(__class__=<class 'psychopy.visual.movie3.MovieStim3'>, autoLog=True, color=UNKNOWN, colorSpace=UNKNOWN, depth=-3.0, filename='stims/wedding-15.2a.mp4', flipHoriz=False, flipVert=False, fps=UNKNOWN, interpolate=True, loop=False, name='vid2', noAudio=False, opacity=1.0, ori=0, pos=array([0., 0.]), size=array([1280.,  720.]), units='pix', vframe_callback=UNKNOWN, volume=UNKNOWN, win=Window(...))
531.2677 	EXP 	Created vid3 = MovieStim3(__class__=<class 'psychopy.visual.movie3.MovieStim3'>, autoLog=True, color=UNKNOWN, colorSpace=UNKNOWN, depth=-4.0, filename='stims/wedding-15.3a.mp4', flipHoriz=False, flipVert=False, fps=UNKNOWN, interpolate=True, loop=False, name='vid3', noAudio=False, opacity=1.0, ori=0, pos=array([0., 0.]), size=array([1280.,  720.]), units='pix', vframe_callback=UNKNOWN, volume=UNKNOWN, win=Window(...))
531.8200 	EXP 	Created vid4 = MovieStim3(__class__=<class 'psychopy.visual.movie3.MovieStim3'>, autoLog=True, color=UNKNOWN, colorSpace=UNKNOWN, depth=-5.0, filename='stims/wedding-15.4a.mp4', flipHoriz=False, flipVert=False, fps=UNKNOWN, interpolate=True, loop=False, name='vid4', noAudio=False, opacity=1.0, ori=0, pos=array([0., 0.]), size=array([1280.,  720.]), units='pix', vframe_callback=UNKNOWN, volume=UNKNOWN, win=Window(...))
532.2345 	EXP 	Created vid5 = MovieStim3(__class__=<class 'psychopy.visual.movie3.MovieStim3'>, autoLog=True, color=UNKNOWN, colorSpace=UNKNOWN, depth=-6.0, filename='stims/wedding-15.5.mp4', flipHoriz=False, flipVert=False, fps=UNKNOWN, interpolate=True, loop=False, name='vid5', noAudio=False, opacity=1.0, ori=0, pos=array([0., 0.]), size=array([1280.,  720.]), units='pix', vframe_callback=UNKNOWN, volume=UNKNOWN, win=Window(...))
532.3014 	EXP 	window1: recordFrameIntervals = False
532.3049 	DATA 	Keypress: equal
532.3077 	DATA 	Keypress: equal
532.3281 	EXP 	image_3: autoDraw = False
532.3281 	EXP 	image_3: autoDraw = False
532.3281 	EXP 	vid1a: movie = 'stims/wedding-15.1a.mp4'
532.3281 	EXP 	vid1a: autoLog = True
532.3281 	EXP 	vid1b: movie = 'stims/wedding-15.1b.mp4'
532.3281 	EXP 	vid1b: autoLog = True
532.3281 	EXP 	vid2: movie = 'stims/wedding-15.2a.mp4'
532.3281 	EXP 	vid2: autoLog = True
532.3281 	EXP 	vid3: movie = 'stims/wedding-15.3a.mp4'
532.3281 	EXP 	vid3: autoLog = True
532.3281 	EXP 	vid4: movie = 'stims/wedding-15.4a.mp4'
532.3281 	EXP 	vid4: autoLog = True
532.3281 	EXP 	vid5: movie = 'stims/wedding-15.5.mp4'
532.3281 	EXP 	vid5: autoLog = True
535.0012 	EXP 	window1: recordFrameIntervals = False
537.0895 	DATA 	Keypress: equal
537.0968 	DATA 	Keypress: equal
537.0991 	DATA 	Keypress: equal
537.2968 	EXP 	vid1a: movie = 'stims/wedding-15.1a.mp4'
537.2968 	EXP 	vid1b: movie = 'stims/wedding-15.1b.mp4'
537.2968 	EXP 	vid2: movie = 'stims/wedding-15.2a.mp4'
537.2968 	EXP 	vid3: movie = 'stims/wedding-15.3a.mp4'
537.2968 	EXP 	vid4: movie = 'stims/wedding-15.4a.mp4'
537.2968 	EXP 	vid5: movie = 'stims/wedding-15.5.mp4'
537.3114 	EXP 	vid1a: autoDraw = True
537.6469 	DATA 	Keypress: equal
539.1465 	DATA 	Keypress: equal
540.6465 	DATA 	Keypress: equal
542.1464 	DATA 	Keypress: equal
543.6370 	DATA 	Keypress: equal
545.1382 	DATA 	Keypress: equal
546.6358 	DATA 	Keypress: equal
548.1374 	DATA 	Keypress: equal
549.6326 	DATA 	Keypress: equal
551.1377 	DATA 	Keypress: equal
552.6373 	DATA 	Keypress: equal
553.5112 	EXP 	vid1a: autoDraw = False
553.5278 	EXP 	vid1b: autoDraw = True
554.1384 	DATA 	Keypress: equal
555.6381 	DATA 	Keypress: equal
557.1379 	DATA 	Keypress: equal
558.6378 	DATA 	Keypress: equal
560.1376 	DATA 	Keypress: equal
561.5111 	EXP 	vid1b: autoDraw = False
561.5277 	EXP 	vid2: autoDraw = True
561.6382 	DATA 	Keypress: equal
563.1377 	DATA 	Keypress: equal
564.6380 	DATA 	Keypress: equal
566.1373 	DATA 	Keypress: equal
567.6379 	DATA 	Keypress: equal
569.1368 	DATA 	Keypress: equal
570.6462 	DATA 	Keypress: equal
572.1464 	DATA 	Keypress: equal
573.6463 	DATA 	Keypress: equal
575.1462 	DATA 	Keypress: equal
576.6460 	DATA 	Keypress: equal
578.1462 	DATA 	Keypress: equal
578.4442 	EXP 	Set vid2 finished
578.5275 	EXP 	vid3: autoDraw = True
579.6379 	DATA 	Keypress: equal
581.1359 	DATA 	Keypress: equal
582.6376 	DATA 	Keypress: equal
584.1372 	DATA 	Keypress: equal
585.6380 	DATA 	Keypress: equal
587.1370 	DATA 	Keypress: equal
588.6302 	DATA 	Keypress: equal
590.1300 	DATA 	Keypress: equal
591.6302 	DATA 	Keypress: equal
593.1297 	DATA 	Keypress: equal
594.6297 	DATA 	Keypress: equal
596.1300 	DATA 	Keypress: equal
597.6300 	DATA 	Keypress: equal
599.1296 	DATA 	Keypress: equal
600.6300 	DATA 	Keypress: equal
601.5106 	EXP 	vid3: autoDraw = False
601.5272 	EXP 	vid4: autoDraw = True
602.1372 	DATA 	Keypress: equal
603.6371 	DATA 	Keypress: equal
605.1372 	DATA 	Keypress: equal
606.6351 	DATA 	Keypress: equal
608.1365 	DATA 	Keypress: equal
609.6362 	DATA 	Keypress: equal
611.1456 	DATA 	Keypress: equal
612.6292 	DATA 	Keypress: equal
614.1291 	DATA 	Keypress: equal
615.6290 	DATA 	Keypress: equal
617.1291 	DATA 	Keypress: equal
618.6576 	DATA 	Keypress: equal
620.1291 	DATA 	Keypress: equal
621.6290 	DATA 	Keypress: equal
623.1289 	DATA 	Keypress: equal
624.6291 	DATA 	Keypress: equal
625.5103 	EXP 	vid4: autoDraw = False
625.5270 	EXP 	vid5: autoDraw = True
626.1291 	DATA 	Keypress: equal
627.6290 	DATA 	Keypress: equal
629.1287 	DATA 	Keypress: equal
630.6288 	DATA 	Keypress: equal
632.1288 	DATA 	Keypress: equal
633.6287 	DATA 	Keypress: equal
635.1290 	DATA 	Keypress: equal
636.6287 	DATA 	Keypress: equal
638.1288 	DATA 	Keypress: equal
638.7012 	EXP 	Created sequence: random, trialTypes=1, nReps=1, seed=None
638.7016 	EXP 	New trial (rep=0, index=0): None
639.1219 	EXP 	Created vid1a_q = MovieStim3(__class__=<class 'psychopy.visual.movie3.MovieStim3'>, autoLog=True, color=UNKNOWN, colorSpace=UNKNOWN, depth=-1.0, filename='stims/wedding-15.1a.mp4', flipHoriz=False, flipVert=False, fps=UNKNOWN, interpolate=True, loop=False, name='vid1a_q', noAudio=False, opacity=1.0, ori=0, pos=array([0., 0.]), size=array([1280.,  720.]), units='pix', vframe_callback=UNKNOWN, volume=UNKNOWN, win=Window(...))
639.4967 	EXP 	Created vid1b_q = MovieStim3(__class__=<class 'psychopy.visual.movie3.MovieStim3'>, autoLog=True, color=UNKNOWN, colorSpace=UNKNOWN, depth=-2.0, filename='stims/wedding-15.1b.mp4', flipHoriz=False, flipVert=False, fps=UNKNOWN, interpolate=True, loop=False, name='vid1b_q', noAudio=False, opacity=1.0, ori=0, pos=array([0., 0.]), size=array([1280.,  720.]), units='pix', vframe_callback=UNKNOWN, volume=UNKNOWN, win=Window(...))
639.9701 	EXP 	Created vid2_q = MovieStim3(__class__=<class 'psychopy.visual.movie3.MovieStim3'>, autoLog=True, color=UNKNOWN, colorSpace=UNKNOWN, depth=-3.0, filename='stims/wedding-15.2a.mp4', flipHoriz=False, flipVert=False, fps=UNKNOWN, interpolate=True, loop=False, name='vid2_q', noAudio=False, opacity=1.0, ori=0, pos=array([0., 0.]), size=array([1280.,  720.]), units='pix', vframe_callback=UNKNOWN, volume=UNKNOWN, win=Window(...))
640.4350 	EXP 	Created vid3_q = MovieStim3(__class__=<class 'psychopy.visual.movie3.MovieStim3'>, autoLog=True, color=UNKNOWN, colorSpace=UNKNOWN, depth=-5.0, filename='stims/wedding-15.3a.mp4', flipHoriz=False, flipVert=False, fps=UNKNOWN, interpolate=True, loop=False, name='vid3_q', noAudio=False, opacity=1.0, ori=0, pos=array([0., 0.]), size=array([1280.,  720.]), units='pix', vframe_callback=UNKNOWN, volume=UNKNOWN, win=Window(...))
640.9669 	EXP 	Created vid4_q = MovieStim3(__class__=<class 'psychopy.visual.movie3.MovieStim3'>, autoLog=True, color=UNKNOWN, colorSpace=UNKNOWN, depth=-7.0, filename='stims/wedding-15.4a.mp4', flipHoriz=False, flipVert=False, fps=UNKNOWN, interpolate=True, loop=False, name='vid4_q', noAudio=False, opacity=1.0, ori=0, pos=array([0., 0.]), size=array([1280.,  720.]), units='pix', vframe_callback=UNKNOWN, volume=UNKNOWN, win=Window(...))
641.3686 	EXP 	Created vid5_q = MovieStim3(__class__=<class 'psychopy.visual.movie3.MovieStim3'>, autoLog=True, color=UNKNOWN, colorSpace=UNKNOWN, depth=-8.0, filename='stims/wedding-15.5.mp4', flipHoriz=False, flipVert=False, fps=UNKNOWN, interpolate=True, loop=False, name='vid5_q', noAudio=False, opacity=1.0, ori=0, pos=array([0., 0.]), size=array([1280.,  720.]), units='pix', vframe_callback=UNKNOWN, volume=UNKNOWN, win=Window(...))
641.6834 	EXP 	window1: recordFrameIntervals = False
641.6866 	DATA 	Keypress: equal
641.6890 	DATA 	Keypress: equal
641.6936 	EXP 	vid5: autoDraw = False
641.6936 	EXP 	vid1a: autoDraw = False
641.6936 	EXP 	vid1b: autoDraw = False
641.6936 	EXP 	vid2: autoDraw = False
641.6936 	EXP 	vid3: autoDraw = False
641.6936 	EXP 	vid4: autoDraw = False
641.6936 	EXP 	vid5: autoDraw = False
641.6936 	EXP 	vid1a_q: movie = 'stims/wedding-15.1a.mp4'
641.6936 	EXP 	vid1a_q: autoLog = True
641.6936 	EXP 	vid1b_q: movie = 'stims/wedding-15.1b.mp4'
641.6936 	EXP 	vid1b_q: autoLog = True
641.6936 	EXP 	vid2_q: movie = 'stims/wedding-15.2a.mp4'
641.6936 	EXP 	vid2_q: autoLog = True
641.6936 	EXP 	vid3_q: movie = 'stims/wedding-15.3a.mp4'
641.6936 	EXP 	vid3_q: autoLog = True
641.6936 	EXP 	vid4_q: movie = 'stims/wedding-15.4a.mp4'
641.6936 	EXP 	vid4_q: autoLog = True
641.6936 	EXP 	vid5_q: movie = 'stims/wedding-15.5.mp4'
641.6936 	EXP 	vid5_q: autoLog = True
641.6936 	EXP 	vid1a_q: autoDraw = False
641.6936 	EXP 	vid1b_q: autoDraw = False
641.6936 	EXP 	vid2_q: autoDraw = False
641.6936 	EXP 	l2q: autoDraw = False
641.6936 	EXP 	vid3_q: autoDraw = False
641.6936 	EXP 	l3q: autoDraw = False
641.6936 	EXP 	vid4_q: autoDraw = False
641.6936 	EXP 	vid5_q: autoDraw = False
641.8992 	EXP 	window1: recordFrameIntervals = False
643.4692 	DATA 	Keypress: equal
643.6934 	EXP 	eggPainting1: image = 'stimsday1details/egg15.png'
643.6934 	EXP 	eggPainting2: image = 'stimsday1details/newegg5.png'
643.6934 	EXP 	character1: image = 'stimsday1details/couple15.png'
643.6934 	EXP 	character2: image = 'stimsday1details/newperson5.png'
643.6934 	EXP 	gift1: image = 'stimsday1details/gift15.png'
643.6934 	EXP 	gift2: image = 'stimsday1details/new5.png'
643.6934 	EXP 	themeQ1: image = 'stimsday1details/t15.png'
643.6934 	EXP 	themeQ2: image = 'stimsday1details/ct15.png'
643.6934 	EXP 	nameQ1: image = 'stimsday1details/n15.png'
643.6934 	EXP 	nameQ2: image = 'stimsday1details/cn15.png'
643.6934 	EXP 	nameQ1: autoDraw = True
643.6934 	EXP 	nameQ2: autoDraw = True
644.1286 	DATA 	Keypress: equal
644.3116 	DATA 	Keypress: 1
644.3267 	EXP 	nameQ1: autoDraw = False
644.3267 	EXP 	nameQ2: autoDraw = False
644.3267 	EXP 	eggPainting1: autoDraw = True
644.3267 	EXP 	eggPainting2: autoDraw = True
644.9281 	DATA 	Keypress: 1
644.9434 	EXP 	eggPainting1: autoDraw = False
644.9434 	EXP 	eggPainting2: autoDraw = False
644.9434 	EXP 	character1: autoDraw = True
644.9434 	EXP 	character2: autoDraw = True
645.5781 	DATA 	Keypress: 1
645.5933 	EXP 	character1: autoDraw = False
645.5933 	EXP 	character2: autoDraw = False
645.5933 	EXP 	themeQ1: autoDraw = True
645.5933 	EXP 	themeQ2: autoDraw = True
645.6280 	DATA 	Keypress: equal
646.3115 	DATA 	Keypress: 1
646.3267 	EXP 	themeQ1: autoDraw = False
646.3267 	EXP 	themeQ2: autoDraw = False
646.3267 	EXP 	gift1: autoDraw = True
646.3267 	EXP 	gift2: autoDraw = True
647.0284 	DATA 	Keypress: 1
647.0434 	EXP 	gift1: autoDraw = False
647.0434 	EXP 	gift2: autoDraw = False
647.0434 	EXP 	northorsouth1: autoDraw = True
647.0434 	EXP 	northorsouth2: autoDraw = True
647.1282 	DATA 	Keypress: equal
647.8117 	DATA 	Keypress: 2
648.1143 	EXP 	New trial (rep=0, index=5): OrderedDict([('condsFile', 'videoBlock_schemaN_pathA_4.csv')])
648.1273 	EXP 	Imported videoBlock_schemaN_pathA_4.csv as conditions, 1 conditions, 17 params
648.1277 	EXP 	Created sequence: random, trialTypes=1, nReps=1, seed=None
648.1285 	EXP 	New trial (rep=0, index=0): OrderedDict([('northOrSouth', 'north.png'), ('stimFile1a', 'stims/wedding-13.1a.mp4'), ('stimFile1b', 'stims/wedding-13.1b.mp4'), ('stimFile2', 'stims/wedding-13.2a.mp4'), ('stimFile3', 'stims/wedding-13.3a.mp4'), ('stimFile4', 'stims/wedding-13.4a.mp4'), ('stimFile5', 'stims/wedding-13.5.mp4'), ('QeggPainting1', 'stimsday1details/egg13.png'), ('Qcharacter1', 'stimsday1details/couple13.png'), ('Qgift1', 'stimsday1details/new4.png'), ('QeggPainting2', 'stimsday1details/newegg4.png'), ('Qcharacter2', 'stimsday1details/newperson4.png'), ('Qgift2', 'stimsday1details/gift13.png'), ('Qname1', 'stimsday1details/n13.png'), ('Qtheme1', 'stimsday1details/ct13.png'), ('Qname2', 'stimsday1details/cn13.png'), ('Qtheme2', 'stimsday1details/t13.png')])
648.1433 	EXP 	northorsouth1: autoDraw = False
648.1433 	EXP 	northorsouth2: autoDraw = False
648.1433 	EXP 	image_3: autoDraw = True
648.6283 	DATA 	Keypress: equal
650.1283 	DATA 	Keypress: equal
650.1296 	EXP 	Created sequence: random, trialTypes=1, nReps=1, seed=None
650.1299 	EXP 	New trial (rep=0, index=0): None
650.5360 	EXP 	Created vid1a = MovieStim3(__class__=<class 'psychopy.visual.movie3.MovieStim3'>, autoLog=True, color=UNKNOWN, colorSpace=UNKNOWN, depth=-1.0, filename='stims/wedding-13.1a.mp4', flipHoriz=False, flipVert=False, fps=UNKNOWN, interpolate=True, loop=False, name='vid1a', noAudio=False, opacity=1.0, ori=0, pos=array([0., 0.]), size=array([1280.,  720.]), units='pix', vframe_callback=UNKNOWN, volume=UNKNOWN, win=Window(...))
650.8745 	EXP 	Created vid1b = MovieStim3(__class__=<class 'psychopy.visual.movie3.MovieStim3'>, autoLog=True, color=UNKNOWN, colorSpace=UNKNOWN, depth=-2.0, filename='stims/wedding-13.1b.mp4', flipHoriz=False, flipVert=False, fps=UNKNOWN, interpolate=True, loop=False, name='vid1b', noAudio=False, opacity=1.0, ori=0, pos=array([0., 0.]), size=array([1280.,  720.]), units='pix', vframe_callback=UNKNOWN, volume=UNKNOWN, win=Window(...))
651.3594 	EXP 	Created vid2 = MovieStim3(__class__=<class 'psychopy.visual.movie3.MovieStim3'>, autoLog=True, color=UNKNOWN, colorSpace=UNKNOWN, depth=-3.0, filename='stims/wedding-13.2a.mp4', flipHoriz=False, flipVert=False, fps=UNKNOWN, interpolate=True, loop=False, name='vid2', noAudio=False, opacity=1.0, ori=0, pos=array([0., 0.]), size=array([1280.,  720.]), units='pix', vframe_callback=UNKNOWN, volume=UNKNOWN, win=Window(...))
651.8251 	EXP 	Created vid3 = MovieStim3(__class__=<class 'psychopy.visual.movie3.MovieStim3'>, autoLog=True, color=UNKNOWN, colorSpace=UNKNOWN, depth=-4.0, filename='stims/wedding-13.3a.mp4', flipHoriz=False, flipVert=False, fps=UNKNOWN, interpolate=True, loop=False, name='vid3', noAudio=False, opacity=1.0, ori=0, pos=array([0., 0.]), size=array([1280.,  720.]), units='pix', vframe_callback=UNKNOWN, volume=UNKNOWN, win=Window(...))
652.3140 	EXP 	Created vid4 = MovieStim3(__class__=<class 'psychopy.visual.movie3.MovieStim3'>, autoLog=True, color=UNKNOWN, colorSpace=UNKNOWN, depth=-5.0, filename='stims/wedding-13.4a.mp4', flipHoriz=False, flipVert=False, fps=UNKNOWN, interpolate=True, loop=False, name='vid4', noAudio=False, opacity=1.0, ori=0, pos=array([0., 0.]), size=array([1280.,  720.]), units='pix', vframe_callback=UNKNOWN, volume=UNKNOWN, win=Window(...))
652.7129 	EXP 	Created vid5 = MovieStim3(__class__=<class 'psychopy.visual.movie3.MovieStim3'>, autoLog=True, color=UNKNOWN, colorSpace=UNKNOWN, depth=-6.0, filename='stims/wedding-13.5.mp4', flipHoriz=False, flipVert=False, fps=UNKNOWN, interpolate=True, loop=False, name='vid5', noAudio=False, opacity=1.0, ori=0, pos=array([0., 0.]), size=array([1280.,  720.]), units='pix', vframe_callback=UNKNOWN, volume=UNKNOWN, win=Window(...))
653.1749 	EXP 	Created sequence: random, trialTypes=1, nReps=1, seed=None
653.1753 	EXP 	New trial (rep=0, index=0): None
653.5780 	EXP 	Created vid1a_q = MovieStim3(__class__=<class 'psychopy.visual.movie3.MovieStim3'>, autoLog=True, color=UNKNOWN, colorSpace=UNKNOWN, depth=-1.0, filename='stims/wedding-13.1a.mp4', flipHoriz=False, flipVert=False, fps=UNKNOWN, interpolate=True, loop=False, name='vid1a_q', noAudio=False, opacity=1.0, ori=0, pos=array([0., 0.]), size=array([1280.,  720.]), units='pix', vframe_callback=UNKNOWN, volume=UNKNOWN, win=Window(...))
653.9097 	EXP 	Created vid1b_q = MovieStim3(__class__=<class 'psychopy.visual.movie3.MovieStim3'>, autoLog=True, color=UNKNOWN, colorSpace=UNKNOWN, depth=-2.0, filename='stims/wedding-13.1b.mp4', flipHoriz=False, flipVert=False, fps=UNKNOWN, interpolate=True, loop=False, name='vid1b_q', noAudio=False, opacity=1.0, ori=0, pos=array([0., 0.]), size=array([1280.,  720.]), units='pix', vframe_callback=UNKNOWN, volume=UNKNOWN, win=Window(...))
654.3795 	EXP 	Created vid2_q = MovieStim3(__class__=<class 'psychopy.visual.movie3.MovieStim3'>, autoLog=True, color=UNKNOWN, colorSpace=UNKNOWN, depth=-3.0, filename='stims/wedding-13.2a.mp4', flipHoriz=False, flipVert=False, fps=UNKNOWN, interpolate=True, loop=False, name='vid2_q', noAudio=False, opacity=1.0, ori=0, pos=array([0., 0.]), size=array([1280.,  720.]), units='pix', vframe_callback=UNKNOWN, volume=UNKNOWN, win=Window(...))
654.8429 	EXP 	Created vid3_q = MovieStim3(__class__=<class 'psychopy.visual.movie3.MovieStim3'>, autoLog=True, color=UNKNOWN, colorSpace=UNKNOWN, depth=-5.0, filename='stims/wedding-13.3a.mp4', flipHoriz=False, flipVert=False, fps=UNKNOWN, interpolate=True, loop=False, name='vid3_q', noAudio=False, opacity=1.0, ori=0, pos=array([0., 0.]), size=array([1280.,  720.]), units='pix', vframe_callback=UNKNOWN, volume=UNKNOWN, win=Window(...))
655.3233 	EXP 	Created vid4_q = MovieStim3(__class__=<class 'psychopy.visual.movie3.MovieStim3'>, autoLog=True, color=UNKNOWN, colorSpace=UNKNOWN, depth=-7.0, filename='stims/wedding-13.4a.mp4', flipHoriz=False, flipVert=False, fps=UNKNOWN, interpolate=True, loop=False, name='vid4_q', noAudio=False, opacity=1.0, ori=0, pos=array([0., 0.]), size=array([1280.,  720.]), units='pix', vframe_callback=UNKNOWN, volume=UNKNOWN, win=Window(...))
655.7090 	EXP 	Created vid5_q = MovieStim3(__class__=<class 'psychopy.visual.movie3.MovieStim3'>, autoLog=True, color=UNKNOWN, colorSpace=UNKNOWN, depth=-8.0, filename='stims/wedding-13.5.mp4', flipHoriz=False, flipVert=False, fps=UNKNOWN, interpolate=True, loop=False, name='vid5_q', noAudio=False, opacity=1.0, ori=0, pos=array([0., 0.]), size=array([1280.,  720.]), units='pix', vframe_callback=UNKNOWN, volume=UNKNOWN, win=Window(...))
655.8261 	EXP 	window1: recordFrameIntervals = False
655.8308 	DATA 	Keypress: equal
655.8332 	DATA 	Keypress: equal
655.8353 	DATA 	Keypress: equal
655.8472 	EXP 	image_3: autoDraw = False
655.8472 	EXP 	image_3: autoDraw = False
655.8472 	EXP 	vid1a: movie = 'stims/wedding-13.1a.mp4'
655.8472 	EXP 	vid1a: autoLog = True
655.8472 	EXP 	vid1b: movie = 'stims/wedding-13.1b.mp4'
655.8472 	EXP 	vid1b: autoLog = True
655.8472 	EXP 	vid2: movie = 'stims/wedding-13.2a.mp4'
655.8472 	EXP 	vid2: autoLog = True
655.8472 	EXP 	vid3: movie = 'stims/wedding-13.3a.mp4'
655.8472 	EXP 	vid3: autoLog = True
655.8472 	EXP 	vid4: movie = 'stims/wedding-13.4a.mp4'
655.8472 	EXP 	vid4: autoLog = True
655.8472 	EXP 	vid5: movie = 'stims/wedding-13.5.mp4'
655.8472 	EXP 	vid5: autoLog = True
655.8472 	EXP 	vid1a: autoDraw = False
655.8472 	EXP 	vid1b: autoDraw = False
655.8472 	EXP 	vid2: autoDraw = False
655.8472 	EXP 	vid3: autoDraw = False
655.8472 	EXP 	vid4: autoDraw = False
655.8472 	EXP 	vid5: autoDraw = False
655.8472 	EXP 	vid1a_q: movie = 'stims/wedding-13.1a.mp4'
655.8472 	EXP 	vid1a_q: autoLog = True
655.8472 	EXP 	vid1b_q: movie = 'stims/wedding-13.1b.mp4'
655.8472 	EXP 	vid1b_q: autoLog = True
655.8472 	EXP 	vid2_q: movie = 'stims/wedding-13.2a.mp4'
655.8472 	EXP 	vid2_q: autoLog = True
655.8472 	EXP 	vid3_q: movie = 'stims/wedding-13.3a.mp4'
655.8472 	EXP 	vid3_q: autoLog = True
655.8472 	EXP 	vid4_q: movie = 'stims/wedding-13.4a.mp4'
655.8472 	EXP 	vid4_q: autoLog = True
655.8472 	EXP 	vid5_q: movie = 'stims/wedding-13.5.mp4'
655.8472 	EXP 	vid5_q: autoLog = True
658.3995 	EXP 	window1: recordFrameIntervals = False
660.6142 	DATA 	Keypress: equal
660.6166 	DATA 	Keypress: equal
660.6187 	DATA 	Keypress: equal
660.6274 	DATA 	Keypress: equal
660.8266 	EXP 	vid1a_q: movie = 'stims/wedding-13.1a.mp4'
660.8266 	EXP 	vid1b_q: movie = 'stims/wedding-13.1b.mp4'
660.8266 	EXP 	vid2_q: movie = 'stims/wedding-13.2a.mp4'
660.8266 	EXP 	vid3_q: movie = 'stims/wedding-13.3a.mp4'
660.8266 	EXP 	vid4_q: movie = 'stims/wedding-13.4a.mp4'
660.8266 	EXP 	vid5_q: movie = 'stims/wedding-13.5.mp4'
660.8432 	EXP 	vid1a_q: autoDraw = True
662.1288 	DATA 	Keypress: equal
663.6284 	DATA 	Keypress: equal
665.1285 	DATA 	Keypress: equal
666.6554 	DATA 	Keypress: equal
668.1282 	DATA 	Keypress: equal
669.6283 	DATA 	Keypress: equal
671.1285 	DATA 	Keypress: equal
672.6281 	DATA 	Keypress: equal
674.1283 	DATA 	Keypress: equal
675.6281 	DATA 	Keypress: equal
675.8930 	EXP 	Set vid1a_q finished
677.1281 	DATA 	Keypress: equal
677.1930 	EXP 	vid1b_q: autoDraw = True
678.6282 	DATA 	Keypress: equal
680.1281 	DATA 	Keypress: equal
681.6281 	DATA 	Keypress: equal
683.1282 	DATA 	Keypress: equal
684.6281 	DATA 	Keypress: equal
685.2595 	EXP 	Set vid1b_q finished
686.1280 	DATA 	Keypress: equal
686.1929 	EXP 	vid2_q: autoDraw = True
687.6378 	DATA 	Keypress: equal
689.1282 	DATA 	Keypress: equal
690.6280 	DATA 	Keypress: equal
692.1282 	DATA 	Keypress: equal
693.6274 	DATA 	Keypress: equal
695.1282 	DATA 	Keypress: equal
696.6284 	DATA 	Keypress: equal
698.1280 	DATA 	Keypress: equal
699.6280 	DATA 	Keypress: equal
701.1279 	DATA 	Keypress: equal
702.6279 	DATA 	Keypress: equal
703.1760 	EXP 	Set vid2_q finished
703.1927 	EXP 	l2q: autoDraw = True
704.1278 	DATA 	Keypress: equal
705.1441 	DATA 	Keypress: 1
705.6274 	DATA 	Keypress: equal
707.1274 	DATA 	Keypress: equal
707.1925 	EXP 	l2q: autoDraw = False
707.1925 	EXP 	vid3_q: autoDraw = True
708.6279 	DATA 	Keypress: equal
710.1282 	DATA 	Keypress: equal
711.6277 	DATA 	Keypress: equal
713.1279 	DATA 	Keypress: equal
714.6279 	DATA 	Keypress: equal
716.1277 	DATA 	Keypress: equal
717.6281 	DATA 	Keypress: equal
719.1280 	DATA 	Keypress: equal
720.6278 	DATA 	Keypress: equal
722.1277 	DATA 	Keypress: equal
723.6279 	DATA 	Keypress: equal
725.1275 	DATA 	Keypress: equal
726.6278 	DATA 	Keypress: equal
728.1278 	DATA 	Keypress: equal
729.6280 	DATA 	Keypress: equal
730.1923 	EXP 	vid3_q: autoDraw = False
730.1923 	EXP 	l3q: autoDraw = True
731.1276 	DATA 	Keypress: equal
732.3106 	DATA 	Keypress: 1
732.6271 	DATA 	Keypress: equal
734.1272 	DATA 	Keypress: equal
734.1923 	EXP 	l3q: autoDraw = False
734.1923 	EXP 	vid4_q: autoDraw = True
735.6275 	DATA 	Keypress: equal
737.1277 	DATA 	Keypress: equal
738.6273 	DATA 	Keypress: equal
740.1274 	DATA 	Keypress: equal
741.6277 	DATA 	Keypress: equal
743.1274 	DATA 	Keypress: equal
744.6276 	DATA 	Keypress: equal
746.1276 	DATA 	Keypress: equal
747.6274 	DATA 	Keypress: equal
749.1277 	DATA 	Keypress: equal
750.6276 	DATA 	Keypress: equal
752.1276 	DATA 	Keypress: equal
753.6273 	DATA 	Keypress: equal
755.1276 	DATA 	Keypress: equal
756.6273 	DATA 	Keypress: equal
758.1276 	DATA 	Keypress: equal
758.1920 	EXP 	vid4_q: autoDraw = False
758.1920 	EXP 	vid5_q: autoDraw = True
759.6271 	DATA 	Keypress: equal
761.1377 	DATA 	Keypress: equal
762.6271 	DATA 	Keypress: equal
764.1273 	DATA 	Keypress: equal
765.6273 	DATA 	Keypress: equal
767.1271 	DATA 	Keypress: equal
768.6275 	DATA 	Keypress: equal
770.1273 	DATA 	Keypress: equal
770.2420 	EXP 	Set vid5_q finished
770.5395 	EXP 	window1: recordFrameIntervals = False
770.5418 	EXP 	vid1a_q: autoDraw = False
770.5418 	EXP 	vid1b_q: autoDraw = False
770.5418 	EXP 	vid2_q: autoDraw = False
770.5418 	EXP 	l2q: autoDraw = False
770.5418 	EXP 	vid3_q: autoDraw = False
770.5418 	EXP 	l3q: autoDraw = False
770.5418 	EXP 	vid4_q: autoDraw = False
770.5418 	EXP 	vid5_q: autoDraw = False
770.7336 	EXP 	window1: recordFrameIntervals = False
772.3259 	DATA 	Keypress: equal
772.5418 	EXP 	eggPainting1: image = 'stimsday1details/egg13.png'
772.5418 	EXP 	eggPainting2: image = 'stimsday1details/newegg4.png'
772.5418 	EXP 	character1: image = 'stimsday1details/couple13.png'
772.5418 	EXP 	character2: image = 'stimsday1details/newperson4.png'
772.5418 	EXP 	gift1: image = 'stimsday1details/new4.png'
772.5418 	EXP 	gift2: image = 'stimsday1details/gift13.png'
772.5418 	EXP 	themeQ1: image = 'stimsday1details/ct13.png'
772.5418 	EXP 	themeQ2: image = 'stimsday1details/t13.png'
772.5418 	EXP 	nameQ1: image = 'stimsday1details/n13.png'
772.5418 	EXP 	nameQ2: image = 'stimsday1details/cn13.png'
772.5418 	EXP 	nameQ1: autoDraw = True
772.5418 	EXP 	nameQ2: autoDraw = True
773.0270 	DATA 	Keypress: 1
773.0418 	EXP 	nameQ1: autoDraw = False
773.0418 	EXP 	nameQ2: autoDraw = False
773.0418 	EXP 	eggPainting1: autoDraw = True
773.0418 	EXP 	eggPainting2: autoDraw = True
773.1266 	DATA 	Keypress: equal
773.6099 	DATA 	Keypress: 1
773.6250 	EXP 	eggPainting1: autoDraw = False
773.6250 	EXP 	eggPainting2: autoDraw = False
773.6250 	EXP 	character1: autoDraw = True
773.6250 	EXP 	character2: autoDraw = True
774.3932 	DATA 	Keypress: 1
774.4084 	EXP 	character1: autoDraw = False
774.4084 	EXP 	character2: autoDraw = False
774.4084 	EXP 	themeQ1: autoDraw = True
774.4084 	EXP 	themeQ2: autoDraw = True
774.6266 	DATA 	Keypress: equal
775.2268 	DATA 	Keypress: 2
775.2417 	EXP 	themeQ1: autoDraw = False
775.2417 	EXP 	themeQ2: autoDraw = False
775.2417 	EXP 	gift1: autoDraw = True
775.2417 	EXP 	gift2: autoDraw = True
775.9768 	DATA 	Keypress: 2
775.9917 	EXP 	gift1: autoDraw = False
775.9917 	EXP 	gift2: autoDraw = False
775.9917 	EXP 	northorsouth1: autoDraw = True
775.9917 	EXP 	northorsouth2: autoDraw = True
776.1266 	DATA 	Keypress: equal
776.7602 	DATA 	Keypress: 1
777.1084 	EXP 	northorsouth1: autoDraw = False
777.1084 	EXP 	northorsouth2: autoDraw = False
777.4109 	EXP 	window1: mouseVisible = True
