1.8597 	WARNING 	Import Error: No module named 'psychtoolbox'. Using event module for keyboard component.
5.7124 	WARNING 	User requested fullscreen with size [2560 1440], but screen is actually [1920, 1080]. Using actual size
6.3627 	EXP 	Created window1 = Window(allowGUI=False, allowStencil=False, args=UNKNOWN, autoLog=True, bitsMode=UNKNOWN, blendMode='avg', color=array([0., 0., 0.]), colorSpace='rgb', fullscr=<method-wrapper '__getattribute__' of attributeSetter object at 0x132aa151d0>, gamma=None, kwargs=UNKNOWN, lms=UNKNOWN, monitor=<psychopy.monitors.calibTools.Monitor object at 0x132c6cc9b0>, multiSample=False, name='window1', numSamples=2, pos=[0.0, 0.0], screen=0, size=array([1920, 1080]), stereo=False, units='norm', useFBO=True, useRetina=False, viewOri=0.0, viewPos=None, viewScale=None, waitBlanking=True, winType='pyglet')
6.3627 	EXP 	window1: recordFrameIntervals = False
6.5286 	EXP 	window1: recordFrameIntervals = True
6.7121 	EXP 	window1: recordFrameIntervals = False
6.8477 	EXP 	Created text = TextStim(__class__=<class 'psychopy.visual.text.TextStim'>, alignHoriz='center', alignVert='center', antialias=True, autoLog=True, bold=False, color='white', colorSpace='named', contrast=1.0, depth=0.0, flipHoriz=False, flipVert=False, font='Arial', fontFiles=[], height=0.1, italic=False, languageStyle='LTR', name='text', opacity=1.0, ori=0, pos=array([0., 0.]), rgb=array([255., 255., 255.]), text='Waiting for experimenter...', units='norm', win=Window(...), wrapWidth=1)
6.8565 	EXP 	Created waiting = TextStim(__class__=<class 'psychopy.visual.text.TextStim'>, alignHoriz='center', alignVert='center', antialias=True, autoLog=True, bold=False, color='white', colorSpace='named', contrast=1.0, depth=0.0, flipHoriz=False, flipVert=False, font='Arial', fontFiles=[], height=0.1, italic=False, languageStyle='LTR', name='waiting', opacity=1.0, ori=0, pos=array([0., 0.]), rgb=array([255., 255., 255.]), text='Waiting for scanner...', units='norm', win=Window(...), wrapWidth=1)
6.8804 	EXP 	Created image_3 = ImageStim(__class__=<class 'psychopy.visual.image.ImageStim'>, autoLog=True, color=array([1., 1., 1.]), colorSpace='rgb', contrast=1.0, depth=0.0, flipHoriz=False, flipVert=False, image='north.png', interpolate=True, mask=None, maskParams=None, name='image_3', opacity=1.0, ori=0.0, pos=array([0., 0.]), size=array([0.5, 0.5]), texRes=128, units='norm', win=Window(...))
6.8918 	EXP 	Created l2q = ImageStim(__class__=<class 'psychopy.visual.image.ImageStim'>, autoLog=True, color=array([1., 1., 1.]), colorSpace='rgb', contrast=1.0, depth=-4.0, flipHoriz=False, flipVert=False, image='LAYER2Q.png', interpolate=True, mask=None, maskParams=None, name='l2q', opacity=1.0, ori=0.0, pos=array([0., 0.]), size=array([0.5, 0.5]), texRes=128, units='norm', win=Window(...))
6.9024 	EXP 	Created l3q = ImageStim(__class__=<class 'psychopy.visual.image.ImageStim'>, autoLog=True, color=array([1., 1., 1.]), colorSpace='rgb', contrast=1.0, depth=-6.0, flipHoriz=False, flipVert=False, image='LAYER3Q.png', interpolate=True, mask=None, maskParams=None, name='l3q', opacity=1.0, ori=0.0, pos=array([0., 0.]), size=array([0.5, 0.5]), texRes=128, units='norm', win=Window(...))
6.9179 	EXP 	Created nameQ1 = ImageStim(__class__=<class 'psychopy.visual.image.ImageStim'>, autoLog=True, color=array([1., 1., 1.]), colorSpace='rgb', contrast=1.0, depth=-1.0, flipHoriz=False, flipVert=False, image='sin', interpolate=True, mask=None, maskParams=None, name='nameQ1', opacity=1.0, ori=0.0, pos=array([-0.5, -0.2]), size=array([0.5, 0.5]), texRes=128, units='norm', win=Window(...))
6.9208 	EXP 	Created nameQ2 = ImageStim(__class__=<class 'psychopy.visual.image.ImageStim'>, autoLog=True, color=array([1., 1., 1.]), colorSpace='rgb', contrast=1.0, depth=-2.0, flipHoriz=False, flipVert=False, image='sin', interpolate=True, mask=None, maskParams=None, name='nameQ2', opacity=1.0, ori=0.0, pos=array([ 0.5, -0.2]), size=array([0.5, 0.5]), texRes=128, units='norm', win=Window(...))
6.9232 	EXP 	Created eggPainting1 = ImageStim(__class__=<class 'psychopy.visual.image.ImageStim'>, autoLog=True, color=array([1., 1., 1.]), colorSpace='rgb', contrast=1.0, depth=0.0, flipHoriz=False, flipVert=False, image='sin', interpolate=True, mask=None, maskParams=None, name='eggPainting1', opacity=1.0, ori=0.0, pos=array([-0.5, -0.2]), size=array([0.7, 1. ]), texRes=128, units='norm', win=Window(...))
6.9256 	EXP 	Created eggPainting2 = ImageStim(__class__=<class 'psychopy.visual.image.ImageStim'>, autoLog=True, color=array([1., 1., 1.]), colorSpace='rgb', contrast=1.0, depth=-2.0, flipHoriz=False, flipVert=False, image='sin', interpolate=True, mask=None, maskParams=None, name='eggPainting2', opacity=1.0, ori=0.0, pos=array([ 0.5, -0.2]), size=array([0.7, 1. ]), texRes=128, units='norm', win=Window(...))
6.9280 	EXP 	Created character1 = ImageStim(__class__=<class 'psychopy.visual.image.ImageStim'>, autoLog=True, color=array([1., 1., 1.]), colorSpace='rgb', contrast=1.0, depth=0.0, flipHoriz=False, flipVert=False, image='sin', interpolate=True, mask=None, maskParams=None, name='character1', opacity=1.0, ori=0.0, pos=array([-0.5, -0.2]), size=array([0.5, 1. ]), texRes=128, units='norm', win=Window(...))
6.9304 	EXP 	Created character2 = ImageStim(__class__=<class 'psychopy.visual.image.ImageStim'>, autoLog=True, color=array([1., 1., 1.]), colorSpace='rgb', contrast=1.0, depth=-1.0, flipHoriz=False, flipVert=False, image='sin', interpolate=True, mask=None, maskParams=None, name='character2', opacity=1.0, ori=0.0, pos=array([ 0.5, -0.2]), size=array([0.5, 1. ]), texRes=128, units='norm', win=Window(...))
6.9328 	EXP 	Created themeQ1 = ImageStim(__class__=<class 'psychopy.visual.image.ImageStim'>, autoLog=True, color=array([1., 1., 1.]), colorSpace='rgb', contrast=1.0, depth=-1.0, flipHoriz=False, flipVert=False, image='sin', interpolate=True, mask=None, maskParams=None, name='themeQ1', opacity=1.0, ori=0.0, pos=array([-0.5, -0.2]), size=array([0.5, 0.5]), texRes=128, units='norm', win=Window(...))
6.9352 	EXP 	Created themeQ2 = ImageStim(__class__=<class 'psychopy.visual.image.ImageStim'>, autoLog=True, color=array([1., 1., 1.]), colorSpace='rgb', contrast=1.0, depth=-2.0, flipHoriz=False, flipVert=False, image='sin', interpolate=True, mask=None, maskParams=None, name='themeQ2', opacity=1.0, ori=0.0, pos=array([ 0.5, -0.2]), size=array([0.5, 0.5]), texRes=128, units='norm', win=Window(...))
6.9376 	EXP 	Created gift1 = ImageStim(__class__=<class 'psychopy.visual.image.ImageStim'>, autoLog=True, color=array([1., 1., 1.]), colorSpace='rgb', contrast=1.0, depth=0.0, flipHoriz=False, flipVert=False, image='sin', interpolate=True, mask=None, maskParams=None, name='gift1', opacity=1.0, ori=0.0, pos=array([-0.5, -0.2]), size=array([0.5, 0.5]), texRes=128, units='norm', win=Window(...))
6.9400 	EXP 	Created gift2 = ImageStim(__class__=<class 'psychopy.visual.image.ImageStim'>, autoLog=True, color=array([1., 1., 1.]), colorSpace='rgb', contrast=1.0, depth=-1.0, flipHoriz=False, flipVert=False, image='sin', interpolate=True, mask=None, maskParams=None, name='gift2', opacity=1.0, ori=0.0, pos=array([ 0.5, -0.2]), size=array([0.5, 0.5]), texRes=128, units='norm', win=Window(...))
6.9443 	EXP 	Created northorsouth1 = ImageStim(__class__=<class 'psychopy.visual.image.ImageStim'>, autoLog=True, color=array([1., 1., 1.]), colorSpace='rgb', contrast=1.0, depth=0.0, flipHoriz=False, flipVert=False, image='northorsouth1.png', interpolate=True, mask=None, maskParams=None, name='northorsouth1', opacity=1.0, ori=0.0, pos=array([-0.5, -0.2]), size=array([0.5, 0.5]), texRes=128, units='norm', win=Window(...))
6.9487 	EXP 	Created northorsouth2 = ImageStim(__class__=<class 'psychopy.visual.image.ImageStim'>, autoLog=True, color=array([1., 1., 1.]), colorSpace='rgb', contrast=1.0, depth=-2.0, flipHoriz=False, flipVert=False, image='northorsouth2.png', interpolate=True, mask=None, maskParams=None, name='northorsouth2', opacity=1.0, ori=0.0, pos=array([ 0.5, -0.2]), size=array([0.5, 0.5]), texRes=128, units='norm', win=Window(...))
6.9636 	EXP 	text: autoDraw = True
8.0654 	DATA 	Keypress: g
8.0785 	EXP 	text: autoDraw = False
8.0785 	EXP 	waiting: autoDraw = True
25.6801 	DATA 	Keypress: equal
25.6913 	EXP 	Imported chooseBlock1.csv as conditions, 6 conditions, 1 params
25.6918 	EXP 	Created sequence: random, trialTypes=6, nReps=1, seed=None
25.6922 	EXP 	New trial (rep=0, index=0): OrderedDict([('condsFile', 'videoBlock_schemaN_pathB_1.csv')])
25.7022 	EXP 	Imported videoBlock_schemaN_pathB_1.csv as conditions, 1 conditions, 17 params
25.7026 	EXP 	Created sequence: random, trialTypes=1, nReps=1, seed=None
25.7033 	EXP 	New trial (rep=0, index=0): OrderedDict([('northOrSouth', 'north.png'), ('stimFile1a', 'stims/wedding-4.1a.mp4'), ('stimFile1b', 'stims/wedding-4.1b.mp4'), ('stimFile2', 'stims/wedding-4.2b.mp4'), ('stimFile3', 'stims/wedding-4.3b.mp4'), ('stimFile4', 'stims/wedding-4.4b.mp4'), ('stimFile5', 'stims/wedding-4.5.mp4'), ('QeggPainting1', 'stimsday1details/newpainting1.png'), ('Qcharacter1', 'stimsday1details/newperson13.png'), ('Qgift1', 'stimsday1details/gift4.png'), ('QeggPainting2', 'stimsday1details/painting4.png'), ('Qcharacter2', 'stimsday1details/couple4.png'), ('Qgift2', 'stimsday1details/new13.png'), ('Qname1', 'stimsday1details/n4.png'), ('Qtheme1', 'stimsday1details/ct4.png'), ('Qname2', 'stimsday1details/cn4.png'), ('Qtheme2', 'stimsday1details/t4.png')])
25.7137 	EXP 	waiting: autoDraw = False
25.7137 	EXP 	image_3: autoDraw = True
27.1801 	DATA 	Keypress: equal
27.6959 	EXP 	Created sequence: random, trialTypes=1, nReps=1, seed=None
27.6961 	EXP 	New trial (rep=0, index=0): None
28.2888 	EXP 	Created vid1a = MovieStim3(__class__=<class 'psychopy.visual.movie3.MovieStim3'>, autoLog=True, color=UNKNOWN, colorSpace=UNKNOWN, depth=-1.0, filename='stims/wedding-4.1a.mp4', flipHoriz=False, flipVert=False, fps=UNKNOWN, interpolate=True, loop=False, name='vid1a', noAudio=False, opacity=1.0, ori=0, pos=array([0., 0.]), size=array([1280.,  720.]), units='pix', vframe_callback=UNKNOWN, volume=UNKNOWN, win=Window(...))
28.6475 	EXP 	Created vid1b = MovieStim3(__class__=<class 'psychopy.visual.movie3.MovieStim3'>, autoLog=True, color=UNKNOWN, colorSpace=UNKNOWN, depth=-2.0, filename='stims/wedding-4.1b.mp4', flipHoriz=False, flipVert=False, fps=UNKNOWN, interpolate=True, loop=False, name='vid1b', noAudio=False, opacity=1.0, ori=0, pos=array([0., 0.]), size=array([1280.,  720.]), units='pix', vframe_callback=UNKNOWN, volume=UNKNOWN, win=Window(...))
29.0410 	EXP 	Created vid2 = MovieStim3(__class__=<class 'psychopy.visual.movie3.MovieStim3'>, autoLog=True, color=UNKNOWN, colorSpace=UNKNOWN, depth=-3.0, filename='stims/wedding-4.2b.mp4', flipHoriz=False, flipVert=False, fps=UNKNOWN, interpolate=True, loop=False, name='vid2', noAudio=False, opacity=1.0, ori=0, pos=array([0., 0.]), size=array([1280.,  720.]), units='pix', vframe_callback=UNKNOWN, volume=UNKNOWN, win=Window(...))
29.5056 	EXP 	Created vid3 = MovieStim3(__class__=<class 'psychopy.visual.movie3.MovieStim3'>, autoLog=True, color=UNKNOWN, colorSpace=UNKNOWN, depth=-4.0, filename='stims/wedding-4.3b.mp4', flipHoriz=False, flipVert=False, fps=UNKNOWN, interpolate=True, loop=False, name='vid3', noAudio=False, opacity=1.0, ori=0, pos=array([0., 0.]), size=array([1280.,  720.]), units='pix', vframe_callback=UNKNOWN, volume=UNKNOWN, win=Window(...))
30.0196 	EXP 	Created vid4 = MovieStim3(__class__=<class 'psychopy.visual.movie3.MovieStim3'>, autoLog=True, color=UNKNOWN, colorSpace=UNKNOWN, depth=-5.0, filename='stims/wedding-4.4b.mp4', flipHoriz=False, flipVert=False, fps=UNKNOWN, interpolate=True, loop=False, name='vid4', noAudio=False, opacity=1.0, ori=0, pos=array([0., 0.]), size=array([1280.,  720.]), units='pix', vframe_callback=UNKNOWN, volume=UNKNOWN, win=Window(...))
30.4009 	EXP 	Created vid5 = MovieStim3(__class__=<class 'psychopy.visual.movie3.MovieStim3'>, autoLog=True, color=UNKNOWN, colorSpace=UNKNOWN, depth=-6.0, filename='stims/wedding-4.5.mp4', flipHoriz=False, flipVert=False, fps=UNKNOWN, interpolate=True, loop=False, name='vid5', noAudio=False, opacity=1.0, ori=0, pos=array([0., 0.]), size=array([1280.,  720.]), units='pix', vframe_callback=UNKNOWN, volume=UNKNOWN, win=Window(...))
30.4429 	EXP 	Created sequence: random, trialTypes=1, nReps=1, seed=None
30.4432 	EXP 	New trial (rep=0, index=0): None
30.8330 	EXP 	Created vid1a_q = MovieStim3(__class__=<class 'psychopy.visual.movie3.MovieStim3'>, autoLog=True, color=UNKNOWN, colorSpace=UNKNOWN, depth=-1.0, filename='stims/wedding-4.1a.mp4', flipHoriz=False, flipVert=False, fps=UNKNOWN, interpolate=True, loop=False, name='vid1a_q', noAudio=False, opacity=1.0, ori=0, pos=array([0., 0.]), size=array([1280.,  720.]), units='pix', vframe_callback=UNKNOWN, volume=UNKNOWN, win=Window(...))
31.1913 	EXP 	Created vid1b_q = MovieStim3(__class__=<class 'psychopy.visual.movie3.MovieStim3'>, autoLog=True, color=UNKNOWN, colorSpace=UNKNOWN, depth=-2.0, filename='stims/wedding-4.1b.mp4', flipHoriz=False, flipVert=False, fps=UNKNOWN, interpolate=True, loop=False, name='vid1b_q', noAudio=False, opacity=1.0, ori=0, pos=array([0., 0.]), size=array([1280.,  720.]), units='pix', vframe_callback=UNKNOWN, volume=UNKNOWN, win=Window(...))
31.5753 	EXP 	Created vid2_q = MovieStim3(__class__=<class 'psychopy.visual.movie3.MovieStim3'>, autoLog=True, color=UNKNOWN, colorSpace=UNKNOWN, depth=-3.0, filename='stims/wedding-4.2b.mp4', flipHoriz=False, flipVert=False, fps=UNKNOWN, interpolate=True, loop=False, name='vid2_q', noAudio=False, opacity=1.0, ori=0, pos=array([0., 0.]), size=array([1280.,  720.]), units='pix', vframe_callback=UNKNOWN, volume=UNKNOWN, win=Window(...))
32.0471 	EXP 	Created vid3_q = MovieStim3(__class__=<class 'psychopy.visual.movie3.MovieStim3'>, autoLog=True, color=UNKNOWN, colorSpace=UNKNOWN, depth=-5.0, filename='stims/wedding-4.3b.mp4', flipHoriz=False, flipVert=False, fps=UNKNOWN, interpolate=True, loop=False, name='vid3_q', noAudio=False, opacity=1.0, ori=0, pos=array([0., 0.]), size=array([1280.,  720.]), units='pix', vframe_callback=UNKNOWN, volume=UNKNOWN, win=Window(...))
32.5560 	EXP 	Created vid4_q = MovieStim3(__class__=<class 'psychopy.visual.movie3.MovieStim3'>, autoLog=True, color=UNKNOWN, colorSpace=UNKNOWN, depth=-7.0, filename='stims/wedding-4.4b.mp4', flipHoriz=False, flipVert=False, fps=UNKNOWN, interpolate=True, loop=False, name='vid4_q', noAudio=False, opacity=1.0, ori=0, pos=array([0., 0.]), size=array([1280.,  720.]), units='pix', vframe_callback=UNKNOWN, volume=UNKNOWN, win=Window(...))
32.9282 	EXP 	Created vid5_q = MovieStim3(__class__=<class 'psychopy.visual.movie3.MovieStim3'>, autoLog=True, color=UNKNOWN, colorSpace=UNKNOWN, depth=-8.0, filename='stims/wedding-4.5.mp4', flipHoriz=False, flipVert=False, fps=UNKNOWN, interpolate=True, loop=False, name='vid5_q', noAudio=False, opacity=1.0, ori=0, pos=array([0., 0.]), size=array([1280.,  720.]), units='pix', vframe_callback=UNKNOWN, volume=UNKNOWN, win=Window(...))
32.9287 	EXP 	window1: recordFrameIntervals = False
32.9322 	DATA 	Keypress: equal
32.9345 	DATA 	Keypress: equal
32.9372 	DATA 	Keypress: equal
32.9491 	EXP 	image_3: autoDraw = False
32.9491 	EXP 	vid1a: movie = 'stims/wedding-4.1a.mp4'
32.9491 	EXP 	vid1a: autoLog = True
32.9491 	EXP 	vid1b: movie = 'stims/wedding-4.1b.mp4'
32.9491 	EXP 	vid1b: autoLog = True
32.9491 	EXP 	vid2: movie = 'stims/wedding-4.2b.mp4'
32.9491 	EXP 	vid2: autoLog = True
32.9491 	EXP 	vid3: movie = 'stims/wedding-4.3b.mp4'
32.9491 	EXP 	vid3: autoLog = True
32.9491 	EXP 	vid4: movie = 'stims/wedding-4.4b.mp4'
32.9491 	EXP 	vid4: autoLog = True
32.9491 	EXP 	vid5: movie = 'stims/wedding-4.5.mp4'
32.9491 	EXP 	vid5: autoLog = True
32.9491 	EXP 	vid1a: autoDraw = False
32.9491 	EXP 	vid1b: autoDraw = False
32.9491 	EXP 	vid2: autoDraw = False
32.9491 	EXP 	vid3: autoDraw = False
32.9491 	EXP 	vid4: autoDraw = False
32.9491 	EXP 	vid5: autoDraw = False
32.9491 	EXP 	vid1a_q: movie = 'stims/wedding-4.1a.mp4'
32.9491 	EXP 	vid1a_q: autoLog = True
32.9491 	EXP 	vid1b_q: movie = 'stims/wedding-4.1b.mp4'
32.9491 	EXP 	vid1b_q: autoLog = True
32.9491 	EXP 	vid2_q: movie = 'stims/wedding-4.2b.mp4'
32.9491 	EXP 	vid2_q: autoLog = True
32.9491 	EXP 	vid3_q: movie = 'stims/wedding-4.3b.mp4'
32.9491 	EXP 	vid3_q: autoLog = True
32.9491 	EXP 	vid4_q: movie = 'stims/wedding-4.4b.mp4'
32.9491 	EXP 	vid4_q: autoLog = True
32.9491 	EXP 	vid5_q: movie = 'stims/wedding-4.5.mp4'
32.9491 	EXP 	vid5_q: autoLog = True
35.3911 	EXP 	window1: recordFrameIntervals = False
37.7166 	DATA 	Keypress: equal
37.7195 	DATA 	Keypress: equal
37.7214 	DATA 	Keypress: equal
37.7236 	DATA 	Keypress: equal
37.9282 	EXP 	vid1a_q: movie = 'stims/wedding-4.1a.mp4'
37.9282 	EXP 	vid1b_q: movie = 'stims/wedding-4.1b.mp4'
37.9282 	EXP 	vid2_q: movie = 'stims/wedding-4.2b.mp4'
37.9282 	EXP 	vid3_q: movie = 'stims/wedding-4.3b.mp4'
37.9282 	EXP 	vid4_q: movie = 'stims/wedding-4.4b.mp4'
37.9282 	EXP 	vid5_q: movie = 'stims/wedding-4.5.mp4'
37.9448 	EXP 	vid1a_q: autoDraw = True
39.1802 	DATA 	Keypress: equal
40.6801 	DATA 	Keypress: equal
42.1799 	DATA 	Keypress: equal
43.6800 	DATA 	Keypress: equal
45.1802 	DATA 	Keypress: equal
46.6800 	DATA 	Keypress: equal
48.1801 	DATA 	Keypress: equal
49.6800 	DATA 	Keypress: equal
51.1801 	DATA 	Keypress: equal
52.4613 	EXP 	vid1a_q: autoDraw = False
52.4613 	EXP 	vid1b_q: autoDraw = True
52.6801 	DATA 	Keypress: equal
54.1802 	DATA 	Keypress: equal
55.6801 	DATA 	Keypress: equal
57.1800 	DATA 	Keypress: equal
58.6801 	DATA 	Keypress: equal
60.1799 	DATA 	Keypress: equal
61.3445 	EXP 	Set vid1b_q finished
61.4612 	EXP 	vid2_q: autoDraw = True
61.6799 	DATA 	Keypress: equal
63.1798 	DATA 	Keypress: equal
64.6800 	DATA 	Keypress: equal
66.1800 	DATA 	Keypress: equal
67.7056 	DATA 	Keypress: equal
69.1800 	DATA 	Keypress: equal
70.6796 	DATA 	Keypress: equal
72.1796 	DATA 	Keypress: equal
73.6797 	DATA 	Keypress: equal
75.1799 	DATA 	Keypress: equal
76.6795 	DATA 	Keypress: equal
77.9777 	EXP 	Set vid2_q finished
78.1797 	DATA 	Keypress: equal
78.4610 	EXP 	l2q: autoDraw = True
79.6793 	DATA 	Keypress: equal
81.1794 	DATA 	Keypress: equal
82.4609 	EXP 	l2q: autoDraw = False
82.4609 	EXP 	vid3_q: autoDraw = True
82.6799 	DATA 	Keypress: equal
84.1796 	DATA 	Keypress: equal
85.6798 	DATA 	Keypress: equal
87.1796 	DATA 	Keypress: equal
88.6794 	DATA 	Keypress: equal
90.1797 	DATA 	Keypress: equal
91.6796 	DATA 	Keypress: equal
93.1793 	DATA 	Keypress: equal
94.6795 	DATA 	Keypress: equal
96.1792 	DATA 	Keypress: equal
97.6794 	DATA 	Keypress: equal
99.1794 	DATA 	Keypress: equal
100.6794 	DATA 	Keypress: equal
102.1791 	DATA 	Keypress: equal
103.6795 	DATA 	Keypress: equal
105.1794 	DATA 	Keypress: equal
105.4607 	EXP 	vid3_q: autoDraw = False
105.4607 	EXP 	l3q: autoDraw = True
106.6791 	DATA 	Keypress: equal
107.6623 	DATA 	Keypress: 1
108.1788 	DATA 	Keypress: equal
109.4606 	EXP 	l3q: autoDraw = False
109.4606 	EXP 	vid4_q: autoDraw = True
109.6797 	DATA 	Keypress: equal
111.1792 	DATA 	Keypress: equal
112.6794 	DATA 	Keypress: equal
114.1794 	DATA 	Keypress: equal
115.6791 	DATA 	Keypress: equal
117.1794 	DATA 	Keypress: equal
118.6789 	DATA 	Keypress: equal
120.1791 	DATA 	Keypress: equal
121.6794 	DATA 	Keypress: equal
123.1792 	DATA 	Keypress: equal
124.6789 	DATA 	Keypress: equal
126.2039 	DATA 	Keypress: equal
127.6788 	DATA 	Keypress: equal
129.1791 	DATA 	Keypress: equal
130.6792 	DATA 	Keypress: equal
132.1790 	DATA 	Keypress: equal
133.3770 	EXP 	Set vid4_q finished
133.4603 	EXP 	vid5_q: autoDraw = True
133.6792 	DATA 	Keypress: equal
135.1791 	DATA 	Keypress: equal
136.6790 	DATA 	Keypress: equal
138.1789 	DATA 	Keypress: equal
139.6791 	DATA 	Keypress: equal
141.1788 	DATA 	Keypress: equal
142.6790 	DATA 	Keypress: equal
144.1788 	DATA 	Keypress: equal
145.6790 	DATA 	Keypress: equal
146.0102 	EXP 	Set vid5_q finished
146.1343 	EXP 	window1: recordFrameIntervals = False
146.1435 	EXP 	vid1a_q: autoDraw = False
146.1435 	EXP 	vid1b_q: autoDraw = False
146.1435 	EXP 	vid2_q: autoDraw = False
146.1435 	EXP 	l2q: autoDraw = False
146.1435 	EXP 	vid3_q: autoDraw = False
146.1435 	EXP 	l3q: autoDraw = False
146.1435 	EXP 	vid4_q: autoDraw = False
146.1435 	EXP 	vid5_q: autoDraw = False
146.4162 	EXP 	window1: recordFrameIntervals = False
147.9210 	DATA 	Keypress: equal
148.1435 	EXP 	eggPainting1: image = 'stimsday1details/newpainting1.png'
148.1435 	EXP 	eggPainting2: image = 'stimsday1details/painting4.png'
148.1435 	EXP 	character1: image = 'stimsday1details/newperson13.png'
148.1435 	EXP 	character2: image = 'stimsday1details/couple4.png'
148.1435 	EXP 	gift1: image = 'stimsday1details/gift4.png'
148.1435 	EXP 	gift2: image = 'stimsday1details/new13.png'
148.1435 	EXP 	themeQ1: image = 'stimsday1details/ct4.png'
148.1435 	EXP 	themeQ2: image = 'stimsday1details/t4.png'
148.1435 	EXP 	nameQ1: image = 'stimsday1details/n4.png'
148.1435 	EXP 	nameQ2: image = 'stimsday1details/cn4.png'
148.1435 	EXP 	nameQ1: autoDraw = True
148.1435 	EXP 	nameQ2: autoDraw = True
148.6789 	DATA 	Keypress: equal
150.1267 	EXP 	nameQ1: autoDraw = False
150.1267 	EXP 	nameQ2: autoDraw = False
150.1267 	EXP 	nameQ1: autoDraw = False
150.1267 	EXP 	nameQ2: autoDraw = False
150.1267 	EXP 	eggPainting1: autoDraw = True
150.1267 	EXP 	eggPainting2: autoDraw = True
150.1785 	DATA 	Keypress: equal
151.6782 	DATA 	Keypress: equal
151.9618 	DATA 	Keypress: 2
152.1268 	EXP 	eggPainting1: autoDraw = False
152.1268 	EXP 	eggPainting2: autoDraw = False
152.1268 	EXP 	eggPainting1: autoDraw = False
152.1268 	EXP 	eggPainting2: autoDraw = False
152.1268 	EXP 	character1: autoDraw = True
152.1268 	EXP 	character2: autoDraw = True
153.1785 	DATA 	Keypress: equal
154.1267 	EXP 	character1: autoDraw = False
154.1267 	EXP 	character2: autoDraw = False
154.1267 	EXP 	character1: autoDraw = False
154.1267 	EXP 	character2: autoDraw = False
154.1267 	EXP 	themeQ1: autoDraw = True
154.1267 	EXP 	themeQ2: autoDraw = True
154.6784 	DATA 	Keypress: equal
156.1267 	EXP 	themeQ1: autoDraw = False
156.1267 	EXP 	themeQ2: autoDraw = False
156.1267 	EXP 	themeQ1: autoDraw = False
156.1267 	EXP 	themeQ2: autoDraw = False
156.1267 	EXP 	gift1: autoDraw = True
156.1267 	EXP 	gift2: autoDraw = True
156.1783 	DATA 	Keypress: equal
157.6784 	DATA 	Keypress: equal
158.1267 	EXP 	gift1: autoDraw = False
158.1267 	EXP 	gift2: autoDraw = False
158.1267 	EXP 	gift1: autoDraw = False
158.1267 	EXP 	gift2: autoDraw = False
158.1267 	EXP 	northorsouth1: autoDraw = True
158.1267 	EXP 	northorsouth2: autoDraw = True
159.1781 	DATA 	Keypress: equal
160.2668 	EXP 	New trial (rep=0, index=1): OrderedDict([('condsFile', 'videoBlock_schemaN_pathA_1.csv')])
160.2801 	EXP 	Imported videoBlock_schemaN_pathA_1.csv as conditions, 1 conditions, 17 params
160.2806 	EXP 	Created sequence: random, trialTypes=1, nReps=1, seed=None
160.2813 	EXP 	New trial (rep=0, index=0): OrderedDict([('northOrSouth', 'north.png'), ('stimFile1a', 'stims/wedding-3.1a.mp4'), ('stimFile1b', 'stims/wedding-3.1b.mp4'), ('stimFile2', 'stims/wedding-3.2a.mp4'), ('stimFile3', 'stims/wedding-3.3a.mp4'), ('stimFile4', 'stims/wedding-3.4a.mp4'), ('stimFile5', 'stims/wedding-3.5.mp4'), ('QeggPainting1', 'stimsday1details/egg3.png'), ('Qcharacter1', 'stimsday1details/couple3.png'), ('Qgift1', 'stimsday1details/new1.png'), ('QeggPainting2', 'stimsday1details/newegg1.png'), ('Qcharacter2', 'stimsday1details/newperson1.png'), ('Qgift2', 'stimsday1details/gift3.png'), ('Qname1', 'stimsday1details/cn3.png'), ('Qtheme1', 'stimsday1details/t3.png'), ('Qname2', 'stimsday1details/n3.png'), ('Qtheme2', 'stimsday1details/ct3.png')])
160.2933 	EXP 	northorsouth1: autoDraw = False
160.2933 	EXP 	northorsouth2: autoDraw = False
160.2933 	EXP 	northorsouth1: autoDraw = False
160.2933 	EXP 	northorsouth2: autoDraw = False
160.2933 	EXP 	image_3: autoDraw = True
160.6786 	DATA 	Keypress: equal
162.1785 	DATA 	Keypress: equal
162.2778 	EXP 	Created sequence: random, trialTypes=1, nReps=1, seed=None
162.2781 	EXP 	New trial (rep=0, index=0): None
162.6891 	EXP 	Created vid1a = MovieStim3(__class__=<class 'psychopy.visual.movie3.MovieStim3'>, autoLog=True, color=UNKNOWN, colorSpace=UNKNOWN, depth=-1.0, filename='stims/wedding-3.1a.mp4', flipHoriz=False, flipVert=False, fps=UNKNOWN, interpolate=True, loop=False, name='vid1a', noAudio=False, opacity=1.0, ori=0, pos=array([0., 0.]), size=array([1280.,  720.]), units='pix', vframe_callback=UNKNOWN, volume=UNKNOWN, win=Window(...))
163.0250 	EXP 	Created vid1b = MovieStim3(__class__=<class 'psychopy.visual.movie3.MovieStim3'>, autoLog=True, color=UNKNOWN, colorSpace=UNKNOWN, depth=-2.0, filename='stims/wedding-3.1b.mp4', flipHoriz=False, flipVert=False, fps=UNKNOWN, interpolate=True, loop=False, name='vid1b', noAudio=False, opacity=1.0, ori=0, pos=array([0., 0.]), size=array([1280.,  720.]), units='pix', vframe_callback=UNKNOWN, volume=UNKNOWN, win=Window(...))
163.4954 	EXP 	Created vid2 = MovieStim3(__class__=<class 'psychopy.visual.movie3.MovieStim3'>, autoLog=True, color=UNKNOWN, colorSpace=UNKNOWN, depth=-3.0, filename='stims/wedding-3.2a.mp4', flipHoriz=False, flipVert=False, fps=UNKNOWN, interpolate=True, loop=False, name='vid2', noAudio=False, opacity=1.0, ori=0, pos=array([0., 0.]), size=array([1280.,  720.]), units='pix', vframe_callback=UNKNOWN, volume=UNKNOWN, win=Window(...))
163.9525 	EXP 	Created vid3 = MovieStim3(__class__=<class 'psychopy.visual.movie3.MovieStim3'>, autoLog=True, color=UNKNOWN, colorSpace=UNKNOWN, depth=-4.0, filename='stims/wedding-3.3a.mp4', flipHoriz=False, flipVert=False, fps=UNKNOWN, interpolate=True, loop=False, name='vid3', noAudio=False, opacity=1.0, ori=0, pos=array([0., 0.]), size=array([1280.,  720.]), units='pix', vframe_callback=UNKNOWN, volume=UNKNOWN, win=Window(...))
164.4167 	EXP 	Created vid4 = MovieStim3(__class__=<class 'psychopy.visual.movie3.MovieStim3'>, autoLog=True, color=UNKNOWN, colorSpace=UNKNOWN, depth=-5.0, filename='stims/wedding-3.4a.mp4', flipHoriz=False, flipVert=False, fps=UNKNOWN, interpolate=True, loop=False, name='vid4', noAudio=False, opacity=1.0, ori=0, pos=array([0., 0.]), size=array([1280.,  720.]), units='pix', vframe_callback=UNKNOWN, volume=UNKNOWN, win=Window(...))
164.7830 	EXP 	Created vid5 = MovieStim3(__class__=<class 'psychopy.visual.movie3.MovieStim3'>, autoLog=True, color=UNKNOWN, colorSpace=UNKNOWN, depth=-6.0, filename='stims/wedding-3.5.mp4', flipHoriz=False, flipVert=False, fps=UNKNOWN, interpolate=True, loop=False, name='vid5', noAudio=False, opacity=1.0, ori=0, pos=array([0., 0.]), size=array([1280.,  720.]), units='pix', vframe_callback=UNKNOWN, volume=UNKNOWN, win=Window(...))
164.8960 	EXP 	window1: recordFrameIntervals = False
164.8995 	DATA 	Keypress: equal
164.9114 	EXP 	image_3: autoDraw = False
164.9114 	EXP 	image_3: autoDraw = False
164.9114 	EXP 	vid1a: movie = 'stims/wedding-3.1a.mp4'
164.9114 	EXP 	vid1a: autoLog = True
164.9114 	EXP 	vid1b: movie = 'stims/wedding-3.1b.mp4'
164.9114 	EXP 	vid1b: autoLog = True
164.9114 	EXP 	vid2: movie = 'stims/wedding-3.2a.mp4'
164.9114 	EXP 	vid2: autoLog = True
164.9114 	EXP 	vid3: movie = 'stims/wedding-3.3a.mp4'
164.9114 	EXP 	vid3: autoLog = True
164.9114 	EXP 	vid4: movie = 'stims/wedding-3.4a.mp4'
164.9114 	EXP 	vid4: autoLog = True
164.9114 	EXP 	vid5: movie = 'stims/wedding-3.5.mp4'
164.9114 	EXP 	vid5: autoLog = True
167.3927 	EXP 	window1: recordFrameIntervals = False
169.6837 	DATA 	Keypress: equal
169.6865 	DATA 	Keypress: equal
169.6888 	DATA 	Keypress: equal
169.6909 	DATA 	Keypress: equal
169.8933 	EXP 	vid1a: movie = 'stims/wedding-3.1a.mp4'
169.8933 	EXP 	vid1b: movie = 'stims/wedding-3.1b.mp4'
169.8933 	EXP 	vid2: movie = 'stims/wedding-3.2a.mp4'
169.8933 	EXP 	vid3: movie = 'stims/wedding-3.3a.mp4'
169.8933 	EXP 	vid4: movie = 'stims/wedding-3.4a.mp4'
169.8933 	EXP 	vid5: movie = 'stims/wedding-3.5.mp4'
169.9122 	EXP 	vid1a: autoDraw = True
171.1785 	DATA 	Keypress: equal
172.6784 	DATA 	Keypress: equal
174.1784 	DATA 	Keypress: equal
175.6787 	DATA 	Keypress: equal
177.1783 	DATA 	Keypress: equal
178.6783 	DATA 	Keypress: equal
180.1786 	DATA 	Keypress: equal
181.6784 	DATA 	Keypress: equal
183.1782 	DATA 	Keypress: equal
184.2931 	EXP 	vid1a: autoDraw = False
184.3097 	EXP 	vid1b: autoDraw = True
184.6784 	DATA 	Keypress: equal
186.1781 	DATA 	Keypress: equal
187.7012 	DATA 	Keypress: equal
189.1785 	DATA 	Keypress: equal
190.6782 	DATA 	Keypress: equal
192.1783 	DATA 	Keypress: equal
192.7929 	EXP 	Set vid1b finished
193.3096 	EXP 	vid2: autoDraw = True
193.6781 	DATA 	Keypress: equal
195.1783 	DATA 	Keypress: equal
196.6783 	DATA 	Keypress: equal
198.1782 	DATA 	Keypress: equal
199.6782 	DATA 	Keypress: equal
201.1783 	DATA 	Keypress: equal
202.6782 	DATA 	Keypress: equal
204.1781 	DATA 	Keypress: equal
205.6782 	DATA 	Keypress: equal
207.1782 	DATA 	Keypress: equal
208.6779 	DATA 	Keypress: equal
210.1782 	DATA 	Keypress: equal
210.2927 	EXP 	vid2: autoDraw = False
210.3093 	EXP 	vid3: autoDraw = True
211.6779 	DATA 	Keypress: equal
213.1780 	DATA 	Keypress: equal
214.6781 	DATA 	Keypress: equal
216.1770 	DATA 	Keypress: equal
217.6777 	DATA 	Keypress: equal
219.1779 	DATA 	Keypress: equal
220.6700 	DATA 	Keypress: equal
222.1779 	DATA 	Keypress: equal
223.6778 	DATA 	Keypress: equal
225.1778 	DATA 	Keypress: equal
226.6697 	DATA 	Keypress: equal
228.1777 	DATA 	Keypress: equal
229.6779 	DATA 	Keypress: equal
231.1695 	DATA 	Keypress: equal
232.6779 	DATA 	Keypress: equal
233.2924 	EXP 	vid3: autoDraw = False
233.3090 	EXP 	vid4: autoDraw = True
234.1778 	DATA 	Keypress: equal
235.6777 	DATA 	Keypress: equal
237.1777 	DATA 	Keypress: equal
238.6776 	DATA 	Keypress: equal
240.1775 	DATA 	Keypress: equal
241.6780 	DATA 	Keypress: equal
243.1685 	DATA 	Keypress: equal
244.6776 	DATA 	Keypress: equal
246.1777 	DATA 	Keypress: equal
247.6777 	DATA 	Keypress: equal
249.1775 	DATA 	Keypress: equal
250.6778 	DATA 	Keypress: equal
252.1684 	DATA 	Keypress: equal
253.7031 	DATA 	Keypress: equal
255.1777 	DATA 	Keypress: equal
256.4588 	EXP 	Set vid4 finished
256.6772 	DATA 	Keypress: equal
257.3088 	EXP 	vid5: autoDraw = True
258.1773 	DATA 	Keypress: equal
259.6775 	DATA 	Keypress: equal
261.1774 	DATA 	Keypress: equal
262.6773 	DATA 	Keypress: equal
264.1775 	DATA 	Keypress: equal
265.6775 	DATA 	Keypress: equal
267.1776 	DATA 	Keypress: equal
268.6772 	DATA 	Keypress: equal
269.6253 	EXP 	Set vid5 finished
269.7523 	EXP 	Created sequence: random, trialTypes=1, nReps=1, seed=None
269.7526 	EXP 	New trial (rep=0, index=0): None
270.1683 	EXP 	Created vid1a_q = MovieStim3(__class__=<class 'psychopy.visual.movie3.MovieStim3'>, autoLog=True, color=UNKNOWN, colorSpace=UNKNOWN, depth=-1.0, filename='stims/wedding-3.1a.mp4', flipHoriz=False, flipVert=False, fps=UNKNOWN, interpolate=True, loop=False, name='vid1a_q', noAudio=False, opacity=1.0, ori=0, pos=array([0., 0.]), size=array([1280.,  720.]), units='pix', vframe_callback=UNKNOWN, volume=UNKNOWN, win=Window(...))
270.4974 	EXP 	Created vid1b_q = MovieStim3(__class__=<class 'psychopy.visual.movie3.MovieStim3'>, autoLog=True, color=UNKNOWN, colorSpace=UNKNOWN, depth=-2.0, filename='stims/wedding-3.1b.mp4', flipHoriz=False, flipVert=False, fps=UNKNOWN, interpolate=True, loop=False, name='vid1b_q', noAudio=False, opacity=1.0, ori=0, pos=array([0., 0.]), size=array([1280.,  720.]), units='pix', vframe_callback=UNKNOWN, volume=UNKNOWN, win=Window(...))
270.9531 	EXP 	Created vid2_q = MovieStim3(__class__=<class 'psychopy.visual.movie3.MovieStim3'>, autoLog=True, color=UNKNOWN, colorSpace=UNKNOWN, depth=-3.0, filename='stims/wedding-3.2a.mp4', flipHoriz=False, flipVert=False, fps=UNKNOWN, interpolate=True, loop=False, name='vid2_q', noAudio=False, opacity=1.0, ori=0, pos=array([0., 0.]), size=array([1280.,  720.]), units='pix', vframe_callback=UNKNOWN, volume=UNKNOWN, win=Window(...))
271.4100 	EXP 	Created vid3_q = MovieStim3(__class__=<class 'psychopy.visual.movie3.MovieStim3'>, autoLog=True, color=UNKNOWN, colorSpace=UNKNOWN, depth=-5.0, filename='stims/wedding-3.3a.mp4', flipHoriz=False, flipVert=False, fps=UNKNOWN, interpolate=True, loop=False, name='vid3_q', noAudio=False, opacity=1.0, ori=0, pos=array([0., 0.]), size=array([1280.,  720.]), units='pix', vframe_callback=UNKNOWN, volume=UNKNOWN, win=Window(...))
271.8771 	EXP 	Created vid4_q = MovieStim3(__class__=<class 'psychopy.visual.movie3.MovieStim3'>, autoLog=True, color=UNKNOWN, colorSpace=UNKNOWN, depth=-7.0, filename='stims/wedding-3.4a.mp4', flipHoriz=False, flipVert=False, fps=UNKNOWN, interpolate=True, loop=False, name='vid4_q', noAudio=False, opacity=1.0, ori=0, pos=array([0., 0.]), size=array([1280.,  720.]), units='pix', vframe_callback=UNKNOWN, volume=UNKNOWN, win=Window(...))
272.2478 	EXP 	Created vid5_q = MovieStim3(__class__=<class 'psychopy.visual.movie3.MovieStim3'>, autoLog=True, color=UNKNOWN, colorSpace=UNKNOWN, depth=-8.0, filename='stims/wedding-3.5.mp4', flipHoriz=False, flipVert=False, fps=UNKNOWN, interpolate=True, loop=False, name='vid5_q', noAudio=False, opacity=1.0, ori=0, pos=array([0., 0.]), size=array([1280.,  720.]), units='pix', vframe_callback=UNKNOWN, volume=UNKNOWN, win=Window(...))
272.4099 	EXP 	window1: recordFrameIntervals = False
272.4129 	DATA 	Keypress: equal
272.4151 	DATA 	Keypress: equal
272.4269 	EXP 	vid1a: autoDraw = False
272.4269 	EXP 	vid1b: autoDraw = False
272.4269 	EXP 	vid2: autoDraw = False
272.4269 	EXP 	vid3: autoDraw = False
272.4269 	EXP 	vid4: autoDraw = False
272.4269 	EXP 	vid5: autoDraw = False
272.4269 	EXP 	vid1a_q: movie = 'stims/wedding-3.1a.mp4'
272.4269 	EXP 	vid1a_q: autoLog = True
272.4269 	EXP 	vid1b_q: movie = 'stims/wedding-3.1b.mp4'
272.4269 	EXP 	vid1b_q: autoLog = True
272.4269 	EXP 	vid2_q: movie = 'stims/wedding-3.2a.mp4'
272.4269 	EXP 	vid2_q: autoLog = True
272.4269 	EXP 	vid3_q: movie = 'stims/wedding-3.3a.mp4'
272.4269 	EXP 	vid3_q: autoLog = True
272.4269 	EXP 	vid4_q: movie = 'stims/wedding-3.4a.mp4'
272.4269 	EXP 	vid4_q: autoLog = True
272.4269 	EXP 	vid5_q: movie = 'stims/wedding-3.5.mp4'
272.4269 	EXP 	vid5_q: autoLog = True
272.4269 	EXP 	vid1a_q: autoDraw = False
272.4269 	EXP 	vid1b_q: autoDraw = False
272.4269 	EXP 	vid2_q: autoDraw = False
272.4269 	EXP 	l2q: autoDraw = False
272.4269 	EXP 	vid3_q: autoDraw = False
272.4269 	EXP 	l3q: autoDraw = False
272.4269 	EXP 	vid4_q: autoDraw = False
272.4269 	EXP 	vid5_q: autoDraw = False
272.5790 	EXP 	window1: recordFrameIntervals = False
274.1965 	DATA 	Keypress: equal
274.4286 	EXP 	eggPainting1: image = 'stimsday1details/egg3.png'
274.4286 	EXP 	eggPainting2: image = 'stimsday1details/newegg1.png'
274.4286 	EXP 	character1: image = 'stimsday1details/couple3.png'
274.4286 	EXP 	character2: image = 'stimsday1details/newperson1.png'
274.4286 	EXP 	gift1: image = 'stimsday1details/new1.png'
274.4286 	EXP 	gift2: image = 'stimsday1details/gift3.png'
274.4286 	EXP 	themeQ1: image = 'stimsday1details/t3.png'
274.4286 	EXP 	themeQ2: image = 'stimsday1details/ct3.png'
274.4286 	EXP 	nameQ1: image = 'stimsday1details/cn3.png'
274.4286 	EXP 	nameQ2: image = 'stimsday1details/n3.png'
274.4286 	EXP 	nameQ1: autoDraw = True
274.4286 	EXP 	nameQ2: autoDraw = True
274.6773 	DATA 	Keypress: equal
276.1771 	DATA 	Keypress: equal
276.4085 	EXP 	nameQ1: autoDraw = False
276.4085 	EXP 	nameQ2: autoDraw = False
276.4085 	EXP 	nameQ1: autoDraw = False
276.4085 	EXP 	nameQ2: autoDraw = False
276.4085 	EXP 	eggPainting1: autoDraw = True
276.4085 	EXP 	eggPainting2: autoDraw = True
277.6767 	DATA 	Keypress: equal
278.4085 	EXP 	eggPainting1: autoDraw = False
278.4085 	EXP 	eggPainting2: autoDraw = False
278.4085 	EXP 	eggPainting1: autoDraw = False
278.4085 	EXP 	eggPainting2: autoDraw = False
278.4085 	EXP 	character1: autoDraw = True
278.4085 	EXP 	character2: autoDraw = True
279.1768 	DATA 	Keypress: equal
280.4085 	EXP 	character1: autoDraw = False
280.4085 	EXP 	character2: autoDraw = False
280.4085 	EXP 	character1: autoDraw = False
280.4085 	EXP 	character2: autoDraw = False
280.4085 	EXP 	themeQ1: autoDraw = True
280.4085 	EXP 	themeQ2: autoDraw = True
280.6772 	DATA 	Keypress: equal
282.1766 	DATA 	Keypress: equal
282.4084 	EXP 	themeQ1: autoDraw = False
282.4084 	EXP 	themeQ2: autoDraw = False
282.4084 	EXP 	themeQ1: autoDraw = False
282.4084 	EXP 	themeQ2: autoDraw = False
282.4084 	EXP 	gift1: autoDraw = True
282.4084 	EXP 	gift2: autoDraw = True
283.6771 	DATA 	Keypress: equal
284.4084 	EXP 	gift1: autoDraw = False
284.4084 	EXP 	gift2: autoDraw = False
284.4084 	EXP 	gift1: autoDraw = False
284.4084 	EXP 	gift2: autoDraw = False
284.4084 	EXP 	northorsouth1: autoDraw = True
284.4084 	EXP 	northorsouth2: autoDraw = True
285.1768 	DATA 	Keypress: equal
286.5734 	EXP 	New trial (rep=0, index=2): OrderedDict([('condsFile', 'videoBlock_schemaN_pathA_2.csv')])
286.5867 	EXP 	Imported videoBlock_schemaN_pathA_2.csv as conditions, 1 conditions, 17 params
286.5872 	EXP 	Created sequence: random, trialTypes=1, nReps=1, seed=None
286.5879 	EXP 	New trial (rep=0, index=0): OrderedDict([('northOrSouth', 'north.png'), ('stimFile1a', 'stims/wedding-5.1a.mp4'), ('stimFile1b', 'stims/wedding-5.1b.mp4'), ('stimFile2', 'stims/wedding-5.2a.mp4'), ('stimFile3', 'stims/wedding-5.3a.mp4'), ('stimFile4', 'stims/wedding-5.4a.mp4'), ('stimFile5', 'stims/wedding-5.5.mp4'), ('QeggPainting1', 'stimsday1details/newegg2.png'), ('Qcharacter1', 'stimsday1details/couple5.png'), ('Qgift1', 'stimsday1details/gift5.png'), ('QeggPainting2', 'stimsday1details/egg5.png'), ('Qcharacter2', 'stimsday1details/newperson2.png'), ('Qgift2', 'stimsday1details/new2.png'), ('Qname1', 'stimsday1details/cn5.png'), ('Qtheme1', 'stimsday1details/ct5.png'), ('Qname2', 'stimsday1details/n5.png'), ('Qtheme2', 'stimsday1details/t5.png')])
286.5917 	EXP 	northorsouth1: autoDraw = False
286.5917 	EXP 	northorsouth2: autoDraw = False
286.5917 	EXP 	northorsouth1: autoDraw = False
286.5917 	EXP 	northorsouth2: autoDraw = False
286.5917 	EXP 	image_3: autoDraw = True
286.6770 	DATA 	Keypress: equal
288.1769 	DATA 	Keypress: equal
288.5929 	EXP 	Created sequence: random, trialTypes=1, nReps=1, seed=None
288.5932 	EXP 	New trial (rep=0, index=0): None
288.9919 	EXP 	Created vid1a = MovieStim3(__class__=<class 'psychopy.visual.movie3.MovieStim3'>, autoLog=True, color=UNKNOWN, colorSpace=UNKNOWN, depth=-1.0, filename='stims/wedding-5.1a.mp4', flipHoriz=False, flipVert=False, fps=UNKNOWN, interpolate=True, loop=False, name='vid1a', noAudio=False, opacity=1.0, ori=0, pos=array([0., 0.]), size=array([1280.,  720.]), units='pix', vframe_callback=UNKNOWN, volume=UNKNOWN, win=Window(...))
289.3529 	EXP 	Created vid1b = MovieStim3(__class__=<class 'psychopy.visual.movie3.MovieStim3'>, autoLog=True, color=UNKNOWN, colorSpace=UNKNOWN, depth=-2.0, filename='stims/wedding-5.1b.mp4', flipHoriz=False, flipVert=False, fps=UNKNOWN, interpolate=True, loop=False, name='vid1b', noAudio=False, opacity=1.0, ori=0, pos=array([0., 0.]), size=array([1280.,  720.]), units='pix', vframe_callback=UNKNOWN, volume=UNKNOWN, win=Window(...))
289.8049 	EXP 	Created vid2 = MovieStim3(__class__=<class 'psychopy.visual.movie3.MovieStim3'>, autoLog=True, color=UNKNOWN, colorSpace=UNKNOWN, depth=-3.0, filename='stims/wedding-5.2a.mp4', flipHoriz=False, flipVert=False, fps=UNKNOWN, interpolate=True, loop=False, name='vid2', noAudio=False, opacity=1.0, ori=0, pos=array([0., 0.]), size=array([1280.,  720.]), units='pix', vframe_callback=UNKNOWN, volume=UNKNOWN, win=Window(...))
290.2607 	EXP 	Created vid3 = MovieStim3(__class__=<class 'psychopy.visual.movie3.MovieStim3'>, autoLog=True, color=UNKNOWN, colorSpace=UNKNOWN, depth=-4.0, filename='stims/wedding-5.3a.mp4', flipHoriz=False, flipVert=False, fps=UNKNOWN, interpolate=True, loop=False, name='vid3', noAudio=False, opacity=1.0, ori=0, pos=array([0., 0.]), size=array([1280.,  720.]), units='pix', vframe_callback=UNKNOWN, volume=UNKNOWN, win=Window(...))
290.7952 	EXP 	Created vid4 = MovieStim3(__class__=<class 'psychopy.visual.movie3.MovieStim3'>, autoLog=True, color=UNKNOWN, colorSpace=UNKNOWN, depth=-5.0, filename='stims/wedding-5.4a.mp4', flipHoriz=False, flipVert=False, fps=UNKNOWN, interpolate=True, loop=False, name='vid4', noAudio=False, opacity=1.0, ori=0, pos=array([0., 0.]), size=array([1280.,  720.]), units='pix', vframe_callback=UNKNOWN, volume=UNKNOWN, win=Window(...))
291.1865 	EXP 	Created vid5 = MovieStim3(__class__=<class 'psychopy.visual.movie3.MovieStim3'>, autoLog=True, color=UNKNOWN, colorSpace=UNKNOWN, depth=-6.0, filename='stims/wedding-5.5.mp4', flipHoriz=False, flipVert=False, fps=UNKNOWN, interpolate=True, loop=False, name='vid5', noAudio=False, opacity=1.0, ori=0, pos=array([0., 0.]), size=array([1280.,  720.]), units='pix', vframe_callback=UNKNOWN, volume=UNKNOWN, win=Window(...))
291.2528 	EXP 	window1: recordFrameIntervals = False
291.2568 	DATA 	Keypress: equal
291.2590 	DATA 	Keypress: equal
291.2750 	EXP 	image_3: autoDraw = False
291.2750 	EXP 	image_3: autoDraw = False
291.2750 	EXP 	vid1a: movie = 'stims/wedding-5.1a.mp4'
291.2750 	EXP 	vid1a: autoLog = True
291.2750 	EXP 	vid1b: movie = 'stims/wedding-5.1b.mp4'
291.2750 	EXP 	vid1b: autoLog = True
291.2750 	EXP 	vid2: movie = 'stims/wedding-5.2a.mp4'
291.2750 	EXP 	vid2: autoLog = True
291.2750 	EXP 	vid3: movie = 'stims/wedding-5.3a.mp4'
291.2750 	EXP 	vid3: autoLog = True
291.2750 	EXP 	vid4: movie = 'stims/wedding-5.4a.mp4'
291.2750 	EXP 	vid4: autoLog = True
291.2750 	EXP 	vid5: movie = 'stims/wedding-5.5.mp4'
291.2750 	EXP 	vid5: autoLog = True
293.8365 	EXP 	window1: recordFrameIntervals = False
296.0408 	DATA 	Keypress: equal
296.0430 	DATA 	Keypress: equal
296.0453 	DATA 	Keypress: equal
296.2419 	EXP 	vid1a: movie = 'stims/wedding-5.1a.mp4'
296.2419 	EXP 	vid1b: movie = 'stims/wedding-5.1b.mp4'
296.2419 	EXP 	vid2: movie = 'stims/wedding-5.2a.mp4'
296.2419 	EXP 	vid3: movie = 'stims/wedding-5.3a.mp4'
296.2419 	EXP 	vid4: movie = 'stims/wedding-5.4a.mp4'
296.2419 	EXP 	vid5: movie = 'stims/wedding-5.5.mp4'
296.2584 	EXP 	vid1a: autoDraw = True
297.1677 	DATA 	Keypress: equal
298.6677 	DATA 	Keypress: equal
300.1958 	DATA 	Keypress: equal
301.6673 	DATA 	Keypress: equal
303.1683 	DATA 	Keypress: equal
304.6766 	DATA 	Keypress: equal
306.1769 	DATA 	Keypress: equal
307.6768 	DATA 	Keypress: equal
309.1766 	DATA 	Keypress: equal
310.6081 	EXP 	vid1a: autoDraw = False
310.6248 	EXP 	vid1b: autoDraw = True
310.6770 	DATA 	Keypress: equal
312.1676 	DATA 	Keypress: equal
313.6666 	DATA 	Keypress: equal
315.1674 	DATA 	Keypress: equal
316.6671 	DATA 	Keypress: equal
318.1676 	DATA 	Keypress: equal
319.6080 	EXP 	vid1b: autoDraw = False
319.6247 	EXP 	vid2: autoDraw = True
319.6766 	DATA 	Keypress: equal
321.1676 	DATA 	Keypress: equal
322.6659 	DATA 	Keypress: equal
324.1670 	DATA 	Keypress: equal
325.6768 	DATA 	Keypress: equal
327.1673 	DATA 	Keypress: equal
328.6765 	DATA 	Keypress: equal
330.1766 	DATA 	Keypress: equal
331.6766 	DATA 	Keypress: equal
333.1763 	DATA 	Keypress: equal
334.7005 	DATA 	Keypress: equal
336.1766 	DATA 	Keypress: equal
336.6078 	EXP 	vid2: autoDraw = False
336.6245 	EXP 	vid3: autoDraw = True
337.6665 	DATA 	Keypress: equal
339.1666 	DATA 	Keypress: equal
340.6670 	DATA 	Keypress: equal
342.1668 	DATA 	Keypress: equal
343.6663 	DATA 	Keypress: equal
345.1764 	DATA 	Keypress: equal
346.6765 	DATA 	Keypress: equal
348.1762 	DATA 	Keypress: equal
349.6761 	DATA 	Keypress: equal
351.1762 	DATA 	Keypress: equal
352.6763 	DATA 	Keypress: equal
354.1761 	DATA 	Keypress: equal
355.6759 	DATA 	Keypress: equal
357.1764 	DATA 	Keypress: equal
358.6761 	DATA 	Keypress: equal
359.6075 	EXP 	vid3: autoDraw = False
359.6242 	EXP 	vid4: autoDraw = True
360.1652 	DATA 	Keypress: equal
361.6673 	DATA 	Keypress: equal
363.1652 	DATA 	Keypress: equal
364.6666 	DATA 	Keypress: equal
366.1764 	DATA 	Keypress: equal
367.6669 	DATA 	Keypress: equal
369.1988 	DATA 	Keypress: equal
370.6762 	DATA 	Keypress: equal
372.1761 	DATA 	Keypress: equal
373.6759 	DATA 	Keypress: equal
375.1760 	DATA 	Keypress: equal
376.6760 	DATA 	Keypress: equal
378.1759 	DATA 	Keypress: equal
379.6761 	DATA 	Keypress: equal
381.1757 	DATA 	Keypress: equal
382.6758 	DATA 	Keypress: equal
383.6072 	EXP 	vid4: autoDraw = False
383.6238 	EXP 	vid5: autoDraw = True
384.1661 	DATA 	Keypress: equal
385.6670 	DATA 	Keypress: equal
387.1666 	DATA 	Keypress: equal
388.6666 	DATA 	Keypress: equal
390.1662 	DATA 	Keypress: equal
391.6665 	DATA 	Keypress: equal
393.1756 	DATA 	Keypress: equal
394.6759 	DATA 	Keypress: equal
396.1755 	DATA 	Keypress: equal
396.5737 	EXP 	Set vid5 finished
396.7308 	EXP 	Created sequence: random, trialTypes=1, nReps=1, seed=None
396.7311 	EXP 	New trial (rep=0, index=0): None
397.1262 	EXP 	Created vid1a_q = MovieStim3(__class__=<class 'psychopy.visual.movie3.MovieStim3'>, autoLog=True, color=UNKNOWN, colorSpace=UNKNOWN, depth=-1.0, filename='stims/wedding-5.1a.mp4', flipHoriz=False, flipVert=False, fps=UNKNOWN, interpolate=True, loop=False, name='vid1a_q', noAudio=False, opacity=1.0, ori=0, pos=array([0., 0.]), size=array([1280.,  720.]), units='pix', vframe_callback=UNKNOWN, volume=UNKNOWN, win=Window(...))
397.4884 	EXP 	Created vid1b_q = MovieStim3(__class__=<class 'psychopy.visual.movie3.MovieStim3'>, autoLog=True, color=UNKNOWN, colorSpace=UNKNOWN, depth=-2.0, filename='stims/wedding-5.1b.mp4', flipHoriz=False, flipVert=False, fps=UNKNOWN, interpolate=True, loop=False, name='vid1b_q', noAudio=False, opacity=1.0, ori=0, pos=array([0., 0.]), size=array([1280.,  720.]), units='pix', vframe_callback=UNKNOWN, volume=UNKNOWN, win=Window(...))
397.9228 	EXP 	Created vid2_q = MovieStim3(__class__=<class 'psychopy.visual.movie3.MovieStim3'>, autoLog=True, color=UNKNOWN, colorSpace=UNKNOWN, depth=-3.0, filename='stims/wedding-5.2a.mp4', flipHoriz=False, flipVert=False, fps=UNKNOWN, interpolate=True, loop=False, name='vid2_q', noAudio=False, opacity=1.0, ori=0, pos=array([0., 0.]), size=array([1280.,  720.]), units='pix', vframe_callback=UNKNOWN, volume=UNKNOWN, win=Window(...))
398.3738 	EXP 	Created vid3_q = MovieStim3(__class__=<class 'psychopy.visual.movie3.MovieStim3'>, autoLog=True, color=UNKNOWN, colorSpace=UNKNOWN, depth=-5.0, filename='stims/wedding-5.3a.mp4', flipHoriz=False, flipVert=False, fps=UNKNOWN, interpolate=True, loop=False, name='vid3_q', noAudio=False, opacity=1.0, ori=0, pos=array([0., 0.]), size=array([1280.,  720.]), units='pix', vframe_callback=UNKNOWN, volume=UNKNOWN, win=Window(...))
398.8972 	EXP 	Created vid4_q = MovieStim3(__class__=<class 'psychopy.visual.movie3.MovieStim3'>, autoLog=True, color=UNKNOWN, colorSpace=UNKNOWN, depth=-7.0, filename='stims/wedding-5.4a.mp4', flipHoriz=False, flipVert=False, fps=UNKNOWN, interpolate=True, loop=False, name='vid4_q', noAudio=False, opacity=1.0, ori=0, pos=array([0., 0.]), size=array([1280.,  720.]), units='pix', vframe_callback=UNKNOWN, volume=UNKNOWN, win=Window(...))
399.2776 	EXP 	Created vid5_q = MovieStim3(__class__=<class 'psychopy.visual.movie3.MovieStim3'>, autoLog=True, color=UNKNOWN, colorSpace=UNKNOWN, depth=-8.0, filename='stims/wedding-5.5.mp4', flipHoriz=False, flipVert=False, fps=UNKNOWN, interpolate=True, loop=False, name='vid5_q', noAudio=False, opacity=1.0, ori=0, pos=array([0., 0.]), size=array([1280.,  720.]), units='pix', vframe_callback=UNKNOWN, volume=UNKNOWN, win=Window(...))
399.5154 	EXP 	window1: recordFrameIntervals = False
399.5194 	DATA 	Keypress: equal
399.5220 	DATA 	Keypress: equal
399.5404 	EXP 	vid1a: autoDraw = False
399.5404 	EXP 	vid1b: autoDraw = False
399.5404 	EXP 	vid2: autoDraw = False
399.5404 	EXP 	vid3: autoDraw = False
399.5404 	EXP 	vid4: autoDraw = False
399.5404 	EXP 	vid5: autoDraw = False
399.5404 	EXP 	vid1a_q: movie = 'stims/wedding-5.1a.mp4'
399.5404 	EXP 	vid1a_q: autoLog = True
399.5404 	EXP 	vid1b_q: movie = 'stims/wedding-5.1b.mp4'
399.5404 	EXP 	vid1b_q: autoLog = True
399.5404 	EXP 	vid2_q: movie = 'stims/wedding-5.2a.mp4'
399.5404 	EXP 	vid2_q: autoLog = True
399.5404 	EXP 	vid3_q: movie = 'stims/wedding-5.3a.mp4'
399.5404 	EXP 	vid3_q: autoLog = True
399.5404 	EXP 	vid4_q: movie = 'stims/wedding-5.4a.mp4'
399.5404 	EXP 	vid4_q: autoLog = True
399.5404 	EXP 	vid5_q: movie = 'stims/wedding-5.5.mp4'
399.5404 	EXP 	vid5_q: autoLog = True
399.5404 	EXP 	vid1a_q: autoDraw = False
399.5404 	EXP 	vid1b_q: autoDraw = False
399.5404 	EXP 	vid2_q: autoDraw = False
399.5404 	EXP 	l2q: autoDraw = False
399.5404 	EXP 	vid3_q: autoDraw = False
399.5404 	EXP 	l3q: autoDraw = False
399.5404 	EXP 	vid4_q: autoDraw = False
399.5404 	EXP 	vid5_q: autoDraw = False
399.7176 	EXP 	window1: recordFrameIntervals = False
401.3021 	DATA 	Keypress: equal
401.5237 	EXP 	eggPainting1: image = 'stimsday1details/newegg2.png'
401.5237 	EXP 	eggPainting2: image = 'stimsday1details/egg5.png'
401.5237 	EXP 	character1: image = 'stimsday1details/couple5.png'
401.5237 	EXP 	character2: image = 'stimsday1details/newperson2.png'
401.5237 	EXP 	gift1: image = 'stimsday1details/gift5.png'
401.5237 	EXP 	gift2: image = 'stimsday1details/new2.png'
401.5237 	EXP 	themeQ1: image = 'stimsday1details/ct5.png'
401.5237 	EXP 	themeQ2: image = 'stimsday1details/t5.png'
401.5237 	EXP 	nameQ1: image = 'stimsday1details/cn5.png'
401.5237 	EXP 	nameQ2: image = 'stimsday1details/n5.png'
401.5237 	EXP 	nameQ1: autoDraw = True
401.5237 	EXP 	nameQ2: autoDraw = True
402.1754 	DATA 	Keypress: equal
403.5070 	EXP 	nameQ1: autoDraw = False
403.5070 	EXP 	nameQ2: autoDraw = False
403.5070 	EXP 	nameQ1: autoDraw = False
403.5070 	EXP 	nameQ2: autoDraw = False
403.5070 	EXP 	eggPainting1: autoDraw = True
403.5070 	EXP 	eggPainting2: autoDraw = True
403.6753 	DATA 	Keypress: equal
405.1755 	DATA 	Keypress: equal
405.5069 	EXP 	eggPainting1: autoDraw = False
405.5069 	EXP 	eggPainting2: autoDraw = False
405.5069 	EXP 	eggPainting1: autoDraw = False
405.5069 	EXP 	eggPainting2: autoDraw = False
405.5069 	EXP 	character1: autoDraw = True
405.5069 	EXP 	character2: autoDraw = True
406.6751 	DATA 	Keypress: equal
407.5069 	EXP 	character1: autoDraw = False
407.5069 	EXP 	character2: autoDraw = False
407.5069 	EXP 	character1: autoDraw = False
407.5069 	EXP 	character2: autoDraw = False
407.5069 	EXP 	themeQ1: autoDraw = True
407.5069 	EXP 	themeQ2: autoDraw = True
408.1750 	DATA 	Keypress: equal
409.5069 	EXP 	themeQ1: autoDraw = False
409.5069 	EXP 	themeQ2: autoDraw = False
409.5069 	EXP 	themeQ1: autoDraw = False
409.5069 	EXP 	themeQ2: autoDraw = False
409.5069 	EXP 	gift1: autoDraw = True
409.5069 	EXP 	gift2: autoDraw = True
409.6751 	DATA 	Keypress: equal
411.1754 	DATA 	Keypress: equal
411.5069 	EXP 	gift1: autoDraw = False
411.5069 	EXP 	gift2: autoDraw = False
411.5069 	EXP 	gift1: autoDraw = False
411.5069 	EXP 	gift2: autoDraw = False
411.5069 	EXP 	northorsouth1: autoDraw = True
411.5069 	EXP 	northorsouth2: autoDraw = True
412.6752 	DATA 	Keypress: equal
413.6996 	EXP 	New trial (rep=0, index=3): OrderedDict([('condsFile', 'videoBlock_schemaN_pathB_3.csv')])
413.7125 	EXP 	Imported videoBlock_schemaN_pathB_3.csv as conditions, 1 conditions, 17 params
413.7130 	EXP 	Created sequence: random, trialTypes=1, nReps=1, seed=None
413.7137 	EXP 	New trial (rep=0, index=0): OrderedDict([('northOrSouth', 'north.png'), ('stimFile1a', 'stims/wedding-11.1a.mp4'), ('stimFile1b', 'stims/wedding-11.1b.mp4'), ('stimFile2', 'stims/wedding-11.2b.mp4'), ('stimFile3', 'stims/wedding-11.3b.mp4'), ('stimFile4', 'stims/wedding-11.4b.mp4'), ('stimFile5', 'stims/wedding-11.5.mp4'), ('QeggPainting1', 'stimsday1details/painting11.png'), ('Qcharacter1', 'stimsday1details/couple11.png'), ('Qgift1', 'stimsday1details/gift11.png'), ('QeggPainting2', 'stimsday1details/newpainting3.png'), ('Qcharacter2', 'stimsday1details/newperson15.png'), ('Qgift2', 'stimsday1details/new15.png'), ('Qname1', 'stimsday1details/cn11.png'), ('Qtheme1', 'stimsday1details/ct11.png'), ('Qname2', 'stimsday1details/n11.png'), ('Qtheme2', 'stimsday1details/t11.png')])
413.7235 	EXP 	northorsouth1: autoDraw = False
413.7235 	EXP 	northorsouth2: autoDraw = False
413.7235 	EXP 	northorsouth1: autoDraw = False
413.7235 	EXP 	northorsouth2: autoDraw = False
413.7235 	EXP 	image_3: autoDraw = True
414.1753 	DATA 	Keypress: equal
415.6753 	DATA 	Keypress: equal
415.7080 	EXP 	Created sequence: random, trialTypes=1, nReps=1, seed=None
415.7083 	EXP 	New trial (rep=0, index=0): None
416.0974 	EXP 	Created vid1a = MovieStim3(__class__=<class 'psychopy.visual.movie3.MovieStim3'>, autoLog=True, color=UNKNOWN, colorSpace=UNKNOWN, depth=-1.0, filename='stims/wedding-11.1a.mp4', flipHoriz=False, flipVert=False, fps=UNKNOWN, interpolate=True, loop=False, name='vid1a', noAudio=False, opacity=1.0, ori=0, pos=array([0., 0.]), size=array([1280.,  720.]), units='pix', vframe_callback=UNKNOWN, volume=UNKNOWN, win=Window(...))
416.4331 	EXP 	Created vid1b = MovieStim3(__class__=<class 'psychopy.visual.movie3.MovieStim3'>, autoLog=True, color=UNKNOWN, colorSpace=UNKNOWN, depth=-2.0, filename='stims/wedding-11.1b.mp4', flipHoriz=False, flipVert=False, fps=UNKNOWN, interpolate=True, loop=False, name='vid1b', noAudio=False, opacity=1.0, ori=0, pos=array([0., 0.]), size=array([1280.,  720.]), units='pix', vframe_callback=UNKNOWN, volume=UNKNOWN, win=Window(...))
416.8900 	EXP 	Created vid2 = MovieStim3(__class__=<class 'psychopy.visual.movie3.MovieStim3'>, autoLog=True, color=UNKNOWN, colorSpace=UNKNOWN, depth=-3.0, filename='stims/wedding-11.2b.mp4', flipHoriz=False, flipVert=False, fps=UNKNOWN, interpolate=True, loop=False, name='vid2', noAudio=False, opacity=1.0, ori=0, pos=array([0., 0.]), size=array([1280.,  720.]), units='pix', vframe_callback=UNKNOWN, volume=UNKNOWN, win=Window(...))
417.4171 	EXP 	Created vid3 = MovieStim3(__class__=<class 'psychopy.visual.movie3.MovieStim3'>, autoLog=True, color=UNKNOWN, colorSpace=UNKNOWN, depth=-4.0, filename='stims/wedding-11.3b.mp4', flipHoriz=False, flipVert=False, fps=UNKNOWN, interpolate=True, loop=False, name='vid3', noAudio=False, opacity=1.0, ori=0, pos=array([0., 0.]), size=array([1280.,  720.]), units='pix', vframe_callback=UNKNOWN, volume=UNKNOWN, win=Window(...))
417.9129 	EXP 	Created vid4 = MovieStim3(__class__=<class 'psychopy.visual.movie3.MovieStim3'>, autoLog=True, color=UNKNOWN, colorSpace=UNKNOWN, depth=-5.0, filename='stims/wedding-11.4b.mp4', flipHoriz=False, flipVert=False, fps=UNKNOWN, interpolate=True, loop=False, name='vid4', noAudio=False, opacity=1.0, ori=0, pos=array([0., 0.]), size=array([1280.,  720.]), units='pix', vframe_callback=UNKNOWN, volume=UNKNOWN, win=Window(...))
418.2949 	EXP 	Created vid5 = MovieStim3(__class__=<class 'psychopy.visual.movie3.MovieStim3'>, autoLog=True, color=UNKNOWN, colorSpace=UNKNOWN, depth=-6.0, filename='stims/wedding-11.5.mp4', flipHoriz=False, flipVert=False, fps=UNKNOWN, interpolate=True, loop=False, name='vid5', noAudio=False, opacity=1.0, ori=0, pos=array([0., 0.]), size=array([1280.,  720.]), units='pix', vframe_callback=UNKNOWN, volume=UNKNOWN, win=Window(...))
418.4041 	EXP 	window1: recordFrameIntervals = False
418.4075 	DATA 	Keypress: equal
418.4234 	EXP 	image_3: autoDraw = False
418.4234 	EXP 	image_3: autoDraw = False
418.4234 	EXP 	vid1a: movie = 'stims/wedding-11.1a.mp4'
418.4234 	EXP 	vid1a: autoLog = True
418.4234 	EXP 	vid1b: movie = 'stims/wedding-11.1b.mp4'
418.4234 	EXP 	vid1b: autoLog = True
418.4234 	EXP 	vid2: movie = 'stims/wedding-11.2b.mp4'
418.4234 	EXP 	vid2: autoLog = True
418.4234 	EXP 	vid3: movie = 'stims/wedding-11.3b.mp4'
418.4234 	EXP 	vid3: autoLog = True
418.4234 	EXP 	vid4: movie = 'stims/wedding-11.4b.mp4'
418.4234 	EXP 	vid4: autoLog = True
418.4234 	EXP 	vid5: movie = 'stims/wedding-11.5.mp4'
418.4234 	EXP 	vid5: autoLog = True
420.9898 	EXP 	window1: recordFrameIntervals = False
423.1910 	DATA 	Keypress: equal
423.1933 	DATA 	Keypress: equal
423.1954 	DATA 	Keypress: equal
423.1980 	DATA 	Keypress: equal
423.4068 	EXP 	vid1a: movie = 'stims/wedding-11.1a.mp4'
423.4068 	EXP 	vid1b: movie = 'stims/wedding-11.1b.mp4'
423.4068 	EXP 	vid2: movie = 'stims/wedding-11.2b.mp4'
423.4068 	EXP 	vid3: movie = 'stims/wedding-11.3b.mp4'
423.4068 	EXP 	vid4: movie = 'stims/wedding-11.4b.mp4'
423.4068 	EXP 	vid5: movie = 'stims/wedding-11.5.mp4'
423.4234 	EXP 	vid1a: autoDraw = True
424.6641 	DATA 	Keypress: equal
426.1655 	DATA 	Keypress: equal
427.6635 	DATA 	Keypress: equal
429.1665 	DATA 	Keypress: equal
430.6645 	DATA 	Keypress: equal
432.1753 	DATA 	Keypress: equal
433.6752 	DATA 	Keypress: equal
435.1755 	DATA 	Keypress: equal
436.6753 	DATA 	Keypress: equal
437.7232 	EXP 	vid1a: autoDraw = False
437.7399 	EXP 	vid1b: autoDraw = True
438.1752 	DATA 	Keypress: equal
439.6753 	DATA 	Keypress: equal
441.1751 	DATA 	Keypress: equal
442.6752 	DATA 	Keypress: equal
444.1751 	DATA 	Keypress: equal
445.6750 	DATA 	Keypress: equal
446.1398 	EXP 	Set vid1b finished
446.7399 	EXP 	vid2: autoDraw = True
447.1751 	DATA 	Keypress: equal
448.6750 	DATA 	Keypress: equal
450.1750 	DATA 	Keypress: equal
451.6754 	DATA 	Keypress: equal
453.1748 	DATA 	Keypress: equal
454.6749 	DATA 	Keypress: equal
456.1646 	DATA 	Keypress: equal
457.6661 	DATA 	Keypress: equal
459.1644 	DATA 	Keypress: equal
460.6665 	DATA 	Keypress: equal
462.1658 	DATA 	Keypress: equal
463.6229 	EXP 	Set vid2 finished
463.6749 	DATA 	Keypress: equal
463.7395 	EXP 	vid3: autoDraw = True
465.1747 	DATA 	Keypress: equal
466.6747 	DATA 	Keypress: equal
468.1748 	DATA 	Keypress: equal
469.6750 	DATA 	Keypress: equal
471.1747 	DATA 	Keypress: equal
472.6750 	DATA 	Keypress: equal
474.1660 	DATA 	Keypress: equal
475.6662 	DATA 	Keypress: equal
477.1660 	DATA 	Keypress: equal
478.6644 	DATA 	Keypress: equal
480.1663 	DATA 	Keypress: equal
481.6637 	DATA 	Keypress: equal
483.1662 	DATA 	Keypress: equal
484.6639 	DATA 	Keypress: equal
486.1657 	DATA 	Keypress: equal
486.7226 	EXP 	vid3: autoDraw = False
486.7393 	EXP 	vid4: autoDraw = True
487.6833 	DATA 	Keypress: equal
489.1746 	DATA 	Keypress: equal
490.6745 	DATA 	Keypress: equal
492.1744 	DATA 	Keypress: equal
493.6744 	DATA 	Keypress: equal
495.1743 	DATA 	Keypress: equal
496.6663 	DATA 	Keypress: equal
498.1653 	DATA 	Keypress: equal
499.6649 	DATA 	Keypress: equal
501.1662 	DATA 	Keypress: equal
502.6655 	DATA 	Keypress: equal
504.1656 	DATA 	Keypress: equal
505.6653 	DATA 	Keypress: equal
507.1650 	DATA 	Keypress: equal
508.6646 	DATA 	Keypress: equal
509.9890 	EXP 	Set vid4 finished
510.1743 	DATA 	Keypress: equal
510.7389 	EXP 	vid5: autoDraw = True
511.6745 	DATA 	Keypress: equal
513.1744 	DATA 	Keypress: equal
514.6743 	DATA 	Keypress: equal
516.1584 	DATA 	Keypress: equal
517.6579 	DATA 	Keypress: equal
519.1582 	DATA 	Keypress: equal
520.6652 	DATA 	Keypress: equal
522.1574 	DATA 	Keypress: equal
523.6575 	DATA 	Keypress: equal
523.8688 	EXP 	Created sequence: random, trialTypes=1, nReps=1, seed=None
523.8692 	EXP 	New trial (rep=0, index=0): None
524.2639 	EXP 	Created vid1a_q = MovieStim3(__class__=<class 'psychopy.visual.movie3.MovieStim3'>, autoLog=True, color=UNKNOWN, colorSpace=UNKNOWN, depth=-1.0, filename='stims/wedding-11.1a.mp4', flipHoriz=False, flipVert=False, fps=UNKNOWN, interpolate=True, loop=False, name='vid1a_q', noAudio=False, opacity=1.0, ori=0, pos=array([0., 0.]), size=array([1280.,  720.]), units='pix', vframe_callback=UNKNOWN, volume=UNKNOWN, win=Window(...))
524.5895 	EXP 	Created vid1b_q = MovieStim3(__class__=<class 'psychopy.visual.movie3.MovieStim3'>, autoLog=True, color=UNKNOWN, colorSpace=UNKNOWN, depth=-2.0, filename='stims/wedding-11.1b.mp4', flipHoriz=False, flipVert=False, fps=UNKNOWN, interpolate=True, loop=False, name='vid1b_q', noAudio=False, opacity=1.0, ori=0, pos=array([0., 0.]), size=array([1280.,  720.]), units='pix', vframe_callback=UNKNOWN, volume=UNKNOWN, win=Window(...))
525.0302 	EXP 	Created vid2_q = MovieStim3(__class__=<class 'psychopy.visual.movie3.MovieStim3'>, autoLog=True, color=UNKNOWN, colorSpace=UNKNOWN, depth=-3.0, filename='stims/wedding-11.2b.mp4', flipHoriz=False, flipVert=False, fps=UNKNOWN, interpolate=True, loop=False, name='vid2_q', noAudio=False, opacity=1.0, ori=0, pos=array([0., 0.]), size=array([1280.,  720.]), units='pix', vframe_callback=UNKNOWN, volume=UNKNOWN, win=Window(...))
525.5440 	EXP 	Created vid3_q = MovieStim3(__class__=<class 'psychopy.visual.movie3.MovieStim3'>, autoLog=True, color=UNKNOWN, colorSpace=UNKNOWN, depth=-5.0, filename='stims/wedding-11.3b.mp4', flipHoriz=False, flipVert=False, fps=UNKNOWN, interpolate=True, loop=False, name='vid3_q', noAudio=False, opacity=1.0, ori=0, pos=array([0., 0.]), size=array([1280.,  720.]), units='pix', vframe_callback=UNKNOWN, volume=UNKNOWN, win=Window(...))
526.0385 	EXP 	Created vid4_q = MovieStim3(__class__=<class 'psychopy.visual.movie3.MovieStim3'>, autoLog=True, color=UNKNOWN, colorSpace=UNKNOWN, depth=-7.0, filename='stims/wedding-11.4b.mp4', flipHoriz=False, flipVert=False, fps=UNKNOWN, interpolate=True, loop=False, name='vid4_q', noAudio=False, opacity=1.0, ori=0, pos=array([0., 0.]), size=array([1280.,  720.]), units='pix', vframe_callback=UNKNOWN, volume=UNKNOWN, win=Window(...))
526.4224 	EXP 	Created vid5_q = MovieStim3(__class__=<class 'psychopy.visual.movie3.MovieStim3'>, autoLog=True, color=UNKNOWN, colorSpace=UNKNOWN, depth=-8.0, filename='stims/wedding-11.5.mp4', flipHoriz=False, flipVert=False, fps=UNKNOWN, interpolate=True, loop=False, name='vid5_q', noAudio=False, opacity=1.0, ori=0, pos=array([0., 0.]), size=array([1280.,  720.]), units='pix', vframe_callback=UNKNOWN, volume=UNKNOWN, win=Window(...))
526.6808 	EXP 	window1: recordFrameIntervals = False
526.6846 	DATA 	Keypress: equal
526.6868 	DATA 	Keypress: equal
526.7055 	EXP 	vid5: autoDraw = False
526.7055 	EXP 	vid1a: autoDraw = False
526.7055 	EXP 	vid1b: autoDraw = False
526.7055 	EXP 	vid2: autoDraw = False
526.7055 	EXP 	vid3: autoDraw = False
526.7055 	EXP 	vid4: autoDraw = False
526.7055 	EXP 	vid5: autoDraw = False
526.7055 	EXP 	vid1a_q: movie = 'stims/wedding-11.1a.mp4'
526.7055 	EXP 	vid1a_q: autoLog = True
526.7055 	EXP 	vid1b_q: movie = 'stims/wedding-11.1b.mp4'
526.7055 	EXP 	vid1b_q: autoLog = True
526.7055 	EXP 	vid2_q: movie = 'stims/wedding-11.2b.mp4'
526.7055 	EXP 	vid2_q: autoLog = True
526.7055 	EXP 	vid3_q: movie = 'stims/wedding-11.3b.mp4'
526.7055 	EXP 	vid3_q: autoLog = True
526.7055 	EXP 	vid4_q: movie = 'stims/wedding-11.4b.mp4'
526.7055 	EXP 	vid4_q: autoLog = True
526.7055 	EXP 	vid5_q: movie = 'stims/wedding-11.5.mp4'
526.7055 	EXP 	vid5_q: autoLog = True
526.7055 	EXP 	vid1a_q: autoDraw = False
526.7055 	EXP 	vid1b_q: autoDraw = False
526.7055 	EXP 	vid2_q: autoDraw = False
526.7055 	EXP 	l2q: autoDraw = False
526.7055 	EXP 	vid3_q: autoDraw = False
526.7055 	EXP 	l3q: autoDraw = False
526.7055 	EXP 	vid4_q: autoDraw = False
526.7055 	EXP 	vid5_q: autoDraw = False
526.9708 	EXP 	window1: recordFrameIntervals = False
528.4674 	DATA 	Keypress: equal
528.6887 	EXP 	eggPainting1: image = 'stimsday1details/painting11.png'
528.6887 	EXP 	eggPainting2: image = 'stimsday1details/newpainting3.png'
528.6887 	EXP 	character1: image = 'stimsday1details/couple11.png'
528.6887 	EXP 	character2: image = 'stimsday1details/newperson15.png'
528.6887 	EXP 	gift1: image = 'stimsday1details/gift11.png'
528.6887 	EXP 	gift2: image = 'stimsday1details/new15.png'
528.6887 	EXP 	themeQ1: image = 'stimsday1details/ct11.png'
528.6887 	EXP 	themeQ2: image = 'stimsday1details/t11.png'
528.6887 	EXP 	nameQ1: image = 'stimsday1details/cn11.png'
528.6887 	EXP 	nameQ2: image = 'stimsday1details/n11.png'
528.6887 	EXP 	nameQ1: autoDraw = True
528.6887 	EXP 	nameQ2: autoDraw = True
529.6576 	DATA 	Keypress: equal
530.6720 	EXP 	nameQ1: autoDraw = False
530.6720 	EXP 	nameQ2: autoDraw = False
530.6720 	EXP 	nameQ1: autoDraw = False
530.6720 	EXP 	nameQ2: autoDraw = False
530.6720 	EXP 	eggPainting1: autoDraw = True
530.6720 	EXP 	eggPainting2: autoDraw = True
531.1573 	DATA 	Keypress: equal
532.1570 	DATA 	Keypress: 1
532.6568 	DATA 	Keypress: equal
532.6720 	EXP 	eggPainting1: autoDraw = False
532.6720 	EXP 	eggPainting2: autoDraw = False
532.6720 	EXP 	eggPainting1: autoDraw = False
532.6720 	EXP 	eggPainting2: autoDraw = False
532.6720 	EXP 	character1: autoDraw = True
532.6720 	EXP 	character2: autoDraw = True
534.1574 	DATA 	Keypress: equal
534.6720 	EXP 	character1: autoDraw = False
534.6720 	EXP 	character2: autoDraw = False
534.6720 	EXP 	character1: autoDraw = False
534.6720 	EXP 	character2: autoDraw = False
534.6720 	EXP 	themeQ1: autoDraw = True
534.6720 	EXP 	themeQ2: autoDraw = True
534.8399 	DATA 	Keypress: 1
535.6572 	DATA 	Keypress: equal
535.9400 	DATA 	Keypress: 2
536.6720 	EXP 	themeQ1: autoDraw = False
536.6720 	EXP 	themeQ2: autoDraw = False
536.6720 	EXP 	themeQ1: autoDraw = False
536.6720 	EXP 	themeQ2: autoDraw = False
536.6720 	EXP 	gift1: autoDraw = True
536.6720 	EXP 	gift2: autoDraw = True
537.1573 	DATA 	Keypress: equal
537.9400 	DATA 	Keypress: 1
538.6590 	DATA 	Keypress: equal
538.6719 	EXP 	gift1: autoDraw = False
538.6719 	EXP 	gift2: autoDraw = False
538.6719 	EXP 	gift1: autoDraw = False
538.6719 	EXP 	gift2: autoDraw = False
538.6719 	EXP 	northorsouth1: autoDraw = True
538.6719 	EXP 	northorsouth2: autoDraw = True
540.1570 	DATA 	Keypress: equal
540.9076 	EXP 	New trial (rep=0, index=4): OrderedDict([('condsFile', 'videoBlock_schemaN_pathB_2.csv')])
540.9197 	EXP 	Imported videoBlock_schemaN_pathB_2.csv as conditions, 1 conditions, 17 params
540.9202 	EXP 	Created sequence: random, trialTypes=1, nReps=1, seed=None
540.9209 	EXP 	New trial (rep=0, index=0): OrderedDict([('northOrSouth', 'north.png'), ('stimFile1a', 'stims/wedding-8.1a.mp4'), ('stimFile1b', 'stims/wedding-8.1b.mp4'), ('stimFile2', 'stims/wedding-8.2b.mp4'), ('stimFile3', 'stims/wedding-8.3b.mp4'), ('stimFile4', 'stims/wedding-8.4b.mp4'), ('stimFile5', 'stims/wedding-8.5.mp4'), ('QeggPainting1', 'stimsday1details/newpainting2.png'), ('Qcharacter1', 'stimsday1details/newperson14.png'), ('Qgift1', 'stimsday1details/new14.png'), ('QeggPainting2', 'stimsday1details/painting8.png'), ('Qcharacter2', 'stimsday1details/couple8.png'), ('Qgift2', 'stimsday1details/gift8.png'), ('Qname1', 'stimsday1details/n8.png'), ('Qtheme1', 'stimsday1details/t8.png'), ('Qname2', 'stimsday1details/cn8.png'), ('Qtheme2', 'stimsday1details/ct8.png')])
540.9386 	EXP 	northorsouth1: autoDraw = False
540.9386 	EXP 	northorsouth2: autoDraw = False
540.9386 	EXP 	northorsouth1: autoDraw = False
540.9386 	EXP 	northorsouth2: autoDraw = False
540.9386 	EXP 	image_3: autoDraw = True
541.6579 	DATA 	Keypress: equal
542.9232 	EXP 	Created sequence: random, trialTypes=1, nReps=1, seed=None
542.9235 	EXP 	New trial (rep=0, index=0): None
543.3290 	EXP 	Created vid1a = MovieStim3(__class__=<class 'psychopy.visual.movie3.MovieStim3'>, autoLog=True, color=UNKNOWN, colorSpace=UNKNOWN, depth=-1.0, filename='stims/wedding-8.1a.mp4', flipHoriz=False, flipVert=False, fps=UNKNOWN, interpolate=True, loop=False, name='vid1a', noAudio=False, opacity=1.0, ori=0, pos=array([0., 0.]), size=array([1280.,  720.]), units='pix', vframe_callback=UNKNOWN, volume=UNKNOWN, win=Window(...))
543.7037 	EXP 	Created vid1b = MovieStim3(__class__=<class 'psychopy.visual.movie3.MovieStim3'>, autoLog=True, color=UNKNOWN, colorSpace=UNKNOWN, depth=-2.0, filename='stims/wedding-8.1b.mp4', flipHoriz=False, flipVert=False, fps=UNKNOWN, interpolate=True, loop=False, name='vid1b', noAudio=False, opacity=1.0, ori=0, pos=array([0., 0.]), size=array([1280.,  720.]), units='pix', vframe_callback=UNKNOWN, volume=UNKNOWN, win=Window(...))
544.1381 	EXP 	Created vid2 = MovieStim3(__class__=<class 'psychopy.visual.movie3.MovieStim3'>, autoLog=True, color=UNKNOWN, colorSpace=UNKNOWN, depth=-3.0, filename='stims/wedding-8.2b.mp4', flipHoriz=False, flipVert=False, fps=UNKNOWN, interpolate=True, loop=False, name='vid2', noAudio=False, opacity=1.0, ori=0, pos=array([0., 0.]), size=array([1280.,  720.]), units='pix', vframe_callback=UNKNOWN, volume=UNKNOWN, win=Window(...))
544.6608 	EXP 	Created vid3 = MovieStim3(__class__=<class 'psychopy.visual.movie3.MovieStim3'>, autoLog=True, color=UNKNOWN, colorSpace=UNKNOWN, depth=-4.0, filename='stims/wedding-8.3b.mp4', flipHoriz=False, flipVert=False, fps=UNKNOWN, interpolate=True, loop=False, name='vid3', noAudio=False, opacity=1.0, ori=0, pos=array([0., 0.]), size=array([1280.,  720.]), units='pix', vframe_callback=UNKNOWN, volume=UNKNOWN, win=Window(...))
545.1166 	EXP 	Created vid4 = MovieStim3(__class__=<class 'psychopy.visual.movie3.MovieStim3'>, autoLog=True, color=UNKNOWN, colorSpace=UNKNOWN, depth=-5.0, filename='stims/wedding-8.4b.mp4', flipHoriz=False, flipVert=False, fps=UNKNOWN, interpolate=True, loop=False, name='vid4', noAudio=False, opacity=1.0, ori=0, pos=array([0., 0.]), size=array([1280.,  720.]), units='pix', vframe_callback=UNKNOWN, volume=UNKNOWN, win=Window(...))
545.4978 	EXP 	Created vid5 = MovieStim3(__class__=<class 'psychopy.visual.movie3.MovieStim3'>, autoLog=True, color=UNKNOWN, colorSpace=UNKNOWN, depth=-6.0, filename='stims/wedding-8.5.mp4', flipHoriz=False, flipVert=False, fps=UNKNOWN, interpolate=True, loop=False, name='vid5', noAudio=False, opacity=1.0, ori=0, pos=array([0., 0.]), size=array([1280.,  720.]), units='pix', vframe_callback=UNKNOWN, volume=UNKNOWN, win=Window(...))
545.5783 	EXP 	window1: recordFrameIntervals = False
545.5816 	DATA 	Keypress: equal
545.5840 	DATA 	Keypress: equal
545.5887 	EXP 	image_3: autoDraw = False
545.5887 	EXP 	image_3: autoDraw = False
545.5887 	EXP 	vid1a: movie = 'stims/wedding-8.1a.mp4'
545.5887 	EXP 	vid1a: autoLog = True
545.5887 	EXP 	vid1b: movie = 'stims/wedding-8.1b.mp4'
545.5887 	EXP 	vid1b: autoLog = True
545.5887 	EXP 	vid2: movie = 'stims/wedding-8.2b.mp4'
545.5887 	EXP 	vid2: autoLog = True
545.5887 	EXP 	vid3: movie = 'stims/wedding-8.3b.mp4'
545.5887 	EXP 	vid3: autoLog = True
545.5887 	EXP 	vid4: movie = 'stims/wedding-8.4b.mp4'
545.5887 	EXP 	vid4: autoLog = True
545.5887 	EXP 	vid5: movie = 'stims/wedding-8.5.mp4'
545.5887 	EXP 	vid5: autoLog = True
548.1249 	EXP 	window1: recordFrameIntervals = False
550.3662 	DATA 	Keypress: equal
550.3690 	DATA 	Keypress: equal
550.3715 	DATA 	Keypress: equal
550.5735 	EXP 	vid1a: movie = 'stims/wedding-8.1a.mp4'
550.5735 	EXP 	vid1b: movie = 'stims/wedding-8.1b.mp4'
550.5735 	EXP 	vid2: movie = 'stims/wedding-8.2b.mp4'
550.5735 	EXP 	vid3: movie = 'stims/wedding-8.3b.mp4'
550.5735 	EXP 	vid4: movie = 'stims/wedding-8.4b.mp4'
550.5735 	EXP 	vid5: movie = 'stims/wedding-8.5.mp4'
550.5885 	EXP 	vid1a: autoDraw = True
550.6570 	DATA 	Keypress: equal
552.1572 	DATA 	Keypress: equal
553.6572 	DATA 	Keypress: equal
555.1570 	DATA 	Keypress: equal
556.6568 	DATA 	Keypress: equal
558.1571 	DATA 	Keypress: equal
559.6572 	DATA 	Keypress: equal
561.1569 	DATA 	Keypress: equal
562.6571 	DATA 	Keypress: equal
564.1569 	DATA 	Keypress: equal
564.9382 	EXP 	vid1a: autoDraw = False
564.9549 	EXP 	vid1b: autoDraw = True
565.6568 	DATA 	Keypress: equal
567.1568 	DATA 	Keypress: equal
568.6569 	DATA 	Keypress: equal
570.1570 	DATA 	Keypress: equal
571.6568 	DATA 	Keypress: equal
573.1568 	DATA 	Keypress: equal
573.9382 	EXP 	vid1b: autoDraw = False
573.9548 	EXP 	vid2: autoDraw = True
574.6567 	DATA 	Keypress: equal
576.1567 	DATA 	Keypress: equal
577.6566 	DATA 	Keypress: equal
579.1571 	DATA 	Keypress: equal
580.6567 	DATA 	Keypress: equal
582.1566 	DATA 	Keypress: equal
583.6570 	DATA 	Keypress: equal
585.1566 	DATA 	Keypress: equal
586.6568 	DATA 	Keypress: equal
588.1566 	DATA 	Keypress: equal
589.6567 	DATA 	Keypress: equal
590.5379 	EXP 	Set vid2 finished
590.9546 	EXP 	vid3: autoDraw = True
591.1566 	DATA 	Keypress: equal
592.6566 	DATA 	Keypress: equal
594.1567 	DATA 	Keypress: equal
595.6550 	DATA 	Keypress: equal
597.1564 	DATA 	Keypress: equal
598.6564 	DATA 	Keypress: equal
600.1568 	DATA 	Keypress: equal
601.6565 	DATA 	Keypress: equal
603.1567 	DATA 	Keypress: equal
604.6566 	DATA 	Keypress: equal
606.1567 	DATA 	Keypress: equal
607.6566 	DATA 	Keypress: equal
609.1565 	DATA 	Keypress: equal
610.6565 	DATA 	Keypress: equal
612.1563 	DATA 	Keypress: equal
613.6565 	DATA 	Keypress: equal
613.9044 	EXP 	Set vid3 finished
613.9543 	EXP 	vid4: autoDraw = True
615.1563 	DATA 	Keypress: equal
616.6562 	DATA 	Keypress: equal
618.1563 	DATA 	Keypress: equal
619.6563 	DATA 	Keypress: equal
621.1562 	DATA 	Keypress: equal
622.6563 	DATA 	Keypress: equal
624.1566 	DATA 	Keypress: equal
625.6563 	DATA 	Keypress: equal
627.1564 	DATA 	Keypress: equal
628.6560 	DATA 	Keypress: equal
630.1564 	DATA 	Keypress: equal
631.6559 	DATA 	Keypress: equal
633.1803 	DATA 	Keypress: equal
634.6562 	DATA 	Keypress: equal
636.1562 	DATA 	Keypress: equal
637.0707 	EXP 	Set vid4 finished
637.6559 	DATA 	Keypress: equal
637.9540 	EXP 	vid5: autoDraw = True
639.1559 	DATA 	Keypress: equal
640.6558 	DATA 	Keypress: equal
642.1558 	DATA 	Keypress: equal
643.6560 	DATA 	Keypress: equal
645.1560 	DATA 	Keypress: equal
646.6560 	DATA 	Keypress: equal
648.1561 	DATA 	Keypress: equal
649.6805 	DATA 	Keypress: equal
650.2039 	EXP 	Set vid5 finished
650.3938 	EXP 	Created sequence: random, trialTypes=1, nReps=1, seed=None
650.3941 	EXP 	New trial (rep=0, index=0): None
650.7882 	EXP 	Created vid1a_q = MovieStim3(__class__=<class 'psychopy.visual.movie3.MovieStim3'>, autoLog=True, color=UNKNOWN, colorSpace=UNKNOWN, depth=-1.0, filename='stims/wedding-8.1a.mp4', flipHoriz=False, flipVert=False, fps=UNKNOWN, interpolate=True, loop=False, name='vid1a_q', noAudio=False, opacity=1.0, ori=0, pos=array([0., 0.]), size=array([1280.,  720.]), units='pix', vframe_callback=UNKNOWN, volume=UNKNOWN, win=Window(...))
651.1534 	EXP 	Created vid1b_q = MovieStim3(__class__=<class 'psychopy.visual.movie3.MovieStim3'>, autoLog=True, color=UNKNOWN, colorSpace=UNKNOWN, depth=-2.0, filename='stims/wedding-8.1b.mp4', flipHoriz=False, flipVert=False, fps=UNKNOWN, interpolate=True, loop=False, name='vid1b_q', noAudio=False, opacity=1.0, ori=0, pos=array([0., 0.]), size=array([1280.,  720.]), units='pix', vframe_callback=UNKNOWN, volume=UNKNOWN, win=Window(...))
651.5886 	EXP 	Created vid2_q = MovieStim3(__class__=<class 'psychopy.visual.movie3.MovieStim3'>, autoLog=True, color=UNKNOWN, colorSpace=UNKNOWN, depth=-3.0, filename='stims/wedding-8.2b.mp4', flipHoriz=False, flipVert=False, fps=UNKNOWN, interpolate=True, loop=False, name='vid2_q', noAudio=False, opacity=1.0, ori=0, pos=array([0., 0.]), size=array([1280.,  720.]), units='pix', vframe_callback=UNKNOWN, volume=UNKNOWN, win=Window(...))
652.0979 	EXP 	Created vid3_q = MovieStim3(__class__=<class 'psychopy.visual.movie3.MovieStim3'>, autoLog=True, color=UNKNOWN, colorSpace=UNKNOWN, depth=-5.0, filename='stims/wedding-8.3b.mp4', flipHoriz=False, flipVert=False, fps=UNKNOWN, interpolate=True, loop=False, name='vid3_q', noAudio=False, opacity=1.0, ori=0, pos=array([0., 0.]), size=array([1280.,  720.]), units='pix', vframe_callback=UNKNOWN, volume=UNKNOWN, win=Window(...))
652.5403 	EXP 	Created vid4_q = MovieStim3(__class__=<class 'psychopy.visual.movie3.MovieStim3'>, autoLog=True, color=UNKNOWN, colorSpace=UNKNOWN, depth=-7.0, filename='stims/wedding-8.4b.mp4', flipHoriz=False, flipVert=False, fps=UNKNOWN, interpolate=True, loop=False, name='vid4_q', noAudio=False, opacity=1.0, ori=0, pos=array([0., 0.]), size=array([1280.,  720.]), units='pix', vframe_callback=UNKNOWN, volume=UNKNOWN, win=Window(...))
652.9130 	EXP 	Created vid5_q = MovieStim3(__class__=<class 'psychopy.visual.movie3.MovieStim3'>, autoLog=True, color=UNKNOWN, colorSpace=UNKNOWN, depth=-8.0, filename='stims/wedding-8.5.mp4', flipHoriz=False, flipVert=False, fps=UNKNOWN, interpolate=True, loop=False, name='vid5_q', noAudio=False, opacity=1.0, ori=0, pos=array([0., 0.]), size=array([1280.,  720.]), units='pix', vframe_callback=UNKNOWN, volume=UNKNOWN, win=Window(...))
653.2058 	EXP 	window1: recordFrameIntervals = False
653.2099 	DATA 	Keypress: equal
653.2122 	DATA 	Keypress: equal
653.2241 	EXP 	vid1a: autoDraw = False
653.2241 	EXP 	vid1b: autoDraw = False
653.2241 	EXP 	vid2: autoDraw = False
653.2241 	EXP 	vid3: autoDraw = False
653.2241 	EXP 	vid4: autoDraw = False
653.2241 	EXP 	vid5: autoDraw = False
653.2241 	EXP 	vid1a_q: movie = 'stims/wedding-8.1a.mp4'
653.2241 	EXP 	vid1a_q: autoLog = True
653.2241 	EXP 	vid1b_q: movie = 'stims/wedding-8.1b.mp4'
653.2241 	EXP 	vid1b_q: autoLog = True
653.2241 	EXP 	vid2_q: movie = 'stims/wedding-8.2b.mp4'
653.2241 	EXP 	vid2_q: autoLog = True
653.2241 	EXP 	vid3_q: movie = 'stims/wedding-8.3b.mp4'
653.2241 	EXP 	vid3_q: autoLog = True
653.2241 	EXP 	vid4_q: movie = 'stims/wedding-8.4b.mp4'
653.2241 	EXP 	vid4_q: autoLog = True
653.2241 	EXP 	vid5_q: movie = 'stims/wedding-8.5.mp4'
653.2241 	EXP 	vid5_q: autoLog = True
653.2241 	EXP 	vid1a_q: autoDraw = False
653.2241 	EXP 	vid1b_q: autoDraw = False
653.2241 	EXP 	vid2_q: autoDraw = False
653.2241 	EXP 	l2q: autoDraw = False
653.2241 	EXP 	vid3_q: autoDraw = False
653.2241 	EXP 	l3q: autoDraw = False
653.2241 	EXP 	vid4_q: autoDraw = False
653.2241 	EXP 	vid5_q: autoDraw = False
653.4594 	EXP 	window1: recordFrameIntervals = False
654.9924 	DATA 	Keypress: equal
655.2247 	EXP 	eggPainting1: image = 'stimsday1details/newpainting2.png'
655.2247 	EXP 	eggPainting2: image = 'stimsday1details/painting8.png'
655.2247 	EXP 	character1: image = 'stimsday1details/newperson14.png'
655.2247 	EXP 	character2: image = 'stimsday1details/couple8.png'
655.2247 	EXP 	gift1: image = 'stimsday1details/new14.png'
655.2247 	EXP 	gift2: image = 'stimsday1details/gift8.png'
655.2247 	EXP 	themeQ1: image = 'stimsday1details/t8.png'
655.2247 	EXP 	themeQ2: image = 'stimsday1details/ct8.png'
655.2247 	EXP 	nameQ1: image = 'stimsday1details/n8.png'
655.2247 	EXP 	nameQ2: image = 'stimsday1details/cn8.png'
655.2247 	EXP 	nameQ1: autoDraw = True
655.2247 	EXP 	nameQ2: autoDraw = True
655.6557 	DATA 	Keypress: equal
657.1556 	DATA 	Keypress: equal
657.2038 	EXP 	nameQ1: autoDraw = False
657.2038 	EXP 	nameQ2: autoDraw = False
657.2038 	EXP 	nameQ1: autoDraw = False
657.2038 	EXP 	nameQ2: autoDraw = False
657.2038 	EXP 	eggPainting1: autoDraw = True
657.2038 	EXP 	eggPainting2: autoDraw = True
658.2887 	DATA 	Keypress: 2
658.6557 	DATA 	Keypress: equal
659.2038 	EXP 	eggPainting1: autoDraw = False
659.2038 	EXP 	eggPainting2: autoDraw = False
659.2038 	EXP 	eggPainting1: autoDraw = False
659.2038 	EXP 	eggPainting2: autoDraw = False
659.2038 	EXP 	character1: autoDraw = True
659.2038 	EXP 	character2: autoDraw = True
660.1553 	DATA 	Keypress: equal
660.7051 	DATA 	Keypress: 2
661.2037 	EXP 	character1: autoDraw = False
661.2037 	EXP 	character2: autoDraw = False
661.2037 	EXP 	character1: autoDraw = False
661.2037 	EXP 	character2: autoDraw = False
661.2037 	EXP 	themeQ1: autoDraw = True
661.2037 	EXP 	themeQ2: autoDraw = True
661.6553 	DATA 	Keypress: equal
662.4053 	DATA 	Keypress: 1
663.1551 	DATA 	Keypress: equal
663.2036 	EXP 	themeQ1: autoDraw = False
663.2036 	EXP 	themeQ2: autoDraw = False
663.2036 	EXP 	themeQ1: autoDraw = False
663.2036 	EXP 	themeQ2: autoDraw = False
663.2036 	EXP 	gift1: autoDraw = True
663.2036 	EXP 	gift2: autoDraw = True
664.0387 	DATA 	Keypress: 2
664.6551 	DATA 	Keypress: equal
665.2037 	EXP 	gift1: autoDraw = False
665.2037 	EXP 	gift2: autoDraw = False
665.2037 	EXP 	gift1: autoDraw = False
665.2037 	EXP 	gift2: autoDraw = False
665.2037 	EXP 	northorsouth1: autoDraw = True
665.2037 	EXP 	northorsouth2: autoDraw = True
666.1554 	DATA 	Keypress: 1
666.1569 	DATA 	Keypress: equal
667.4731 	EXP 	New trial (rep=0, index=5): OrderedDict([('condsFile', 'videoBlock_schemaN_pathA_3.csv')])
667.4864 	EXP 	Imported videoBlock_schemaN_pathA_3.csv as conditions, 1 conditions, 17 params
667.4869 	EXP 	Created sequence: random, trialTypes=1, nReps=1, seed=None
667.4876 	EXP 	New trial (rep=0, index=0): OrderedDict([('northOrSouth', 'north.png'), ('stimFile1a', 'stims/wedding-9.1a.mp4'), ('stimFile1b', 'stims/wedding-9.1b.mp4'), ('stimFile2', 'stims/wedding-9.2a.mp4'), ('stimFile3', 'stims/wedding-9.3a.mp4'), ('stimFile4', 'stims/wedding-9.4a.mp4'), ('stimFile5', 'stims/wedding-9.5.mp4'), ('QeggPainting1', 'stimsday1details/newegg3.png'), ('Qcharacter1', 'stimsday1details/newperson3.png'), ('Qgift1', 'stimsday1details/gift9.png'), ('QeggPainting2', 'stimsday1details/egg9.png'), ('Qcharacter2', 'stimsday1details/couple9.png'), ('Qgift2', 'stimsday1details/new3.png'), ('Qname1', 'stimsday1details/n9.png'), ('Qtheme1', 'stimsday1details/t9.png'), ('Qname2', 'stimsday1details/cn9.png'), ('Qtheme2', 'stimsday1details/ct9.png')])
667.5037 	EXP 	northorsouth1: autoDraw = False
667.5037 	EXP 	northorsouth2: autoDraw = False
667.5037 	EXP 	northorsouth1: autoDraw = False
667.5037 	EXP 	northorsouth2: autoDraw = False
667.5037 	EXP 	image_3: autoDraw = True
667.6556 	DATA 	Keypress: equal
669.1555 	DATA 	Keypress: equal
669.4882 	EXP 	Created sequence: random, trialTypes=1, nReps=1, seed=None
669.4886 	EXP 	New trial (rep=0, index=0): None
669.8868 	EXP 	Created vid1a = MovieStim3(__class__=<class 'psychopy.visual.movie3.MovieStim3'>, autoLog=True, color=UNKNOWN, colorSpace=UNKNOWN, depth=-1.0, filename='stims/wedding-9.1a.mp4', flipHoriz=False, flipVert=False, fps=UNKNOWN, interpolate=True, loop=False, name='vid1a', noAudio=False, opacity=1.0, ori=0, pos=array([0., 0.]), size=array([1280.,  720.]), units='pix', vframe_callback=UNKNOWN, volume=UNKNOWN, win=Window(...))
670.2613 	EXP 	Created vid1b = MovieStim3(__class__=<class 'psychopy.visual.movie3.MovieStim3'>, autoLog=True, color=UNKNOWN, colorSpace=UNKNOWN, depth=-2.0, filename='stims/wedding-9.1b.mp4', flipHoriz=False, flipVert=False, fps=UNKNOWN, interpolate=True, loop=False, name='vid1b', noAudio=False, opacity=1.0, ori=0, pos=array([0., 0.]), size=array([1280.,  720.]), units='pix', vframe_callback=UNKNOWN, volume=UNKNOWN, win=Window(...))
670.7372 	EXP 	Created vid2 = MovieStim3(__class__=<class 'psychopy.visual.movie3.MovieStim3'>, autoLog=True, color=UNKNOWN, colorSpace=UNKNOWN, depth=-3.0, filename='stims/wedding-9.2a.mp4', flipHoriz=False, flipVert=False, fps=UNKNOWN, interpolate=True, loop=False, name='vid2', noAudio=False, opacity=1.0, ori=0, pos=array([0., 0.]), size=array([1280.,  720.]), units='pix', vframe_callback=UNKNOWN, volume=UNKNOWN, win=Window(...))
671.2013 	EXP 	Created vid3 = MovieStim3(__class__=<class 'psychopy.visual.movie3.MovieStim3'>, autoLog=True, color=UNKNOWN, colorSpace=UNKNOWN, depth=-4.0, filename='stims/wedding-9.3a.mp4', flipHoriz=False, flipVert=False, fps=UNKNOWN, interpolate=True, loop=False, name='vid3', noAudio=False, opacity=1.0, ori=0, pos=array([0., 0.]), size=array([1280.,  720.]), units='pix', vframe_callback=UNKNOWN, volume=UNKNOWN, win=Window(...))
671.7230 	EXP 	Created vid4 = MovieStim3(__class__=<class 'psychopy.visual.movie3.MovieStim3'>, autoLog=True, color=UNKNOWN, colorSpace=UNKNOWN, depth=-5.0, filename='stims/wedding-9.4a.mp4', flipHoriz=False, flipVert=False, fps=UNKNOWN, interpolate=True, loop=False, name='vid4', noAudio=False, opacity=1.0, ori=0, pos=array([0., 0.]), size=array([1280.,  720.]), units='pix', vframe_callback=UNKNOWN, volume=UNKNOWN, win=Window(...))
672.1140 	EXP 	Created vid5 = MovieStim3(__class__=<class 'psychopy.visual.movie3.MovieStim3'>, autoLog=True, color=UNKNOWN, colorSpace=UNKNOWN, depth=-6.0, filename='stims/wedding-9.5.mp4', flipHoriz=False, flipVert=False, fps=UNKNOWN, interpolate=True, loop=False, name='vid5', noAudio=False, opacity=1.0, ori=0, pos=array([0., 0.]), size=array([1280.,  720.]), units='pix', vframe_callback=UNKNOWN, volume=UNKNOWN, win=Window(...))
672.3748 	EXP 	Created sequence: random, trialTypes=1, nReps=1, seed=None
672.3751 	EXP 	New trial (rep=0, index=0): None
672.7656 	EXP 	Created vid1a_q = MovieStim3(__class__=<class 'psychopy.visual.movie3.MovieStim3'>, autoLog=True, color=UNKNOWN, colorSpace=UNKNOWN, depth=-1.0, filename='stims/wedding-9.1a.mp4', flipHoriz=False, flipVert=False, fps=UNKNOWN, interpolate=True, loop=False, name='vid1a_q', noAudio=False, opacity=1.0, ori=0, pos=array([0., 0.]), size=array([1280.,  720.]), units='pix', vframe_callback=UNKNOWN, volume=UNKNOWN, win=Window(...))
673.1373 	EXP 	Created vid1b_q = MovieStim3(__class__=<class 'psychopy.visual.movie3.MovieStim3'>, autoLog=True, color=UNKNOWN, colorSpace=UNKNOWN, depth=-2.0, filename='stims/wedding-9.1b.mp4', flipHoriz=False, flipVert=False, fps=UNKNOWN, interpolate=True, loop=False, name='vid1b_q', noAudio=False, opacity=1.0, ori=0, pos=array([0., 0.]), size=array([1280.,  720.]), units='pix', vframe_callback=UNKNOWN, volume=UNKNOWN, win=Window(...))
673.5997 	EXP 	Created vid2_q = MovieStim3(__class__=<class 'psychopy.visual.movie3.MovieStim3'>, autoLog=True, color=UNKNOWN, colorSpace=UNKNOWN, depth=-3.0, filename='stims/wedding-9.2a.mp4', flipHoriz=False, flipVert=False, fps=UNKNOWN, interpolate=True, loop=False, name='vid2_q', noAudio=False, opacity=1.0, ori=0, pos=array([0., 0.]), size=array([1280.,  720.]), units='pix', vframe_callback=UNKNOWN, volume=UNKNOWN, win=Window(...))
674.0566 	EXP 	Created vid3_q = MovieStim3(__class__=<class 'psychopy.visual.movie3.MovieStim3'>, autoLog=True, color=UNKNOWN, colorSpace=UNKNOWN, depth=-5.0, filename='stims/wedding-9.3a.mp4', flipHoriz=False, flipVert=False, fps=UNKNOWN, interpolate=True, loop=False, name='vid3_q', noAudio=False, opacity=1.0, ori=0, pos=array([0., 0.]), size=array([1280.,  720.]), units='pix', vframe_callback=UNKNOWN, volume=UNKNOWN, win=Window(...))
674.5796 	EXP 	Created vid4_q = MovieStim3(__class__=<class 'psychopy.visual.movie3.MovieStim3'>, autoLog=True, color=UNKNOWN, colorSpace=UNKNOWN, depth=-7.0, filename='stims/wedding-9.4a.mp4', flipHoriz=False, flipVert=False, fps=UNKNOWN, interpolate=True, loop=False, name='vid4_q', noAudio=False, opacity=1.0, ori=0, pos=array([0., 0.]), size=array([1280.,  720.]), units='pix', vframe_callback=UNKNOWN, volume=UNKNOWN, win=Window(...))
674.9515 	EXP 	Created vid5_q = MovieStim3(__class__=<class 'psychopy.visual.movie3.MovieStim3'>, autoLog=True, color=UNKNOWN, colorSpace=UNKNOWN, depth=-8.0, filename='stims/wedding-9.5.mp4', flipHoriz=False, flipVert=False, fps=UNKNOWN, interpolate=True, loop=False, name='vid5_q', noAudio=False, opacity=1.0, ori=0, pos=array([0., 0.]), size=array([1280.,  720.]), units='pix', vframe_callback=UNKNOWN, volume=UNKNOWN, win=Window(...))
675.0601 	EXP 	window1: recordFrameIntervals = False
675.0637 	DATA 	Keypress: equal
675.0666 	DATA 	Keypress: equal
675.0689 	DATA 	Keypress: equal
675.0870 	EXP 	image_3: autoDraw = False
675.0870 	EXP 	image_3: autoDraw = False
675.0870 	EXP 	vid1a: movie = 'stims/wedding-9.1a.mp4'
675.0870 	EXP 	vid1a: autoLog = True
675.0870 	EXP 	vid1b: movie = 'stims/wedding-9.1b.mp4'
675.0870 	EXP 	vid1b: autoLog = True
675.0870 	EXP 	vid2: movie = 'stims/wedding-9.2a.mp4'
675.0870 	EXP 	vid2: autoLog = True
675.0870 	EXP 	vid3: movie = 'stims/wedding-9.3a.mp4'
675.0870 	EXP 	vid3: autoLog = True
675.0870 	EXP 	vid4: movie = 'stims/wedding-9.4a.mp4'
675.0870 	EXP 	vid4: autoLog = True
675.0870 	EXP 	vid5: movie = 'stims/wedding-9.5.mp4'
675.0870 	EXP 	vid5: autoLog = True
675.0870 	EXP 	vid1a: autoDraw = False
675.0870 	EXP 	vid1b: autoDraw = False
675.0870 	EXP 	vid2: autoDraw = False
675.0870 	EXP 	vid3: autoDraw = False
675.0870 	EXP 	vid4: autoDraw = False
675.0870 	EXP 	vid5: autoDraw = False
675.0870 	EXP 	vid1a_q: movie = 'stims/wedding-9.1a.mp4'
675.0870 	EXP 	vid1a_q: autoLog = True
675.0870 	EXP 	vid1b_q: movie = 'stims/wedding-9.1b.mp4'
675.0870 	EXP 	vid1b_q: autoLog = True
675.0870 	EXP 	vid2_q: movie = 'stims/wedding-9.2a.mp4'
675.0870 	EXP 	vid2_q: autoLog = True
675.0870 	EXP 	vid3_q: movie = 'stims/wedding-9.3a.mp4'
675.0870 	EXP 	vid3_q: autoLog = True
675.0870 	EXP 	vid4_q: movie = 'stims/wedding-9.4a.mp4'
675.0870 	EXP 	vid4_q: autoLog = True
675.0870 	EXP 	vid5_q: movie = 'stims/wedding-9.5.mp4'
675.0870 	EXP 	vid5_q: autoLog = True
677.6706 	EXP 	window1: recordFrameIntervals = False
679.8478 	DATA 	Keypress: equal
679.8549 	DATA 	Keypress: equal
679.8570 	DATA 	Keypress: equal
679.8591 	DATA 	Keypress: equal
680.0551 	EXP 	vid1a_q: movie = 'stims/wedding-9.1a.mp4'
680.0551 	EXP 	vid1b_q: movie = 'stims/wedding-9.1b.mp4'
680.0551 	EXP 	vid2_q: movie = 'stims/wedding-9.2a.mp4'
680.0551 	EXP 	vid3_q: movie = 'stims/wedding-9.3a.mp4'
680.0551 	EXP 	vid4_q: movie = 'stims/wedding-9.4a.mp4'
680.0551 	EXP 	vid5_q: movie = 'stims/wedding-9.5.mp4'
680.0702 	EXP 	vid1a_q: autoDraw = True
681.1555 	DATA 	Keypress: equal
682.6558 	DATA 	Keypress: equal
684.1557 	DATA 	Keypress: equal
685.6554 	DATA 	Keypress: equal
687.1553 	DATA 	Keypress: equal
688.6556 	DATA 	Keypress: equal
690.1554 	DATA 	Keypress: equal
691.6557 	DATA 	Keypress: equal
693.1555 	DATA 	Keypress: equal
694.3867 	EXP 	vid1a_q: autoDraw = False
694.4032 	EXP 	vid1b_q: autoDraw = True
694.6553 	DATA 	Keypress: equal
696.1555 	DATA 	Keypress: equal
697.6555 	DATA 	Keypress: equal
699.1557 	DATA 	Keypress: equal
700.6554 	DATA 	Keypress: equal
702.1552 	DATA 	Keypress: equal
703.3866 	EXP 	vid1b_q: autoDraw = False
703.4032 	EXP 	vid2_q: autoDraw = True
703.6554 	DATA 	Keypress: equal
705.1555 	DATA 	Keypress: equal
706.6553 	DATA 	Keypress: equal
708.1704 	DATA 	Keypress: equal
709.6551 	DATA 	Keypress: equal
711.1553 	DATA 	Keypress: equal
712.6552 	DATA 	Keypress: equal
714.1549 	DATA 	Keypress: equal
715.6552 	DATA 	Keypress: equal
717.1551 	DATA 	Keypress: equal
718.6551 	DATA 	Keypress: equal
720.1548 	DATA 	Keypress: equal
720.3863 	EXP 	vid2_q: autoDraw = False
720.4031 	EXP 	l2q: autoDraw = True
721.6547 	DATA 	Keypress: equal
723.1546 	DATA 	Keypress: equal
723.1880 	DATA 	Keypress: 2
724.3863 	EXP 	l2q: autoDraw = False
724.4030 	EXP 	vid3_q: autoDraw = True
724.6792 	DATA 	Keypress: equal
726.1548 	DATA 	Keypress: equal
727.6549 	DATA 	Keypress: equal
729.1550 	DATA 	Keypress: equal
730.6550 	DATA 	Keypress: equal
732.1551 	DATA 	Keypress: equal
733.6548 	DATA 	Keypress: equal
735.1549 	DATA 	Keypress: equal
736.6548 	DATA 	Keypress: equal
738.1548 	DATA 	Keypress: equal
739.6547 	DATA 	Keypress: equal
741.1549 	DATA 	Keypress: equal
742.6547 	DATA 	Keypress: equal
744.1546 	DATA 	Keypress: equal
745.6544 	DATA 	Keypress: equal
747.1547 	DATA 	Keypress: equal
747.3193 	EXP 	Set vid3_q finished
747.4027 	EXP 	l3q: autoDraw = True
748.6545 	DATA 	Keypress: equal
750.0542 	DATA 	Keypress: 1
750.1543 	DATA 	Keypress: equal
751.3859 	EXP 	l3q: autoDraw = False
751.4026 	EXP 	vid4_q: autoDraw = True
751.6550 	DATA 	Keypress: equal
753.1546 	DATA 	Keypress: equal
754.6545 	DATA 	Keypress: equal
756.1546 	DATA 	Keypress: equal
757.6545 	DATA 	Keypress: equal
759.1546 	DATA 	Keypress: equal
760.6546 	DATA 	Keypress: equal
762.1546 	DATA 	Keypress: equal
763.6545 	DATA 	Keypress: equal
765.1544 	DATA 	Keypress: equal
766.6546 	DATA 	Keypress: equal
768.1544 	DATA 	Keypress: equal
769.6544 	DATA 	Keypress: equal
771.1542 	DATA 	Keypress: equal
772.6547 	DATA 	Keypress: equal
774.1544 	DATA 	Keypress: equal
775.3857 	EXP 	vid4_q: autoDraw = False
775.4022 	EXP 	vid5_q: autoDraw = True
775.6531 	DATA 	Keypress: equal
777.1544 	DATA 	Keypress: equal
778.6544 	DATA 	Keypress: equal
780.1543 	DATA 	Keypress: equal
781.6542 	DATA 	Keypress: equal
783.1543 	DATA 	Keypress: equal
784.6540 	DATA 	Keypress: equal
786.1541 	DATA 	Keypress: equal
787.6540 	DATA 	Keypress: equal
787.9522 	EXP 	Set vid5_q finished
788.2417 	EXP 	window1: recordFrameIntervals = False
788.2522 	EXP 	vid1a_q: autoDraw = False
788.2522 	EXP 	vid1b_q: autoDraw = False
788.2522 	EXP 	vid2_q: autoDraw = False
788.2522 	EXP 	l2q: autoDraw = False
788.2522 	EXP 	vid3_q: autoDraw = False
788.2522 	EXP 	l3q: autoDraw = False
788.2522 	EXP 	vid4_q: autoDraw = False
788.2522 	EXP 	vid5_q: autoDraw = False
788.4020 	EXP 	window1: recordFrameIntervals = False
790.0284 	DATA 	Keypress: equal
790.2521 	EXP 	eggPainting1: image = 'stimsday1details/newegg3.png'
790.2521 	EXP 	eggPainting2: image = 'stimsday1details/egg9.png'
790.2521 	EXP 	character1: image = 'stimsday1details/newperson3.png'
790.2521 	EXP 	character2: image = 'stimsday1details/couple9.png'
790.2521 	EXP 	gift1: image = 'stimsday1details/gift9.png'
790.2521 	EXP 	gift2: image = 'stimsday1details/new3.png'
790.2521 	EXP 	themeQ1: image = 'stimsday1details/t9.png'
790.2521 	EXP 	themeQ2: image = 'stimsday1details/ct9.png'
790.2521 	EXP 	nameQ1: image = 'stimsday1details/n9.png'
790.2521 	EXP 	nameQ2: image = 'stimsday1details/cn9.png'
790.2521 	EXP 	nameQ1: autoDraw = True
790.2521 	EXP 	nameQ2: autoDraw = True
790.6542 	DATA 	Keypress: equal
791.5372 	DATA 	Keypress: 1
792.1535 	DATA 	Keypress: equal
792.2354 	EXP 	nameQ1: autoDraw = False
792.2354 	EXP 	nameQ2: autoDraw = False
792.2354 	EXP 	nameQ1: autoDraw = False
792.2354 	EXP 	nameQ2: autoDraw = False
792.2354 	EXP 	eggPainting1: autoDraw = True
792.2354 	EXP 	eggPainting2: autoDraw = True
793.3536 	DATA 	Keypress: 2
793.6534 	DATA 	Keypress: equal
794.2355 	EXP 	eggPainting1: autoDraw = False
794.2355 	EXP 	eggPainting2: autoDraw = False
794.2355 	EXP 	eggPainting1: autoDraw = False
794.2355 	EXP 	eggPainting2: autoDraw = False
794.2355 	EXP 	character1: autoDraw = True
794.2355 	EXP 	character2: autoDraw = True
795.1538 	DATA 	Keypress: equal
795.5702 	DATA 	Keypress: 2
796.2353 	EXP 	character1: autoDraw = False
796.2353 	EXP 	character2: autoDraw = False
796.2353 	EXP 	character1: autoDraw = False
796.2353 	EXP 	character2: autoDraw = False
796.2353 	EXP 	themeQ1: autoDraw = True
796.2353 	EXP 	themeQ2: autoDraw = True
796.6536 	DATA 	Keypress: equal
797.8035 	DATA 	Keypress: 1
798.1534 	DATA 	Keypress: equal
798.2354 	EXP 	themeQ1: autoDraw = False
798.2354 	EXP 	themeQ2: autoDraw = False
798.2354 	EXP 	themeQ1: autoDraw = False
798.2354 	EXP 	themeQ2: autoDraw = False
798.2354 	EXP 	gift1: autoDraw = True
798.2354 	EXP 	gift2: autoDraw = True
799.6535 	DATA 	Keypress: equal
799.8036 	DATA 	Keypress: 1
800.2353 	EXP 	gift1: autoDraw = False
800.2353 	EXP 	gift2: autoDraw = False
800.2353 	EXP 	gift1: autoDraw = False
800.2353 	EXP 	gift2: autoDraw = False
800.2353 	EXP 	northorsouth1: autoDraw = True
800.2353 	EXP 	northorsouth2: autoDraw = True
801.1538 	DATA 	Keypress: equal
801.2878 	DATA 	Keypress: 1
802.7054 	DATA 	Keypress: equal
802.7187 	EXP 	northorsouth1: autoDraw = False
802.7187 	EXP 	northorsouth2: autoDraw = False
802.7187 	EXP 	northorsouth1: autoDraw = False
802.7187 	EXP 	northorsouth2: autoDraw = False
803.0220 	EXP 	window1: mouseVisible = True
