1.8173 	WARNING 	Import Error: No module named 'psychtoolbox'. Using event module for keyboard component.
4.9226 	WARNING 	User requested fullscreen with size [2560 1440], but screen is actually [1920, 1080]. Using actual size
5.5788 	EXP 	Created window1 = Window(allowGUI=False, allowStencil=False, args=UNKNOWN, autoLog=True, bitsMode=UNKNOWN, blendMode='avg', color=array([0., 0., 0.]), colorSpace='rgb', fullscr=<method-wrapper '__getattribute__' of attributeSetter object at 0x131e32c160>, gamma=None, kwargs=UNKNOWN, lms=UNKNOWN, monitor=<psychopy.monitors.calibTools.Monitor object at 0x131ffbca20>, multiSample=False, name='window1', numSamples=2, pos=[0.0, 0.0], screen=0, size=array([1920, 1080]), stereo=False, units='norm', useFBO=True, useRetina=False, viewOri=0.0, viewPos=None, viewScale=None, waitBlanking=True, winType='pyglet')
5.5788 	EXP 	window1: recordFrameIntervals = False
5.7447 	EXP 	window1: recordFrameIntervals = True
5.9291 	EXP 	window1: recordFrameIntervals = False
6.0522 	EXP 	Created text = TextStim(__class__=<class 'psychopy.visual.text.TextStim'>, alignHoriz='center', alignVert='center', antialias=True, autoLog=True, bold=False, color='white', colorSpace='named', contrast=1.0, depth=0.0, flipHoriz=False, flipVert=False, font='Arial', fontFiles=[], height=0.1, italic=False, languageStyle='LTR', name='text', opacity=1.0, ori=0, pos=array([0., 0.]), rgb=array([255., 255., 255.]), text='waiting for experimenter...', units='norm', win=Window(...), wrapWidth=1)
6.0608 	EXP 	Created waiting = TextStim(__class__=<class 'psychopy.visual.text.TextStim'>, alignHoriz='center', alignVert='center', antialias=True, autoLog=True, bold=False, color='white', colorSpace='named', contrast=1.0, depth=0.0, flipHoriz=False, flipVert=False, font='Arial', fontFiles=[], height=0.1, italic=False, languageStyle='LTR', name='waiting', opacity=1.0, ori=0, pos=array([0., 0.]), rgb=array([255., 255., 255.]), text='waiting for scanner', units='norm', win=Window(...), wrapWidth=1)
6.0838 	EXP 	Created image_2 = ImageStim(__class__=<class 'psychopy.visual.image.ImageStim'>, autoLog=True, color=array([1., 1., 1.]), colorSpace='rgb', contrast=1.0, depth=0.0, flipHoriz=False, flipVert=False, image='south.png', interpolate=True, mask=None, maskParams=None, name='image_2', opacity=1.0, ori=0.0, pos=array([0., 0.]), size=array([0.5, 0.5]), texRes=128, units='norm', win=Window(...))
6.0941 	EXP 	Created l2q = ImageStim(__class__=<class 'psychopy.visual.image.ImageStim'>, autoLog=True, color=array([1., 1., 1.]), colorSpace='rgb', contrast=1.0, depth=-4.0, flipHoriz=False, flipVert=False, image='LAYER2Q.png', interpolate=True, mask=None, maskParams=None, name='l2q', opacity=1.0, ori=0.0, pos=array([0., 0.]), size=array([0.5, 0.5]), texRes=128, units='norm', win=Window(...))
6.1044 	EXP 	Created l3q = ImageStim(__class__=<class 'psychopy.visual.image.ImageStim'>, autoLog=True, color=array([1., 1., 1.]), colorSpace='rgb', contrast=1.0, depth=-6.0, flipHoriz=False, flipVert=False, image='LAYER3Q.png', interpolate=True, mask=None, maskParams=None, name='l3q', opacity=1.0, ori=0.0, pos=array([0., 0.]), size=array([0.5, 0.5]), texRes=128, units='norm', win=Window(...))
6.1110 	EXP 	Created nameQ1 = ImageStim(__class__=<class 'psychopy.visual.image.ImageStim'>, autoLog=True, color=array([1., 1., 1.]), colorSpace='rgb', contrast=1.0, depth=-1.0, flipHoriz=False, flipVert=False, image='sin', interpolate=True, mask=None, maskParams=None, name='nameQ1', opacity=1.0, ori=0.0, pos=array([-0.5, -0.2]), size=array([0.5, 0.5]), texRes=128, units='norm', win=Window(...))
6.1134 	EXP 	Created nameQ2 = ImageStim(__class__=<class 'psychopy.visual.image.ImageStim'>, autoLog=True, color=array([1., 1., 1.]), colorSpace='rgb', contrast=1.0, depth=-2.0, flipHoriz=False, flipVert=False, image='sin', interpolate=True, mask=None, maskParams=None, name='nameQ2', opacity=1.0, ori=0.0, pos=array([ 0.5, -0.2]), size=array([0.5, 0.5]), texRes=128, units='norm', win=Window(...))
6.1159 	EXP 	Created eggPainting1 = ImageStim(__class__=<class 'psychopy.visual.image.ImageStim'>, autoLog=True, color=array([1., 1., 1.]), colorSpace='rgb', contrast=1.0, depth=0.0, flipHoriz=False, flipVert=False, image='sin', interpolate=True, mask=None, maskParams=None, name='eggPainting1', opacity=1.0, ori=0.0, pos=array([-0.5, -0.2]), size=array([0.7, 1. ]), texRes=128, units='norm', win=Window(...))
6.1183 	EXP 	Created eggPainting2 = ImageStim(__class__=<class 'psychopy.visual.image.ImageStim'>, autoLog=True, color=array([1., 1., 1.]), colorSpace='rgb', contrast=1.0, depth=-2.0, flipHoriz=False, flipVert=False, image='sin', interpolate=True, mask=None, maskParams=None, name='eggPainting2', opacity=1.0, ori=0.0, pos=array([ 0.5, -0.2]), size=array([0.7, 1. ]), texRes=128, units='norm', win=Window(...))
6.1207 	EXP 	Created character1 = ImageStim(__class__=<class 'psychopy.visual.image.ImageStim'>, autoLog=True, color=array([1., 1., 1.]), colorSpace='rgb', contrast=1.0, depth=0.0, flipHoriz=False, flipVert=False, image='sin', interpolate=True, mask=None, maskParams=None, name='character1', opacity=1.0, ori=0.0, pos=array([-0.5, -0.2]), size=array([0.5, 1. ]), texRes=128, units='norm', win=Window(...))
6.1231 	EXP 	Created character2 = ImageStim(__class__=<class 'psychopy.visual.image.ImageStim'>, autoLog=True, color=array([1., 1., 1.]), colorSpace='rgb', contrast=1.0, depth=-1.0, flipHoriz=False, flipVert=False, image='sin', interpolate=True, mask=None, maskParams=None, name='character2', opacity=1.0, ori=0.0, pos=array([ 0.5, -0.2]), size=array([0.5, 1. ]), texRes=128, units='norm', win=Window(...))
6.1255 	EXP 	Created themeQ1 = ImageStim(__class__=<class 'psychopy.visual.image.ImageStim'>, autoLog=True, color=array([1., 1., 1.]), colorSpace='rgb', contrast=1.0, depth=-1.0, flipHoriz=False, flipVert=False, image='sin', interpolate=True, mask=None, maskParams=None, name='themeQ1', opacity=1.0, ori=0.0, pos=array([-0.5, -0.2]), size=array([0.5, 0.5]), texRes=128, units='norm', win=Window(...))
6.1279 	EXP 	Created themeQ2 = ImageStim(__class__=<class 'psychopy.visual.image.ImageStim'>, autoLog=True, color=array([1., 1., 1.]), colorSpace='rgb', contrast=1.0, depth=-2.0, flipHoriz=False, flipVert=False, image='sin', interpolate=True, mask=None, maskParams=None, name='themeQ2', opacity=1.0, ori=0.0, pos=array([ 0.5, -0.2]), size=array([0.5, 0.5]), texRes=128, units='norm', win=Window(...))
6.1303 	EXP 	Created gift1 = ImageStim(__class__=<class 'psychopy.visual.image.ImageStim'>, autoLog=True, color=array([1., 1., 1.]), colorSpace='rgb', contrast=1.0, depth=0.0, flipHoriz=False, flipVert=False, image='sin', interpolate=True, mask=None, maskParams=None, name='gift1', opacity=1.0, ori=0.0, pos=array([-0.5, -0.2]), size=array([0.5, 0.5]), texRes=128, units='norm', win=Window(...))
6.1327 	EXP 	Created gift2 = ImageStim(__class__=<class 'psychopy.visual.image.ImageStim'>, autoLog=True, color=array([1., 1., 1.]), colorSpace='rgb', contrast=1.0, depth=-1.0, flipHoriz=False, flipVert=False, image='sin', interpolate=True, mask=None, maskParams=None, name='gift2', opacity=1.0, ori=0.0, pos=array([ 0.5, -0.2]), size=array([0.5, 0.5]), texRes=128, units='norm', win=Window(...))
6.1366 	EXP 	Created northorsouth1 = ImageStim(__class__=<class 'psychopy.visual.image.ImageStim'>, autoLog=True, color=array([1., 1., 1.]), colorSpace='rgb', contrast=1.0, depth=0.0, flipHoriz=False, flipVert=False, image='northorsouth1.png', interpolate=True, mask=None, maskParams=None, name='northorsouth1', opacity=1.0, ori=0.0, pos=array([-0.5, -0.2]), size=array([0.5, 0.5]), texRes=128, units='norm', win=Window(...))
6.1403 	EXP 	Created northorsouth2 = ImageStim(__class__=<class 'psychopy.visual.image.ImageStim'>, autoLog=True, color=array([1., 1., 1.]), colorSpace='rgb', contrast=1.0, depth=-2.0, flipHoriz=False, flipVert=False, image='northorsouth2.png', interpolate=True, mask=None, maskParams=None, name='northorsouth2', opacity=1.0, ori=0.0, pos=array([ 0.5, -0.2]), size=array([0.5, 0.5]), texRes=128, units='norm', win=Window(...))
6.1614 	EXP 	text: autoDraw = True
6.9863 	DATA 	Keypress: g
6.9950 	EXP 	text: autoDraw = False
6.9950 	EXP 	waiting: autoDraw = True
25.6138 	DATA 	Keypress: equal
25.6260 	EXP 	Imported chooseBlock3.csv as conditions, 6 conditions, 1 params
25.6265 	EXP 	Created sequence: random, trialTypes=6, nReps=1, seed=None
25.6269 	EXP 	New trial (rep=0, index=0): OrderedDict([('condsFile', 'videoBlock_schemaS_pathA_3.csv')])
25.6368 	EXP 	Imported videoBlock_schemaS_pathA_3.csv as conditions, 1 conditions, 17 params
25.6371 	EXP 	Created sequence: random, trialTypes=1, nReps=1, seed=None
25.6378 	EXP 	New trial (rep=0, index=0): OrderedDict([('northOrSouth', 'south.png'), ('stimFile1a', 'stims/wedding-36.1a.mp4'), ('stimFile1b', 'stims/wedding-36.1b.mp4'), ('stimFile2', 'stims/wedding-36.2a.mp4'), ('stimFile3', 'stims/wedding-36.3b.mp4'), ('stimFile4', 'stims/wedding-36.4a.mp4'), ('stimFile5', 'stims/wedding-36.5.mp4'), ('QeggPainting1', 'stimsday1details/egg36.png'), ('Qcharacter1', 'stimsday1details/couple36.png'), ('Qgift1', 'stimsday1details/gift36.png'), ('QeggPainting2', 'stimsday1details/newegg9.png'), ('Qcharacter2', 'stimsday1details/newperson9.png'), ('Qgift2', 'stimsday1details/new9.png'), ('Qname1', 'stimsday1details/n36.png'), ('Qtheme1', 'stimsday1details/t36.png'), ('Qname2', 'stimsday1details/cn36.png'), ('Qtheme2', 'stimsday1details/ct36.png')])
25.6487 	EXP 	waiting: autoDraw = False
25.6487 	EXP 	image_2: autoDraw = True
27.1137 	DATA 	Keypress: equal
27.6296 	EXP 	Created sequence: random, trialTypes=1, nReps=1, seed=None
27.6299 	EXP 	New trial (rep=0, index=0): None
28.2788 	EXP 	Created vid1a = MovieStim3(__class__=<class 'psychopy.visual.movie3.MovieStim3'>, autoLog=True, color=UNKNOWN, colorSpace=UNKNOWN, depth=-1.0, filename='stims/wedding-36.1a.mp4', flipHoriz=False, flipVert=False, fps=UNKNOWN, interpolate=True, loop=False, name='vid1a', noAudio=False, opacity=1.0, ori=0, pos=array([0., 0.]), size=array([1280.,  720.]), units='pix', vframe_callback=UNKNOWN, volume=UNKNOWN, win=Window(...))
28.6525 	EXP 	Created vid1b = MovieStim3(__class__=<class 'psychopy.visual.movie3.MovieStim3'>, autoLog=True, color=UNKNOWN, colorSpace=UNKNOWN, depth=-2.0, filename='stims/wedding-36.1b.mp4', flipHoriz=False, flipVert=False, fps=UNKNOWN, interpolate=True, loop=False, name='vid1b', noAudio=False, opacity=1.0, ori=0, pos=array([0., 0.]), size=array([1280.,  720.]), units='pix', vframe_callback=UNKNOWN, volume=UNKNOWN, win=Window(...))
29.1169 	EXP 	Created vid2 = MovieStim3(__class__=<class 'psychopy.visual.movie3.MovieStim3'>, autoLog=True, color=UNKNOWN, colorSpace=UNKNOWN, depth=-3.0, filename='stims/wedding-36.2a.mp4', flipHoriz=False, flipVert=False, fps=UNKNOWN, interpolate=True, loop=False, name='vid2', noAudio=False, opacity=1.0, ori=0, pos=array([0., 0.]), size=array([1280.,  720.]), units='pix', vframe_callback=UNKNOWN, volume=UNKNOWN, win=Window(...))
29.6389 	EXP 	Created vid3 = MovieStim3(__class__=<class 'psychopy.visual.movie3.MovieStim3'>, autoLog=True, color=UNKNOWN, colorSpace=UNKNOWN, depth=-4.0, filename='stims/wedding-36.3b.mp4', flipHoriz=False, flipVert=False, fps=UNKNOWN, interpolate=True, loop=False, name='vid3', noAudio=False, opacity=1.0, ori=0, pos=array([0., 0.]), size=array([1280.,  720.]), units='pix', vframe_callback=UNKNOWN, volume=UNKNOWN, win=Window(...))
30.1709 	EXP 	Created vid4 = MovieStim3(__class__=<class 'psychopy.visual.movie3.MovieStim3'>, autoLog=True, color=UNKNOWN, colorSpace=UNKNOWN, depth=-5.0, filename='stims/wedding-36.4a.mp4', flipHoriz=False, flipVert=False, fps=UNKNOWN, interpolate=True, loop=False, name='vid4', noAudio=False, opacity=1.0, ori=0, pos=array([0., 0.]), size=array([1280.,  720.]), units='pix', vframe_callback=UNKNOWN, volume=UNKNOWN, win=Window(...))
30.5478 	EXP 	Created vid5 = MovieStim3(__class__=<class 'psychopy.visual.movie3.MovieStim3'>, autoLog=True, color=UNKNOWN, colorSpace=UNKNOWN, depth=-6.0, filename='stims/wedding-36.5.mp4', flipHoriz=False, flipVert=False, fps=UNKNOWN, interpolate=True, loop=False, name='vid5', noAudio=False, opacity=1.0, ori=0, pos=array([0., 0.]), size=array([1280.,  720.]), units='pix', vframe_callback=UNKNOWN, volume=UNKNOWN, win=Window(...))
30.5928 	EXP 	Created sequence: random, trialTypes=1, nReps=1, seed=None
30.5932 	EXP 	New trial (rep=0, index=0): None
31.1333 	EXP 	Created vid1a_q = MovieStim3(__class__=<class 'psychopy.visual.movie3.MovieStim3'>, autoLog=True, color=UNKNOWN, colorSpace=UNKNOWN, depth=-1.0, filename='stims/wedding-36.1a.mp4', flipHoriz=False, flipVert=False, fps=UNKNOWN, interpolate=True, loop=False, name='vid1a_q', noAudio=False, opacity=1.0, ori=0, pos=array([0., 0.]), size=array([1280.,  720.]), units='pix', vframe_callback=UNKNOWN, volume=UNKNOWN, win=Window(...))
31.4969 	EXP 	Created vid1b_q = MovieStim3(__class__=<class 'psychopy.visual.movie3.MovieStim3'>, autoLog=True, color=UNKNOWN, colorSpace=UNKNOWN, depth=-2.0, filename='stims/wedding-36.1b.mp4', flipHoriz=False, flipVert=False, fps=UNKNOWN, interpolate=True, loop=False, name='vid1b_q', noAudio=False, opacity=1.0, ori=0, pos=array([0., 0.]), size=array([1280.,  720.]), units='pix', vframe_callback=UNKNOWN, volume=UNKNOWN, win=Window(...))
31.9457 	EXP 	Created vid2_q = MovieStim3(__class__=<class 'psychopy.visual.movie3.MovieStim3'>, autoLog=True, color=UNKNOWN, colorSpace=UNKNOWN, depth=-3.0, filename='stims/wedding-36.2a.mp4', flipHoriz=False, flipVert=False, fps=UNKNOWN, interpolate=True, loop=False, name='vid2_q', noAudio=False, opacity=1.0, ori=0, pos=array([0., 0.]), size=array([1280.,  720.]), units='pix', vframe_callback=UNKNOWN, volume=UNKNOWN, win=Window(...))
32.4507 	EXP 	Created vid3_q = MovieStim3(__class__=<class 'psychopy.visual.movie3.MovieStim3'>, autoLog=True, color=UNKNOWN, colorSpace=UNKNOWN, depth=-5.0, filename='stims/wedding-36.3b.mp4', flipHoriz=False, flipVert=False, fps=UNKNOWN, interpolate=True, loop=False, name='vid3_q', noAudio=False, opacity=1.0, ori=0, pos=array([0., 0.]), size=array([1280.,  720.]), units='pix', vframe_callback=UNKNOWN, volume=UNKNOWN, win=Window(...))
32.9661 	EXP 	Created vid4_q = MovieStim3(__class__=<class 'psychopy.visual.movie3.MovieStim3'>, autoLog=True, color=UNKNOWN, colorSpace=UNKNOWN, depth=-7.0, filename='stims/wedding-36.4a.mp4', flipHoriz=False, flipVert=False, fps=UNKNOWN, interpolate=True, loop=False, name='vid4_q', noAudio=False, opacity=1.0, ori=0, pos=array([0., 0.]), size=array([1280.,  720.]), units='pix', vframe_callback=UNKNOWN, volume=UNKNOWN, win=Window(...))
33.3425 	EXP 	Created vid5_q = MovieStim3(__class__=<class 'psychopy.visual.movie3.MovieStim3'>, autoLog=True, color=UNKNOWN, colorSpace=UNKNOWN, depth=-8.0, filename='stims/wedding-36.5.mp4', flipHoriz=False, flipVert=False, fps=UNKNOWN, interpolate=True, loop=False, name='vid5_q', noAudio=False, opacity=1.0, ori=0, pos=array([0., 0.]), size=array([1280.,  720.]), units='pix', vframe_callback=UNKNOWN, volume=UNKNOWN, win=Window(...))
33.3430 	EXP 	window1: recordFrameIntervals = False
33.3468 	DATA 	Keypress: equal
33.3496 	DATA 	Keypress: equal
33.3521 	DATA 	Keypress: equal
33.3541 	DATA 	Keypress: equal
33.3619 	EXP 	image_2: autoDraw = False
33.3619 	EXP 	vid1a: movie = 'stims/wedding-36.1a.mp4'
33.3619 	EXP 	vid1a: autoLog = True
33.3619 	EXP 	vid1b: movie = 'stims/wedding-36.1b.mp4'
33.3619 	EXP 	vid1b: autoLog = True
33.3619 	EXP 	vid2: movie = 'stims/wedding-36.2a.mp4'
33.3619 	EXP 	vid2: autoLog = True
33.3619 	EXP 	vid3: movie = 'stims/wedding-36.3b.mp4'
33.3619 	EXP 	vid3: autoLog = True
33.3619 	EXP 	vid4: movie = 'stims/wedding-36.4a.mp4'
33.3619 	EXP 	vid4: autoLog = True
33.3619 	EXP 	vid5: movie = 'stims/wedding-36.5.mp4'
33.3619 	EXP 	vid5: autoLog = True
33.3619 	EXP 	vid1a: autoDraw = False
33.3619 	EXP 	vid1b: autoDraw = False
33.3619 	EXP 	vid2: autoDraw = False
33.3619 	EXP 	vid3: autoDraw = False
33.3619 	EXP 	vid4: autoDraw = False
33.3619 	EXP 	vid5: autoDraw = False
33.3619 	EXP 	vid1a_q: movie = 'stims/wedding-36.1a.mp4'
33.3619 	EXP 	vid1a_q: autoLog = True
33.3619 	EXP 	vid1b_q: movie = 'stims/wedding-36.1b.mp4'
33.3619 	EXP 	vid1b_q: autoLog = True
33.3619 	EXP 	vid2_q: movie = 'stims/wedding-36.2a.mp4'
33.3619 	EXP 	vid2_q: autoLog = True
33.3619 	EXP 	vid3_q: movie = 'stims/wedding-36.3b.mp4'
33.3619 	EXP 	vid3_q: autoLog = True
33.3619 	EXP 	vid4_q: movie = 'stims/wedding-36.4a.mp4'
33.3619 	EXP 	vid4_q: autoLog = True
33.3619 	EXP 	vid5_q: movie = 'stims/wedding-36.5.mp4'
33.3619 	EXP 	vid5_q: autoLog = True
36.1290 	EXP 	window1: recordFrameIntervals = False
37.6308 	DATA 	Keypress: equal
37.6331 	DATA 	Keypress: equal
37.6351 	DATA 	Keypress: equal
37.8446 	EXP 	vid1a_q: movie = 'stims/wedding-36.1a.mp4'
37.8446 	EXP 	vid1b_q: movie = 'stims/wedding-36.1b.mp4'
37.8446 	EXP 	vid2_q: movie = 'stims/wedding-36.2a.mp4'
37.8446 	EXP 	vid3_q: movie = 'stims/wedding-36.3b.mp4'
37.8446 	EXP 	vid4_q: movie = 'stims/wedding-36.4a.mp4'
37.8446 	EXP 	vid5_q: movie = 'stims/wedding-36.5.mp4'
37.8625 	EXP 	vid1a_q: autoDraw = True
39.1087 	DATA 	Keypress: equal
40.6134 	DATA 	Keypress: equal
42.1137 	DATA 	Keypress: equal
43.6078 	DATA 	Keypress: equal
45.1096 	DATA 	Keypress: equal
46.6173 	DATA 	Keypress: equal
48.1127 	DATA 	Keypress: equal
49.6133 	DATA 	Keypress: equal
51.1128 	DATA 	Keypress: equal
52.6124 	DATA 	Keypress: equal
54.1129 	DATA 	Keypress: equal
55.6175 	DATA 	Keypress: equal
57.1173 	DATA 	Keypress: equal
58.6137 	DATA 	Keypress: equal
60.1130 	DATA 	Keypress: equal
61.6133 	DATA 	Keypress: equal
63.1170 	DATA 	Keypress: equal
64.6069 	DATA 	Keypress: equal
66.1084 	DATA 	Keypress: equal
66.9616 	EXP 	Set vid1a_q finished
67.6112 	EXP 	vid1b_q: autoDraw = True
67.6131 	DATA 	Keypress: equal
69.1131 	DATA 	Keypress: equal
70.6184 	DATA 	Keypress: equal
72.1144 	DATA 	Keypress: equal
73.6146 	DATA 	Keypress: equal
75.1195 	DATA 	Keypress: equal
76.6064 	DATA 	Keypress: equal
76.6113 	EXP 	vid1b_q: autoDraw = False
76.6113 	EXP 	vid2_q: autoDraw = True
78.1128 	DATA 	Keypress: equal
79.6132 	DATA 	Keypress: equal
81.1073 	DATA 	Keypress: equal
82.6084 	DATA 	Keypress: equal
84.1074 	DATA 	Keypress: equal
85.6135 	DATA 	Keypress: equal
87.1071 	DATA 	Keypress: equal
88.6096 	DATA 	Keypress: equal
90.1135 	DATA 	Keypress: equal
91.6078 	DATA 	Keypress: equal
93.1133 	DATA 	Keypress: equal
93.6151 	EXP 	vid2_q: autoDraw = False
93.6151 	EXP 	l2q: autoDraw = True
94.6171 	DATA 	Keypress: equal
96.1169 	DATA 	Keypress: equal
96.2287 	DATA 	Keypress: 1
97.6102 	EXP 	l2q: autoDraw = False
97.6102 	EXP 	vid3_q: autoDraw = True
97.6119 	DATA 	Keypress: equal
99.1125 	DATA 	Keypress: equal
100.6123 	DATA 	Keypress: equal
102.1125 	DATA 	Keypress: equal
103.6129 	DATA 	Keypress: equal
105.1125 	DATA 	Keypress: equal
106.6168 	DATA 	Keypress: equal
108.1127 	DATA 	Keypress: equal
109.6063 	DATA 	Keypress: equal
111.1128 	DATA 	Keypress: equal
112.6310 	DATA 	Keypress: equal
114.1091 	DATA 	Keypress: equal
115.6098 	DATA 	Keypress: equal
117.1130 	DATA 	Keypress: equal
118.6125 	DATA 	Keypress: equal
120.1030 	DATA 	Keypress: equal
120.6100 	EXP 	vid3_q: autoDraw = False
120.6100 	EXP 	l3q: autoDraw = True
121.6117 	DATA 	Keypress: equal
123.1125 	DATA 	Keypress: equal
124.6037 	DATA 	Keypress: equal
124.6108 	EXP 	l3q: autoDraw = False
124.6108 	EXP 	vid4_q: autoDraw = True
124.8451 	DATA 	Keypress: 2
126.1122 	DATA 	Keypress: equal
127.6113 	DATA 	Keypress: equal
129.1386 	DATA 	Keypress: equal
130.6043 	DATA 	Keypress: equal
132.1122 	DATA 	Keypress: equal
133.6020 	DATA 	Keypress: equal
135.1025 	DATA 	Keypress: equal
136.6077 	DATA 	Keypress: equal
138.1031 	DATA 	Keypress: equal
139.6031 	DATA 	Keypress: equal
141.1020 	DATA 	Keypress: equal
142.6023 	DATA 	Keypress: equal
144.1022 	DATA 	Keypress: equal
145.6085 	DATA 	Keypress: equal
147.1114 	DATA 	Keypress: equal
148.2760 	EXP 	Set vid4_q finished
148.6038 	DATA 	Keypress: equal
148.6095 	EXP 	vid5_q: autoDraw = True
150.1113 	DATA 	Keypress: equal
151.6119 	DATA 	Keypress: equal
153.1113 	DATA 	Keypress: equal
154.6126 	DATA 	Keypress: equal
156.1086 	DATA 	Keypress: equal
157.6276 	DATA 	Keypress: equal
159.1041 	DATA 	Keypress: equal
160.6018 	DATA 	Keypress: equal
161.3599 	EXP 	Set vid5_q finished
161.4842 	EXP 	window1: recordFrameIntervals = False
161.4936 	EXP 	vid1a_q: autoDraw = False
161.4936 	EXP 	vid1b_q: autoDraw = False
161.4936 	EXP 	vid2_q: autoDraw = False
161.4936 	EXP 	l2q: autoDraw = False
161.4936 	EXP 	vid3_q: autoDraw = False
161.4936 	EXP 	l3q: autoDraw = False
161.4936 	EXP 	vid4_q: autoDraw = False
161.4936 	EXP 	vid5_q: autoDraw = False
161.6980 	EXP 	window1: recordFrameIntervals = False
163.2708 	DATA 	Keypress: equal
163.4931 	EXP 	eggPainting1: image = 'stimsday1details/egg36.png'
163.4931 	EXP 	eggPainting2: image = 'stimsday1details/newegg9.png'
163.4931 	EXP 	character1: image = 'stimsday1details/couple36.png'
163.4931 	EXP 	character2: image = 'stimsday1details/newperson9.png'
163.4931 	EXP 	gift1: image = 'stimsday1details/gift36.png'
163.4931 	EXP 	gift2: image = 'stimsday1details/new9.png'
163.4931 	EXP 	themeQ1: image = 'stimsday1details/t36.png'
163.4931 	EXP 	themeQ2: image = 'stimsday1details/ct36.png'
163.4931 	EXP 	nameQ1: image = 'stimsday1details/n36.png'
163.4931 	EXP 	nameQ2: image = 'stimsday1details/cn36.png'
163.4931 	EXP 	nameQ1: autoDraw = True
163.4931 	EXP 	nameQ2: autoDraw = True
163.6108 	DATA 	Keypress: equal
164.6455 	DATA 	Keypress: 1
165.1159 	DATA 	Keypress: equal
165.4770 	EXP 	nameQ1: autoDraw = False
165.4770 	EXP 	nameQ2: autoDraw = False
165.4770 	EXP 	nameQ1: autoDraw = False
165.4770 	EXP 	nameQ2: autoDraw = False
165.4770 	EXP 	eggPainting1: autoDraw = True
165.4770 	EXP 	eggPainting2: autoDraw = True
166.2438 	DATA 	Keypress: 1
166.6109 	DATA 	Keypress: equal
167.4758 	EXP 	eggPainting1: autoDraw = False
167.4758 	EXP 	eggPainting2: autoDraw = False
167.4758 	EXP 	eggPainting1: autoDraw = False
167.4758 	EXP 	eggPainting2: autoDraw = False
167.4758 	EXP 	character1: autoDraw = True
167.4758 	EXP 	character2: autoDraw = True
168.1155 	DATA 	Keypress: equal
168.5771 	DATA 	Keypress: 1
169.4765 	EXP 	character1: autoDraw = False
169.4765 	EXP 	character2: autoDraw = False
169.4765 	EXP 	character1: autoDraw = False
169.4765 	EXP 	character2: autoDraw = False
169.4765 	EXP 	themeQ1: autoDraw = True
169.4765 	EXP 	themeQ2: autoDraw = True
169.6111 	DATA 	Keypress: equal
170.6607 	DATA 	Keypress: 1
171.1121 	DATA 	Keypress: equal
171.4757 	EXP 	themeQ1: autoDraw = False
171.4757 	EXP 	themeQ2: autoDraw = False
171.4757 	EXP 	themeQ1: autoDraw = False
171.4757 	EXP 	themeQ2: autoDraw = False
171.4757 	EXP 	gift1: autoDraw = True
171.4757 	EXP 	gift2: autoDraw = True
172.3656 	DATA 	Keypress: 1
172.6147 	DATA 	Keypress: equal
173.4768 	EXP 	gift1: autoDraw = False
173.4768 	EXP 	gift2: autoDraw = False
173.4768 	EXP 	gift1: autoDraw = False
173.4768 	EXP 	gift2: autoDraw = False
173.4768 	EXP 	northorsouth1: autoDraw = True
173.4768 	EXP 	northorsouth2: autoDraw = True
174.1165 	DATA 	Keypress: equal
174.4444 	DATA 	Keypress: 2
175.6443 	EXP 	New trial (rep=0, index=1): OrderedDict([('condsFile', 'videoBlock_schemaS_pathA_1.csv')])
175.6565 	EXP 	Imported videoBlock_schemaS_pathA_1.csv as conditions, 1 conditions, 17 params
175.6569 	EXP 	Created sequence: random, trialTypes=1, nReps=1, seed=None
175.6576 	EXP 	New trial (rep=0, index=0): OrderedDict([('northOrSouth', 'south.png'), ('stimFile1a', 'stims/wedding-14.1a.mp4'), ('stimFile1b', 'stims/wedding-14.1b.mp4'), ('stimFile2', 'stims/wedding-14.2a.mp4'), ('stimFile3', 'stims/wedding-14.3b.mp4'), ('stimFile4', 'stims/wedding-14.4a.mp4'), ('stimFile5', 'stims/wedding-14.5.mp4'), ('QeggPainting1', 'stimsday1details/newegg7.png'), ('Qcharacter1', 'stimsday1details/newperson7.png'), ('Qgift1', 'stimsday1details/gift14.png'), ('QeggPainting2', 'stimsday1details/egg14.png'), ('Qcharacter2', 'stimsday1details/couple14.png'), ('Qgift2', 'stimsday1details/new7.png'), ('Qname1', 'stimsday1details/n14.png'), ('Qtheme1', 'stimsday1details/t14.png'), ('Qname2', 'stimsday1details/cn14.png'), ('Qtheme2', 'stimsday1details/ct14.png')])
175.6602 	DATA 	Keypress: equal
175.6771 	EXP 	northorsouth1: autoDraw = False
175.6771 	EXP 	northorsouth2: autoDraw = False
175.6771 	EXP 	northorsouth1: autoDraw = False
175.6771 	EXP 	northorsouth2: autoDraw = False
175.6771 	EXP 	image_2: autoDraw = True
177.1111 	DATA 	Keypress: equal
177.6604 	EXP 	Created sequence: random, trialTypes=1, nReps=1, seed=None
177.6607 	EXP 	New trial (rep=0, index=0): None
178.2026 	EXP 	Created vid1a = MovieStim3(__class__=<class 'psychopy.visual.movie3.MovieStim3'>, autoLog=True, color=UNKNOWN, colorSpace=UNKNOWN, depth=-1.0, filename='stims/wedding-14.1a.mp4', flipHoriz=False, flipVert=False, fps=UNKNOWN, interpolate=True, loop=False, name='vid1a', noAudio=False, opacity=1.0, ori=0, pos=array([0., 0.]), size=array([1280.,  720.]), units='pix', vframe_callback=UNKNOWN, volume=UNKNOWN, win=Window(...))
178.5316 	EXP 	Created vid1b = MovieStim3(__class__=<class 'psychopy.visual.movie3.MovieStim3'>, autoLog=True, color=UNKNOWN, colorSpace=UNKNOWN, depth=-2.0, filename='stims/wedding-14.1b.mp4', flipHoriz=False, flipVert=False, fps=UNKNOWN, interpolate=True, loop=False, name='vid1b', noAudio=False, opacity=1.0, ori=0, pos=array([0., 0.]), size=array([1280.,  720.]), units='pix', vframe_callback=UNKNOWN, volume=UNKNOWN, win=Window(...))
178.9292 	EXP 	Created vid2 = MovieStim3(__class__=<class 'psychopy.visual.movie3.MovieStim3'>, autoLog=True, color=UNKNOWN, colorSpace=UNKNOWN, depth=-3.0, filename='stims/wedding-14.2a.mp4', flipHoriz=False, flipVert=False, fps=UNKNOWN, interpolate=True, loop=False, name='vid2', noAudio=False, opacity=1.0, ori=0, pos=array([0., 0.]), size=array([1280.,  720.]), units='pix', vframe_callback=UNKNOWN, volume=UNKNOWN, win=Window(...))
179.4475 	EXP 	Created vid3 = MovieStim3(__class__=<class 'psychopy.visual.movie3.MovieStim3'>, autoLog=True, color=UNKNOWN, colorSpace=UNKNOWN, depth=-4.0, filename='stims/wedding-14.3b.mp4', flipHoriz=False, flipVert=False, fps=UNKNOWN, interpolate=True, loop=False, name='vid3', noAudio=False, opacity=1.0, ori=0, pos=array([0., 0.]), size=array([1280.,  720.]), units='pix', vframe_callback=UNKNOWN, volume=UNKNOWN, win=Window(...))
179.9872 	EXP 	Created vid4 = MovieStim3(__class__=<class 'psychopy.visual.movie3.MovieStim3'>, autoLog=True, color=UNKNOWN, colorSpace=UNKNOWN, depth=-5.0, filename='stims/wedding-14.4a.mp4', flipHoriz=False, flipVert=False, fps=UNKNOWN, interpolate=True, loop=False, name='vid4', noAudio=False, opacity=1.0, ori=0, pos=array([0., 0.]), size=array([1280.,  720.]), units='pix', vframe_callback=UNKNOWN, volume=UNKNOWN, win=Window(...))
180.3734 	EXP 	Created vid5 = MovieStim3(__class__=<class 'psychopy.visual.movie3.MovieStim3'>, autoLog=True, color=UNKNOWN, colorSpace=UNKNOWN, depth=-6.0, filename='stims/wedding-14.5.mp4', flipHoriz=False, flipVert=False, fps=UNKNOWN, interpolate=True, loop=False, name='vid5', noAudio=False, opacity=1.0, ori=0, pos=array([0., 0.]), size=array([1280.,  720.]), units='pix', vframe_callback=UNKNOWN, volume=UNKNOWN, win=Window(...))
180.4880 	EXP 	window1: recordFrameIntervals = False
180.4916 	DATA 	Keypress: equal
180.4942 	DATA 	Keypress: equal
180.5098 	EXP 	image_2: autoDraw = False
180.5098 	EXP 	image_2: autoDraw = False
180.5098 	EXP 	vid1a: movie = 'stims/wedding-14.1a.mp4'
180.5098 	EXP 	vid1a: autoLog = True
180.5098 	EXP 	vid1b: movie = 'stims/wedding-14.1b.mp4'
180.5098 	EXP 	vid1b: autoLog = True
180.5098 	EXP 	vid2: movie = 'stims/wedding-14.2a.mp4'
180.5098 	EXP 	vid2: autoLog = True
180.5098 	EXP 	vid3: movie = 'stims/wedding-14.3b.mp4'
180.5098 	EXP 	vid3: autoLog = True
180.5098 	EXP 	vid4: movie = 'stims/wedding-14.4a.mp4'
180.5098 	EXP 	vid4: autoLog = True
180.5098 	EXP 	vid5: movie = 'stims/wedding-14.5.mp4'
180.5098 	EXP 	vid5: autoLog = True
183.2084 	EXP 	window1: recordFrameIntervals = False
184.7760 	DATA 	Keypress: equal
184.7785 	DATA 	Keypress: equal
184.7809 	DATA 	Keypress: equal
184.9933 	EXP 	vid1a: movie = 'stims/wedding-14.1a.mp4'
184.9933 	EXP 	vid1b: movie = 'stims/wedding-14.1b.mp4'
184.9933 	EXP 	vid2: movie = 'stims/wedding-14.2a.mp4'
184.9933 	EXP 	vid3: movie = 'stims/wedding-14.3b.mp4'
184.9933 	EXP 	vid4: movie = 'stims/wedding-14.4a.mp4'
184.9933 	EXP 	vid5: movie = 'stims/wedding-14.5.mp4'
185.0091 	EXP 	vid1a: autoDraw = True
186.1118 	DATA 	Keypress: equal
187.6111 	DATA 	Keypress: equal
189.1123 	DATA 	Keypress: equal
190.6120 	DATA 	Keypress: equal
192.1109 	DATA 	Keypress: equal
193.6003 	DATA 	Keypress: equal
195.1026 	DATA 	Keypress: equal
196.6025 	DATA 	Keypress: equal
198.1036 	DATA 	Keypress: equal
199.6118 	DATA 	Keypress: equal
201.1018 	DATA 	Keypress: equal
202.6003 	DATA 	Keypress: equal
204.1064 	DATA 	Keypress: equal
205.6120 	DATA 	Keypress: equal
207.1012 	DATA 	Keypress: equal
208.6011 	DATA 	Keypress: equal
210.1121 	DATA 	Keypress: equal
211.6124 	DATA 	Keypress: equal
213.1129 	DATA 	Keypress: equal
214.6126 	DATA 	Keypress: equal
214.6602 	EXP 	vid1a: autoDraw = False
214.6938 	EXP 	vid1b: autoDraw = True
216.1035 	DATA 	Keypress: equal
217.6020 	DATA 	Keypress: equal
219.1116 	DATA 	Keypress: equal
220.6105 	DATA 	Keypress: equal
222.1153 	DATA 	Keypress: equal
222.8085 	EXP 	Set vid1b finished
223.6112 	DATA 	Keypress: equal
223.6929 	EXP 	vid2: autoDraw = True
225.1024 	DATA 	Keypress: equal
226.6027 	DATA 	Keypress: equal
228.1014 	DATA 	Keypress: equal
229.6162 	DATA 	Keypress: equal
231.1109 	DATA 	Keypress: equal
232.6107 	DATA 	Keypress: equal
234.1111 	DATA 	Keypress: equal
235.6114 	DATA 	Keypress: equal
237.1113 	DATA 	Keypress: equal
238.6103 	DATA 	Keypress: equal
240.1156 	DATA 	Keypress: equal
240.4426 	EXP 	Set vid2 finished
240.6763 	EXP 	vid3: autoDraw = True
241.6112 	DATA 	Keypress: equal
243.1105 	DATA 	Keypress: equal
244.6107 	DATA 	Keypress: equal
246.1014 	DATA 	Keypress: equal
247.5984 	DATA 	Keypress: equal
249.1019 	DATA 	Keypress: equal
250.5992 	DATA 	Keypress: equal
252.1021 	DATA 	Keypress: equal
253.6109 	DATA 	Keypress: equal
255.1027 	DATA 	Keypress: equal
256.6022 	DATA 	Keypress: equal
258.1018 	DATA 	Keypress: equal
259.5997 	DATA 	Keypress: equal
261.1032 	DATA 	Keypress: equal
262.6117 	DATA 	Keypress: equal
263.6751 	EXP 	vid3: autoDraw = False
263.6921 	EXP 	vid4: autoDraw = True
264.1025 	DATA 	Keypress: equal
265.6008 	DATA 	Keypress: equal
267.1024 	DATA 	Keypress: equal
268.6028 	DATA 	Keypress: equal
270.1034 	DATA 	Keypress: equal
271.6029 	DATA 	Keypress: equal
273.1034 	DATA 	Keypress: equal
274.6109 	DATA 	Keypress: equal
276.1114 	DATA 	Keypress: equal
277.6104 	DATA 	Keypress: equal
279.1105 	DATA 	Keypress: equal
280.6107 	DATA 	Keypress: equal
282.1106 	DATA 	Keypress: equal
283.5958 	DATA 	Keypress: equal
285.1120 	DATA 	Keypress: equal
286.6100 	DATA 	Keypress: equal
287.6750 	EXP 	vid4: autoDraw = False
287.6910 	EXP 	vid5: autoDraw = True
288.0988 	DATA 	Keypress: equal
289.5981 	DATA 	Keypress: equal
291.1270 	DATA 	Keypress: equal
292.5997 	DATA 	Keypress: equal
294.0987 	DATA 	Keypress: equal
295.5981 	DATA 	Keypress: equal
297.1099 	DATA 	Keypress: equal
298.6108 	DATA 	Keypress: equal
300.1144 	DATA 	Keypress: equal
300.1409 	EXP 	Set vid5 finished
300.2729 	EXP 	Created sequence: random, trialTypes=1, nReps=1, seed=None
300.2732 	EXP 	New trial (rep=0, index=0): None
300.8237 	EXP 	Created vid1a_q = MovieStim3(__class__=<class 'psychopy.visual.movie3.MovieStim3'>, autoLog=True, color=UNKNOWN, colorSpace=UNKNOWN, depth=-1.0, filename='stims/wedding-14.1a.mp4', flipHoriz=False, flipVert=False, fps=UNKNOWN, interpolate=True, loop=False, name='vid1a_q', noAudio=False, opacity=1.0, ori=0, pos=array([0., 0.]), size=array([1280.,  720.]), units='pix', vframe_callback=UNKNOWN, volume=UNKNOWN, win=Window(...))
301.1512 	EXP 	Created vid1b_q = MovieStim3(__class__=<class 'psychopy.visual.movie3.MovieStim3'>, autoLog=True, color=UNKNOWN, colorSpace=UNKNOWN, depth=-2.0, filename='stims/wedding-14.1b.mp4', flipHoriz=False, flipVert=False, fps=UNKNOWN, interpolate=True, loop=False, name='vid1b_q', noAudio=False, opacity=1.0, ori=0, pos=array([0., 0.]), size=array([1280.,  720.]), units='pix', vframe_callback=UNKNOWN, volume=UNKNOWN, win=Window(...))
301.5544 	EXP 	Created vid2_q = MovieStim3(__class__=<class 'psychopy.visual.movie3.MovieStim3'>, autoLog=True, color=UNKNOWN, colorSpace=UNKNOWN, depth=-3.0, filename='stims/wedding-14.2a.mp4', flipHoriz=False, flipVert=False, fps=UNKNOWN, interpolate=True, loop=False, name='vid2_q', noAudio=False, opacity=1.0, ori=0, pos=array([0., 0.]), size=array([1280.,  720.]), units='pix', vframe_callback=UNKNOWN, volume=UNKNOWN, win=Window(...))
302.0778 	EXP 	Created vid3_q = MovieStim3(__class__=<class 'psychopy.visual.movie3.MovieStim3'>, autoLog=True, color=UNKNOWN, colorSpace=UNKNOWN, depth=-5.0, filename='stims/wedding-14.3b.mp4', flipHoriz=False, flipVert=False, fps=UNKNOWN, interpolate=True, loop=False, name='vid3_q', noAudio=False, opacity=1.0, ori=0, pos=array([0., 0.]), size=array([1280.,  720.]), units='pix', vframe_callback=UNKNOWN, volume=UNKNOWN, win=Window(...))
302.6029 	EXP 	Created vid4_q = MovieStim3(__class__=<class 'psychopy.visual.movie3.MovieStim3'>, autoLog=True, color=UNKNOWN, colorSpace=UNKNOWN, depth=-7.0, filename='stims/wedding-14.4a.mp4', flipHoriz=False, flipVert=False, fps=UNKNOWN, interpolate=True, loop=False, name='vid4_q', noAudio=False, opacity=1.0, ori=0, pos=array([0., 0.]), size=array([1280.,  720.]), units='pix', vframe_callback=UNKNOWN, volume=UNKNOWN, win=Window(...))
302.9787 	EXP 	Created vid5_q = MovieStim3(__class__=<class 'psychopy.visual.movie3.MovieStim3'>, autoLog=True, color=UNKNOWN, colorSpace=UNKNOWN, depth=-8.0, filename='stims/wedding-14.5.mp4', flipHoriz=False, flipVert=False, fps=UNKNOWN, interpolate=True, loop=False, name='vid5_q', noAudio=False, opacity=1.0, ori=0, pos=array([0., 0.]), size=array([1280.,  720.]), units='pix', vframe_callback=UNKNOWN, volume=UNKNOWN, win=Window(...))
303.1624 	EXP 	window1: recordFrameIntervals = False
303.1655 	DATA 	Keypress: equal
303.1682 	DATA 	Keypress: equal
303.1754 	EXP 	vid1a: autoDraw = False
303.1754 	EXP 	vid1b: autoDraw = False
303.1754 	EXP 	vid2: autoDraw = False
303.1754 	EXP 	vid3: autoDraw = False
303.1754 	EXP 	vid4: autoDraw = False
303.1754 	EXP 	vid5: autoDraw = False
303.1754 	EXP 	vid1a_q: movie = 'stims/wedding-14.1a.mp4'
303.1754 	EXP 	vid1a_q: autoLog = True
303.1754 	EXP 	vid1b_q: movie = 'stims/wedding-14.1b.mp4'
303.1754 	EXP 	vid1b_q: autoLog = True
303.1754 	EXP 	vid2_q: movie = 'stims/wedding-14.2a.mp4'
303.1754 	EXP 	vid2_q: autoLog = True
303.1754 	EXP 	vid3_q: movie = 'stims/wedding-14.3b.mp4'
303.1754 	EXP 	vid3_q: autoLog = True
303.1754 	EXP 	vid4_q: movie = 'stims/wedding-14.4a.mp4'
303.1754 	EXP 	vid4_q: autoLog = True
303.1754 	EXP 	vid5_q: movie = 'stims/wedding-14.5.mp4'
303.1754 	EXP 	vid5_q: autoLog = True
303.1754 	EXP 	vid1a_q: autoDraw = False
303.1754 	EXP 	vid1b_q: autoDraw = False
303.1754 	EXP 	vid2_q: autoDraw = False
303.1754 	EXP 	l2q: autoDraw = False
303.1754 	EXP 	vid3_q: autoDraw = False
303.1754 	EXP 	l3q: autoDraw = False
303.1754 	EXP 	vid4_q: autoDraw = False
303.1754 	EXP 	vid5_q: autoDraw = False
303.3653 	EXP 	window1: recordFrameIntervals = False
304.9485 	DATA 	Keypress: equal
305.1633 	EXP 	eggPainting1: image = 'stimsday1details/newegg7.png'
305.1633 	EXP 	eggPainting2: image = 'stimsday1details/egg14.png'
305.1633 	EXP 	character1: image = 'stimsday1details/newperson7.png'
305.1633 	EXP 	character2: image = 'stimsday1details/couple14.png'
305.1633 	EXP 	gift1: image = 'stimsday1details/gift14.png'
305.1633 	EXP 	gift2: image = 'stimsday1details/new7.png'
305.1633 	EXP 	themeQ1: image = 'stimsday1details/t14.png'
305.1633 	EXP 	themeQ2: image = 'stimsday1details/ct14.png'
305.1633 	EXP 	nameQ1: image = 'stimsday1details/n14.png'
305.1633 	EXP 	nameQ2: image = 'stimsday1details/cn14.png'
305.1633 	EXP 	nameQ1: autoDraw = True
305.1633 	EXP 	nameQ2: autoDraw = True
306.1092 	DATA 	Keypress: equal
306.3591 	DATA 	Keypress: 1
307.1584 	EXP 	nameQ1: autoDraw = False
307.1584 	EXP 	nameQ2: autoDraw = False
307.1584 	EXP 	nameQ1: autoDraw = False
307.1584 	EXP 	nameQ2: autoDraw = False
307.1584 	EXP 	eggPainting1: autoDraw = True
307.1584 	EXP 	eggPainting2: autoDraw = True
307.6091 	DATA 	Keypress: equal
308.0800 	DATA 	Keypress: 2
309.1096 	DATA 	Keypress: equal
309.1585 	EXP 	eggPainting1: autoDraw = False
309.1585 	EXP 	eggPainting2: autoDraw = False
309.1585 	EXP 	eggPainting1: autoDraw = False
309.1585 	EXP 	eggPainting2: autoDraw = False
309.1585 	EXP 	character1: autoDraw = True
309.1585 	EXP 	character2: autoDraw = True
310.2260 	DATA 	Keypress: 2
310.5970 	DATA 	Keypress: equal
311.1576 	EXP 	character1: autoDraw = False
311.1576 	EXP 	character2: autoDraw = False
311.1576 	EXP 	character1: autoDraw = False
311.1576 	EXP 	character2: autoDraw = False
311.1576 	EXP 	themeQ1: autoDraw = True
311.1576 	EXP 	themeQ2: autoDraw = True
312.0148 	DATA 	Keypress: 1
312.1136 	DATA 	Keypress: equal
313.1621 	EXP 	themeQ1: autoDraw = False
313.1621 	EXP 	themeQ2: autoDraw = False
313.1621 	EXP 	themeQ1: autoDraw = False
313.1621 	EXP 	themeQ2: autoDraw = False
313.1621 	EXP 	gift1: autoDraw = True
313.1621 	EXP 	gift2: autoDraw = True
313.6137 	DATA 	Keypress: equal
314.0759 	DATA 	Keypress: 1
315.1140 	DATA 	Keypress: equal
315.1622 	EXP 	gift1: autoDraw = False
315.1622 	EXP 	gift2: autoDraw = False
315.1622 	EXP 	gift1: autoDraw = False
315.1622 	EXP 	gift2: autoDraw = False
315.1622 	EXP 	northorsouth1: autoDraw = True
315.1622 	EXP 	northorsouth2: autoDraw = True
316.0139 	DATA 	Keypress: 2
316.6147 	DATA 	Keypress: equal
317.3529 	EXP 	New trial (rep=0, index=2): OrderedDict([('condsFile', 'videoBlock_schemaS_pathB_2.csv')])
317.3659 	EXP 	Imported videoBlock_schemaS_pathB_2.csv as conditions, 1 conditions, 17 params
317.3664 	EXP 	Created sequence: random, trialTypes=1, nReps=1, seed=None
317.3671 	EXP 	New trial (rep=0, index=0): OrderedDict([('northOrSouth', 'south.png'), ('stimFile1a', 'stims/wedding-32.1a.mp4'), ('stimFile1b', 'stims/wedding-32.1b.mp4'), ('stimFile2', 'stims/wedding-32.2b.mp4'), ('stimFile3', 'stims/wedding-32.3a.mp4'), ('stimFile4', 'stims/wedding-32.4b.mp4'), ('stimFile5', 'stims/wedding-32.5.mp4'), ('QeggPainting1', 'stimsday1details/newpainting8.png'), ('Qcharacter1', 'stimsday1details/newperson20.png'), ('Qgift1', 'stimsday1details/new20.png'), ('QeggPainting2', 'stimsday1details/painting32.png'), ('Qcharacter2', 'stimsday1details/couple32.png'), ('Qgift2', 'stimsday1details/gift32.png'), ('Qname1', 'stimsday1details/n32.png'), ('Qtheme1', 'stimsday1details/t32.png'), ('Qname2', 'stimsday1details/cn32.png'), ('Qtheme2', 'stimsday1details/ct32.png')])
317.3751 	EXP 	northorsouth1: autoDraw = False
317.3751 	EXP 	northorsouth2: autoDraw = False
317.3751 	EXP 	northorsouth1: autoDraw = False
317.3751 	EXP 	northorsouth2: autoDraw = False
317.3751 	EXP 	image_2: autoDraw = True
318.1138 	DATA 	Keypress: equal
319.3636 	EXP 	Created sequence: random, trialTypes=1, nReps=1, seed=None
319.3639 	EXP 	New trial (rep=0, index=0): None
319.9305 	EXP 	Created vid1a = MovieStim3(__class__=<class 'psychopy.visual.movie3.MovieStim3'>, autoLog=True, color=UNKNOWN, colorSpace=UNKNOWN, depth=-1.0, filename='stims/wedding-32.1a.mp4', flipHoriz=False, flipVert=False, fps=UNKNOWN, interpolate=True, loop=False, name='vid1a', noAudio=False, opacity=1.0, ori=0, pos=array([0., 0.]), size=array([1280.,  720.]), units='pix', vframe_callback=UNKNOWN, volume=UNKNOWN, win=Window(...))
320.2934 	EXP 	Created vid1b = MovieStim3(__class__=<class 'psychopy.visual.movie3.MovieStim3'>, autoLog=True, color=UNKNOWN, colorSpace=UNKNOWN, depth=-2.0, filename='stims/wedding-32.1b.mp4', flipHoriz=False, flipVert=False, fps=UNKNOWN, interpolate=True, loop=False, name='vid1b', noAudio=False, opacity=1.0, ori=0, pos=array([0., 0.]), size=array([1280.,  720.]), units='pix', vframe_callback=UNKNOWN, volume=UNKNOWN, win=Window(...))
320.7016 	EXP 	Created vid2 = MovieStim3(__class__=<class 'psychopy.visual.movie3.MovieStim3'>, autoLog=True, color=UNKNOWN, colorSpace=UNKNOWN, depth=-3.0, filename='stims/wedding-32.2b.mp4', flipHoriz=False, flipVert=False, fps=UNKNOWN, interpolate=True, loop=False, name='vid2', noAudio=False, opacity=1.0, ori=0, pos=array([0., 0.]), size=array([1280.,  720.]), units='pix', vframe_callback=UNKNOWN, volume=UNKNOWN, win=Window(...))
321.1557 	EXP 	Created vid3 = MovieStim3(__class__=<class 'psychopy.visual.movie3.MovieStim3'>, autoLog=True, color=UNKNOWN, colorSpace=UNKNOWN, depth=-4.0, filename='stims/wedding-32.3a.mp4', flipHoriz=False, flipVert=False, fps=UNKNOWN, interpolate=True, loop=False, name='vid3', noAudio=False, opacity=1.0, ori=0, pos=array([0., 0.]), size=array([1280.,  720.]), units='pix', vframe_callback=UNKNOWN, volume=UNKNOWN, win=Window(...))
321.6908 	EXP 	Created vid4 = MovieStim3(__class__=<class 'psychopy.visual.movie3.MovieStim3'>, autoLog=True, color=UNKNOWN, colorSpace=UNKNOWN, depth=-5.0, filename='stims/wedding-32.4b.mp4', flipHoriz=False, flipVert=False, fps=UNKNOWN, interpolate=True, loop=False, name='vid4', noAudio=False, opacity=1.0, ori=0, pos=array([0., 0.]), size=array([1280.,  720.]), units='pix', vframe_callback=UNKNOWN, volume=UNKNOWN, win=Window(...))
322.0276 	EXP 	Created vid5 = MovieStim3(__class__=<class 'psychopy.visual.movie3.MovieStim3'>, autoLog=True, color=UNKNOWN, colorSpace=UNKNOWN, depth=-6.0, filename='stims/wedding-32.5.mp4', flipHoriz=False, flipVert=False, fps=UNKNOWN, interpolate=True, loop=False, name='vid5', noAudio=False, opacity=1.0, ori=0, pos=array([0., 0.]), size=array([1280.,  720.]), units='pix', vframe_callback=UNKNOWN, volume=UNKNOWN, win=Window(...))
322.1111 	EXP 	window1: recordFrameIntervals = False
322.1148 	DATA 	Keypress: equal
322.1172 	DATA 	Keypress: equal
322.1242 	EXP 	image_2: autoDraw = False
322.1242 	EXP 	image_2: autoDraw = False
322.1242 	EXP 	vid1a: movie = 'stims/wedding-32.1a.mp4'
322.1242 	EXP 	vid1a: autoLog = True
322.1242 	EXP 	vid1b: movie = 'stims/wedding-32.1b.mp4'
322.1242 	EXP 	vid1b: autoLog = True
322.1242 	EXP 	vid2: movie = 'stims/wedding-32.2b.mp4'
322.1242 	EXP 	vid2: autoLog = True
322.1242 	EXP 	vid3: movie = 'stims/wedding-32.3a.mp4'
322.1242 	EXP 	vid3: autoLog = True
322.1242 	EXP 	vid4: movie = 'stims/wedding-32.4b.mp4'
322.1242 	EXP 	vid4: autoLog = True
322.1242 	EXP 	vid5: movie = 'stims/wedding-32.5.mp4'
322.1242 	EXP 	vid5: autoLog = True
324.7816 	EXP 	window1: recordFrameIntervals = False
326.3990 	DATA 	Keypress: equal
326.4015 	DATA 	Keypress: equal
326.4036 	DATA 	Keypress: equal
326.6082 	EXP 	vid1a: movie = 'stims/wedding-32.1a.mp4'
326.6082 	EXP 	vid1b: movie = 'stims/wedding-32.1b.mp4'
326.6082 	EXP 	vid2: movie = 'stims/wedding-32.2b.mp4'
326.6082 	EXP 	vid3: movie = 'stims/wedding-32.3a.mp4'
326.6082 	EXP 	vid4: movie = 'stims/wedding-32.4b.mp4'
326.6082 	EXP 	vid5: movie = 'stims/wedding-32.5.mp4'
326.6239 	EXP 	vid1a: autoDraw = True
327.1002 	DATA 	Keypress: equal
328.6003 	DATA 	Keypress: equal
330.0973 	DATA 	Keypress: equal
331.6007 	DATA 	Keypress: equal
333.0975 	DATA 	Keypress: equal
334.6012 	DATA 	Keypress: equal
336.0937 	DATA 	Keypress: equal
337.5941 	DATA 	Keypress: equal
339.0943 	DATA 	Keypress: equal
340.5941 	DATA 	Keypress: equal
342.1140 	DATA 	Keypress: equal
343.6094 	DATA 	Keypress: equal
345.0940 	DATA 	Keypress: equal
346.6141 	DATA 	Keypress: equal
348.1138 	DATA 	Keypress: equal
349.6135 	DATA 	Keypress: equal
351.0940 	DATA 	Keypress: equal
352.5983 	DATA 	Keypress: equal
354.1009 	DATA 	Keypress: equal
355.5971 	DATA 	Keypress: equal
356.3748 	EXP 	vid1a: autoDraw = False
356.3914 	EXP 	vid1b: autoDraw = True
357.0999 	DATA 	Keypress: equal
358.5950 	DATA 	Keypress: equal
360.0946 	DATA 	Keypress: equal
361.5995 	DATA 	Keypress: equal
363.0999 	DATA 	Keypress: equal
364.5934 	DATA 	Keypress: equal
365.3408 	EXP 	Set vid1b finished
365.3905 	EXP 	vid2: autoDraw = True
366.0931 	DATA 	Keypress: equal
367.6000 	DATA 	Keypress: equal
369.0930 	DATA 	Keypress: equal
370.5995 	DATA 	Keypress: equal
372.1002 	DATA 	Keypress: equal
373.5932 	DATA 	Keypress: equal
375.1088 	DATA 	Keypress: equal
376.5932 	DATA 	Keypress: equal
378.0933 	DATA 	Keypress: equal
379.5928 	DATA 	Keypress: equal
381.0937 	DATA 	Keypress: equal
382.1065 	EXP 	Set vid2 finished
382.3903 	EXP 	vid3: autoDraw = True
382.5989 	DATA 	Keypress: equal
384.1012 	DATA 	Keypress: equal
385.5972 	DATA 	Keypress: equal
387.0973 	DATA 	Keypress: equal
388.5933 	DATA 	Keypress: equal
390.0926 	DATA 	Keypress: equal
391.5933 	DATA 	Keypress: equal
393.0927 	DATA 	Keypress: equal
394.5932 	DATA 	Keypress: equal
396.0931 	DATA 	Keypress: equal
397.5931 	DATA 	Keypress: equal
399.0930 	DATA 	Keypress: equal
400.5934 	DATA 	Keypress: equal
402.0921 	DATA 	Keypress: equal
403.5929 	DATA 	Keypress: equal
405.0991 	DATA 	Keypress: equal
405.3785 	EXP 	vid3: autoDraw = False
405.3911 	EXP 	vid4: autoDraw = True
406.5987 	DATA 	Keypress: equal
408.0960 	DATA 	Keypress: equal
409.5923 	DATA 	Keypress: equal
411.0921 	DATA 	Keypress: equal
412.5924 	DATA 	Keypress: equal
414.0919 	DATA 	Keypress: equal
415.5929 	DATA 	Keypress: equal
417.0920 	DATA 	Keypress: equal
418.6114 	DATA 	Keypress: equal
420.0917 	DATA 	Keypress: equal
421.5918 	DATA 	Keypress: equal
423.0925 	DATA 	Keypress: equal
424.5914 	DATA 	Keypress: equal
426.0925 	DATA 	Keypress: equal
427.5922 	DATA 	Keypress: equal
429.0913 	DATA 	Keypress: equal
429.3740 	EXP 	vid4: autoDraw = False
429.3900 	EXP 	vid5: autoDraw = True
430.5916 	DATA 	Keypress: equal
432.0962 	DATA 	Keypress: equal
433.5986 	DATA 	Keypress: equal
435.0914 	DATA 	Keypress: equal
436.5915 	DATA 	Keypress: equal
438.0919 	DATA 	Keypress: equal
439.5918 	DATA 	Keypress: equal
440.0398 	EXP 	Set vid5 finished
440.1989 	EXP 	Created sequence: random, trialTypes=1, nReps=1, seed=None
440.1993 	EXP 	New trial (rep=0, index=0): None
440.7521 	EXP 	Created vid1a_q = MovieStim3(__class__=<class 'psychopy.visual.movie3.MovieStim3'>, autoLog=True, color=UNKNOWN, colorSpace=UNKNOWN, depth=-1.0, filename='stims/wedding-32.1a.mp4', flipHoriz=False, flipVert=False, fps=UNKNOWN, interpolate=True, loop=False, name='vid1a_q', noAudio=False, opacity=1.0, ori=0, pos=array([0., 0.]), size=array([1280.,  720.]), units='pix', vframe_callback=UNKNOWN, volume=UNKNOWN, win=Window(...))
441.1214 	EXP 	Created vid1b_q = MovieStim3(__class__=<class 'psychopy.visual.movie3.MovieStim3'>, autoLog=True, color=UNKNOWN, colorSpace=UNKNOWN, depth=-2.0, filename='stims/wedding-32.1b.mp4', flipHoriz=False, flipVert=False, fps=UNKNOWN, interpolate=True, loop=False, name='vid1b_q', noAudio=False, opacity=1.0, ori=0, pos=array([0., 0.]), size=array([1280.,  720.]), units='pix', vframe_callback=UNKNOWN, volume=UNKNOWN, win=Window(...))
441.5192 	EXP 	Created vid2_q = MovieStim3(__class__=<class 'psychopy.visual.movie3.MovieStim3'>, autoLog=True, color=UNKNOWN, colorSpace=UNKNOWN, depth=-3.0, filename='stims/wedding-32.2b.mp4', flipHoriz=False, flipVert=False, fps=UNKNOWN, interpolate=True, loop=False, name='vid2_q', noAudio=False, opacity=1.0, ori=0, pos=array([0., 0.]), size=array([1280.,  720.]), units='pix', vframe_callback=UNKNOWN, volume=UNKNOWN, win=Window(...))
441.9750 	EXP 	Created vid3_q = MovieStim3(__class__=<class 'psychopy.visual.movie3.MovieStim3'>, autoLog=True, color=UNKNOWN, colorSpace=UNKNOWN, depth=-5.0, filename='stims/wedding-32.3a.mp4', flipHoriz=False, flipVert=False, fps=UNKNOWN, interpolate=True, loop=False, name='vid3_q', noAudio=False, opacity=1.0, ori=0, pos=array([0., 0.]), size=array([1280.,  720.]), units='pix', vframe_callback=UNKNOWN, volume=UNKNOWN, win=Window(...))
442.4904 	EXP 	Created vid4_q = MovieStim3(__class__=<class 'psychopy.visual.movie3.MovieStim3'>, autoLog=True, color=UNKNOWN, colorSpace=UNKNOWN, depth=-7.0, filename='stims/wedding-32.4b.mp4', flipHoriz=False, flipVert=False, fps=UNKNOWN, interpolate=True, loop=False, name='vid4_q', noAudio=False, opacity=1.0, ori=0, pos=array([0., 0.]), size=array([1280.,  720.]), units='pix', vframe_callback=UNKNOWN, volume=UNKNOWN, win=Window(...))
442.8219 	EXP 	Created vid5_q = MovieStim3(__class__=<class 'psychopy.visual.movie3.MovieStim3'>, autoLog=True, color=UNKNOWN, colorSpace=UNKNOWN, depth=-8.0, filename='stims/wedding-32.5.mp4', flipHoriz=False, flipVert=False, fps=UNKNOWN, interpolate=True, loop=False, name='vid5_q', noAudio=False, opacity=1.0, ori=0, pos=array([0., 0.]), size=array([1280.,  720.]), units='pix', vframe_callback=UNKNOWN, volume=UNKNOWN, win=Window(...))
443.0677 	EXP 	window1: recordFrameIntervals = False
443.0708 	DATA 	Keypress: equal
443.0730 	DATA 	Keypress: equal
443.0894 	EXP 	vid1a: autoDraw = False
443.0894 	EXP 	vid1b: autoDraw = False
443.0894 	EXP 	vid2: autoDraw = False
443.0894 	EXP 	vid3: autoDraw = False
443.0894 	EXP 	vid4: autoDraw = False
443.0894 	EXP 	vid5: autoDraw = False
443.0894 	EXP 	vid1a_q: movie = 'stims/wedding-32.1a.mp4'
443.0894 	EXP 	vid1a_q: autoLog = True
443.0894 	EXP 	vid1b_q: movie = 'stims/wedding-32.1b.mp4'
443.0894 	EXP 	vid1b_q: autoLog = True
443.0894 	EXP 	vid2_q: movie = 'stims/wedding-32.2b.mp4'
443.0894 	EXP 	vid2_q: autoLog = True
443.0894 	EXP 	vid3_q: movie = 'stims/wedding-32.3a.mp4'
443.0894 	EXP 	vid3_q: autoLog = True
443.0894 	EXP 	vid4_q: movie = 'stims/wedding-32.4b.mp4'
443.0894 	EXP 	vid4_q: autoLog = True
443.0894 	EXP 	vid5_q: movie = 'stims/wedding-32.5.mp4'
443.0894 	EXP 	vid5_q: autoLog = True
443.0894 	EXP 	vid1a_q: autoDraw = False
443.0894 	EXP 	vid1b_q: autoDraw = False
443.0894 	EXP 	vid2_q: autoDraw = False
443.0894 	EXP 	l2q: autoDraw = False
443.0894 	EXP 	vid3_q: autoDraw = False
443.0894 	EXP 	l3q: autoDraw = False
443.0894 	EXP 	vid4_q: autoDraw = False
443.0894 	EXP 	vid5_q: autoDraw = False
443.2684 	EXP 	window1: recordFrameIntervals = False
444.8543 	DATA 	Keypress: equal
445.0727 	EXP 	eggPainting1: image = 'stimsday1details/newpainting8.png'
445.0727 	EXP 	eggPainting2: image = 'stimsday1details/painting32.png'
445.0727 	EXP 	character1: image = 'stimsday1details/newperson20.png'
445.0727 	EXP 	character2: image = 'stimsday1details/couple32.png'
445.0727 	EXP 	gift1: image = 'stimsday1details/new20.png'
445.0727 	EXP 	gift2: image = 'stimsday1details/gift32.png'
445.0727 	EXP 	themeQ1: image = 'stimsday1details/t32.png'
445.0727 	EXP 	themeQ2: image = 'stimsday1details/ct32.png'
445.0727 	EXP 	nameQ1: image = 'stimsday1details/n32.png'
445.0727 	EXP 	nameQ2: image = 'stimsday1details/cn32.png'
445.0727 	EXP 	nameQ1: autoDraw = True
445.0727 	EXP 	nameQ2: autoDraw = True
445.5912 	DATA 	Keypress: equal
446.2908 	DATA 	Keypress: 1
447.0723 	EXP 	nameQ1: autoDraw = False
447.0723 	EXP 	nameQ2: autoDraw = False
447.0723 	EXP 	nameQ1: autoDraw = False
447.0723 	EXP 	nameQ2: autoDraw = False
447.0723 	EXP 	eggPainting1: autoDraw = True
447.0723 	EXP 	eggPainting2: autoDraw = True
447.0906 	DATA 	Keypress: equal
447.9238 	DATA 	Keypress: 2
448.5909 	DATA 	Keypress: equal
449.0723 	EXP 	eggPainting1: autoDraw = False
449.0723 	EXP 	eggPainting2: autoDraw = False
449.0723 	EXP 	eggPainting1: autoDraw = False
449.0723 	EXP 	eggPainting2: autoDraw = False
449.0723 	EXP 	character1: autoDraw = True
449.0723 	EXP 	character2: autoDraw = True
450.0957 	DATA 	Keypress: 2
450.0971 	DATA 	Keypress: equal
451.0734 	EXP 	character1: autoDraw = False
451.0734 	EXP 	character2: autoDraw = False
451.0734 	EXP 	character1: autoDraw = False
451.0734 	EXP 	character2: autoDraw = False
451.0734 	EXP 	themeQ1: autoDraw = True
451.0734 	EXP 	themeQ2: autoDraw = True
451.5954 	DATA 	Keypress: equal
452.2747 	DATA 	Keypress: 1
453.0724 	EXP 	themeQ1: autoDraw = False
453.0724 	EXP 	themeQ2: autoDraw = False
453.0724 	EXP 	themeQ1: autoDraw = False
453.0724 	EXP 	themeQ2: autoDraw = False
453.0724 	EXP 	gift1: autoDraw = True
453.0724 	EXP 	gift2: autoDraw = True
453.0911 	DATA 	Keypress: equal
453.9626 	DATA 	Keypress: 2
454.5906 	DATA 	Keypress: equal
455.0734 	EXP 	gift1: autoDraw = False
455.0734 	EXP 	gift2: autoDraw = False
455.0734 	EXP 	gift1: autoDraw = False
455.0734 	EXP 	gift2: autoDraw = False
455.0734 	EXP 	northorsouth1: autoDraw = True
455.0734 	EXP 	northorsouth2: autoDraw = True
455.8257 	DATA 	Keypress: 2
456.0904 	DATA 	Keypress: equal
457.3015 	EXP 	New trial (rep=0, index=3): OrderedDict([('condsFile', 'videoBlock_schemaS_pathA_2.csv')])
457.3147 	EXP 	Imported videoBlock_schemaS_pathA_2.csv as conditions, 1 conditions, 17 params
457.3152 	EXP 	Created sequence: random, trialTypes=1, nReps=1, seed=None
457.3159 	EXP 	New trial (rep=0, index=0): OrderedDict([('northOrSouth', 'south.png'), ('stimFile1a', 'stims/wedding-25.1a.mp4'), ('stimFile1b', 'stims/wedding-25.1b.mp4'), ('stimFile2', 'stims/wedding-25.2a.mp4'), ('stimFile3', 'stims/wedding-25.3b.mp4'), ('stimFile4', 'stims/wedding-25.4a.mp4'), ('stimFile5', 'stims/wedding-25.5.mp4'), ('QeggPainting1', 'stimsday1details/egg25.png'), ('Qcharacter1', 'stimsday1details/couple25.png'), ('Qgift1', 'stimsday1details/gift25.png'), ('QeggPainting2', 'stimsday1details/newegg8.png'), ('Qcharacter2', 'stimsday1details/newperson8.png'), ('Qgift2', 'stimsday1details/new8.png'), ('Qname1', 'stimsday1details/cn25.png'), ('Qtheme1', 'stimsday1details/ct25.png'), ('Qname2', 'stimsday1details/n25.png'), ('Qtheme2', 'stimsday1details/t25.png')])
457.3225 	EXP 	northorsouth1: autoDraw = False
457.3225 	EXP 	northorsouth2: autoDraw = False
457.3225 	EXP 	northorsouth1: autoDraw = False
457.3225 	EXP 	northorsouth2: autoDraw = False
457.3225 	EXP 	image_2: autoDraw = True
457.5908 	DATA 	Keypress: equal
459.0914 	DATA 	Keypress: equal
459.3120 	EXP 	Created sequence: random, trialTypes=1, nReps=1, seed=None
459.3123 	EXP 	New trial (rep=0, index=0): None
459.8721 	EXP 	Created vid1a = MovieStim3(__class__=<class 'psychopy.visual.movie3.MovieStim3'>, autoLog=True, color=UNKNOWN, colorSpace=UNKNOWN, depth=-1.0, filename='stims/wedding-25.1a.mp4', flipHoriz=False, flipVert=False, fps=UNKNOWN, interpolate=True, loop=False, name='vid1a', noAudio=False, opacity=1.0, ori=0, pos=array([0., 0.]), size=array([1280.,  720.]), units='pix', vframe_callback=UNKNOWN, volume=UNKNOWN, win=Window(...))
460.2065 	EXP 	Created vid1b = MovieStim3(__class__=<class 'psychopy.visual.movie3.MovieStim3'>, autoLog=True, color=UNKNOWN, colorSpace=UNKNOWN, depth=-2.0, filename='stims/wedding-25.1b.mp4', flipHoriz=False, flipVert=False, fps=UNKNOWN, interpolate=True, loop=False, name='vid1b', noAudio=False, opacity=1.0, ori=0, pos=array([0., 0.]), size=array([1280.,  720.]), units='pix', vframe_callback=UNKNOWN, volume=UNKNOWN, win=Window(...))
460.6597 	EXP 	Created vid2 = MovieStim3(__class__=<class 'psychopy.visual.movie3.MovieStim3'>, autoLog=True, color=UNKNOWN, colorSpace=UNKNOWN, depth=-3.0, filename='stims/wedding-25.2a.mp4', flipHoriz=False, flipVert=False, fps=UNKNOWN, interpolate=True, loop=False, name='vid2', noAudio=False, opacity=1.0, ori=0, pos=array([0., 0.]), size=array([1280.,  720.]), units='pix', vframe_callback=UNKNOWN, volume=UNKNOWN, win=Window(...))
461.1956 	EXP 	Created vid3 = MovieStim3(__class__=<class 'psychopy.visual.movie3.MovieStim3'>, autoLog=True, color=UNKNOWN, colorSpace=UNKNOWN, depth=-4.0, filename='stims/wedding-25.3b.mp4', flipHoriz=False, flipVert=False, fps=UNKNOWN, interpolate=True, loop=False, name='vid3', noAudio=False, opacity=1.0, ori=0, pos=array([0., 0.]), size=array([1280.,  720.]), units='pix', vframe_callback=UNKNOWN, volume=UNKNOWN, win=Window(...))
461.7303 	EXP 	Created vid4 = MovieStim3(__class__=<class 'psychopy.visual.movie3.MovieStim3'>, autoLog=True, color=UNKNOWN, colorSpace=UNKNOWN, depth=-5.0, filename='stims/wedding-25.4a.mp4', flipHoriz=False, flipVert=False, fps=UNKNOWN, interpolate=True, loop=False, name='vid4', noAudio=False, opacity=1.0, ori=0, pos=array([0., 0.]), size=array([1280.,  720.]), units='pix', vframe_callback=UNKNOWN, volume=UNKNOWN, win=Window(...))
462.1101 	EXP 	Created vid5 = MovieStim3(__class__=<class 'psychopy.visual.movie3.MovieStim3'>, autoLog=True, color=UNKNOWN, colorSpace=UNKNOWN, depth=-6.0, filename='stims/wedding-25.5.mp4', flipHoriz=False, flipVert=False, fps=UNKNOWN, interpolate=True, loop=False, name='vid5', noAudio=False, opacity=1.0, ori=0, pos=array([0., 0.]), size=array([1280.,  720.]), units='pix', vframe_callback=UNKNOWN, volume=UNKNOWN, win=Window(...))
462.1899 	EXP 	window1: recordFrameIntervals = False
462.1931 	DATA 	Keypress: equal
462.1955 	DATA 	Keypress: equal
462.2059 	EXP 	image_2: autoDraw = False
462.2059 	EXP 	image_2: autoDraw = False
462.2059 	EXP 	vid1a: movie = 'stims/wedding-25.1a.mp4'
462.2059 	EXP 	vid1a: autoLog = True
462.2059 	EXP 	vid1b: movie = 'stims/wedding-25.1b.mp4'
462.2059 	EXP 	vid1b: autoLog = True
462.2059 	EXP 	vid2: movie = 'stims/wedding-25.2a.mp4'
462.2059 	EXP 	vid2: autoLog = True
462.2059 	EXP 	vid3: movie = 'stims/wedding-25.3b.mp4'
462.2059 	EXP 	vid3: autoLog = True
462.2059 	EXP 	vid4: movie = 'stims/wedding-25.4a.mp4'
462.2059 	EXP 	vid4: autoLog = True
462.2059 	EXP 	vid5: movie = 'stims/wedding-25.5.mp4'
462.2059 	EXP 	vid5: autoLog = True
464.9609 	EXP 	window1: recordFrameIntervals = False
466.4785 	DATA 	Keypress: equal
466.4808 	DATA 	Keypress: equal
466.5890 	DATA 	Keypress: equal
466.6890 	EXP 	vid1a: movie = 'stims/wedding-25.1a.mp4'
466.6890 	EXP 	vid1b: movie = 'stims/wedding-25.1b.mp4'
466.6890 	EXP 	vid2: movie = 'stims/wedding-25.2a.mp4'
466.6890 	EXP 	vid3: movie = 'stims/wedding-25.3b.mp4'
466.6890 	EXP 	vid4: movie = 'stims/wedding-25.4a.mp4'
466.6890 	EXP 	vid5: movie = 'stims/wedding-25.5.mp4'
466.7059 	EXP 	vid1a: autoDraw = True
468.0920 	DATA 	Keypress: equal
469.5919 	DATA 	Keypress: equal
471.0920 	DATA 	Keypress: equal
472.5919 	DATA 	Keypress: equal
474.0922 	DATA 	Keypress: equal
475.5920 	DATA 	Keypress: equal
477.0916 	DATA 	Keypress: equal
478.5918 	DATA 	Keypress: equal
480.0999 	DATA 	Keypress: equal
481.5918 	DATA 	Keypress: equal
483.0960 	DATA 	Keypress: equal
484.5907 	DATA 	Keypress: equal
486.0906 	DATA 	Keypress: equal
487.5957 	DATA 	Keypress: equal
489.0909 	DATA 	Keypress: equal
490.5956 	DATA 	Keypress: equal
492.0909 	DATA 	Keypress: equal
493.5912 	DATA 	Keypress: equal
495.0908 	DATA 	Keypress: equal
496.3267 	EXP 	vid1a: autoDraw = False
496.3392 	EXP 	vid1b: autoDraw = True
496.5912 	DATA 	Keypress: equal
498.0908 	DATA 	Keypress: equal
499.5909 	DATA 	Keypress: equal
501.0908 	DATA 	Keypress: equal
502.5920 	DATA 	Keypress: equal
504.0918 	DATA 	Keypress: equal
504.4226 	EXP 	Set vid1b finished
505.3394 	EXP 	vid2: autoDraw = True
505.5923 	DATA 	Keypress: equal
507.0922 	DATA 	Keypress: equal
508.5912 	DATA 	Keypress: equal
510.0909 	DATA 	Keypress: equal
511.5908 	DATA 	Keypress: equal
513.0954 	DATA 	Keypress: equal
514.5949 	DATA 	Keypress: equal
516.0958 	DATA 	Keypress: equal
517.5907 	DATA 	Keypress: equal
519.0905 	DATA 	Keypress: equal
520.5918 	DATA 	Keypress: equal
521.6225 	EXP 	Set vid2 finished
522.0954 	DATA 	Keypress: equal
522.3383 	EXP 	vid3: autoDraw = True
523.5912 	DATA 	Keypress: equal
525.0909 	DATA 	Keypress: equal
526.5916 	DATA 	Keypress: equal
528.0908 	DATA 	Keypress: equal
529.5910 	DATA 	Keypress: equal
531.0915 	DATA 	Keypress: equal
532.5911 	DATA 	Keypress: equal
534.0958 	DATA 	Keypress: equal
535.5909 	DATA 	Keypress: equal
537.0907 	DATA 	Keypress: equal
538.5909 	DATA 	Keypress: equal
540.0907 	DATA 	Keypress: equal
541.5953 	DATA 	Keypress: equal
543.0968 	DATA 	Keypress: equal
544.5956 	DATA 	Keypress: equal
545.3229 	EXP 	vid3: autoDraw = False
545.3402 	EXP 	vid4: autoDraw = True
546.0923 	DATA 	Keypress: equal
547.5903 	DATA 	Keypress: equal
549.0899 	DATA 	Keypress: equal
550.6164 	DATA 	Keypress: equal
552.0947 	DATA 	Keypress: equal
553.5900 	DATA 	Keypress: equal
555.0898 	DATA 	Keypress: equal
556.5895 	DATA 	Keypress: equal
558.0907 	DATA 	Keypress: equal
559.5901 	DATA 	Keypress: equal
561.0948 	DATA 	Keypress: equal
562.5942 	DATA 	Keypress: equal
564.0920 	DATA 	Keypress: equal
565.5921 	DATA 	Keypress: equal
567.0926 	DATA 	Keypress: equal
568.5903 	DATA 	Keypress: equal
569.3248 	EXP 	vid4: autoDraw = False
569.3377 	EXP 	vid5: autoDraw = True
570.0851 	DATA 	Keypress: equal
571.5903 	DATA 	Keypress: equal
573.0853 	DATA 	Keypress: equal
574.5849 	DATA 	Keypress: equal
576.0901 	DATA 	Keypress: equal
577.5898 	DATA 	Keypress: equal
579.0899 	DATA 	Keypress: equal
580.5898 	DATA 	Keypress: equal
581.4540 	EXP 	Set vid5 finished
581.6441 	EXP 	Created sequence: random, trialTypes=1, nReps=1, seed=None
581.6445 	EXP 	New trial (rep=0, index=0): None
582.2001 	EXP 	Created vid1a_q = MovieStim3(__class__=<class 'psychopy.visual.movie3.MovieStim3'>, autoLog=True, color=UNKNOWN, colorSpace=UNKNOWN, depth=-1.0, filename='stims/wedding-25.1a.mp4', flipHoriz=False, flipVert=False, fps=UNKNOWN, interpolate=True, loop=False, name='vid1a_q', noAudio=False, opacity=1.0, ori=0, pos=array([0., 0.]), size=array([1280.,  720.]), units='pix', vframe_callback=UNKNOWN, volume=UNKNOWN, win=Window(...))
582.5272 	EXP 	Created vid1b_q = MovieStim3(__class__=<class 'psychopy.visual.movie3.MovieStim3'>, autoLog=True, color=UNKNOWN, colorSpace=UNKNOWN, depth=-2.0, filename='stims/wedding-25.1b.mp4', flipHoriz=False, flipVert=False, fps=UNKNOWN, interpolate=True, loop=False, name='vid1b_q', noAudio=False, opacity=1.0, ori=0, pos=array([0., 0.]), size=array([1280.,  720.]), units='pix', vframe_callback=UNKNOWN, volume=UNKNOWN, win=Window(...))
582.9688 	EXP 	Created vid2_q = MovieStim3(__class__=<class 'psychopy.visual.movie3.MovieStim3'>, autoLog=True, color=UNKNOWN, colorSpace=UNKNOWN, depth=-3.0, filename='stims/wedding-25.2a.mp4', flipHoriz=False, flipVert=False, fps=UNKNOWN, interpolate=True, loop=False, name='vid2_q', noAudio=False, opacity=1.0, ori=0, pos=array([0., 0.]), size=array([1280.,  720.]), units='pix', vframe_callback=UNKNOWN, volume=UNKNOWN, win=Window(...))
583.4851 	EXP 	Created vid3_q = MovieStim3(__class__=<class 'psychopy.visual.movie3.MovieStim3'>, autoLog=True, color=UNKNOWN, colorSpace=UNKNOWN, depth=-5.0, filename='stims/wedding-25.3b.mp4', flipHoriz=False, flipVert=False, fps=UNKNOWN, interpolate=True, loop=False, name='vid3_q', noAudio=False, opacity=1.0, ori=0, pos=array([0., 0.]), size=array([1280.,  720.]), units='pix', vframe_callback=UNKNOWN, volume=UNKNOWN, win=Window(...))
584.0279 	EXP 	Created vid4_q = MovieStim3(__class__=<class 'psychopy.visual.movie3.MovieStim3'>, autoLog=True, color=UNKNOWN, colorSpace=UNKNOWN, depth=-7.0, filename='stims/wedding-25.4a.mp4', flipHoriz=False, flipVert=False, fps=UNKNOWN, interpolate=True, loop=False, name='vid4_q', noAudio=False, opacity=1.0, ori=0, pos=array([0., 0.]), size=array([1280.,  720.]), units='pix', vframe_callback=UNKNOWN, volume=UNKNOWN, win=Window(...))
584.4127 	EXP 	Created vid5_q = MovieStim3(__class__=<class 'psychopy.visual.movie3.MovieStim3'>, autoLog=True, color=UNKNOWN, colorSpace=UNKNOWN, depth=-8.0, filename='stims/wedding-25.5.mp4', flipHoriz=False, flipVert=False, fps=UNKNOWN, interpolate=True, loop=False, name='vid5_q', noAudio=False, opacity=1.0, ori=0, pos=array([0., 0.]), size=array([1280.,  720.]), units='pix', vframe_callback=UNKNOWN, volume=UNKNOWN, win=Window(...))
584.6886 	EXP 	window1: recordFrameIntervals = False
584.6919 	DATA 	Keypress: equal
584.6943 	DATA 	Keypress: equal
584.7051 	EXP 	vid1a: autoDraw = False
584.7051 	EXP 	vid1b: autoDraw = False
584.7051 	EXP 	vid2: autoDraw = False
584.7051 	EXP 	vid3: autoDraw = False
584.7051 	EXP 	vid4: autoDraw = False
584.7051 	EXP 	vid5: autoDraw = False
584.7051 	EXP 	vid1a_q: movie = 'stims/wedding-25.1a.mp4'
584.7051 	EXP 	vid1a_q: autoLog = True
584.7051 	EXP 	vid1b_q: movie = 'stims/wedding-25.1b.mp4'
584.7051 	EXP 	vid1b_q: autoLog = True
584.7051 	EXP 	vid2_q: movie = 'stims/wedding-25.2a.mp4'
584.7051 	EXP 	vid2_q: autoLog = True
584.7051 	EXP 	vid3_q: movie = 'stims/wedding-25.3b.mp4'
584.7051 	EXP 	vid3_q: autoLog = True
584.7051 	EXP 	vid4_q: movie = 'stims/wedding-25.4a.mp4'
584.7051 	EXP 	vid4_q: autoLog = True
584.7051 	EXP 	vid5_q: movie = 'stims/wedding-25.5.mp4'
584.7051 	EXP 	vid5_q: autoLog = True
584.7051 	EXP 	vid1a_q: autoDraw = False
584.7051 	EXP 	vid1b_q: autoDraw = False
584.7051 	EXP 	vid2_q: autoDraw = False
584.7051 	EXP 	l2q: autoDraw = False
584.7051 	EXP 	vid3_q: autoDraw = False
584.7051 	EXP 	l3q: autoDraw = False
584.7051 	EXP 	vid4_q: autoDraw = False
584.7051 	EXP 	vid5_q: autoDraw = False
584.8843 	EXP 	window1: recordFrameIntervals = False
586.4751 	DATA 	Keypress: equal
586.5838 	DATA 	Keypress: equal
586.6900 	EXP 	eggPainting1: image = 'stimsday1details/egg25.png'
586.6900 	EXP 	eggPainting2: image = 'stimsday1details/newegg8.png'
586.6900 	EXP 	character1: image = 'stimsday1details/couple25.png'
586.6900 	EXP 	character2: image = 'stimsday1details/newperson8.png'
586.6900 	EXP 	gift1: image = 'stimsday1details/gift25.png'
586.6900 	EXP 	gift2: image = 'stimsday1details/new8.png'
586.6900 	EXP 	themeQ1: image = 'stimsday1details/ct25.png'
586.6900 	EXP 	themeQ2: image = 'stimsday1details/t25.png'
586.6900 	EXP 	nameQ1: image = 'stimsday1details/cn25.png'
586.6900 	EXP 	nameQ2: image = 'stimsday1details/n25.png'
586.6900 	EXP 	nameQ1: autoDraw = True
586.6900 	EXP 	nameQ2: autoDraw = True
588.0896 	DATA 	Keypress: equal
588.1398 	DATA 	Keypress: 2
588.6880 	EXP 	nameQ1: autoDraw = False
588.6880 	EXP 	nameQ2: autoDraw = False
588.6880 	EXP 	nameQ1: autoDraw = False
588.6880 	EXP 	nameQ2: autoDraw = False
588.6880 	EXP 	eggPainting1: autoDraw = True
588.6880 	EXP 	eggPainting2: autoDraw = True
589.5059 	DATA 	Keypress: 1
589.5943 	DATA 	Keypress: equal
590.6882 	EXP 	eggPainting1: autoDraw = False
590.6882 	EXP 	eggPainting2: autoDraw = False
590.6882 	EXP 	eggPainting1: autoDraw = False
590.6882 	EXP 	eggPainting2: autoDraw = False
590.6882 	EXP 	character1: autoDraw = True
590.6882 	EXP 	character2: autoDraw = True
591.0894 	DATA 	Keypress: equal
591.4724 	DATA 	Keypress: 1
592.5901 	DATA 	Keypress: equal
592.6880 	EXP 	character1: autoDraw = False
592.6880 	EXP 	character2: autoDraw = False
592.6880 	EXP 	character1: autoDraw = False
592.6880 	EXP 	character2: autoDraw = False
592.6880 	EXP 	themeQ1: autoDraw = True
592.6880 	EXP 	themeQ2: autoDraw = True
593.9896 	DATA 	Keypress: 2
594.0896 	DATA 	Keypress: equal
594.6921 	EXP 	themeQ1: autoDraw = False
594.6921 	EXP 	themeQ2: autoDraw = False
594.6921 	EXP 	themeQ1: autoDraw = False
594.6921 	EXP 	themeQ2: autoDraw = False
594.6921 	EXP 	gift1: autoDraw = True
594.6921 	EXP 	gift2: autoDraw = True
595.5942 	DATA 	Keypress: equal
595.6564 	DATA 	Keypress: 1
596.6922 	EXP 	gift1: autoDraw = False
596.6922 	EXP 	gift2: autoDraw = False
596.6922 	EXP 	gift1: autoDraw = False
596.6922 	EXP 	gift2: autoDraw = False
596.6922 	EXP 	northorsouth1: autoDraw = True
596.6922 	EXP 	northorsouth2: autoDraw = True
597.0941 	DATA 	Keypress: equal
597.4730 	DATA 	Keypress: 2
598.5933 	DATA 	Keypress: equal
598.9442 	EXP 	New trial (rep=0, index=4): OrderedDict([('condsFile', 'videoBlock_schemaS_pathB_1.csv')])
598.9581 	EXP 	Imported videoBlock_schemaS_pathB_1.csv as conditions, 1 conditions, 17 params
598.9586 	EXP 	Created sequence: random, trialTypes=1, nReps=1, seed=None
598.9593 	EXP 	New trial (rep=0, index=0): OrderedDict([('northOrSouth', 'south.png'), ('stimFile1a', 'stims/wedding-39.1a.mp4'), ('stimFile1b', 'stims/wedding-39.1b.mp4'), ('stimFile2', 'stims/wedding-39.2b.mp4'), ('stimFile3', 'stims/wedding-39.3a.mp4'), ('stimFile4', 'stims/wedding-39.4b.mp4'), ('stimFile5', 'stims/wedding-39.5.mp4'), ('QeggPainting1', 'stimsday1details/newpainting7.png'), ('Qcharacter1', 'stimsday1details/newperson19.png'), ('Qgift1', 'stimsday1details/gift39.png'), ('QeggPainting2', 'stimsday1details/painting39.png'), ('Qcharacter2', 'stimsday1details/couple39.png'), ('Qgift2', 'stimsday1details/new19.png'), ('Qname1', 'stimsday1details/n39.png'), ('Qtheme1', 'stimsday1details/t39.png'), ('Qname2', 'stimsday1details/cn39.png'), ('Qtheme2', 'stimsday1details/ct39.png')])
598.9719 	EXP 	northorsouth1: autoDraw = False
598.9719 	EXP 	northorsouth2: autoDraw = False
598.9719 	EXP 	northorsouth1: autoDraw = False
598.9719 	EXP 	northorsouth2: autoDraw = False
598.9719 	EXP 	image_2: autoDraw = True
600.0898 	DATA 	Keypress: equal
600.9609 	EXP 	Created sequence: random, trialTypes=1, nReps=1, seed=None
600.9612 	EXP 	New trial (rep=0, index=0): None
601.5108 	EXP 	Created vid1a = MovieStim3(__class__=<class 'psychopy.visual.movie3.MovieStim3'>, autoLog=True, color=UNKNOWN, colorSpace=UNKNOWN, depth=-1.0, filename='stims/wedding-39.1a.mp4', flipHoriz=False, flipVert=False, fps=UNKNOWN, interpolate=True, loop=False, name='vid1a', noAudio=False, opacity=1.0, ori=0, pos=array([0., 0.]), size=array([1280.,  720.]), units='pix', vframe_callback=UNKNOWN, volume=UNKNOWN, win=Window(...))
601.8911 	EXP 	Created vid1b = MovieStim3(__class__=<class 'psychopy.visual.movie3.MovieStim3'>, autoLog=True, color=UNKNOWN, colorSpace=UNKNOWN, depth=-2.0, filename='stims/wedding-39.1b.mp4', flipHoriz=False, flipVert=False, fps=UNKNOWN, interpolate=True, loop=False, name='vid1b', noAudio=False, opacity=1.0, ori=0, pos=array([0., 0.]), size=array([1280.,  720.]), units='pix', vframe_callback=UNKNOWN, volume=UNKNOWN, win=Window(...))
602.3540 	EXP 	Created vid2 = MovieStim3(__class__=<class 'psychopy.visual.movie3.MovieStim3'>, autoLog=True, color=UNKNOWN, colorSpace=UNKNOWN, depth=-3.0, filename='stims/wedding-39.2b.mp4', flipHoriz=False, flipVert=False, fps=UNKNOWN, interpolate=True, loop=False, name='vid2', noAudio=False, opacity=1.0, ori=0, pos=array([0., 0.]), size=array([1280.,  720.]), units='pix', vframe_callback=UNKNOWN, volume=UNKNOWN, win=Window(...))
602.8162 	EXP 	Created vid3 = MovieStim3(__class__=<class 'psychopy.visual.movie3.MovieStim3'>, autoLog=True, color=UNKNOWN, colorSpace=UNKNOWN, depth=-4.0, filename='stims/wedding-39.3a.mp4', flipHoriz=False, flipVert=False, fps=UNKNOWN, interpolate=True, loop=False, name='vid3', noAudio=False, opacity=1.0, ori=0, pos=array([0., 0.]), size=array([1280.,  720.]), units='pix', vframe_callback=UNKNOWN, volume=UNKNOWN, win=Window(...))
603.2917 	EXP 	Created vid4 = MovieStim3(__class__=<class 'psychopy.visual.movie3.MovieStim3'>, autoLog=True, color=UNKNOWN, colorSpace=UNKNOWN, depth=-5.0, filename='stims/wedding-39.4b.mp4', flipHoriz=False, flipVert=False, fps=UNKNOWN, interpolate=True, loop=False, name='vid4', noAudio=False, opacity=1.0, ori=0, pos=array([0., 0.]), size=array([1280.,  720.]), units='pix', vframe_callback=UNKNOWN, volume=UNKNOWN, win=Window(...))
603.6843 	EXP 	Created vid5 = MovieStim3(__class__=<class 'psychopy.visual.movie3.MovieStim3'>, autoLog=True, color=UNKNOWN, colorSpace=UNKNOWN, depth=-6.0, filename='stims/wedding-39.5.mp4', flipHoriz=False, flipVert=False, fps=UNKNOWN, interpolate=True, loop=False, name='vid5', noAudio=False, opacity=1.0, ori=0, pos=array([0., 0.]), size=array([1280.,  720.]), units='pix', vframe_callback=UNKNOWN, volume=UNKNOWN, win=Window(...))
603.7672 	EXP 	window1: recordFrameIntervals = False
603.7706 	DATA 	Keypress: equal
603.7728 	DATA 	Keypress: equal
603.7873 	EXP 	image_2: autoDraw = False
603.7873 	EXP 	image_2: autoDraw = False
603.7873 	EXP 	vid1a: movie = 'stims/wedding-39.1a.mp4'
603.7873 	EXP 	vid1a: autoLog = True
603.7873 	EXP 	vid1b: movie = 'stims/wedding-39.1b.mp4'
603.7873 	EXP 	vid1b: autoLog = True
603.7873 	EXP 	vid2: movie = 'stims/wedding-39.2b.mp4'
603.7873 	EXP 	vid2: autoLog = True
603.7873 	EXP 	vid3: movie = 'stims/wedding-39.3a.mp4'
603.7873 	EXP 	vid3: autoLog = True
603.7873 	EXP 	vid4: movie = 'stims/wedding-39.4b.mp4'
603.7873 	EXP 	vid4: autoLog = True
603.7873 	EXP 	vid5: movie = 'stims/wedding-39.5.mp4'
603.7873 	EXP 	vid5: autoLog = True
606.4715 	EXP 	window1: recordFrameIntervals = False
608.0548 	DATA 	Keypress: equal
608.0614 	DATA 	Keypress: equal
608.0636 	DATA 	Keypress: equal
608.2716 	EXP 	vid1a: movie = 'stims/wedding-39.1a.mp4'
608.2716 	EXP 	vid1b: movie = 'stims/wedding-39.1b.mp4'
608.2716 	EXP 	vid2: movie = 'stims/wedding-39.2b.mp4'
608.2716 	EXP 	vid3: movie = 'stims/wedding-39.3a.mp4'
608.2716 	EXP 	vid4: movie = 'stims/wedding-39.4b.mp4'
608.2716 	EXP 	vid5: movie = 'stims/wedding-39.5.mp4'
608.2877 	EXP 	vid1a: autoDraw = True
609.0901 	DATA 	Keypress: equal
610.5946 	DATA 	Keypress: equal
612.0901 	DATA 	Keypress: equal
613.5889 	DATA 	Keypress: equal
615.0889 	DATA 	Keypress: equal
616.5891 	DATA 	Keypress: equal
618.0895 	DATA 	Keypress: equal
619.5894 	DATA 	Keypress: equal
621.0902 	DATA 	Keypress: equal
622.5890 	DATA 	Keypress: equal
624.0903 	DATA 	Keypress: equal
625.5902 	DATA 	Keypress: equal
627.0893 	DATA 	Keypress: equal
628.5900 	DATA 	Keypress: equal
630.0902 	DATA 	Keypress: equal
631.5902 	DATA 	Keypress: equal
633.0888 	DATA 	Keypress: equal
634.5888 	DATA 	Keypress: equal
636.0890 	DATA 	Keypress: equal
637.2541 	EXP 	Set vid1a finished
637.5889 	DATA 	Keypress: equal
637.9878 	EXP 	vid1b: autoDraw = True
639.0937 	DATA 	Keypress: equal
640.5892 	DATA 	Keypress: equal
642.0890 	DATA 	Keypress: equal
643.5897 	DATA 	Keypress: equal
645.0892 	DATA 	Keypress: equal
646.5894 	DATA 	Keypress: equal
646.8372 	EXP 	Set vid1b finished
646.9878 	EXP 	vid2: autoDraw = True
648.0929 	DATA 	Keypress: equal
649.6145 	DATA 	Keypress: equal
651.0940 	DATA 	Keypress: equal
652.5893 	DATA 	Keypress: equal
654.0939 	DATA 	Keypress: equal
655.5892 	DATA 	Keypress: equal
657.0897 	DATA 	Keypress: equal
658.5821 	DATA 	Keypress: equal
660.0814 	DATA 	Keypress: equal
661.5809 	DATA 	Keypress: equal
663.0836 	DATA 	Keypress: equal
663.9748 	EXP 	vid2: autoDraw = False
663.9876 	EXP 	vid3: autoDraw = True
664.5889 	DATA 	Keypress: equal
666.0892 	DATA 	Keypress: equal
667.5890 	DATA 	Keypress: equal
669.0935 	DATA 	Keypress: equal
670.5936 	DATA 	Keypress: equal
672.0942 	DATA 	Keypress: equal
673.5894 	DATA 	Keypress: equal
675.0891 	DATA 	Keypress: equal
676.5887 	DATA 	Keypress: equal
678.0883 	DATA 	Keypress: equal
679.5835 	DATA 	Keypress: equal
681.0836 	DATA 	Keypress: equal
682.5860 	DATA 	Keypress: equal
684.0883 	DATA 	Keypress: equal
685.5846 	DATA 	Keypress: equal
686.9705 	EXP 	vid3: autoDraw = False
686.9871 	EXP 	vid4: autoDraw = True
687.0890 	DATA 	Keypress: equal
688.5929 	DATA 	Keypress: equal
690.0934 	DATA 	Keypress: equal
691.5880 	DATA 	Keypress: equal
693.0931 	DATA 	Keypress: equal
694.5930 	DATA 	Keypress: equal
696.0889 	DATA 	Keypress: equal
697.5886 	DATA 	Keypress: equal
699.0886 	DATA 	Keypress: equal
700.5890 	DATA 	Keypress: equal
702.0886 	DATA 	Keypress: equal
703.5883 	DATA 	Keypress: equal
705.0885 	DATA 	Keypress: equal
706.5892 	DATA 	Keypress: equal
708.0881 	DATA 	Keypress: equal
709.5882 	DATA 	Keypress: equal
710.9701 	EXP 	vid4: autoDraw = False
710.9869 	EXP 	vid5: autoDraw = True
711.0886 	DATA 	Keypress: equal
712.5889 	DATA 	Keypress: equal
714.0886 	DATA 	Keypress: equal
715.5931 	DATA 	Keypress: equal
717.0893 	DATA 	Keypress: equal
718.5877 	DATA 	Keypress: equal
720.0800 	DATA 	Keypress: equal
721.5877 	DATA 	Keypress: equal
723.0856 	DATA 	Keypress: equal
723.1389 	EXP 	Set vid5 finished
723.3498 	EXP 	Created sequence: random, trialTypes=1, nReps=1, seed=None
723.3501 	EXP 	New trial (rep=0, index=0): None
723.8910 	EXP 	Created vid1a_q = MovieStim3(__class__=<class 'psychopy.visual.movie3.MovieStim3'>, autoLog=True, color=UNKNOWN, colorSpace=UNKNOWN, depth=-1.0, filename='stims/wedding-39.1a.mp4', flipHoriz=False, flipVert=False, fps=UNKNOWN, interpolate=True, loop=False, name='vid1a_q', noAudio=False, opacity=1.0, ori=0, pos=array([0., 0.]), size=array([1280.,  720.]), units='pix', vframe_callback=UNKNOWN, volume=UNKNOWN, win=Window(...))
724.2622 	EXP 	Created vid1b_q = MovieStim3(__class__=<class 'psychopy.visual.movie3.MovieStim3'>, autoLog=True, color=UNKNOWN, colorSpace=UNKNOWN, depth=-2.0, filename='stims/wedding-39.1b.mp4', flipHoriz=False, flipVert=False, fps=UNKNOWN, interpolate=True, loop=False, name='vid1b_q', noAudio=False, opacity=1.0, ori=0, pos=array([0., 0.]), size=array([1280.,  720.]), units='pix', vframe_callback=UNKNOWN, volume=UNKNOWN, win=Window(...))
724.7286 	EXP 	Created vid2_q = MovieStim3(__class__=<class 'psychopy.visual.movie3.MovieStim3'>, autoLog=True, color=UNKNOWN, colorSpace=UNKNOWN, depth=-3.0, filename='stims/wedding-39.2b.mp4', flipHoriz=False, flipVert=False, fps=UNKNOWN, interpolate=True, loop=False, name='vid2_q', noAudio=False, opacity=1.0, ori=0, pos=array([0., 0.]), size=array([1280.,  720.]), units='pix', vframe_callback=UNKNOWN, volume=UNKNOWN, win=Window(...))
725.1842 	EXP 	Created vid3_q = MovieStim3(__class__=<class 'psychopy.visual.movie3.MovieStim3'>, autoLog=True, color=UNKNOWN, colorSpace=UNKNOWN, depth=-5.0, filename='stims/wedding-39.3a.mp4', flipHoriz=False, flipVert=False, fps=UNKNOWN, interpolate=True, loop=False, name='vid3_q', noAudio=False, opacity=1.0, ori=0, pos=array([0., 0.]), size=array([1280.,  720.]), units='pix', vframe_callback=UNKNOWN, volume=UNKNOWN, win=Window(...))
725.6453 	EXP 	Created vid4_q = MovieStim3(__class__=<class 'psychopy.visual.movie3.MovieStim3'>, autoLog=True, color=UNKNOWN, colorSpace=UNKNOWN, depth=-7.0, filename='stims/wedding-39.4b.mp4', flipHoriz=False, flipVert=False, fps=UNKNOWN, interpolate=True, loop=False, name='vid4_q', noAudio=False, opacity=1.0, ori=0, pos=array([0., 0.]), size=array([1280.,  720.]), units='pix', vframe_callback=UNKNOWN, volume=UNKNOWN, win=Window(...))
726.0264 	EXP 	Created vid5_q = MovieStim3(__class__=<class 'psychopy.visual.movie3.MovieStim3'>, autoLog=True, color=UNKNOWN, colorSpace=UNKNOWN, depth=-8.0, filename='stims/wedding-39.5.mp4', flipHoriz=False, flipVert=False, fps=UNKNOWN, interpolate=True, loop=False, name='vid5_q', noAudio=False, opacity=1.0, ori=0, pos=array([0., 0.]), size=array([1280.,  720.]), units='pix', vframe_callback=UNKNOWN, volume=UNKNOWN, win=Window(...))
726.3346 	EXP 	window1: recordFrameIntervals = False
726.3379 	DATA 	Keypress: equal
726.3403 	DATA 	Keypress: equal
726.3532 	EXP 	vid1a: autoDraw = False
726.3532 	EXP 	vid1b: autoDraw = False
726.3532 	EXP 	vid2: autoDraw = False
726.3532 	EXP 	vid3: autoDraw = False
726.3532 	EXP 	vid4: autoDraw = False
726.3532 	EXP 	vid5: autoDraw = False
726.3532 	EXP 	vid1a_q: movie = 'stims/wedding-39.1a.mp4'
726.3532 	EXP 	vid1a_q: autoLog = True
726.3532 	EXP 	vid1b_q: movie = 'stims/wedding-39.1b.mp4'
726.3532 	EXP 	vid1b_q: autoLog = True
726.3532 	EXP 	vid2_q: movie = 'stims/wedding-39.2b.mp4'
726.3532 	EXP 	vid2_q: autoLog = True
726.3532 	EXP 	vid3_q: movie = 'stims/wedding-39.3a.mp4'
726.3532 	EXP 	vid3_q: autoLog = True
726.3532 	EXP 	vid4_q: movie = 'stims/wedding-39.4b.mp4'
726.3532 	EXP 	vid4_q: autoLog = True
726.3532 	EXP 	vid5_q: movie = 'stims/wedding-39.5.mp4'
726.3532 	EXP 	vid5_q: autoLog = True
726.3532 	EXP 	vid1a_q: autoDraw = False
726.3532 	EXP 	vid1b_q: autoDraw = False
726.3532 	EXP 	vid2_q: autoDraw = False
726.3532 	EXP 	l2q: autoDraw = False
726.3532 	EXP 	vid3_q: autoDraw = False
726.3532 	EXP 	l3q: autoDraw = False
726.3532 	EXP 	vid4_q: autoDraw = False
726.3532 	EXP 	vid5_q: autoDraw = False
726.5991 	EXP 	window1: recordFrameIntervals = False
728.1215 	DATA 	Keypress: equal
728.3378 	EXP 	eggPainting1: image = 'stimsday1details/newpainting7.png'
728.3378 	EXP 	eggPainting2: image = 'stimsday1details/painting39.png'
728.3378 	EXP 	character1: image = 'stimsday1details/newperson19.png'
728.3378 	EXP 	character2: image = 'stimsday1details/couple39.png'
728.3378 	EXP 	gift1: image = 'stimsday1details/gift39.png'
728.3378 	EXP 	gift2: image = 'stimsday1details/new19.png'
728.3378 	EXP 	themeQ1: image = 'stimsday1details/t39.png'
728.3378 	EXP 	themeQ2: image = 'stimsday1details/ct39.png'
728.3378 	EXP 	nameQ1: image = 'stimsday1details/n39.png'
728.3378 	EXP 	nameQ2: image = 'stimsday1details/cn39.png'
728.3378 	EXP 	nameQ1: autoDraw = True
728.3378 	EXP 	nameQ2: autoDraw = True
729.0880 	DATA 	Keypress: equal
729.6209 	DATA 	Keypress: 1
730.3363 	EXP 	nameQ1: autoDraw = False
730.3363 	EXP 	nameQ2: autoDraw = False
730.3363 	EXP 	nameQ1: autoDraw = False
730.3363 	EXP 	nameQ2: autoDraw = False
730.3363 	EXP 	eggPainting1: autoDraw = True
730.3363 	EXP 	eggPainting2: autoDraw = True
730.5877 	DATA 	Keypress: equal
732.0874 	DATA 	Keypress: equal
732.3406 	EXP 	eggPainting1: autoDraw = False
732.3406 	EXP 	eggPainting2: autoDraw = False
732.3406 	EXP 	eggPainting1: autoDraw = False
732.3406 	EXP 	eggPainting2: autoDraw = False
732.3406 	EXP 	character1: autoDraw = True
732.3406 	EXP 	character2: autoDraw = True
733.5926 	DATA 	Keypress: equal
733.7208 	DATA 	Keypress: 2
734.3363 	EXP 	character1: autoDraw = False
734.3363 	EXP 	character2: autoDraw = False
734.3363 	EXP 	character1: autoDraw = False
734.3363 	EXP 	character2: autoDraw = False
734.3363 	EXP 	themeQ1: autoDraw = True
734.3363 	EXP 	themeQ2: autoDraw = True
735.0923 	DATA 	Keypress: equal
735.8376 	DATA 	Keypress: 1
736.3364 	EXP 	themeQ1: autoDraw = False
736.3364 	EXP 	themeQ2: autoDraw = False
736.3364 	EXP 	themeQ1: autoDraw = False
736.3364 	EXP 	themeQ2: autoDraw = False
736.3364 	EXP 	gift1: autoDraw = True
736.3364 	EXP 	gift2: autoDraw = True
736.5872 	DATA 	Keypress: equal
737.1581 	DATA 	Keypress: 1
738.0880 	DATA 	Keypress: equal
738.3354 	EXP 	gift1: autoDraw = False
738.3354 	EXP 	gift2: autoDraw = False
738.3354 	EXP 	gift1: autoDraw = False
738.3354 	EXP 	gift2: autoDraw = False
738.3354 	EXP 	northorsouth1: autoDraw = True
738.3354 	EXP 	northorsouth2: autoDraw = True
739.1583 	DATA 	Keypress: 2
739.5880 	DATA 	Keypress: equal
740.6201 	EXP 	New trial (rep=0, index=5): OrderedDict([('condsFile', 'videoBlock_schemaS_pathB_3.csv')])
740.6326 	EXP 	Imported videoBlock_schemaS_pathB_3.csv as conditions, 1 conditions, 17 params
740.6331 	EXP 	Created sequence: random, trialTypes=1, nReps=1, seed=None
740.6338 	EXP 	New trial (rep=0, index=0): OrderedDict([('northOrSouth', 'south.png'), ('stimFile1a', 'stims/wedding-41.1a.mp4'), ('stimFile1b', 'stims/wedding-41.1b.mp4'), ('stimFile2', 'stims/wedding-41.2b.mp4'), ('stimFile3', 'stims/wedding-41.3a.mp4'), ('stimFile4', 'stims/wedding-41.4b.mp4'), ('stimFile5', 'stims/wedding-41.5.mp4'), ('QeggPainting1', 'stimsday1details/painting41.png'), ('Qcharacter1', 'stimsday1details/couple41.png'), ('Qgift1', 'stimsday1details/new21.png'), ('QeggPainting2', 'stimsday1details/newpainting9.png'), ('Qcharacter2', 'stimsday1details/newperson21.png'), ('Qgift2', 'stimsday1details/gift41.png'), ('Qname1', 'stimsday1details/cn41.png'), ('Qtheme1', 'stimsday1details/t41.png'), ('Qname2', 'stimsday1details/n41.png'), ('Qtheme2', 'stimsday1details/ct41.png')])
740.6537 	EXP 	northorsouth1: autoDraw = False
740.6537 	EXP 	northorsouth2: autoDraw = False
740.6537 	EXP 	northorsouth1: autoDraw = False
740.6537 	EXP 	northorsouth2: autoDraw = False
740.6537 	EXP 	image_2: autoDraw = True
741.0879 	DATA 	Keypress: equal
742.5875 	DATA 	Keypress: equal
742.6374 	EXP 	Created sequence: random, trialTypes=1, nReps=1, seed=None
742.6377 	EXP 	New trial (rep=0, index=0): None
743.1871 	EXP 	Created vid1a = MovieStim3(__class__=<class 'psychopy.visual.movie3.MovieStim3'>, autoLog=True, color=UNKNOWN, colorSpace=UNKNOWN, depth=-1.0, filename='stims/wedding-41.1a.mp4', flipHoriz=False, flipVert=False, fps=UNKNOWN, interpolate=True, loop=False, name='vid1a', noAudio=False, opacity=1.0, ori=0, pos=array([0., 0.]), size=array([1280.,  720.]), units='pix', vframe_callback=UNKNOWN, volume=UNKNOWN, win=Window(...))
743.5798 	EXP 	Created vid1b = MovieStim3(__class__=<class 'psychopy.visual.movie3.MovieStim3'>, autoLog=True, color=UNKNOWN, colorSpace=UNKNOWN, depth=-2.0, filename='stims/wedding-41.1b.mp4', flipHoriz=False, flipVert=False, fps=UNKNOWN, interpolate=True, loop=False, name='vid1b', noAudio=False, opacity=1.0, ori=0, pos=array([0., 0.]), size=array([1280.,  720.]), units='pix', vframe_callback=UNKNOWN, volume=UNKNOWN, win=Window(...))
744.0855 	EXP 	Created vid2 = MovieStim3(__class__=<class 'psychopy.visual.movie3.MovieStim3'>, autoLog=True, color=UNKNOWN, colorSpace=UNKNOWN, depth=-3.0, filename='stims/wedding-41.2b.mp4', flipHoriz=False, flipVert=False, fps=UNKNOWN, interpolate=True, loop=False, name='vid2', noAudio=False, opacity=1.0, ori=0, pos=array([0., 0.]), size=array([1280.,  720.]), units='pix', vframe_callback=UNKNOWN, volume=UNKNOWN, win=Window(...))
744.6242 	EXP 	Created vid3 = MovieStim3(__class__=<class 'psychopy.visual.movie3.MovieStim3'>, autoLog=True, color=UNKNOWN, colorSpace=UNKNOWN, depth=-4.0, filename='stims/wedding-41.3a.mp4', flipHoriz=False, flipVert=False, fps=UNKNOWN, interpolate=True, loop=False, name='vid3', noAudio=False, opacity=1.0, ori=0, pos=array([0., 0.]), size=array([1280.,  720.]), units='pix', vframe_callback=UNKNOWN, volume=UNKNOWN, win=Window(...))
745.0903 	EXP 	Created vid4 = MovieStim3(__class__=<class 'psychopy.visual.movie3.MovieStim3'>, autoLog=True, color=UNKNOWN, colorSpace=UNKNOWN, depth=-5.0, filename='stims/wedding-41.4b.mp4', flipHoriz=False, flipVert=False, fps=UNKNOWN, interpolate=True, loop=False, name='vid4', noAudio=False, opacity=1.0, ori=0, pos=array([0., 0.]), size=array([1280.,  720.]), units='pix', vframe_callback=UNKNOWN, volume=UNKNOWN, win=Window(...))
745.4803 	EXP 	Created vid5 = MovieStim3(__class__=<class 'psychopy.visual.movie3.MovieStim3'>, autoLog=True, color=UNKNOWN, colorSpace=UNKNOWN, depth=-6.0, filename='stims/wedding-41.5.mp4', flipHoriz=False, flipVert=False, fps=UNKNOWN, interpolate=True, loop=False, name='vid5', noAudio=False, opacity=1.0, ori=0, pos=array([0., 0.]), size=array([1280.,  720.]), units='pix', vframe_callback=UNKNOWN, volume=UNKNOWN, win=Window(...))
745.7671 	EXP 	Created sequence: random, trialTypes=1, nReps=1, seed=None
745.7675 	EXP 	New trial (rep=0, index=0): None
746.3167 	EXP 	Created vid1a_q = MovieStim3(__class__=<class 'psychopy.visual.movie3.MovieStim3'>, autoLog=True, color=UNKNOWN, colorSpace=UNKNOWN, depth=-1.0, filename='stims/wedding-41.1a.mp4', flipHoriz=False, flipVert=False, fps=UNKNOWN, interpolate=True, loop=False, name='vid1a_q', noAudio=False, opacity=1.0, ori=0, pos=array([0., 0.]), size=array([1280.,  720.]), units='pix', vframe_callback=UNKNOWN, volume=UNKNOWN, win=Window(...))
746.6953 	EXP 	Created vid1b_q = MovieStim3(__class__=<class 'psychopy.visual.movie3.MovieStim3'>, autoLog=True, color=UNKNOWN, colorSpace=UNKNOWN, depth=-2.0, filename='stims/wedding-41.1b.mp4', flipHoriz=False, flipVert=False, fps=UNKNOWN, interpolate=True, loop=False, name='vid1b_q', noAudio=False, opacity=1.0, ori=0, pos=array([0., 0.]), size=array([1280.,  720.]), units='pix', vframe_callback=UNKNOWN, volume=UNKNOWN, win=Window(...))
747.1912 	EXP 	Created vid2_q = MovieStim3(__class__=<class 'psychopy.visual.movie3.MovieStim3'>, autoLog=True, color=UNKNOWN, colorSpace=UNKNOWN, depth=-3.0, filename='stims/wedding-41.2b.mp4', flipHoriz=False, flipVert=False, fps=UNKNOWN, interpolate=True, loop=False, name='vid2_q', noAudio=False, opacity=1.0, ori=0, pos=array([0., 0.]), size=array([1280.,  720.]), units='pix', vframe_callback=UNKNOWN, volume=UNKNOWN, win=Window(...))
747.7209 	EXP 	Created vid3_q = MovieStim3(__class__=<class 'psychopy.visual.movie3.MovieStim3'>, autoLog=True, color=UNKNOWN, colorSpace=UNKNOWN, depth=-5.0, filename='stims/wedding-41.3a.mp4', flipHoriz=False, flipVert=False, fps=UNKNOWN, interpolate=True, loop=False, name='vid3_q', noAudio=False, opacity=1.0, ori=0, pos=array([0., 0.]), size=array([1280.,  720.]), units='pix', vframe_callback=UNKNOWN, volume=UNKNOWN, win=Window(...))
748.1789 	EXP 	Created vid4_q = MovieStim3(__class__=<class 'psychopy.visual.movie3.MovieStim3'>, autoLog=True, color=UNKNOWN, colorSpace=UNKNOWN, depth=-7.0, filename='stims/wedding-41.4b.mp4', flipHoriz=False, flipVert=False, fps=UNKNOWN, interpolate=True, loop=False, name='vid4_q', noAudio=False, opacity=1.0, ori=0, pos=array([0., 0.]), size=array([1280.,  720.]), units='pix', vframe_callback=UNKNOWN, volume=UNKNOWN, win=Window(...))
748.5670 	EXP 	Created vid5_q = MovieStim3(__class__=<class 'psychopy.visual.movie3.MovieStim3'>, autoLog=True, color=UNKNOWN, colorSpace=UNKNOWN, depth=-8.0, filename='stims/wedding-41.5.mp4', flipHoriz=False, flipVert=False, fps=UNKNOWN, interpolate=True, loop=False, name='vid5_q', noAudio=False, opacity=1.0, ori=0, pos=array([0., 0.]), size=array([1280.,  720.]), units='pix', vframe_callback=UNKNOWN, volume=UNKNOWN, win=Window(...))
748.6826 	EXP 	window1: recordFrameIntervals = False
748.6861 	DATA 	Keypress: equal
748.6885 	DATA 	Keypress: equal
748.6906 	DATA 	Keypress: equal
748.6932 	DATA 	Keypress: equal
748.7023 	EXP 	image_2: autoDraw = False
748.7023 	EXP 	image_2: autoDraw = False
748.7023 	EXP 	vid1a: movie = 'stims/wedding-41.1a.mp4'
748.7023 	EXP 	vid1a: autoLog = True
748.7023 	EXP 	vid1b: movie = 'stims/wedding-41.1b.mp4'
748.7023 	EXP 	vid1b: autoLog = True
748.7023 	EXP 	vid2: movie = 'stims/wedding-41.2b.mp4'
748.7023 	EXP 	vid2: autoLog = True
748.7023 	EXP 	vid3: movie = 'stims/wedding-41.3a.mp4'
748.7023 	EXP 	vid3: autoLog = True
748.7023 	EXP 	vid4: movie = 'stims/wedding-41.4b.mp4'
748.7023 	EXP 	vid4: autoLog = True
748.7023 	EXP 	vid5: movie = 'stims/wedding-41.5.mp4'
748.7023 	EXP 	vid5: autoLog = True
748.7023 	EXP 	vid1a: autoDraw = False
748.7023 	EXP 	vid1b: autoDraw = False
748.7023 	EXP 	vid2: autoDraw = False
748.7023 	EXP 	vid3: autoDraw = False
748.7023 	EXP 	vid4: autoDraw = False
748.7023 	EXP 	vid5: autoDraw = False
748.7023 	EXP 	vid1a_q: movie = 'stims/wedding-41.1a.mp4'
748.7023 	EXP 	vid1a_q: autoLog = True
748.7023 	EXP 	vid1b_q: movie = 'stims/wedding-41.1b.mp4'
748.7023 	EXP 	vid1b_q: autoLog = True
748.7023 	EXP 	vid2_q: movie = 'stims/wedding-41.2b.mp4'
748.7023 	EXP 	vid2_q: autoLog = True
748.7023 	EXP 	vid3_q: movie = 'stims/wedding-41.3a.mp4'
748.7023 	EXP 	vid3_q: autoLog = True
748.7023 	EXP 	vid4_q: movie = 'stims/wedding-41.4b.mp4'
748.7023 	EXP 	vid4_q: autoLog = True
748.7023 	EXP 	vid5_q: movie = 'stims/wedding-41.5.mp4'
748.7023 	EXP 	vid5_q: autoLog = True
751.5095 	EXP 	window1: recordFrameIntervals = False
752.9708 	DATA 	Keypress: equal
752.9781 	DATA 	Keypress: equal
753.0778 	DATA 	Keypress: equal
753.1855 	EXP 	vid1a_q: movie = 'stims/wedding-41.1a.mp4'
753.1855 	EXP 	vid1b_q: movie = 'stims/wedding-41.1b.mp4'
753.1855 	EXP 	vid2_q: movie = 'stims/wedding-41.2b.mp4'
753.1855 	EXP 	vid3_q: movie = 'stims/wedding-41.3a.mp4'
753.1855 	EXP 	vid4_q: movie = 'stims/wedding-41.4b.mp4'
753.1855 	EXP 	vid5_q: movie = 'stims/wedding-41.5.mp4'
753.2019 	EXP 	vid1a_q: autoDraw = True
754.5783 	DATA 	Keypress: equal
756.0783 	DATA 	Keypress: equal
757.5881 	DATA 	Keypress: equal
759.0807 	DATA 	Keypress: equal
760.5791 	DATA 	Keypress: equal
762.0926 	DATA 	Keypress: equal
763.5870 	DATA 	Keypress: equal
765.0873 	DATA 	Keypress: equal
766.5875 	DATA 	Keypress: equal
768.0884 	DATA 	Keypress: equal
769.5932 	DATA 	Keypress: equal
771.0880 	DATA 	Keypress: equal
772.5881 	DATA 	Keypress: equal
774.0921 	DATA 	Keypress: equal
775.5926 	DATA 	Keypress: equal
777.0875 	DATA 	Keypress: equal
778.5823 	DATA 	Keypress: equal
780.0775 	DATA 	Keypress: equal
781.5821 	DATA 	Keypress: equal
782.7854 	EXP 	vid1a_q: autoDraw = False
782.7854 	EXP 	vid1b_q: autoDraw = True
783.0873 	DATA 	Keypress: equal
784.5920 	DATA 	Keypress: equal
786.0874 	DATA 	Keypress: equal
787.5873 	DATA 	Keypress: equal
789.0824 	DATA 	Keypress: equal
790.5787 	DATA 	Keypress: equal
791.7682 	EXP 	Set vid1b_q finished
791.7858 	EXP 	vid2_q: autoDraw = True
792.0886 	DATA 	Keypress: equal
793.5914 	DATA 	Keypress: equal
795.0878 	DATA 	Keypress: equal
796.5873 	DATA 	Keypress: equal
798.0878 	DATA 	Keypress: equal
799.5879 	DATA 	Keypress: equal
801.0828 	DATA 	Keypress: equal
802.5776 	DATA 	Keypress: equal
804.0791 	DATA 	Keypress: equal
805.5796 	DATA 	Keypress: equal
807.0788 	DATA 	Keypress: equal
808.0024 	EXP 	Set vid2_q finished
808.5912 	DATA 	Keypress: equal
808.7884 	EXP 	l2q: autoDraw = True
810.0902 	DATA 	Keypress: equal
810.3907 	DATA 	Keypress: 1
811.5916 	DATA 	Keypress: equal
812.7858 	EXP 	l2q: autoDraw = False
812.7858 	EXP 	vid3_q: autoDraw = True
812.9259 	DATA 	Keypress: 1
813.0880 	DATA 	Keypress: equal
814.5868 	DATA 	Keypress: equal
816.0873 	DATA 	Keypress: equal
817.5871 	DATA 	Keypress: equal
819.0864 	DATA 	Keypress: equal
820.5917 	DATA 	Keypress: equal
822.0749 	DATA 	Keypress: equal
823.5761 	DATA 	Keypress: equal
825.0790 	DATA 	Keypress: equal
826.5784 	DATA 	Keypress: equal
828.0779 	DATA 	Keypress: equal
829.5827 	DATA 	Keypress: equal
831.0779 	DATA 	Keypress: equal
832.5776 	DATA 	Keypress: equal
834.0765 	DATA 	Keypress: equal
835.5764 	DATA 	Keypress: equal
835.7894 	EXP 	vid3_q: autoDraw = False
835.7894 	EXP 	l3q: autoDraw = True
837.0907 	DATA 	Keypress: equal
837.8027 	DATA 	Keypress: 2
838.5908 	DATA 	Keypress: equal
839.7844 	EXP 	l3q: autoDraw = False
839.7844 	EXP 	vid4_q: autoDraw = True
840.0869 	DATA 	Keypress: equal
841.5922 	DATA 	Keypress: equal
843.0771 	DATA 	Keypress: equal
844.5867 	DATA 	Keypress: equal
846.0910 	DATA 	Keypress: equal
847.5871 	DATA 	Keypress: equal
849.0897 	DATA 	Keypress: equal
850.5744 	DATA 	Keypress: equal
852.0801 	DATA 	Keypress: equal
853.5743 	DATA 	Keypress: equal
855.0753 	DATA 	Keypress: equal
856.5749 	DATA 	Keypress: equal
858.0772 	DATA 	Keypress: equal
859.5743 	DATA 	Keypress: equal
861.0779 	DATA 	Keypress: equal
862.5738 	DATA 	Keypress: equal
863.2682 	EXP 	Set vid4_q finished
863.7890 	EXP 	vid5_q: autoDraw = True
864.0744 	DATA 	Keypress: equal
865.5742 	DATA 	Keypress: equal
867.0738 	DATA 	Keypress: equal
868.5745 	DATA 	Keypress: equal
870.0756 	DATA 	Keypress: equal
871.5995 	DATA 	Keypress: equal
873.0743 	DATA 	Keypress: equal
874.5770 	DATA 	Keypress: equal
876.0742 	DATA 	Keypress: equal
877.0552 	EXP 	window1: recordFrameIntervals = False
877.0684 	EXP 	vid5_q: autoDraw = False
877.0684 	EXP 	vid1a_q: autoDraw = False
877.0684 	EXP 	vid1b_q: autoDraw = False
877.0684 	EXP 	vid2_q: autoDraw = False
877.0684 	EXP 	l2q: autoDraw = False
877.0684 	EXP 	vid3_q: autoDraw = False
877.0684 	EXP 	l3q: autoDraw = False
877.0684 	EXP 	vid4_q: autoDraw = False
877.0684 	EXP 	vid5_q: autoDraw = False
877.2722 	EXP 	window1: recordFrameIntervals = False
878.8408 	DATA 	Keypress: equal
879.0561 	EXP 	eggPainting1: image = 'stimsday1details/painting41.png'
879.0561 	EXP 	eggPainting2: image = 'stimsday1details/newpainting9.png'
879.0561 	EXP 	character1: image = 'stimsday1details/couple41.png'
879.0561 	EXP 	character2: image = 'stimsday1details/newperson21.png'
879.0561 	EXP 	gift1: image = 'stimsday1details/new21.png'
879.0561 	EXP 	gift2: image = 'stimsday1details/gift41.png'
879.0561 	EXP 	themeQ1: image = 'stimsday1details/t41.png'
879.0561 	EXP 	themeQ2: image = 'stimsday1details/ct41.png'
879.0561 	EXP 	nameQ1: image = 'stimsday1details/cn41.png'
879.0561 	EXP 	nameQ2: image = 'stimsday1details/n41.png'
879.0561 	EXP 	nameQ1: autoDraw = True
879.0561 	EXP 	nameQ2: autoDraw = True
879.0744 	DATA 	Keypress: equal
880.3349 	DATA 	Keypress: 2
880.5852 	DATA 	Keypress: equal
881.0502 	EXP 	nameQ1: autoDraw = False
881.0502 	EXP 	nameQ2: autoDraw = False
881.0502 	EXP 	nameQ1: autoDraw = False
881.0502 	EXP 	nameQ2: autoDraw = False
881.0502 	EXP 	eggPainting1: autoDraw = True
881.0502 	EXP 	eggPainting2: autoDraw = True
881.7356 	DATA 	Keypress: 1
882.0859 	DATA 	Keypress: equal
883.0511 	EXP 	eggPainting1: autoDraw = False
883.0511 	EXP 	eggPainting2: autoDraw = False
883.0511 	EXP 	eggPainting1: autoDraw = False
883.0511 	EXP 	eggPainting2: autoDraw = False
883.0511 	EXP 	character1: autoDraw = True
883.0511 	EXP 	character2: autoDraw = True
883.5858 	DATA 	Keypress: equal
884.1359 	DATA 	Keypress: 1
885.0545 	EXP 	character1: autoDraw = False
885.0545 	EXP 	character2: autoDraw = False
885.0545 	EXP 	character1: autoDraw = False
885.0545 	EXP 	character2: autoDraw = False
885.0545 	EXP 	themeQ1: autoDraw = True
885.0545 	EXP 	themeQ2: autoDraw = True
885.0861 	DATA 	Keypress: equal
886.2354 	DATA 	Keypress: 1
886.5862 	DATA 	Keypress: equal
887.0547 	EXP 	themeQ1: autoDraw = False
887.0547 	EXP 	themeQ2: autoDraw = False
887.0547 	EXP 	themeQ1: autoDraw = False
887.0547 	EXP 	themeQ2: autoDraw = False
887.0547 	EXP 	gift1: autoDraw = True
887.0547 	EXP 	gift2: autoDraw = True
888.0362 	DATA 	Keypress: 2
888.0852 	DATA 	Keypress: equal
889.0548 	EXP 	gift1: autoDraw = False
889.0548 	EXP 	gift2: autoDraw = False
889.0548 	EXP 	gift1: autoDraw = False
889.0548 	EXP 	gift2: autoDraw = False
889.0548 	EXP 	northorsouth1: autoDraw = True
889.0548 	EXP 	northorsouth2: autoDraw = True
889.5862 	DATA 	Keypress: equal
889.7563 	DATA 	Keypress: 2
891.5216 	DATA 	Keypress: equal
891.5350 	EXP 	northorsouth1: autoDraw = False
891.5350 	EXP 	northorsouth2: autoDraw = False
891.5350 	EXP 	northorsouth1: autoDraw = False
891.5350 	EXP 	northorsouth2: autoDraw = False
891.8418 	EXP 	window1: mouseVisible = True
