1.8330 	WARNING 	Import Error: No module named 'psychtoolbox'. Using event module for keyboard component.
7.9688 	WARNING 	User requested fullscreen with size [2560 1440], but screen is actually [1920, 1080]. Using actual size
8.6108 	EXP 	Created window1 = Window(allowGUI=False, allowStencil=False, args=UNKNOWN, autoLog=True, bitsMode=UNKNOWN, blendMode='avg', color=array([0., 0., 0.]), colorSpace='rgb', fullscr=<method-wrapper '__getattribute__' of attributeSetter object at 0x1323d491d0>, gamma=None, kwargs=UNKNOWN, lms=UNKNOWN, monitor=<psychopy.monitors.calibTools.Monitor object at 0x13259adcc0>, multiSample=False, name='window1', numSamples=2, pos=[0.0, 0.0], screen=0, size=array([1920, 1080]), stereo=False, units='norm', useFBO=True, useRetina=False, viewOri=0.0, viewPos=None, viewScale=None, waitBlanking=True, winType='pyglet')
8.6109 	EXP 	window1: recordFrameIntervals = False
8.7768 	EXP 	window1: recordFrameIntervals = True
8.9601 	EXP 	window1: recordFrameIntervals = False
9.0841 	EXP 	Created text = TextStim(__class__=<class 'psychopy.visual.text.TextStim'>, alignHoriz='center', alignVert='center', antialias=True, autoLog=True, bold=False, color='white', colorSpace='named', contrast=1.0, depth=0.0, flipHoriz=False, flipVert=False, font='Arial', fontFiles=[], height=0.1, italic=False, languageStyle='LTR', name='text', opacity=1.0, ori=0, pos=array([0., 0.]), rgb=array([255., 255., 255.]), text='waiting for experimenter...', units='norm', win=Window(...), wrapWidth=1)
9.0927 	EXP 	Created waiting = TextStim(__class__=<class 'psychopy.visual.text.TextStim'>, alignHoriz='center', alignVert='center', antialias=True, autoLog=True, bold=False, color='white', colorSpace='named', contrast=1.0, depth=0.0, flipHoriz=False, flipVert=False, font='Arial', fontFiles=[], height=0.1, italic=False, languageStyle='LTR', name='waiting', opacity=1.0, ori=0, pos=array([0., 0.]), rgb=array([255., 255., 255.]), text='waiting for scanner', units='norm', win=Window(...), wrapWidth=1)
9.1179 	EXP 	Created image_2 = ImageStim(__class__=<class 'psychopy.visual.image.ImageStim'>, autoLog=True, color=array([1., 1., 1.]), colorSpace='rgb', contrast=1.0, depth=0.0, flipHoriz=False, flipVert=False, image='south.png', interpolate=True, mask=None, maskParams=None, name='image_2', opacity=1.0, ori=0.0, pos=array([0., 0.]), size=array([0.8, 0.8]), texRes=128, units='norm', win=Window(...))
9.1293 	EXP 	Created l2q = ImageStim(__class__=<class 'psychopy.visual.image.ImageStim'>, autoLog=True, color=array([1., 1., 1.]), colorSpace='rgb', contrast=1.0, depth=-4.0, flipHoriz=False, flipVert=False, image='LAYER2Q.png', interpolate=True, mask=None, maskParams=None, name='l2q', opacity=1.0, ori=0.0, pos=array([0., 0.]), size=array([0.8, 0.8]), texRes=128, units='norm', win=Window(...))
9.1393 	EXP 	Created l3q = ImageStim(__class__=<class 'psychopy.visual.image.ImageStim'>, autoLog=True, color=array([1., 1., 1.]), colorSpace='rgb', contrast=1.0, depth=-6.0, flipHoriz=False, flipVert=False, image='LAYER3Q.png', interpolate=True, mask=None, maskParams=None, name='l3q', opacity=1.0, ori=0.0, pos=array([0., 0.]), size=array([0.8, 0.8]), texRes=128, units='norm', win=Window(...))
9.1453 	EXP 	Created nameQ1 = ImageStim(__class__=<class 'psychopy.visual.image.ImageStim'>, autoLog=True, color=array([1., 1., 1.]), colorSpace='rgb', contrast=1.0, depth=-1.0, flipHoriz=False, flipVert=False, image='sin', interpolate=True, mask=None, maskParams=None, name='nameQ1', opacity=1.0, ori=0.0, pos=array([-0.5, -0.2]), size=array([0.5, 0.5]), texRes=128, units='norm', win=Window(...))
9.1478 	EXP 	Created nameQ2 = ImageStim(__class__=<class 'psychopy.visual.image.ImageStim'>, autoLog=True, color=array([1., 1., 1.]), colorSpace='rgb', contrast=1.0, depth=-2.0, flipHoriz=False, flipVert=False, image='sin', interpolate=True, mask=None, maskParams=None, name='nameQ2', opacity=1.0, ori=0.0, pos=array([ 0.5, -0.2]), size=array([0.5, 0.5]), texRes=128, units='norm', win=Window(...))
9.1503 	EXP 	Created eggPainting1 = ImageStim(__class__=<class 'psychopy.visual.image.ImageStim'>, autoLog=True, color=array([1., 1., 1.]), colorSpace='rgb', contrast=1.0, depth=0.0, flipHoriz=False, flipVert=False, image='sin', interpolate=True, mask=None, maskParams=None, name='eggPainting1', opacity=1.0, ori=0.0, pos=array([-0.5, -0.2]), size=array([0.7, 1. ]), texRes=128, units='norm', win=Window(...))
9.1526 	EXP 	Created eggPainting2 = ImageStim(__class__=<class 'psychopy.visual.image.ImageStim'>, autoLog=True, color=array([1., 1., 1.]), colorSpace='rgb', contrast=1.0, depth=-2.0, flipHoriz=False, flipVert=False, image='sin', interpolate=True, mask=None, maskParams=None, name='eggPainting2', opacity=1.0, ori=0.0, pos=array([ 0.5, -0.2]), size=array([0.7, 1. ]), texRes=128, units='norm', win=Window(...))
9.1550 	EXP 	Created character1 = ImageStim(__class__=<class 'psychopy.visual.image.ImageStim'>, autoLog=True, color=array([1., 1., 1.]), colorSpace='rgb', contrast=1.0, depth=0.0, flipHoriz=False, flipVert=False, image='sin', interpolate=True, mask=None, maskParams=None, name='character1', opacity=1.0, ori=0.0, pos=array([-0.5, -0.2]), size=array([0.5, 1. ]), texRes=128, units='norm', win=Window(...))
9.1574 	EXP 	Created character2 = ImageStim(__class__=<class 'psychopy.visual.image.ImageStim'>, autoLog=True, color=array([1., 1., 1.]), colorSpace='rgb', contrast=1.0, depth=-1.0, flipHoriz=False, flipVert=False, image='sin', interpolate=True, mask=None, maskParams=None, name='character2', opacity=1.0, ori=0.0, pos=array([ 0.5, -0.2]), size=array([0.5, 1. ]), texRes=128, units='norm', win=Window(...))
9.1598 	EXP 	Created themeQ1 = ImageStim(__class__=<class 'psychopy.visual.image.ImageStim'>, autoLog=True, color=array([1., 1., 1.]), colorSpace='rgb', contrast=1.0, depth=-1.0, flipHoriz=False, flipVert=False, image='sin', interpolate=True, mask=None, maskParams=None, name='themeQ1', opacity=1.0, ori=0.0, pos=array([-0.5, -0.2]), size=array([0.5, 0.5]), texRes=128, units='norm', win=Window(...))
9.1621 	EXP 	Created themeQ2 = ImageStim(__class__=<class 'psychopy.visual.image.ImageStim'>, autoLog=True, color=array([1., 1., 1.]), colorSpace='rgb', contrast=1.0, depth=-2.0, flipHoriz=False, flipVert=False, image='sin', interpolate=True, mask=None, maskParams=None, name='themeQ2', opacity=1.0, ori=0.0, pos=array([ 0.5, -0.2]), size=array([0.5, 0.5]), texRes=128, units='norm', win=Window(...))
9.1645 	EXP 	Created gift1 = ImageStim(__class__=<class 'psychopy.visual.image.ImageStim'>, autoLog=True, color=array([1., 1., 1.]), colorSpace='rgb', contrast=1.0, depth=0.0, flipHoriz=False, flipVert=False, image='sin', interpolate=True, mask=None, maskParams=None, name='gift1', opacity=1.0, ori=0.0, pos=array([-0.5, -0.2]), size=array([0.5, 0.5]), texRes=128, units='norm', win=Window(...))
9.1669 	EXP 	Created gift2 = ImageStim(__class__=<class 'psychopy.visual.image.ImageStim'>, autoLog=True, color=array([1., 1., 1.]), colorSpace='rgb', contrast=1.0, depth=-1.0, flipHoriz=False, flipVert=False, image='sin', interpolate=True, mask=None, maskParams=None, name='gift2', opacity=1.0, ori=0.0, pos=array([ 0.5, -0.2]), size=array([0.5, 0.5]), texRes=128, units='norm', win=Window(...))
9.1706 	EXP 	Created northorsouth1 = ImageStim(__class__=<class 'psychopy.visual.image.ImageStim'>, autoLog=True, color=array([1., 1., 1.]), colorSpace='rgb', contrast=1.0, depth=0.0, flipHoriz=False, flipVert=False, image='northorsouth1.png', interpolate=True, mask=None, maskParams=None, name='northorsouth1', opacity=1.0, ori=0.0, pos=array([-0.5, -0.2]), size=array([0.5, 0.5]), texRes=128, units='norm', win=Window(...))
9.1743 	EXP 	Created northorsouth2 = ImageStim(__class__=<class 'psychopy.visual.image.ImageStim'>, autoLog=True, color=array([1., 1., 1.]), colorSpace='rgb', contrast=1.0, depth=-2.0, flipHoriz=False, flipVert=False, image='northorsouth2.png', interpolate=True, mask=None, maskParams=None, name='northorsouth2', opacity=1.0, ori=0.0, pos=array([ 0.5, -0.2]), size=array([0.5, 0.5]), texRes=128, units='norm', win=Window(...))
9.1933 	EXP 	text: autoDraw = True
9.5637 	DATA 	Keypress: g
9.5765 	EXP 	text: autoDraw = False
9.5765 	EXP 	waiting: autoDraw = True
25.5615 	DATA 	Keypress: equal
25.5709 	EXP 	Imported chooseBlock3.csv as conditions, 6 conditions, 1 params
25.5714 	EXP 	Created sequence: random, trialTypes=6, nReps=1, seed=None
25.5717 	EXP 	New trial (rep=0, index=0): OrderedDict([('condsFile', 'videoBlock_schemaS_pathA_1.csv')])
25.5816 	EXP 	Imported videoBlock_schemaS_pathA_1.csv as conditions, 1 conditions, 17 params
25.5820 	EXP 	Created sequence: random, trialTypes=1, nReps=1, seed=None
25.5827 	EXP 	New trial (rep=0, index=0): OrderedDict([('northOrSouth', 'south.png'), ('stimFile1a', 'stims/wedding-14.1a.mp4'), ('stimFile1b', 'stims/wedding-14.1b.mp4'), ('stimFile2', 'stims/wedding-14.2a.mp4'), ('stimFile3', 'stims/wedding-14.3b.mp4'), ('stimFile4', 'stims/wedding-14.4a.mp4'), ('stimFile5', 'stims/wedding-14.5.mp4'), ('QeggPainting1', 'stimsday1details/newegg7.png'), ('Qcharacter1', 'stimsday1details/newperson7.png'), ('Qgift1', 'stimsday1details/gift14.png'), ('QeggPainting2', 'stimsday1details/egg14.png'), ('Qcharacter2', 'stimsday1details/couple14.png'), ('Qgift2', 'stimsday1details/new7.png'), ('Qname1', 'stimsday1details/n14.png'), ('Qtheme1', 'stimsday1details/t14.png'), ('Qname2', 'stimsday1details/cn14.png'), ('Qtheme2', 'stimsday1details/ct14.png')])
25.5936 	EXP 	waiting: autoDraw = False
25.5936 	EXP 	image_2: autoDraw = True
27.0617 	DATA 	Keypress: equal
27.5774 	EXP 	Created sequence: random, trialTypes=1, nReps=1, seed=None
27.5777 	EXP 	New trial (rep=0, index=0): None
28.2546 	EXP 	Created vid1a = MovieStim3(__class__=<class 'psychopy.visual.movie3.MovieStim3'>, autoLog=True, color=UNKNOWN, colorSpace=UNKNOWN, depth=-1.0, filename='stims/wedding-14.1a.mp4', flipHoriz=False, flipVert=False, fps=UNKNOWN, interpolate=True, loop=False, name='vid1a', noAudio=False, opacity=1.0, ori=0, pos=array([0., 0.]), size=array([1280.,  720.]), units='pix', vframe_callback=UNKNOWN, volume=UNKNOWN, win=Window(...))
28.5909 	EXP 	Created vid1b = MovieStim3(__class__=<class 'psychopy.visual.movie3.MovieStim3'>, autoLog=True, color=UNKNOWN, colorSpace=UNKNOWN, depth=-2.0, filename='stims/wedding-14.1b.mp4', flipHoriz=False, flipVert=False, fps=UNKNOWN, interpolate=True, loop=False, name='vid1b', noAudio=False, opacity=1.0, ori=0, pos=array([0., 0.]), size=array([1280.,  720.]), units='pix', vframe_callback=UNKNOWN, volume=UNKNOWN, win=Window(...))
29.0063 	EXP 	Created vid2 = MovieStim3(__class__=<class 'psychopy.visual.movie3.MovieStim3'>, autoLog=True, color=UNKNOWN, colorSpace=UNKNOWN, depth=-3.0, filename='stims/wedding-14.2a.mp4', flipHoriz=False, flipVert=False, fps=UNKNOWN, interpolate=True, loop=False, name='vid2', noAudio=False, opacity=1.0, ori=0, pos=array([0., 0.]), size=array([1280.,  720.]), units='pix', vframe_callback=UNKNOWN, volume=UNKNOWN, win=Window(...))
29.5561 	EXP 	Created vid3 = MovieStim3(__class__=<class 'psychopy.visual.movie3.MovieStim3'>, autoLog=True, color=UNKNOWN, colorSpace=UNKNOWN, depth=-4.0, filename='stims/wedding-14.3b.mp4', flipHoriz=False, flipVert=False, fps=UNKNOWN, interpolate=True, loop=False, name='vid3', noAudio=False, opacity=1.0, ori=0, pos=array([0., 0.]), size=array([1280.,  720.]), units='pix', vframe_callback=UNKNOWN, volume=UNKNOWN, win=Window(...))
30.1058 	EXP 	Created vid4 = MovieStim3(__class__=<class 'psychopy.visual.movie3.MovieStim3'>, autoLog=True, color=UNKNOWN, colorSpace=UNKNOWN, depth=-5.0, filename='stims/wedding-14.4a.mp4', flipHoriz=False, flipVert=False, fps=UNKNOWN, interpolate=True, loop=False, name='vid4', noAudio=False, opacity=1.0, ori=0, pos=array([0., 0.]), size=array([1280.,  720.]), units='pix', vframe_callback=UNKNOWN, volume=UNKNOWN, win=Window(...))
30.5041 	EXP 	Created vid5 = MovieStim3(__class__=<class 'psychopy.visual.movie3.MovieStim3'>, autoLog=True, color=UNKNOWN, colorSpace=UNKNOWN, depth=-6.0, filename='stims/wedding-14.5.mp4', flipHoriz=False, flipVert=False, fps=UNKNOWN, interpolate=True, loop=False, name='vid5', noAudio=False, opacity=1.0, ori=0, pos=array([0., 0.]), size=array([1280.,  720.]), units='pix', vframe_callback=UNKNOWN, volume=UNKNOWN, win=Window(...))
30.5456 	EXP 	Created sequence: random, trialTypes=1, nReps=1, seed=None
30.5460 	EXP 	New trial (rep=0, index=0): None
31.1018 	EXP 	Created vid1a_q = MovieStim3(__class__=<class 'psychopy.visual.movie3.MovieStim3'>, autoLog=True, color=UNKNOWN, colorSpace=UNKNOWN, depth=-1.0, filename='stims/wedding-14.1a.mp4', flipHoriz=False, flipVert=False, fps=UNKNOWN, interpolate=True, loop=False, name='vid1a_q', noAudio=False, opacity=1.0, ori=0, pos=array([0., 0.]), size=array([1280.,  720.]), units='pix', vframe_callback=UNKNOWN, volume=UNKNOWN, win=Window(...))
31.4315 	EXP 	Created vid1b_q = MovieStim3(__class__=<class 'psychopy.visual.movie3.MovieStim3'>, autoLog=True, color=UNKNOWN, colorSpace=UNKNOWN, depth=-2.0, filename='stims/wedding-14.1b.mp4', flipHoriz=False, flipVert=False, fps=UNKNOWN, interpolate=True, loop=False, name='vid1b_q', noAudio=False, opacity=1.0, ori=0, pos=array([0., 0.]), size=array([1280.,  720.]), units='pix', vframe_callback=UNKNOWN, volume=UNKNOWN, win=Window(...))
31.8355 	EXP 	Created vid2_q = MovieStim3(__class__=<class 'psychopy.visual.movie3.MovieStim3'>, autoLog=True, color=UNKNOWN, colorSpace=UNKNOWN, depth=-3.0, filename='stims/wedding-14.2a.mp4', flipHoriz=False, flipVert=False, fps=UNKNOWN, interpolate=True, loop=False, name='vid2_q', noAudio=False, opacity=1.0, ori=0, pos=array([0., 0.]), size=array([1280.,  720.]), units='pix', vframe_callback=UNKNOWN, volume=UNKNOWN, win=Window(...))
32.3646 	EXP 	Created vid3_q = MovieStim3(__class__=<class 'psychopy.visual.movie3.MovieStim3'>, autoLog=True, color=UNKNOWN, colorSpace=UNKNOWN, depth=-5.0, filename='stims/wedding-14.3b.mp4', flipHoriz=False, flipVert=False, fps=UNKNOWN, interpolate=True, loop=False, name='vid3_q', noAudio=False, opacity=1.0, ori=0, pos=array([0., 0.]), size=array([1280.,  720.]), units='pix', vframe_callback=UNKNOWN, volume=UNKNOWN, win=Window(...))
32.8946 	EXP 	Created vid4_q = MovieStim3(__class__=<class 'psychopy.visual.movie3.MovieStim3'>, autoLog=True, color=UNKNOWN, colorSpace=UNKNOWN, depth=-7.0, filename='stims/wedding-14.4a.mp4', flipHoriz=False, flipVert=False, fps=UNKNOWN, interpolate=True, loop=False, name='vid4_q', noAudio=False, opacity=1.0, ori=0, pos=array([0., 0.]), size=array([1280.,  720.]), units='pix', vframe_callback=UNKNOWN, volume=UNKNOWN, win=Window(...))
33.2774 	EXP 	Created vid5_q = MovieStim3(__class__=<class 'psychopy.visual.movie3.MovieStim3'>, autoLog=True, color=UNKNOWN, colorSpace=UNKNOWN, depth=-8.0, filename='stims/wedding-14.5.mp4', flipHoriz=False, flipVert=False, fps=UNKNOWN, interpolate=True, loop=False, name='vid5_q', noAudio=False, opacity=1.0, ori=0, pos=array([0., 0.]), size=array([1280.,  720.]), units='pix', vframe_callback=UNKNOWN, volume=UNKNOWN, win=Window(...))
33.2779 	EXP 	window1: recordFrameIntervals = False
33.2816 	DATA 	Keypress: equal
33.2838 	DATA 	Keypress: equal
33.2863 	DATA 	Keypress: equal
33.2884 	DATA 	Keypress: equal
33.2933 	EXP 	image_2: autoDraw = False
33.2933 	EXP 	vid1a: movie = 'stims/wedding-14.1a.mp4'
33.2933 	EXP 	vid1a: autoLog = True
33.2933 	EXP 	vid1b: movie = 'stims/wedding-14.1b.mp4'
33.2933 	EXP 	vid1b: autoLog = True
33.2933 	EXP 	vid2: movie = 'stims/wedding-14.2a.mp4'
33.2933 	EXP 	vid2: autoLog = True
33.2933 	EXP 	vid3: movie = 'stims/wedding-14.3b.mp4'
33.2933 	EXP 	vid3: autoLog = True
33.2933 	EXP 	vid4: movie = 'stims/wedding-14.4a.mp4'
33.2933 	EXP 	vid4: autoLog = True
33.2933 	EXP 	vid5: movie = 'stims/wedding-14.5.mp4'
33.2933 	EXP 	vid5: autoLog = True
33.2933 	EXP 	vid1a: autoDraw = False
33.2933 	EXP 	vid1b: autoDraw = False
33.2933 	EXP 	vid2: autoDraw = False
33.2933 	EXP 	vid3: autoDraw = False
33.2933 	EXP 	vid4: autoDraw = False
33.2933 	EXP 	vid5: autoDraw = False
33.2933 	EXP 	vid1a_q: movie = 'stims/wedding-14.1a.mp4'
33.2933 	EXP 	vid1a_q: autoLog = True
33.2933 	EXP 	vid1b_q: movie = 'stims/wedding-14.1b.mp4'
33.2933 	EXP 	vid1b_q: autoLog = True
33.2933 	EXP 	vid2_q: movie = 'stims/wedding-14.2a.mp4'
33.2933 	EXP 	vid2_q: autoLog = True
33.2933 	EXP 	vid3_q: movie = 'stims/wedding-14.3b.mp4'
33.2933 	EXP 	vid3_q: autoLog = True
33.2933 	EXP 	vid4_q: movie = 'stims/wedding-14.4a.mp4'
33.2933 	EXP 	vid4_q: autoLog = True
33.2933 	EXP 	vid5_q: movie = 'stims/wedding-14.5.mp4'
33.2933 	EXP 	vid5_q: autoLog = True
36.0342 	EXP 	window1: recordFrameIntervals = False
37.5663 	DATA 	Keypress: equal
37.5686 	DATA 	Keypress: equal
37.5708 	DATA 	Keypress: equal
37.7764 	EXP 	vid1a_q: movie = 'stims/wedding-14.1a.mp4'
37.7764 	EXP 	vid1b_q: movie = 'stims/wedding-14.1b.mp4'
37.7764 	EXP 	vid2_q: movie = 'stims/wedding-14.2a.mp4'
37.7764 	EXP 	vid3_q: movie = 'stims/wedding-14.3b.mp4'
37.7764 	EXP 	vid4_q: movie = 'stims/wedding-14.4a.mp4'
37.7764 	EXP 	vid5_q: movie = 'stims/wedding-14.5.mp4'
37.7945 	EXP 	vid1a_q: autoDraw = True
39.0616 	DATA 	Keypress: equal
40.5618 	DATA 	Keypress: equal
42.0615 	DATA 	Keypress: equal
43.5617 	DATA 	Keypress: equal
45.0620 	DATA 	Keypress: equal
46.5528 	DATA 	Keypress: equal
48.0515 	DATA 	Keypress: equal
49.5520 	DATA 	Keypress: equal
51.0529 	DATA 	Keypress: equal
52.5528 	DATA 	Keypress: equal
54.0519 	DATA 	Keypress: equal
55.5525 	DATA 	Keypress: equal
57.0515 	DATA 	Keypress: equal
58.5530 	DATA 	Keypress: equal
60.0526 	DATA 	Keypress: equal
61.5526 	DATA 	Keypress: equal
63.0612 	DATA 	Keypress: equal
64.5615 	DATA 	Keypress: equal
66.0614 	DATA 	Keypress: equal
67.5593 	EXP 	vid1a_q: autoDraw = False
67.5613 	DATA 	Keypress: equal
67.5757 	EXP 	vid1b_q: autoDraw = True
69.0521 	DATA 	Keypress: equal
70.5498 	DATA 	Keypress: equal
72.0521 	DATA 	Keypress: equal
73.5798 	DATA 	Keypress: equal
75.0510 	DATA 	Keypress: equal
75.6757 	EXP 	Set vid1b_q finished
76.5612 	DATA 	Keypress: equal
76.5756 	EXP 	vid2_q: autoDraw = True
78.0506 	DATA 	Keypress: equal
79.5532 	DATA 	Keypress: equal
81.0509 	DATA 	Keypress: equal
82.5522 	DATA 	Keypress: equal
84.0506 	DATA 	Keypress: equal
85.5609 	DATA 	Keypress: equal
87.0611 	DATA 	Keypress: equal
88.5608 	DATA 	Keypress: equal
90.0883 	DATA 	Keypress: equal
91.5608 	DATA 	Keypress: equal
93.0608 	DATA 	Keypress: equal
93.3255 	EXP 	Set vid2_q finished
93.5755 	EXP 	l2q: autoDraw = True
94.5608 	DATA 	Keypress: equal
95.9443 	DATA 	Keypress: 1
96.0606 	DATA 	Keypress: equal
97.5590 	EXP 	l2q: autoDraw = False
97.5612 	DATA 	Keypress: equal
97.5754 	EXP 	vid3_q: autoDraw = True
99.0524 	DATA 	Keypress: equal
100.5502 	DATA 	Keypress: equal
102.0506 	DATA 	Keypress: equal
103.5521 	DATA 	Keypress: equal
105.0520 	DATA 	Keypress: equal
106.5607 	DATA 	Keypress: equal
108.0606 	DATA 	Keypress: equal
109.5604 	DATA 	Keypress: equal
111.0608 	DATA 	Keypress: equal
112.5606 	DATA 	Keypress: equal
114.0607 	DATA 	Keypress: equal
115.5605 	DATA 	Keypress: equal
117.0606 	DATA 	Keypress: equal
118.5603 	DATA 	Keypress: equal
120.0606 	DATA 	Keypress: equal
120.5585 	EXP 	vid3_q: autoDraw = False
120.5751 	EXP 	l3q: autoDraw = True
121.5603 	DATA 	Keypress: equal
122.5106 	DATA 	Keypress: 2
123.0605 	DATA 	Keypress: equal
124.5584 	EXP 	l3q: autoDraw = False
124.5604 	DATA 	Keypress: equal
124.5752 	EXP 	vid4_q: autoDraw = True
126.0510 	DATA 	Keypress: equal
127.5524 	DATA 	Keypress: equal
129.0517 	DATA 	Keypress: equal
130.5512 	DATA 	Keypress: equal
132.0508 	DATA 	Keypress: equal
133.5519 	DATA 	Keypress: equal
135.0606 	DATA 	Keypress: equal
136.5602 	DATA 	Keypress: equal
138.0603 	DATA 	Keypress: equal
139.5604 	DATA 	Keypress: equal
141.0602 	DATA 	Keypress: equal
142.5603 	DATA 	Keypress: equal
144.0600 	DATA 	Keypress: equal
145.5604 	DATA 	Keypress: equal
147.0606 	DATA 	Keypress: equal
148.5581 	EXP 	vid4_q: autoDraw = False
148.5603 	DATA 	Keypress: equal
148.5748 	EXP 	vid5_q: autoDraw = True
150.0510 	DATA 	Keypress: equal
151.5488 	DATA 	Keypress: equal
153.0516 	DATA 	Keypress: equal
154.5467 	DATA 	Keypress: equal
156.0501 	DATA 	Keypress: equal
157.5439 	DATA 	Keypress: equal
159.0441 	DATA 	Keypress: equal
160.5441 	DATA 	Keypress: equal
161.0247 	EXP 	Set vid5_q finished
161.1489 	EXP 	window1: recordFrameIntervals = False
161.1580 	EXP 	vid1a_q: autoDraw = False
161.1580 	EXP 	vid1b_q: autoDraw = False
161.1580 	EXP 	vid2_q: autoDraw = False
161.1580 	EXP 	l2q: autoDraw = False
161.1580 	EXP 	vid3_q: autoDraw = False
161.1580 	EXP 	l3q: autoDraw = False
161.1580 	EXP 	vid4_q: autoDraw = False
161.1580 	EXP 	vid5_q: autoDraw = False
161.3821 	EXP 	window1: recordFrameIntervals = False
162.9348 	DATA 	Keypress: equal
163.1579 	EXP 	eggPainting1: image = 'stimsday1details/newegg7.png'
163.1579 	EXP 	eggPainting2: image = 'stimsday1details/egg14.png'
163.1579 	EXP 	character1: image = 'stimsday1details/newperson7.png'
163.1579 	EXP 	character2: image = 'stimsday1details/couple14.png'
163.1579 	EXP 	gift1: image = 'stimsday1details/gift14.png'
163.1579 	EXP 	gift2: image = 'stimsday1details/new7.png'
163.1579 	EXP 	themeQ1: image = 'stimsday1details/t14.png'
163.1579 	EXP 	themeQ2: image = 'stimsday1details/ct14.png'
163.1579 	EXP 	nameQ1: image = 'stimsday1details/n14.png'
163.1579 	EXP 	nameQ2: image = 'stimsday1details/cn14.png'
163.1579 	EXP 	nameQ1: autoDraw = True
163.1579 	EXP 	nameQ2: autoDraw = True
163.5438 	DATA 	Keypress: equal
164.8763 	DATA 	Keypress: 2
165.0438 	DATA 	Keypress: equal
165.1414 	EXP 	nameQ1: autoDraw = False
165.1414 	EXP 	nameQ2: autoDraw = False
165.1414 	EXP 	nameQ1: autoDraw = False
165.1414 	EXP 	nameQ2: autoDraw = False
165.1414 	EXP 	eggPainting1: autoDraw = True
165.1414 	EXP 	eggPainting2: autoDraw = True
165.9932 	DATA 	Keypress: 2
166.5436 	DATA 	Keypress: equal
167.1414 	EXP 	eggPainting1: autoDraw = False
167.1414 	EXP 	eggPainting2: autoDraw = False
167.1414 	EXP 	eggPainting1: autoDraw = False
167.1414 	EXP 	eggPainting2: autoDraw = False
167.1414 	EXP 	character1: autoDraw = True
167.1414 	EXP 	character2: autoDraw = True
167.9263 	DATA 	Keypress: 2
168.0432 	DATA 	Keypress: equal
169.1413 	EXP 	character1: autoDraw = False
169.1413 	EXP 	character2: autoDraw = False
169.1413 	EXP 	character1: autoDraw = False
169.1413 	EXP 	character2: autoDraw = False
169.1413 	EXP 	themeQ1: autoDraw = True
169.1413 	EXP 	themeQ2: autoDraw = True
169.5436 	DATA 	Keypress: equal
171.0439 	DATA 	Keypress: equal
171.1412 	EXP 	themeQ1: autoDraw = False
171.1412 	EXP 	themeQ2: autoDraw = False
171.1412 	EXP 	themeQ1: autoDraw = False
171.1412 	EXP 	themeQ2: autoDraw = False
171.1412 	EXP 	gift1: autoDraw = True
171.1412 	EXP 	gift2: autoDraw = True
171.1429 	DATA 	Keypress: 2
172.5440 	DATA 	Keypress: equal
172.8425 	DATA 	Keypress: 1
173.1413 	EXP 	gift1: autoDraw = False
173.1413 	EXP 	gift2: autoDraw = False
173.1413 	EXP 	gift1: autoDraw = False
173.1413 	EXP 	gift2: autoDraw = False
173.1413 	EXP 	northorsouth1: autoDraw = True
173.1413 	EXP 	northorsouth2: autoDraw = True
174.0433 	DATA 	Keypress: 2
174.0450 	DATA 	Keypress: equal
175.2989 	EXP 	New trial (rep=0, index=1): OrderedDict([('condsFile', 'videoBlock_schemaS_pathA_3.csv')])
175.3121 	EXP 	Imported videoBlock_schemaS_pathA_3.csv as conditions, 1 conditions, 17 params
175.3127 	EXP 	Created sequence: random, trialTypes=1, nReps=1, seed=None
175.3134 	EXP 	New trial (rep=0, index=0): OrderedDict([('northOrSouth', 'south.png'), ('stimFile1a', 'stims/wedding-36.1a.mp4'), ('stimFile1b', 'stims/wedding-36.1b.mp4'), ('stimFile2', 'stims/wedding-36.2a.mp4'), ('stimFile3', 'stims/wedding-36.3b.mp4'), ('stimFile4', 'stims/wedding-36.4a.mp4'), ('stimFile5', 'stims/wedding-36.5.mp4'), ('QeggPainting1', 'stimsday1details/egg36.png'), ('Qcharacter1', 'stimsday1details/couple36.png'), ('Qgift1', 'stimsday1details/gift36.png'), ('QeggPainting2', 'stimsday1details/newegg9.png'), ('Qcharacter2', 'stimsday1details/newperson9.png'), ('Qgift2', 'stimsday1details/new9.png'), ('Qname1', 'stimsday1details/n36.png'), ('Qtheme1', 'stimsday1details/t36.png'), ('Qname2', 'stimsday1details/cn36.png'), ('Qtheme2', 'stimsday1details/ct36.png')])
175.3244 	EXP 	northorsouth1: autoDraw = False
175.3244 	EXP 	northorsouth2: autoDraw = False
175.3244 	EXP 	northorsouth1: autoDraw = False
175.3244 	EXP 	northorsouth2: autoDraw = False
175.3244 	EXP 	image_2: autoDraw = True
175.5439 	DATA 	Keypress: equal
177.0597 	DATA 	Keypress: equal
177.3092 	EXP 	Created sequence: random, trialTypes=1, nReps=1, seed=None
177.3094 	EXP 	New trial (rep=0, index=0): None
177.8747 	EXP 	Created vid1a = MovieStim3(__class__=<class 'psychopy.visual.movie3.MovieStim3'>, autoLog=True, color=UNKNOWN, colorSpace=UNKNOWN, depth=-1.0, filename='stims/wedding-36.1a.mp4', flipHoriz=False, flipVert=False, fps=UNKNOWN, interpolate=True, loop=False, name='vid1a', noAudio=False, opacity=1.0, ori=0, pos=array([0., 0.]), size=array([1280.,  720.]), units='pix', vframe_callback=UNKNOWN, volume=UNKNOWN, win=Window(...))
178.2692 	EXP 	Created vid1b = MovieStim3(__class__=<class 'psychopy.visual.movie3.MovieStim3'>, autoLog=True, color=UNKNOWN, colorSpace=UNKNOWN, depth=-2.0, filename='stims/wedding-36.1b.mp4', flipHoriz=False, flipVert=False, fps=UNKNOWN, interpolate=True, loop=False, name='vid1b', noAudio=False, opacity=1.0, ori=0, pos=array([0., 0.]), size=array([1280.,  720.]), units='pix', vframe_callback=UNKNOWN, volume=UNKNOWN, win=Window(...))
178.7462 	EXP 	Created vid2 = MovieStim3(__class__=<class 'psychopy.visual.movie3.MovieStim3'>, autoLog=True, color=UNKNOWN, colorSpace=UNKNOWN, depth=-3.0, filename='stims/wedding-36.2a.mp4', flipHoriz=False, flipVert=False, fps=UNKNOWN, interpolate=True, loop=False, name='vid2', noAudio=False, opacity=1.0, ori=0, pos=array([0., 0.]), size=array([1280.,  720.]), units='pix', vframe_callback=UNKNOWN, volume=UNKNOWN, win=Window(...))
179.2885 	EXP 	Created vid3 = MovieStim3(__class__=<class 'psychopy.visual.movie3.MovieStim3'>, autoLog=True, color=UNKNOWN, colorSpace=UNKNOWN, depth=-4.0, filename='stims/wedding-36.3b.mp4', flipHoriz=False, flipVert=False, fps=UNKNOWN, interpolate=True, loop=False, name='vid3', noAudio=False, opacity=1.0, ori=0, pos=array([0., 0.]), size=array([1280.,  720.]), units='pix', vframe_callback=UNKNOWN, volume=UNKNOWN, win=Window(...))
179.8395 	EXP 	Created vid4 = MovieStim3(__class__=<class 'psychopy.visual.movie3.MovieStim3'>, autoLog=True, color=UNKNOWN, colorSpace=UNKNOWN, depth=-5.0, filename='stims/wedding-36.4a.mp4', flipHoriz=False, flipVert=False, fps=UNKNOWN, interpolate=True, loop=False, name='vid4', noAudio=False, opacity=1.0, ori=0, pos=array([0., 0.]), size=array([1280.,  720.]), units='pix', vframe_callback=UNKNOWN, volume=UNKNOWN, win=Window(...))
180.2443 	EXP 	Created vid5 = MovieStim3(__class__=<class 'psychopy.visual.movie3.MovieStim3'>, autoLog=True, color=UNKNOWN, colorSpace=UNKNOWN, depth=-6.0, filename='stims/wedding-36.5.mp4', flipHoriz=False, flipVert=False, fps=UNKNOWN, interpolate=True, loop=False, name='vid5', noAudio=False, opacity=1.0, ori=0, pos=array([0., 0.]), size=array([1280.,  720.]), units='pix', vframe_callback=UNKNOWN, volume=UNKNOWN, win=Window(...))
180.3659 	EXP 	window1: recordFrameIntervals = False
180.3696 	DATA 	Keypress: equal
180.3719 	DATA 	Keypress: equal
180.3913 	EXP 	image_2: autoDraw = False
180.3913 	EXP 	image_2: autoDraw = False
180.3913 	EXP 	vid1a: movie = 'stims/wedding-36.1a.mp4'
180.3913 	EXP 	vid1a: autoLog = True
180.3913 	EXP 	vid1b: movie = 'stims/wedding-36.1b.mp4'
180.3913 	EXP 	vid1b: autoLog = True
180.3913 	EXP 	vid2: movie = 'stims/wedding-36.2a.mp4'
180.3913 	EXP 	vid2: autoLog = True
180.3913 	EXP 	vid3: movie = 'stims/wedding-36.3b.mp4'
180.3913 	EXP 	vid3: autoLog = True
180.3913 	EXP 	vid4: movie = 'stims/wedding-36.4a.mp4'
180.3913 	EXP 	vid4: autoLog = True
180.3913 	EXP 	vid5: movie = 'stims/wedding-36.5.mp4'
180.3913 	EXP 	vid5: autoLog = True
183.2419 	EXP 	window1: recordFrameIntervals = False
184.6530 	DATA 	Keypress: equal
184.6556 	DATA 	Keypress: equal
184.6581 	DATA 	Keypress: equal
184.8608 	EXP 	vid1a: movie = 'stims/wedding-36.1a.mp4'
184.8608 	EXP 	vid1b: movie = 'stims/wedding-36.1b.mp4'
184.8608 	EXP 	vid2: movie = 'stims/wedding-36.2a.mp4'
184.8608 	EXP 	vid3: movie = 'stims/wedding-36.3b.mp4'
184.8608 	EXP 	vid4: movie = 'stims/wedding-36.4a.mp4'
184.8608 	EXP 	vid5: movie = 'stims/wedding-36.5.mp4'
184.8744 	EXP 	vid1a: autoDraw = True
186.0431 	DATA 	Keypress: equal
187.5429 	DATA 	Keypress: equal
189.0432 	DATA 	Keypress: equal
190.5430 	DATA 	Keypress: equal
192.0429 	DATA 	Keypress: equal
193.5430 	DATA 	Keypress: equal
195.0427 	DATA 	Keypress: equal
196.5430 	DATA 	Keypress: equal
198.0427 	DATA 	Keypress: equal
199.5431 	DATA 	Keypress: equal
201.0429 	DATA 	Keypress: equal
202.5428 	DATA 	Keypress: equal
204.0428 	DATA 	Keypress: equal
205.5429 	DATA 	Keypress: equal
207.0427 	DATA 	Keypress: equal
208.5431 	DATA 	Keypress: equal
210.0431 	DATA 	Keypress: equal
211.5427 	DATA 	Keypress: equal
213.0429 	DATA 	Keypress: equal
213.9740 	EXP 	Set vid1a finished
214.3406 	EXP 	vid1b: autoDraw = True
214.5424 	DATA 	Keypress: equal
216.0427 	DATA 	Keypress: equal
217.5425 	DATA 	Keypress: equal
219.0426 	DATA 	Keypress: equal
220.5426 	DATA 	Keypress: equal
222.0427 	DATA 	Keypress: equal
223.3238 	EXP 	vid1b: autoDraw = False
223.3407 	EXP 	vid2: autoDraw = True
223.5425 	DATA 	Keypress: equal
225.0426 	DATA 	Keypress: equal
226.5424 	DATA 	Keypress: equal
228.0430 	DATA 	Keypress: equal
229.5422 	DATA 	Keypress: equal
231.0426 	DATA 	Keypress: equal
232.5425 	DATA 	Keypress: equal
234.0714 	DATA 	Keypress: equal
235.5425 	DATA 	Keypress: equal
237.0426 	DATA 	Keypress: equal
238.5428 	DATA 	Keypress: equal
240.0423 	DATA 	Keypress: equal
240.3403 	EXP 	vid2: autoDraw = False
240.3570 	EXP 	vid3: autoDraw = True
241.5423 	DATA 	Keypress: equal
243.0423 	DATA 	Keypress: equal
244.5422 	DATA 	Keypress: equal
246.0424 	DATA 	Keypress: equal
247.5422 	DATA 	Keypress: equal
249.0420 	DATA 	Keypress: equal
250.5423 	DATA 	Keypress: equal
252.0421 	DATA 	Keypress: equal
253.5425 	DATA 	Keypress: equal
255.0421 	DATA 	Keypress: equal
256.5425 	DATA 	Keypress: equal
258.0421 	DATA 	Keypress: equal
259.5421 	DATA 	Keypress: equal
261.0419 	DATA 	Keypress: equal
262.5421 	DATA 	Keypress: equal
263.3235 	EXP 	vid3: autoDraw = False
263.3400 	EXP 	vid4: autoDraw = True
264.0423 	DATA 	Keypress: equal
265.5423 	DATA 	Keypress: equal
267.0423 	DATA 	Keypress: equal
268.5436 	DATA 	Keypress: equal
270.0421 	DATA 	Keypress: equal
271.5424 	DATA 	Keypress: equal
273.0424 	DATA 	Keypress: equal
274.5419 	DATA 	Keypress: equal
276.0420 	DATA 	Keypress: equal
277.5422 	DATA 	Keypress: equal
279.0419 	DATA 	Keypress: equal
280.5417 	DATA 	Keypress: equal
282.0420 	DATA 	Keypress: equal
283.5418 	DATA 	Keypress: equal
285.0421 	DATA 	Keypress: equal
286.5418 	DATA 	Keypress: equal
286.9899 	EXP 	Set vid4 finished
287.3396 	EXP 	vid5: autoDraw = True
288.0420 	DATA 	Keypress: equal
289.5416 	DATA 	Keypress: equal
291.0420 	DATA 	Keypress: equal
292.5415 	DATA 	Keypress: equal
294.0418 	DATA 	Keypress: equal
295.5419 	DATA 	Keypress: equal
297.0420 	DATA 	Keypress: equal
298.5417 	DATA 	Keypress: equal
300.0686 	DATA 	Keypress: equal
300.1062 	EXP 	Set vid5 finished
300.2163 	EXP 	Created sequence: random, trialTypes=1, nReps=1, seed=None
300.2166 	EXP 	New trial (rep=0, index=0): None
300.7713 	EXP 	Created vid1a_q = MovieStim3(__class__=<class 'psychopy.visual.movie3.MovieStim3'>, autoLog=True, color=UNKNOWN, colorSpace=UNKNOWN, depth=-1.0, filename='stims/wedding-36.1a.mp4', flipHoriz=False, flipVert=False, fps=UNKNOWN, interpolate=True, loop=False, name='vid1a_q', noAudio=False, opacity=1.0, ori=0, pos=array([0., 0.]), size=array([1280.,  720.]), units='pix', vframe_callback=UNKNOWN, volume=UNKNOWN, win=Window(...))
301.1534 	EXP 	Created vid1b_q = MovieStim3(__class__=<class 'psychopy.visual.movie3.MovieStim3'>, autoLog=True, color=UNKNOWN, colorSpace=UNKNOWN, depth=-2.0, filename='stims/wedding-36.1b.mp4', flipHoriz=False, flipVert=False, fps=UNKNOWN, interpolate=True, loop=False, name='vid1b_q', noAudio=False, opacity=1.0, ori=0, pos=array([0., 0.]), size=array([1280.,  720.]), units='pix', vframe_callback=UNKNOWN, volume=UNKNOWN, win=Window(...))
301.6203 	EXP 	Created vid2_q = MovieStim3(__class__=<class 'psychopy.visual.movie3.MovieStim3'>, autoLog=True, color=UNKNOWN, colorSpace=UNKNOWN, depth=-3.0, filename='stims/wedding-36.2a.mp4', flipHoriz=False, flipVert=False, fps=UNKNOWN, interpolate=True, loop=False, name='vid2_q', noAudio=False, opacity=1.0, ori=0, pos=array([0., 0.]), size=array([1280.,  720.]), units='pix', vframe_callback=UNKNOWN, volume=UNKNOWN, win=Window(...))
302.1435 	EXP 	Created vid3_q = MovieStim3(__class__=<class 'psychopy.visual.movie3.MovieStim3'>, autoLog=True, color=UNKNOWN, colorSpace=UNKNOWN, depth=-5.0, filename='stims/wedding-36.3b.mp4', flipHoriz=False, flipVert=False, fps=UNKNOWN, interpolate=True, loop=False, name='vid3_q', noAudio=False, opacity=1.0, ori=0, pos=array([0., 0.]), size=array([1280.,  720.]), units='pix', vframe_callback=UNKNOWN, volume=UNKNOWN, win=Window(...))
302.6763 	EXP 	Created vid4_q = MovieStim3(__class__=<class 'psychopy.visual.movie3.MovieStim3'>, autoLog=True, color=UNKNOWN, colorSpace=UNKNOWN, depth=-7.0, filename='stims/wedding-36.4a.mp4', flipHoriz=False, flipVert=False, fps=UNKNOWN, interpolate=True, loop=False, name='vid4_q', noAudio=False, opacity=1.0, ori=0, pos=array([0., 0.]), size=array([1280.,  720.]), units='pix', vframe_callback=UNKNOWN, volume=UNKNOWN, win=Window(...))
303.0672 	EXP 	Created vid5_q = MovieStim3(__class__=<class 'psychopy.visual.movie3.MovieStim3'>, autoLog=True, color=UNKNOWN, colorSpace=UNKNOWN, depth=-8.0, filename='stims/wedding-36.5.mp4', flipHoriz=False, flipVert=False, fps=UNKNOWN, interpolate=True, loop=False, name='vid5_q', noAudio=False, opacity=1.0, ori=0, pos=array([0., 0.]), size=array([1280.,  720.]), units='pix', vframe_callback=UNKNOWN, volume=UNKNOWN, win=Window(...))
303.2575 	EXP 	window1: recordFrameIntervals = False
303.2606 	DATA 	Keypress: 3
303.2627 	DATA 	Keypress: equal
303.2646 	DATA 	Keypress: equal
303.2769 	EXP 	vid1a: autoDraw = False
303.2769 	EXP 	vid1b: autoDraw = False
303.2769 	EXP 	vid2: autoDraw = False
303.2769 	EXP 	vid3: autoDraw = False
303.2769 	EXP 	vid4: autoDraw = False
303.2769 	EXP 	vid5: autoDraw = False
303.2769 	EXP 	vid1a_q: movie = 'stims/wedding-36.1a.mp4'
303.2769 	EXP 	vid1a_q: autoLog = True
303.2769 	EXP 	vid1b_q: movie = 'stims/wedding-36.1b.mp4'
303.2769 	EXP 	vid1b_q: autoLog = True
303.2769 	EXP 	vid2_q: movie = 'stims/wedding-36.2a.mp4'
303.2769 	EXP 	vid2_q: autoLog = True
303.2769 	EXP 	vid3_q: movie = 'stims/wedding-36.3b.mp4'
303.2769 	EXP 	vid3_q: autoLog = True
303.2769 	EXP 	vid4_q: movie = 'stims/wedding-36.4a.mp4'
303.2769 	EXP 	vid4_q: autoLog = True
303.2769 	EXP 	vid5_q: movie = 'stims/wedding-36.5.mp4'
303.2769 	EXP 	vid5_q: autoLog = True
303.2769 	EXP 	vid1a_q: autoDraw = False
303.2769 	EXP 	vid1b_q: autoDraw = False
303.2769 	EXP 	vid2_q: autoDraw = False
303.2769 	EXP 	l2q: autoDraw = False
303.2769 	EXP 	vid3_q: autoDraw = False
303.2769 	EXP 	l3q: autoDraw = False
303.2769 	EXP 	vid4_q: autoDraw = False
303.2769 	EXP 	vid5_q: autoDraw = False
303.4717 	EXP 	window1: recordFrameIntervals = False
305.0441 	DATA 	Keypress: equal
305.2764 	EXP 	eggPainting1: image = 'stimsday1details/egg36.png'
305.2764 	EXP 	eggPainting2: image = 'stimsday1details/newegg9.png'
305.2764 	EXP 	character1: image = 'stimsday1details/couple36.png'
305.2764 	EXP 	character2: image = 'stimsday1details/newperson9.png'
305.2764 	EXP 	gift1: image = 'stimsday1details/gift36.png'
305.2764 	EXP 	gift2: image = 'stimsday1details/new9.png'
305.2764 	EXP 	themeQ1: image = 'stimsday1details/t36.png'
305.2764 	EXP 	themeQ2: image = 'stimsday1details/ct36.png'
305.2764 	EXP 	nameQ1: image = 'stimsday1details/n36.png'
305.2764 	EXP 	nameQ2: image = 'stimsday1details/cn36.png'
305.2764 	EXP 	nameQ1: autoDraw = True
305.2764 	EXP 	nameQ2: autoDraw = True
306.0415 	DATA 	Keypress: equal
306.9912 	DATA 	Keypress: 1
307.2563 	EXP 	nameQ1: autoDraw = False
307.2563 	EXP 	nameQ2: autoDraw = False
307.2563 	EXP 	nameQ1: autoDraw = False
307.2563 	EXP 	nameQ2: autoDraw = False
307.2563 	EXP 	eggPainting1: autoDraw = True
307.2563 	EXP 	eggPainting2: autoDraw = True
307.5414 	DATA 	Keypress: equal
308.3079 	DATA 	Keypress: 1
309.0412 	DATA 	Keypress: equal
309.2560 	EXP 	eggPainting1: autoDraw = False
309.2560 	EXP 	eggPainting2: autoDraw = False
309.2560 	EXP 	eggPainting1: autoDraw = False
309.2560 	EXP 	eggPainting2: autoDraw = False
309.2560 	EXP 	character1: autoDraw = True
309.2560 	EXP 	character2: autoDraw = True
310.2247 	DATA 	Keypress: 1
310.5410 	DATA 	Keypress: equal
311.2560 	EXP 	character1: autoDraw = False
311.2560 	EXP 	character2: autoDraw = False
311.2560 	EXP 	character1: autoDraw = False
311.2560 	EXP 	character2: autoDraw = False
311.2560 	EXP 	themeQ1: autoDraw = True
311.2560 	EXP 	themeQ2: autoDraw = True
312.0411 	DATA 	Keypress: equal
312.8910 	DATA 	Keypress: 1
313.2562 	EXP 	themeQ1: autoDraw = False
313.2562 	EXP 	themeQ2: autoDraw = False
313.2562 	EXP 	themeQ1: autoDraw = False
313.2562 	EXP 	themeQ2: autoDraw = False
313.2562 	EXP 	gift1: autoDraw = True
313.2562 	EXP 	gift2: autoDraw = True
313.5411 	DATA 	Keypress: equal
314.0578 	DATA 	Keypress: 1
315.0413 	DATA 	Keypress: equal
315.2562 	EXP 	gift1: autoDraw = False
315.2562 	EXP 	gift2: autoDraw = False
315.2562 	EXP 	gift1: autoDraw = False
315.2562 	EXP 	gift2: autoDraw = False
315.2562 	EXP 	northorsouth1: autoDraw = True
315.2562 	EXP 	northorsouth2: autoDraw = True
315.8244 	DATA 	Keypress: 2
316.5413 	DATA 	Keypress: equal
317.4485 	EXP 	New trial (rep=0, index=2): OrderedDict([('condsFile', 'videoBlock_schemaS_pathB_2.csv')])
317.4614 	EXP 	Imported videoBlock_schemaS_pathB_2.csv as conditions, 1 conditions, 17 params
317.4619 	EXP 	Created sequence: random, trialTypes=1, nReps=1, seed=None
317.4626 	EXP 	New trial (rep=0, index=0): OrderedDict([('northOrSouth', 'south.png'), ('stimFile1a', 'stims/wedding-32.1a.mp4'), ('stimFile1b', 'stims/wedding-32.1b.mp4'), ('stimFile2', 'stims/wedding-32.2b.mp4'), ('stimFile3', 'stims/wedding-32.3a.mp4'), ('stimFile4', 'stims/wedding-32.4b.mp4'), ('stimFile5', 'stims/wedding-32.5.mp4'), ('QeggPainting1', 'stimsday1details/newpainting8.png'), ('Qcharacter1', 'stimsday1details/newperson20.png'), ('Qgift1', 'stimsday1details/new20.png'), ('QeggPainting2', 'stimsday1details/painting32.png'), ('Qcharacter2', 'stimsday1details/couple32.png'), ('Qgift2', 'stimsday1details/gift32.png'), ('Qname1', 'stimsday1details/n32.png'), ('Qtheme1', 'stimsday1details/t32.png'), ('Qname2', 'stimsday1details/cn32.png'), ('Qtheme2', 'stimsday1details/ct32.png')])
317.4726 	EXP 	northorsouth1: autoDraw = False
317.4726 	EXP 	northorsouth2: autoDraw = False
317.4726 	EXP 	northorsouth1: autoDraw = False
317.4726 	EXP 	northorsouth2: autoDraw = False
317.4726 	EXP 	image_2: autoDraw = True
318.0413 	DATA 	Keypress: equal
319.4573 	EXP 	Created sequence: random, trialTypes=1, nReps=1, seed=None
319.4576 	EXP 	New trial (rep=0, index=0): None
320.0397 	EXP 	Created vid1a = MovieStim3(__class__=<class 'psychopy.visual.movie3.MovieStim3'>, autoLog=True, color=UNKNOWN, colorSpace=UNKNOWN, depth=-1.0, filename='stims/wedding-32.1a.mp4', flipHoriz=False, flipVert=False, fps=UNKNOWN, interpolate=True, loop=False, name='vid1a', noAudio=False, opacity=1.0, ori=0, pos=array([0., 0.]), size=array([1280.,  720.]), units='pix', vframe_callback=UNKNOWN, volume=UNKNOWN, win=Window(...))
320.4335 	EXP 	Created vid1b = MovieStim3(__class__=<class 'psychopy.visual.movie3.MovieStim3'>, autoLog=True, color=UNKNOWN, colorSpace=UNKNOWN, depth=-2.0, filename='stims/wedding-32.1b.mp4', flipHoriz=False, flipVert=False, fps=UNKNOWN, interpolate=True, loop=False, name='vid1b', noAudio=False, opacity=1.0, ori=0, pos=array([0., 0.]), size=array([1280.,  720.]), units='pix', vframe_callback=UNKNOWN, volume=UNKNOWN, win=Window(...))
320.8570 	EXP 	Created vid2 = MovieStim3(__class__=<class 'psychopy.visual.movie3.MovieStim3'>, autoLog=True, color=UNKNOWN, colorSpace=UNKNOWN, depth=-3.0, filename='stims/wedding-32.2b.mp4', flipHoriz=False, flipVert=False, fps=UNKNOWN, interpolate=True, loop=False, name='vid2', noAudio=False, opacity=1.0, ori=0, pos=array([0., 0.]), size=array([1280.,  720.]), units='pix', vframe_callback=UNKNOWN, volume=UNKNOWN, win=Window(...))
321.3381 	EXP 	Created vid3 = MovieStim3(__class__=<class 'psychopy.visual.movie3.MovieStim3'>, autoLog=True, color=UNKNOWN, colorSpace=UNKNOWN, depth=-4.0, filename='stims/wedding-32.3a.mp4', flipHoriz=False, flipVert=False, fps=UNKNOWN, interpolate=True, loop=False, name='vid3', noAudio=False, opacity=1.0, ori=0, pos=array([0., 0.]), size=array([1280.,  720.]), units='pix', vframe_callback=UNKNOWN, volume=UNKNOWN, win=Window(...))
321.8874 	EXP 	Created vid4 = MovieStim3(__class__=<class 'psychopy.visual.movie3.MovieStim3'>, autoLog=True, color=UNKNOWN, colorSpace=UNKNOWN, depth=-5.0, filename='stims/wedding-32.4b.mp4', flipHoriz=False, flipVert=False, fps=UNKNOWN, interpolate=True, loop=False, name='vid4', noAudio=False, opacity=1.0, ori=0, pos=array([0., 0.]), size=array([1280.,  720.]), units='pix', vframe_callback=UNKNOWN, volume=UNKNOWN, win=Window(...))
322.2386 	EXP 	Created vid5 = MovieStim3(__class__=<class 'psychopy.visual.movie3.MovieStim3'>, autoLog=True, color=UNKNOWN, colorSpace=UNKNOWN, depth=-6.0, filename='stims/wedding-32.5.mp4', flipHoriz=False, flipVert=False, fps=UNKNOWN, interpolate=True, loop=False, name='vid5', noAudio=False, opacity=1.0, ori=0, pos=array([0., 0.]), size=array([1280.,  720.]), units='pix', vframe_callback=UNKNOWN, volume=UNKNOWN, win=Window(...))
322.3271 	EXP 	window1: recordFrameIntervals = False
322.3311 	DATA 	Keypress: equal
322.3337 	DATA 	Keypress: equal
322.3445 	EXP 	image_2: autoDraw = False
322.3445 	EXP 	image_2: autoDraw = False
322.3445 	EXP 	vid1a: movie = 'stims/wedding-32.1a.mp4'
322.3445 	EXP 	vid1a: autoLog = True
322.3445 	EXP 	vid1b: movie = 'stims/wedding-32.1b.mp4'
322.3445 	EXP 	vid1b: autoLog = True
322.3445 	EXP 	vid2: movie = 'stims/wedding-32.2b.mp4'
322.3445 	EXP 	vid2: autoLog = True
322.3445 	EXP 	vid3: movie = 'stims/wedding-32.3a.mp4'
322.3445 	EXP 	vid3: autoLog = True
322.3445 	EXP 	vid4: movie = 'stims/wedding-32.4b.mp4'
322.3445 	EXP 	vid4: autoLog = True
322.3445 	EXP 	vid5: movie = 'stims/wedding-32.5.mp4'
322.3445 	EXP 	vid5: autoLog = True
325.0685 	EXP 	window1: recordFrameIntervals = False
326.6158 	DATA 	Keypress: equal
326.6186 	DATA 	Keypress: equal
326.6206 	DATA 	Keypress: equal
326.8231 	EXP 	vid1a: movie = 'stims/wedding-32.1a.mp4'
326.8231 	EXP 	vid1b: movie = 'stims/wedding-32.1b.mp4'
326.8231 	EXP 	vid2: movie = 'stims/wedding-32.2b.mp4'
326.8231 	EXP 	vid3: movie = 'stims/wedding-32.3a.mp4'
326.8231 	EXP 	vid4: movie = 'stims/wedding-32.4b.mp4'
326.8231 	EXP 	vid5: movie = 'stims/wedding-32.5.mp4'
326.8438 	EXP 	vid1a: autoDraw = True
327.0412 	DATA 	Keypress: equal
328.5414 	DATA 	Keypress: equal
330.0412 	DATA 	Keypress: equal
331.5411 	DATA 	Keypress: equal
333.0414 	DATA 	Keypress: equal
334.5413 	DATA 	Keypress: equal
336.0415 	DATA 	Keypress: equal
337.5411 	DATA 	Keypress: equal
339.0416 	DATA 	Keypress: equal
340.5414 	DATA 	Keypress: equal
342.0413 	DATA 	Keypress: equal
343.5411 	DATA 	Keypress: equal
345.0412 	DATA 	Keypress: equal
346.5411 	DATA 	Keypress: equal
348.0409 	DATA 	Keypress: equal
349.5414 	DATA 	Keypress: equal
351.0411 	DATA 	Keypress: equal
352.5408 	DATA 	Keypress: equal
354.0411 	DATA 	Keypress: equal
355.5409 	DATA 	Keypress: equal
356.4723 	EXP 	vid1a: autoDraw = False
356.4888 	EXP 	vid1b: autoDraw = True
357.0408 	DATA 	Keypress: equal
358.5409 	DATA 	Keypress: equal
360.0407 	DATA 	Keypress: equal
361.5411 	DATA 	Keypress: equal
363.0410 	DATA 	Keypress: equal
364.5409 	DATA 	Keypress: equal
365.4387 	EXP 	Set vid1b finished
365.4887 	EXP 	vid2: autoDraw = True
366.0411 	DATA 	Keypress: equal
367.5410 	DATA 	Keypress: equal
369.0409 	DATA 	Keypress: equal
370.5405 	DATA 	Keypress: equal
372.0408 	DATA 	Keypress: equal
373.5406 	DATA 	Keypress: equal
375.0408 	DATA 	Keypress: equal
376.5408 	DATA 	Keypress: equal
378.0408 	DATA 	Keypress: equal
379.5407 	DATA 	Keypress: equal
381.0408 	DATA 	Keypress: equal
382.2054 	EXP 	Set vid2 finished
382.4884 	EXP 	vid3: autoDraw = True
382.5406 	DATA 	Keypress: equal
384.0404 	DATA 	Keypress: equal
385.5409 	DATA 	Keypress: equal
387.0407 	DATA 	Keypress: equal
388.5408 	DATA 	Keypress: equal
390.0407 	DATA 	Keypress: equal
391.5405 	DATA 	Keypress: equal
393.0405 	DATA 	Keypress: equal
394.5404 	DATA 	Keypress: equal
396.0406 	DATA 	Keypress: equal
397.5403 	DATA 	Keypress: equal
399.0405 	DATA 	Keypress: equal
400.5404 	DATA 	Keypress: equal
402.0405 	DATA 	Keypress: equal
403.5404 	DATA 	Keypress: equal
405.0402 	DATA 	Keypress: equal
405.4715 	EXP 	vid3: autoDraw = False
405.4884 	EXP 	vid4: autoDraw = True
406.5403 	DATA 	Keypress: equal
408.0406 	DATA 	Keypress: equal
409.5402 	DATA 	Keypress: equal
411.0401 	DATA 	Keypress: equal
412.5404 	DATA 	Keypress: equal
414.0403 	DATA 	Keypress: equal
415.5677 	DATA 	Keypress: equal
417.0404 	DATA 	Keypress: equal
418.5401 	DATA 	Keypress: equal
420.0401 	DATA 	Keypress: equal
421.5398 	DATA 	Keypress: equal
423.0400 	DATA 	Keypress: equal
424.5403 	DATA 	Keypress: equal
426.0401 	DATA 	Keypress: equal
427.5399 	DATA 	Keypress: equal
429.0402 	DATA 	Keypress: equal
429.4714 	EXP 	vid4: autoDraw = False
429.4879 	EXP 	vid5: autoDraw = True
430.5399 	DATA 	Keypress: equal
432.0400 	DATA 	Keypress: equal
433.5399 	DATA 	Keypress: equal
435.0398 	DATA 	Keypress: equal
436.5402 	DATA 	Keypress: equal
438.0402 	DATA 	Keypress: equal
439.5397 	DATA 	Keypress: equal
440.1380 	EXP 	Set vid5 finished
440.3007 	EXP 	Created sequence: random, trialTypes=1, nReps=1, seed=None
440.3010 	EXP 	New trial (rep=0, index=0): None
440.8743 	EXP 	Created vid1a_q = MovieStim3(__class__=<class 'psychopy.visual.movie3.MovieStim3'>, autoLog=True, color=UNKNOWN, colorSpace=UNKNOWN, depth=-1.0, filename='stims/wedding-32.1a.mp4', flipHoriz=False, flipVert=False, fps=UNKNOWN, interpolate=True, loop=False, name='vid1a_q', noAudio=False, opacity=1.0, ori=0, pos=array([0., 0.]), size=array([1280.,  720.]), units='pix', vframe_callback=UNKNOWN, volume=UNKNOWN, win=Window(...))
441.2568 	EXP 	Created vid1b_q = MovieStim3(__class__=<class 'psychopy.visual.movie3.MovieStim3'>, autoLog=True, color=UNKNOWN, colorSpace=UNKNOWN, depth=-2.0, filename='stims/wedding-32.1b.mp4', flipHoriz=False, flipVert=False, fps=UNKNOWN, interpolate=True, loop=False, name='vid1b_q', noAudio=False, opacity=1.0, ori=0, pos=array([0., 0.]), size=array([1280.,  720.]), units='pix', vframe_callback=UNKNOWN, volume=UNKNOWN, win=Window(...))
441.6706 	EXP 	Created vid2_q = MovieStim3(__class__=<class 'psychopy.visual.movie3.MovieStim3'>, autoLog=True, color=UNKNOWN, colorSpace=UNKNOWN, depth=-3.0, filename='stims/wedding-32.2b.mp4', flipHoriz=False, flipVert=False, fps=UNKNOWN, interpolate=True, loop=False, name='vid2_q', noAudio=False, opacity=1.0, ori=0, pos=array([0., 0.]), size=array([1280.,  720.]), units='pix', vframe_callback=UNKNOWN, volume=UNKNOWN, win=Window(...))
442.1368 	EXP 	Created vid3_q = MovieStim3(__class__=<class 'psychopy.visual.movie3.MovieStim3'>, autoLog=True, color=UNKNOWN, colorSpace=UNKNOWN, depth=-5.0, filename='stims/wedding-32.3a.mp4', flipHoriz=False, flipVert=False, fps=UNKNOWN, interpolate=True, loop=False, name='vid3_q', noAudio=False, opacity=1.0, ori=0, pos=array([0., 0.]), size=array([1280.,  720.]), units='pix', vframe_callback=UNKNOWN, volume=UNKNOWN, win=Window(...))
442.6697 	EXP 	Created vid4_q = MovieStim3(__class__=<class 'psychopy.visual.movie3.MovieStim3'>, autoLog=True, color=UNKNOWN, colorSpace=UNKNOWN, depth=-7.0, filename='stims/wedding-32.4b.mp4', flipHoriz=False, flipVert=False, fps=UNKNOWN, interpolate=True, loop=False, name='vid4_q', noAudio=False, opacity=1.0, ori=0, pos=array([0., 0.]), size=array([1280.,  720.]), units='pix', vframe_callback=UNKNOWN, volume=UNKNOWN, win=Window(...))
443.0190 	EXP 	Created vid5_q = MovieStim3(__class__=<class 'psychopy.visual.movie3.MovieStim3'>, autoLog=True, color=UNKNOWN, colorSpace=UNKNOWN, depth=-8.0, filename='stims/wedding-32.5.mp4', flipHoriz=False, flipVert=False, fps=UNKNOWN, interpolate=True, loop=False, name='vid5_q', noAudio=False, opacity=1.0, ori=0, pos=array([0., 0.]), size=array([1280.,  720.]), units='pix', vframe_callback=UNKNOWN, volume=UNKNOWN, win=Window(...))
443.2717 	EXP 	window1: recordFrameIntervals = False
443.2748 	DATA 	Keypress: equal
443.2772 	DATA 	Keypress: equal
443.2890 	EXP 	vid1a: autoDraw = False
443.2890 	EXP 	vid1b: autoDraw = False
443.2890 	EXP 	vid2: autoDraw = False
443.2890 	EXP 	vid3: autoDraw = False
443.2890 	EXP 	vid4: autoDraw = False
443.2890 	EXP 	vid5: autoDraw = False
443.2890 	EXP 	vid1a_q: movie = 'stims/wedding-32.1a.mp4'
443.2890 	EXP 	vid1a_q: autoLog = True
443.2890 	EXP 	vid1b_q: movie = 'stims/wedding-32.1b.mp4'
443.2890 	EXP 	vid1b_q: autoLog = True
443.2890 	EXP 	vid2_q: movie = 'stims/wedding-32.2b.mp4'
443.2890 	EXP 	vid2_q: autoLog = True
443.2890 	EXP 	vid3_q: movie = 'stims/wedding-32.3a.mp4'
443.2890 	EXP 	vid3_q: autoLog = True
443.2890 	EXP 	vid4_q: movie = 'stims/wedding-32.4b.mp4'
443.2890 	EXP 	vid4_q: autoLog = True
443.2890 	EXP 	vid5_q: movie = 'stims/wedding-32.5.mp4'
443.2890 	EXP 	vid5_q: autoLog = True
443.2890 	EXP 	vid1a_q: autoDraw = False
443.2890 	EXP 	vid1b_q: autoDraw = False
443.2890 	EXP 	vid2_q: autoDraw = False
443.2890 	EXP 	l2q: autoDraw = False
443.2890 	EXP 	vid3_q: autoDraw = False
443.2890 	EXP 	l3q: autoDraw = False
443.2890 	EXP 	vid4_q: autoDraw = False
443.2890 	EXP 	vid5_q: autoDraw = False
443.4726 	EXP 	window1: recordFrameIntervals = False
445.0584 	DATA 	Keypress: equal
445.2906 	EXP 	eggPainting1: image = 'stimsday1details/newpainting8.png'
445.2906 	EXP 	eggPainting2: image = 'stimsday1details/painting32.png'
445.2906 	EXP 	character1: image = 'stimsday1details/newperson20.png'
445.2906 	EXP 	character2: image = 'stimsday1details/couple32.png'
445.2906 	EXP 	gift1: image = 'stimsday1details/new20.png'
445.2906 	EXP 	gift2: image = 'stimsday1details/gift32.png'
445.2906 	EXP 	themeQ1: image = 'stimsday1details/t32.png'
445.2906 	EXP 	themeQ2: image = 'stimsday1details/ct32.png'
445.2906 	EXP 	nameQ1: image = 'stimsday1details/n32.png'
445.2906 	EXP 	nameQ2: image = 'stimsday1details/cn32.png'
445.2906 	EXP 	nameQ1: autoDraw = True
445.2906 	EXP 	nameQ2: autoDraw = True
445.5396 	DATA 	Keypress: equal
446.7896 	DATA 	Keypress: 1
447.0396 	DATA 	Keypress: equal
447.2710 	EXP 	nameQ1: autoDraw = False
447.2710 	EXP 	nameQ2: autoDraw = False
447.2710 	EXP 	nameQ1: autoDraw = False
447.2710 	EXP 	nameQ2: autoDraw = False
447.2710 	EXP 	eggPainting1: autoDraw = True
447.2710 	EXP 	eggPainting2: autoDraw = True
448.1227 	DATA 	Keypress: 2
448.5392 	DATA 	Keypress: equal
449.2711 	EXP 	eggPainting1: autoDraw = False
449.2711 	EXP 	eggPainting2: autoDraw = False
449.2711 	EXP 	eggPainting1: autoDraw = False
449.2711 	EXP 	eggPainting2: autoDraw = False
449.2711 	EXP 	character1: autoDraw = True
449.2711 	EXP 	character2: autoDraw = True
450.0395 	DATA 	Keypress: equal
450.8226 	DATA 	Keypress: 2
451.2710 	EXP 	character1: autoDraw = False
451.2710 	EXP 	character2: autoDraw = False
451.2710 	EXP 	character1: autoDraw = False
451.2710 	EXP 	character2: autoDraw = False
451.2710 	EXP 	themeQ1: autoDraw = True
451.2710 	EXP 	themeQ2: autoDraw = True
451.5394 	DATA 	Keypress: equal
453.0393 	DATA 	Keypress: 2
453.0408 	DATA 	Keypress: equal
453.2711 	EXP 	themeQ1: autoDraw = False
453.2711 	EXP 	themeQ2: autoDraw = False
453.2711 	EXP 	themeQ1: autoDraw = False
453.2711 	EXP 	themeQ2: autoDraw = False
453.2711 	EXP 	gift1: autoDraw = True
453.2711 	EXP 	gift2: autoDraw = True
454.0393 	DATA 	Keypress: 2
454.5394 	DATA 	Keypress: equal
455.2711 	EXP 	gift1: autoDraw = False
455.2711 	EXP 	gift2: autoDraw = False
455.2711 	EXP 	gift1: autoDraw = False
455.2711 	EXP 	gift2: autoDraw = False
455.2711 	EXP 	northorsouth1: autoDraw = True
455.2711 	EXP 	northorsouth2: autoDraw = True
455.7060 	DATA 	Keypress: 2
456.0392 	DATA 	Keypress: equal
457.4950 	EXP 	New trial (rep=0, index=3): OrderedDict([('condsFile', 'videoBlock_schemaS_pathB_1.csv')])
457.5075 	EXP 	Imported videoBlock_schemaS_pathB_1.csv as conditions, 1 conditions, 17 params
457.5079 	EXP 	Created sequence: random, trialTypes=1, nReps=1, seed=None
457.5086 	EXP 	New trial (rep=0, index=0): OrderedDict([('northOrSouth', 'south.png'), ('stimFile1a', 'stims/wedding-39.1a.mp4'), ('stimFile1b', 'stims/wedding-39.1b.mp4'), ('stimFile2', 'stims/wedding-39.2b.mp4'), ('stimFile3', 'stims/wedding-39.3a.mp4'), ('stimFile4', 'stims/wedding-39.4b.mp4'), ('stimFile5', 'stims/wedding-39.5.mp4'), ('QeggPainting1', 'stimsday1details/newpainting7.png'), ('Qcharacter1', 'stimsday1details/newperson19.png'), ('Qgift1', 'stimsday1details/gift39.png'), ('QeggPainting2', 'stimsday1details/painting39.png'), ('Qcharacter2', 'stimsday1details/couple39.png'), ('Qgift2', 'stimsday1details/new19.png'), ('Qname1', 'stimsday1details/n39.png'), ('Qtheme1', 'stimsday1details/t39.png'), ('Qname2', 'stimsday1details/cn39.png'), ('Qtheme2', 'stimsday1details/ct39.png')])
457.5209 	EXP 	northorsouth1: autoDraw = False
457.5209 	EXP 	northorsouth2: autoDraw = False
457.5209 	EXP 	northorsouth1: autoDraw = False
457.5209 	EXP 	northorsouth2: autoDraw = False
457.5209 	EXP 	image_2: autoDraw = True
457.5396 	DATA 	Keypress: equal
459.0396 	DATA 	Keypress: equal
459.5056 	EXP 	Created sequence: random, trialTypes=1, nReps=1, seed=None
459.5058 	EXP 	New trial (rep=0, index=0): None
460.0796 	EXP 	Created vid1a = MovieStim3(__class__=<class 'psychopy.visual.movie3.MovieStim3'>, autoLog=True, color=UNKNOWN, colorSpace=UNKNOWN, depth=-1.0, filename='stims/wedding-39.1a.mp4', flipHoriz=False, flipVert=False, fps=UNKNOWN, interpolate=True, loop=False, name='vid1a', noAudio=False, opacity=1.0, ori=0, pos=array([0., 0.]), size=array([1280.,  720.]), units='pix', vframe_callback=UNKNOWN, volume=UNKNOWN, win=Window(...))
460.4718 	EXP 	Created vid1b = MovieStim3(__class__=<class 'psychopy.visual.movie3.MovieStim3'>, autoLog=True, color=UNKNOWN, colorSpace=UNKNOWN, depth=-2.0, filename='stims/wedding-39.1b.mp4', flipHoriz=False, flipVert=False, fps=UNKNOWN, interpolate=True, loop=False, name='vid1b', noAudio=False, opacity=1.0, ori=0, pos=array([0., 0.]), size=array([1280.,  720.]), units='pix', vframe_callback=UNKNOWN, volume=UNKNOWN, win=Window(...))
460.9638 	EXP 	Created vid2 = MovieStim3(__class__=<class 'psychopy.visual.movie3.MovieStim3'>, autoLog=True, color=UNKNOWN, colorSpace=UNKNOWN, depth=-3.0, filename='stims/wedding-39.2b.mp4', flipHoriz=False, flipVert=False, fps=UNKNOWN, interpolate=True, loop=False, name='vid2', noAudio=False, opacity=1.0, ori=0, pos=array([0., 0.]), size=array([1280.,  720.]), units='pix', vframe_callback=UNKNOWN, volume=UNKNOWN, win=Window(...))
461.4398 	EXP 	Created vid3 = MovieStim3(__class__=<class 'psychopy.visual.movie3.MovieStim3'>, autoLog=True, color=UNKNOWN, colorSpace=UNKNOWN, depth=-4.0, filename='stims/wedding-39.3a.mp4', flipHoriz=False, flipVert=False, fps=UNKNOWN, interpolate=True, loop=False, name='vid3', noAudio=False, opacity=1.0, ori=0, pos=array([0., 0.]), size=array([1280.,  720.]), units='pix', vframe_callback=UNKNOWN, volume=UNKNOWN, win=Window(...))
461.9269 	EXP 	Created vid4 = MovieStim3(__class__=<class 'psychopy.visual.movie3.MovieStim3'>, autoLog=True, color=UNKNOWN, colorSpace=UNKNOWN, depth=-5.0, filename='stims/wedding-39.4b.mp4', flipHoriz=False, flipVert=False, fps=UNKNOWN, interpolate=True, loop=False, name='vid4', noAudio=False, opacity=1.0, ori=0, pos=array([0., 0.]), size=array([1280.,  720.]), units='pix', vframe_callback=UNKNOWN, volume=UNKNOWN, win=Window(...))
462.3321 	EXP 	Created vid5 = MovieStim3(__class__=<class 'psychopy.visual.movie3.MovieStim3'>, autoLog=True, color=UNKNOWN, colorSpace=UNKNOWN, depth=-6.0, filename='stims/wedding-39.5.mp4', flipHoriz=False, flipVert=False, fps=UNKNOWN, interpolate=True, loop=False, name='vid5', noAudio=False, opacity=1.0, ori=0, pos=array([0., 0.]), size=array([1280.,  720.]), units='pix', vframe_callback=UNKNOWN, volume=UNKNOWN, win=Window(...))
462.4200 	EXP 	window1: recordFrameIntervals = False
462.4233 	DATA 	Keypress: equal
462.4256 	DATA 	Keypress: equal
462.4377 	EXP 	image_2: autoDraw = False
462.4377 	EXP 	image_2: autoDraw = False
462.4377 	EXP 	vid1a: movie = 'stims/wedding-39.1a.mp4'
462.4377 	EXP 	vid1a: autoLog = True
462.4377 	EXP 	vid1b: movie = 'stims/wedding-39.1b.mp4'
462.4377 	EXP 	vid1b: autoLog = True
462.4377 	EXP 	vid2: movie = 'stims/wedding-39.2b.mp4'
462.4377 	EXP 	vid2: autoLog = True
462.4377 	EXP 	vid3: movie = 'stims/wedding-39.3a.mp4'
462.4377 	EXP 	vid3: autoLog = True
462.4377 	EXP 	vid4: movie = 'stims/wedding-39.4b.mp4'
462.4377 	EXP 	vid4: autoLog = True
462.4377 	EXP 	vid5: movie = 'stims/wedding-39.5.mp4'
462.4377 	EXP 	vid5: autoLog = True
465.2037 	EXP 	window1: recordFrameIntervals = False
466.7083 	DATA 	Keypress: equal
466.7106 	DATA 	Keypress: equal
466.7126 	DATA 	Keypress: equal
466.9209 	EXP 	vid1a: movie = 'stims/wedding-39.1a.mp4'
466.9209 	EXP 	vid1b: movie = 'stims/wedding-39.1b.mp4'
466.9209 	EXP 	vid2: movie = 'stims/wedding-39.2b.mp4'
466.9209 	EXP 	vid3: movie = 'stims/wedding-39.3a.mp4'
466.9209 	EXP 	vid4: movie = 'stims/wedding-39.4b.mp4'
466.9209 	EXP 	vid5: movie = 'stims/wedding-39.5.mp4'
466.9374 	EXP 	vid1a: autoDraw = True
468.0394 	DATA 	Keypress: equal
469.5400 	DATA 	Keypress: equal
471.0395 	DATA 	Keypress: equal
472.5393 	DATA 	Keypress: equal
474.0677 	DATA 	Keypress: equal
475.5395 	DATA 	Keypress: equal
477.0397 	DATA 	Keypress: equal
478.5394 	DATA 	Keypress: equal
480.0394 	DATA 	Keypress: equal
481.5393 	DATA 	Keypress: equal
483.0395 	DATA 	Keypress: equal
484.5394 	DATA 	Keypress: equal
486.0394 	DATA 	Keypress: equal
487.5392 	DATA 	Keypress: equal
489.0393 	DATA 	Keypress: equal
490.5393 	DATA 	Keypress: equal
492.0391 	DATA 	Keypress: equal
493.5393 	DATA 	Keypress: equal
495.0390 	DATA 	Keypress: equal
495.9038 	EXP 	Set vid1a finished
496.5374 	EXP 	vid1b: autoDraw = True
496.5393 	DATA 	Keypress: equal
498.0392 	DATA 	Keypress: equal
499.5392 	DATA 	Keypress: equal
501.0394 	DATA 	Keypress: equal
502.5390 	DATA 	Keypress: equal
504.0393 	DATA 	Keypress: equal
505.3869 	EXP 	Set vid1b finished
505.5370 	EXP 	vid2: autoDraw = True
505.5391 	DATA 	Keypress: equal
507.0389 	DATA 	Keypress: equal
508.5390 	DATA 	Keypress: equal
510.0388 	DATA 	Keypress: equal
511.5391 	DATA 	Keypress: equal
513.0390 	DATA 	Keypress: equal
514.5299 	DATA 	Keypress: equal
516.0306 	DATA 	Keypress: equal
517.5390 	DATA 	Keypress: equal
519.0390 	DATA 	Keypress: equal
520.5303 	DATA 	Keypress: equal
522.0390 	DATA 	Keypress: equal
522.5203 	EXP 	vid2: autoDraw = False
522.5369 	EXP 	vid3: autoDraw = True
523.5386 	DATA 	Keypress: equal
525.0386 	DATA 	Keypress: equal
526.5389 	DATA 	Keypress: equal
528.0386 	DATA 	Keypress: equal
529.5387 	DATA 	Keypress: equal
531.0575 	DATA 	Keypress: equal
532.5305 	DATA 	Keypress: equal
534.0294 	DATA 	Keypress: equal
535.5297 	DATA 	Keypress: equal
537.0293 	DATA 	Keypress: equal
538.5294 	DATA 	Keypress: equal
540.0286 	DATA 	Keypress: equal
541.5296 	DATA 	Keypress: equal
543.0291 	DATA 	Keypress: equal
544.5295 	DATA 	Keypress: equal
545.5197 	EXP 	vid3: autoDraw = False
545.5365 	EXP 	vid4: autoDraw = True
546.0384 	DATA 	Keypress: equal
547.5384 	DATA 	Keypress: equal
549.0385 	DATA 	Keypress: equal
550.5384 	DATA 	Keypress: equal
552.0384 	DATA 	Keypress: equal
553.5384 	DATA 	Keypress: equal
555.0293 	DATA 	Keypress: equal
556.5281 	DATA 	Keypress: equal
558.0285 	DATA 	Keypress: equal
559.5388 	DATA 	Keypress: equal
561.0279 	DATA 	Keypress: equal
562.5279 	DATA 	Keypress: equal
564.0294 	DATA 	Keypress: equal
565.5382 	DATA 	Keypress: equal
567.0296 	DATA 	Keypress: equal
568.5292 	DATA 	Keypress: equal
569.5197 	EXP 	vid4: autoDraw = False
569.5362 	EXP 	vid5: autoDraw = True
570.0384 	DATA 	Keypress: equal
571.5384 	DATA 	Keypress: equal
573.0382 	DATA 	Keypress: equal
574.5383 	DATA 	Keypress: equal
576.0382 	DATA 	Keypress: equal
577.5383 	DATA 	Keypress: equal
579.0384 	DATA 	Keypress: equal
580.5295 	DATA 	Keypress: equal
581.6860 	EXP 	Set vid5 finished
581.8593 	EXP 	Created sequence: random, trialTypes=1, nReps=1, seed=None
581.8596 	EXP 	New trial (rep=0, index=0): None
582.4196 	EXP 	Created vid1a_q = MovieStim3(__class__=<class 'psychopy.visual.movie3.MovieStim3'>, autoLog=True, color=UNKNOWN, colorSpace=UNKNOWN, depth=-1.0, filename='stims/wedding-39.1a.mp4', flipHoriz=False, flipVert=False, fps=UNKNOWN, interpolate=True, loop=False, name='vid1a_q', noAudio=False, opacity=1.0, ori=0, pos=array([0., 0.]), size=array([1280.,  720.]), units='pix', vframe_callback=UNKNOWN, volume=UNKNOWN, win=Window(...))
582.8008 	EXP 	Created vid1b_q = MovieStim3(__class__=<class 'psychopy.visual.movie3.MovieStim3'>, autoLog=True, color=UNKNOWN, colorSpace=UNKNOWN, depth=-2.0, filename='stims/wedding-39.1b.mp4', flipHoriz=False, flipVert=False, fps=UNKNOWN, interpolate=True, loop=False, name='vid1b_q', noAudio=False, opacity=1.0, ori=0, pos=array([0., 0.]), size=array([1280.,  720.]), units='pix', vframe_callback=UNKNOWN, volume=UNKNOWN, win=Window(...))
583.2756 	EXP 	Created vid2_q = MovieStim3(__class__=<class 'psychopy.visual.movie3.MovieStim3'>, autoLog=True, color=UNKNOWN, colorSpace=UNKNOWN, depth=-3.0, filename='stims/wedding-39.2b.mp4', flipHoriz=False, flipVert=False, fps=UNKNOWN, interpolate=True, loop=False, name='vid2_q', noAudio=False, opacity=1.0, ori=0, pos=array([0., 0.]), size=array([1280.,  720.]), units='pix', vframe_callback=UNKNOWN, volume=UNKNOWN, win=Window(...))
583.7428 	EXP 	Created vid3_q = MovieStim3(__class__=<class 'psychopy.visual.movie3.MovieStim3'>, autoLog=True, color=UNKNOWN, colorSpace=UNKNOWN, depth=-5.0, filename='stims/wedding-39.3a.mp4', flipHoriz=False, flipVert=False, fps=UNKNOWN, interpolate=True, loop=False, name='vid3_q', noAudio=False, opacity=1.0, ori=0, pos=array([0., 0.]), size=array([1280.,  720.]), units='pix', vframe_callback=UNKNOWN, volume=UNKNOWN, win=Window(...))
584.2232 	EXP 	Created vid4_q = MovieStim3(__class__=<class 'psychopy.visual.movie3.MovieStim3'>, autoLog=True, color=UNKNOWN, colorSpace=UNKNOWN, depth=-7.0, filename='stims/wedding-39.4b.mp4', flipHoriz=False, flipVert=False, fps=UNKNOWN, interpolate=True, loop=False, name='vid4_q', noAudio=False, opacity=1.0, ori=0, pos=array([0., 0.]), size=array([1280.,  720.]), units='pix', vframe_callback=UNKNOWN, volume=UNKNOWN, win=Window(...))
584.6175 	EXP 	Created vid5_q = MovieStim3(__class__=<class 'psychopy.visual.movie3.MovieStim3'>, autoLog=True, color=UNKNOWN, colorSpace=UNKNOWN, depth=-8.0, filename='stims/wedding-39.5.mp4', flipHoriz=False, flipVert=False, fps=UNKNOWN, interpolate=True, loop=False, name='vid5_q', noAudio=False, opacity=1.0, ori=0, pos=array([0., 0.]), size=array([1280.,  720.]), units='pix', vframe_callback=UNKNOWN, volume=UNKNOWN, win=Window(...))
584.9008 	EXP 	window1: recordFrameIntervals = False
584.9040 	DATA 	Keypress: equal
584.9062 	DATA 	Keypress: equal
584.9193 	EXP 	vid1a: autoDraw = False
584.9193 	EXP 	vid1b: autoDraw = False
584.9193 	EXP 	vid2: autoDraw = False
584.9193 	EXP 	vid3: autoDraw = False
584.9193 	EXP 	vid4: autoDraw = False
584.9193 	EXP 	vid5: autoDraw = False
584.9193 	EXP 	vid1a_q: movie = 'stims/wedding-39.1a.mp4'
584.9193 	EXP 	vid1a_q: autoLog = True
584.9193 	EXP 	vid1b_q: movie = 'stims/wedding-39.1b.mp4'
584.9193 	EXP 	vid1b_q: autoLog = True
584.9193 	EXP 	vid2_q: movie = 'stims/wedding-39.2b.mp4'
584.9193 	EXP 	vid2_q: autoLog = True
584.9193 	EXP 	vid3_q: movie = 'stims/wedding-39.3a.mp4'
584.9193 	EXP 	vid3_q: autoLog = True
584.9193 	EXP 	vid4_q: movie = 'stims/wedding-39.4b.mp4'
584.9193 	EXP 	vid4_q: autoLog = True
584.9193 	EXP 	vid5_q: movie = 'stims/wedding-39.5.mp4'
584.9193 	EXP 	vid5_q: autoLog = True
584.9193 	EXP 	vid1a_q: autoDraw = False
584.9193 	EXP 	vid1b_q: autoDraw = False
584.9193 	EXP 	vid2_q: autoDraw = False
584.9193 	EXP 	l2q: autoDraw = False
584.9193 	EXP 	vid3_q: autoDraw = False
584.9193 	EXP 	l3q: autoDraw = False
584.9193 	EXP 	vid4_q: autoDraw = False
584.9193 	EXP 	vid5_q: autoDraw = False
585.1669 	EXP 	window1: recordFrameIntervals = False
586.6871 	DATA 	Keypress: equal
586.6892 	DATA 	Keypress: equal
586.9200 	EXP 	eggPainting1: image = 'stimsday1details/newpainting7.png'
586.9200 	EXP 	eggPainting2: image = 'stimsday1details/painting39.png'
586.9200 	EXP 	character1: image = 'stimsday1details/newperson19.png'
586.9200 	EXP 	character2: image = 'stimsday1details/couple39.png'
586.9200 	EXP 	gift1: image = 'stimsday1details/gift39.png'
586.9200 	EXP 	gift2: image = 'stimsday1details/new19.png'
586.9200 	EXP 	themeQ1: image = 'stimsday1details/t39.png'
586.9200 	EXP 	themeQ2: image = 'stimsday1details/ct39.png'
586.9200 	EXP 	nameQ1: image = 'stimsday1details/n39.png'
586.9200 	EXP 	nameQ2: image = 'stimsday1details/cn39.png'
586.9200 	EXP 	nameQ1: autoDraw = True
586.9200 	EXP 	nameQ2: autoDraw = True
588.0379 	DATA 	Keypress: equal
588.3874 	DATA 	Keypress: 1
588.9027 	EXP 	nameQ1: autoDraw = False
588.9027 	EXP 	nameQ2: autoDraw = False
588.9027 	EXP 	nameQ1: autoDraw = False
588.9027 	EXP 	nameQ2: autoDraw = False
588.9027 	EXP 	eggPainting1: autoDraw = True
588.9027 	EXP 	eggPainting2: autoDraw = True
589.5378 	DATA 	Keypress: equal
589.8209 	DATA 	Keypress: 2
590.9027 	EXP 	eggPainting1: autoDraw = False
590.9027 	EXP 	eggPainting2: autoDraw = False
590.9027 	EXP 	eggPainting1: autoDraw = False
590.9027 	EXP 	eggPainting2: autoDraw = False
590.9027 	EXP 	character1: autoDraw = True
590.9027 	EXP 	character2: autoDraw = True
591.0380 	DATA 	Keypress: equal
592.4378 	DATA 	Keypress: 2
592.5375 	DATA 	Keypress: equal
592.9027 	EXP 	character1: autoDraw = False
592.9027 	EXP 	character2: autoDraw = False
592.9027 	EXP 	character1: autoDraw = False
592.9027 	EXP 	character2: autoDraw = False
592.9027 	EXP 	themeQ1: autoDraw = True
592.9027 	EXP 	themeQ2: autoDraw = True
594.0380 	DATA 	Keypress: equal
594.5045 	DATA 	Keypress: 1
594.9027 	EXP 	themeQ1: autoDraw = False
594.9027 	EXP 	themeQ2: autoDraw = False
594.9027 	EXP 	themeQ1: autoDraw = False
594.9027 	EXP 	themeQ2: autoDraw = False
594.9027 	EXP 	gift1: autoDraw = True
594.9027 	EXP 	gift2: autoDraw = True
595.5380 	DATA 	Keypress: equal
595.7708 	DATA 	Keypress: 1
596.9025 	EXP 	gift1: autoDraw = False
596.9025 	EXP 	gift2: autoDraw = False
596.9025 	EXP 	gift1: autoDraw = False
596.9025 	EXP 	gift2: autoDraw = False
596.9025 	EXP 	northorsouth1: autoDraw = True
596.9025 	EXP 	northorsouth2: autoDraw = True
597.0379 	DATA 	Keypress: equal
597.6712 	DATA 	Keypress: 2
598.5379 	DATA 	Keypress: equal
599.1585 	EXP 	New trial (rep=0, index=4): OrderedDict([('condsFile', 'videoBlock_schemaS_pathB_3.csv')])
599.1710 	EXP 	Imported videoBlock_schemaS_pathB_3.csv as conditions, 1 conditions, 17 params
599.1714 	EXP 	Created sequence: random, trialTypes=1, nReps=1, seed=None
599.1722 	EXP 	New trial (rep=0, index=0): OrderedDict([('northOrSouth', 'south.png'), ('stimFile1a', 'stims/wedding-41.1a.mp4'), ('stimFile1b', 'stims/wedding-41.1b.mp4'), ('stimFile2', 'stims/wedding-41.2b.mp4'), ('stimFile3', 'stims/wedding-41.3a.mp4'), ('stimFile4', 'stims/wedding-41.4b.mp4'), ('stimFile5', 'stims/wedding-41.5.mp4'), ('QeggPainting1', 'stimsday1details/painting41.png'), ('Qcharacter1', 'stimsday1details/couple41.png'), ('Qgift1', 'stimsday1details/new21.png'), ('QeggPainting2', 'stimsday1details/newpainting9.png'), ('Qcharacter2', 'stimsday1details/newperson21.png'), ('Qgift2', 'stimsday1details/gift41.png'), ('Qname1', 'stimsday1details/cn41.png'), ('Qtheme1', 'stimsday1details/t41.png'), ('Qname2', 'stimsday1details/n41.png'), ('Qtheme2', 'stimsday1details/ct41.png')])
599.1860 	EXP 	northorsouth1: autoDraw = False
599.1860 	EXP 	northorsouth2: autoDraw = False
599.1860 	EXP 	northorsouth1: autoDraw = False
599.1860 	EXP 	northorsouth2: autoDraw = False
599.1860 	EXP 	image_2: autoDraw = True
600.0378 	DATA 	Keypress: equal
601.1704 	EXP 	Created sequence: random, trialTypes=1, nReps=1, seed=None
601.1709 	EXP 	New trial (rep=0, index=0): None
601.7434 	EXP 	Created vid1a = MovieStim3(__class__=<class 'psychopy.visual.movie3.MovieStim3'>, autoLog=True, color=UNKNOWN, colorSpace=UNKNOWN, depth=-1.0, filename='stims/wedding-41.1a.mp4', flipHoriz=False, flipVert=False, fps=UNKNOWN, interpolate=True, loop=False, name='vid1a', noAudio=False, opacity=1.0, ori=0, pos=array([0., 0.]), size=array([1280.,  720.]), units='pix', vframe_callback=UNKNOWN, volume=UNKNOWN, win=Window(...))
602.1427 	EXP 	Created vid1b = MovieStim3(__class__=<class 'psychopy.visual.movie3.MovieStim3'>, autoLog=True, color=UNKNOWN, colorSpace=UNKNOWN, depth=-2.0, filename='stims/wedding-41.1b.mp4', flipHoriz=False, flipVert=False, fps=UNKNOWN, interpolate=True, loop=False, name='vid1b', noAudio=False, opacity=1.0, ori=0, pos=array([0., 0.]), size=array([1280.,  720.]), units='pix', vframe_callback=UNKNOWN, volume=UNKNOWN, win=Window(...))
602.6577 	EXP 	Created vid2 = MovieStim3(__class__=<class 'psychopy.visual.movie3.MovieStim3'>, autoLog=True, color=UNKNOWN, colorSpace=UNKNOWN, depth=-3.0, filename='stims/wedding-41.2b.mp4', flipHoriz=False, flipVert=False, fps=UNKNOWN, interpolate=True, loop=False, name='vid2', noAudio=False, opacity=1.0, ori=0, pos=array([0., 0.]), size=array([1280.,  720.]), units='pix', vframe_callback=UNKNOWN, volume=UNKNOWN, win=Window(...))
603.2187 	EXP 	Created vid3 = MovieStim3(__class__=<class 'psychopy.visual.movie3.MovieStim3'>, autoLog=True, color=UNKNOWN, colorSpace=UNKNOWN, depth=-4.0, filename='stims/wedding-41.3a.mp4', flipHoriz=False, flipVert=False, fps=UNKNOWN, interpolate=True, loop=False, name='vid3', noAudio=False, opacity=1.0, ori=0, pos=array([0., 0.]), size=array([1280.,  720.]), units='pix', vframe_callback=UNKNOWN, volume=UNKNOWN, win=Window(...))
603.6985 	EXP 	Created vid4 = MovieStim3(__class__=<class 'psychopy.visual.movie3.MovieStim3'>, autoLog=True, color=UNKNOWN, colorSpace=UNKNOWN, depth=-5.0, filename='stims/wedding-41.4b.mp4', flipHoriz=False, flipVert=False, fps=UNKNOWN, interpolate=True, loop=False, name='vid4', noAudio=False, opacity=1.0, ori=0, pos=array([0., 0.]), size=array([1280.,  720.]), units='pix', vframe_callback=UNKNOWN, volume=UNKNOWN, win=Window(...))
604.1127 	EXP 	Created vid5 = MovieStim3(__class__=<class 'psychopy.visual.movie3.MovieStim3'>, autoLog=True, color=UNKNOWN, colorSpace=UNKNOWN, depth=-6.0, filename='stims/wedding-41.5.mp4', flipHoriz=False, flipVert=False, fps=UNKNOWN, interpolate=True, loop=False, name='vid5', noAudio=False, opacity=1.0, ori=0, pos=array([0., 0.]), size=array([1280.,  720.]), units='pix', vframe_callback=UNKNOWN, volume=UNKNOWN, win=Window(...))
604.1872 	EXP 	window1: recordFrameIntervals = False
604.1905 	DATA 	Keypress: equal
604.1929 	DATA 	Keypress: equal
604.2049 	EXP 	image_2: autoDraw = False
604.2049 	EXP 	image_2: autoDraw = False
604.2049 	EXP 	vid1a: movie = 'stims/wedding-41.1a.mp4'
604.2049 	EXP 	vid1a: autoLog = True
604.2049 	EXP 	vid1b: movie = 'stims/wedding-41.1b.mp4'
604.2049 	EXP 	vid1b: autoLog = True
604.2049 	EXP 	vid2: movie = 'stims/wedding-41.2b.mp4'
604.2049 	EXP 	vid2: autoLog = True
604.2049 	EXP 	vid3: movie = 'stims/wedding-41.3a.mp4'
604.2049 	EXP 	vid3: autoLog = True
604.2049 	EXP 	vid4: movie = 'stims/wedding-41.4b.mp4'
604.2049 	EXP 	vid4: autoLog = True
604.2049 	EXP 	vid5: movie = 'stims/wedding-41.5.mp4'
604.2049 	EXP 	vid5: autoLog = True
607.0917 	EXP 	window1: recordFrameIntervals = False
608.4747 	DATA 	Keypress: equal
608.4821 	DATA 	Keypress: equal
608.4845 	DATA 	Keypress: equal
608.6859 	EXP 	vid1a: movie = 'stims/wedding-41.1a.mp4'
608.6859 	EXP 	vid1b: movie = 'stims/wedding-41.1b.mp4'
608.6859 	EXP 	vid2: movie = 'stims/wedding-41.2b.mp4'
608.6859 	EXP 	vid3: movie = 'stims/wedding-41.3a.mp4'
608.6859 	EXP 	vid4: movie = 'stims/wedding-41.4b.mp4'
608.6859 	EXP 	vid5: movie = 'stims/wedding-41.5.mp4'
608.7025 	EXP 	vid1a: autoDraw = True
609.0378 	DATA 	Keypress: equal
610.5380 	DATA 	Keypress: equal
612.0378 	DATA 	Keypress: equal
613.5376 	DATA 	Keypress: equal
615.0375 	DATA 	Keypress: equal
616.5378 	DATA 	Keypress: equal
618.0265 	DATA 	Keypress: equal
619.5285 	DATA 	Keypress: equal
621.0575 	DATA 	Keypress: equal
622.5295 	DATA 	Keypress: equal
624.0276 	DATA 	Keypress: equal
625.5287 	DATA 	Keypress: equal
627.0270 	DATA 	Keypress: equal
628.5294 	DATA 	Keypress: equal
630.0284 	DATA 	Keypress: equal
631.5290 	DATA 	Keypress: equal
633.0285 	DATA 	Keypress: equal
634.5376 	DATA 	Keypress: equal
636.0373 	DATA 	Keypress: equal
637.5376 	DATA 	Keypress: equal
638.1853 	EXP 	vid1a: autoDraw = False
638.2022 	EXP 	vid1b: autoDraw = True
639.0374 	DATA 	Keypress: equal
640.5374 	DATA 	Keypress: equal
642.0372 	DATA 	Keypress: equal
643.5376 	DATA 	Keypress: equal
645.0375 	DATA 	Keypress: equal
646.5373 	DATA 	Keypress: equal
647.1854 	EXP 	vid1b: autoDraw = False
647.2020 	EXP 	vid2: autoDraw = True
648.0371 	DATA 	Keypress: equal
649.5373 	DATA 	Keypress: equal
651.0375 	DATA 	Keypress: equal
652.5279 	DATA 	Keypress: equal
654.0370 	DATA 	Keypress: equal
655.5374 	DATA 	Keypress: equal
657.0285 	DATA 	Keypress: equal
658.5286 	DATA 	Keypress: equal
660.0286 	DATA 	Keypress: equal
661.5278 	DATA 	Keypress: equal
663.0282 	DATA 	Keypress: equal
663.4184 	EXP 	Set vid2 finished
664.2018 	EXP 	vid3: autoDraw = True
664.5369 	DATA 	Keypress: equal
666.0373 	DATA 	Keypress: equal
667.5368 	DATA 	Keypress: equal
669.0371 	DATA 	Keypress: equal
670.5371 	DATA 	Keypress: equal
672.0396 	DATA 	Keypress: equal
673.5281 	DATA 	Keypress: equal
675.0277 	DATA 	Keypress: equal
676.5279 	DATA 	Keypress: equal
678.0291 	DATA 	Keypress: equal
679.5272 	DATA 	Keypress: equal
681.0275 	DATA 	Keypress: equal
682.5281 	DATA 	Keypress: equal
684.0288 	DATA 	Keypress: equal
685.5274 	DATA 	Keypress: equal
687.0277 	DATA 	Keypress: equal
687.1846 	EXP 	vid3: autoDraw = False
687.2015 	EXP 	vid4: autoDraw = True
688.5367 	DATA 	Keypress: equal
690.0364 	DATA 	Keypress: equal
691.5369 	DATA 	Keypress: equal
693.0365 	DATA 	Keypress: equal
694.5367 	DATA 	Keypress: equal
696.0284 	DATA 	Keypress: equal
697.5249 	DATA 	Keypress: equal
699.0270 	DATA 	Keypress: equal
700.5262 	DATA 	Keypress: equal
702.0283 	DATA 	Keypress: equal
703.5246 	DATA 	Keypress: equal
705.0282 	DATA 	Keypress: equal
706.5553 	DATA 	Keypress: equal
708.0275 	DATA 	Keypress: equal
709.5283 	DATA 	Keypress: equal
710.6846 	EXP 	Set vid4 finished
711.0363 	DATA 	Keypress: equal
711.2012 	EXP 	vid5: autoDraw = True
712.5366 	DATA 	Keypress: equal
714.0367 	DATA 	Keypress: equal
715.5361 	DATA 	Keypress: equal
717.0365 	DATA 	Keypress: equal
718.5364 	DATA 	Keypress: equal
720.0260 	DATA 	Keypress: equal
721.5286 	DATA 	Keypress: equal
723.0264 	DATA 	Keypress: equal
724.3798 	EXP 	Created sequence: random, trialTypes=1, nReps=1, seed=None
724.3802 	EXP 	New trial (rep=0, index=0): None
724.9485 	EXP 	Created vid1a_q = MovieStim3(__class__=<class 'psychopy.visual.movie3.MovieStim3'>, autoLog=True, color=UNKNOWN, colorSpace=UNKNOWN, depth=-1.0, filename='stims/wedding-41.1a.mp4', flipHoriz=False, flipVert=False, fps=UNKNOWN, interpolate=True, loop=False, name='vid1a_q', noAudio=False, opacity=1.0, ori=0, pos=array([0., 0.]), size=array([1280.,  720.]), units='pix', vframe_callback=UNKNOWN, volume=UNKNOWN, win=Window(...))
725.3321 	EXP 	Created vid1b_q = MovieStim3(__class__=<class 'psychopy.visual.movie3.MovieStim3'>, autoLog=True, color=UNKNOWN, colorSpace=UNKNOWN, depth=-2.0, filename='stims/wedding-41.1b.mp4', flipHoriz=False, flipVert=False, fps=UNKNOWN, interpolate=True, loop=False, name='vid1b_q', noAudio=False, opacity=1.0, ori=0, pos=array([0., 0.]), size=array([1280.,  720.]), units='pix', vframe_callback=UNKNOWN, volume=UNKNOWN, win=Window(...))
725.8399 	EXP 	Created vid2_q = MovieStim3(__class__=<class 'psychopy.visual.movie3.MovieStim3'>, autoLog=True, color=UNKNOWN, colorSpace=UNKNOWN, depth=-3.0, filename='stims/wedding-41.2b.mp4', flipHoriz=False, flipVert=False, fps=UNKNOWN, interpolate=True, loop=False, name='vid2_q', noAudio=False, opacity=1.0, ori=0, pos=array([0., 0.]), size=array([1280.,  720.]), units='pix', vframe_callback=UNKNOWN, volume=UNKNOWN, win=Window(...))
726.3798 	EXP 	Created vid3_q = MovieStim3(__class__=<class 'psychopy.visual.movie3.MovieStim3'>, autoLog=True, color=UNKNOWN, colorSpace=UNKNOWN, depth=-5.0, filename='stims/wedding-41.3a.mp4', flipHoriz=False, flipVert=False, fps=UNKNOWN, interpolate=True, loop=False, name='vid3_q', noAudio=False, opacity=1.0, ori=0, pos=array([0., 0.]), size=array([1280.,  720.]), units='pix', vframe_callback=UNKNOWN, volume=UNKNOWN, win=Window(...))
726.8500 	EXP 	Created vid4_q = MovieStim3(__class__=<class 'psychopy.visual.movie3.MovieStim3'>, autoLog=True, color=UNKNOWN, colorSpace=UNKNOWN, depth=-7.0, filename='stims/wedding-41.4b.mp4', flipHoriz=False, flipVert=False, fps=UNKNOWN, interpolate=True, loop=False, name='vid4_q', noAudio=False, opacity=1.0, ori=0, pos=array([0., 0.]), size=array([1280.,  720.]), units='pix', vframe_callback=UNKNOWN, volume=UNKNOWN, win=Window(...))
727.2491 	EXP 	Created vid5_q = MovieStim3(__class__=<class 'psychopy.visual.movie3.MovieStim3'>, autoLog=True, color=UNKNOWN, colorSpace=UNKNOWN, depth=-8.0, filename='stims/wedding-41.5.mp4', flipHoriz=False, flipVert=False, fps=UNKNOWN, interpolate=True, loop=False, name='vid5_q', noAudio=False, opacity=1.0, ori=0, pos=array([0., 0.]), size=array([1280.,  720.]), units='pix', vframe_callback=UNKNOWN, volume=UNKNOWN, win=Window(...))
727.5661 	EXP 	window1: recordFrameIntervals = False
727.5698 	DATA 	Keypress: equal
727.5720 	DATA 	Keypress: equal
727.5741 	DATA 	Keypress: equal
727.5857 	EXP 	vid5: autoDraw = False
727.5857 	EXP 	vid1a: autoDraw = False
727.5857 	EXP 	vid1b: autoDraw = False
727.5857 	EXP 	vid2: autoDraw = False
727.5857 	EXP 	vid3: autoDraw = False
727.5857 	EXP 	vid4: autoDraw = False
727.5857 	EXP 	vid5: autoDraw = False
727.5857 	EXP 	vid1a_q: movie = 'stims/wedding-41.1a.mp4'
727.5857 	EXP 	vid1a_q: autoLog = True
727.5857 	EXP 	vid1b_q: movie = 'stims/wedding-41.1b.mp4'
727.5857 	EXP 	vid1b_q: autoLog = True
727.5857 	EXP 	vid2_q: movie = 'stims/wedding-41.2b.mp4'
727.5857 	EXP 	vid2_q: autoLog = True
727.5857 	EXP 	vid3_q: movie = 'stims/wedding-41.3a.mp4'
727.5857 	EXP 	vid3_q: autoLog = True
727.5857 	EXP 	vid4_q: movie = 'stims/wedding-41.4b.mp4'
727.5857 	EXP 	vid4_q: autoLog = True
727.5857 	EXP 	vid5_q: movie = 'stims/wedding-41.5.mp4'
727.5857 	EXP 	vid5_q: autoLog = True
727.5857 	EXP 	vid1a_q: autoDraw = False
727.5857 	EXP 	vid1b_q: autoDraw = False
727.5857 	EXP 	vid2_q: autoDraw = False
727.5857 	EXP 	l2q: autoDraw = False
727.5857 	EXP 	vid3_q: autoDraw = False
727.5857 	EXP 	l3q: autoDraw = False
727.5857 	EXP 	vid4_q: autoDraw = False
727.5857 	EXP 	vid5_q: autoDraw = False
727.7900 	EXP 	window1: recordFrameIntervals = False
729.3527 	DATA 	Keypress: equal
729.5851 	EXP 	eggPainting1: image = 'stimsday1details/painting41.png'
729.5851 	EXP 	eggPainting2: image = 'stimsday1details/newpainting9.png'
729.5851 	EXP 	character1: image = 'stimsday1details/couple41.png'
729.5851 	EXP 	character2: image = 'stimsday1details/newperson21.png'
729.5851 	EXP 	gift1: image = 'stimsday1details/new21.png'
729.5851 	EXP 	gift2: image = 'stimsday1details/gift41.png'
729.5851 	EXP 	themeQ1: image = 'stimsday1details/t41.png'
729.5851 	EXP 	themeQ2: image = 'stimsday1details/ct41.png'
729.5851 	EXP 	nameQ1: image = 'stimsday1details/cn41.png'
729.5851 	EXP 	nameQ2: image = 'stimsday1details/n41.png'
729.5851 	EXP 	nameQ1: autoDraw = True
729.5851 	EXP 	nameQ2: autoDraw = True
730.5364 	DATA 	Keypress: equal
731.2690 	DATA 	Keypress: 1
731.5674 	EXP 	nameQ1: autoDraw = False
731.5674 	EXP 	nameQ2: autoDraw = False
731.5674 	EXP 	nameQ1: autoDraw = False
731.5674 	EXP 	nameQ2: autoDraw = False
731.5674 	EXP 	eggPainting1: autoDraw = True
731.5674 	EXP 	eggPainting2: autoDraw = True
732.0360 	DATA 	Keypress: equal
732.3355 	DATA 	Keypress: 1
733.5358 	DATA 	Keypress: equal
733.5676 	EXP 	eggPainting1: autoDraw = False
733.5676 	EXP 	eggPainting2: autoDraw = False
733.5676 	EXP 	eggPainting1: autoDraw = False
733.5676 	EXP 	eggPainting2: autoDraw = False
733.5676 	EXP 	character1: autoDraw = True
733.5676 	EXP 	character2: autoDraw = True
735.0361 	DATA 	Keypress: equal
735.4023 	DATA 	Keypress: 1
735.5674 	EXP 	character1: autoDraw = False
735.5674 	EXP 	character2: autoDraw = False
735.5674 	EXP 	character1: autoDraw = False
735.5674 	EXP 	character2: autoDraw = False
735.5674 	EXP 	themeQ1: autoDraw = True
735.5674 	EXP 	themeQ2: autoDraw = True
736.5362 	DATA 	Keypress: equal
737.3191 	DATA 	Keypress: 1
737.5676 	EXP 	themeQ1: autoDraw = False
737.5676 	EXP 	themeQ2: autoDraw = False
737.5676 	EXP 	themeQ1: autoDraw = False
737.5676 	EXP 	themeQ2: autoDraw = False
737.5676 	EXP 	gift1: autoDraw = True
737.5676 	EXP 	gift2: autoDraw = True
738.0358 	DATA 	Keypress: equal
738.6860 	DATA 	Keypress: 2
739.5357 	DATA 	Keypress: equal
739.5675 	EXP 	gift1: autoDraw = False
739.5675 	EXP 	gift2: autoDraw = False
739.5675 	EXP 	gift1: autoDraw = False
739.5675 	EXP 	gift2: autoDraw = False
739.5675 	EXP 	northorsouth1: autoDraw = True
739.5675 	EXP 	northorsouth2: autoDraw = True
739.9027 	DATA 	Keypress: 2
741.0360 	DATA 	Keypress: equal
741.8550 	EXP 	New trial (rep=0, index=5): OrderedDict([('condsFile', 'videoBlock_schemaS_pathA_2.csv')])
741.8688 	EXP 	Imported videoBlock_schemaS_pathA_2.csv as conditions, 1 conditions, 17 params
741.8693 	EXP 	Created sequence: random, trialTypes=1, nReps=1, seed=None
741.8701 	EXP 	New trial (rep=0, index=0): OrderedDict([('northOrSouth', 'south.png'), ('stimFile1a', 'stims/wedding-25.1a.mp4'), ('stimFile1b', 'stims/wedding-25.1b.mp4'), ('stimFile2', 'stims/wedding-25.2a.mp4'), ('stimFile3', 'stims/wedding-25.3b.mp4'), ('stimFile4', 'stims/wedding-25.4a.mp4'), ('stimFile5', 'stims/wedding-25.5.mp4'), ('QeggPainting1', 'stimsday1details/egg25.png'), ('Qcharacter1', 'stimsday1details/couple25.png'), ('Qgift1', 'stimsday1details/gift25.png'), ('QeggPainting2', 'stimsday1details/newegg8.png'), ('Qcharacter2', 'stimsday1details/newperson8.png'), ('Qgift2', 'stimsday1details/new8.png'), ('Qname1', 'stimsday1details/cn25.png'), ('Qtheme1', 'stimsday1details/ct25.png'), ('Qname2', 'stimsday1details/n25.png'), ('Qtheme2', 'stimsday1details/t25.png')])
741.8843 	EXP 	northorsouth1: autoDraw = False
741.8843 	EXP 	northorsouth2: autoDraw = False
741.8843 	EXP 	northorsouth1: autoDraw = False
741.8843 	EXP 	northorsouth2: autoDraw = False
741.8843 	EXP 	image_2: autoDraw = True
742.5362 	DATA 	Keypress: equal
743.8687 	EXP 	Created sequence: random, trialTypes=1, nReps=1, seed=None
743.8690 	EXP 	New trial (rep=0, index=0): None
744.4474 	EXP 	Created vid1a = MovieStim3(__class__=<class 'psychopy.visual.movie3.MovieStim3'>, autoLog=True, color=UNKNOWN, colorSpace=UNKNOWN, depth=-1.0, filename='stims/wedding-25.1a.mp4', flipHoriz=False, flipVert=False, fps=UNKNOWN, interpolate=True, loop=False, name='vid1a', noAudio=False, opacity=1.0, ori=0, pos=array([0., 0.]), size=array([1280.,  720.]), units='pix', vframe_callback=UNKNOWN, volume=UNKNOWN, win=Window(...))
744.7979 	EXP 	Created vid1b = MovieStim3(__class__=<class 'psychopy.visual.movie3.MovieStim3'>, autoLog=True, color=UNKNOWN, colorSpace=UNKNOWN, depth=-2.0, filename='stims/wedding-25.1b.mp4', flipHoriz=False, flipVert=False, fps=UNKNOWN, interpolate=True, loop=False, name='vid1b', noAudio=False, opacity=1.0, ori=0, pos=array([0., 0.]), size=array([1280.,  720.]), units='pix', vframe_callback=UNKNOWN, volume=UNKNOWN, win=Window(...))
745.2671 	EXP 	Created vid2 = MovieStim3(__class__=<class 'psychopy.visual.movie3.MovieStim3'>, autoLog=True, color=UNKNOWN, colorSpace=UNKNOWN, depth=-3.0, filename='stims/wedding-25.2a.mp4', flipHoriz=False, flipVert=False, fps=UNKNOWN, interpolate=True, loop=False, name='vid2', noAudio=False, opacity=1.0, ori=0, pos=array([0., 0.]), size=array([1280.,  720.]), units='pix', vframe_callback=UNKNOWN, volume=UNKNOWN, win=Window(...))
745.8158 	EXP 	Created vid3 = MovieStim3(__class__=<class 'psychopy.visual.movie3.MovieStim3'>, autoLog=True, color=UNKNOWN, colorSpace=UNKNOWN, depth=-4.0, filename='stims/wedding-25.3b.mp4', flipHoriz=False, flipVert=False, fps=UNKNOWN, interpolate=True, loop=False, name='vid3', noAudio=False, opacity=1.0, ori=0, pos=array([0., 0.]), size=array([1280.,  720.]), units='pix', vframe_callback=UNKNOWN, volume=UNKNOWN, win=Window(...))
746.3911 	EXP 	Created vid4 = MovieStim3(__class__=<class 'psychopy.visual.movie3.MovieStim3'>, autoLog=True, color=UNKNOWN, colorSpace=UNKNOWN, depth=-5.0, filename='stims/wedding-25.4a.mp4', flipHoriz=False, flipVert=False, fps=UNKNOWN, interpolate=True, loop=False, name='vid4', noAudio=False, opacity=1.0, ori=0, pos=array([0., 0.]), size=array([1280.,  720.]), units='pix', vframe_callback=UNKNOWN, volume=UNKNOWN, win=Window(...))
746.8023 	EXP 	Created vid5 = MovieStim3(__class__=<class 'psychopy.visual.movie3.MovieStim3'>, autoLog=True, color=UNKNOWN, colorSpace=UNKNOWN, depth=-6.0, filename='stims/wedding-25.5.mp4', flipHoriz=False, flipVert=False, fps=UNKNOWN, interpolate=True, loop=False, name='vid5', noAudio=False, opacity=1.0, ori=0, pos=array([0., 0.]), size=array([1280.,  720.]), units='pix', vframe_callback=UNKNOWN, volume=UNKNOWN, win=Window(...))
747.0991 	EXP 	Created sequence: random, trialTypes=1, nReps=1, seed=None
747.0994 	EXP 	New trial (rep=0, index=0): None
747.6626 	EXP 	Created vid1a_q = MovieStim3(__class__=<class 'psychopy.visual.movie3.MovieStim3'>, autoLog=True, color=UNKNOWN, colorSpace=UNKNOWN, depth=-1.0, filename='stims/wedding-25.1a.mp4', flipHoriz=False, flipVert=False, fps=UNKNOWN, interpolate=True, loop=False, name='vid1a_q', noAudio=False, opacity=1.0, ori=0, pos=array([0., 0.]), size=array([1280.,  720.]), units='pix', vframe_callback=UNKNOWN, volume=UNKNOWN, win=Window(...))
748.0076 	EXP 	Created vid1b_q = MovieStim3(__class__=<class 'psychopy.visual.movie3.MovieStim3'>, autoLog=True, color=UNKNOWN, colorSpace=UNKNOWN, depth=-2.0, filename='stims/wedding-25.1b.mp4', flipHoriz=False, flipVert=False, fps=UNKNOWN, interpolate=True, loop=False, name='vid1b_q', noAudio=False, opacity=1.0, ori=0, pos=array([0., 0.]), size=array([1280.,  720.]), units='pix', vframe_callback=UNKNOWN, volume=UNKNOWN, win=Window(...))
748.4702 	EXP 	Created vid2_q = MovieStim3(__class__=<class 'psychopy.visual.movie3.MovieStim3'>, autoLog=True, color=UNKNOWN, colorSpace=UNKNOWN, depth=-3.0, filename='stims/wedding-25.2a.mp4', flipHoriz=False, flipVert=False, fps=UNKNOWN, interpolate=True, loop=False, name='vid2_q', noAudio=False, opacity=1.0, ori=0, pos=array([0., 0.]), size=array([1280.,  720.]), units='pix', vframe_callback=UNKNOWN, volume=UNKNOWN, win=Window(...))
749.0006 	EXP 	Created vid3_q = MovieStim3(__class__=<class 'psychopy.visual.movie3.MovieStim3'>, autoLog=True, color=UNKNOWN, colorSpace=UNKNOWN, depth=-5.0, filename='stims/wedding-25.3b.mp4', flipHoriz=False, flipVert=False, fps=UNKNOWN, interpolate=True, loop=False, name='vid3_q', noAudio=False, opacity=1.0, ori=0, pos=array([0., 0.]), size=array([1280.,  720.]), units='pix', vframe_callback=UNKNOWN, volume=UNKNOWN, win=Window(...))
749.5484 	EXP 	Created vid4_q = MovieStim3(__class__=<class 'psychopy.visual.movie3.MovieStim3'>, autoLog=True, color=UNKNOWN, colorSpace=UNKNOWN, depth=-7.0, filename='stims/wedding-25.4a.mp4', flipHoriz=False, flipVert=False, fps=UNKNOWN, interpolate=True, loop=False, name='vid4_q', noAudio=False, opacity=1.0, ori=0, pos=array([0., 0.]), size=array([1280.,  720.]), units='pix', vframe_callback=UNKNOWN, volume=UNKNOWN, win=Window(...))
749.9455 	EXP 	Created vid5_q = MovieStim3(__class__=<class 'psychopy.visual.movie3.MovieStim3'>, autoLog=True, color=UNKNOWN, colorSpace=UNKNOWN, depth=-8.0, filename='stims/wedding-25.5.mp4', flipHoriz=False, flipVert=False, fps=UNKNOWN, interpolate=True, loop=False, name='vid5_q', noAudio=False, opacity=1.0, ori=0, pos=array([0., 0.]), size=array([1280.,  720.]), units='pix', vframe_callback=UNKNOWN, volume=UNKNOWN, win=Window(...))
750.0679 	EXP 	window1: recordFrameIntervals = False
750.0714 	DATA 	Keypress: equal
750.0737 	DATA 	Keypress: equal
750.0762 	DATA 	Keypress: equal
750.0787 	DATA 	Keypress: equal
750.0807 	DATA 	Keypress: equal
750.1008 	EXP 	image_2: autoDraw = False
750.1008 	EXP 	image_2: autoDraw = False
750.1008 	EXP 	vid1a: movie = 'stims/wedding-25.1a.mp4'
750.1008 	EXP 	vid1a: autoLog = True
750.1008 	EXP 	vid1b: movie = 'stims/wedding-25.1b.mp4'
750.1008 	EXP 	vid1b: autoLog = True
750.1008 	EXP 	vid2: movie = 'stims/wedding-25.2a.mp4'
750.1008 	EXP 	vid2: autoLog = True
750.1008 	EXP 	vid3: movie = 'stims/wedding-25.3b.mp4'
750.1008 	EXP 	vid3: autoLog = True
750.1008 	EXP 	vid4: movie = 'stims/wedding-25.4a.mp4'
750.1008 	EXP 	vid4: autoLog = True
750.1008 	EXP 	vid5: movie = 'stims/wedding-25.5.mp4'
750.1008 	EXP 	vid5: autoLog = True
750.1008 	EXP 	vid1a: autoDraw = False
750.1008 	EXP 	vid1b: autoDraw = False
750.1008 	EXP 	vid2: autoDraw = False
750.1008 	EXP 	vid3: autoDraw = False
750.1008 	EXP 	vid4: autoDraw = False
750.1008 	EXP 	vid5: autoDraw = False
750.1008 	EXP 	vid1a_q: movie = 'stims/wedding-25.1a.mp4'
750.1008 	EXP 	vid1a_q: autoLog = True
750.1008 	EXP 	vid1b_q: movie = 'stims/wedding-25.1b.mp4'
750.1008 	EXP 	vid1b_q: autoLog = True
750.1008 	EXP 	vid2_q: movie = 'stims/wedding-25.2a.mp4'
750.1008 	EXP 	vid2_q: autoLog = True
750.1008 	EXP 	vid3_q: movie = 'stims/wedding-25.3b.mp4'
750.1008 	EXP 	vid3_q: autoLog = True
750.1008 	EXP 	vid4_q: movie = 'stims/wedding-25.4a.mp4'
750.1008 	EXP 	vid4_q: autoLog = True
750.1008 	EXP 	vid5_q: movie = 'stims/wedding-25.5.mp4'
750.1008 	EXP 	vid5_q: autoLog = True
752.9508 	EXP 	window1: recordFrameIntervals = False
754.3560 	DATA 	Keypress: equal
754.3636 	DATA 	Keypress: equal
754.5197 	DATA 	Keypress: equal
754.5674 	EXP 	vid1a_q: movie = 'stims/wedding-25.1a.mp4'
754.5674 	EXP 	vid1b_q: movie = 'stims/wedding-25.1b.mp4'
754.5674 	EXP 	vid2_q: movie = 'stims/wedding-25.2a.mp4'
754.5674 	EXP 	vid3_q: movie = 'stims/wedding-25.3b.mp4'
754.5674 	EXP 	vid4_q: movie = 'stims/wedding-25.4a.mp4'
754.5674 	EXP 	vid5_q: movie = 'stims/wedding-25.5.mp4'
754.5844 	EXP 	vid1a_q: autoDraw = True
756.0278 	DATA 	Keypress: equal
757.5605 	DATA 	Keypress: equal
759.0276 	DATA 	Keypress: equal
760.5272 	DATA 	Keypress: equal
762.0258 	DATA 	Keypress: equal
763.5198 	DATA 	Keypress: equal
765.0361 	DATA 	Keypress: equal
766.5199 	DATA 	Keypress: equal
768.0198 	DATA 	Keypress: equal
769.5359 	DATA 	Keypress: equal
771.0359 	DATA 	Keypress: equal
772.5355 	DATA 	Keypress: equal
774.0361 	DATA 	Keypress: equal
775.5196 	DATA 	Keypress: equal
777.0201 	DATA 	Keypress: equal
778.5358 	DATA 	Keypress: equal
780.0191 	DATA 	Keypress: equal
781.5191 	DATA 	Keypress: equal
783.0187 	DATA 	Keypress: equal
784.1170 	EXP 	vid1a_q: autoDraw = False
784.1170 	EXP 	vid1b_q: autoDraw = True
784.5188 	DATA 	Keypress: equal
786.0240 	DATA 	Keypress: equal
787.5189 	DATA 	Keypress: equal
789.0189 	DATA 	Keypress: equal
790.5263 	DATA 	Keypress: equal
792.0561 	DATA 	Keypress: equal
792.1835 	EXP 	Set vid1b_q finished
793.1169 	EXP 	vid2_q: autoDraw = True
793.5257 	DATA 	Keypress: equal
795.0191 	DATA 	Keypress: equal
796.5249 	DATA 	Keypress: equal
798.0186 	DATA 	Keypress: equal
799.5189 	DATA 	Keypress: equal
801.0260 	DATA 	Keypress: equal
802.5193 	DATA 	Keypress: equal
804.0192 	DATA 	Keypress: equal
805.5187 	DATA 	Keypress: equal
807.0184 	DATA 	Keypress: equal
808.5183 	DATA 	Keypress: equal
809.3999 	EXP 	Set vid2_q finished
810.0185 	DATA 	Keypress: equal
810.1166 	EXP 	l2q: autoDraw = True
811.5184 	DATA 	Keypress: equal
812.4182 	DATA 	Keypress: 2
813.0184 	DATA 	Keypress: equal
814.1166 	EXP 	l2q: autoDraw = False
814.1166 	EXP 	vid3_q: autoDraw = True
814.5185 	DATA 	Keypress: equal
816.0184 	DATA 	Keypress: equal
817.5185 	DATA 	Keypress: equal
819.0186 	DATA 	Keypress: equal
820.5184 	DATA 	Keypress: equal
822.0183 	DATA 	Keypress: equal
823.5187 	DATA 	Keypress: equal
825.0186 	DATA 	Keypress: equal
826.5191 	DATA 	Keypress: equal
828.0186 	DATA 	Keypress: equal
829.5181 	DATA 	Keypress: equal
831.0185 	DATA 	Keypress: equal
832.5182 	DATA 	Keypress: equal
834.0182 	DATA 	Keypress: equal
835.5186 	DATA 	Keypress: equal
837.0183 	DATA 	Keypress: equal
837.1163 	EXP 	vid3_q: autoDraw = False
837.1163 	EXP 	l3q: autoDraw = True
838.5179 	DATA 	Keypress: equal
839.8182 	DATA 	Keypress: 1
840.0177 	DATA 	Keypress: equal
841.1163 	EXP 	l3q: autoDraw = False
841.1163 	EXP 	vid4_q: autoDraw = True
841.5181 	DATA 	Keypress: equal
843.0181 	DATA 	Keypress: equal
844.5181 	DATA 	Keypress: equal
846.0179 	DATA 	Keypress: equal
847.5177 	DATA 	Keypress: equal
849.0181 	DATA 	Keypress: equal
850.5180 	DATA 	Keypress: equal
852.0182 	DATA 	Keypress: equal
853.5177 	DATA 	Keypress: equal
855.0180 	DATA 	Keypress: equal
856.5184 	DATA 	Keypress: equal
858.0181 	DATA 	Keypress: equal
859.5182 	DATA 	Keypress: equal
861.0177 	DATA 	Keypress: equal
862.5179 	DATA 	Keypress: equal
864.0179 	DATA 	Keypress: equal
865.1157 	EXP 	vid4_q: autoDraw = False
865.1324 	EXP 	vid5_q: autoDraw = True
865.5182 	DATA 	Keypress: equal
867.0178 	DATA 	Keypress: equal
868.5178 	DATA 	Keypress: equal
870.0180 	DATA 	Keypress: equal
871.5180 	DATA 	Keypress: equal
873.0177 	DATA 	Keypress: equal
874.5180 	DATA 	Keypress: equal
876.0174 	DATA 	Keypress: equal
877.2491 	EXP 	Set vid5_q finished
877.5288 	EXP 	window1: recordFrameIntervals = False
877.5309 	DATA 	Keypress: equal
877.5491 	EXP 	vid1a_q: autoDraw = False
877.5491 	EXP 	vid1b_q: autoDraw = False
877.5491 	EXP 	vid2_q: autoDraw = False
877.5491 	EXP 	l2q: autoDraw = False
877.5491 	EXP 	vid3_q: autoDraw = False
877.5491 	EXP 	l3q: autoDraw = False
877.5491 	EXP 	vid4_q: autoDraw = False
877.5491 	EXP 	vid5_q: autoDraw = False
877.7337 	EXP 	window1: recordFrameIntervals = False
879.3159 	DATA 	Keypress: equal
879.5323 	EXP 	eggPainting1: image = 'stimsday1details/egg25.png'
879.5323 	EXP 	eggPainting2: image = 'stimsday1details/newegg8.png'
879.5323 	EXP 	character1: image = 'stimsday1details/couple25.png'
879.5323 	EXP 	character2: image = 'stimsday1details/newperson8.png'
879.5323 	EXP 	gift1: image = 'stimsday1details/gift25.png'
879.5323 	EXP 	gift2: image = 'stimsday1details/new8.png'
879.5323 	EXP 	themeQ1: image = 'stimsday1details/ct25.png'
879.5323 	EXP 	themeQ2: image = 'stimsday1details/t25.png'
879.5323 	EXP 	nameQ1: image = 'stimsday1details/cn25.png'
879.5323 	EXP 	nameQ2: image = 'stimsday1details/n25.png'
879.5323 	EXP 	nameQ1: autoDraw = True
879.5323 	EXP 	nameQ2: autoDraw = True
880.5177 	DATA 	Keypress: equal
881.2014 	DATA 	Keypress: 1
881.5324 	EXP 	nameQ1: autoDraw = False
881.5324 	EXP 	nameQ2: autoDraw = False
881.5324 	EXP 	nameQ1: autoDraw = False
881.5324 	EXP 	nameQ2: autoDraw = False
881.5324 	EXP 	eggPainting1: autoDraw = True
881.5324 	EXP 	eggPainting2: autoDraw = True
882.0174 	DATA 	Keypress: equal
882.5005 	DATA 	Keypress: 1
883.5171 	DATA 	Keypress: equal
883.5324 	EXP 	eggPainting1: autoDraw = False
883.5324 	EXP 	eggPainting2: autoDraw = False
883.5324 	EXP 	eggPainting1: autoDraw = False
883.5324 	EXP 	eggPainting2: autoDraw = False
883.5324 	EXP 	character1: autoDraw = True
883.5324 	EXP 	character2: autoDraw = True
884.4673 	DATA 	Keypress: 1
885.0175 	DATA 	Keypress: equal
885.5322 	EXP 	character1: autoDraw = False
885.5322 	EXP 	character2: autoDraw = False
885.5322 	EXP 	character1: autoDraw = False
885.5322 	EXP 	character2: autoDraw = False
885.5322 	EXP 	themeQ1: autoDraw = True
885.5322 	EXP 	themeQ2: autoDraw = True
886.5177 	DATA 	Keypress: equal
886.9339 	DATA 	Keypress: 2
887.5322 	EXP 	themeQ1: autoDraw = False
887.5322 	EXP 	themeQ2: autoDraw = False
887.5322 	EXP 	themeQ1: autoDraw = False
887.5322 	EXP 	themeQ2: autoDraw = False
887.5322 	EXP 	gift1: autoDraw = True
887.5322 	EXP 	gift2: autoDraw = True
888.0175 	DATA 	Keypress: equal
888.5337 	DATA 	Keypress: 1
889.5176 	DATA 	Keypress: equal
889.5321 	EXP 	gift1: autoDraw = False
889.5321 	EXP 	gift2: autoDraw = False
889.5321 	EXP 	gift1: autoDraw = False
889.5321 	EXP 	gift2: autoDraw = False
889.5321 	EXP 	northorsouth1: autoDraw = True
889.5321 	EXP 	northorsouth2: autoDraw = True
890.3342 	DATA 	Keypress: 2
891.0174 	DATA 	Keypress: equal
892.0154 	EXP 	northorsouth1: autoDraw = False
892.0154 	EXP 	northorsouth2: autoDraw = False
892.0154 	EXP 	northorsouth1: autoDraw = False
892.0154 	EXP 	northorsouth2: autoDraw = False
892.3225 	EXP 	window1: mouseVisible = True
