1.9156 	WARNING 	Import Error: No module named 'psychtoolbox'. Using event module for keyboard component.
7.9602 	WARNING 	User requested fullscreen with size [2560 1440], but screen is actually [1920, 1080]. Using actual size
8.6231 	EXP 	Created window1 = Window(allowGUI=False, allowStencil=False, args=UNKNOWN, autoLog=True, bitsMode=UNKNOWN, blendMode='avg', color=array([0., 0., 0.]), colorSpace='rgb', fullscr=<method-wrapper '__getattribute__' of attributeSetter object at 0x1321c99048>, gamma=None, kwargs=UNKNOWN, lms=UNKNOWN, monitor=<psychopy.monitors.calibTools.Monitor object at 0x13238fa898>, multiSample=False, name='window1', numSamples=2, pos=[0.0, 0.0], screen=0, size=array([1920, 1080]), stereo=False, units='norm', useFBO=True, useRetina=False, viewOri=0.0, viewPos=None, viewScale=None, waitBlanking=True, winType='pyglet')
8.6231 	EXP 	window1: recordFrameIntervals = False
8.7891 	EXP 	window1: recordFrameIntervals = True
8.9736 	EXP 	window1: recordFrameIntervals = False
9.1086 	EXP 	Created text = TextStim(__class__=<class 'psychopy.visual.text.TextStim'>, alignHoriz='center', alignVert='center', antialias=True, autoLog=True, bold=False, color='white', colorSpace='named', contrast=1.0, depth=0.0, flipHoriz=False, flipVert=False, font='Arial', fontFiles=[], height=0.1, italic=False, languageStyle='LTR', name='text', opacity=1.0, ori=0, pos=array([0., 0.]), rgb=array([255., 255., 255.]), text='Waiting for experimenter...', units='norm', win=Window(...), wrapWidth=1)
9.1174 	EXP 	Created waiting = TextStim(__class__=<class 'psychopy.visual.text.TextStim'>, alignHoriz='center', alignVert='center', antialias=True, autoLog=True, bold=False, color='white', colorSpace='named', contrast=1.0, depth=0.0, flipHoriz=False, flipVert=False, font='Arial', fontFiles=[], height=0.1, italic=False, languageStyle='LTR', name='waiting', opacity=1.0, ori=0, pos=array([0., 0.]), rgb=array([255., 255., 255.]), text='Waiting for scanner...', units='norm', win=Window(...), wrapWidth=1)
9.1490 	EXP 	Created image_3 = ImageStim(__class__=<class 'psychopy.visual.image.ImageStim'>, autoLog=True, color=array([1., 1., 1.]), colorSpace='rgb', contrast=1.0, depth=0.0, flipHoriz=False, flipVert=False, image='north.png', interpolate=True, mask=None, maskParams=None, name='image_3', opacity=1.0, ori=0.0, pos=array([0., 0.]), size=array([0.5, 0.5]), texRes=128, units='norm', win=Window(...))
9.1608 	EXP 	Created l2q = ImageStim(__class__=<class 'psychopy.visual.image.ImageStim'>, autoLog=True, color=array([1., 1., 1.]), colorSpace='rgb', contrast=1.0, depth=-4.0, flipHoriz=False, flipVert=False, image='LAYER2Q.png', interpolate=True, mask=None, maskParams=None, name='l2q', opacity=1.0, ori=0.0, pos=array([0., 0.]), size=array([0.5, 0.5]), texRes=128, units='norm', win=Window(...))
9.1715 	EXP 	Created l3q = ImageStim(__class__=<class 'psychopy.visual.image.ImageStim'>, autoLog=True, color=array([1., 1., 1.]), colorSpace='rgb', contrast=1.0, depth=-6.0, flipHoriz=False, flipVert=False, image='LAYER3Q.png', interpolate=True, mask=None, maskParams=None, name='l3q', opacity=1.0, ori=0.0, pos=array([0., 0.]), size=array([0.5, 0.5]), texRes=128, units='norm', win=Window(...))
9.1885 	EXP 	Created nameQ1 = ImageStim(__class__=<class 'psychopy.visual.image.ImageStim'>, autoLog=True, color=array([1., 1., 1.]), colorSpace='rgb', contrast=1.0, depth=-1.0, flipHoriz=False, flipVert=False, image='sin', interpolate=True, mask=None, maskParams=None, name='nameQ1', opacity=1.0, ori=0.0, pos=array([-0.5, -0.2]), size=array([0.5, 0.5]), texRes=128, units='norm', win=Window(...))
9.1909 	EXP 	Created nameQ2 = ImageStim(__class__=<class 'psychopy.visual.image.ImageStim'>, autoLog=True, color=array([1., 1., 1.]), colorSpace='rgb', contrast=1.0, depth=-2.0, flipHoriz=False, flipVert=False, image='sin', interpolate=True, mask=None, maskParams=None, name='nameQ2', opacity=1.0, ori=0.0, pos=array([ 0.5, -0.2]), size=array([0.5, 0.5]), texRes=128, units='norm', win=Window(...))
9.1932 	EXP 	Created eggPainting1 = ImageStim(__class__=<class 'psychopy.visual.image.ImageStim'>, autoLog=True, color=array([1., 1., 1.]), colorSpace='rgb', contrast=1.0, depth=0.0, flipHoriz=False, flipVert=False, image='sin', interpolate=True, mask=None, maskParams=None, name='eggPainting1', opacity=1.0, ori=0.0, pos=array([-0.5, -0.2]), size=array([0.7, 1. ]), texRes=128, units='norm', win=Window(...))
9.1956 	EXP 	Created eggPainting2 = ImageStim(__class__=<class 'psychopy.visual.image.ImageStim'>, autoLog=True, color=array([1., 1., 1.]), colorSpace='rgb', contrast=1.0, depth=-2.0, flipHoriz=False, flipVert=False, image='sin', interpolate=True, mask=None, maskParams=None, name='eggPainting2', opacity=1.0, ori=0.0, pos=array([ 0.5, -0.2]), size=array([0.7, 1. ]), texRes=128, units='norm', win=Window(...))
9.1979 	EXP 	Created character1 = ImageStim(__class__=<class 'psychopy.visual.image.ImageStim'>, autoLog=True, color=array([1., 1., 1.]), colorSpace='rgb', contrast=1.0, depth=0.0, flipHoriz=False, flipVert=False, image='sin', interpolate=True, mask=None, maskParams=None, name='character1', opacity=1.0, ori=0.0, pos=array([-0.5, -0.2]), size=array([0.5, 1. ]), texRes=128, units='norm', win=Window(...))
9.2003 	EXP 	Created character2 = ImageStim(__class__=<class 'psychopy.visual.image.ImageStim'>, autoLog=True, color=array([1., 1., 1.]), colorSpace='rgb', contrast=1.0, depth=-1.0, flipHoriz=False, flipVert=False, image='sin', interpolate=True, mask=None, maskParams=None, name='character2', opacity=1.0, ori=0.0, pos=array([ 0.5, -0.2]), size=array([0.5, 1. ]), texRes=128, units='norm', win=Window(...))
9.2026 	EXP 	Created themeQ1 = ImageStim(__class__=<class 'psychopy.visual.image.ImageStim'>, autoLog=True, color=array([1., 1., 1.]), colorSpace='rgb', contrast=1.0, depth=-1.0, flipHoriz=False, flipVert=False, image='sin', interpolate=True, mask=None, maskParams=None, name='themeQ1', opacity=1.0, ori=0.0, pos=array([-0.5, -0.2]), size=array([0.5, 0.5]), texRes=128, units='norm', win=Window(...))
9.2050 	EXP 	Created themeQ2 = ImageStim(__class__=<class 'psychopy.visual.image.ImageStim'>, autoLog=True, color=array([1., 1., 1.]), colorSpace='rgb', contrast=1.0, depth=-2.0, flipHoriz=False, flipVert=False, image='sin', interpolate=True, mask=None, maskParams=None, name='themeQ2', opacity=1.0, ori=0.0, pos=array([ 0.5, -0.2]), size=array([0.5, 0.5]), texRes=128, units='norm', win=Window(...))
9.2073 	EXP 	Created gift1 = ImageStim(__class__=<class 'psychopy.visual.image.ImageStim'>, autoLog=True, color=array([1., 1., 1.]), colorSpace='rgb', contrast=1.0, depth=0.0, flipHoriz=False, flipVert=False, image='sin', interpolate=True, mask=None, maskParams=None, name='gift1', opacity=1.0, ori=0.0, pos=array([-0.5, -0.2]), size=array([0.5, 0.5]), texRes=128, units='norm', win=Window(...))
9.2097 	EXP 	Created gift2 = ImageStim(__class__=<class 'psychopy.visual.image.ImageStim'>, autoLog=True, color=array([1., 1., 1.]), colorSpace='rgb', contrast=1.0, depth=-1.0, flipHoriz=False, flipVert=False, image='sin', interpolate=True, mask=None, maskParams=None, name='gift2', opacity=1.0, ori=0.0, pos=array([ 0.5, -0.2]), size=array([0.5, 0.5]), texRes=128, units='norm', win=Window(...))
9.2140 	EXP 	Created northorsouth1 = ImageStim(__class__=<class 'psychopy.visual.image.ImageStim'>, autoLog=True, color=array([1., 1., 1.]), colorSpace='rgb', contrast=1.0, depth=0.0, flipHoriz=False, flipVert=False, image='northorsouth1.png', interpolate=True, mask=None, maskParams=None, name='northorsouth1', opacity=1.0, ori=0.0, pos=array([-0.5, -0.2]), size=array([0.5, 0.5]), texRes=128, units='norm', win=Window(...))
9.2185 	EXP 	Created northorsouth2 = ImageStim(__class__=<class 'psychopy.visual.image.ImageStim'>, autoLog=True, color=array([1., 1., 1.]), colorSpace='rgb', contrast=1.0, depth=-2.0, flipHoriz=False, flipVert=False, image='northorsouth2.png', interpolate=True, mask=None, maskParams=None, name='northorsouth2', opacity=1.0, ori=0.0, pos=array([ 0.5, -0.2]), size=array([0.5, 0.5]), texRes=128, units='norm', win=Window(...))
9.2397 	EXP 	text: autoDraw = True
9.6432 	DATA 	Keypress: g
9.6567 	EXP 	text: autoDraw = False
9.6567 	EXP 	waiting: autoDraw = True
28.6080 	DATA 	Keypress: equal
28.6320 	EXP 	Imported chooseBlock1.csv as conditions, 6 conditions, 1 params
28.6330 	EXP 	Created sequence: random, trialTypes=6, nReps=1, seed=None
28.6335 	EXP 	New trial (rep=0, index=0): OrderedDict([('condsFile', 'videoBlock_schemaN_pathB_3.csv')])
28.6428 	EXP 	Imported videoBlock_schemaN_pathB_3.csv as conditions, 1 conditions, 17 params
28.6431 	EXP 	Created sequence: random, trialTypes=1, nReps=1, seed=None
28.6437 	EXP 	New trial (rep=0, index=0): OrderedDict([('northOrSouth', 'north.png'), ('stimFile1a', 'stims/wedding-11.1a.mp4'), ('stimFile1b', 'stims/wedding-11.1b.mp4'), ('stimFile2', 'stims/wedding-11.2b.mp4'), ('stimFile3', 'stims/wedding-11.3b.mp4'), ('stimFile4', 'stims/wedding-11.4b.mp4'), ('stimFile5', 'stims/wedding-11.5.mp4'), ('QeggPainting1', 'stimsday1details/painting11.png'), ('Qcharacter1', 'stimsday1details/couple11.png'), ('Qgift1', 'stimsday1details/gift11.png'), ('QeggPainting2', 'stimsday1details/newpainting3.png'), ('Qcharacter2', 'stimsday1details/newperson15.png'), ('Qgift2', 'stimsday1details/new15.png'), ('Qname1', 'stimsday1details/cn11.png'), ('Qtheme1', 'stimsday1details/ct11.png'), ('Qname2', 'stimsday1details/n11.png'), ('Qtheme2', 'stimsday1details/t11.png')])
28.6565 	EXP 	waiting: autoDraw = False
28.6565 	EXP 	image_3: autoDraw = True
30.1082 	DATA 	Keypress: equal
30.6238 	EXP 	Created sequence: random, trialTypes=1, nReps=1, seed=None
30.6241 	EXP 	New trial (rep=0, index=0): None
31.2537 	EXP 	Created vid1a = MovieStim3(__class__=<class 'psychopy.visual.movie3.MovieStim3'>, autoLog=True, color=UNKNOWN, colorSpace=UNKNOWN, depth=-1.0, filename='stims/wedding-11.1a.mp4', flipHoriz=False, flipVert=False, fps=UNKNOWN, interpolate=True, loop=False, name='vid1a', noAudio=False, opacity=1.0, ori=0, pos=array([0., 0.]), size=array([1280.,  720.]), units='pix', vframe_callback=UNKNOWN, volume=UNKNOWN, win=Window(...))
31.5759 	EXP 	Created vid1b = MovieStim3(__class__=<class 'psychopy.visual.movie3.MovieStim3'>, autoLog=True, color=UNKNOWN, colorSpace=UNKNOWN, depth=-2.0, filename='stims/wedding-11.1b.mp4', flipHoriz=False, flipVert=False, fps=UNKNOWN, interpolate=True, loop=False, name='vid1b', noAudio=False, opacity=1.0, ori=0, pos=array([0., 0.]), size=array([1280.,  720.]), units='pix', vframe_callback=UNKNOWN, volume=UNKNOWN, win=Window(...))
32.0276 	EXP 	Created vid2 = MovieStim3(__class__=<class 'psychopy.visual.movie3.MovieStim3'>, autoLog=True, color=UNKNOWN, colorSpace=UNKNOWN, depth=-3.0, filename='stims/wedding-11.2b.mp4', flipHoriz=False, flipVert=False, fps=UNKNOWN, interpolate=True, loop=False, name='vid2', noAudio=False, opacity=1.0, ori=0, pos=array([0., 0.]), size=array([1280.,  720.]), units='pix', vframe_callback=UNKNOWN, volume=UNKNOWN, win=Window(...))
32.5518 	EXP 	Created vid3 = MovieStim3(__class__=<class 'psychopy.visual.movie3.MovieStim3'>, autoLog=True, color=UNKNOWN, colorSpace=UNKNOWN, depth=-4.0, filename='stims/wedding-11.3b.mp4', flipHoriz=False, flipVert=False, fps=UNKNOWN, interpolate=True, loop=False, name='vid3', noAudio=False, opacity=1.0, ori=0, pos=array([0., 0.]), size=array([1280.,  720.]), units='pix', vframe_callback=UNKNOWN, volume=UNKNOWN, win=Window(...))
33.0597 	EXP 	Created vid4 = MovieStim3(__class__=<class 'psychopy.visual.movie3.MovieStim3'>, autoLog=True, color=UNKNOWN, colorSpace=UNKNOWN, depth=-5.0, filename='stims/wedding-11.4b.mp4', flipHoriz=False, flipVert=False, fps=UNKNOWN, interpolate=True, loop=False, name='vid4', noAudio=False, opacity=1.0, ori=0, pos=array([0., 0.]), size=array([1280.,  720.]), units='pix', vframe_callback=UNKNOWN, volume=UNKNOWN, win=Window(...))
33.4531 	EXP 	Created vid5 = MovieStim3(__class__=<class 'psychopy.visual.movie3.MovieStim3'>, autoLog=True, color=UNKNOWN, colorSpace=UNKNOWN, depth=-6.0, filename='stims/wedding-11.5.mp4', flipHoriz=False, flipVert=False, fps=UNKNOWN, interpolate=True, loop=False, name='vid5', noAudio=False, opacity=1.0, ori=0, pos=array([0., 0.]), size=array([1280.,  720.]), units='pix', vframe_callback=UNKNOWN, volume=UNKNOWN, win=Window(...))
33.4951 	EXP 	Created sequence: random, trialTypes=1, nReps=1, seed=None
33.4954 	EXP 	New trial (rep=0, index=0): None
33.8876 	EXP 	Created vid1a_q = MovieStim3(__class__=<class 'psychopy.visual.movie3.MovieStim3'>, autoLog=True, color=UNKNOWN, colorSpace=UNKNOWN, depth=-1.0, filename='stims/wedding-11.1a.mp4', flipHoriz=False, flipVert=False, fps=UNKNOWN, interpolate=True, loop=False, name='vid1a_q', noAudio=False, opacity=1.0, ori=0, pos=array([0., 0.]), size=array([1280.,  720.]), units='pix', vframe_callback=UNKNOWN, volume=UNKNOWN, win=Window(...))
34.2109 	EXP 	Created vid1b_q = MovieStim3(__class__=<class 'psychopy.visual.movie3.MovieStim3'>, autoLog=True, color=UNKNOWN, colorSpace=UNKNOWN, depth=-2.0, filename='stims/wedding-11.1b.mp4', flipHoriz=False, flipVert=False, fps=UNKNOWN, interpolate=True, loop=False, name='vid1b_q', noAudio=False, opacity=1.0, ori=0, pos=array([0., 0.]), size=array([1280.,  720.]), units='pix', vframe_callback=UNKNOWN, volume=UNKNOWN, win=Window(...))
34.6461 	EXP 	Created vid2_q = MovieStim3(__class__=<class 'psychopy.visual.movie3.MovieStim3'>, autoLog=True, color=UNKNOWN, colorSpace=UNKNOWN, depth=-3.0, filename='stims/wedding-11.2b.mp4', flipHoriz=False, flipVert=False, fps=UNKNOWN, interpolate=True, loop=False, name='vid2_q', noAudio=False, opacity=1.0, ori=0, pos=array([0., 0.]), size=array([1280.,  720.]), units='pix', vframe_callback=UNKNOWN, volume=UNKNOWN, win=Window(...))
35.1718 	EXP 	Created vid3_q = MovieStim3(__class__=<class 'psychopy.visual.movie3.MovieStim3'>, autoLog=True, color=UNKNOWN, colorSpace=UNKNOWN, depth=-5.0, filename='stims/wedding-11.3b.mp4', flipHoriz=False, flipVert=False, fps=UNKNOWN, interpolate=True, loop=False, name='vid3_q', noAudio=False, opacity=1.0, ori=0, pos=array([0., 0.]), size=array([1280.,  720.]), units='pix', vframe_callback=UNKNOWN, volume=UNKNOWN, win=Window(...))
35.6744 	EXP 	Created vid4_q = MovieStim3(__class__=<class 'psychopy.visual.movie3.MovieStim3'>, autoLog=True, color=UNKNOWN, colorSpace=UNKNOWN, depth=-7.0, filename='stims/wedding-11.4b.mp4', flipHoriz=False, flipVert=False, fps=UNKNOWN, interpolate=True, loop=False, name='vid4_q', noAudio=False, opacity=1.0, ori=0, pos=array([0., 0.]), size=array([1280.,  720.]), units='pix', vframe_callback=UNKNOWN, volume=UNKNOWN, win=Window(...))
36.0572 	EXP 	Created vid5_q = MovieStim3(__class__=<class 'psychopy.visual.movie3.MovieStim3'>, autoLog=True, color=UNKNOWN, colorSpace=UNKNOWN, depth=-8.0, filename='stims/wedding-11.5.mp4', flipHoriz=False, flipVert=False, fps=UNKNOWN, interpolate=True, loop=False, name='vid5_q', noAudio=False, opacity=1.0, ori=0, pos=array([0., 0.]), size=array([1280.,  720.]), units='pix', vframe_callback=UNKNOWN, volume=UNKNOWN, win=Window(...))
36.0577 	EXP 	window1: recordFrameIntervals = False
36.0612 	DATA 	Keypress: equal
36.0641 	DATA 	Keypress: equal
36.0663 	DATA 	Keypress: equal
36.0731 	EXP 	image_3: autoDraw = False
36.0731 	EXP 	vid1a: movie = 'stims/wedding-11.1a.mp4'
36.0731 	EXP 	vid1a: autoLog = True
36.0731 	EXP 	vid1b: movie = 'stims/wedding-11.1b.mp4'
36.0731 	EXP 	vid1b: autoLog = True
36.0731 	EXP 	vid2: movie = 'stims/wedding-11.2b.mp4'
36.0731 	EXP 	vid2: autoLog = True
36.0731 	EXP 	vid3: movie = 'stims/wedding-11.3b.mp4'
36.0731 	EXP 	vid3: autoLog = True
36.0731 	EXP 	vid4: movie = 'stims/wedding-11.4b.mp4'
36.0731 	EXP 	vid4: autoLog = True
36.0731 	EXP 	vid5: movie = 'stims/wedding-11.5.mp4'
36.0731 	EXP 	vid5: autoLog = True
36.0731 	EXP 	vid1a: autoDraw = False
36.0731 	EXP 	vid1b: autoDraw = False
36.0731 	EXP 	vid2: autoDraw = False
36.0731 	EXP 	vid3: autoDraw = False
36.0731 	EXP 	vid4: autoDraw = False
36.0731 	EXP 	vid5: autoDraw = False
36.0731 	EXP 	vid1a_q: movie = 'stims/wedding-11.1a.mp4'
36.0731 	EXP 	vid1a_q: autoLog = True
36.0731 	EXP 	vid1b_q: movie = 'stims/wedding-11.1b.mp4'
36.0731 	EXP 	vid1b_q: autoLog = True
36.0731 	EXP 	vid2_q: movie = 'stims/wedding-11.2b.mp4'
36.0731 	EXP 	vid2_q: autoLog = True
36.0731 	EXP 	vid3_q: movie = 'stims/wedding-11.3b.mp4'
36.0731 	EXP 	vid3_q: autoLog = True
36.0731 	EXP 	vid4_q: movie = 'stims/wedding-11.4b.mp4'
36.0731 	EXP 	vid4_q: autoLog = True
36.0731 	EXP 	vid5_q: movie = 'stims/wedding-11.5.mp4'
36.0731 	EXP 	vid5_q: autoLog = True
38.6188 	EXP 	window1: recordFrameIntervals = False
40.8458 	DATA 	Keypress: equal
40.8485 	DATA 	Keypress: equal
40.8506 	DATA 	Keypress: equal
40.8526 	DATA 	Keypress: equal
41.0556 	EXP 	vid1a_q: movie = 'stims/wedding-11.1a.mp4'
41.0556 	EXP 	vid1b_q: movie = 'stims/wedding-11.1b.mp4'
41.0556 	EXP 	vid2_q: movie = 'stims/wedding-11.2b.mp4'
41.0556 	EXP 	vid3_q: movie = 'stims/wedding-11.3b.mp4'
41.0556 	EXP 	vid4_q: movie = 'stims/wedding-11.4b.mp4'
41.0556 	EXP 	vid5_q: movie = 'stims/wedding-11.5.mp4'
41.0727 	EXP 	vid1a_q: autoDraw = True
42.1074 	DATA 	Keypress: equal
43.6071 	DATA 	Keypress: equal
45.1080 	DATA 	Keypress: equal
46.6071 	DATA 	Keypress: equal
48.1120 	DATA 	Keypress: equal
49.6079 	DATA 	Keypress: equal
51.1076 	DATA 	Keypress: equal
52.6026 	DATA 	Keypress: equal
54.1073 	DATA 	Keypress: equal
55.5100 	EXP 	vid1a_q: autoDraw = False
55.5225 	EXP 	vid1b_q: autoDraw = True
55.6078 	DATA 	Keypress: equal
57.1035 	DATA 	Keypress: equal
58.6078 	DATA 	Keypress: equal
60.1073 	DATA 	Keypress: equal
61.6085 	DATA 	Keypress: equal
63.1074 	DATA 	Keypress: equal
63.9401 	EXP 	Set vid1b_q finished
64.5218 	EXP 	vid2_q: autoDraw = True
64.6076 	DATA 	Keypress: equal
66.1023 	DATA 	Keypress: equal
67.6077 	DATA 	Keypress: equal
69.1077 	DATA 	Keypress: equal
70.6075 	DATA 	Keypress: equal
72.1038 	DATA 	Keypress: equal
73.6115 	DATA 	Keypress: equal
75.1122 	DATA 	Keypress: equal
76.6072 	DATA 	Keypress: equal
78.1125 	DATA 	Keypress: equal
79.6072 	DATA 	Keypress: equal
81.1075 	DATA 	Keypress: equal
81.4059 	EXP 	Set vid2_q finished
81.5273 	EXP 	l2q: autoDraw = True
82.6078 	DATA 	Keypress: equal
83.7565 	DATA 	Keypress: 1
84.1073 	DATA 	Keypress: equal
85.5047 	EXP 	l2q: autoDraw = False
85.5211 	EXP 	vid3_q: autoDraw = True
85.6013 	DATA 	Keypress: equal
87.1078 	DATA 	Keypress: equal
88.6075 	DATA 	Keypress: equal
90.1076 	DATA 	Keypress: equal
91.6019 	DATA 	Keypress: equal
93.1064 	DATA 	Keypress: equal
94.6107 	DATA 	Keypress: equal
96.1065 	DATA 	Keypress: equal
97.6144 	DATA 	Keypress: equal
99.1093 	DATA 	Keypress: equal
100.6003 	DATA 	Keypress: equal
102.1144 	DATA 	Keypress: equal
103.6077 	DATA 	Keypress: equal
105.1113 	DATA 	Keypress: equal
106.6116 	DATA 	Keypress: equal
108.1074 	DATA 	Keypress: equal
108.5055 	EXP 	vid3_q: autoDraw = False
108.5261 	EXP 	l3q: autoDraw = True
109.6074 	DATA 	Keypress: equal
110.4783 	DATA 	Keypress: 1
111.1071 	DATA 	Keypress: equal
112.5041 	EXP 	l3q: autoDraw = False
112.5211 	EXP 	vid4_q: autoDraw = True
112.6075 	DATA 	Keypress: equal
114.1066 	DATA 	Keypress: equal
115.6074 	DATA 	Keypress: equal
117.1020 	DATA 	Keypress: equal
118.6022 	DATA 	Keypress: equal
120.1317 	DATA 	Keypress: equal
121.6107 	DATA 	Keypress: equal
123.1067 	DATA 	Keypress: equal
124.6076 	DATA 	Keypress: equal
126.1062 	DATA 	Keypress: equal
127.6075 	DATA 	Keypress: equal
129.1108 	DATA 	Keypress: equal
130.6114 	DATA 	Keypress: equal
132.1063 	DATA 	Keypress: equal
133.6113 	DATA 	Keypress: equal
135.1062 	DATA 	Keypress: equal
135.7874 	EXP 	Set vid4_q finished
136.5208 	EXP 	vid5_q: autoDraw = True
136.6061 	DATA 	Keypress: equal
138.1085 	DATA 	Keypress: equal
139.6334 	DATA 	Keypress: equal
141.1038 	DATA 	Keypress: equal
142.6023 	DATA 	Keypress: equal
144.1065 	DATA 	Keypress: equal
145.5987 	DATA 	Keypress: equal
147.1108 	DATA 	Keypress: equal
148.6066 	DATA 	Keypress: equal
149.6088 	EXP 	window1: recordFrameIntervals = False
149.6216 	EXP 	vid5_q: autoDraw = False
149.6216 	EXP 	vid1a_q: autoDraw = False
149.6216 	EXP 	vid1b_q: autoDraw = False
149.6216 	EXP 	vid2_q: autoDraw = False
149.6216 	EXP 	l2q: autoDraw = False
149.6216 	EXP 	vid3_q: autoDraw = False
149.6216 	EXP 	l3q: autoDraw = False
149.6216 	EXP 	vid4_q: autoDraw = False
149.6216 	EXP 	vid5_q: autoDraw = False
149.9036 	EXP 	window1: recordFrameIntervals = False
151.3954 	DATA 	Keypress: equal
151.6214 	EXP 	eggPainting1: image = 'stimsday1details/painting11.png'
151.6214 	EXP 	eggPainting2: image = 'stimsday1details/newpainting3.png'
151.6214 	EXP 	character1: image = 'stimsday1details/couple11.png'
151.6214 	EXP 	character2: image = 'stimsday1details/newperson15.png'
151.6214 	EXP 	gift1: image = 'stimsday1details/gift11.png'
151.6214 	EXP 	gift2: image = 'stimsday1details/new15.png'
151.6214 	EXP 	themeQ1: image = 'stimsday1details/ct11.png'
151.6214 	EXP 	themeQ2: image = 'stimsday1details/t11.png'
151.6214 	EXP 	nameQ1: image = 'stimsday1details/cn11.png'
151.6214 	EXP 	nameQ2: image = 'stimsday1details/n11.png'
151.6214 	EXP 	nameQ1: autoDraw = True
151.6214 	EXP 	nameQ2: autoDraw = True
151.6238 	DATA 	Keypress: equal
153.1062 	DATA 	Keypress: equal
153.3385 	DATA 	Keypress: 1
153.6035 	EXP 	nameQ1: autoDraw = False
153.6035 	EXP 	nameQ2: autoDraw = False
153.6035 	EXP 	nameQ1: autoDraw = False
153.6035 	EXP 	nameQ2: autoDraw = False
153.6035 	EXP 	eggPainting1: autoDraw = True
153.6035 	EXP 	eggPainting2: autoDraw = True
154.6107 	DATA 	Keypress: equal
155.6095 	EXP 	eggPainting1: autoDraw = False
155.6095 	EXP 	eggPainting2: autoDraw = False
155.6095 	EXP 	eggPainting1: autoDraw = False
155.6095 	EXP 	eggPainting2: autoDraw = False
155.6095 	EXP 	character1: autoDraw = True
155.6095 	EXP 	character2: autoDraw = True
156.1114 	DATA 	Keypress: equal
157.1232 	DATA 	Keypress: 1
157.6042 	EXP 	character1: autoDraw = False
157.6042 	EXP 	character2: autoDraw = False
157.6042 	EXP 	character1: autoDraw = False
157.6042 	EXP 	character2: autoDraw = False
157.6042 	EXP 	themeQ1: autoDraw = True
157.6042 	EXP 	themeQ2: autoDraw = True
157.6059 	DATA 	Keypress: equal
159.1056 	DATA 	Keypress: equal
159.1722 	DATA 	Keypress: 2
159.6049 	EXP 	themeQ1: autoDraw = False
159.6049 	EXP 	themeQ2: autoDraw = False
159.6049 	EXP 	themeQ1: autoDraw = False
159.6049 	EXP 	themeQ2: autoDraw = False
159.6049 	EXP 	gift1: autoDraw = True
159.6049 	EXP 	gift2: autoDraw = True
160.6066 	DATA 	Keypress: equal
161.4437 	DATA 	Keypress: 1
161.6043 	EXP 	gift1: autoDraw = False
161.6043 	EXP 	gift2: autoDraw = False
161.6043 	EXP 	gift1: autoDraw = False
161.6043 	EXP 	gift2: autoDraw = False
161.6043 	EXP 	northorsouth1: autoDraw = True
161.6043 	EXP 	northorsouth2: autoDraw = True
162.1068 	DATA 	Keypress: equal
162.7735 	DATA 	Keypress: 1
163.7652 	EXP 	New trial (rep=0, index=1): OrderedDict([('condsFile', 'videoBlock_schemaN_pathB_2.csv')])
163.7777 	EXP 	Imported videoBlock_schemaN_pathB_2.csv as conditions, 1 conditions, 17 params
163.7782 	EXP 	Created sequence: random, trialTypes=1, nReps=1, seed=None
163.7790 	EXP 	New trial (rep=0, index=0): OrderedDict([('northOrSouth', 'north.png'), ('stimFile1a', 'stims/wedding-8.1a.mp4'), ('stimFile1b', 'stims/wedding-8.1b.mp4'), ('stimFile2', 'stims/wedding-8.2b.mp4'), ('stimFile3', 'stims/wedding-8.3b.mp4'), ('stimFile4', 'stims/wedding-8.4b.mp4'), ('stimFile5', 'stims/wedding-8.5.mp4'), ('QeggPainting1', 'stimsday1details/newpainting2.png'), ('Qcharacter1', 'stimsday1details/newperson14.png'), ('Qgift1', 'stimsday1details/new14.png'), ('QeggPainting2', 'stimsday1details/painting8.png'), ('Qcharacter2', 'stimsday1details/couple8.png'), ('Qgift2', 'stimsday1details/gift8.png'), ('Qname1', 'stimsday1details/n8.png'), ('Qtheme1', 'stimsday1details/t8.png'), ('Qname2', 'stimsday1details/cn8.png'), ('Qtheme2', 'stimsday1details/ct8.png')])
163.7816 	DATA 	Keypress: equal
163.7874 	EXP 	northorsouth1: autoDraw = False
163.7874 	EXP 	northorsouth2: autoDraw = False
163.7874 	EXP 	northorsouth1: autoDraw = False
163.7874 	EXP 	northorsouth2: autoDraw = False
163.7874 	EXP 	image_3: autoDraw = True
165.1065 	DATA 	Keypress: equal
165.7717 	EXP 	Created sequence: random, trialTypes=1, nReps=1, seed=None
165.7721 	EXP 	New trial (rep=0, index=0): None
166.1774 	EXP 	Created vid1a = MovieStim3(__class__=<class 'psychopy.visual.movie3.MovieStim3'>, autoLog=True, color=UNKNOWN, colorSpace=UNKNOWN, depth=-1.0, filename='stims/wedding-8.1a.mp4', flipHoriz=False, flipVert=False, fps=UNKNOWN, interpolate=True, loop=False, name='vid1a', noAudio=False, opacity=1.0, ori=0, pos=array([0., 0.]), size=array([1280.,  720.]), units='pix', vframe_callback=UNKNOWN, volume=UNKNOWN, win=Window(...))
166.5534 	EXP 	Created vid1b = MovieStim3(__class__=<class 'psychopy.visual.movie3.MovieStim3'>, autoLog=True, color=UNKNOWN, colorSpace=UNKNOWN, depth=-2.0, filename='stims/wedding-8.1b.mp4', flipHoriz=False, flipVert=False, fps=UNKNOWN, interpolate=True, loop=False, name='vid1b', noAudio=False, opacity=1.0, ori=0, pos=array([0., 0.]), size=array([1280.,  720.]), units='pix', vframe_callback=UNKNOWN, volume=UNKNOWN, win=Window(...))
167.0008 	EXP 	Created vid2 = MovieStim3(__class__=<class 'psychopy.visual.movie3.MovieStim3'>, autoLog=True, color=UNKNOWN, colorSpace=UNKNOWN, depth=-3.0, filename='stims/wedding-8.2b.mp4', flipHoriz=False, flipVert=False, fps=UNKNOWN, interpolate=True, loop=False, name='vid2', noAudio=False, opacity=1.0, ori=0, pos=array([0., 0.]), size=array([1280.,  720.]), units='pix', vframe_callback=UNKNOWN, volume=UNKNOWN, win=Window(...))
167.5243 	EXP 	Created vid3 = MovieStim3(__class__=<class 'psychopy.visual.movie3.MovieStim3'>, autoLog=True, color=UNKNOWN, colorSpace=UNKNOWN, depth=-4.0, filename='stims/wedding-8.3b.mp4', flipHoriz=False, flipVert=False, fps=UNKNOWN, interpolate=True, loop=False, name='vid3', noAudio=False, opacity=1.0, ori=0, pos=array([0., 0.]), size=array([1280.,  720.]), units='pix', vframe_callback=UNKNOWN, volume=UNKNOWN, win=Window(...))
167.9776 	EXP 	Created vid4 = MovieStim3(__class__=<class 'psychopy.visual.movie3.MovieStim3'>, autoLog=True, color=UNKNOWN, colorSpace=UNKNOWN, depth=-5.0, filename='stims/wedding-8.4b.mp4', flipHoriz=False, flipVert=False, fps=UNKNOWN, interpolate=True, loop=False, name='vid4', noAudio=False, opacity=1.0, ori=0, pos=array([0., 0.]), size=array([1280.,  720.]), units='pix', vframe_callback=UNKNOWN, volume=UNKNOWN, win=Window(...))
168.3551 	EXP 	Created vid5 = MovieStim3(__class__=<class 'psychopy.visual.movie3.MovieStim3'>, autoLog=True, color=UNKNOWN, colorSpace=UNKNOWN, depth=-6.0, filename='stims/wedding-8.5.mp4', flipHoriz=False, flipVert=False, fps=UNKNOWN, interpolate=True, loop=False, name='vid5', noAudio=False, opacity=1.0, ori=0, pos=array([0., 0.]), size=array([1280.,  720.]), units='pix', vframe_callback=UNKNOWN, volume=UNKNOWN, win=Window(...))
168.4638 	EXP 	window1: recordFrameIntervals = False
168.4675 	DATA 	Keypress: equal
168.4700 	DATA 	Keypress: equal
168.4880 	EXP 	image_3: autoDraw = False
168.4880 	EXP 	image_3: autoDraw = False
168.4880 	EXP 	vid1a: movie = 'stims/wedding-8.1a.mp4'
168.4880 	EXP 	vid1a: autoLog = True
168.4880 	EXP 	vid1b: movie = 'stims/wedding-8.1b.mp4'
168.4880 	EXP 	vid1b: autoLog = True
168.4880 	EXP 	vid2: movie = 'stims/wedding-8.2b.mp4'
168.4880 	EXP 	vid2: autoLog = True
168.4880 	EXP 	vid3: movie = 'stims/wedding-8.3b.mp4'
168.4880 	EXP 	vid3: autoLog = True
168.4880 	EXP 	vid4: movie = 'stims/wedding-8.4b.mp4'
168.4880 	EXP 	vid4: autoLog = True
168.4880 	EXP 	vid5: movie = 'stims/wedding-8.5.mp4'
168.4880 	EXP 	vid5: autoLog = True
171.0150 	EXP 	window1: recordFrameIntervals = False
173.2514 	DATA 	Keypress: equal
173.2537 	DATA 	Keypress: equal
173.2560 	DATA 	Keypress: equal
173.4538 	EXP 	vid1a: movie = 'stims/wedding-8.1a.mp4'
173.4538 	EXP 	vid1b: movie = 'stims/wedding-8.1b.mp4'
173.4538 	EXP 	vid2: movie = 'stims/wedding-8.2b.mp4'
173.4538 	EXP 	vid3: movie = 'stims/wedding-8.3b.mp4'
173.4538 	EXP 	vid4: movie = 'stims/wedding-8.4b.mp4'
173.4538 	EXP 	vid5: movie = 'stims/wedding-8.5.mp4'
173.4708 	EXP 	vid1a: autoDraw = True
174.1052 	DATA 	Keypress: equal
175.6069 	DATA 	Keypress: equal
177.1058 	DATA 	Keypress: equal
178.6098 	DATA 	Keypress: equal
180.1059 	DATA 	Keypress: equal
181.6061 	DATA 	Keypress: equal
183.1060 	DATA 	Keypress: equal
184.6025 	DATA 	Keypress: equal
186.0967 	DATA 	Keypress: equal
187.6018 	DATA 	Keypress: equal
187.7918 	EXP 	vid1a: autoDraw = False
187.8044 	EXP 	vid1b: autoDraw = True
189.1052 	DATA 	Keypress: equal
190.6099 	DATA 	Keypress: equal
192.1062 	DATA 	Keypress: equal
193.6015 	DATA 	Keypress: equal
195.0968 	DATA 	Keypress: equal
196.5972 	DATA 	Keypress: equal
196.7912 	EXP 	vid1b: autoDraw = False
196.8038 	EXP 	vid2: autoDraw = True
198.1053 	DATA 	Keypress: equal
199.6049 	DATA 	Keypress: equal
201.1022 	DATA 	Keypress: equal
202.6009 	DATA 	Keypress: equal
204.1066 	DATA 	Keypress: equal
205.6051 	DATA 	Keypress: equal
207.1055 	DATA 	Keypress: equal
208.6064 	DATA 	Keypress: equal
210.1063 	DATA 	Keypress: equal
211.5959 	DATA 	Keypress: equal
213.1050 	DATA 	Keypress: equal
213.3862 	EXP 	Set vid2 finished
213.8031 	EXP 	vid3: autoDraw = True
214.6050 	DATA 	Keypress: equal
216.1049 	DATA 	Keypress: equal
217.6064 	DATA 	Keypress: equal
219.1097 	DATA 	Keypress: equal
220.6047 	DATA 	Keypress: equal
222.1105 	DATA 	Keypress: equal
223.6082 	DATA 	Keypress: equal
225.1080 	DATA 	Keypress: equal
226.5999 	DATA 	Keypress: equal
228.0959 	DATA 	Keypress: equal
229.5967 	DATA 	Keypress: equal
231.0959 	DATA 	Keypress: equal
232.6017 	DATA 	Keypress: equal
234.1005 	DATA 	Keypress: equal
235.6049 	DATA 	Keypress: equal
236.7537 	EXP 	Set vid3 finished
236.7869 	EXP 	vid4: autoDraw = True
237.0965 	DATA 	Keypress: equal
238.5957 	DATA 	Keypress: equal
240.0960 	DATA 	Keypress: equal
241.6056 	DATA 	Keypress: equal
243.0953 	DATA 	Keypress: equal
244.6063 	DATA 	Keypress: equal
246.1123 	DATA 	Keypress: equal
247.6079 	DATA 	Keypress: equal
249.1052 	DATA 	Keypress: equal
250.6047 	DATA 	Keypress: equal
252.1044 	DATA 	Keypress: equal
253.6041 	DATA 	Keypress: equal
255.1101 	DATA 	Keypress: equal
256.6091 	DATA 	Keypress: equal
258.1054 	DATA 	Keypress: equal
259.5959 	DATA 	Keypress: equal
259.9190 	EXP 	Set vid4 finished
260.8026 	EXP 	vid5: autoDraw = True
261.1120 	DATA 	Keypress: equal
262.6052 	DATA 	Keypress: equal
264.1043 	DATA 	Keypress: equal
265.5961 	DATA 	Keypress: equal
267.0954 	DATA 	Keypress: equal
268.6002 	DATA 	Keypress: equal
270.0952 	DATA 	Keypress: equal
271.5975 	DATA 	Keypress: equal
273.0529 	EXP 	Set vid5 finished
273.1759 	EXP 	Created sequence: random, trialTypes=1, nReps=1, seed=None
273.1762 	EXP 	New trial (rep=0, index=0): None
273.5724 	EXP 	Created vid1a_q = MovieStim3(__class__=<class 'psychopy.visual.movie3.MovieStim3'>, autoLog=True, color=UNKNOWN, colorSpace=UNKNOWN, depth=-1.0, filename='stims/wedding-8.1a.mp4', flipHoriz=False, flipVert=False, fps=UNKNOWN, interpolate=True, loop=False, name='vid1a_q', noAudio=False, opacity=1.0, ori=0, pos=array([0., 0.]), size=array([1280.,  720.]), units='pix', vframe_callback=UNKNOWN, volume=UNKNOWN, win=Window(...))
273.9388 	EXP 	Created vid1b_q = MovieStim3(__class__=<class 'psychopy.visual.movie3.MovieStim3'>, autoLog=True, color=UNKNOWN, colorSpace=UNKNOWN, depth=-2.0, filename='stims/wedding-8.1b.mp4', flipHoriz=False, flipVert=False, fps=UNKNOWN, interpolate=True, loop=False, name='vid1b_q', noAudio=False, opacity=1.0, ori=0, pos=array([0., 0.]), size=array([1280.,  720.]), units='pix', vframe_callback=UNKNOWN, volume=UNKNOWN, win=Window(...))
274.3747 	EXP 	Created vid2_q = MovieStim3(__class__=<class 'psychopy.visual.movie3.MovieStim3'>, autoLog=True, color=UNKNOWN, colorSpace=UNKNOWN, depth=-3.0, filename='stims/wedding-8.2b.mp4', flipHoriz=False, flipVert=False, fps=UNKNOWN, interpolate=True, loop=False, name='vid2_q', noAudio=False, opacity=1.0, ori=0, pos=array([0., 0.]), size=array([1280.,  720.]), units='pix', vframe_callback=UNKNOWN, volume=UNKNOWN, win=Window(...))
274.8820 	EXP 	Created vid3_q = MovieStim3(__class__=<class 'psychopy.visual.movie3.MovieStim3'>, autoLog=True, color=UNKNOWN, colorSpace=UNKNOWN, depth=-5.0, filename='stims/wedding-8.3b.mp4', flipHoriz=False, flipVert=False, fps=UNKNOWN, interpolate=True, loop=False, name='vid3_q', noAudio=False, opacity=1.0, ori=0, pos=array([0., 0.]), size=array([1280.,  720.]), units='pix', vframe_callback=UNKNOWN, volume=UNKNOWN, win=Window(...))
275.3315 	EXP 	Created vid4_q = MovieStim3(__class__=<class 'psychopy.visual.movie3.MovieStim3'>, autoLog=True, color=UNKNOWN, colorSpace=UNKNOWN, depth=-7.0, filename='stims/wedding-8.4b.mp4', flipHoriz=False, flipVert=False, fps=UNKNOWN, interpolate=True, loop=False, name='vid4_q', noAudio=False, opacity=1.0, ori=0, pos=array([0., 0.]), size=array([1280.,  720.]), units='pix', vframe_callback=UNKNOWN, volume=UNKNOWN, win=Window(...))
275.7021 	EXP 	Created vid5_q = MovieStim3(__class__=<class 'psychopy.visual.movie3.MovieStim3'>, autoLog=True, color=UNKNOWN, colorSpace=UNKNOWN, depth=-8.0, filename='stims/wedding-8.5.mp4', flipHoriz=False, flipVert=False, fps=UNKNOWN, interpolate=True, loop=False, name='vid5_q', noAudio=False, opacity=1.0, ori=0, pos=array([0., 0.]), size=array([1280.,  720.]), units='pix', vframe_callback=UNKNOWN, volume=UNKNOWN, win=Window(...))
275.8795 	EXP 	window1: recordFrameIntervals = False
275.8827 	DATA 	Keypress: equal
275.8850 	DATA 	Keypress: equal
275.9026 	EXP 	vid1a: autoDraw = False
275.9026 	EXP 	vid1b: autoDraw = False
275.9026 	EXP 	vid2: autoDraw = False
275.9026 	EXP 	vid3: autoDraw = False
275.9026 	EXP 	vid4: autoDraw = False
275.9026 	EXP 	vid5: autoDraw = False
275.9026 	EXP 	vid1a_q: movie = 'stims/wedding-8.1a.mp4'
275.9026 	EXP 	vid1a_q: autoLog = True
275.9026 	EXP 	vid1b_q: movie = 'stims/wedding-8.1b.mp4'
275.9026 	EXP 	vid1b_q: autoLog = True
275.9026 	EXP 	vid2_q: movie = 'stims/wedding-8.2b.mp4'
275.9026 	EXP 	vid2_q: autoLog = True
275.9026 	EXP 	vid3_q: movie = 'stims/wedding-8.3b.mp4'
275.9026 	EXP 	vid3_q: autoLog = True
275.9026 	EXP 	vid4_q: movie = 'stims/wedding-8.4b.mp4'
275.9026 	EXP 	vid4_q: autoLog = True
275.9026 	EXP 	vid5_q: movie = 'stims/wedding-8.5.mp4'
275.9026 	EXP 	vid5_q: autoLog = True
275.9026 	EXP 	vid1a_q: autoDraw = False
275.9026 	EXP 	vid1b_q: autoDraw = False
275.9026 	EXP 	vid2_q: autoDraw = False
275.9026 	EXP 	l2q: autoDraw = False
275.9026 	EXP 	vid3_q: autoDraw = False
275.9026 	EXP 	l3q: autoDraw = False
275.9026 	EXP 	vid4_q: autoDraw = False
275.9026 	EXP 	vid5_q: autoDraw = False
276.1463 	EXP 	window1: recordFrameIntervals = False
277.6662 	DATA 	Keypress: equal
277.6687 	DATA 	Keypress: equal
277.8859 	EXP 	eggPainting1: image = 'stimsday1details/newpainting2.png'
277.8859 	EXP 	eggPainting2: image = 'stimsday1details/painting8.png'
277.8859 	EXP 	character1: image = 'stimsday1details/newperson14.png'
277.8859 	EXP 	character2: image = 'stimsday1details/couple8.png'
277.8859 	EXP 	gift1: image = 'stimsday1details/new14.png'
277.8859 	EXP 	gift2: image = 'stimsday1details/gift8.png'
277.8859 	EXP 	themeQ1: image = 'stimsday1details/t8.png'
277.8859 	EXP 	themeQ2: image = 'stimsday1details/ct8.png'
277.8859 	EXP 	nameQ1: image = 'stimsday1details/n8.png'
277.8859 	EXP 	nameQ2: image = 'stimsday1details/cn8.png'
277.8859 	EXP 	nameQ1: autoDraw = True
277.8859 	EXP 	nameQ2: autoDraw = True
278.9710 	DATA 	Keypress: 1
279.1036 	DATA 	Keypress: equal
279.8862 	EXP 	nameQ1: autoDraw = False
279.8862 	EXP 	nameQ2: autoDraw = False
279.8862 	EXP 	nameQ1: autoDraw = False
279.8862 	EXP 	nameQ2: autoDraw = False
279.8862 	EXP 	eggPainting1: autoDraw = True
279.8862 	EXP 	eggPainting2: autoDraw = True
280.6043 	DATA 	Keypress: equal
280.7202 	DATA 	Keypress: 2
281.8864 	EXP 	eggPainting1: autoDraw = False
281.8864 	EXP 	eggPainting2: autoDraw = False
281.8864 	EXP 	eggPainting1: autoDraw = False
281.8864 	EXP 	eggPainting2: autoDraw = False
281.8864 	EXP 	character1: autoDraw = True
281.8864 	EXP 	character2: autoDraw = True
282.1097 	DATA 	Keypress: equal
282.8758 	DATA 	Keypress: 2
283.6044 	DATA 	Keypress: equal
283.8865 	EXP 	character1: autoDraw = False
283.8865 	EXP 	character2: autoDraw = False
283.8865 	EXP 	character1: autoDraw = False
283.8865 	EXP 	character2: autoDraw = False
283.8865 	EXP 	themeQ1: autoDraw = True
283.8865 	EXP 	themeQ2: autoDraw = True
284.9253 	DATA 	Keypress: 1
285.1037 	DATA 	Keypress: equal
285.8863 	EXP 	themeQ1: autoDraw = False
285.8863 	EXP 	themeQ2: autoDraw = False
285.8863 	EXP 	themeQ1: autoDraw = False
285.8863 	EXP 	themeQ2: autoDraw = False
285.8863 	EXP 	gift1: autoDraw = True
285.8863 	EXP 	gift2: autoDraw = True
286.6044 	DATA 	Keypress: equal
286.6252 	DATA 	Keypress: 2
287.8907 	EXP 	gift1: autoDraw = False
287.8907 	EXP 	gift2: autoDraw = False
287.8907 	EXP 	gift1: autoDraw = False
287.8907 	EXP 	gift2: autoDraw = False
287.8907 	EXP 	northorsouth1: autoDraw = True
287.8907 	EXP 	northorsouth2: autoDraw = True
288.0923 	DATA 	Keypress: equal
288.8202 	DATA 	Keypress: 2
289.2411 	DATA 	Keypress: 1
289.5921 	DATA 	Keypress: equal
290.0791 	EXP 	New trial (rep=0, index=2): OrderedDict([('condsFile', 'videoBlock_schemaN_pathB_1.csv')])
290.0917 	EXP 	Imported videoBlock_schemaN_pathB_1.csv as conditions, 1 conditions, 17 params
290.0921 	EXP 	Created sequence: random, trialTypes=1, nReps=1, seed=None
290.0928 	EXP 	New trial (rep=0, index=0): OrderedDict([('northOrSouth', 'north.png'), ('stimFile1a', 'stims/wedding-4.1a.mp4'), ('stimFile1b', 'stims/wedding-4.1b.mp4'), ('stimFile2', 'stims/wedding-4.2b.mp4'), ('stimFile3', 'stims/wedding-4.3b.mp4'), ('stimFile4', 'stims/wedding-4.4b.mp4'), ('stimFile5', 'stims/wedding-4.5.mp4'), ('QeggPainting1', 'stimsday1details/newpainting1.png'), ('Qcharacter1', 'stimsday1details/newperson13.png'), ('Qgift1', 'stimsday1details/gift4.png'), ('QeggPainting2', 'stimsday1details/painting4.png'), ('Qcharacter2', 'stimsday1details/couple4.png'), ('Qgift2', 'stimsday1details/new13.png'), ('Qname1', 'stimsday1details/n4.png'), ('Qtheme1', 'stimsday1details/ct4.png'), ('Qname2', 'stimsday1details/cn4.png'), ('Qtheme2', 'stimsday1details/t4.png')])
290.0962 	DATA 	Keypress: 1
290.1035 	EXP 	northorsouth1: autoDraw = False
290.1035 	EXP 	northorsouth2: autoDraw = False
290.1035 	EXP 	northorsouth1: autoDraw = False
290.1035 	EXP 	northorsouth2: autoDraw = False
290.1035 	EXP 	image_3: autoDraw = True
290.2711 	DATA 	Keypress: 1
291.0922 	DATA 	Keypress: equal
292.0924 	EXP 	Created sequence: random, trialTypes=1, nReps=1, seed=None
292.0927 	EXP 	New trial (rep=0, index=0): None
292.4982 	EXP 	Created vid1a = MovieStim3(__class__=<class 'psychopy.visual.movie3.MovieStim3'>, autoLog=True, color=UNKNOWN, colorSpace=UNKNOWN, depth=-1.0, filename='stims/wedding-4.1a.mp4', flipHoriz=False, flipVert=False, fps=UNKNOWN, interpolate=True, loop=False, name='vid1a', noAudio=False, opacity=1.0, ori=0, pos=array([0., 0.]), size=array([1280.,  720.]), units='pix', vframe_callback=UNKNOWN, volume=UNKNOWN, win=Window(...))
292.8779 	EXP 	Created vid1b = MovieStim3(__class__=<class 'psychopy.visual.movie3.MovieStim3'>, autoLog=True, color=UNKNOWN, colorSpace=UNKNOWN, depth=-2.0, filename='stims/wedding-4.1b.mp4', flipHoriz=False, flipVert=False, fps=UNKNOWN, interpolate=True, loop=False, name='vid1b', noAudio=False, opacity=1.0, ori=0, pos=array([0., 0.]), size=array([1280.,  720.]), units='pix', vframe_callback=UNKNOWN, volume=UNKNOWN, win=Window(...))
293.2772 	EXP 	Created vid2 = MovieStim3(__class__=<class 'psychopy.visual.movie3.MovieStim3'>, autoLog=True, color=UNKNOWN, colorSpace=UNKNOWN, depth=-3.0, filename='stims/wedding-4.2b.mp4', flipHoriz=False, flipVert=False, fps=UNKNOWN, interpolate=True, loop=False, name='vid2', noAudio=False, opacity=1.0, ori=0, pos=array([0., 0.]), size=array([1280.,  720.]), units='pix', vframe_callback=UNKNOWN, volume=UNKNOWN, win=Window(...))
293.7520 	EXP 	Created vid3 = MovieStim3(__class__=<class 'psychopy.visual.movie3.MovieStim3'>, autoLog=True, color=UNKNOWN, colorSpace=UNKNOWN, depth=-4.0, filename='stims/wedding-4.3b.mp4', flipHoriz=False, flipVert=False, fps=UNKNOWN, interpolate=True, loop=False, name='vid3', noAudio=False, opacity=1.0, ori=0, pos=array([0., 0.]), size=array([1280.,  720.]), units='pix', vframe_callback=UNKNOWN, volume=UNKNOWN, win=Window(...))
294.2796 	EXP 	Created vid4 = MovieStim3(__class__=<class 'psychopy.visual.movie3.MovieStim3'>, autoLog=True, color=UNKNOWN, colorSpace=UNKNOWN, depth=-5.0, filename='stims/wedding-4.4b.mp4', flipHoriz=False, flipVert=False, fps=UNKNOWN, interpolate=True, loop=False, name='vid4', noAudio=False, opacity=1.0, ori=0, pos=array([0., 0.]), size=array([1280.,  720.]), units='pix', vframe_callback=UNKNOWN, volume=UNKNOWN, win=Window(...))
294.6698 	EXP 	Created vid5 = MovieStim3(__class__=<class 'psychopy.visual.movie3.MovieStim3'>, autoLog=True, color=UNKNOWN, colorSpace=UNKNOWN, depth=-6.0, filename='stims/wedding-4.5.mp4', flipHoriz=False, flipVert=False, fps=UNKNOWN, interpolate=True, loop=False, name='vid5', noAudio=False, opacity=1.0, ori=0, pos=array([0., 0.]), size=array([1280.,  720.]), units='pix', vframe_callback=UNKNOWN, volume=UNKNOWN, win=Window(...))
294.7339 	EXP 	window1: recordFrameIntervals = False
294.7374 	DATA 	Keypress: equal
294.7403 	DATA 	Keypress: equal
294.7521 	EXP 	image_3: autoDraw = False
294.7521 	EXP 	image_3: autoDraw = False
294.7521 	EXP 	vid1a: movie = 'stims/wedding-4.1a.mp4'
294.7521 	EXP 	vid1a: autoLog = True
294.7521 	EXP 	vid1b: movie = 'stims/wedding-4.1b.mp4'
294.7521 	EXP 	vid1b: autoLog = True
294.7521 	EXP 	vid2: movie = 'stims/wedding-4.2b.mp4'
294.7521 	EXP 	vid2: autoLog = True
294.7521 	EXP 	vid3: movie = 'stims/wedding-4.3b.mp4'
294.7521 	EXP 	vid3: autoLog = True
294.7521 	EXP 	vid4: movie = 'stims/wedding-4.4b.mp4'
294.7521 	EXP 	vid4: autoLog = True
294.7521 	EXP 	vid5: movie = 'stims/wedding-4.5.mp4'
294.7521 	EXP 	vid5: autoLog = True
297.2829 	EXP 	window1: recordFrameIntervals = False
299.5206 	DATA 	Keypress: equal
299.5228 	DATA 	Keypress: equal
299.5248 	DATA 	Keypress: equal
299.7365 	EXP 	vid1a: movie = 'stims/wedding-4.1a.mp4'
299.7365 	EXP 	vid1b: movie = 'stims/wedding-4.1b.mp4'
299.7365 	EXP 	vid2: movie = 'stims/wedding-4.2b.mp4'
299.7365 	EXP 	vid3: movie = 'stims/wedding-4.3b.mp4'
299.7365 	EXP 	vid4: movie = 'stims/wedding-4.4b.mp4'
299.7365 	EXP 	vid5: movie = 'stims/wedding-4.5.mp4'
299.7527 	EXP 	vid1a: autoDraw = True
300.0929 	DATA 	Keypress: equal
301.5942 	DATA 	Keypress: equal
303.0963 	DATA 	Keypress: equal
304.5993 	DATA 	Keypress: equal
306.0951 	DATA 	Keypress: equal
307.6100 	DATA 	Keypress: equal
309.1048 	DATA 	Keypress: equal
310.6038 	DATA 	Keypress: equal
312.1093 	DATA 	Keypress: equal
313.6049 	DATA 	Keypress: equal
314.1030 	EXP 	vid1a: autoDraw = False
314.1201 	EXP 	vid1b: autoDraw = True
315.0930 	DATA 	Keypress: equal
316.5936 	DATA 	Keypress: equal
318.0993 	DATA 	Keypress: equal
319.5972 	DATA 	Keypress: equal
321.0917 	DATA 	Keypress: equal
322.5967 	DATA 	Keypress: equal
322.9887 	EXP 	Set vid1b finished
323.1187 	EXP 	vid2: autoDraw = True
324.0960 	DATA 	Keypress: equal
325.6177 	DATA 	Keypress: equal
327.0964 	DATA 	Keypress: equal
328.5993 	DATA 	Keypress: equal
330.1058 	DATA 	Keypress: equal
331.6102 	DATA 	Keypress: equal
333.1035 	DATA 	Keypress: equal
334.6039 	DATA 	Keypress: equal
336.1046 	DATA 	Keypress: equal
337.6045 	DATA 	Keypress: equal
339.1036 	DATA 	Keypress: equal
339.6346 	EXP 	Set vid2 finished
340.1192 	EXP 	vid3: autoDraw = True
340.5959 	DATA 	Keypress: equal
342.0938 	DATA 	Keypress: equal
343.5918 	DATA 	Keypress: equal
345.0926 	DATA 	Keypress: equal
346.6034 	DATA 	Keypress: equal
348.1033 	DATA 	Keypress: equal
349.6052 	DATA 	Keypress: equal
351.1338 	DATA 	Keypress: equal
352.6035 	DATA 	Keypress: equal
354.1081 	DATA 	Keypress: equal
355.6039 	DATA 	Keypress: equal
357.1044 	DATA 	Keypress: equal
358.6061 	DATA 	Keypress: equal
360.0904 	DATA 	Keypress: equal
361.5899 	DATA 	Keypress: equal
363.0895 	DATA 	Keypress: equal
363.1032 	EXP 	vid3: autoDraw = False
363.1202 	EXP 	vid4: autoDraw = True
364.5921 	DATA 	Keypress: equal
366.0956 	DATA 	Keypress: equal
367.5944 	DATA 	Keypress: equal
369.0941 	DATA 	Keypress: equal
370.6039 	DATA 	Keypress: equal
372.1035 	DATA 	Keypress: equal
373.6082 	DATA 	Keypress: equal
375.1027 	DATA 	Keypress: equal
376.6030 	DATA 	Keypress: equal
378.1027 	DATA 	Keypress: equal
379.6034 	DATA 	Keypress: equal
381.1077 	DATA 	Keypress: equal
382.6035 	DATA 	Keypress: equal
384.1085 	DATA 	Keypress: equal
385.6019 	DATA 	Keypress: equal
387.0350 	EXP 	Set vid4 finished
387.1073 	DATA 	Keypress: equal
387.1176 	EXP 	vid5: autoDraw = True
388.5945 	DATA 	Keypress: equal
390.0924 	DATA 	Keypress: equal
391.5941 	DATA 	Keypress: equal
393.1029 	DATA 	Keypress: equal
394.6027 	DATA 	Keypress: equal
396.1037 	DATA 	Keypress: equal
397.5883 	DATA 	Keypress: equal
399.1081 	DATA 	Keypress: equal
399.6671 	EXP 	Set vid5 finished
399.8106 	EXP 	Created sequence: random, trialTypes=1, nReps=1, seed=None
399.8109 	EXP 	New trial (rep=0, index=0): None
400.2106 	EXP 	Created vid1a_q = MovieStim3(__class__=<class 'psychopy.visual.movie3.MovieStim3'>, autoLog=True, color=UNKNOWN, colorSpace=UNKNOWN, depth=-1.0, filename='stims/wedding-4.1a.mp4', flipHoriz=False, flipVert=False, fps=UNKNOWN, interpolate=True, loop=False, name='vid1a_q', noAudio=False, opacity=1.0, ori=0, pos=array([0., 0.]), size=array([1280.,  720.]), units='pix', vframe_callback=UNKNOWN, volume=UNKNOWN, win=Window(...))
400.5821 	EXP 	Created vid1b_q = MovieStim3(__class__=<class 'psychopy.visual.movie3.MovieStim3'>, autoLog=True, color=UNKNOWN, colorSpace=UNKNOWN, depth=-2.0, filename='stims/wedding-4.1b.mp4', flipHoriz=False, flipVert=False, fps=UNKNOWN, interpolate=True, loop=False, name='vid1b_q', noAudio=False, opacity=1.0, ori=0, pos=array([0., 0.]), size=array([1280.,  720.]), units='pix', vframe_callback=UNKNOWN, volume=UNKNOWN, win=Window(...))
400.9796 	EXP 	Created vid2_q = MovieStim3(__class__=<class 'psychopy.visual.movie3.MovieStim3'>, autoLog=True, color=UNKNOWN, colorSpace=UNKNOWN, depth=-3.0, filename='stims/wedding-4.2b.mp4', flipHoriz=False, flipVert=False, fps=UNKNOWN, interpolate=True, loop=False, name='vid2_q', noAudio=False, opacity=1.0, ori=0, pos=array([0., 0.]), size=array([1280.,  720.]), units='pix', vframe_callback=UNKNOWN, volume=UNKNOWN, win=Window(...))
401.4472 	EXP 	Created vid3_q = MovieStim3(__class__=<class 'psychopy.visual.movie3.MovieStim3'>, autoLog=True, color=UNKNOWN, colorSpace=UNKNOWN, depth=-5.0, filename='stims/wedding-4.3b.mp4', flipHoriz=False, flipVert=False, fps=UNKNOWN, interpolate=True, loop=False, name='vid3_q', noAudio=False, opacity=1.0, ori=0, pos=array([0., 0.]), size=array([1280.,  720.]), units='pix', vframe_callback=UNKNOWN, volume=UNKNOWN, win=Window(...))
401.9537 	EXP 	Created vid4_q = MovieStim3(__class__=<class 'psychopy.visual.movie3.MovieStim3'>, autoLog=True, color=UNKNOWN, colorSpace=UNKNOWN, depth=-7.0, filename='stims/wedding-4.4b.mp4', flipHoriz=False, flipVert=False, fps=UNKNOWN, interpolate=True, loop=False, name='vid4_q', noAudio=False, opacity=1.0, ori=0, pos=array([0., 0.]), size=array([1280.,  720.]), units='pix', vframe_callback=UNKNOWN, volume=UNKNOWN, win=Window(...))
402.3340 	EXP 	Created vid5_q = MovieStim3(__class__=<class 'psychopy.visual.movie3.MovieStim3'>, autoLog=True, color=UNKNOWN, colorSpace=UNKNOWN, depth=-8.0, filename='stims/wedding-4.5.mp4', flipHoriz=False, flipVert=False, fps=UNKNOWN, interpolate=True, loop=False, name='vid5_q', noAudio=False, opacity=1.0, ori=0, pos=array([0., 0.]), size=array([1280.,  720.]), units='pix', vframe_callback=UNKNOWN, volume=UNKNOWN, win=Window(...))
402.5715 	EXP 	window1: recordFrameIntervals = False
402.5745 	DATA 	Keypress: equal
402.5767 	DATA 	Keypress: equal
402.5846 	EXP 	vid1a: autoDraw = False
402.5846 	EXP 	vid1b: autoDraw = False
402.5846 	EXP 	vid2: autoDraw = False
402.5846 	EXP 	vid3: autoDraw = False
402.5846 	EXP 	vid4: autoDraw = False
402.5846 	EXP 	vid5: autoDraw = False
402.5846 	EXP 	vid1a_q: movie = 'stims/wedding-4.1a.mp4'
402.5846 	EXP 	vid1a_q: autoLog = True
402.5846 	EXP 	vid1b_q: movie = 'stims/wedding-4.1b.mp4'
402.5846 	EXP 	vid1b_q: autoLog = True
402.5846 	EXP 	vid2_q: movie = 'stims/wedding-4.2b.mp4'
402.5846 	EXP 	vid2_q: autoLog = True
402.5846 	EXP 	vid3_q: movie = 'stims/wedding-4.3b.mp4'
402.5846 	EXP 	vid3_q: autoLog = True
402.5846 	EXP 	vid4_q: movie = 'stims/wedding-4.4b.mp4'
402.5846 	EXP 	vid4_q: autoLog = True
402.5846 	EXP 	vid5_q: movie = 'stims/wedding-4.5.mp4'
402.5846 	EXP 	vid5_q: autoLog = True
402.5846 	EXP 	vid1a_q: autoDraw = False
402.5846 	EXP 	vid1b_q: autoDraw = False
402.5846 	EXP 	vid2_q: autoDraw = False
402.5846 	EXP 	l2q: autoDraw = False
402.5846 	EXP 	vid3_q: autoDraw = False
402.5846 	EXP 	l3q: autoDraw = False
402.5846 	EXP 	vid4_q: autoDraw = False
402.5846 	EXP 	vid5_q: autoDraw = False
402.8407 	EXP 	window1: recordFrameIntervals = False
404.3574 	DATA 	Keypress: equal
404.5683 	EXP 	eggPainting1: image = 'stimsday1details/newpainting1.png'
404.5683 	EXP 	eggPainting2: image = 'stimsday1details/painting4.png'
404.5683 	EXP 	character1: image = 'stimsday1details/newperson13.png'
404.5683 	EXP 	character2: image = 'stimsday1details/couple4.png'
404.5683 	EXP 	gift1: image = 'stimsday1details/gift4.png'
404.5683 	EXP 	gift2: image = 'stimsday1details/new13.png'
404.5683 	EXP 	themeQ1: image = 'stimsday1details/ct4.png'
404.5683 	EXP 	themeQ2: image = 'stimsday1details/t4.png'
404.5683 	EXP 	nameQ1: image = 'stimsday1details/n4.png'
404.5683 	EXP 	nameQ2: image = 'stimsday1details/cn4.png'
404.5683 	EXP 	nameQ1: autoDraw = True
404.5683 	EXP 	nameQ2: autoDraw = True
405.1021 	DATA 	Keypress: equal
405.1853 	DATA 	Keypress: 1
406.5724 	EXP 	nameQ1: autoDraw = False
406.5724 	EXP 	nameQ2: autoDraw = False
406.5724 	EXP 	nameQ1: autoDraw = False
406.5724 	EXP 	nameQ2: autoDraw = False
406.5724 	EXP 	eggPainting1: autoDraw = True
406.5724 	EXP 	eggPainting2: autoDraw = True
406.6024 	DATA 	Keypress: equal
407.4194 	DATA 	Keypress: 2
408.1074 	DATA 	Keypress: equal
408.5673 	EXP 	eggPainting1: autoDraw = False
408.5673 	EXP 	eggPainting2: autoDraw = False
408.5673 	EXP 	eggPainting1: autoDraw = False
408.5673 	EXP 	eggPainting2: autoDraw = False
408.5673 	EXP 	character1: autoDraw = True
408.5673 	EXP 	character2: autoDraw = True
409.4191 	DATA 	Keypress: 2
409.6065 	DATA 	Keypress: equal
410.5718 	EXP 	character1: autoDraw = False
410.5718 	EXP 	character2: autoDraw = False
410.5718 	EXP 	character1: autoDraw = False
410.5718 	EXP 	character2: autoDraw = False
410.5718 	EXP 	themeQ1: autoDraw = True
410.5718 	EXP 	themeQ2: autoDraw = True
411.1021 	DATA 	Keypress: equal
411.9407 	DATA 	Keypress: 2
412.5671 	EXP 	themeQ1: autoDraw = False
412.5671 	EXP 	themeQ2: autoDraw = False
412.5671 	EXP 	themeQ1: autoDraw = False
412.5671 	EXP 	themeQ2: autoDraw = False
412.5671 	EXP 	gift1: autoDraw = True
412.5671 	EXP 	gift2: autoDraw = True
412.5895 	DATA 	Keypress: equal
413.3402 	DATA 	Keypress: 1
414.0900 	DATA 	Keypress: equal
414.5671 	EXP 	gift1: autoDraw = False
414.5671 	EXP 	gift2: autoDraw = False
414.5671 	EXP 	gift1: autoDraw = False
414.5671 	EXP 	gift2: autoDraw = False
414.5671 	EXP 	northorsouth1: autoDraw = True
414.5671 	EXP 	northorsouth2: autoDraw = True
415.5902 	DATA 	Keypress: equal
415.6694 	DATA 	Keypress: 1
416.7928 	EXP 	New trial (rep=0, index=3): OrderedDict([('condsFile', 'videoBlock_schemaN_pathA_1.csv')])
416.8057 	EXP 	Imported videoBlock_schemaN_pathA_1.csv as conditions, 1 conditions, 17 params
416.8061 	EXP 	Created sequence: random, trialTypes=1, nReps=1, seed=None
416.8069 	EXP 	New trial (rep=0, index=0): OrderedDict([('northOrSouth', 'north.png'), ('stimFile1a', 'stims/wedding-3.1a.mp4'), ('stimFile1b', 'stims/wedding-3.1b.mp4'), ('stimFile2', 'stims/wedding-3.2a.mp4'), ('stimFile3', 'stims/wedding-3.3a.mp4'), ('stimFile4', 'stims/wedding-3.4a.mp4'), ('stimFile5', 'stims/wedding-3.5.mp4'), ('QeggPainting1', 'stimsday1details/egg3.png'), ('Qcharacter1', 'stimsday1details/couple3.png'), ('Qgift1', 'stimsday1details/new1.png'), ('QeggPainting2', 'stimsday1details/newegg1.png'), ('Qcharacter2', 'stimsday1details/newperson1.png'), ('Qgift2', 'stimsday1details/gift3.png'), ('Qname1', 'stimsday1details/cn3.png'), ('Qtheme1', 'stimsday1details/t3.png'), ('Qname2', 'stimsday1details/n3.png'), ('Qtheme2', 'stimsday1details/ct3.png')])
416.8181 	EXP 	northorsouth1: autoDraw = False
416.8181 	EXP 	northorsouth2: autoDraw = False
416.8181 	EXP 	northorsouth1: autoDraw = False
416.8181 	EXP 	northorsouth2: autoDraw = False
416.8181 	EXP 	image_3: autoDraw = True
417.0873 	DATA 	Keypress: equal
418.5944 	DATA 	Keypress: equal
418.8066 	EXP 	Created sequence: random, trialTypes=1, nReps=1, seed=None
418.8068 	EXP 	New trial (rep=0, index=0): None
419.2306 	EXP 	Created vid1a = MovieStim3(__class__=<class 'psychopy.visual.movie3.MovieStim3'>, autoLog=True, color=UNKNOWN, colorSpace=UNKNOWN, depth=-1.0, filename='stims/wedding-3.1a.mp4', flipHoriz=False, flipVert=False, fps=UNKNOWN, interpolate=True, loop=False, name='vid1a', noAudio=False, opacity=1.0, ori=0, pos=array([0., 0.]), size=array([1280.,  720.]), units='pix', vframe_callback=UNKNOWN, volume=UNKNOWN, win=Window(...))
419.5699 	EXP 	Created vid1b = MovieStim3(__class__=<class 'psychopy.visual.movie3.MovieStim3'>, autoLog=True, color=UNKNOWN, colorSpace=UNKNOWN, depth=-2.0, filename='stims/wedding-3.1b.mp4', flipHoriz=False, flipVert=False, fps=UNKNOWN, interpolate=True, loop=False, name='vid1b', noAudio=False, opacity=1.0, ori=0, pos=array([0., 0.]), size=array([1280.,  720.]), units='pix', vframe_callback=UNKNOWN, volume=UNKNOWN, win=Window(...))
420.0458 	EXP 	Created vid2 = MovieStim3(__class__=<class 'psychopy.visual.movie3.MovieStim3'>, autoLog=True, color=UNKNOWN, colorSpace=UNKNOWN, depth=-3.0, filename='stims/wedding-3.2a.mp4', flipHoriz=False, flipVert=False, fps=UNKNOWN, interpolate=True, loop=False, name='vid2', noAudio=False, opacity=1.0, ori=0, pos=array([0., 0.]), size=array([1280.,  720.]), units='pix', vframe_callback=UNKNOWN, volume=UNKNOWN, win=Window(...))
420.5087 	EXP 	Created vid3 = MovieStim3(__class__=<class 'psychopy.visual.movie3.MovieStim3'>, autoLog=True, color=UNKNOWN, colorSpace=UNKNOWN, depth=-4.0, filename='stims/wedding-3.3a.mp4', flipHoriz=False, flipVert=False, fps=UNKNOWN, interpolate=True, loop=False, name='vid3', noAudio=False, opacity=1.0, ori=0, pos=array([0., 0.]), size=array([1280.,  720.]), units='pix', vframe_callback=UNKNOWN, volume=UNKNOWN, win=Window(...))
420.9808 	EXP 	Created vid4 = MovieStim3(__class__=<class 'psychopy.visual.movie3.MovieStim3'>, autoLog=True, color=UNKNOWN, colorSpace=UNKNOWN, depth=-5.0, filename='stims/wedding-3.4a.mp4', flipHoriz=False, flipVert=False, fps=UNKNOWN, interpolate=True, loop=False, name='vid4', noAudio=False, opacity=1.0, ori=0, pos=array([0., 0.]), size=array([1280.,  720.]), units='pix', vframe_callback=UNKNOWN, volume=UNKNOWN, win=Window(...))
421.3703 	EXP 	Created vid5 = MovieStim3(__class__=<class 'psychopy.visual.movie3.MovieStim3'>, autoLog=True, color=UNKNOWN, colorSpace=UNKNOWN, depth=-6.0, filename='stims/wedding-3.5.mp4', flipHoriz=False, flipVert=False, fps=UNKNOWN, interpolate=True, loop=False, name='vid5', noAudio=False, opacity=1.0, ori=0, pos=array([0., 0.]), size=array([1280.,  720.]), units='pix', vframe_callback=UNKNOWN, volume=UNKNOWN, win=Window(...))
421.4353 	EXP 	window1: recordFrameIntervals = False
421.4387 	DATA 	Keypress: equal
421.4555 	EXP 	image_3: autoDraw = False
421.4555 	EXP 	image_3: autoDraw = False
421.4555 	EXP 	vid1a: movie = 'stims/wedding-3.1a.mp4'
421.4555 	EXP 	vid1a: autoLog = True
421.4555 	EXP 	vid1b: movie = 'stims/wedding-3.1b.mp4'
421.4555 	EXP 	vid1b: autoLog = True
421.4555 	EXP 	vid2: movie = 'stims/wedding-3.2a.mp4'
421.4555 	EXP 	vid2: autoLog = True
421.4555 	EXP 	vid3: movie = 'stims/wedding-3.3a.mp4'
421.4555 	EXP 	vid3: autoLog = True
421.4555 	EXP 	vid4: movie = 'stims/wedding-3.4a.mp4'
421.4555 	EXP 	vid4: autoLog = True
421.4555 	EXP 	vid5: movie = 'stims/wedding-3.5.mp4'
421.4555 	EXP 	vid5: autoLog = True
423.9676 	EXP 	window1: recordFrameIntervals = False
426.2234 	DATA 	Keypress: equal
426.2262 	DATA 	Keypress: equal
426.2282 	DATA 	Keypress: equal
426.2302 	DATA 	Keypress: equal
426.4339 	EXP 	vid1a: movie = 'stims/wedding-3.1a.mp4'
426.4339 	EXP 	vid1b: movie = 'stims/wedding-3.1b.mp4'
426.4339 	EXP 	vid2: movie = 'stims/wedding-3.2a.mp4'
426.4339 	EXP 	vid3: movie = 'stims/wedding-3.3a.mp4'
426.4339 	EXP 	vid4: movie = 'stims/wedding-3.4a.mp4'
426.4339 	EXP 	vid5: movie = 'stims/wedding-3.5.mp4'
426.4502 	EXP 	vid1a: autoDraw = True
427.5908 	DATA 	Keypress: equal
429.0932 	DATA 	Keypress: equal
430.5913 	DATA 	Keypress: equal
432.0904 	DATA 	Keypress: equal
433.6164 	DATA 	Keypress: equal
435.0946 	DATA 	Keypress: equal
436.5867 	DATA 	Keypress: equal
438.0871 	DATA 	Keypress: equal
439.5876 	DATA 	Keypress: equal
440.8225 	EXP 	vid1a: autoDraw = False
440.8358 	EXP 	vid1b: autoDraw = True
441.0880 	DATA 	Keypress: equal
442.5873 	DATA 	Keypress: equal
444.0866 	DATA 	Keypress: equal
445.5941 	DATA 	Keypress: equal
447.0938 	DATA 	Keypress: equal
448.5934 	DATA 	Keypress: equal
449.3379 	EXP 	Set vid1b finished
449.8345 	EXP 	vid2: autoDraw = True
450.1029 	DATA 	Keypress: equal
451.5866 	DATA 	Keypress: equal
453.0871 	DATA 	Keypress: equal
454.6029 	DATA 	Keypress: equal
456.0900 	DATA 	Keypress: equal
457.5899 	DATA 	Keypress: equal
459.0932 	DATA 	Keypress: equal
460.5899 	DATA 	Keypress: equal
462.0918 	DATA 	Keypress: equal
463.5926 	DATA 	Keypress: equal
465.0911 	DATA 	Keypress: equal
466.5907 	DATA 	Keypress: equal
466.8174 	EXP 	vid2: autoDraw = False
466.8345 	EXP 	vid3: autoDraw = True
468.0860 	DATA 	Keypress: equal
469.5863 	DATA 	Keypress: equal
471.0866 	DATA 	Keypress: equal
472.5862 	DATA 	Keypress: equal
474.0863 	DATA 	Keypress: equal
475.5861 	DATA 	Keypress: equal
477.0929 	DATA 	Keypress: equal
478.5922 	DATA 	Keypress: equal
480.0857 	DATA 	Keypress: equal
481.5922 	DATA 	Keypress: equal
483.0903 	DATA 	Keypress: equal
484.5854 	DATA 	Keypress: equal
486.0850 	DATA 	Keypress: equal
487.5854 	DATA 	Keypress: equal
489.0855 	DATA 	Keypress: equal
489.8207 	EXP 	vid3: autoDraw = False
489.8330 	EXP 	vid4: autoDraw = True
490.6015 	DATA 	Keypress: equal
492.0852 	DATA 	Keypress: equal
493.5864 	DATA 	Keypress: equal
495.0856 	DATA 	Keypress: equal
496.5854 	DATA 	Keypress: equal
498.0858 	DATA 	Keypress: equal
499.5858 	DATA 	Keypress: equal
501.0857 	DATA 	Keypress: equal
502.5856 	DATA 	Keypress: equal
504.0857 	DATA 	Keypress: equal
505.5844 	DATA 	Keypress: equal
507.0854 	DATA 	Keypress: equal
508.5850 	DATA 	Keypress: equal
510.0898 	DATA 	Keypress: equal
511.5865 	DATA 	Keypress: equal
513.0006 	EXP 	Set vid4 finished
513.0862 	DATA 	Keypress: equal
513.8336 	EXP 	vid5: autoDraw = True
514.5853 	DATA 	Keypress: equal
516.0848 	DATA 	Keypress: equal
517.5851 	DATA 	Keypress: equal
519.0863 	DATA 	Keypress: equal
520.5858 	DATA 	Keypress: equal
522.0898 	DATA 	Keypress: equal
523.5906 	DATA 	Keypress: equal
525.0844 	DATA 	Keypress: equal
526.1496 	EXP 	Set vid5 finished
526.3187 	EXP 	Created sequence: random, trialTypes=1, nReps=1, seed=None
526.3190 	EXP 	New trial (rep=0, index=0): None
526.7360 	EXP 	Created vid1a_q = MovieStim3(__class__=<class 'psychopy.visual.movie3.MovieStim3'>, autoLog=True, color=UNKNOWN, colorSpace=UNKNOWN, depth=-1.0, filename='stims/wedding-3.1a.mp4', flipHoriz=False, flipVert=False, fps=UNKNOWN, interpolate=True, loop=False, name='vid1a_q', noAudio=False, opacity=1.0, ori=0, pos=array([0., 0.]), size=array([1280.,  720.]), units='pix', vframe_callback=UNKNOWN, volume=UNKNOWN, win=Window(...))
527.0729 	EXP 	Created vid1b_q = MovieStim3(__class__=<class 'psychopy.visual.movie3.MovieStim3'>, autoLog=True, color=UNKNOWN, colorSpace=UNKNOWN, depth=-2.0, filename='stims/wedding-3.1b.mp4', flipHoriz=False, flipVert=False, fps=UNKNOWN, interpolate=True, loop=False, name='vid1b_q', noAudio=False, opacity=1.0, ori=0, pos=array([0., 0.]), size=array([1280.,  720.]), units='pix', vframe_callback=UNKNOWN, volume=UNKNOWN, win=Window(...))
527.5353 	EXP 	Created vid2_q = MovieStim3(__class__=<class 'psychopy.visual.movie3.MovieStim3'>, autoLog=True, color=UNKNOWN, colorSpace=UNKNOWN, depth=-3.0, filename='stims/wedding-3.2a.mp4', flipHoriz=False, flipVert=False, fps=UNKNOWN, interpolate=True, loop=False, name='vid2_q', noAudio=False, opacity=1.0, ori=0, pos=array([0., 0.]), size=array([1280.,  720.]), units='pix', vframe_callback=UNKNOWN, volume=UNKNOWN, win=Window(...))
527.9934 	EXP 	Created vid3_q = MovieStim3(__class__=<class 'psychopy.visual.movie3.MovieStim3'>, autoLog=True, color=UNKNOWN, colorSpace=UNKNOWN, depth=-5.0, filename='stims/wedding-3.3a.mp4', flipHoriz=False, flipVert=False, fps=UNKNOWN, interpolate=True, loop=False, name='vid3_q', noAudio=False, opacity=1.0, ori=0, pos=array([0., 0.]), size=array([1280.,  720.]), units='pix', vframe_callback=UNKNOWN, volume=UNKNOWN, win=Window(...))
528.4555 	EXP 	Created vid4_q = MovieStim3(__class__=<class 'psychopy.visual.movie3.MovieStim3'>, autoLog=True, color=UNKNOWN, colorSpace=UNKNOWN, depth=-7.0, filename='stims/wedding-3.4a.mp4', flipHoriz=False, flipVert=False, fps=UNKNOWN, interpolate=True, loop=False, name='vid4_q', noAudio=False, opacity=1.0, ori=0, pos=array([0., 0.]), size=array([1280.,  720.]), units='pix', vframe_callback=UNKNOWN, volume=UNKNOWN, win=Window(...))
528.8331 	EXP 	Created vid5_q = MovieStim3(__class__=<class 'psychopy.visual.movie3.MovieStim3'>, autoLog=True, color=UNKNOWN, colorSpace=UNKNOWN, depth=-8.0, filename='stims/wedding-3.5.mp4', flipHoriz=False, flipVert=False, fps=UNKNOWN, interpolate=True, loop=False, name='vid5_q', noAudio=False, opacity=1.0, ori=0, pos=array([0., 0.]), size=array([1280.,  720.]), units='pix', vframe_callback=UNKNOWN, volume=UNKNOWN, win=Window(...))
529.1021 	EXP 	window1: recordFrameIntervals = False
529.1052 	DATA 	Keypress: equal
529.1074 	DATA 	Keypress: equal
529.1168 	EXP 	vid1a: autoDraw = False
529.1168 	EXP 	vid1b: autoDraw = False
529.1168 	EXP 	vid2: autoDraw = False
529.1168 	EXP 	vid3: autoDraw = False
529.1168 	EXP 	vid4: autoDraw = False
529.1168 	EXP 	vid5: autoDraw = False
529.1168 	EXP 	vid1a_q: movie = 'stims/wedding-3.1a.mp4'
529.1168 	EXP 	vid1a_q: autoLog = True
529.1168 	EXP 	vid1b_q: movie = 'stims/wedding-3.1b.mp4'
529.1168 	EXP 	vid1b_q: autoLog = True
529.1168 	EXP 	vid2_q: movie = 'stims/wedding-3.2a.mp4'
529.1168 	EXP 	vid2_q: autoLog = True
529.1168 	EXP 	vid3_q: movie = 'stims/wedding-3.3a.mp4'
529.1168 	EXP 	vid3_q: autoLog = True
529.1168 	EXP 	vid4_q: movie = 'stims/wedding-3.4a.mp4'
529.1168 	EXP 	vid4_q: autoLog = True
529.1168 	EXP 	vid5_q: movie = 'stims/wedding-3.5.mp4'
529.1168 	EXP 	vid5_q: autoLog = True
529.1168 	EXP 	vid1a_q: autoDraw = False
529.1168 	EXP 	vid1b_q: autoDraw = False
529.1168 	EXP 	vid2_q: autoDraw = False
529.1168 	EXP 	l2q: autoDraw = False
529.1168 	EXP 	vid3_q: autoDraw = False
529.1168 	EXP 	l3q: autoDraw = False
529.1168 	EXP 	vid4_q: autoDraw = False
529.1168 	EXP 	vid5_q: autoDraw = False
529.2714 	EXP 	window1: recordFrameIntervals = False
530.8888 	DATA 	Keypress: equal
531.0832 	DATA 	Keypress: equal
531.1025 	EXP 	eggPainting1: image = 'stimsday1details/egg3.png'
531.1025 	EXP 	eggPainting2: image = 'stimsday1details/newegg1.png'
531.1025 	EXP 	character1: image = 'stimsday1details/couple3.png'
531.1025 	EXP 	character2: image = 'stimsday1details/newperson1.png'
531.1025 	EXP 	gift1: image = 'stimsday1details/new1.png'
531.1025 	EXP 	gift2: image = 'stimsday1details/gift3.png'
531.1025 	EXP 	themeQ1: image = 'stimsday1details/t3.png'
531.1025 	EXP 	themeQ2: image = 'stimsday1details/ct3.png'
531.1025 	EXP 	nameQ1: image = 'stimsday1details/cn3.png'
531.1025 	EXP 	nameQ2: image = 'stimsday1details/n3.png'
531.1025 	EXP 	nameQ1: autoDraw = True
531.1025 	EXP 	nameQ2: autoDraw = True
532.1519 	DATA 	Keypress: 2
532.5842 	DATA 	Keypress: equal
533.0993 	EXP 	nameQ1: autoDraw = False
533.0993 	EXP 	nameQ2: autoDraw = False
533.0993 	EXP 	nameQ1: autoDraw = False
533.0993 	EXP 	nameQ2: autoDraw = False
533.0993 	EXP 	eggPainting1: autoDraw = True
533.0993 	EXP 	eggPainting2: autoDraw = True
533.9508 	DATA 	Keypress: 1
534.0889 	DATA 	Keypress: equal
535.0991 	EXP 	eggPainting1: autoDraw = False
535.0991 	EXP 	eggPainting2: autoDraw = False
535.0991 	EXP 	eggPainting1: autoDraw = False
535.0991 	EXP 	eggPainting2: autoDraw = False
535.0991 	EXP 	character1: autoDraw = True
535.0991 	EXP 	character2: autoDraw = True
535.5881 	DATA 	Keypress: equal
535.8179 	DATA 	Keypress: 1
537.0888 	DATA 	Keypress: equal
537.0998 	EXP 	character1: autoDraw = False
537.0998 	EXP 	character2: autoDraw = False
537.0998 	EXP 	character1: autoDraw = False
537.0998 	EXP 	character2: autoDraw = False
537.0998 	EXP 	themeQ1: autoDraw = True
537.0998 	EXP 	themeQ2: autoDraw = True
538.0383 	DATA 	Keypress: 1
538.5890 	DATA 	Keypress: equal
539.0990 	EXP 	themeQ1: autoDraw = False
539.0990 	EXP 	themeQ2: autoDraw = False
539.0990 	EXP 	themeQ1: autoDraw = False
539.0990 	EXP 	themeQ2: autoDraw = False
539.0990 	EXP 	gift1: autoDraw = True
539.0990 	EXP 	gift2: autoDraw = True
539.9880 	DATA 	Keypress: 2
540.0883 	DATA 	Keypress: equal
541.0989 	EXP 	gift1: autoDraw = False
541.0989 	EXP 	gift2: autoDraw = False
541.0989 	EXP 	gift1: autoDraw = False
541.0989 	EXP 	gift2: autoDraw = False
541.0989 	EXP 	northorsouth1: autoDraw = True
541.0989 	EXP 	northorsouth2: autoDraw = True
541.5877 	DATA 	Keypress: equal
542.3396 	DATA 	Keypress: 1
543.0892 	DATA 	Keypress: equal
543.3557 	EXP 	New trial (rep=0, index=4): OrderedDict([('condsFile', 'videoBlock_schemaN_pathA_3.csv')])
543.3695 	EXP 	Imported videoBlock_schemaN_pathA_3.csv as conditions, 1 conditions, 17 params
543.3700 	EXP 	Created sequence: random, trialTypes=1, nReps=1, seed=None
543.3707 	EXP 	New trial (rep=0, index=0): OrderedDict([('northOrSouth', 'north.png'), ('stimFile1a', 'stims/wedding-9.1a.mp4'), ('stimFile1b', 'stims/wedding-9.1b.mp4'), ('stimFile2', 'stims/wedding-9.2a.mp4'), ('stimFile3', 'stims/wedding-9.3a.mp4'), ('stimFile4', 'stims/wedding-9.4a.mp4'), ('stimFile5', 'stims/wedding-9.5.mp4'), ('QeggPainting1', 'stimsday1details/newegg3.png'), ('Qcharacter1', 'stimsday1details/newperson3.png'), ('Qgift1', 'stimsday1details/gift9.png'), ('QeggPainting2', 'stimsday1details/egg9.png'), ('Qcharacter2', 'stimsday1details/couple9.png'), ('Qgift2', 'stimsday1details/new3.png'), ('Qname1', 'stimsday1details/n9.png'), ('Qtheme1', 'stimsday1details/t9.png'), ('Qname2', 'stimsday1details/cn9.png'), ('Qtheme2', 'stimsday1details/ct9.png')])
543.3834 	EXP 	northorsouth1: autoDraw = False
543.3834 	EXP 	northorsouth2: autoDraw = False
543.3834 	EXP 	northorsouth1: autoDraw = False
543.3834 	EXP 	northorsouth2: autoDraw = False
543.3834 	EXP 	image_3: autoDraw = True
544.5854 	DATA 	Keypress: equal
545.3707 	EXP 	Created sequence: random, trialTypes=1, nReps=1, seed=None
545.3709 	EXP 	New trial (rep=0, index=0): None
545.7702 	EXP 	Created vid1a = MovieStim3(__class__=<class 'psychopy.visual.movie3.MovieStim3'>, autoLog=True, color=UNKNOWN, colorSpace=UNKNOWN, depth=-1.0, filename='stims/wedding-9.1a.mp4', flipHoriz=False, flipVert=False, fps=UNKNOWN, interpolate=True, loop=False, name='vid1a', noAudio=False, opacity=1.0, ori=0, pos=array([0., 0.]), size=array([1280.,  720.]), units='pix', vframe_callback=UNKNOWN, volume=UNKNOWN, win=Window(...))
546.1569 	EXP 	Created vid1b = MovieStim3(__class__=<class 'psychopy.visual.movie3.MovieStim3'>, autoLog=True, color=UNKNOWN, colorSpace=UNKNOWN, depth=-2.0, filename='stims/wedding-9.1b.mp4', flipHoriz=False, flipVert=False, fps=UNKNOWN, interpolate=True, loop=False, name='vid1b', noAudio=False, opacity=1.0, ori=0, pos=array([0., 0.]), size=array([1280.,  720.]), units='pix', vframe_callback=UNKNOWN, volume=UNKNOWN, win=Window(...))
546.6369 	EXP 	Created vid2 = MovieStim3(__class__=<class 'psychopy.visual.movie3.MovieStim3'>, autoLog=True, color=UNKNOWN, colorSpace=UNKNOWN, depth=-3.0, filename='stims/wedding-9.2a.mp4', flipHoriz=False, flipVert=False, fps=UNKNOWN, interpolate=True, loop=False, name='vid2', noAudio=False, opacity=1.0, ori=0, pos=array([0., 0.]), size=array([1280.,  720.]), units='pix', vframe_callback=UNKNOWN, volume=UNKNOWN, win=Window(...))
547.1013 	EXP 	Created vid3 = MovieStim3(__class__=<class 'psychopy.visual.movie3.MovieStim3'>, autoLog=True, color=UNKNOWN, colorSpace=UNKNOWN, depth=-4.0, filename='stims/wedding-9.3a.mp4', flipHoriz=False, flipVert=False, fps=UNKNOWN, interpolate=True, loop=False, name='vid3', noAudio=False, opacity=1.0, ori=0, pos=array([0., 0.]), size=array([1280.,  720.]), units='pix', vframe_callback=UNKNOWN, volume=UNKNOWN, win=Window(...))
547.6496 	EXP 	Created vid4 = MovieStim3(__class__=<class 'psychopy.visual.movie3.MovieStim3'>, autoLog=True, color=UNKNOWN, colorSpace=UNKNOWN, depth=-5.0, filename='stims/wedding-9.4a.mp4', flipHoriz=False, flipVert=False, fps=UNKNOWN, interpolate=True, loop=False, name='vid4', noAudio=False, opacity=1.0, ori=0, pos=array([0., 0.]), size=array([1280.,  720.]), units='pix', vframe_callback=UNKNOWN, volume=UNKNOWN, win=Window(...))
548.0468 	EXP 	Created vid5 = MovieStim3(__class__=<class 'psychopy.visual.movie3.MovieStim3'>, autoLog=True, color=UNKNOWN, colorSpace=UNKNOWN, depth=-6.0, filename='stims/wedding-9.5.mp4', flipHoriz=False, flipVert=False, fps=UNKNOWN, interpolate=True, loop=False, name='vid5', noAudio=False, opacity=1.0, ori=0, pos=array([0., 0.]), size=array([1280.,  720.]), units='pix', vframe_callback=UNKNOWN, volume=UNKNOWN, win=Window(...))
548.1151 	EXP 	window1: recordFrameIntervals = False
548.1184 	DATA 	Keypress: equal
548.1207 	DATA 	Keypress: equal
548.1324 	EXP 	image_3: autoDraw = False
548.1324 	EXP 	image_3: autoDraw = False
548.1324 	EXP 	vid1a: movie = 'stims/wedding-9.1a.mp4'
548.1324 	EXP 	vid1a: autoLog = True
548.1324 	EXP 	vid1b: movie = 'stims/wedding-9.1b.mp4'
548.1324 	EXP 	vid1b: autoLog = True
548.1324 	EXP 	vid2: movie = 'stims/wedding-9.2a.mp4'
548.1324 	EXP 	vid2: autoLog = True
548.1324 	EXP 	vid3: movie = 'stims/wedding-9.3a.mp4'
548.1324 	EXP 	vid3: autoLog = True
548.1324 	EXP 	vid4: movie = 'stims/wedding-9.4a.mp4'
548.1324 	EXP 	vid4: autoLog = True
548.1324 	EXP 	vid5: movie = 'stims/wedding-9.5.mp4'
548.1324 	EXP 	vid5: autoLog = True
550.7431 	EXP 	window1: recordFrameIntervals = False
552.9022 	DATA 	Keypress: equal
552.9046 	DATA 	Keypress: equal
552.9066 	DATA 	Keypress: equal
553.1156 	EXP 	vid1a: movie = 'stims/wedding-9.1a.mp4'
553.1156 	EXP 	vid1b: movie = 'stims/wedding-9.1b.mp4'
553.1156 	EXP 	vid2: movie = 'stims/wedding-9.2a.mp4'
553.1156 	EXP 	vid3: movie = 'stims/wedding-9.3a.mp4'
553.1156 	EXP 	vid4: movie = 'stims/wedding-9.4a.mp4'
553.1156 	EXP 	vid5: movie = 'stims/wedding-9.5.mp4'
553.1322 	EXP 	vid1a: autoDraw = True
553.5844 	DATA 	Keypress: equal
555.0840 	DATA 	Keypress: equal
556.5843 	DATA 	Keypress: equal
558.0844 	DATA 	Keypress: equal
559.5857 	DATA 	Keypress: equal
561.0821 	DATA 	Keypress: equal
562.5897 	DATA 	Keypress: equal
564.0892 	DATA 	Keypress: equal
565.5897 	DATA 	Keypress: equal
567.0850 	DATA 	Keypress: equal
567.3825 	EXP 	vid1a: autoDraw = False
567.3997 	EXP 	vid1b: autoDraw = True
568.5855 	DATA 	Keypress: equal
570.0843 	DATA 	Keypress: equal
571.5840 	DATA 	Keypress: equal
573.0844 	DATA 	Keypress: equal
574.5843 	DATA 	Keypress: equal
576.0842 	DATA 	Keypress: equal
576.3820 	EXP 	vid1b: autoDraw = False
576.3982 	EXP 	vid2: autoDraw = True
577.5842 	DATA 	Keypress: equal
579.0846 	DATA 	Keypress: equal
580.5846 	DATA 	Keypress: equal
582.1092 	DATA 	Keypress: equal
583.5844 	DATA 	Keypress: equal
585.0843 	DATA 	Keypress: equal
586.5893 	DATA 	Keypress: equal
588.0885 	DATA 	Keypress: equal
589.5853 	DATA 	Keypress: equal
591.0853 	DATA 	Keypress: equal
592.5853 	DATA 	Keypress: equal
593.3828 	EXP 	vid2: autoDraw = False
593.3992 	EXP 	vid3: autoDraw = True
594.0805 	DATA 	Keypress: equal
595.5866 	DATA 	Keypress: equal
597.0866 	DATA 	Keypress: equal
598.5868 	DATA 	Keypress: equal
600.0831 	DATA 	Keypress: equal
601.5873 	DATA 	Keypress: equal
603.0870 	DATA 	Keypress: equal
604.5841 	DATA 	Keypress: equal
606.0888 	DATA 	Keypress: equal
607.5888 	DATA 	Keypress: equal
609.0829 	DATA 	Keypress: equal
610.5839 	DATA 	Keypress: equal
612.0842 	DATA 	Keypress: equal
613.5844 	DATA 	Keypress: equal
615.0844 	DATA 	Keypress: equal
616.3157 	EXP 	Set vid3 finished
616.3987 	EXP 	vid4: autoDraw = True
616.5827 	DATA 	Keypress: equal
618.0846 	DATA 	Keypress: equal
619.5832 	DATA 	Keypress: equal
621.0832 	DATA 	Keypress: equal
622.5876 	DATA 	Keypress: equal
624.0886 	DATA 	Keypress: equal
625.5795 	DATA 	Keypress: equal
627.0931 	DATA 	Keypress: equal
628.5886 	DATA 	Keypress: equal
630.0876 	DATA 	Keypress: equal
631.5834 	DATA 	Keypress: equal
633.0831 	DATA 	Keypress: equal
634.5879 	DATA 	Keypress: equal
636.0880 	DATA 	Keypress: equal
637.5878 	DATA 	Keypress: equal
639.0890 	DATA 	Keypress: equal
640.3871 	EXP 	vid4: autoDraw = False
640.3997 	EXP 	vid5: autoDraw = True
640.5844 	DATA 	Keypress: equal
642.0849 	DATA 	Keypress: equal
643.5848 	DATA 	Keypress: equal
645.0832 	DATA 	Keypress: equal
646.5850 	DATA 	Keypress: equal
648.0835 	DATA 	Keypress: equal
649.5858 	DATA 	Keypress: equal
651.0842 	DATA 	Keypress: equal
652.5854 	DATA 	Keypress: equal
652.9491 	EXP 	Set vid5 finished
653.1647 	EXP 	Created sequence: random, trialTypes=1, nReps=1, seed=None
653.1650 	EXP 	New trial (rep=0, index=0): None
653.5662 	EXP 	Created vid1a_q = MovieStim3(__class__=<class 'psychopy.visual.movie3.MovieStim3'>, autoLog=True, color=UNKNOWN, colorSpace=UNKNOWN, depth=-1.0, filename='stims/wedding-9.1a.mp4', flipHoriz=False, flipVert=False, fps=UNKNOWN, interpolate=True, loop=False, name='vid1a_q', noAudio=False, opacity=1.0, ori=0, pos=array([0., 0.]), size=array([1280.,  720.]), units='pix', vframe_callback=UNKNOWN, volume=UNKNOWN, win=Window(...))
653.9400 	EXP 	Created vid1b_q = MovieStim3(__class__=<class 'psychopy.visual.movie3.MovieStim3'>, autoLog=True, color=UNKNOWN, colorSpace=UNKNOWN, depth=-2.0, filename='stims/wedding-9.1b.mp4', flipHoriz=False, flipVert=False, fps=UNKNOWN, interpolate=True, loop=False, name='vid1b_q', noAudio=False, opacity=1.0, ori=0, pos=array([0., 0.]), size=array([1280.,  720.]), units='pix', vframe_callback=UNKNOWN, volume=UNKNOWN, win=Window(...))
654.4073 	EXP 	Created vid2_q = MovieStim3(__class__=<class 'psychopy.visual.movie3.MovieStim3'>, autoLog=True, color=UNKNOWN, colorSpace=UNKNOWN, depth=-3.0, filename='stims/wedding-9.2a.mp4', flipHoriz=False, flipVert=False, fps=UNKNOWN, interpolate=True, loop=False, name='vid2_q', noAudio=False, opacity=1.0, ori=0, pos=array([0., 0.]), size=array([1280.,  720.]), units='pix', vframe_callback=UNKNOWN, volume=UNKNOWN, win=Window(...))
654.8665 	EXP 	Created vid3_q = MovieStim3(__class__=<class 'psychopy.visual.movie3.MovieStim3'>, autoLog=True, color=UNKNOWN, colorSpace=UNKNOWN, depth=-5.0, filename='stims/wedding-9.3a.mp4', flipHoriz=False, flipVert=False, fps=UNKNOWN, interpolate=True, loop=False, name='vid3_q', noAudio=False, opacity=1.0, ori=0, pos=array([0., 0.]), size=array([1280.,  720.]), units='pix', vframe_callback=UNKNOWN, volume=UNKNOWN, win=Window(...))
655.3947 	EXP 	Created vid4_q = MovieStim3(__class__=<class 'psychopy.visual.movie3.MovieStim3'>, autoLog=True, color=UNKNOWN, colorSpace=UNKNOWN, depth=-7.0, filename='stims/wedding-9.4a.mp4', flipHoriz=False, flipVert=False, fps=UNKNOWN, interpolate=True, loop=False, name='vid4_q', noAudio=False, opacity=1.0, ori=0, pos=array([0., 0.]), size=array([1280.,  720.]), units='pix', vframe_callback=UNKNOWN, volume=UNKNOWN, win=Window(...))
655.7792 	EXP 	Created vid5_q = MovieStim3(__class__=<class 'psychopy.visual.movie3.MovieStim3'>, autoLog=True, color=UNKNOWN, colorSpace=UNKNOWN, depth=-8.0, filename='stims/wedding-9.5.mp4', flipHoriz=False, flipVert=False, fps=UNKNOWN, interpolate=True, loop=False, name='vid5_q', noAudio=False, opacity=1.0, ori=0, pos=array([0., 0.]), size=array([1280.,  720.]), units='pix', vframe_callback=UNKNOWN, volume=UNKNOWN, win=Window(...))
656.0800 	EXP 	window1: recordFrameIntervals = False
656.0832 	DATA 	Keypress: equal
656.0855 	DATA 	Keypress: equal
656.0976 	EXP 	vid1a: autoDraw = False
656.0976 	EXP 	vid1b: autoDraw = False
656.0976 	EXP 	vid2: autoDraw = False
656.0976 	EXP 	vid3: autoDraw = False
656.0976 	EXP 	vid4: autoDraw = False
656.0976 	EXP 	vid5: autoDraw = False
656.0976 	EXP 	vid1a_q: movie = 'stims/wedding-9.1a.mp4'
656.0976 	EXP 	vid1a_q: autoLog = True
656.0976 	EXP 	vid1b_q: movie = 'stims/wedding-9.1b.mp4'
656.0976 	EXP 	vid1b_q: autoLog = True
656.0976 	EXP 	vid2_q: movie = 'stims/wedding-9.2a.mp4'
656.0976 	EXP 	vid2_q: autoLog = True
656.0976 	EXP 	vid3_q: movie = 'stims/wedding-9.3a.mp4'
656.0976 	EXP 	vid3_q: autoLog = True
656.0976 	EXP 	vid4_q: movie = 'stims/wedding-9.4a.mp4'
656.0976 	EXP 	vid4_q: autoLog = True
656.0976 	EXP 	vid5_q: movie = 'stims/wedding-9.5.mp4'
656.0976 	EXP 	vid5_q: autoLog = True
656.0976 	EXP 	vid1a_q: autoDraw = False
656.0976 	EXP 	vid1b_q: autoDraw = False
656.0976 	EXP 	vid2_q: autoDraw = False
656.0976 	EXP 	l2q: autoDraw = False
656.0976 	EXP 	vid3_q: autoDraw = False
656.0976 	EXP 	l3q: autoDraw = False
656.0976 	EXP 	vid4_q: autoDraw = False
656.0976 	EXP 	vid5_q: autoDraw = False
656.2457 	EXP 	window1: recordFrameIntervals = False
657.8668 	DATA 	Keypress: equal
658.0807 	EXP 	eggPainting1: image = 'stimsday1details/newegg3.png'
658.0807 	EXP 	eggPainting2: image = 'stimsday1details/egg9.png'
658.0807 	EXP 	character1: image = 'stimsday1details/newperson3.png'
658.0807 	EXP 	character2: image = 'stimsday1details/couple9.png'
658.0807 	EXP 	gift1: image = 'stimsday1details/gift9.png'
658.0807 	EXP 	gift2: image = 'stimsday1details/new3.png'
658.0807 	EXP 	themeQ1: image = 'stimsday1details/t9.png'
658.0807 	EXP 	themeQ2: image = 'stimsday1details/ct9.png'
658.0807 	EXP 	nameQ1: image = 'stimsday1details/n9.png'
658.0807 	EXP 	nameQ2: image = 'stimsday1details/cn9.png'
658.0807 	EXP 	nameQ1: autoDraw = True
658.0807 	EXP 	nameQ2: autoDraw = True
658.5834 	DATA 	Keypress: equal
658.7657 	DATA 	Keypress: 1
660.0694 	EXP 	nameQ1: autoDraw = False
660.0694 	EXP 	nameQ2: autoDraw = False
660.0694 	EXP 	nameQ1: autoDraw = False
660.0694 	EXP 	nameQ2: autoDraw = False
660.0694 	EXP 	eggPainting1: autoDraw = True
660.0694 	EXP 	eggPainting2: autoDraw = True
660.0871 	DATA 	Keypress: equal
660.8035 	DATA 	Keypress: 2
661.5874 	DATA 	Keypress: equal
662.0695 	EXP 	eggPainting1: autoDraw = False
662.0695 	EXP 	eggPainting2: autoDraw = False
662.0695 	EXP 	eggPainting1: autoDraw = False
662.0695 	EXP 	eggPainting2: autoDraw = False
662.0695 	EXP 	character1: autoDraw = True
662.0695 	EXP 	character2: autoDraw = True
662.9383 	DATA 	Keypress: 2
663.0877 	DATA 	Keypress: equal
664.0683 	EXP 	character1: autoDraw = False
664.0683 	EXP 	character2: autoDraw = False
664.0683 	EXP 	character1: autoDraw = False
664.0683 	EXP 	character2: autoDraw = False
664.0683 	EXP 	themeQ1: autoDraw = True
664.0683 	EXP 	themeQ2: autoDraw = True
664.5834 	DATA 	Keypress: equal
665.4000 	DATA 	Keypress: 1
666.0638 	EXP 	themeQ1: autoDraw = False
666.0638 	EXP 	themeQ2: autoDraw = False
666.0638 	EXP 	themeQ1: autoDraw = False
666.0638 	EXP 	themeQ2: autoDraw = False
666.0638 	EXP 	gift1: autoDraw = True
666.0638 	EXP 	gift2: autoDraw = True
666.0860 	DATA 	Keypress: equal
666.8327 	DATA 	Keypress: 1
667.5832 	DATA 	Keypress: equal
668.0651 	EXP 	gift1: autoDraw = False
668.0651 	EXP 	gift2: autoDraw = False
668.0651 	EXP 	gift1: autoDraw = False
668.0651 	EXP 	gift2: autoDraw = False
668.0651 	EXP 	northorsouth1: autoDraw = True
668.0651 	EXP 	northorsouth2: autoDraw = True
669.0829 	DATA 	Keypress: equal
669.1830 	DATA 	Keypress: 1
670.3491 	EXP 	New trial (rep=0, index=5): OrderedDict([('condsFile', 'videoBlock_schemaN_pathA_2.csv')])
670.3620 	EXP 	Imported videoBlock_schemaN_pathA_2.csv as conditions, 1 conditions, 17 params
670.3626 	EXP 	Created sequence: random, trialTypes=1, nReps=1, seed=None
670.3633 	EXP 	New trial (rep=0, index=0): OrderedDict([('northOrSouth', 'north.png'), ('stimFile1a', 'stims/wedding-5.1a.mp4'), ('stimFile1b', 'stims/wedding-5.1b.mp4'), ('stimFile2', 'stims/wedding-5.2a.mp4'), ('stimFile3', 'stims/wedding-5.3a.mp4'), ('stimFile4', 'stims/wedding-5.4a.mp4'), ('stimFile5', 'stims/wedding-5.5.mp4'), ('QeggPainting1', 'stimsday1details/newegg2.png'), ('Qcharacter1', 'stimsday1details/couple5.png'), ('Qgift1', 'stimsday1details/gift5.png'), ('QeggPainting2', 'stimsday1details/egg5.png'), ('Qcharacter2', 'stimsday1details/newperson2.png'), ('Qgift2', 'stimsday1details/new2.png'), ('Qname1', 'stimsday1details/cn5.png'), ('Qtheme1', 'stimsday1details/ct5.png'), ('Qname2', 'stimsday1details/n5.png'), ('Qtheme2', 'stimsday1details/t5.png')])
670.3817 	EXP 	northorsouth1: autoDraw = False
670.3817 	EXP 	northorsouth2: autoDraw = False
670.3817 	EXP 	northorsouth1: autoDraw = False
670.3817 	EXP 	northorsouth2: autoDraw = False
670.3817 	EXP 	image_3: autoDraw = True
670.5834 	DATA 	Keypress: equal
672.0834 	DATA 	Keypress: equal
672.3664 	EXP 	Created sequence: random, trialTypes=1, nReps=1, seed=None
672.3667 	EXP 	New trial (rep=0, index=0): None
672.7776 	EXP 	Created vid1a = MovieStim3(__class__=<class 'psychopy.visual.movie3.MovieStim3'>, autoLog=True, color=UNKNOWN, colorSpace=UNKNOWN, depth=-1.0, filename='stims/wedding-5.1a.mp4', flipHoriz=False, flipVert=False, fps=UNKNOWN, interpolate=True, loop=False, name='vid1a', noAudio=False, opacity=1.0, ori=0, pos=array([0., 0.]), size=array([1280.,  720.]), units='pix', vframe_callback=UNKNOWN, volume=UNKNOWN, win=Window(...))
673.1558 	EXP 	Created vid1b = MovieStim3(__class__=<class 'psychopy.visual.movie3.MovieStim3'>, autoLog=True, color=UNKNOWN, colorSpace=UNKNOWN, depth=-2.0, filename='stims/wedding-5.1b.mp4', flipHoriz=False, flipVert=False, fps=UNKNOWN, interpolate=True, loop=False, name='vid1b', noAudio=False, opacity=1.0, ori=0, pos=array([0., 0.]), size=array([1280.,  720.]), units='pix', vframe_callback=UNKNOWN, volume=UNKNOWN, win=Window(...))
673.6157 	EXP 	Created vid2 = MovieStim3(__class__=<class 'psychopy.visual.movie3.MovieStim3'>, autoLog=True, color=UNKNOWN, colorSpace=UNKNOWN, depth=-3.0, filename='stims/wedding-5.2a.mp4', flipHoriz=False, flipVert=False, fps=UNKNOWN, interpolate=True, loop=False, name='vid2', noAudio=False, opacity=1.0, ori=0, pos=array([0., 0.]), size=array([1280.,  720.]), units='pix', vframe_callback=UNKNOWN, volume=UNKNOWN, win=Window(...))
674.0835 	EXP 	Created vid3 = MovieStim3(__class__=<class 'psychopy.visual.movie3.MovieStim3'>, autoLog=True, color=UNKNOWN, colorSpace=UNKNOWN, depth=-4.0, filename='stims/wedding-5.3a.mp4', flipHoriz=False, flipVert=False, fps=UNKNOWN, interpolate=True, loop=False, name='vid3', noAudio=False, opacity=1.0, ori=0, pos=array([0., 0.]), size=array([1280.,  720.]), units='pix', vframe_callback=UNKNOWN, volume=UNKNOWN, win=Window(...))
674.6296 	EXP 	Created vid4 = MovieStim3(__class__=<class 'psychopy.visual.movie3.MovieStim3'>, autoLog=True, color=UNKNOWN, colorSpace=UNKNOWN, depth=-5.0, filename='stims/wedding-5.4a.mp4', flipHoriz=False, flipVert=False, fps=UNKNOWN, interpolate=True, loop=False, name='vid4', noAudio=False, opacity=1.0, ori=0, pos=array([0., 0.]), size=array([1280.,  720.]), units='pix', vframe_callback=UNKNOWN, volume=UNKNOWN, win=Window(...))
675.0335 	EXP 	Created vid5 = MovieStim3(__class__=<class 'psychopy.visual.movie3.MovieStim3'>, autoLog=True, color=UNKNOWN, colorSpace=UNKNOWN, depth=-6.0, filename='stims/wedding-5.5.mp4', flipHoriz=False, flipVert=False, fps=UNKNOWN, interpolate=True, loop=False, name='vid5', noAudio=False, opacity=1.0, ori=0, pos=array([0., 0.]), size=array([1280.,  720.]), units='pix', vframe_callback=UNKNOWN, volume=UNKNOWN, win=Window(...))
675.3320 	EXP 	Created sequence: random, trialTypes=1, nReps=1, seed=None
675.3324 	EXP 	New trial (rep=0, index=0): None
675.7331 	EXP 	Created vid1a_q = MovieStim3(__class__=<class 'psychopy.visual.movie3.MovieStim3'>, autoLog=True, color=UNKNOWN, colorSpace=UNKNOWN, depth=-1.0, filename='stims/wedding-5.1a.mp4', flipHoriz=False, flipVert=False, fps=UNKNOWN, interpolate=True, loop=False, name='vid1a_q', noAudio=False, opacity=1.0, ori=0, pos=array([0., 0.]), size=array([1280.,  720.]), units='pix', vframe_callback=UNKNOWN, volume=UNKNOWN, win=Window(...))
676.1038 	EXP 	Created vid1b_q = MovieStim3(__class__=<class 'psychopy.visual.movie3.MovieStim3'>, autoLog=True, color=UNKNOWN, colorSpace=UNKNOWN, depth=-2.0, filename='stims/wedding-5.1b.mp4', flipHoriz=False, flipVert=False, fps=UNKNOWN, interpolate=True, loop=False, name='vid1b_q', noAudio=False, opacity=1.0, ori=0, pos=array([0., 0.]), size=array([1280.,  720.]), units='pix', vframe_callback=UNKNOWN, volume=UNKNOWN, win=Window(...))
676.5455 	EXP 	Created vid2_q = MovieStim3(__class__=<class 'psychopy.visual.movie3.MovieStim3'>, autoLog=True, color=UNKNOWN, colorSpace=UNKNOWN, depth=-3.0, filename='stims/wedding-5.2a.mp4', flipHoriz=False, flipVert=False, fps=UNKNOWN, interpolate=True, loop=False, name='vid2_q', noAudio=False, opacity=1.0, ori=0, pos=array([0., 0.]), size=array([1280.,  720.]), units='pix', vframe_callback=UNKNOWN, volume=UNKNOWN, win=Window(...))
677.0037 	EXP 	Created vid3_q = MovieStim3(__class__=<class 'psychopy.visual.movie3.MovieStim3'>, autoLog=True, color=UNKNOWN, colorSpace=UNKNOWN, depth=-5.0, filename='stims/wedding-5.3a.mp4', flipHoriz=False, flipVert=False, fps=UNKNOWN, interpolate=True, loop=False, name='vid3_q', noAudio=False, opacity=1.0, ori=0, pos=array([0., 0.]), size=array([1280.,  720.]), units='pix', vframe_callback=UNKNOWN, volume=UNKNOWN, win=Window(...))
677.5344 	EXP 	Created vid4_q = MovieStim3(__class__=<class 'psychopy.visual.movie3.MovieStim3'>, autoLog=True, color=UNKNOWN, colorSpace=UNKNOWN, depth=-7.0, filename='stims/wedding-5.4a.mp4', flipHoriz=False, flipVert=False, fps=UNKNOWN, interpolate=True, loop=False, name='vid4_q', noAudio=False, opacity=1.0, ori=0, pos=array([0., 0.]), size=array([1280.,  720.]), units='pix', vframe_callback=UNKNOWN, volume=UNKNOWN, win=Window(...))
677.9273 	EXP 	Created vid5_q = MovieStim3(__class__=<class 'psychopy.visual.movie3.MovieStim3'>, autoLog=True, color=UNKNOWN, colorSpace=UNKNOWN, depth=-8.0, filename='stims/wedding-5.5.mp4', flipHoriz=False, flipVert=False, fps=UNKNOWN, interpolate=True, loop=False, name='vid5_q', noAudio=False, opacity=1.0, ori=0, pos=array([0., 0.]), size=array([1280.,  720.]), units='pix', vframe_callback=UNKNOWN, volume=UNKNOWN, win=Window(...))
678.0385 	EXP 	window1: recordFrameIntervals = False
678.0423 	DATA 	Keypress: equal
678.0449 	DATA 	Keypress: equal
678.0474 	DATA 	Keypress: equal
678.0645 	EXP 	image_3: autoDraw = False
678.0645 	EXP 	image_3: autoDraw = False
678.0645 	EXP 	vid1a: movie = 'stims/wedding-5.1a.mp4'
678.0645 	EXP 	vid1a: autoLog = True
678.0645 	EXP 	vid1b: movie = 'stims/wedding-5.1b.mp4'
678.0645 	EXP 	vid1b: autoLog = True
678.0645 	EXP 	vid2: movie = 'stims/wedding-5.2a.mp4'
678.0645 	EXP 	vid2: autoLog = True
678.0645 	EXP 	vid3: movie = 'stims/wedding-5.3a.mp4'
678.0645 	EXP 	vid3: autoLog = True
678.0645 	EXP 	vid4: movie = 'stims/wedding-5.4a.mp4'
678.0645 	EXP 	vid4: autoLog = True
678.0645 	EXP 	vid5: movie = 'stims/wedding-5.5.mp4'
678.0645 	EXP 	vid5: autoLog = True
678.0645 	EXP 	vid1a: autoDraw = False
678.0645 	EXP 	vid1b: autoDraw = False
678.0645 	EXP 	vid2: autoDraw = False
678.0645 	EXP 	vid3: autoDraw = False
678.0645 	EXP 	vid4: autoDraw = False
678.0645 	EXP 	vid5: autoDraw = False
678.0645 	EXP 	vid1a_q: movie = 'stims/wedding-5.1a.mp4'
678.0645 	EXP 	vid1a_q: autoLog = True
678.0645 	EXP 	vid1b_q: movie = 'stims/wedding-5.1b.mp4'
678.0645 	EXP 	vid1b_q: autoLog = True
678.0645 	EXP 	vid2_q: movie = 'stims/wedding-5.2a.mp4'
678.0645 	EXP 	vid2_q: autoLog = True
678.0645 	EXP 	vid3_q: movie = 'stims/wedding-5.3a.mp4'
678.0645 	EXP 	vid3_q: autoLog = True
678.0645 	EXP 	vid4_q: movie = 'stims/wedding-5.4a.mp4'
678.0645 	EXP 	vid4_q: autoLog = True
678.0645 	EXP 	vid5_q: movie = 'stims/wedding-5.5.mp4'
678.0645 	EXP 	vid5_q: autoLog = True
680.6770 	EXP 	window1: recordFrameIntervals = False
682.8269 	DATA 	Keypress: equal
682.8346 	DATA 	Keypress: equal
682.8368 	DATA 	Keypress: equal
682.8390 	DATA 	Keypress: equal
683.0317 	EXP 	vid1a_q: movie = 'stims/wedding-5.1a.mp4'
683.0317 	EXP 	vid1b_q: movie = 'stims/wedding-5.1b.mp4'
683.0317 	EXP 	vid2_q: movie = 'stims/wedding-5.2a.mp4'
683.0317 	EXP 	vid3_q: movie = 'stims/wedding-5.3a.mp4'
683.0317 	EXP 	vid4_q: movie = 'stims/wedding-5.4a.mp4'
683.0317 	EXP 	vid5_q: movie = 'stims/wedding-5.5.mp4'
683.0474 	EXP 	vid1a_q: autoDraw = True
684.0825 	DATA 	Keypress: equal
685.5822 	DATA 	Keypress: equal
687.0826 	DATA 	Keypress: equal
688.5825 	DATA 	Keypress: equal
690.0823 	DATA 	Keypress: equal
691.5823 	DATA 	Keypress: equal
693.0825 	DATA 	Keypress: equal
694.5824 	DATA 	Keypress: equal
696.0829 	DATA 	Keypress: equal
697.3512 	EXP 	vid1a_q: autoDraw = False
697.3644 	EXP 	vid1b_q: autoDraw = True
697.5823 	DATA 	Keypress: equal
699.0828 	DATA 	Keypress: equal
700.5825 	DATA 	Keypress: equal
702.0767 	DATA 	Keypress: equal
703.5825 	DATA 	Keypress: equal
705.1074 	DATA 	Keypress: equal
706.3467 	EXP 	vid1b_q: autoDraw = False
706.3634 	EXP 	vid2_q: autoDraw = True
706.5833 	DATA 	Keypress: equal
708.0784 	DATA 	Keypress: equal
709.5831 	DATA 	Keypress: equal
711.0828 	DATA 	Keypress: equal
712.5831 	DATA 	Keypress: equal
714.0831 	DATA 	Keypress: equal
715.5771 	DATA 	Keypress: equal
717.0871 	DATA 	Keypress: equal
718.5821 	DATA 	Keypress: equal
720.0829 	DATA 	Keypress: equal
721.5825 	DATA 	Keypress: equal
723.0823 	DATA 	Keypress: equal
723.3465 	EXP 	vid2_q: autoDraw = False
723.3673 	EXP 	l2q: autoDraw = True
724.5860 	DATA 	Keypress: equal
725.4490 	DATA 	Keypress: 1
726.0816 	DATA 	Keypress: equal
727.3474 	EXP 	l2q: autoDraw = False
727.3645 	EXP 	vid3_q: autoDraw = True
727.5847 	DATA 	Keypress: equal
729.0799 	DATA 	Keypress: equal
730.5805 	DATA 	Keypress: equal
732.0780 	DATA 	Keypress: equal
733.5846 	DATA 	Keypress: equal
735.0880 	DATA 	Keypress: equal
736.5828 	DATA 	Keypress: equal
738.0832 	DATA 	Keypress: equal
739.5829 	DATA 	Keypress: equal
741.0843 	DATA 	Keypress: equal
742.5831 	DATA 	Keypress: equal
744.0889 	DATA 	Keypress: equal
745.5829 	DATA 	Keypress: equal
747.0887 	DATA 	Keypress: equal
748.5829 	DATA 	Keypress: equal
750.0830 	DATA 	Keypress: equal
750.3511 	EXP 	vid3_q: autoDraw = False
750.3629 	EXP 	l3q: autoDraw = True
751.5829 	DATA 	Keypress: equal
751.9656 	DATA 	Keypress: 1
753.0873 	DATA 	Keypress: equal
754.3463 	EXP 	l3q: autoDraw = False
754.3463 	EXP 	vid4_q: autoDraw = True
754.5831 	DATA 	Keypress: equal
756.0830 	DATA 	Keypress: equal
757.5837 	DATA 	Keypress: equal
759.0828 	DATA 	Keypress: equal
760.5837 	DATA 	Keypress: equal
762.0839 	DATA 	Keypress: equal
763.5840 	DATA 	Keypress: equal
765.0786 	DATA 	Keypress: equal
766.5839 	DATA 	Keypress: equal
768.0796 	DATA 	Keypress: equal
769.5828 	DATA 	Keypress: equal
771.0831 	DATA 	Keypress: equal
772.5921 	DATA 	Keypress: equal
774.0791 	DATA 	Keypress: equal
775.5775 	DATA 	Keypress: equal
777.0836 	DATA 	Keypress: equal
778.3468 	EXP 	vid4_q: autoDraw = False
778.3635 	EXP 	vid5_q: autoDraw = True
778.5827 	DATA 	Keypress: equal
780.0764 	DATA 	Keypress: equal
781.5833 	DATA 	Keypress: equal
783.0834 	DATA 	Keypress: equal
784.5777 	DATA 	Keypress: equal
786.0876 	DATA 	Keypress: equal
787.5829 	DATA 	Keypress: equal
789.0834 	DATA 	Keypress: equal
790.5836 	DATA 	Keypress: equal
791.3130 	EXP 	Set vid5_q finished
791.6155 	EXP 	window1: recordFrameIntervals = False
791.6304 	EXP 	vid1a_q: autoDraw = False
791.6304 	EXP 	vid1b_q: autoDraw = False
791.6304 	EXP 	vid2_q: autoDraw = False
791.6304 	EXP 	l2q: autoDraw = False
791.6304 	EXP 	vid3_q: autoDraw = False
791.6304 	EXP 	l3q: autoDraw = False
791.6304 	EXP 	vid4_q: autoDraw = False
791.6304 	EXP 	vid5_q: autoDraw = False
791.8154 	EXP 	window1: recordFrameIntervals = False
793.4024 	DATA 	Keypress: equal
793.5733 	DATA 	Keypress: equal
793.6155 	EXP 	eggPainting1: image = 'stimsday1details/newegg2.png'
793.6155 	EXP 	eggPainting2: image = 'stimsday1details/egg5.png'
793.6155 	EXP 	character1: image = 'stimsday1details/couple5.png'
793.6155 	EXP 	character2: image = 'stimsday1details/newperson2.png'
793.6155 	EXP 	gift1: image = 'stimsday1details/gift5.png'
793.6155 	EXP 	gift2: image = 'stimsday1details/new2.png'
793.6155 	EXP 	themeQ1: image = 'stimsday1details/ct5.png'
793.6155 	EXP 	themeQ2: image = 'stimsday1details/t5.png'
793.6155 	EXP 	nameQ1: image = 'stimsday1details/cn5.png'
793.6155 	EXP 	nameQ2: image = 'stimsday1details/n5.png'
793.6155 	EXP 	nameQ1: autoDraw = True
793.6155 	EXP 	nameQ2: autoDraw = True
794.4817 	DATA 	Keypress: 2
795.0824 	DATA 	Keypress: equal
795.6121 	EXP 	nameQ1: autoDraw = False
795.6121 	EXP 	nameQ2: autoDraw = False
795.6121 	EXP 	nameQ1: autoDraw = False
795.6121 	EXP 	nameQ2: autoDraw = False
795.6121 	EXP 	eggPainting1: autoDraw = True
795.6121 	EXP 	eggPainting2: autoDraw = True
796.2822 	DATA 	Keypress: 2
796.5827 	DATA 	Keypress: equal
797.6120 	EXP 	eggPainting1: autoDraw = False
797.6120 	EXP 	eggPainting2: autoDraw = False
797.6120 	EXP 	eggPainting1: autoDraw = False
797.6120 	EXP 	eggPainting2: autoDraw = False
797.6120 	EXP 	character1: autoDraw = True
797.6120 	EXP 	character2: autoDraw = True
798.0872 	DATA 	Keypress: equal
798.3825 	DATA 	Keypress: 1
799.5862 	DATA 	Keypress: equal
799.6121 	EXP 	character1: autoDraw = False
799.6121 	EXP 	character2: autoDraw = False
799.6121 	EXP 	character1: autoDraw = False
799.6121 	EXP 	character2: autoDraw = False
799.6121 	EXP 	themeQ1: autoDraw = True
799.6121 	EXP 	themeQ2: autoDraw = True
800.9869 	DATA 	Keypress: 2
801.0868 	DATA 	Keypress: equal
801.6121 	EXP 	themeQ1: autoDraw = False
801.6121 	EXP 	themeQ2: autoDraw = False
801.6121 	EXP 	themeQ1: autoDraw = False
801.6121 	EXP 	themeQ2: autoDraw = False
801.6121 	EXP 	gift1: autoDraw = True
801.6121 	EXP 	gift2: autoDraw = True
802.4866 	DATA 	Keypress: 1
802.5868 	DATA 	Keypress: equal
803.6133 	EXP 	gift1: autoDraw = False
803.6133 	EXP 	gift2: autoDraw = False
803.6133 	EXP 	gift1: autoDraw = False
803.6133 	EXP 	gift2: autoDraw = False
803.6133 	EXP 	northorsouth1: autoDraw = True
803.6133 	EXP 	northorsouth2: autoDraw = True
804.0877 	DATA 	Keypress: equal
804.4366 	DATA 	Keypress: 1
805.5857 	DATA 	Keypress: equal
806.0969 	EXP 	northorsouth1: autoDraw = False
806.0969 	EXP 	northorsouth2: autoDraw = False
806.0969 	EXP 	northorsouth1: autoDraw = False
806.0969 	EXP 	northorsouth2: autoDraw = False
806.4028 	EXP 	window1: mouseVisible = True
